==== RUN-DOCKER
+++ dirname -- ./worker/run.sh
++ cd -- ./worker
++ pwd
+ twcrdir=/twcr/worker/..
+ repo=github.com/Peacexoom/AnimeHub
+ reporef=main
+ repopath=./FrontEnd
+ '[' true == true ']'
+ grep -q '^././'
++ echo github.com/Peacexoom/AnimeHub
++ sha256sum
++ awk '{ print $1 }'
++ cut -c1-12
+ procdir=/tmp/twcr-f0aff39a0ea4
++ echo 'github.com/Peacexoom/AnimeHub;main;./FrontEnd'
++ sha256sum
++ awk '{ print $1 }'
++ cut -c1-12
+ datadir=/twcr/worker/../mnt/dataset/data/e6a085e1ebc7
+ '[' '!' -z /twcr/mnt/results ']'
+ datadir=/twcr/mnt/results
+ touch /twcr/mnt/results/extract-failed
++ base64
++ tr -d =
++ tr /+ _-
++ base64
++ tr -d =
++ tr /+ _-
+ writetaskstat analysis_key github.com/Peacexoom/AnimeHub/bWFpbgo/Li9Gcm9udEVuZAo
+ jq -nc --arg key analysis_key --arg value github.com/Peacexoom/AnimeHub/bWFpbgo/Li9Gcm9udEVuZAo '{ key: $key, value: $value }'
++ date -u +%Y%m%d%H%M%S
++ sha256sum
++ awk '{ print $1 }'
++ cut -c1-16
++ head -c 32 /dev/urandom
+ writetaskstat analysis_nonce b1e486636cf20ed5
+ jq -nc --arg key analysis_nonce --arg value b1e486636cf20ed5 '{ key: $key, value: $value }'
+ writetaskstat input_repo_name github.com/Peacexoom/AnimeHub
+ jq -nc --arg key input_repo_name --arg value github.com/Peacexoom/AnimeHub '{ key: $key, value: $value }'
+ writetaskstat input_repo_ref main
+ jq -nc --arg key input_repo_ref --arg value main '{ key: $key, value: $value }'
+ writetaskstat input_repo_path ./FrontEnd
+ jq -nc --arg key input_repo_path --arg value ./FrontEnd '{ key: $key, value: $value }'
++ date -u +%Y-%m-%dT%H:%M:%SZ
+ writetaskstat timestamp_begin 2024-03-05T05:13:45Z
+ jq -nc --arg key timestamp_begin --arg value 2024-03-05T05:13:45Z '{ key: $key, value: $value }'
+ mkdir -p /tmp/twcr-f0aff39a0ea4
/tmp/twcr-f0aff39a0ea4 /twcr
+ pushd /tmp/twcr-f0aff39a0ea4
+ '[' -d .git ']'
+ git clone --depth=1 -b main https://github.com/Peacexoom/AnimeHub.git .
Cloning into '.'...
++ date -u +%Y-%m-%dT%H:%M:%SZ
+ writetaskstat timestamp_git_clone_complete 2024-03-05T05:13:47Z
+ jq -nc --arg key timestamp_git_clone_complete --arg value 2024-03-05T05:13:47Z '{ key: $key, value: $value }'
++ git rev-parse HEAD
+ writetaskstat exec_repo_commit_sha 8ea93a222b2471194f98a10158ec262bf6f09bca
+ jq -nc --arg key exec_repo_commit_sha --arg value 8ea93a222b2471194f98a10158ec262bf6f09bca '{ key: $key, value: $value }'
+++ git show --no-patch --format=%ci
++ date -u --date '2023-10-27 16:53:03 +0530' +%Y-%m-%dT%H:%M:%SZ
+ writetaskstat exec_repo_commit_date 2023-10-27T11:23:03Z
+ jq -nc --arg key exec_repo_commit_date --arg value 2023-10-27T11:23:03Z '{ key: $key, value: $value }'
/tmp/twcr-f0aff39a0ea4/FrontEnd /tmp/twcr-f0aff39a0ea4 /twcr
+ '[' -z ./FrontEnd ']'
+ pushd ./FrontEnd
+ tailwind_config_file_name=
+ '[' -f tailwind.config.js ']'
+ '[' -f tailwind.config.cjs ']'
+ tailwind_config_file_name=tailwind.config.cjs
+ writetaskstat exec_tailwind_config_file tailwind.config.cjs
+ jq -nc --arg key exec_tailwind_config_file --arg value tailwind.config.cjs '{ key: $key, value: $value }'
+ cp tailwind.config.cjs /twcr/mnt/results/extract-raw-tailwind-config.js
+ '[' '!' -f package.json ']'
+ cp package.json /twcr/mnt/results/extract-raw-package.json
++ /twcr/worker/../worker/pm-detect.sh /tmp/twcr-f0aff39a0ea4/FrontEnd
+ package_manager_name=
+ '[' -z '' ']'
+ '[' ./FrontEnd '!=' ./ ']'
++ /twcr/worker/../worker/pm-detect.sh /tmp/twcr-f0aff39a0ea4
grep: /tmp/twcr-f0aff39a0ea4/package.json: No such file or directory
grep: /tmp/twcr-f0aff39a0ea4/package.json: No such file or directory
grep: /tmp/twcr-f0aff39a0ea4/package.json: No such file or directory
/twcr/worker/../worker/pm-detect.sh: line 17: /tmp/twcr-f0aff39a0ea4/package.json: No such file or directory
+ package_manager_name=
+ '[' -z '' ']'
+ package_manager_name=npm
+ writetaskstat exec_node_package_manager npm
+ jq -nc --arg key exec_node_package_manager --arg value npm '{ key: $key, value: $value }'
+ attempt_mode=squash
+ true
++ date -u +%Y-%m-%dT%H:%M:%SZ
+ writetaskstat timestamp_attempt_squash_begin 2024-03-05T05:13:47Z
+ jq -nc --arg key timestamp_attempt_squash_begin --arg value 2024-03-05T05:13:47Z '{ key: $key, value: $value }'
+ [[ squash == \s\q\u\a\s\h ]]
+ set +e
+ node /twcr/worker/../worker/squash-package.mjs tailwind.config.cjs
+ exitcode=0
+ set -e
+ [[ 0 != \0 ]]
+ cat package.json
+ sed 's/^/>>> /'
>>> {
>>>   "name": "moviesapp",
>>>   "private": true,
>>>   "version": "0.0.0",
>>>   "type": "module",
>>>   "dependencies": {
>>>     "tailwind-scrollbar": "^2.1.0"
>>>   },
>>>   "devDependencies": {
>>>     "tailwindcss": "^3.2.7"
>>>   }
>>> }+ rm -f package-lock.json pnpm-lock.yaml yarn.lock
+ '[' ./FrontEnd '!=' ./ ']'
+ rm -f /tmp/twcr-f0aff39a0ea4/package.json /tmp/twcr-f0aff39a0ea4/package-lock.json /tmp/twcr-f0aff39a0ea4/pnpm-lock.yaml /tmp/twcr-f0aff39a0ea4/yarn.lock
+ set +e
+ /twcr/worker/../worker/pm-install.sh npm /tmp/twcr-f0aff39a0ea4 /twcr/mnt/results
+ package_manager_name=npm
+ procdir=/tmp/twcr-f0aff39a0ea4
+ datadir=/twcr/mnt/results
+ case "${package_manager_name}" in
++ '[' -f package-lock.json ']'
++ echo install
+ npm install --ignore-engines

added 113 packages, and audited 114 packages in 5s

28 packages are looking for funding
  run `npm fund` for details

found 0 vulnerabilities
npm notice 
npm notice New minor version of npm available! 10.2.4 -> 10.5.0
npm notice Changelog: <https://github.com/npm/cli/releases/tag/v10.5.0>
npm notice Run `npm install -g npm@10.5.0` to update!
npm notice 
+ npm query '*'
+ jq -cr '
        map({ name: .name, version: .version })
        | map(select(.name))
        | sort_by(.name)[]
      '
+ exitcode=0
+ set -e
+ [[ 0 != \0 ]]
++ jq -sr 'map(select(.name == "tailwindcss")) | first | .version'
+ tailwind_package_version=3.4.1
+ tailwind_config_exporter=tailwind.config.exporter2.cjs
+ '[' -f node_modules/tailwindcss/lib/lib/load-config.js ']'
+ tailwind_config_exporter=tailwind.config.exporter3.mjs
+ cp /twcr/worker/../worker/tailwind.config.exporter3.mjs ./
+ set +e
+ node ./tailwind.config.exporter3.mjs tailwind.config.cjs
+ exitcode=0
+ set -e
+ [[ 0 != \0 ]]
+ echo 'module.exports={plugins:['
+ jq -rs '
        map(select(.name | startswith("@tailwindcss/")))
        | map("require(" + ( .name | tojson ) + "),")[]
      '
+ grep -Ev '"@tailwindcss/postcss7-compat"'
+ true
+ echo ']}'
+ cat tailwind.config.cjs
+ sed 's/^/>>> /'
>>> module.exports={plugins:[
>>> ]}
+ node ./tailwind.config.exporter3.mjs tailwind.config.cjs
++ date -u +%Y-%m-%dT%H:%M:%SZ
+ writetaskstat timestamp_attempt_squash_end 2024-03-05T05:13:53Z
+ jq -nc --arg key timestamp_attempt_squash_end --arg value 2024-03-05T05:13:53Z '{ key: $key, value: $value }'
+ break
++ date -u +%Y-%m-%dT%H:%M:%SZ
+ writetaskstat timestamp_end 2024-03-05T05:13:53Z
+ jq -nc --arg key timestamp_end --arg value 2024-03-05T05:13:53Z '{ key: $key, value: $value }'
+ rm /twcr/mnt/results/extract-failed
+ touch /twcr/mnt/results/extract-completed
