==== RUN-DOCKER
+++ dirname -- ./worker/run.sh
++ cd -- ./worker
++ pwd
+ twcrdir=/twcr/worker/..
+ repo=github.com/salvia-kit/next-dashboards
+ reporef=main
+ repopath=./dashboard-v8
+ '[' true == true ']'
+ grep -q '^././'
++ echo github.com/salvia-kit/next-dashboards
++ awk '{ print $1 }'
++ sha256sum
++ cut -c1-12
+ procdir=/tmp/twcr-1a8f36f68479
++ echo 'github.com/salvia-kit/next-dashboards;main;./dashboard-v8'
++ sha256sum
++ awk '{ print $1 }'
++ cut -c1-12
+ datadir=/twcr/worker/../mnt/dataset/data/88867938a849
+ '[' '!' -z /twcr/mnt/results ']'
+ datadir=/twcr/mnt/results
+ touch /twcr/mnt/results/extract-failed
++ base64
++ tr -d =
++ tr /+ _-
++ base64
++ tr -d =
++ tr /+ _-
+ writetaskstat analysis_key github.com/salvia-kit/next-dashboards/bWFpbgo/Li9kYXNoYm9hcmQtdjgK
+ jq -nc --arg key analysis_key --arg value github.com/salvia-kit/next-dashboards/bWFpbgo/Li9kYXNoYm9hcmQtdjgK '{ key: $key, value: $value }'
++ date -u +%Y%m%d%H%M%S
++ sha256sum
++ awk '{ print $1 }'
++ cut -c1-16
++ head -c 32 /dev/urandom
+ writetaskstat analysis_nonce 81d79eeb3092f9c7
+ jq -nc --arg key analysis_nonce --arg value 81d79eeb3092f9c7 '{ key: $key, value: $value }'
+ writetaskstat input_repo_name github.com/salvia-kit/next-dashboards
+ jq -nc --arg key input_repo_name --arg value github.com/salvia-kit/next-dashboards '{ key: $key, value: $value }'
+ writetaskstat input_repo_ref main
+ jq -nc --arg key input_repo_ref --arg value main '{ key: $key, value: $value }'
+ writetaskstat input_repo_path ./dashboard-v8
+ jq -nc --arg key input_repo_path --arg value ./dashboard-v8 '{ key: $key, value: $value }'
++ date -u +%Y-%m-%dT%H:%M:%SZ
+ writetaskstat timestamp_begin 2024-03-05T02:44:16Z
+ jq -nc --arg key timestamp_begin --arg value 2024-03-05T02:44:16Z '{ key: $key, value: $value }'
+ mkdir -p /tmp/twcr-1a8f36f68479
+ pushd /tmp/twcr-1a8f36f68479
+ '[' -d .git ']'
+ git clone --depth=1 -b main https://github.com/salvia-kit/next-dashboards.git .
/tmp/twcr-1a8f36f68479 /twcr
Cloning into '.'...
++ date -u +%Y-%m-%dT%H:%M:%SZ
+ writetaskstat timestamp_git_clone_complete 2024-03-05T02:44:18Z
+ jq -nc --arg key timestamp_git_clone_complete --arg value 2024-03-05T02:44:18Z '{ key: $key, value: $value }'
++ git rev-parse HEAD
+ writetaskstat exec_repo_commit_sha acfa81d23d068b52a7a2b64808aaf3a997a8b94e
+ jq -nc --arg key exec_repo_commit_sha --arg value acfa81d23d068b52a7a2b64808aaf3a997a8b94e '{ key: $key, value: $value }'
+++ git show --no-patch --format=%ci
++ date -u --date '2024-01-23 10:15:50 +0100' +%Y-%m-%dT%H:%M:%SZ
+ writetaskstat exec_repo_commit_date 2024-01-23T09:15:50Z
+ jq -nc --arg key exec_repo_commit_date --arg value 2024-01-23T09:15:50Z '{ key: $key, value: $value }'
/tmp/twcr-1a8f36f68479/dashboard-v8 /tmp/twcr-1a8f36f68479 /twcr
+ '[' -z ./dashboard-v8 ']'
+ pushd ./dashboard-v8
+ tailwind_config_file_name=
+ '[' -f tailwind.config.js ']'
+ tailwind_config_file_name=tailwind.config.js
+ writetaskstat exec_tailwind_config_file tailwind.config.js
+ jq -nc --arg key exec_tailwind_config_file --arg value tailwind.config.js '{ key: $key, value: $value }'
+ cp tailwind.config.js /twcr/mnt/results/extract-raw-tailwind-config.js
+ '[' '!' -f package.json ']'
+ cp package.json /twcr/mnt/results/extract-raw-package.json
++ /twcr/worker/../worker/pm-detect.sh /tmp/twcr-1a8f36f68479/dashboard-v8
+ package_manager_name=yarn
+ '[' -z yarn ']'
+ '[' -z yarn ']'
+ writetaskstat exec_node_package_manager yarn
+ jq -nc --arg key exec_node_package_manager --arg value yarn '{ key: $key, value: $value }'
+ attempt_mode=squash
+ true
++ date -u +%Y-%m-%dT%H:%M:%SZ
+ writetaskstat timestamp_attempt_squash_begin 2024-03-05T02:44:18Z
+ jq -nc --arg key timestamp_attempt_squash_begin --arg value 2024-03-05T02:44:18Z '{ key: $key, value: $value }'
+ [[ squash == \s\q\u\a\s\h ]]
+ set +e
+ node /twcr/worker/../worker/squash-package.mjs tailwind.config.js
+ exitcode=0
+ set -e
+ [[ 0 != \0 ]]
+ cat package.json
+ sed 's/^/>>> /'
>>> {
>>>   "name": "salvia-kit-dashboard-v8-nextjs",
>>>   "version": "1.0.0",
>>>   "author": {
>>>     "name": "Enoch Ndika"
>>>   },
>>>   "license": "MIT",
>>>   "keywords": [
>>>     "ui",
>>>     "react",
>>>     "components",
>>>     "dashboard",
>>>     "admin",
>>>     "tailwindcss",
>>>     "next",
>>>     "Next.js",
>>>     "layout"
>>>   ],
>>>   "dependencies": {},
>>>   "devDependencies": {
>>>     "tailwindcss": "3.3.2"
>>>   }
>>> }+ rm -f package-lock.json pnpm-lock.yaml yarn.lock
+ '[' ./dashboard-v8 '!=' ./ ']'
+ rm -f /tmp/twcr-1a8f36f68479/package.json /tmp/twcr-1a8f36f68479/package-lock.json /tmp/twcr-1a8f36f68479/pnpm-lock.yaml /tmp/twcr-1a8f36f68479/yarn.lock
+ set +e
+ /twcr/worker/../worker/pm-install.sh yarn /tmp/twcr-1a8f36f68479 /twcr/mnt/results
+ package_manager_name=yarn
+ procdir=/tmp/twcr-1a8f36f68479
+ datadir=/twcr/mnt/results
+ case "${package_manager_name}" in
+ '[' -z http://tid_6a3af858bb3a:ok@172.18.0.2:3128 ']'
+ yarn config set httpProxy http://tid_6a3af858bb3a:ok@172.18.0.2:3128
yarn config v1.22.19
success Set "httpProxy" to "http://tid_6a3af858bb3a:ok@172.18.0.2:3128".
Done in 0.05s.
+ '[' -z http://tid_6a3af858bb3a:ok@172.18.0.2:3128 ']'
+ yarn config set httpsProxy http://tid_6a3af858bb3a:ok@172.18.0.2:3128
yarn config v1.22.19
success Set "httpsProxy" to "http://tid_6a3af858bb3a:ok@172.18.0.2:3128".
Done in 0.04s.
+ yarn install
yarn install v1.22.19
info No lockfile found.
[1/4] Resolving packages...
(node:132) [DEP0040] DeprecationWarning: The `punycode` module is deprecated. Please use a userland alternative instead.
(Use `node --trace-deprecation ...` to show where the warning was created)
[2/4] Fetching packages...
[3/4] Linking dependencies...
[4/4] Building fresh packages...
success Saved lockfile.
Done in 6.37s.
+ yarn list --depth=0 --json --non-interactive --no-progress
+ jq -cr '
        [.. | .name?]
        | map(select(.))
        | map(capture("^(?<name>@?[^@]+)@(?<version>.+)$"))
        | sort_by(.name)[]'
+ exitcode=0
+ set -e
+ [[ 0 != \0 ]]
++ jq -sr 'map(select(.name == "tailwindcss")) | first | .version'
+ tailwind_package_version=3.3.2
+ tailwind_config_exporter=tailwind.config.exporter2.cjs
+ '[' -f node_modules/tailwindcss/lib/lib/load-config.js ']'
+ tailwind_config_exporter=tailwind.config.exporter3.mjs
+ cp /twcr/worker/../worker/tailwind.config.exporter3.mjs ./
+ set +e
+ node ./tailwind.config.exporter3.mjs tailwind.config.js
+ exitcode=0
+ set -e
+ [[ 0 != \0 ]]
+ echo 'module.exports={plugins:['
+ jq -rs '
        map(select(.name | startswith("@tailwindcss/")))
        | map("require(" + ( .name | tojson ) + "),")[]
      '
+ grep -Ev '"@tailwindcss/postcss7-compat"'
+ true
+ echo ']}'
+ cat tailwind.config.js
+ sed 's/^/>>> /'
>>> module.exports={plugins:[
>>> ]}
+ node ./tailwind.config.exporter3.mjs tailwind.config.js
++ date -u +%Y-%m-%dT%H:%M:%SZ
+ writetaskstat timestamp_attempt_squash_end 2024-03-05T02:44:26Z
+ jq -nc --arg key timestamp_attempt_squash_end --arg value 2024-03-05T02:44:26Z '{ key: $key, value: $value }'
+ break
++ date -u +%Y-%m-%dT%H:%M:%SZ
+ writetaskstat timestamp_end 2024-03-05T02:44:26Z
+ jq -nc --arg key timestamp_end --arg value 2024-03-05T02:44:26Z '{ key: $key, value: $value }'
+ rm /twcr/mnt/results/extract-failed
+ touch /twcr/mnt/results/extract-completed
