==== RUN-DOCKER
+++ dirname -- ./worker/run.sh
++ cd -- ./worker
++ pwd
+ twcrdir=/twcr/worker/..
+ repo=github.com/doherty-labs/health-app-demo
+ reporef=main
+ repopath=./web-app/staff
++ echo github.com/doherty-labs/health-app-demo
++ awk '{ print $1 }'
++ sha256sum
++ cut -c1-12
+ procdir=/tmp/twcr-ace54fc1d634
++ echo 'github.com/doherty-labs/health-app-demo;main;./web-app/staff'
++ sha256sum
++ awk '{ print $1 }'
++ cut -c1-12
+ datadir=/twcr/worker/../mnt/dataset/data/ec0d6aa57557
+ '[' '!' -z /twcr/mnt/results ']'
+ datadir=/twcr/mnt/results
+ touch /twcr/mnt/results/extract-failed
++ base64
++ tr -d =
++ tr /+ _-
++ base64
++ tr -d =
++ tr /+ _-
+ writetaskstat analysis_key github.com/doherty-labs/health-app-demo/bWFpbgo/Li93ZWItYXBwL3N0YWZmCg
+ jq -nc --arg key analysis_key --arg value github.com/doherty-labs/health-app-demo/bWFpbgo/Li93ZWItYXBwL3N0YWZmCg '{ key: $key, value: $value }'
++ date -u +%Y%m%d%H%M%S
++ sha256sum
++ awk '{ print $1 }'
++ cut -c1-16
++ head -c 32 /dev/urandom
+ writetaskstat analysis_nonce 368b6741d0deb157
+ jq -nc --arg key analysis_nonce --arg value 368b6741d0deb157 '{ key: $key, value: $value }'
+ writetaskstat input_repo_name github.com/doherty-labs/health-app-demo
+ jq -nc --arg key input_repo_name --arg value github.com/doherty-labs/health-app-demo '{ key: $key, value: $value }'
+ writetaskstat input_repo_ref main
+ jq -nc --arg key input_repo_ref --arg value main '{ key: $key, value: $value }'
+ writetaskstat input_repo_path ./web-app/staff
+ jq -nc --arg key input_repo_path --arg value ./web-app/staff '{ key: $key, value: $value }'
++ date -u +%Y-%m-%dT%H:%M:%SZ
+ writetaskstat timestamp_begin 2024-03-03T00:16:55Z
+ jq -nc --arg key timestamp_begin --arg value 2024-03-03T00:16:55Z '{ key: $key, value: $value }'
+ mkdir -p /tmp/twcr-ace54fc1d634
+ pushd /tmp/twcr-ace54fc1d634
+ '[' -d .git ']'
+ git clone --depth=1 -b main https://github.com/doherty-labs/health-app-demo.git .
/tmp/twcr-ace54fc1d634 /twcr
Cloning into '.'...
++ date -u +%Y-%m-%dT%H:%M:%SZ
+ writetaskstat timestamp_git_clone_complete 2024-03-03T00:16:56Z
+ jq -nc --arg key timestamp_git_clone_complete --arg value 2024-03-03T00:16:56Z '{ key: $key, value: $value }'
++ git rev-parse HEAD
+ writetaskstat exec_repo_commit_sha 8c923cfaaf6c4dfaa42a411681c5e35d5eae4ca7
+ jq -nc --arg key exec_repo_commit_sha --arg value 8c923cfaaf6c4dfaa42a411681c5e35d5eae4ca7 '{ key: $key, value: $value }'
+++ git show --no-patch --format=%ci
++ date -u --date '2024-02-25 11:46:32 +0000' +%Y-%m-%dT%H:%M:%SZ
+ writetaskstat exec_repo_commit_date 2024-02-25T11:46:32Z
+ jq -nc --arg key exec_repo_commit_date --arg value 2024-02-25T11:46:32Z '{ key: $key, value: $value }'
/tmp/twcr-ace54fc1d634/web-app/staff /tmp/twcr-ace54fc1d634 /twcr
+ '[' -z ./web-app/staff ']'
+ pushd ./web-app/staff
+ tailwind_config_file_name=
+ '[' -f tailwind.config.js ']'
+ tailwind_config_file_name=tailwind.config.js
+ writetaskstat exec_tailwind_config_file tailwind.config.js
+ jq -nc --arg key exec_tailwind_config_file --arg value tailwind.config.js '{ key: $key, value: $value }'
+ cp tailwind.config.js /twcr/mnt/results/extract-raw-tailwind-config.js
+ '[' '!' -f package.json ']'
+ cp package.json /twcr/mnt/results/extract-raw-package.json
+ package_manager_name=npm
+ grep -q '"packageManager":[^"]+"pnpm@"' package.json
+ '[' -f pnpm-lock.yaml ']'
+ '[' -f pnpm-workspace.yaml ']'
+ '[' -f /tmp/twcr-ace54fc1d634/pnpm-workspace.yaml ']'
+ cat README.md
+ grep -q 'pnpm install'
+ grep -q '"packageManager":[^"]+"yarn@"' package.json
+ '[' -f yarn.lock ']'
+ package_manager_name=yarn
+ writetaskstat exec_node_package_manager yarn
+ jq -nc --arg key exec_node_package_manager --arg value yarn '{ key: $key, value: $value }'
+ attempt_mode=squash
+ true
++ date -u +%Y-%m-%dT%H:%M:%SZ
+ writetaskstat timestamp_attempt_squash_begin 2024-03-03T00:16:56Z
+ jq -nc --arg key timestamp_attempt_squash_begin --arg value 2024-03-03T00:16:56Z '{ key: $key, value: $value }'
+ [[ squash == \s\q\u\a\s\h ]]
+ set +e
+ node /twcr/worker/../worker/squash-package.mjs tailwind.config.js
+ exitcode=0
+ set -e
+ [[ 0 != \0 ]]
+ cat package.json
+ sed 's/^/>>> /'
>>> {
>>>   "name": "internal-app",
>>>   "version": "0.1.0",
>>>   "private": true,
>>>   "dependencies": {
>>>     "tailwindcss": "^3.3.3"
>>>   },
>>>   "devDependencies": {}
>>> }+ set +e
+ /twcr/worker/../worker/pm-install.sh yarn /tmp/twcr-ace54fc1d634 /twcr/mnt/results
+ package_manager_name=yarn
+ procdir=/tmp/twcr-ace54fc1d634
+ datadir=/twcr/mnt/results
+ case "${package_manager_name}" in
+ yarn install --ignore-engines
yarn install v1.22.19
[1/4] Resolving packages...
[2/4] Fetching packages...
(node:86) [DEP0040] DeprecationWarning: The `punycode` module is deprecated. Please use a userland alternative instead.
(Use `node --trace-deprecation ...` to show where the warning was created)
[3/4] Linking dependencies...
[4/4] Building fresh packages...
success Saved lockfile.
Done in 3.84s.
+ yarn list --depth=0 --json --non-interactive --no-progress
+ jq -cr '
        [.. | .name?]
        | map(select(.))
        | map(capture("^(?<name>@?[^@]+)@(?<version>.+)$"))
        | sort_by(.name)[]'
+ exitcode=0
+ set -e
+ [[ 0 != \0 ]]
++ jq -sr 'map(select(.name == "tailwindcss")) | first | .version'
+ tailwind_package_version=3.3.3
+ tailwind_config_exporter=tailwind.config.exporter3.mjs
+ true
+ cp /twcr/worker/../worker/tailwind.config.exporter3.mjs ./
+ set +e
+ node ./tailwind.config.exporter3.mjs tailwind.config.js
+ exitcode=0
+ set -e
+ [[ 0 != \0 ]]
+ break
+ echo 'module.exports={plugins:['
+ jq -rs '
        map(select(.name | startswith("@tailwindcss/")))
        | map("require(" + ( .name | tojson ) + "),")[]
      '
+ echo ']}'
+ cat tailwind.config.js
+ sed 's/^/>>> /'
>>> module.exports={plugins:[
>>> ]}
+ node ./tailwind.config.exporter3.mjs tailwind.config.js
++ date -u +%Y-%m-%dT%H:%M:%SZ
+ writetaskstat timestamp_attempt_squash_end 2024-03-03T00:17:01Z
+ jq -nc --arg key timestamp_attempt_squash_end --arg value 2024-03-03T00:17:01Z '{ key: $key, value: $value }'
+ break
++ date -u +%Y-%m-%dT%H:%M:%SZ
+ writetaskstat timestamp_end 2024-03-03T00:17:01Z
+ jq -nc --arg key timestamp_end --arg value 2024-03-03T00:17:01Z '{ key: $key, value: $value }'
+ rm /twcr/mnt/results/extract-failed
+ touch /twcr/mnt/results/extract-completed
