==== RUN-DOCKER
+++ dirname -- ./worker/run.sh
++ cd -- ./worker
++ pwd
+ twcrdir=/twcr/worker/..
+ repo=github.com/themesberg/tailwind-flask-starter
+ reporef=main
+ repopath=./node_modules/flowbite
+ '[' true == true ']'
+ grep -q '^././'
++ echo github.com/themesberg/tailwind-flask-starter
++ sha256sum
++ awk '{ print $1 }'
++ cut -c1-12
+ procdir=/tmp/twcr-a753359452de
++ echo 'github.com/themesberg/tailwind-flask-starter;main;./node_modules/flowbite'
++ sha256sum
++ awk '{ print $1 }'
++ cut -c1-12
+ datadir=/twcr/worker/../mnt/dataset/data/27a17e8a957c
+ '[' '!' -z /twcr/mnt/results ']'
+ datadir=/twcr/mnt/results
+ touch /twcr/mnt/results/extract-failed
++ base64
++ tr -d =
++ tr /+ _-
++ base64
++ tr -d =
++ tr /+ _-
+ writetaskstat analysis_key github.com/themesberg/tailwind-flask-starter/bWFpbgo/Li9ub2RlX21vZHVsZXMvZmxvd2JpdGUK
+ jq -nc --arg key analysis_key --arg value github.com/themesberg/tailwind-flask-starter/bWFpbgo/Li9ub2RlX21vZHVsZXMvZmxvd2JpdGUK '{ key: $key, value: $value }'
++ date -u +%Y%m%d%H%M%S
++ sha256sum
++ awk '{ print $1 }'
++ cut -c1-16
++ head -c 32 /dev/urandom
+ writetaskstat analysis_nonce b7f9c2b792e44449
+ jq -nc --arg key analysis_nonce --arg value b7f9c2b792e44449 '{ key: $key, value: $value }'
+ writetaskstat input_repo_name github.com/themesberg/tailwind-flask-starter
+ jq -nc --arg key input_repo_name --arg value github.com/themesberg/tailwind-flask-starter '{ key: $key, value: $value }'
+ writetaskstat input_repo_ref main
+ jq -nc --arg key input_repo_ref --arg value main '{ key: $key, value: $value }'
+ writetaskstat input_repo_path ./node_modules/flowbite
+ jq -nc --arg key input_repo_path --arg value ./node_modules/flowbite '{ key: $key, value: $value }'
++ date -u +%Y-%m-%dT%H:%M:%SZ
+ writetaskstat timestamp_begin 2024-03-04T08:54:55Z
+ jq -nc --arg key timestamp_begin --arg value 2024-03-04T08:54:55Z '{ key: $key, value: $value }'
+ mkdir -p /tmp/twcr-a753359452de
+ pushd /tmp/twcr-a753359452de
+ '[' -d .git ']'
+ git clone --depth=1 -b main https://github.com/themesberg/tailwind-flask-starter.git .
/tmp/twcr-a753359452de /twcr
Cloning into '.'...
++ date -u +%Y-%m-%dT%H:%M:%SZ
+ writetaskstat timestamp_git_clone_complete 2024-03-04T08:54:56Z
+ jq -nc --arg key timestamp_git_clone_complete --arg value 2024-03-04T08:54:56Z '{ key: $key, value: $value }'
++ git rev-parse HEAD
+ writetaskstat exec_repo_commit_sha d52cb325a3a20ad64c6795681a2f612a26ee6176
+ jq -nc --arg key exec_repo_commit_sha --arg value d52cb325a3a20ad64c6795681a2f612a26ee6176 '{ key: $key, value: $value }'
+++ git show --no-patch --format=%ci
++ date -u --date '2023-10-30 14:35:26 +0200' +%Y-%m-%dT%H:%M:%SZ
+ writetaskstat exec_repo_commit_date 2023-10-30T12:35:26Z
+ jq -nc --arg key exec_repo_commit_date --arg value 2023-10-30T12:35:26Z '{ key: $key, value: $value }'
/tmp/twcr-a753359452de/node_modules/flowbite /tmp/twcr-a753359452de /twcr
+ '[' -z ./node_modules/flowbite ']'
+ pushd ./node_modules/flowbite
+ tailwind_config_file_name=
+ '[' -f tailwind.config.js ']'
+ tailwind_config_file_name=tailwind.config.js
+ writetaskstat exec_tailwind_config_file tailwind.config.js
+ jq -nc --arg key exec_tailwind_config_file --arg value tailwind.config.js '{ key: $key, value: $value }'
+ cp tailwind.config.js /twcr/mnt/results/extract-raw-tailwind-config.js
+ '[' '!' -f package.json ']'
+ cp package.json /twcr/mnt/results/extract-raw-package.json
++ /twcr/worker/../worker/pm-detect.sh /tmp/twcr-a753359452de/node_modules/flowbite
+ package_manager_name=
+ '[' -z '' ']'
+ '[' ./node_modules/flowbite '!=' ./ ']'
++ /twcr/worker/../worker/pm-detect.sh /tmp/twcr-a753359452de
+ package_manager_name=
+ '[' -z '' ']'
+ package_manager_name=npm
+ writetaskstat exec_node_package_manager npm
+ jq -nc --arg key exec_node_package_manager --arg value npm '{ key: $key, value: $value }'
+ attempt_mode=squash
+ true
++ date -u +%Y-%m-%dT%H:%M:%SZ
+ writetaskstat timestamp_attempt_squash_begin 2024-03-04T08:54:56Z
+ jq -nc --arg key timestamp_attempt_squash_begin --arg value 2024-03-04T08:54:56Z '{ key: $key, value: $value }'
+ [[ squash == \s\q\u\a\s\h ]]
+ set +e
+ node /twcr/worker/../worker/squash-package.mjs tailwind.config.js
+ exitcode=0
+ set -e
+ [[ 0 != \0 ]]
+ cat package.json
+ sed 's/^/>>> /'
>>> {
>>>   "name": "flowbite",
>>>   "version": "1.5.1",
>>>   "description": "The most popular library of interactive components built with Tailwind CSS",
>>>   "keywords": [
>>>     "flowbite",
>>>     "html",
>>>     "css",
>>>     "javascript",
>>>     "tailwind",
>>>     "tailwind components",
>>>     "tailwind elements",
>>>     "tailwind library",
>>>     "tailwind sections",
>>>     "tailwind css",
>>>     "tailwind ui",
>>>     "tailwind css react",
>>>     "tailwind css vue",
>>>     "tailwind css angular",
>>>     "tailwind css svelte",
>>>     "tailwind css django",
>>>     "tailwind css ruby on rails"
>>>   ],
>>>   "license": "MIT",
>>>   "style": "dist/flowbite.css",
>>>   "main": "dist/flowbite.js",
>>>   "repository": "https://github.com/themesberg/flowbite.git",
>>>   "bugs": "https://github.com/themesberg/flowbite/issues",
>>>   "homepage": "https://flowbite.com",
>>>   "contributors": [
>>>     "Zoltán Szőgyényi (https://twitter.com/zoltanszogyenyi)",
>>>     "Robert Tanislav (https://twitter.com/roberttanislav)",
>>>     "Victor Cordos (https://twitter.com/victorcordos)"
>>>   ],
>>>   "devDependencies": {
>>>     "tailwindcss": "^3.1.6"
>>>   },
>>>   "dependencies": {}
>>> }+ rm -f package-lock.json pnpm-lock.yaml yarn.lock
+ '[' ./node_modules/flowbite '!=' ./ ']'
+ rm -f /tmp/twcr-a753359452de/package.json /tmp/twcr-a753359452de/package-lock.json /tmp/twcr-a753359452de/pnpm-lock.yaml /tmp/twcr-a753359452de/yarn.lock
+ set +e
+ /twcr/worker/../worker/pm-install.sh npm /tmp/twcr-a753359452de /twcr/mnt/results
+ package_manager_name=npm
+ procdir=/tmp/twcr-a753359452de
+ datadir=/twcr/mnt/results
+ case "${package_manager_name}" in
++ '[' -f package-lock.json ']'
++ echo install
+ npm install --ignore-engines

added 112 packages, and audited 113 packages in 7s

28 packages are looking for funding
  run `npm fund` for details

found 0 vulnerabilities
npm notice 
npm notice New minor version of npm available! 10.2.4 -> 10.5.0
npm notice Changelog: <https://github.com/npm/cli/releases/tag/v10.5.0>
npm notice Run `npm install -g npm@10.5.0` to update!
npm notice 
+ npm query '*'
+ jq -cr '
        map({ name: .name, version: .version })
        | map(select(.name))
        | sort_by(.name)[]
      '
+ exitcode=0
+ set -e
+ [[ 0 != \0 ]]
++ jq -sr 'map(select(.name == "tailwindcss")) | first | .version'
+ tailwind_package_version=3.4.1
+ tailwind_config_exporter=tailwind.config.exporter2.cjs
+ '[' -f node_modules/tailwindcss/lib/lib/load-config.js ']'
+ tailwind_config_exporter=tailwind.config.exporter3.mjs
+ cp /twcr/worker/../worker/tailwind.config.exporter3.mjs ./
+ set +e
+ node ./tailwind.config.exporter3.mjs tailwind.config.js
+ exitcode=0
+ set -e
+ [[ 0 != \0 ]]
+ echo 'module.exports={plugins:['
+ jq -rs '
        map(select(.name | startswith("@tailwindcss/")))
        | map("require(" + ( .name | tojson ) + "),")[]
      '
+ grep -Ev '"@tailwindcss/postcss7-compat"'
+ true
+ echo ']}'
+ cat tailwind.config.js
+ sed 's/^/>>> /'
>>> module.exports={plugins:[
>>> ]}
+ node ./tailwind.config.exporter3.mjs tailwind.config.js
++ date -u +%Y-%m-%dT%H:%M:%SZ
+ writetaskstat timestamp_attempt_squash_end 2024-03-04T08:55:04Z
+ jq -nc --arg key timestamp_attempt_squash_end --arg value 2024-03-04T08:55:04Z '{ key: $key, value: $value }'
+ break
++ date -u +%Y-%m-%dT%H:%M:%SZ
+ writetaskstat timestamp_end 2024-03-04T08:55:04Z
+ jq -nc --arg key timestamp_end --arg value 2024-03-04T08:55:04Z '{ key: $key, value: $value }'
+ rm /twcr/mnt/results/extract-failed
+ touch /twcr/mnt/results/extract-completed
