==== RUN-DOCKER
+++ dirname -- ./worker/run.sh
++ cd -- ./worker
++ pwd
+ twcrdir=/twcr/worker/..
+ repo=github.com/matheins/Dorf
+ reporef=main
+ repopath=./
+ '[' true == true ']'
+ grep -q '^././'
++ echo github.com/matheins/Dorf
++ sha256sum
++ awk '{ print $1 }'
++ cut -c1-12
+ procdir=/tmp/twcr-d56b3f00740c
++ echo 'github.com/matheins/Dorf;main;./'
++ sha256sum
++ awk '{ print $1 }'
++ cut -c1-12
+ datadir=/twcr/worker/../mnt/dataset/data/9b530ff78f5e
+ '[' '!' -z /twcr/mnt/results ']'
+ datadir=/twcr/mnt/results
+ touch /twcr/mnt/results/extract-failed
++ base64
++ tr -d =
++ tr /+ _-
++ base64
++ tr -d =
++ tr /+ _-
+ writetaskstat analysis_key github.com/matheins/Dorf/bWFpbgo/Li8K
+ jq -nc --arg key analysis_key --arg value github.com/matheins/Dorf/bWFpbgo/Li8K '{ key: $key, value: $value }'
++ date -u +%Y%m%d%H%M%S
++ sha256sum
++ awk '{ print $1 }'
++ cut -c1-16
++ head -c 32 /dev/urandom
+ writetaskstat analysis_nonce ae995bc72f6fde70
+ jq -nc --arg key analysis_nonce --arg value ae995bc72f6fde70 '{ key: $key, value: $value }'
+ writetaskstat input_repo_name github.com/matheins/Dorf
+ jq -nc --arg key input_repo_name --arg value github.com/matheins/Dorf '{ key: $key, value: $value }'
+ writetaskstat input_repo_ref main
+ jq -nc --arg key input_repo_ref --arg value main '{ key: $key, value: $value }'
+ writetaskstat input_repo_path ./
+ jq -nc --arg key input_repo_path --arg value ./ '{ key: $key, value: $value }'
++ date -u +%Y-%m-%dT%H:%M:%SZ
+ writetaskstat timestamp_begin 2024-03-05T01:11:32Z
+ jq -nc --arg key timestamp_begin --arg value 2024-03-05T01:11:32Z '{ key: $key, value: $value }'
+ mkdir -p /tmp/twcr-d56b3f00740c
+ pushd /tmp/twcr-d56b3f00740c
+ '[' -d .git ']'
+ git clone --depth=1 -b main https://github.com/matheins/Dorf.git .
/tmp/twcr-d56b3f00740c /twcr
Cloning into '.'...
++ date -u +%Y-%m-%dT%H:%M:%SZ
+ writetaskstat timestamp_git_clone_complete 2024-03-05T01:11:33Z
+ jq -nc --arg key timestamp_git_clone_complete --arg value 2024-03-05T01:11:33Z '{ key: $key, value: $value }'
++ git rev-parse HEAD
+ writetaskstat exec_repo_commit_sha eb191c6bd9a94971e3f8c7814c932d8404bacabf
+ jq -nc --arg key exec_repo_commit_sha --arg value eb191c6bd9a94971e3f8c7814c932d8404bacabf '{ key: $key, value: $value }'
+++ git show --no-patch --format=%ci
++ date -u --date '2023-06-30 12:00:44 +0200' +%Y-%m-%dT%H:%M:%SZ
+ writetaskstat exec_repo_commit_date 2023-06-30T10:00:44Z
+ jq -nc --arg key exec_repo_commit_date --arg value 2023-06-30T10:00:44Z '{ key: $key, value: $value }'
/tmp/twcr-d56b3f00740c /tmp/twcr-d56b3f00740c /twcr
+ '[' -z ./ ']'
+ pushd ./
+ tailwind_config_file_name=
+ '[' -f tailwind.config.js ']'
+ '[' -f tailwind.config.cjs ']'
+ '[' -f tailwind.config.mjs ']'
+ '[' -f tailwind.config.ts ']'
+ tailwind_config_file_name=tailwind.config.ts
+ writetaskstat exec_tailwind_config_file tailwind.config.ts
+ jq -nc --arg key exec_tailwind_config_file --arg value tailwind.config.ts '{ key: $key, value: $value }'
+ cp tailwind.config.ts /twcr/mnt/results/extract-raw-tailwind-config.js
+ '[' '!' -f package.json ']'
+ cp package.json /twcr/mnt/results/extract-raw-package.json
++ /twcr/worker/../worker/pm-detect.sh /tmp/twcr-d56b3f00740c
+ package_manager_name=pnpm
+ '[' -z pnpm ']'
+ '[' -z pnpm ']'
+ writetaskstat exec_node_package_manager pnpm
+ jq -nc --arg key exec_node_package_manager --arg value pnpm '{ key: $key, value: $value }'
+ attempt_mode=squash
+ true
++ date -u +%Y-%m-%dT%H:%M:%SZ
+ writetaskstat timestamp_attempt_squash_begin 2024-03-05T01:11:33Z
+ jq -nc --arg key timestamp_attempt_squash_begin --arg value 2024-03-05T01:11:33Z '{ key: $key, value: $value }'
+ [[ squash == \s\q\u\a\s\h ]]
+ set +e
+ node /twcr/worker/../worker/squash-package.mjs tailwind.config.ts
+ exitcode=0
+ set -e
+ [[ 0 != \0 ]]
+ cat package.json
+ sed 's/^/>>> /'
>>> {
>>>   "name": "dorf-forms",
>>>   "version": "0.1.0",
>>>   "private": true,
>>>   "license": "AGPL-3.0-or-later",
>>>   "author": {
>>>     "name": "matheins",
>>>     "url": "https://twitter.com/matheins"
>>>   },
>>>   "dependencies": {
>>>     "tailwindcss": "3.3.2",
>>>     "tailwindcss-animate": "^1.0.5"
>>>   },
>>>   "devDependencies": {},
>>>   "engines": {
>>>     "node": ">=v18.16.0"
>>>   },
>>>   "packageManager": "pnpm@8.6.0"
>>> }+ rm -f package-lock.json pnpm-lock.yaml yarn.lock
+ '[' ./ '!=' ./ ']'
+ set +e
+ /twcr/worker/../worker/pm-install.sh pnpm /tmp/twcr-d56b3f00740c /twcr/mnt/results
+ package_manager_name=pnpm
+ procdir=/tmp/twcr-d56b3f00740c
+ datadir=/twcr/mnt/results
+ case "${package_manager_name}" in
+ '[' '!' -f /tmp/twcr-d56b3f00740c/package.json ']'
++ pnpm -v
+ sed -Ei 's/("pnpm": ")(.+)(")/\18.15.4\3/' /tmp/twcr-d56b3f00740c/package.json
+ '[' '!' -f package.json ']'
++ pnpm -v
+ sed -Ei 's/("pnpm": ")(.+)(")/\18.15.4\3/' package.json
+ pnpm install
Progress: resolved 1, reused 0, downloaded 0, added 0
Progress: resolved 21, reused 0, downloaded 16, added 0
Progress: resolved 48, reused 0, downloaded 39, added 0
Progress: resolved 75, reused 0, downloaded 60, added 0
Progress: resolved 95, reused 0, downloaded 83, added 0
Progress: resolved 106, reused 0, downloaded 104, added 0
Packages: +106
++++++++++++++++++++++++++++++++++++++++++++++++++++++++++++++++++++++++++++++++
Progress: resolved 107, reused 0, downloaded 106, added 106, done

dependencies:
+ tailwindcss 3.3.2 (3.4.1 is available)
+ tailwindcss-animate 1.0.7

Done in 6.4s
+ pnpm ls --json
+ jq -cr '
        .[]
        | [.dependencies, .devDependencies, .optionalDependencies]
        | map(select(.))[]
        | to_entries
        | map({ name: .key, version: .value.version })
        | sort_by(.name)[]
      '
+ exitcode=0
+ set -e
+ [[ 0 != \0 ]]
++ jq -sr 'map(select(.name == "tailwindcss")) | first | .version'
+ tailwind_package_version=3.3.2
+ tailwind_config_exporter=tailwind.config.exporter2.cjs
+ '[' -f node_modules/tailwindcss/lib/lib/load-config.js ']'
+ tailwind_config_exporter=tailwind.config.exporter3.mjs
+ cp /twcr/worker/../worker/tailwind.config.exporter3.mjs ./
+ set +e
+ node ./tailwind.config.exporter3.mjs tailwind.config.ts
+ exitcode=0
+ set -e
+ [[ 0 != \0 ]]
+ echo 'module.exports={plugins:['
+ jq -rs '
        map(select(.name | startswith("@tailwindcss/")))
        | map("require(" + ( .name | tojson ) + "),")[]
      '
+ grep -Ev '"@tailwindcss/postcss7-compat"'
+ true
+ echo ']}'
+ cat tailwind.config.ts
+ sed 's/^/>>> /'
>>> module.exports={plugins:[
>>> ]}
+ node ./tailwind.config.exporter3.mjs tailwind.config.ts
++ date -u +%Y-%m-%dT%H:%M:%SZ
+ writetaskstat timestamp_attempt_squash_end 2024-03-05T01:11:42Z
+ jq -nc --arg key timestamp_attempt_squash_end --arg value 2024-03-05T01:11:42Z '{ key: $key, value: $value }'
+ break
++ date -u +%Y-%m-%dT%H:%M:%SZ
+ writetaskstat timestamp_end 2024-03-05T01:11:42Z
+ jq -nc --arg key timestamp_end --arg value 2024-03-05T01:11:42Z '{ key: $key, value: $value }'
+ rm /twcr/mnt/results/extract-failed
+ touch /twcr/mnt/results/extract-completed
