==== RUN-DOCKER
+++ dirname -- ./worker/run.sh
++ cd -- ./worker
++ pwd
+ twcrdir=/twcr/worker/..
+ repo=github.com/el3um4s/memento-svelte-electron-typescript
+ reporef=main
+ repopath=./
+ '[' true == true ']'
+ grep -q '^././'
++ echo github.com/el3um4s/memento-svelte-electron-typescript
++ sha256sum
++ awk '{ print $1 }'
++ cut -c1-12
+ procdir=/tmp/twcr-3ef78726b649
++ echo 'github.com/el3um4s/memento-svelte-electron-typescript;main;./'
++ sha256sum
++ awk '{ print $1 }'
++ cut -c1-12
+ datadir=/twcr/worker/../mnt/dataset/data/d93bf703d3f2
+ '[' '!' -z /twcr/mnt/results ']'
+ datadir=/twcr/mnt/results
+ touch /twcr/mnt/results/extract-failed
++ base64
++ tr -d =
++ tr /+ _-
++ base64
++ tr -d =
++ tr /+ _-
+ writetaskstat analysis_key github.com/el3um4s/memento-svelte-electron-typescript/bWFpbgo/Li8K
+ jq -nc --arg key analysis_key --arg value github.com/el3um4s/memento-svelte-electron-typescript/bWFpbgo/Li8K '{ key: $key, value: $value }'
++ date -u +%Y%m%d%H%M%S
++ sha256sum
++ awk '{ print $1 }'
++ cut -c1-16
++ head -c 32 /dev/urandom
+ writetaskstat analysis_nonce 2d35730582733def
+ jq -nc --arg key analysis_nonce --arg value 2d35730582733def '{ key: $key, value: $value }'
+ writetaskstat input_repo_name github.com/el3um4s/memento-svelte-electron-typescript
+ jq -nc --arg key input_repo_name --arg value github.com/el3um4s/memento-svelte-electron-typescript '{ key: $key, value: $value }'
+ writetaskstat input_repo_ref main
+ jq -nc --arg key input_repo_ref --arg value main '{ key: $key, value: $value }'
+ writetaskstat input_repo_path ./
+ jq -nc --arg key input_repo_path --arg value ./ '{ key: $key, value: $value }'
++ date -u +%Y-%m-%dT%H:%M:%SZ
+ writetaskstat timestamp_begin 2024-03-05T05:11:59Z
+ jq -nc --arg key timestamp_begin --arg value 2024-03-05T05:11:59Z '{ key: $key, value: $value }'
+ mkdir -p /tmp/twcr-3ef78726b649
+ pushd /tmp/twcr-3ef78726b649
+ '[' -d .git ']'
+ git clone --depth=1 -b main https://github.com/el3um4s/memento-svelte-electron-typescript.git .
/tmp/twcr-3ef78726b649 /twcr
Cloning into '.'...
++ date -u +%Y-%m-%dT%H:%M:%SZ
+ writetaskstat timestamp_git_clone_complete 2024-03-05T05:11:59Z
+ jq -nc --arg key timestamp_git_clone_complete --arg value 2024-03-05T05:11:59Z '{ key: $key, value: $value }'
++ git rev-parse HEAD
+ writetaskstat exec_repo_commit_sha 7544508d9c4f54fb444d94c653d3bca4b2c62a64
+ jq -nc --arg key exec_repo_commit_sha --arg value 7544508d9c4f54fb444d94c653d3bca4b2c62a64 '{ key: $key, value: $value }'
+++ git show --no-patch --format=%ci
++ date -u --date '2022-07-15 21:48:39 +0200' +%Y-%m-%dT%H:%M:%SZ
+ writetaskstat exec_repo_commit_date 2022-07-15T19:48:39Z
+ jq -nc --arg key exec_repo_commit_date --arg value 2022-07-15T19:48:39Z '{ key: $key, value: $value }'
/tmp/twcr-3ef78726b649 /tmp/twcr-3ef78726b649 /twcr
+ '[' -z ./ ']'
+ pushd ./
+ tailwind_config_file_name=
+ '[' -f tailwind.config.js ']'
+ tailwind_config_file_name=tailwind.config.js
+ writetaskstat exec_tailwind_config_file tailwind.config.js
+ jq -nc --arg key exec_tailwind_config_file --arg value tailwind.config.js '{ key: $key, value: $value }'
+ cp tailwind.config.js /twcr/mnt/results/extract-raw-tailwind-config.js
+ '[' '!' -f package.json ']'
+ cp package.json /twcr/mnt/results/extract-raw-package.json
++ /twcr/worker/../worker/pm-detect.sh /tmp/twcr-3ef78726b649
+ package_manager_name=
+ '[' -z '' ']'
+ '[' ./ '!=' ./ ']'
+ '[' -z '' ']'
+ package_manager_name=npm
+ writetaskstat exec_node_package_manager npm
+ jq -nc --arg key exec_node_package_manager --arg value npm '{ key: $key, value: $value }'
+ attempt_mode=squash
+ true
++ date -u +%Y-%m-%dT%H:%M:%SZ
+ writetaskstat timestamp_attempt_squash_begin 2024-03-05T05:11:59Z
+ jq -nc --arg key timestamp_attempt_squash_begin --arg value 2024-03-05T05:11:59Z '{ key: $key, value: $value }'
+ [[ squash == \s\q\u\a\s\h ]]
+ set +e
+ node /twcr/worker/../worker/squash-package.mjs tailwind.config.js
+ exitcode=0
+ set -e
+ [[ 0 != \0 ]]
+ cat package.json
+ sed 's/^/>>> /'
+ rm -f package-lock.json pnpm-lock.yaml yarn.lock
>>> {
>>>   "name": "memento-svelte-electron-typescript",
>>>   "productName": "memento-svelte-electron-typescript",
>>>   "description": "Template to create a desktop app with Svelte, Electron and TypeScript (with electron-updater, electron-reload and electron-builder)",
>>>   "author": "Samuele de Tomasi <samuele@stranianelli.com>",
>>>   "license": "MIT",
>>>   "version": "0.0.26",
>>>   "main": "dist/index.js",
>>>   "devDependencies": {
>>>     "tailwindcss": "^3.1.3"
>>>   },
>>>   "dependencies": {},
>>>   "build": {
>>>     "appId": "memento-set",
>>>     "directories": {
>>>       "output": "out"
>>>     },
>>>     "publish": [
>>>       {
>>>         "provider": "github",
>>>         "owner": "el3um4s",
>>>         "repo": "memento-svelte-electron-typescript"
>>>       }
>>>     ],
>>>     "win": {
>>>       "target": [
>>>         "nsis"
>>>       ],
>>>       "icon": "icon.ico"
>>>     },
>>>     "nsis": {
>>>       "installerIcon": "icon.ico",
>>>       "uninstallerIcon": "icon.ico",
>>>       "uninstallDisplayName": "Memento TES (Svelte+Electron+TypeScript)",
>>>       "license": "license.txt",
>>>       "oneClick": false,
>>>       "allowToChangeInstallationDirectory": true
>>>     }
>>>   }
>>> }+ '[' ./ '!=' ./ ']'
+ set +e
+ /twcr/worker/../worker/pm-install.sh npm /tmp/twcr-3ef78726b649 /twcr/mnt/results
+ package_manager_name=npm
+ procdir=/tmp/twcr-3ef78726b649
+ datadir=/twcr/mnt/results
+ case "${package_manager_name}" in
++ '[' -f package-lock.json ']'
++ echo install
+ npm install --ignore-engines

added 112 packages, and audited 113 packages in 5s

28 packages are looking for funding
  run `npm fund` for details

found 0 vulnerabilities
npm notice 
npm notice New minor version of npm available! 10.2.4 -> 10.5.0
npm notice Changelog: <https://github.com/npm/cli/releases/tag/v10.5.0>
npm notice Run `npm install -g npm@10.5.0` to update!
npm notice 
+ npm query '*'
+ jq -cr '
        map({ name: .name, version: .version })
        | map(select(.name))
        | sort_by(.name)[]
      '
+ exitcode=0
+ set -e
+ [[ 0 != \0 ]]
++ jq -sr 'map(select(.name == "tailwindcss")) | first | .version'
+ tailwind_package_version=3.4.1
+ tailwind_config_exporter=tailwind.config.exporter2.cjs
+ '[' -f node_modules/tailwindcss/lib/lib/load-config.js ']'
+ tailwind_config_exporter=tailwind.config.exporter3.mjs
+ cp /twcr/worker/../worker/tailwind.config.exporter3.mjs ./
+ set +e
+ node ./tailwind.config.exporter3.mjs tailwind.config.js
+ exitcode=0
+ set -e
+ [[ 0 != \0 ]]
+ echo 'module.exports={plugins:['
+ jq -rs '
        map(select(.name | startswith("@tailwindcss/")))
        | map("require(" + ( .name | tojson ) + "),")[]
      '
+ grep -Ev '"@tailwindcss/postcss7-compat"'
+ true
+ echo ']}'
+ cat tailwind.config.js
+ sed 's/^/>>> /'
>>> module.exports={plugins:[
>>> ]}
+ node ./tailwind.config.exporter3.mjs tailwind.config.js
++ date -u +%Y-%m-%dT%H:%M:%SZ
+ writetaskstat timestamp_attempt_squash_end 2024-03-05T05:12:06Z
+ jq -nc --arg key timestamp_attempt_squash_end --arg value 2024-03-05T05:12:06Z '{ key: $key, value: $value }'
+ break
++ date -u +%Y-%m-%dT%H:%M:%SZ
+ writetaskstat timestamp_end 2024-03-05T05:12:06Z
+ jq -nc --arg key timestamp_end --arg value 2024-03-05T05:12:06Z '{ key: $key, value: $value }'
+ rm /twcr/mnt/results/extract-failed
+ touch /twcr/mnt/results/extract-completed
