==== RUN-DOCKER
+++ dirname -- ./worker/run.sh
++ cd -- ./worker
++ pwd
+ twcrdir=/twcr/worker/..
+ repo=github.com/jpanther/lynx
+ reporef=dev
+ repopath=./
+ '[' true == true ']'
+ grep -q '^././'
++ echo github.com/jpanther/lynx
++ sha256sum
++ awk '{ print $1 }'
++ cut -c1-12
+ procdir=/tmp/twcr-72c2c1eb4fd6
++ echo 'github.com/jpanther/lynx;dev;./'
++ sha256sum
++ awk '{ print $1 }'
++ cut -c1-12
+ datadir=/twcr/worker/../mnt/dataset/data/9aa7d33880bc
+ '[' '!' -z /twcr/mnt/results ']'
+ datadir=/twcr/mnt/results
+ touch /twcr/mnt/results/extract-failed
++ base64
++ tr -d =
++ tr /+ _-
++ base64
++ tr -d =
++ tr /+ _-
+ writetaskstat analysis_key github.com/jpanther/lynx/ZGV2Cg/Li8K
+ jq -nc --arg key analysis_key --arg value github.com/jpanther/lynx/ZGV2Cg/Li8K '{ key: $key, value: $value }'
++ date -u +%Y%m%d%H%M%S
++ sha256sum
++ awk '{ print $1 }'
++ cut -c1-16
++ head -c 32 /dev/urandom
+ writetaskstat analysis_nonce 81e0ada44ce4e7d6
+ jq -nc --arg key analysis_nonce --arg value 81e0ada44ce4e7d6 '{ key: $key, value: $value }'
+ writetaskstat input_repo_name github.com/jpanther/lynx
+ jq -nc --arg key input_repo_name --arg value github.com/jpanther/lynx '{ key: $key, value: $value }'
+ writetaskstat input_repo_ref dev
+ jq -nc --arg key input_repo_ref --arg value dev '{ key: $key, value: $value }'
+ writetaskstat input_repo_path ./
+ jq -nc --arg key input_repo_path --arg value ./ '{ key: $key, value: $value }'
++ date -u +%Y-%m-%dT%H:%M:%SZ
+ writetaskstat timestamp_begin 2024-03-04T06:03:42Z
+ jq -nc --arg key timestamp_begin --arg value 2024-03-04T06:03:42Z '{ key: $key, value: $value }'
+ mkdir -p /tmp/twcr-72c2c1eb4fd6
+ pushd /tmp/twcr-72c2c1eb4fd6
+ '[' -d .git ']'
+ git clone --depth=1 -b dev https://github.com/jpanther/lynx.git .
/tmp/twcr-72c2c1eb4fd6 /twcr
Cloning into '.'...
++ date -u +%Y-%m-%dT%H:%M:%SZ
+ writetaskstat timestamp_git_clone_complete 2024-03-04T06:03:42Z
+ jq -nc --arg key timestamp_git_clone_complete --arg value 2024-03-04T06:03:42Z '{ key: $key, value: $value }'
++ git rev-parse HEAD
+ writetaskstat exec_repo_commit_sha b4bf23e02f2ed1585feae310b1f29a27347a9da0
+ jq -nc --arg key exec_repo_commit_sha --arg value b4bf23e02f2ed1585feae310b1f29a27347a9da0 '{ key: $key, value: $value }'
+++ git show --no-patch --format=%ci
++ date -u --date '2023-12-10 10:13:24 +1100' +%Y-%m-%dT%H:%M:%SZ
+ writetaskstat exec_repo_commit_date 2023-12-09T23:13:24Z
+ jq -nc --arg key exec_repo_commit_date --arg value 2023-12-09T23:13:24Z '{ key: $key, value: $value }'
/tmp/twcr-72c2c1eb4fd6 /tmp/twcr-72c2c1eb4fd6 /twcr
+ '[' -z ./ ']'
+ pushd ./
+ tailwind_config_file_name=
+ '[' -f tailwind.config.js ']'
+ tailwind_config_file_name=tailwind.config.js
+ writetaskstat exec_tailwind_config_file tailwind.config.js
+ jq -nc --arg key exec_tailwind_config_file --arg value tailwind.config.js '{ key: $key, value: $value }'
+ cp tailwind.config.js /twcr/mnt/results/extract-raw-tailwind-config.js
+ '[' '!' -f package.json ']'
+ cp package.json /twcr/mnt/results/extract-raw-package.json
++ /twcr/worker/../worker/pm-detect.sh /tmp/twcr-72c2c1eb4fd6
+ package_manager_name=
+ '[' -z '' ']'
+ '[' ./ '!=' ./ ']'
+ '[' -z '' ']'
+ package_manager_name=npm
+ writetaskstat exec_node_package_manager npm
+ jq -nc --arg key exec_node_package_manager --arg value npm '{ key: $key, value: $value }'
+ attempt_mode=squash
+ true
++ date -u +%Y-%m-%dT%H:%M:%SZ
+ writetaskstat timestamp_attempt_squash_begin 2024-03-04T06:03:42Z
+ jq -nc --arg key timestamp_attempt_squash_begin --arg value 2024-03-04T06:03:42Z '{ key: $key, value: $value }'
+ [[ squash == \s\q\u\a\s\h ]]
+ set +e
+ node /twcr/worker/../worker/squash-package.mjs tailwind.config.js
+ exitcode=0
+ set -e
+ [[ 0 != \0 ]]
+ cat package.json
+ sed 's/^/>>> /'
>>> {
>>>   "name": "hugo-lynx-theme",
>>>   "version": "1.3.1",
>>>   "description": "Lynx theme for Hugo",
>>>   "repository": {
>>>     "type": "git",
>>>     "url": "git+https://github.com/jpanther/lynx.git"
>>>   },
>>>   "keywords": [
>>>     "hugo",
>>>     "hugo-theme",
>>>     "tailwind",
>>>     "dark-mode"
>>>   ],
>>>   "author": "James Panther",
>>>   "license": "MIT",
>>>   "bugs": {
>>>     "url": "https://github.com/jpanther/lynx/issues"
>>>   },
>>>   "homepage": "https://github.com/jpanther/lynx#readme",
>>>   "devDependencies": {
>>>     "@tailwindcss/typography": "^0.5.10",
>>>     "tailwindcss": "^3.3.5"
>>>   }
>>> }+ rm -f package-lock.json pnpm-lock.yaml yarn.lock
+ '[' ./ '!=' ./ ']'
+ set +e
+ /twcr/worker/../worker/pm-install.sh npm /tmp/twcr-72c2c1eb4fd6 /twcr/mnt/results
+ package_manager_name=npm
+ procdir=/tmp/twcr-72c2c1eb4fd6
+ datadir=/twcr/mnt/results
+ case "${package_manager_name}" in
++ '[' -f package-lock.json ']'
++ echo install
+ npm install --ignore-engines

added 118 packages, and audited 119 packages in 5s

28 packages are looking for funding
  run `npm fund` for details

found 0 vulnerabilities
npm notice 
npm notice New minor version of npm available! 10.2.4 -> 10.5.0
npm notice Changelog: <https://github.com/npm/cli/releases/tag/v10.5.0>
npm notice Run `npm install -g npm@10.5.0` to update!
npm notice 
+ npm query '*'
+ jq -cr '
        map({ name: .name, version: .version })
        | map(select(.name))
        | sort_by(.name)[]
      '
+ exitcode=0
+ set -e
+ [[ 0 != \0 ]]
++ jq -sr 'map(select(.name == "tailwindcss")) | first | .version'
+ tailwind_package_version=3.4.1
+ tailwind_config_exporter=tailwind.config.exporter2.cjs
+ '[' -f node_modules/tailwindcss/lib/lib/load-config.js ']'
+ tailwind_config_exporter=tailwind.config.exporter3.mjs
+ cp /twcr/worker/../worker/tailwind.config.exporter3.mjs ./
+ set +e
+ node ./tailwind.config.exporter3.mjs tailwind.config.js
+ exitcode=0
+ set -e
+ [[ 0 != \0 ]]
+ echo 'module.exports={plugins:['
+ jq -rs '
        map(select(.name | startswith("@tailwindcss/")))
        | map("require(" + ( .name | tojson ) + "),")[]
      '
+ grep -Ev '"@tailwindcss/postcss7-compat"'
+ echo ']}'
+ cat tailwind.config.js
+ sed 's/^/>>> /'
>>> module.exports={plugins:[
>>> require("@tailwindcss/typography"),
>>> ]}
+ node ./tailwind.config.exporter3.mjs tailwind.config.js
++ date -u +%Y-%m-%dT%H:%M:%SZ
+ writetaskstat timestamp_attempt_squash_end 2024-03-04T06:03:48Z
+ jq -nc --arg key timestamp_attempt_squash_end --arg value 2024-03-04T06:03:48Z '{ key: $key, value: $value }'
+ break
++ date -u +%Y-%m-%dT%H:%M:%SZ
+ writetaskstat timestamp_end 2024-03-04T06:03:48Z
+ jq -nc --arg key timestamp_end --arg value 2024-03-04T06:03:48Z '{ key: $key, value: $value }'
+ rm /twcr/mnt/results/extract-failed
+ touch /twcr/mnt/results/extract-completed
