==== RUN-DOCKER
+++ dirname -- ./worker/run.sh
++ cd -- ./worker
++ pwd
+ twcrdir=/twcr/worker/..
+ repo=github.com/js-template/metablog-free
+ reporef=dev
+ repopath=./apps/site
+ '[' true == true ']'
+ grep -q '^././'
++ echo github.com/js-template/metablog-free
++ sha256sum
++ cut -c1-12
++ awk '{ print $1 }'
+ procdir=/tmp/twcr-883dbc852386
++ echo 'github.com/js-template/metablog-free;dev;./apps/site'
++ sha256sum
++ awk '{ print $1 }'
++ cut -c1-12
+ datadir=/twcr/worker/../mnt/dataset/data/ca86148469e4
+ '[' '!' -z /twcr/mnt/results ']'
+ datadir=/twcr/mnt/results
+ touch /twcr/mnt/results/extract-failed
++ base64
++ tr -d =
++ tr /+ _-
++ base64
++ tr -d =
++ tr /+ _-
+ writetaskstat analysis_key github.com/js-template/metablog-free/ZGV2Cg/Li9hcHBzL3NpdGUK
+ jq -nc --arg key analysis_key --arg value github.com/js-template/metablog-free/ZGV2Cg/Li9hcHBzL3NpdGUK '{ key: $key, value: $value }'
++ date -u +%Y%m%d%H%M%S
++ sha256sum
++ awk '{ print $1 }'
++ cut -c1-16
++ head -c 32 /dev/urandom
+ writetaskstat analysis_nonce 3cda1e710d5a1532
+ jq -nc --arg key analysis_nonce --arg value 3cda1e710d5a1532 '{ key: $key, value: $value }'
+ writetaskstat input_repo_name github.com/js-template/metablog-free
+ jq -nc --arg key input_repo_name --arg value github.com/js-template/metablog-free '{ key: $key, value: $value }'
+ writetaskstat input_repo_ref dev
+ jq -nc --arg key input_repo_ref --arg value dev '{ key: $key, value: $value }'
+ writetaskstat input_repo_path ./apps/site
+ jq -nc --arg key input_repo_path --arg value ./apps/site '{ key: $key, value: $value }'
++ date -u +%Y-%m-%dT%H:%M:%SZ
+ writetaskstat timestamp_begin 2024-03-04T09:02:06Z
+ jq -nc --arg key timestamp_begin --arg value 2024-03-04T09:02:06Z '{ key: $key, value: $value }'
+ mkdir -p /tmp/twcr-883dbc852386
/tmp/twcr-883dbc852386 /twcr
+ pushd /tmp/twcr-883dbc852386
+ '[' -d .git ']'
+ git clone --depth=1 -b dev https://github.com/js-template/metablog-free.git .
Cloning into '.'...
++ date -u +%Y-%m-%dT%H:%M:%SZ
+ writetaskstat timestamp_git_clone_complete 2024-03-04T09:02:07Z
+ jq -nc --arg key timestamp_git_clone_complete --arg value 2024-03-04T09:02:07Z '{ key: $key, value: $value }'
++ git rev-parse HEAD
+ writetaskstat exec_repo_commit_sha e5fbd74d77dd98b2eb59f23b1faf9bfec2cf52d5
+ jq -nc --arg key exec_repo_commit_sha --arg value e5fbd74d77dd98b2eb59f23b1faf9bfec2cf52d5 '{ key: $key, value: $value }'
+++ git show --no-patch --format=%ci
++ date -u --date '2023-10-21 11:58:32 +0600' +%Y-%m-%dT%H:%M:%SZ
+ writetaskstat exec_repo_commit_date 2023-10-21T05:58:32Z
+ jq -nc --arg key exec_repo_commit_date --arg value 2023-10-21T05:58:32Z '{ key: $key, value: $value }'
/tmp/twcr-883dbc852386/apps/site /tmp/twcr-883dbc852386 /twcr
+ '[' -z ./apps/site ']'
+ pushd ./apps/site
+ tailwind_config_file_name=
+ '[' -f tailwind.config.js ']'
+ tailwind_config_file_name=tailwind.config.js
+ writetaskstat exec_tailwind_config_file tailwind.config.js
+ jq -nc --arg key exec_tailwind_config_file --arg value tailwind.config.js '{ key: $key, value: $value }'
+ cp tailwind.config.js /twcr/mnt/results/extract-raw-tailwind-config.js
+ '[' '!' -f package.json ']'
+ cp package.json /twcr/mnt/results/extract-raw-package.json
++ /twcr/worker/../worker/pm-detect.sh /tmp/twcr-883dbc852386/apps/site
+ package_manager_name=
+ '[' -z '' ']'
+ '[' ./apps/site '!=' ./ ']'
++ /twcr/worker/../worker/pm-detect.sh /tmp/twcr-883dbc852386
+ package_manager_name=pnpm
+ '[' -z pnpm ']'
+ writetaskstat exec_node_package_manager pnpm
+ jq -nc --arg key exec_node_package_manager --arg value pnpm '{ key: $key, value: $value }'
+ attempt_mode=squash
+ true
++ date -u +%Y-%m-%dT%H:%M:%SZ
+ writetaskstat timestamp_attempt_squash_begin 2024-03-04T09:02:07Z
+ jq -nc --arg key timestamp_attempt_squash_begin --arg value 2024-03-04T09:02:07Z '{ key: $key, value: $value }'
+ [[ squash == \s\q\u\a\s\h ]]
+ set +e
+ node /twcr/worker/../worker/squash-package.mjs tailwind.config.js
+ exitcode=0
+ set -e
+ [[ 0 != \0 ]]
+ cat package.json
+ sed 's/^/>>> /'
>>> {
>>>   "name": "@jstemplate/site",
>>>   "version": "0.0.1",
>>>   "private": true,
>>>   "dependencies": {
>>>     "daisyui": "^2.51.3"
>>>   },
>>>   "devDependencies": {
>>>     "tailwindcss": "^3.2.7"
>>>   }
>>> }+ rm -f package-lock.json pnpm-lock.yaml yarn.lock
+ '[' ./apps/site '!=' ./ ']'
+ rm -f /tmp/twcr-883dbc852386/package.json /tmp/twcr-883dbc852386/package-lock.json /tmp/twcr-883dbc852386/pnpm-lock.yaml /tmp/twcr-883dbc852386/yarn.lock
+ set +e
+ /twcr/worker/../worker/pm-install.sh pnpm /tmp/twcr-883dbc852386 /twcr/mnt/results
+ package_manager_name=pnpm
+ procdir=/tmp/twcr-883dbc852386
+ datadir=/twcr/mnt/results
+ case "${package_manager_name}" in
+ '[' '!' -f /tmp/twcr-883dbc852386/package.json ']'
+ '[' '!' -f package.json ']'
++ pnpm -v
+ sed -Ei 's/("pnpm": ")(.+)(")/\18.15.4\3/' package.json
+ pnpm install
Scope: all 4 workspace projects
../..                                    | Progress: resolved 1, reused 0, downloaded 0, added 0
../..                                    | Progress: resolved 16, reused 0, downloaded 13, added 0
../..                                    | Progress: resolved 51, reused 0, downloaded 40, added 0
../..                                    | Progress: resolved 94, reused 0, downloaded 74, added 0
../..                                    | Progress: resolved 125, reused 0, downloaded 108, added 0
../..                                    | Progress: resolved 157, reused 0, downloaded 138, added 0
../..                                    | Progress: resolved 211, reused 0, downloaded 164, added 0
../..                                    | Progress: resolved 243, reused 0, downloaded 203, added 0
../..                                    | Progress: resolved 273, reused 0, downloaded 229, added 0
../..                                    | Progress: resolved 310, reused 0, downloaded 259, added 0
../..                                    | Progress: resolved 345, reused 0, downloaded 298, added 0
../..                                    | Progress: resolved 385, reused 0, downloaded 330, added 0
../..                                    | Progress: resolved 403, reused 0, downloaded 377, added 0
../..                                    | +386 ++++++++++++++++++++++++++++++++
../..                                    | Progress: resolved 407, reused 0, downloaded 385, added 386, done
.../esbuild@0.18.20/node_modules/esbuild postinstall$ node install.js
.../esbuild@0.18.20/node_modules/esbuild postinstall: Done

dependencies:
+ daisyui 2.52.0 (4.7.2 is available)

devDependencies:
+ tailwindcss 3.4.1

Done in 14.3s
+ pnpm ls --json
+ jq -cr '
        .[]
        | [.dependencies, .devDependencies, .optionalDependencies]
        | map(select(.))[]
        | to_entries
        | map({ name: .key, version: .value.version })
        | sort_by(.name)[]
      '
+ exitcode=0
+ set -e
+ [[ 0 != \0 ]]
++ jq -sr 'map(select(.name == "tailwindcss")) | first | .version'
+ tailwind_package_version=3.4.1
+ tailwind_config_exporter=tailwind.config.exporter2.cjs
+ '[' -f node_modules/tailwindcss/lib/lib/load-config.js ']'
+ tailwind_config_exporter=tailwind.config.exporter3.mjs
+ cp /twcr/worker/../worker/tailwind.config.exporter3.mjs ./
+ set +e
+ node ./tailwind.config.exporter3.mjs tailwind.config.js
+ exitcode=0
+ set -e
+ [[ 0 != \0 ]]
+ echo 'module.exports={plugins:['
+ jq -rs '
        map(select(.name | startswith("@tailwindcss/")))
        | map("require(" + ( .name | tojson ) + "),")[]
      '
+ grep -Ev '"@tailwindcss/postcss7-compat"'
+ true
+ echo ']}'
+ cat tailwind.config.js
+ sed 's/^/>>> /'
>>> module.exports={plugins:[
>>> ]}
+ node ./tailwind.config.exporter3.mjs tailwind.config.js
++ date -u +%Y-%m-%dT%H:%M:%SZ
+ writetaskstat timestamp_attempt_squash_end 2024-03-04T09:02:23Z
+ jq -nc --arg key timestamp_attempt_squash_end --arg value 2024-03-04T09:02:23Z '{ key: $key, value: $value }'
+ break
++ date -u +%Y-%m-%dT%H:%M:%SZ
+ writetaskstat timestamp_end 2024-03-04T09:02:23Z
+ jq -nc --arg key timestamp_end --arg value 2024-03-04T09:02:23Z '{ key: $key, value: $value }'
+ rm /twcr/mnt/results/extract-failed
+ touch /twcr/mnt/results/extract-completed
