==== RUN-DOCKER
+++ dirname -- ./worker/run.sh
++ cd -- ./worker
++ pwd
+ twcrdir=/twcr/worker/..
+ repo=github.com/amplication/amplication-site
+ reporef=main
+ repopath=./
+ '[' true == true ']'
+ grep -q '^././'
++ echo github.com/amplication/amplication-site
++ sha256sum
++ awk '{ print $1 }'
++ cut -c1-12
+ procdir=/tmp/twcr-258d0571adc2
++ echo 'github.com/amplication/amplication-site;main;./'
++ sha256sum
++ awk '{ print $1 }'
++ cut -c1-12
+ datadir=/twcr/worker/../mnt/dataset/data/d22a60af2906
+ '[' '!' -z /twcr/mnt/results ']'
+ datadir=/twcr/mnt/results
+ touch /twcr/mnt/results/extract-failed
++ base64
++ tr -d =
++ tr /+ _-
++ base64
++ tr -d =
++ tr /+ _-
+ writetaskstat analysis_key github.com/amplication/amplication-site/bWFpbgo/Li8K
+ jq -nc --arg key analysis_key --arg value github.com/amplication/amplication-site/bWFpbgo/Li8K '{ key: $key, value: $value }'
++ date -u +%Y%m%d%H%M%S
++ sha256sum
++ awk '{ print $1 }'
++ cut -c1-16
++ head -c 32 /dev/urandom
+ writetaskstat analysis_nonce b7aba7ca826898cd
+ jq -nc --arg key analysis_nonce --arg value b7aba7ca826898cd '{ key: $key, value: $value }'
+ writetaskstat input_repo_name github.com/amplication/amplication-site
+ jq -nc --arg key input_repo_name --arg value github.com/amplication/amplication-site '{ key: $key, value: $value }'
+ writetaskstat input_repo_ref main
+ jq -nc --arg key input_repo_ref --arg value main '{ key: $key, value: $value }'
+ writetaskstat input_repo_path ./
+ jq -nc --arg key input_repo_path --arg value ./ '{ key: $key, value: $value }'
++ date -u +%Y-%m-%dT%H:%M:%SZ
+ writetaskstat timestamp_begin 2024-03-04T10:55:01Z
+ jq -nc --arg key timestamp_begin --arg value 2024-03-04T10:55:01Z '{ key: $key, value: $value }'
+ mkdir -p /tmp/twcr-258d0571adc2
+ pushd /tmp/twcr-258d0571adc2
+ '[' -d .git ']'
+ git clone --depth=1 -b main https://github.com/amplication/amplication-site.git .
/tmp/twcr-258d0571adc2 /twcr
Cloning into '.'...
++ date -u +%Y-%m-%dT%H:%M:%SZ
+ writetaskstat timestamp_git_clone_complete 2024-03-04T10:55:04Z
+ jq -nc --arg key timestamp_git_clone_complete --arg value 2024-03-04T10:55:04Z '{ key: $key, value: $value }'
++ git rev-parse HEAD
+ writetaskstat exec_repo_commit_sha 1a4362959d12e93d9b8205eb202fb0702d866295
+ jq -nc --arg key exec_repo_commit_sha --arg value 1a4362959d12e93d9b8205eb202fb0702d866295 '{ key: $key, value: $value }'
+++ git show --no-patch --format=%ci
++ date -u --date '2024-03-04 09:11:50 +0200' +%Y-%m-%dT%H:%M:%SZ
+ writetaskstat exec_repo_commit_date 2024-03-04T07:11:50Z
+ jq -nc --arg key exec_repo_commit_date --arg value 2024-03-04T07:11:50Z '{ key: $key, value: $value }'
/tmp/twcr-258d0571adc2 /tmp/twcr-258d0571adc2 /twcr
+ '[' -z ./ ']'
+ pushd ./
+ tailwind_config_file_name=
+ '[' -f tailwind.config.js ']'
+ tailwind_config_file_name=tailwind.config.js
+ writetaskstat exec_tailwind_config_file tailwind.config.js
+ jq -nc --arg key exec_tailwind_config_file --arg value tailwind.config.js '{ key: $key, value: $value }'
+ cp tailwind.config.js /twcr/mnt/results/extract-raw-tailwind-config.js
+ '[' '!' -f package.json ']'
+ cp package.json /twcr/mnt/results/extract-raw-package.json
++ /twcr/worker/../worker/pm-detect.sh /tmp/twcr-258d0571adc2
+ package_manager_name=
+ '[' -z '' ']'
+ '[' ./ '!=' ./ ']'
+ '[' -z '' ']'
+ package_manager_name=npm
+ writetaskstat exec_node_package_manager npm
+ jq -nc --arg key exec_node_package_manager --arg value npm '{ key: $key, value: $value }'
+ attempt_mode=squash
+ true
++ date -u +%Y-%m-%dT%H:%M:%SZ
+ writetaskstat timestamp_attempt_squash_begin 2024-03-04T10:55:04Z
+ jq -nc --arg key timestamp_attempt_squash_begin --arg value 2024-03-04T10:55:04Z '{ key: $key, value: $value }'
+ [[ squash == \s\q\u\a\s\h ]]
+ set +e
+ node /twcr/worker/../worker/squash-package.mjs tailwind.config.js
+ exitcode=0
+ set -e
+ [[ 0 != \0 ]]
+ cat package.json
+ sed 's/^/>>> /'
>>> {
>>>   "name": "amplication",
>>>   "version": "0.1.0",
>>>   "private": true,
>>>   "engines": {
>>>     "node": ">=16.0.0 <17"
>>>   },
>>>   "dependencies": {
>>>     "tailwind-scrollbar-hide": "^1.1.7"
>>>   },
>>>   "devDependencies": {
>>>     "@tailwindcss/forms": "^0.5.3",
>>>     "@tailwindcss/line-clamp": "^0.4.2",
>>>     "tailwindcss": "^3.1.8"
>>>   }
>>> }+ rm -f package-lock.json pnpm-lock.yaml yarn.lock
+ '[' ./ '!=' ./ ']'
+ set +e
+ /twcr/worker/../worker/pm-install.sh npm /tmp/twcr-258d0571adc2 /twcr/mnt/results
+ package_manager_name=npm
+ procdir=/tmp/twcr-258d0571adc2
+ datadir=/twcr/mnt/results
+ case "${package_manager_name}" in
++ '[' -f package-lock.json ']'
++ echo install
+ npm install --ignore-engines
npm WARN EBADENGINE Unsupported engine {
npm WARN EBADENGINE   package: 'amplication@0.1.0',
npm WARN EBADENGINE   required: { node: '>=16.0.0 <17' },
npm WARN EBADENGINE   current: { node: 'v21.6.2', npm: '10.2.4' }
npm WARN EBADENGINE }

added 116 packages, and audited 117 packages in 4s

28 packages are looking for funding
  run `npm fund` for details

found 0 vulnerabilities
npm notice 
npm notice New minor version of npm available! 10.2.4 -> 10.5.0
npm notice Changelog: <https://github.com/npm/cli/releases/tag/v10.5.0>
npm notice Run `npm install -g npm@10.5.0` to update!
npm notice 
+ npm query '*'
+ jq -cr '
        map({ name: .name, version: .version })
        | map(select(.name))
        | sort_by(.name)[]
      '
+ exitcode=0
+ set -e
+ [[ 0 != \0 ]]
++ jq -sr 'map(select(.name == "tailwindcss")) | first | .version'
+ tailwind_package_version=3.4.1
+ tailwind_config_exporter=tailwind.config.exporter2.cjs
+ '[' -f node_modules/tailwindcss/lib/lib/load-config.js ']'
+ tailwind_config_exporter=tailwind.config.exporter3.mjs
+ cp /twcr/worker/../worker/tailwind.config.exporter3.mjs ./
+ set +e
+ node ./tailwind.config.exporter3.mjs tailwind.config.js
+ exitcode=0
+ set -e
+ [[ 0 != \0 ]]
+ echo 'module.exports={plugins:['
+ jq -rs '
        map(select(.name | startswith("@tailwindcss/")))
        | map("require(" + ( .name | tojson ) + "),")[]
      '
+ grep -Ev '"@tailwindcss/postcss7-compat"'
+ echo ']}'
+ cat tailwind.config.js
+ sed 's/^/>>> /'
>>> module.exports={plugins:[
>>> require("@tailwindcss/forms"),
>>> require("@tailwindcss/line-clamp"),
>>> ]}
+ node ./tailwind.config.exporter3.mjs tailwind.config.js
++ date -u +%Y-%m-%dT%H:%M:%SZ
+ writetaskstat timestamp_attempt_squash_end 2024-03-04T10:55:09Z
+ jq -nc --arg key timestamp_attempt_squash_end --arg value 2024-03-04T10:55:09Z '{ key: $key, value: $value }'
+ break
++ date -u +%Y-%m-%dT%H:%M:%SZ
+ writetaskstat timestamp_end 2024-03-04T10:55:09Z
+ jq -nc --arg key timestamp_end --arg value 2024-03-04T10:55:09Z '{ key: $key, value: $value }'
+ rm /twcr/mnt/results/extract-failed
+ touch /twcr/mnt/results/extract-completed
