==== RUN-DOCKER
+++ dirname -- ./worker/run.sh
++ cd -- ./worker
++ pwd
+ twcrdir=/twcr/worker/..
+ repo=github.com/devvsakib/power-the-web
+ reporef=main
+ repopath='./PROJECTS/React Website'
+ '[' true == true ']'
+ grep -q '^././'
++ echo github.com/devvsakib/power-the-web
++ sha256sum
++ awk '{ print $1 }'
++ cut -c1-12
+ procdir=/tmp/twcr-c6a5a561cc61
++ echo 'github.com/devvsakib/power-the-web;main;./PROJECTS/React Website'
++ sha256sum
++ awk '{ print $1 }'
++ cut -c1-12
+ datadir=/twcr/worker/../mnt/dataset/data/fa706d325b31
+ '[' '!' -z /twcr/mnt/results ']'
+ datadir=/twcr/mnt/results
+ touch /twcr/mnt/results/extract-failed
++ base64
++ tr -d =
++ tr /+ _-
++ base64
++ tr -d =
++ tr /+ _-
+ writetaskstat analysis_key github.com/devvsakib/power-the-web/bWFpbgo/Li9QUk9KRUNUUy9SZWFjdCBXZWJzaXRlCg
+ jq -nc --arg key analysis_key --arg value github.com/devvsakib/power-the-web/bWFpbgo/Li9QUk9KRUNUUy9SZWFjdCBXZWJzaXRlCg '{ key: $key, value: $value }'
++ date -u +%Y%m%d%H%M%S
++ sha256sum
++ awk '{ print $1 }'
++ cut -c1-16
++ head -c 32 /dev/urandom
+ writetaskstat analysis_nonce 743d8f393d512229
+ jq -nc --arg key analysis_nonce --arg value 743d8f393d512229 '{ key: $key, value: $value }'
+ writetaskstat input_repo_name github.com/devvsakib/power-the-web
+ jq -nc --arg key input_repo_name --arg value github.com/devvsakib/power-the-web '{ key: $key, value: $value }'
+ writetaskstat input_repo_ref main
+ jq -nc --arg key input_repo_ref --arg value main '{ key: $key, value: $value }'
+ writetaskstat input_repo_path './PROJECTS/React Website'
+ jq -nc --arg key input_repo_path --arg value './PROJECTS/React Website' '{ key: $key, value: $value }'
++ date -u +%Y-%m-%dT%H:%M:%SZ
+ writetaskstat timestamp_begin 2024-03-04T08:06:31Z
+ jq -nc --arg key timestamp_begin --arg value 2024-03-04T08:06:31Z '{ key: $key, value: $value }'
+ mkdir -p /tmp/twcr-c6a5a561cc61
+ pushd /tmp/twcr-c6a5a561cc61
+ '[' -d .git ']'
+ git clone --depth=1 -b main https://github.com/devvsakib/power-the-web.git .
/tmp/twcr-c6a5a561cc61 /twcr
Cloning into '.'...
++ date -u +%Y-%m-%dT%H:%M:%SZ
+ writetaskstat timestamp_git_clone_complete 2024-03-04T08:06:39Z
+ jq -nc --arg key timestamp_git_clone_complete --arg value 2024-03-04T08:06:39Z '{ key: $key, value: $value }'
++ git rev-parse HEAD
+ writetaskstat exec_repo_commit_sha a47a58916ce55f1c7c8e96b9f7b978449afb90e5
+ jq -nc --arg key exec_repo_commit_sha --arg value a47a58916ce55f1c7c8e96b9f7b978449afb90e5 '{ key: $key, value: $value }'
+++ git show --no-patch --format=%ci
++ date -u --date '2023-06-21 18:07:07 +0600' +%Y-%m-%dT%H:%M:%SZ
+ writetaskstat exec_repo_commit_date 2023-06-21T12:07:07Z
+ jq -nc --arg key exec_repo_commit_date --arg value 2023-06-21T12:07:07Z '{ key: $key, value: $value }'
+ '[' -z './PROJECTS/React Website' ']'
+ pushd './PROJECTS/React Website'
+ tailwind_config_file_name=
+ '[' -f tailwind.config.js ']'
+ tailwind_config_file_name=tailwind.config.js
+ writetaskstat exec_tailwind_config_file tailwind.config.js
+ jq -nc --arg key exec_tailwind_config_file --arg value tailwind.config.js '{ key: $key, value: $value }'
/tmp/twcr-c6a5a561cc61/PROJECTS/React Website /tmp/twcr-c6a5a561cc61 /twcr
+ cp tailwind.config.js /twcr/mnt/results/extract-raw-tailwind-config.js
+ '[' '!' -f package.json ']'
+ cp package.json /twcr/mnt/results/extract-raw-package.json
++ /twcr/worker/../worker/pm-detect.sh '/tmp/twcr-c6a5a561cc61/PROJECTS/React Website'
+ package_manager_name=
+ '[' -z '' ']'
+ '[' './PROJECTS/React Website' '!=' ./ ']'
++ /twcr/worker/../worker/pm-detect.sh /tmp/twcr-c6a5a561cc61
+ package_manager_name=yarn
+ '[' -z yarn ']'
+ writetaskstat exec_node_package_manager yarn
+ jq -nc --arg key exec_node_package_manager --arg value yarn '{ key: $key, value: $value }'
+ attempt_mode=squash
+ true
++ date -u +%Y-%m-%dT%H:%M:%SZ
+ writetaskstat timestamp_attempt_squash_begin 2024-03-04T08:06:39Z
+ jq -nc --arg key timestamp_attempt_squash_begin --arg value 2024-03-04T08:06:39Z '{ key: $key, value: $value }'
+ [[ squash == \s\q\u\a\s\h ]]
+ set +e
+ node /twcr/worker/../worker/squash-package.mjs tailwind.config.js
+ exitcode=0
+ set -e
+ [[ 0 != \0 ]]
+ cat package.json
+ sed 's/^/>>> /'
>>> {
>>>   "name": "my-app",
>>>   "version": "0.1.0",
>>>   "private": true,
>>>   "dependencies": {},
>>>   "eslintConfig": {
>>>     "extends": [
>>>       "react-app",
>>>       "react-app/jest"
>>>     ]
>>>   },
>>>   "browserslist": {
>>>     "production": [
>>>       ">0.2%",
>>>       "not dead",
>>>       "not op_mini all"
>>>     ],
>>>     "development": [
>>>       "last 1 chrome version",
>>>       "last 1 firefox version",
>>>       "last 1 safari version"
>>>     ]
>>>   },
>>>   "devDependencies": {
>>>     "tailwindcss": "^3.2.0"
>>>   }
>>> }+ rm -f package-lock.json pnpm-lock.yaml yarn.lock
+ '[' './PROJECTS/React Website' '!=' ./ ']'
+ rm -f /tmp/twcr-c6a5a561cc61/package.json /tmp/twcr-c6a5a561cc61/package-lock.json /tmp/twcr-c6a5a561cc61/pnpm-lock.yaml /tmp/twcr-c6a5a561cc61/yarn.lock
+ set +e
+ /twcr/worker/../worker/pm-install.sh yarn /tmp/twcr-c6a5a561cc61 /twcr/mnt/results
+ package_manager_name=yarn
+ procdir=/tmp/twcr-c6a5a561cc61
+ datadir=/twcr/mnt/results
+ case "${package_manager_name}" in
+ '[' -z http://tid_75dc3d51d650:ok@172.18.0.2:3128 ']'
+ yarn config set httpProxy http://tid_75dc3d51d650:ok@172.18.0.2:3128
yarn config v1.22.19
success Set "httpProxy" to "http://tid_75dc3d51d650:ok@172.18.0.2:3128".
Done in 0.04s.
+ '[' -z http://tid_75dc3d51d650:ok@172.18.0.2:3128 ']'
+ yarn config set httpsProxy http://tid_75dc3d51d650:ok@172.18.0.2:3128
yarn config v1.22.19
success Set "httpsProxy" to "http://tid_75dc3d51d650:ok@172.18.0.2:3128".
Done in 0.04s.
+ yarn install
yarn install v1.22.19
info No lockfile found.
[1/4] Resolving packages...
(node:145) [DEP0040] DeprecationWarning: The `punycode` module is deprecated. Please use a userland alternative instead.
(Use `node --trace-deprecation ...` to show where the warning was created)
[2/4] Fetching packages...
[3/4] Linking dependencies...
[4/4] Building fresh packages...
success Saved lockfile.
Done in 6.00s.
+ yarn list --depth=0 --json --non-interactive --no-progress
+ jq -cr '
        [.. | .name?]
        | map(select(.))
        | map(capture("^(?<name>@?[^@]+)@(?<version>.+)$"))
        | sort_by(.name)[]'
+ exitcode=0
+ set -e
+ [[ 0 != \0 ]]
++ jq -sr 'map(select(.name == "tailwindcss")) | first | .version'
+ tailwind_package_version=3.4.1
+ tailwind_config_exporter=tailwind.config.exporter2.cjs
+ '[' -f node_modules/tailwindcss/lib/lib/load-config.js ']'
+ tailwind_config_exporter=tailwind.config.exporter3.mjs
+ cp /twcr/worker/../worker/tailwind.config.exporter3.mjs ./
+ set +e
+ node ./tailwind.config.exporter3.mjs tailwind.config.js
+ exitcode=0
+ set -e
+ [[ 0 != \0 ]]
+ echo 'module.exports={plugins:['
+ jq -rs '
        map(select(.name | startswith("@tailwindcss/")))
        | map("require(" + ( .name | tojson ) + "),")[]
      '
+ grep -Ev '"@tailwindcss/postcss7-compat"'
+ true
+ echo ']}'
+ cat tailwind.config.js
+ sed 's/^/>>> /'
>>> module.exports={plugins:[
>>> ]}
+ node ./tailwind.config.exporter3.mjs tailwind.config.js
++ date -u +%Y-%m-%dT%H:%M:%SZ
+ writetaskstat timestamp_attempt_squash_end 2024-03-04T08:06:46Z
+ jq -nc --arg key timestamp_attempt_squash_end --arg value 2024-03-04T08:06:46Z '{ key: $key, value: $value }'
+ break
++ date -u +%Y-%m-%dT%H:%M:%SZ
+ writetaskstat timestamp_end 2024-03-04T08:06:46Z
+ jq -nc --arg key timestamp_end --arg value 2024-03-04T08:06:46Z '{ key: $key, value: $value }'
+ rm /twcr/mnt/results/extract-failed
+ touch /twcr/mnt/results/extract-completed
