==== RUN-DOCKER
+++ dirname -- ./worker/run.sh
++ cd -- ./worker
++ pwd
+ twcrdir=/twcr/worker/..
+ repo=github.com/steven-tey/novel
+ reporef=main
+ repopath=./apps/web
+ '[' true == true ']'
+ grep -q '^././'
++ echo github.com/steven-tey/novel
++ sha256sum
++ awk '{ print $1 }'
++ cut -c1-12
+ procdir=/tmp/twcr-f00ee8e982d7
++ echo 'github.com/steven-tey/novel;main;./apps/web'
++ sha256sum
++ awk '{ print $1 }'
++ cut -c1-12
+ datadir=/twcr/worker/../mnt/dataset/data/9212c310bacd
+ '[' '!' -z /twcr/mnt/results ']'
+ datadir=/twcr/mnt/results
+ touch /twcr/mnt/results/extract-failed
++ base64
++ tr -d =
++ tr /+ _-
++ base64
++ tr -d =
++ tr /+ _-
+ writetaskstat analysis_key github.com/steven-tey/novel/bWFpbgo/Li9hcHBzL3dlYgo
+ jq -nc --arg key analysis_key --arg value github.com/steven-tey/novel/bWFpbgo/Li9hcHBzL3dlYgo '{ key: $key, value: $value }'
++ date -u +%Y%m%d%H%M%S
++ sha256sum
++ awk '{ print $1 }'
++ cut -c1-16
++ head -c 32 /dev/urandom
+ writetaskstat analysis_nonce f05887be5f57af5d
+ jq -nc --arg key analysis_nonce --arg value f05887be5f57af5d '{ key: $key, value: $value }'
+ writetaskstat input_repo_name github.com/steven-tey/novel
+ jq -nc --arg key input_repo_name --arg value github.com/steven-tey/novel '{ key: $key, value: $value }'
+ writetaskstat input_repo_ref main
+ jq -nc --arg key input_repo_ref --arg value main '{ key: $key, value: $value }'
+ writetaskstat input_repo_path ./apps/web
+ jq -nc --arg key input_repo_path --arg value ./apps/web '{ key: $key, value: $value }'
++ date -u +%Y-%m-%dT%H:%M:%SZ
+ writetaskstat timestamp_begin 2024-03-04T00:57:58Z
+ jq -nc --arg key timestamp_begin --arg value 2024-03-04T00:57:58Z '{ key: $key, value: $value }'
+ mkdir -p /tmp/twcr-f00ee8e982d7
+ pushd /tmp/twcr-f00ee8e982d7
+ '[' -d .git ']'
+ git clone --depth=1 -b main https://github.com/steven-tey/novel.git .
/tmp/twcr-f00ee8e982d7 /twcr
Cloning into '.'...
++ date -u +%Y-%m-%dT%H:%M:%SZ
+ writetaskstat timestamp_git_clone_complete 2024-03-04T00:57:59Z
+ jq -nc --arg key timestamp_git_clone_complete --arg value 2024-03-04T00:57:59Z '{ key: $key, value: $value }'
++ git rev-parse HEAD
+ writetaskstat exec_repo_commit_sha 5cd8771895f889b514c4e94f0db95bcb1416f979
+ jq -nc --arg key exec_repo_commit_sha --arg value 5cd8771895f889b514c4e94f0db95bcb1416f979 '{ key: $key, value: $value }'
+++ git show --no-patch --format=%ci
++ date -u --date '2024-03-03 11:22:33 +0200' +%Y-%m-%dT%H:%M:%SZ
+ writetaskstat exec_repo_commit_date 2024-03-03T09:22:33Z
+ jq -nc --arg key exec_repo_commit_date --arg value 2024-03-03T09:22:33Z '{ key: $key, value: $value }'
+ '[' -z ./apps/web ']'
+ pushd ./apps/web
+ tailwind_config_file_name=
+ '[' -f tailwind.config.js ']'
+ '[' -f tailwind.config.cjs ']'
+ '[' -f tailwind.config.mjs ']'
+ '[' -f tailwind.config.ts ']'
+ tailwind_config_file_name=tailwind.config.ts
+ writetaskstat exec_tailwind_config_file tailwind.config.ts
/tmp/twcr-f00ee8e982d7/apps/web /tmp/twcr-f00ee8e982d7 /twcr
+ jq -nc --arg key exec_tailwind_config_file --arg value tailwind.config.ts '{ key: $key, value: $value }'
+ cp tailwind.config.ts /twcr/mnt/results/extract-raw-tailwind-config.js
+ '[' '!' -f package.json ']'
+ cp package.json /twcr/mnt/results/extract-raw-package.json
++ /twcr/worker/../worker/pm-detect.sh /tmp/twcr-f00ee8e982d7/apps/web
+ package_manager_name=
+ '[' -z '' ']'
+ '[' ./apps/web '!=' ./ ']'
++ /twcr/worker/../worker/pm-detect.sh /tmp/twcr-f00ee8e982d7
+ package_manager_name=pnpm
+ '[' -z pnpm ']'
+ writetaskstat exec_node_package_manager pnpm
+ jq -nc --arg key exec_node_package_manager --arg value pnpm '{ key: $key, value: $value }'
+ attempt_mode=squash
+ true
++ date -u +%Y-%m-%dT%H:%M:%SZ
+ writetaskstat timestamp_attempt_squash_begin 2024-03-04T00:57:59Z
+ jq -nc --arg key timestamp_attempt_squash_begin --arg value 2024-03-04T00:57:59Z '{ key: $key, value: $value }'
+ [[ squash == \s\q\u\a\s\h ]]
+ set +e
+ node /twcr/worker/../worker/squash-package.mjs tailwind.config.ts
+ exitcode=0
+ set -e
+ [[ 0 != \0 ]]
+ cat package.json
+ sed 's/^/>>> /'
>>> {
>>>   "name": "novel-next-app",
>>>   "version": "0.1.0",
>>>   "private": true,
>>>   "dependencies": {
>>>     "@tailwindcss/typography": "^0.5.10",
>>>     "tailwindcss-animate": "^1.0.6"
>>>   },
>>>   "devDependencies": {
>>>     "tailwindcss": "^3.4.1"
>>>   }
>>> }+ rm -f package-lock.json pnpm-lock.yaml yarn.lock
+ '[' ./apps/web '!=' ./ ']'
+ rm -f /tmp/twcr-f00ee8e982d7/package.json /tmp/twcr-f00ee8e982d7/package-lock.json /tmp/twcr-f00ee8e982d7/pnpm-lock.yaml /tmp/twcr-f00ee8e982d7/yarn.lock
+ set +e
+ /twcr/worker/../worker/pm-install.sh pnpm /tmp/twcr-f00ee8e982d7 /twcr/mnt/results
+ package_manager_name=pnpm
+ procdir=/tmp/twcr-f00ee8e982d7
+ datadir=/twcr/mnt/results
+ case "${package_manager_name}" in
+ '[' '!' -f /tmp/twcr-f00ee8e982d7/package.json ']'
+ '[' '!' -f package.json ']'
++ pnpm -v
+ sed -Ei 's/("pnpm": ")(.+)(")/\18.15.4\3/' package.json
+ pnpm install
Scope: all 4 workspace projects
../..                                    | Progress: resolved 1, reused 0, downloaded 0, added 0
../..                                    | Progress: resolved 26, reused 0, downloaded 12, added 0
../..                                    | Progress: resolved 47, reused 0, downloaded 43, added 0
../..                                    | Progress: resolved 82, reused 0, downloaded 74, added 0
../..                                    | Progress: resolved 117, reused 0, downloaded 105, added 0
../..                                    | Progress: resolved 146, reused 0, downloaded 126, added 0
../..                                    | Progress: resolved 179, reused 0, downloaded 158, added 0
../..                                    | Progress: resolved 228, reused 0, downloaded 184, added 0
../..                                    | Progress: resolved 267, reused 0, downloaded 213, added 0
../..                                    | Progress: resolved 306, reused 0, downloaded 246, added 0
../..                                    | Progress: resolved 340, reused 0, downloaded 279, added 0
../..                                    | Progress: resolved 373, reused 0, downloaded 312, added 0
../..                                    | Progress: resolved 406, reused 0, downloaded 351, added 0
../..                                    | +375 ++++++++++++++++++++++++++++++++
../..                                    | Progress: resolved 409, reused 0, downloaded 374, added 374
../..                                    | Progress: resolved 409, reused 0, downloaded 375, added 375, done
.../esbuild@0.19.12/node_modules/esbuild postinstall$ node install.js
.../esbuild@0.19.12/node_modules/esbuild postinstall: Done

dependencies:
+ @tailwindcss/typography 0.5.10
+ tailwindcss-animate 1.0.7

devDependencies:
+ tailwindcss 3.4.1

Done in 14.8s
+ pnpm ls --json
+ jq -cr '
        .[]
        | [.dependencies, .devDependencies, .optionalDependencies]
        | map(select(.))[]
        | to_entries
        | map({ name: .key, version: .value.version })
        | sort_by(.name)[]
      '
+ exitcode=0
+ set -e
+ [[ 0 != \0 ]]
++ jq -sr 'map(select(.name == "tailwindcss")) | first | .version'
+ tailwind_package_version=3.4.1
+ tailwind_config_exporter=tailwind.config.exporter2.cjs
+ '[' -f node_modules/tailwindcss/lib/lib/load-config.js ']'
+ tailwind_config_exporter=tailwind.config.exporter3.mjs
+ cp /twcr/worker/../worker/tailwind.config.exporter3.mjs ./
+ set +e
+ node ./tailwind.config.exporter3.mjs tailwind.config.ts
+ exitcode=0
+ set -e
+ [[ 0 != \0 ]]
+ echo 'module.exports={plugins:['
+ jq -rs '
        map(select(.name | startswith("@tailwindcss/")))
        | map("require(" + ( .name | tojson ) + "),")[]
      '
+ grep -Ev '"@tailwindcss/postcss7-compat"'
+ echo ']}'
+ cat tailwind.config.ts
+ sed 's/^/>>> /'
>>> module.exports={plugins:[
>>> require("@tailwindcss/typography"),
>>> ]}
+ node ./tailwind.config.exporter3.mjs tailwind.config.ts
++ date -u +%Y-%m-%dT%H:%M:%SZ
+ writetaskstat timestamp_attempt_squash_end 2024-03-04T00:58:16Z
+ jq -nc --arg key timestamp_attempt_squash_end --arg value 2024-03-04T00:58:16Z '{ key: $key, value: $value }'
+ break
++ date -u +%Y-%m-%dT%H:%M:%SZ
+ writetaskstat timestamp_end 2024-03-04T00:58:16Z
+ jq -nc --arg key timestamp_end --arg value 2024-03-04T00:58:16Z '{ key: $key, value: $value }'
+ rm /twcr/mnt/results/extract-failed
+ touch /twcr/mnt/results/extract-completed
