==== RUN-DOCKER
+++ dirname -- ./worker/run.sh
++ cd -- ./worker
++ pwd
+ twcrdir=/twcr/worker/..
+ repo=github.com/hilverd/glossary-page-template
+ reporef=main
+ repopath=./
+ '[' true == true ']'
+ grep -q '^././'
++ echo github.com/hilverd/glossary-page-template
++ sha256sum
++ awk '{ print $1 }'
++ cut -c1-12
+ procdir=/tmp/twcr-7ec1082a1ded
++ echo 'github.com/hilverd/glossary-page-template;main;./'
++ sha256sum
++ awk '{ print $1 }'
++ cut -c1-12
+ datadir=/twcr/worker/../mnt/dataset/data/18a352d97207
+ '[' '!' -z /twcr/mnt/results ']'
+ datadir=/twcr/mnt/results
+ touch /twcr/mnt/results/extract-failed
++ base64
++ tr -d =
++ tr /+ _-
++ base64
++ tr -d =
++ tr /+ _-
+ writetaskstat analysis_key github.com/hilverd/glossary-page-template/bWFpbgo/Li8K
+ jq -nc --arg key analysis_key --arg value github.com/hilverd/glossary-page-template/bWFpbgo/Li8K '{ key: $key, value: $value }'
++ date -u +%Y%m%d%H%M%S
++ sha256sum
++ awk '{ print $1 }'
++ cut -c1-16
++ head -c 32 /dev/urandom
+ writetaskstat analysis_nonce 7daedee546ac8691
+ jq -nc --arg key analysis_nonce --arg value 7daedee546ac8691 '{ key: $key, value: $value }'
+ writetaskstat input_repo_name github.com/hilverd/glossary-page-template
+ jq -nc --arg key input_repo_name --arg value github.com/hilverd/glossary-page-template '{ key: $key, value: $value }'
+ writetaskstat input_repo_ref main
+ jq -nc --arg key input_repo_ref --arg value main '{ key: $key, value: $value }'
+ writetaskstat input_repo_path ./
+ jq -nc --arg key input_repo_path --arg value ./ '{ key: $key, value: $value }'
++ date -u +%Y-%m-%dT%H:%M:%SZ
+ writetaskstat timestamp_begin 2024-03-04T07:26:18Z
+ jq -nc --arg key timestamp_begin --arg value 2024-03-04T07:26:18Z '{ key: $key, value: $value }'
+ mkdir -p /tmp/twcr-7ec1082a1ded
+ pushd /tmp/twcr-7ec1082a1ded
+ '[' -d .git ']'
+ git clone --depth=1 -b main https://github.com/hilverd/glossary-page-template.git .
/tmp/twcr-7ec1082a1ded /twcr
Cloning into '.'...
++ date -u +%Y-%m-%dT%H:%M:%SZ
+ writetaskstat timestamp_git_clone_complete 2024-03-04T07:26:19Z
+ jq -nc --arg key timestamp_git_clone_complete --arg value 2024-03-04T07:26:19Z '{ key: $key, value: $value }'
++ git rev-parse HEAD
+ writetaskstat exec_repo_commit_sha 2da2a5479b01ae021d4dd1eb585ce29a1dbf5809
+ jq -nc --arg key exec_repo_commit_sha --arg value 2da2a5479b01ae021d4dd1eb585ce29a1dbf5809 '{ key: $key, value: $value }'
+++ git show --no-patch --format=%ci
++ date -u --date '2024-03-03 10:33:15 +0000' +%Y-%m-%dT%H:%M:%SZ
+ writetaskstat exec_repo_commit_date 2024-03-03T10:33:15Z
+ jq -nc --arg key exec_repo_commit_date --arg value 2024-03-03T10:33:15Z '{ key: $key, value: $value }'
+ '[' -z ./ ']'
+ pushd ./
+ tailwind_config_file_name=
+ '[' -f tailwind.config.js ']'
+ tailwind_config_file_name=tailwind.config.js
+ writetaskstat exec_tailwind_config_file tailwind.config.js
+ jq -nc --arg key exec_tailwind_config_file --arg value tailwind.config.js '{ key: $key, value: $value }'
/tmp/twcr-7ec1082a1ded /tmp/twcr-7ec1082a1ded /twcr
+ cp tailwind.config.js /twcr/mnt/results/extract-raw-tailwind-config.js
+ '[' '!' -f package.json ']'
+ cp package.json /twcr/mnt/results/extract-raw-package.json
++ /twcr/worker/../worker/pm-detect.sh /tmp/twcr-7ec1082a1ded
+ package_manager_name=pnpm
+ '[' -z pnpm ']'
+ '[' -z pnpm ']'
+ writetaskstat exec_node_package_manager pnpm
+ jq -nc --arg key exec_node_package_manager --arg value pnpm '{ key: $key, value: $value }'
+ attempt_mode=squash
+ true
++ date -u +%Y-%m-%dT%H:%M:%SZ
+ writetaskstat timestamp_attempt_squash_begin 2024-03-04T07:26:19Z
+ jq -nc --arg key timestamp_attempt_squash_begin --arg value 2024-03-04T07:26:19Z '{ key: $key, value: $value }'
+ [[ squash == \s\q\u\a\s\h ]]
+ set +e
+ node /twcr/worker/../worker/squash-package.mjs tailwind.config.js
+ exitcode=0
+ set -e
+ [[ 0 != \0 ]]
+ cat package.json
+ sed 's/^/>>> /'
>>> {
>>>   "name": "glossary-page-template",
>>>   "version": "4.5.1",
>>>   "description": "Create a glossary as a single HTML page hosted anywhere.",
>>>   "private": true,
>>>   "author": "Hilverd Reker",
>>>   "bugs": {
>>>     "url": "https://github.com/hilverd/glossary-page-template/issues"
>>>   },
>>>   "homepage": "https://glossary.page/template",
>>>   "browserslist": "> 0.5%, last 2 versions, not dead",
>>>   "devDependencies": {
>>>     "@tailwindcss/forms": "^0.5.7",
>>>     "@tailwindcss/typography": "^0.5.10",
>>>     "tailwindcss": "^3.4.1"
>>>   },
>>>   "pnpm": {
>>>     "overrides": {
>>>       "minimist@<1.2.6": ">=1.2.6",
>>>       "json-schema@<0.4.0": ">=0.4.0",
>>>       "got@<11.8.5": ">=11.8.5",
>>>       "qs@>=6.5.0 <6.5.3": ">=6.5.3",
>>>       "qs@>=6.7.0 <6.7.3": ">=6.7.3",
>>>       "http-cache-semantics@<4.1.1": ">=4.1.1",
>>>       "semver@<7.5.2": ">=7.5.2",
>>>       "tough-cookie@<4.1.3": ">=4.1.3",
>>>       "vite@>=5.0.0 <=5.0.11": ">=5.0.12"
>>>     }
>>>   }
>>> }+ rm -f package-lock.json pnpm-lock.yaml yarn.lock
+ '[' ./ '!=' ./ ']'
+ set +e
+ /twcr/worker/../worker/pm-install.sh pnpm /tmp/twcr-7ec1082a1ded /twcr/mnt/results
+ package_manager_name=pnpm
+ procdir=/tmp/twcr-7ec1082a1ded
+ datadir=/twcr/mnt/results
+ case "${package_manager_name}" in
+ '[' '!' -f /tmp/twcr-7ec1082a1ded/package.json ']'
++ pnpm -v
+ sed -Ei 's/("pnpm": ")(.+)(")/\18.15.4\3/' /tmp/twcr-7ec1082a1ded/package.json
+ '[' '!' -f package.json ']'
++ pnpm -v
+ sed -Ei 's/("pnpm": ")(.+)(")/\18.15.4\3/' package.json
+ pnpm install
Progress: resolved 1, reused 0, downloaded 0, added 0
Progress: resolved 29, reused 0, downloaded 19, added 0
Progress: resolved 67, reused 0, downloaded 55, added 0
Progress: resolved 100, reused 0, downloaded 88, added 0
Packages: +112
++++++++++++++++++++++++++++++++++++++++++++++++++++++++++++++++++++++++++++++++
Progress: resolved 113, reused 0, downloaded 112, added 112, done

devDependencies:
+ @tailwindcss/forms 0.5.7
+ @tailwindcss/typography 0.5.10
+ tailwindcss 3.4.1

Done in 4.5s
+ pnpm ls --json
+ jq -cr '
        .[]
        | [.dependencies, .devDependencies, .optionalDependencies]
        | map(select(.))[]
        | to_entries
        | map({ name: .key, version: .value.version })
        | sort_by(.name)[]
      '
+ exitcode=0
+ set -e
+ [[ 0 != \0 ]]
++ jq -sr 'map(select(.name == "tailwindcss")) | first | .version'
+ tailwind_package_version=3.4.1
+ tailwind_config_exporter=tailwind.config.exporter2.cjs
+ '[' -f node_modules/tailwindcss/lib/lib/load-config.js ']'
+ tailwind_config_exporter=tailwind.config.exporter3.mjs
+ cp /twcr/worker/../worker/tailwind.config.exporter3.mjs ./
+ set +e
+ node ./tailwind.config.exporter3.mjs tailwind.config.js
+ exitcode=0
+ set -e
+ [[ 0 != \0 ]]
+ echo 'module.exports={plugins:['
+ jq -rs '
        map(select(.name | startswith("@tailwindcss/")))
        | map("require(" + ( .name | tojson ) + "),")[]
      '
+ grep -Ev '"@tailwindcss/postcss7-compat"'
+ echo ']}'
+ cat tailwind.config.js
+ sed 's/^/>>> /'
>>> module.exports={plugins:[
>>> require("@tailwindcss/forms"),
>>> require("@tailwindcss/typography"),
>>> ]}
+ node ./tailwind.config.exporter3.mjs tailwind.config.js
++ date -u +%Y-%m-%dT%H:%M:%SZ
+ writetaskstat timestamp_attempt_squash_end 2024-03-04T07:26:25Z
+ jq -nc --arg key timestamp_attempt_squash_end --arg value 2024-03-04T07:26:25Z '{ key: $key, value: $value }'
+ break
++ date -u +%Y-%m-%dT%H:%M:%SZ
+ writetaskstat timestamp_end 2024-03-04T07:26:25Z
+ jq -nc --arg key timestamp_end --arg value 2024-03-04T07:26:25Z '{ key: $key, value: $value }'
+ rm /twcr/mnt/results/extract-failed
+ touch /twcr/mnt/results/extract-completed
