==== RUN-DOCKER
+++ dirname -- ./worker/run.sh
++ cd -- ./worker
++ pwd
+ twcrdir=/twcr/worker/..
+ repo=github.com/sokhuong-uon/discord-clone-old
+ reporef=master
+ repopath=./
+ '[' true == true ']'
+ grep -q '^././'
++ sha256sum
++ awk '{ print $1 }'
++ cut -c1-12
++ echo github.com/sokhuong-uon/discord-clone-old
+ procdir=/tmp/twcr-6502daaf37cb
++ echo 'github.com/sokhuong-uon/discord-clone-old;master;./'
++ sha256sum
++ awk '{ print $1 }'
++ cut -c1-12
+ datadir=/twcr/worker/../mnt/dataset/data/de1e9b13dcbe
+ '[' '!' -z /twcr/mnt/results ']'
+ datadir=/twcr/mnt/results
+ touch /twcr/mnt/results/extract-failed
++ base64
++ tr -d =
++ tr /+ _-
++ base64
++ tr -d =
++ tr /+ _-
+ writetaskstat analysis_key github.com/sokhuong-uon/discord-clone-old/bWFzdGVyCg/Li8K
+ jq -nc --arg key analysis_key --arg value github.com/sokhuong-uon/discord-clone-old/bWFzdGVyCg/Li8K '{ key: $key, value: $value }'
++ date -u +%Y%m%d%H%M%S
++ sha256sum
++ awk '{ print $1 }'
++ cut -c1-16
++ head -c 32 /dev/urandom
+ writetaskstat analysis_nonce 56bb80e90f381b79
+ jq -nc --arg key analysis_nonce --arg value 56bb80e90f381b79 '{ key: $key, value: $value }'
+ writetaskstat input_repo_name github.com/sokhuong-uon/discord-clone-old
+ jq -nc --arg key input_repo_name --arg value github.com/sokhuong-uon/discord-clone-old '{ key: $key, value: $value }'
+ writetaskstat input_repo_ref master
+ jq -nc --arg key input_repo_ref --arg value master '{ key: $key, value: $value }'
+ writetaskstat input_repo_path ./
+ jq -nc --arg key input_repo_path --arg value ./ '{ key: $key, value: $value }'
++ date -u +%Y-%m-%dT%H:%M:%SZ
+ writetaskstat timestamp_begin 2024-03-05T03:50:02Z
+ jq -nc --arg key timestamp_begin --arg value 2024-03-05T03:50:02Z '{ key: $key, value: $value }'
+ mkdir -p /tmp/twcr-6502daaf37cb
/tmp/twcr-6502daaf37cb /twcr
+ pushd /tmp/twcr-6502daaf37cb
+ '[' -d .git ']'
+ git clone --depth=1 -b master https://github.com/sokhuong-uon/discord-clone-old.git .
Cloning into '.'...
++ date -u +%Y-%m-%dT%H:%M:%SZ
+ writetaskstat timestamp_git_clone_complete 2024-03-05T03:50:03Z
+ jq -nc --arg key timestamp_git_clone_complete --arg value 2024-03-05T03:50:03Z '{ key: $key, value: $value }'
++ git rev-parse HEAD
+ writetaskstat exec_repo_commit_sha 5b77a09d13a807ccdf67a936b1d843c5cd274978
+ jq -nc --arg key exec_repo_commit_sha --arg value 5b77a09d13a807ccdf67a936b1d843c5cd274978 '{ key: $key, value: $value }'
+++ git show --no-patch --format=%ci
++ date -u --date '2023-08-16 19:55:54 +0700' +%Y-%m-%dT%H:%M:%SZ
+ writetaskstat exec_repo_commit_date 2023-08-16T12:55:54Z
+ jq -nc --arg key exec_repo_commit_date --arg value 2023-08-16T12:55:54Z '{ key: $key, value: $value }'
/tmp/twcr-6502daaf37cb /tmp/twcr-6502daaf37cb /twcr
+ '[' -z ./ ']'
+ pushd ./
+ tailwind_config_file_name=
+ '[' -f tailwind.config.js ']'
+ tailwind_config_file_name=tailwind.config.js
+ writetaskstat exec_tailwind_config_file tailwind.config.js
+ jq -nc --arg key exec_tailwind_config_file --arg value tailwind.config.js '{ key: $key, value: $value }'
+ cp tailwind.config.js /twcr/mnt/results/extract-raw-tailwind-config.js
+ '[' '!' -f package.json ']'
+ cp package.json /twcr/mnt/results/extract-raw-package.json
++ /twcr/worker/../worker/pm-detect.sh /tmp/twcr-6502daaf37cb
+ package_manager_name=pnpm
+ '[' -z pnpm ']'
+ '[' -z pnpm ']'
+ writetaskstat exec_node_package_manager pnpm
+ jq -nc --arg key exec_node_package_manager --arg value pnpm '{ key: $key, value: $value }'
+ attempt_mode=squash
+ true
++ date -u +%Y-%m-%dT%H:%M:%SZ
+ writetaskstat timestamp_attempt_squash_begin 2024-03-05T03:50:03Z
+ jq -nc --arg key timestamp_attempt_squash_begin --arg value 2024-03-05T03:50:03Z '{ key: $key, value: $value }'
+ [[ squash == \s\q\u\a\s\h ]]
+ set +e
+ node /twcr/worker/../worker/squash-package.mjs tailwind.config.js
+ exitcode=0
+ set -e
+ [[ 0 != \0 ]]
+ cat package.json
+ sed 's/^/>>> /'
>>> {
>>>   "name": "discord-clone",
>>>   "version": "1.0.0",
>>>   "private": false,
>>>   "devDependencies": {
>>>     "tailwindcss": "^3.3.2"
>>>   }
>>> }+ rm -f package-lock.json pnpm-lock.yaml yarn.lock
+ '[' ./ '!=' ./ ']'
+ set +e
+ /twcr/worker/../worker/pm-install.sh pnpm /tmp/twcr-6502daaf37cb /twcr/mnt/results
+ package_manager_name=pnpm
+ procdir=/tmp/twcr-6502daaf37cb
+ datadir=/twcr/mnt/results
+ case "${package_manager_name}" in
+ '[' '!' -f /tmp/twcr-6502daaf37cb/package.json ']'
++ pnpm -v
+ sed -Ei 's/("pnpm": ")(.+)(")/\18.15.4\3/' /tmp/twcr-6502daaf37cb/package.json
+ '[' '!' -f package.json ']'
++ pnpm -v
+ sed -Ei 's/("pnpm": ")(.+)(")/\18.15.4\3/' package.json
+ pnpm install
Progress: resolved 1, reused 0, downloaded 0, added 0
Progress: resolved 24, reused 0, downloaded 21, added 0
Progress: resolved 59, reused 0, downloaded 51, added 0
Progress: resolved 83, reused 0, downloaded 75, added 0
Progress: resolved 105, reused 0, downloaded 103, added 0
Packages: +105
++++++++++++++++++++++++++++++++++++++++++++++++++++++++++++++++++++++++++++++++
Progress: resolved 106, reused 0, downloaded 105, added 105, done

devDependencies:
+ tailwindcss 3.4.1

Done in 5.7s
+ pnpm ls --json
+ jq -cr '
        .[]
        | [.dependencies, .devDependencies, .optionalDependencies]
        | map(select(.))[]
        | to_entries
        | map({ name: .key, version: .value.version })
        | sort_by(.name)[]
      '
+ exitcode=0
+ set -e
+ [[ 0 != \0 ]]
++ jq -sr 'map(select(.name == "tailwindcss")) | first | .version'
+ tailwind_package_version=3.4.1
+ tailwind_config_exporter=tailwind.config.exporter2.cjs
+ '[' -f node_modules/tailwindcss/lib/lib/load-config.js ']'
+ tailwind_config_exporter=tailwind.config.exporter3.mjs
+ cp /twcr/worker/../worker/tailwind.config.exporter3.mjs ./
+ set +e
+ node ./tailwind.config.exporter3.mjs tailwind.config.js
+ exitcode=0
+ set -e
+ [[ 0 != \0 ]]
+ echo 'module.exports={plugins:['
+ jq -rs '
        map(select(.name | startswith("@tailwindcss/")))
        | map("require(" + ( .name | tojson ) + "),")[]
      '
+ grep -Ev '"@tailwindcss/postcss7-compat"'
+ true
+ echo ']}'
+ cat tailwind.config.js
+ sed 's/^/>>> /'
>>> module.exports={plugins:[
>>> ]}
+ node ./tailwind.config.exporter3.mjs tailwind.config.js
++ date -u +%Y-%m-%dT%H:%M:%SZ
+ writetaskstat timestamp_attempt_squash_end 2024-03-05T03:50:11Z
+ jq -nc --arg key timestamp_attempt_squash_end --arg value 2024-03-05T03:50:11Z '{ key: $key, value: $value }'
+ break
++ date -u +%Y-%m-%dT%H:%M:%SZ
+ writetaskstat timestamp_end 2024-03-05T03:50:11Z
+ jq -nc --arg key timestamp_end --arg value 2024-03-05T03:50:11Z '{ key: $key, value: $value }'
+ rm /twcr/mnt/results/extract-failed
+ touch /twcr/mnt/results/extract-completed
