==== RUN-DOCKER
+++ dirname -- ./worker/run.sh
++ cd -- ./worker
++ pwd
+ twcrdir=/twcr/worker/..
+ repo=github.com/cce-websitecoordinator/cce-website
+ reporef=main
+ repopath=./cce_web_theme/static_src
+ '[' true == true ']'
+ grep -q '^././'
++ echo github.com/cce-websitecoordinator/cce-website
++ sha256sum
++ awk '{ print $1 }'
++ cut -c1-12
+ procdir=/tmp/twcr-b9f3f4ebae67
++ echo 'github.com/cce-websitecoordinator/cce-website;main;./cce_web_theme/static_src'
++ sha256sum
++ awk '{ print $1 }'
++ cut -c1-12
+ datadir=/twcr/worker/../mnt/dataset/data/81eb318924f6
+ '[' '!' -z /twcr/mnt/results ']'
+ datadir=/twcr/mnt/results
+ touch /twcr/mnt/results/extract-failed
++ base64
++ tr -d =
++ tr /+ _-
++ base64
++ tr -d =
++ tr /+ _-
+ writetaskstat analysis_key github.com/cce-websitecoordinator/cce-website/bWFpbgo/Li9jY2Vfd2ViX3RoZW1lL3N0YXRpY19zcmMK
+ jq -nc --arg key analysis_key --arg value github.com/cce-websitecoordinator/cce-website/bWFpbgo/Li9jY2Vfd2ViX3RoZW1lL3N0YXRpY19zcmMK '{ key: $key, value: $value }'
++ date -u +%Y%m%d%H%M%S
++ sha256sum
++ awk '{ print $1 }'
++ cut -c1-16
++ head -c 32 /dev/urandom
+ writetaskstat analysis_nonce 440f8e22d034c93e
+ jq -nc --arg key analysis_nonce --arg value 440f8e22d034c93e '{ key: $key, value: $value }'
+ writetaskstat input_repo_name github.com/cce-websitecoordinator/cce-website
+ jq -nc --arg key input_repo_name --arg value github.com/cce-websitecoordinator/cce-website '{ key: $key, value: $value }'
+ writetaskstat input_repo_ref main
+ jq -nc --arg key input_repo_ref --arg value main '{ key: $key, value: $value }'
+ writetaskstat input_repo_path ./cce_web_theme/static_src
+ jq -nc --arg key input_repo_path --arg value ./cce_web_theme/static_src '{ key: $key, value: $value }'
++ date -u +%Y-%m-%dT%H:%M:%SZ
+ writetaskstat timestamp_begin 2024-03-05T10:37:45Z
+ jq -nc --arg key timestamp_begin --arg value 2024-03-05T10:37:45Z '{ key: $key, value: $value }'
+ mkdir -p /tmp/twcr-b9f3f4ebae67
/tmp/twcr-b9f3f4ebae67 /twcr
+ pushd /tmp/twcr-b9f3f4ebae67
+ '[' -d .git ']'
+ git clone --depth=1 -b main https://github.com/cce-websitecoordinator/cce-website.git .
Cloning into '.'...
++ date -u +%Y-%m-%dT%H:%M:%SZ
+ writetaskstat timestamp_git_clone_complete 2024-03-05T10:38:07Z
+ jq -nc --arg key timestamp_git_clone_complete --arg value 2024-03-05T10:38:07Z '{ key: $key, value: $value }'
++ git rev-parse HEAD
+ writetaskstat exec_repo_commit_sha faec8007a5e345d4e5613f7a3fa8378f12847abf
+ jq -nc --arg key exec_repo_commit_sha --arg value faec8007a5e345d4e5613f7a3fa8378f12847abf '{ key: $key, value: $value }'
+++ git show --no-patch --format=%ci
++ date -u --date '2023-11-27 16:05:57 +0530' +%Y-%m-%dT%H:%M:%SZ
+ writetaskstat exec_repo_commit_date 2023-11-27T10:35:57Z
+ jq -nc --arg key exec_repo_commit_date --arg value 2023-11-27T10:35:57Z '{ key: $key, value: $value }'
/tmp/twcr-b9f3f4ebae67/cce_web_theme/static_src /tmp/twcr-b9f3f4ebae67 /twcr
+ '[' -z ./cce_web_theme/static_src ']'
+ pushd ./cce_web_theme/static_src
+ tailwind_config_file_name=
+ '[' -f tailwind.config.js ']'
+ tailwind_config_file_name=tailwind.config.js
+ writetaskstat exec_tailwind_config_file tailwind.config.js
+ jq -nc --arg key exec_tailwind_config_file --arg value tailwind.config.js '{ key: $key, value: $value }'
+ cp tailwind.config.js /twcr/mnt/results/extract-raw-tailwind-config.js
+ '[' '!' -f package.json ']'
+ cp package.json /twcr/mnt/results/extract-raw-package.json
++ /twcr/worker/../worker/pm-detect.sh /tmp/twcr-b9f3f4ebae67/cce_web_theme/static_src
+ package_manager_name=
+ '[' -z '' ']'
+ '[' ./cce_web_theme/static_src '!=' ./ ']'
++ /twcr/worker/../worker/pm-detect.sh /tmp/twcr-b9f3f4ebae67
grep: /tmp/twcr-b9f3f4ebae67/package.json: No such file or directory
grep: /tmp/twcr-b9f3f4ebae67/package.json: No such file or directory
grep: /tmp/twcr-b9f3f4ebae67/package.json: No such file or directory
/twcr/worker/../worker/pm-detect.sh: line 17: /tmp/twcr-b9f3f4ebae67/package.json: No such file or directory
+ package_manager_name=
+ '[' -z '' ']'
+ package_manager_name=npm
+ writetaskstat exec_node_package_manager npm
+ jq -nc --arg key exec_node_package_manager --arg value npm '{ key: $key, value: $value }'
+ attempt_mode=squash
+ true
++ date -u +%Y-%m-%dT%H:%M:%SZ
+ writetaskstat timestamp_attempt_squash_begin 2024-03-05T10:38:08Z
+ jq -nc --arg key timestamp_attempt_squash_begin --arg value 2024-03-05T10:38:08Z '{ key: $key, value: $value }'
+ [[ squash == \s\q\u\a\s\h ]]
+ set +e
+ node /twcr/worker/../worker/squash-package.mjs tailwind.config.js
+ exitcode=0
+ set -e
+ [[ 0 != \0 ]]
+ cat package.json
+ sed 's/^/>>> /'
>>> {
>>>   "name": "cce_web_theme",
>>>   "version": "3.1.1",
>>>   "description": "",
>>>   "keywords": [],
>>>   "author": "",
>>>   "license": "MIT",
>>>   "devDependencies": {
>>>     "@tailwindcss/aspect-ratio": "^0.4.0",
>>>     "@tailwindcss/forms": "^0.4.0",
>>>     "@tailwindcss/line-clamp": "^0.3.1",
>>>     "@tailwindcss/typography": "^0.5.0",
>>>     "tailwindcss": "^3.0.13"
>>>   }
>>> }+ rm -f package-lock.json pnpm-lock.yaml yarn.lock
+ '[' ./cce_web_theme/static_src '!=' ./ ']'
+ rm -f /tmp/twcr-b9f3f4ebae67/package.json /tmp/twcr-b9f3f4ebae67/package-lock.json /tmp/twcr-b9f3f4ebae67/pnpm-lock.yaml /tmp/twcr-b9f3f4ebae67/yarn.lock
+ set +e
+ /twcr/worker/../worker/pm-install.sh npm /tmp/twcr-b9f3f4ebae67 /twcr/mnt/results
+ package_manager_name=npm
+ procdir=/tmp/twcr-b9f3f4ebae67
+ datadir=/twcr/mnt/results
+ case "${package_manager_name}" in
++ '[' -f package-lock.json ']'
++ echo install
+ npm install --ignore-engines

added 122 packages, and audited 123 packages in 7s

28 packages are looking for funding
  run `npm fund` for details

found 0 vulnerabilities
npm notice 
npm notice New minor version of npm available! 10.2.4 -> 10.5.0
npm notice Changelog: <https://github.com/npm/cli/releases/tag/v10.5.0>
npm notice Run `npm install -g npm@10.5.0` to update!
npm notice 
+ npm query '*'
+ jq -cr '
        map({ name: .name, version: .version })
        | map(select(.name))
        | sort_by(.name)[]
      '
+ exitcode=0
+ set -e
+ [[ 0 != \0 ]]
++ jq -sr 'map(select(.name == "tailwindcss")) | first | .version'
+ tailwind_package_version=3.4.1
+ tailwind_config_exporter=tailwind.config.exporter2.cjs
+ '[' -f node_modules/tailwindcss/lib/lib/load-config.js ']'
+ tailwind_config_exporter=tailwind.config.exporter3.mjs
+ cp /twcr/worker/../worker/tailwind.config.exporter3.mjs ./
+ set +e
+ node ./tailwind.config.exporter3.mjs tailwind.config.js
+ exitcode=0
+ set -e
+ [[ 0 != \0 ]]
+ echo 'module.exports={plugins:['
+ jq -rs '
        map(select(.name | startswith("@tailwindcss/")))
        | map("require(" + ( .name | tojson ) + "),")[]
      '
+ grep -Ev '"@tailwindcss/postcss7-compat"'
+ echo ']}'
+ cat tailwind.config.js
+ sed 's/^/>>> /'
>>> module.exports={plugins:[
>>> require("@tailwindcss/aspect-ratio"),
>>> require("@tailwindcss/forms"),
>>> require("@tailwindcss/line-clamp"),
>>> require("@tailwindcss/typography"),
>>> ]}
+ node ./tailwind.config.exporter3.mjs tailwind.config.js
++ date -u +%Y-%m-%dT%H:%M:%SZ
+ writetaskstat timestamp_attempt_squash_end 2024-03-05T10:38:16Z
+ jq -nc --arg key timestamp_attempt_squash_end --arg value 2024-03-05T10:38:16Z '{ key: $key, value: $value }'
+ break
++ date -u +%Y-%m-%dT%H:%M:%SZ
+ writetaskstat timestamp_end 2024-03-05T10:38:16Z
+ jq -nc --arg key timestamp_end --arg value 2024-03-05T10:38:16Z '{ key: $key, value: $value }'
+ rm /twcr/mnt/results/extract-failed
+ touch /twcr/mnt/results/extract-completed
