==== RUN-DOCKER
+++ dirname -- ./worker/run.sh
++ cd -- ./worker
++ pwd
+ twcrdir=/twcr/worker/..
+ repo=github.com/matryer/xbar
+ reporef=main
+ repopath=./app/frontend
++ echo github.com/matryer/xbar
++ sha256sum
++ awk '{ print $1 }'
++ cut -c1-12
+ procdir=/tmp/twcr-220f2152a3d7
++ echo 'github.com/matryer/xbar;main;./app/frontend'
++ sha256sum
++ awk '{ print $1 }'
++ cut -c1-12
+ datadir=/twcr/worker/../mnt/dataset/data/0cfff0cf092c
+ '[' '!' -z /twcr/mnt/results ']'
+ datadir=/twcr/mnt/results
+ touch /twcr/mnt/results/extract-failed
++ base64
++ tr -d =
++ tr /+ _-
++ base64
++ tr -d =
++ tr /+ _-
+ writetaskstat analysis_key github.com/matryer/xbar/bWFpbgo/Li9hcHAvZnJvbnRlbmQK
+ jq -nc --arg key analysis_key --arg value github.com/matryer/xbar/bWFpbgo/Li9hcHAvZnJvbnRlbmQK '{ key: $key, value: $value }'
++ date -u +%Y%m%d%H%M%S
++ sha256sum
++ awk '{ print $1 }'
++ cut -c1-16
++ head -c 32 /dev/urandom
+ writetaskstat analysis_nonce 845c7128c9c6ada9
+ jq -nc --arg key analysis_nonce --arg value 845c7128c9c6ada9 '{ key: $key, value: $value }'
+ writetaskstat input_repo_name github.com/matryer/xbar
+ jq -nc --arg key input_repo_name --arg value github.com/matryer/xbar '{ key: $key, value: $value }'
+ writetaskstat input_repo_ref main
+ jq -nc --arg key input_repo_ref --arg value main '{ key: $key, value: $value }'
+ writetaskstat input_repo_path ./app/frontend
+ jq -nc --arg key input_repo_path --arg value ./app/frontend '{ key: $key, value: $value }'
++ date -u +%Y-%m-%dT%H:%M:%SZ
+ writetaskstat timestamp_begin 2024-03-02T22:57:41Z
+ jq -nc --arg key timestamp_begin --arg value 2024-03-02T22:57:41Z '{ key: $key, value: $value }'
+ mkdir -p /tmp/twcr-220f2152a3d7
+ pushd /tmp/twcr-220f2152a3d7
+ '[' -d .git ']'
+ git clone --depth=1 -b main https://github.com/matryer/xbar.git .
/tmp/twcr-220f2152a3d7 /twcr
Cloning into '.'...
++ date -u +%Y-%m-%dT%H:%M:%SZ
+ writetaskstat timestamp_git_clone_complete 2024-03-02T22:57:44Z
+ jq -nc --arg key timestamp_git_clone_complete --arg value 2024-03-02T22:57:44Z '{ key: $key, value: $value }'
++ git rev-parse HEAD
+ writetaskstat exec_repo_commit_sha ab4bed5d05815f7751c0342b65d2ed63e0fabdea
+ jq -nc --arg key exec_repo_commit_sha --arg value ab4bed5d05815f7751c0342b65d2ed63e0fabdea '{ key: $key, value: $value }'
+++ git show --no-patch --format=%ci
++ date -u --date '2023-12-10 14:15:41 +0000' +%Y-%m-%dT%H:%M:%SZ
+ writetaskstat exec_repo_commit_date 2023-12-10T14:15:41Z
+ jq -nc --arg key exec_repo_commit_date --arg value 2023-12-10T14:15:41Z '{ key: $key, value: $value }'
/tmp/twcr-220f2152a3d7/app/frontend /tmp/twcr-220f2152a3d7 /twcr
+ '[' -z ./app/frontend ']'
+ pushd ./app/frontend
+ tailwind_config_file_name=
+ '[' -f tailwind.config.js ']'
+ tailwind_config_file_name=tailwind.config.js
+ writetaskstat exec_tailwind_config_file tailwind.config.js
+ jq -nc --arg key exec_tailwind_config_file --arg value tailwind.config.js '{ key: $key, value: $value }'
+ cp tailwind.config.js /twcr/mnt/results/extract-raw-tailwind-config.js
+ '[' '!' -f package.json ']'
+ cp package.json /twcr/mnt/results/extract-raw-package.json
+ package_manager_name=npm
+ grep -q '"packageManager":[^"]+"pnpm@"' package.json
+ '[' -f pnpm-lock.yaml ']'
+ '[' -f pnpm-workspace.yaml ']'
+ '[' -f /tmp/twcr-220f2152a3d7/pnpm-workspace.yaml ']'
+ cat 'README*'
+ grep -q 'pnpm install'
+ grep -q '"packageManager":[^"]+"yarn@"' package.json
+ '[' -f yarn.lock ']'
+ grep -q '":[^"]+"workspace:' package.json
+ cat 'README*'
+ grep -q 'yarn install'
+ writetaskstat exec_node_package_manager npm
+ jq -nc --arg key exec_node_package_manager --arg value npm '{ key: $key, value: $value }'
+ attempt_mode=squash
+ true
++ date -u +%Y-%m-%dT%H:%M:%SZ
+ writetaskstat timestamp_attempt_squash_begin 2024-03-02T22:57:44Z
+ jq -nc --arg key timestamp_attempt_squash_begin --arg value 2024-03-02T22:57:44Z '{ key: $key, value: $value }'
+ [[ squash == \s\q\u\a\s\h ]]
+ set +e
+ node /twcr/worker/../worker/squash-package.mjs tailwind.config.js
+ exitcode=0
+ set -e
+ [[ 0 != \0 ]]
+ cat package.json
+ sed 's/^/>>> /'
>>> {
>>>   "name": "xbar",
>>>   "version": "1.0.0",
>>>   "devDependencies": {
>>>     "tailwindcss": "^3.3.1"
>>>   },
>>>   "dependencies": {}
>>> }+ set +e
+ /twcr/worker/../worker/pm-install.sh npm /tmp/twcr-220f2152a3d7 /twcr/mnt/results
+ package_manager_name=npm
+ procdir=/tmp/twcr-220f2152a3d7
+ datadir=/twcr/mnt/results
+ case "${package_manager_name}" in
++ '[' -f package-lock.json ']'
++ echo install
+ npm install --ignore-engines

added 112 packages, and audited 113 packages in 6s

28 packages are looking for funding
  run `npm fund` for details

found 0 vulnerabilities
npm notice 
npm notice New minor version of npm available! 10.2.4 -> 10.5.0
npm notice Changelog: <https://github.com/npm/cli/releases/tag/v10.5.0>
npm notice Run `npm install -g npm@10.5.0` to update!
npm notice 
+ npm query '*'
+ jq -cr '
        map({ name: .name, version: .version })
        | map(select(.name))
        | sort_by(.name)[]
      '
+ exitcode=0
+ set -e
+ [[ 0 != \0 ]]
++ jq -sr 'map(select(.name == "tailwindcss")) | first | .version'
+ tailwind_package_version=3.4.1
+ tailwind_config_exporter=tailwind.config.exporter3.mjs
+ true
+ cp /twcr/worker/../worker/tailwind.config.exporter3.mjs ./
+ set +e
+ node ./tailwind.config.exporter3.mjs tailwind.config.js

warn - The `purge`/`content` options have changed in Tailwind CSS v3.0.
warn - Update your configuration file to eliminate this warning.
warn - https://tailwindcss.com/docs/upgrade-guide#configure-content-sources
+ exitcode=0
+ set -e
+ [[ 0 != \0 ]]
+ break
+ echo 'module.exports={plugins:['
+ jq -rs '
        map(select(.name | startswith("@tailwindcss/")))
        | map("require(" + ( .name | tojson ) + "),")[]
      '
+ echo ']}'
+ cat tailwind.config.js
+ sed 's/^/>>> /'
>>> module.exports={plugins:[
>>> ]}
+ node ./tailwind.config.exporter3.mjs tailwind.config.js
++ date -u +%Y-%m-%dT%H:%M:%SZ
+ writetaskstat timestamp_attempt_squash_end 2024-03-02T22:57:52Z
+ jq -nc --arg key timestamp_attempt_squash_end --arg value 2024-03-02T22:57:52Z '{ key: $key, value: $value }'
+ break
++ date -u +%Y-%m-%dT%H:%M:%SZ
+ writetaskstat timestamp_end 2024-03-02T22:57:52Z
+ jq -nc --arg key timestamp_end --arg value 2024-03-02T22:57:52Z '{ key: $key, value: $value }'
+ rm /twcr/mnt/results/extract-failed
+ touch /twcr/mnt/results/extract-completed
