==== RUN-DOCKER
+++ dirname -- ./worker/run.sh
++ cd -- ./worker
++ pwd
+ twcrdir=/twcr/worker/..
+ repo=github.com/skeletonlabs/skeleton
+ reporef=dev
+ repopath=./packages/plugin
+ '[' true == true ']'
+ grep -q '^././'
++ echo github.com/skeletonlabs/skeleton
++ sha256sum
++ awk '{ print $1 }'
++ cut -c1-12
+ procdir=/tmp/twcr-ddb0b433dc57
++ echo 'github.com/skeletonlabs/skeleton;dev;./packages/plugin'
++ sha256sum
++ awk '{ print $1 }'
++ cut -c1-12
+ datadir=/twcr/worker/../mnt/dataset/data/4c9189a5b484
+ '[' '!' -z /twcr/mnt/results ']'
+ datadir=/twcr/mnt/results
+ touch /twcr/mnt/results/extract-failed
++ base64
++ tr -d =
++ tr /+ _-
++ base64
++ tr -d =
++ tr /+ _-
+ writetaskstat analysis_key github.com/skeletonlabs/skeleton/ZGV2Cg/Li9wYWNrYWdlcy9wbHVnaW4K
+ jq -nc --arg key analysis_key --arg value github.com/skeletonlabs/skeleton/ZGV2Cg/Li9wYWNrYWdlcy9wbHVnaW4K '{ key: $key, value: $value }'
++ date -u +%Y%m%d%H%M%S
++ sha256sum
++ awk '{ print $1 }'
++ cut -c1-16
++ head -c 32 /dev/urandom
+ writetaskstat analysis_nonce 87849540a8a7c0c6
+ jq -nc --arg key analysis_nonce --arg value 87849540a8a7c0c6 '{ key: $key, value: $value }'
+ writetaskstat input_repo_name github.com/skeletonlabs/skeleton
+ jq -nc --arg key input_repo_name --arg value github.com/skeletonlabs/skeleton '{ key: $key, value: $value }'
+ writetaskstat input_repo_ref dev
+ jq -nc --arg key input_repo_ref --arg value dev '{ key: $key, value: $value }'
+ writetaskstat input_repo_path ./packages/plugin
+ jq -nc --arg key input_repo_path --arg value ./packages/plugin '{ key: $key, value: $value }'
++ date -u +%Y-%m-%dT%H:%M:%SZ
+ writetaskstat timestamp_begin 2024-03-04T21:28:45Z
+ jq -nc --arg key timestamp_begin --arg value 2024-03-04T21:28:45Z '{ key: $key, value: $value }'
+ mkdir -p /tmp/twcr-ddb0b433dc57
+ pushd /tmp/twcr-ddb0b433dc57
+ '[' -d .git ']'
+ git clone --depth=1 -b dev https://github.com/skeletonlabs/skeleton.git .
/tmp/twcr-ddb0b433dc57 /twcr
Cloning into '.'...
++ date -u +%Y-%m-%dT%H:%M:%SZ
+ writetaskstat timestamp_git_clone_complete 2024-03-04T21:28:46Z
+ jq -nc --arg key timestamp_git_clone_complete --arg value 2024-03-04T21:28:46Z '{ key: $key, value: $value }'
++ git rev-parse HEAD
+ writetaskstat exec_repo_commit_sha a4897a4471b7bb27cb1967a2d057bc97032d4459
+ jq -nc --arg key exec_repo_commit_sha --arg value a4897a4471b7bb27cb1967a2d057bc97032d4459 '{ key: $key, value: $value }'
+++ git show --no-patch --format=%ci
++ date -u --date '2024-02-27 11:27:47 -0600' +%Y-%m-%dT%H:%M:%SZ
+ writetaskstat exec_repo_commit_date 2024-02-27T17:27:47Z
+ jq -nc --arg key exec_repo_commit_date --arg value 2024-02-27T17:27:47Z '{ key: $key, value: $value }'
+ '[' -z ./packages/plugin ']'
+ pushd ./packages/plugin
+ tailwind_config_file_name=
+ '[' -f tailwind.config.js ']'
+ '[' -f tailwind.config.cjs ']'
+ '[' -f tailwind.config.mjs ']'
+ '[' -f tailwind.config.ts ']'
+ tailwind_config_file_name=tailwind.config.ts
+ writetaskstat exec_tailwind_config_file tailwind.config.ts
+ jq -nc --arg key exec_tailwind_config_file --arg value tailwind.config.ts '{ key: $key, value: $value }'
/tmp/twcr-ddb0b433dc57/packages/plugin /tmp/twcr-ddb0b433dc57 /twcr
+ cp tailwind.config.ts /twcr/mnt/results/extract-raw-tailwind-config.js
+ '[' '!' -f package.json ']'
+ cp package.json /twcr/mnt/results/extract-raw-package.json
++ /twcr/worker/../worker/pm-detect.sh /tmp/twcr-ddb0b433dc57/packages/plugin
+ package_manager_name=pnpm
+ '[' -z pnpm ']'
+ '[' -z pnpm ']'
+ writetaskstat exec_node_package_manager pnpm
+ jq -nc --arg key exec_node_package_manager --arg value pnpm '{ key: $key, value: $value }'
+ attempt_mode=squash
+ true
++ date -u +%Y-%m-%dT%H:%M:%SZ
+ writetaskstat timestamp_attempt_squash_begin 2024-03-04T21:28:47Z
+ jq -nc --arg key timestamp_attempt_squash_begin --arg value 2024-03-04T21:28:47Z '{ key: $key, value: $value }'
+ [[ squash == \s\q\u\a\s\h ]]
+ set +e
+ node /twcr/worker/../worker/squash-package.mjs tailwind.config.ts
+ exitcode=0
+ set -e
+ [[ 0 != \0 ]]
+ cat package.json
+ sed 's/^/>>> /'
>>> {
>>>   "name": "@skeletonlabs/tw-plugin",
>>>   "version": "0.3.1",
>>>   "description": "Core plugin for Skeleton.",
>>>   "repository": {
>>>     "type": "git",
>>>     "url": "https://github.com/skeletonlabs/skeleton.git"
>>>   },
>>>   "bugs": {
>>>     "url": "https://github.com/skeletonlabs/skeleton/issues"
>>>   },
>>>   "keywords": [
>>>     "cli",
>>>     "components",
>>>     "ui",
>>>     "component",
>>>     "svelte",
>>>     "component-library",
>>>     "ui-components",
>>>     "ui-framework",
>>>     "tailwind",
>>>     "tailwindcss",
>>>     "components-library",
>>>     "sveltekit"
>>>   ],
>>>   "license": "MIT",
>>>   "homepage": "https://skeleton.dev/",
>>>   "devDependencies": {
>>>     "tailwindcss": "3.3.2"
>>>   },
>>>   "peerDependencies": {
>>>     "tailwindcss": ">=3.0.0"
>>>   },
>>>   "type": "commonjs",
>>>   "main": "./dist/index.js",
>>>   "types": "./dist/index.d.ts",
>>>   "files": [
>>>     "./dist/**/*.js",
>>>     "./dist/**/*.d.ts",
>>>     "./dist/**/*.cjs",
>>>     "./dist/**/*.d.cts"
>>>   ]
>>> }+ rm -f package-lock.json pnpm-lock.yaml yarn.lock
+ '[' ./packages/plugin '!=' ./ ']'
+ rm -f /tmp/twcr-ddb0b433dc57/package.json /tmp/twcr-ddb0b433dc57/package-lock.json /tmp/twcr-ddb0b433dc57/pnpm-lock.yaml /tmp/twcr-ddb0b433dc57/yarn.lock
+ set +e
+ /twcr/worker/../worker/pm-install.sh pnpm /tmp/twcr-ddb0b433dc57 /twcr/mnt/results
+ package_manager_name=pnpm
+ procdir=/tmp/twcr-ddb0b433dc57
+ datadir=/twcr/mnt/results
+ case "${package_manager_name}" in
+ '[' '!' -f /tmp/twcr-ddb0b433dc57/package.json ']'
+ '[' '!' -f package.json ']'
++ pnpm -v
+ sed -Ei 's/("pnpm": ")(.+)(")/\18.15.4\3/' package.json
+ pnpm install
Scope: all 4 workspace projects
../create-skeleton-app                   | Progress: resolved 1, reused 0, downloaded 0, added 0
../create-skeleton-app                   | +177 ++++++++++++++++++
../skeleton                              | Progress: resolved 1, reused 0, downloaded 0, added 0
../skeleton                              | +452 ++++++++++++++++++++++++++++++++
../../sites/skeleton.dev                 | Progress: resolved 1, reused 0, downloaded 0, added 0
../../sites/skeleton.dev                 | +389 ++++++++++++++++++++++++++++++++
Progress: resolved 1, reused 0, downloaded 0, added 0
../create-skeleton-app                   | Progress: resolved 177, reused 0, downloaded 24, added 24
../skeleton                              | Progress: resolved 452, reused 0, downloaded 0, added 20
../../sites/skeleton.dev                 | Progress: resolved 389, reused 0, downloaded 0, added 20
../create-skeleton-app                   | Progress: resolved 177, reused 0, downloaded 83, added 83
../skeleton                              | Progress: resolved 452, reused 0, downloaded 0, added 31
../../sites/skeleton.dev                 | Progress: resolved 389, reused 0, downloaded 0, added 43
../create-skeleton-app                   | Progress: resolved 177, reused 0, downloaded 138, added 138
../skeleton                              | Progress: resolved 452, reused 0, downloaded 0, added 80
../../sites/skeleton.dev                 | Progress: resolved 389, reused 0, downloaded 0, added 99
../create-skeleton-app                   | Progress: resolved 177, reused 0, downloaded 166, added 166
../skeleton                              | Progress: resolved 452, reused 0, downloaded 30, added 124
../../sites/skeleton.dev                 | Progress: resolved 389, reused 0, downloaded 0, added 128
../skeleton                              | Progress: resolved 452, reused 0, downloaded 85, added 179
../../sites/skeleton.dev                 | Progress: resolved 389, reused 0, downloaded 0, added 139
../skeleton                              | Progress: resolved 452, reused 0, downloaded 138, added 229
../../sites/skeleton.dev                 | Progress: resolved 389, reused 0, downloaded 0, added 170
../skeleton                              | Progress: resolved 452, reused 0, downloaded 194, added 288
../../sites/skeleton.dev                 | Progress: resolved 389, reused 0, downloaded 0, added 207
../skeleton                              | Progress: resolved 452, reused 0, downloaded 254, added 348
../../sites/skeleton.dev                 | Progress: resolved 389, reused 0, downloaded 0, added 221
../skeleton                              | Progress: resolved 452, reused 0, downloaded 310, added 404
../../sites/skeleton.dev                 | Progress: resolved 389, reused 0, downloaded 0, added 271
../skeleton                              | Progress: resolved 452, reused 0, downloaded 330, added 424
../../sites/skeleton.dev                 | Progress: resolved 389, reused 0, downloaded 38, added 317
Progress: resolved 2, reused 0, downloaded 0, added 0
../../sites/skeleton.dev                 | Progress: resolved 389, reused 0, downloaded 78, added 357
../create-skeleton-app                   | Progress: resolved 177, reused 0, downloaded 167, added 166
../skeleton                              | Progress: resolved 452, reused 0, downloaded 330, added 425
../create-skeleton-app                   | Progress: resolved 177, reused 0, downloaded 177, added 177, done
Progress: resolved 28, reused 0, downloaded 6, added 0
../../sites/skeleton.dev                 | Progress: resolved 389, reused 0, downloaded 83, added 369
../skeleton                              | Progress: resolved 452, reused 0, downloaded 330, added 430
Progress: resolved 67, reused 0, downloaded 16, added 0
../../sites/skeleton.dev                 | Progress: resolved 389, reused 0, downloaded 84, added 372
../skeleton                              | Progress: resolved 452, reused 0, downloaded 347, added 447
Progress: resolved 94, reused 0, downloaded 28, added 0
../../sites/skeleton.dev                 | Progress: resolved 389, reused 0, downloaded 88, added 384

Packages: +105
++++++++++++++++++++++++++++++++++++++++++++++++++++++++++++++++++++++++++++++++
Progress: resolved 106, reused 0, downloaded 36, added 105, done
../skeleton                              | Progress: resolved 452, reused 0, downloaded 351, added 451
../skeleton                              | Progress: resolved 452, reused 0, downloaded 352, added 452, done
../../sites/skeleton.dev                 | Progress: resolved 389, reused 0, downloaded 91, added 389, done
.../esbuild@0.17.19/node_modules/esbuild postinstall$ node install.js
.../esbuild@0.17.19/node_modules/esbuild postinstall: Done
.../node_modules/svelte-preprocess postinstall$ echo "[svelte-preprocess] Don't forget to install the preprocessors packages that will be used: sass, stylus, less, postcss & postcss-load-config, coffeescript, pug, etc..."
.../node_modules/svelte-preprocess postinstall: [svelte-preprocess] Don't forget to install the preprocessors packages that will be used: sass, stylus, less, postcss & postcss-load-config, coffeescript, pug, etc...
.../node_modules/svelte-preprocess postinstall: Done
.../node_modules/@sveltejs/kit postinstall$ node postinstall.js
.../node_modules/@sveltejs/kit postinstall: Done
.../@fortawesome/fontawesome-free postinstall$ node attribution.js
.../@fortawesome/fontawesome-free postinstall: Font Awesome Free 6.4.2 by @fontawesome - https://fontawesome.com
.../@fortawesome/fontawesome-free postinstall: License - https://fontawesome.com/license/free (Icons: CC BY 4.0, Fonts: SIL OFL 1.1, Code: MIT License)
.../@fortawesome/fontawesome-free postinstall: Copyright 2023 Fonticons, Inc.
.../@fortawesome/fontawesome-free postinstall: Done
.../node_modules/svelte-preprocess postinstall$ echo "[svelte-preprocess] Don't forget to install the preprocessors packages that will be used: node-sass/sass, stylus, less, postcss & postcss-load-config, coffeescript, pug, etc..."
.../node_modules/svelte-preprocess postinstall: [svelte-preprocess] Don't forget to install the preprocessors packages that will be used: node-sass/sass, stylus, less, postcss & postcss-load-config, coffeescript, pug, etc...
.../node_modules/svelte-preprocess postinstall: Done
.../node_modules/svelte-preprocess postinstall$ echo "[svelte-preprocess] Don't forget to install the preprocessors packages that will be used: sass, stylus, less, postcss & postcss-load-config, coffeescript, pug, etc..."
.../node_modules/svelte-preprocess postinstall$ echo "[svelte-preprocess] Don't forget to install the preprocessors packages that will be used: sass, stylus, less, postcss & postcss-load-config, coffeescript, pug, etc..."
.../node_modules/svelte-preprocess postinstall: [svelte-preprocess] Don't forget to install the preprocessors packages that will be used: sass, stylus, less, postcss & postcss-load-config, coffeescript, pug, etc...
.../node_modules/svelte-preprocess postinstall: Done
.../node_modules/svelte-preprocess postinstall: [svelte-preprocess] Don't forget to install the preprocessors packages that will be used: sass, stylus, less, postcss & postcss-load-config, coffeescript, pug, etc...
.../node_modules/svelte-preprocess postinstall: Done
.../node_modules/@sveltejs/kit postinstall$ node postinstall.js
.../node_modules/@sveltejs/kit postinstall: Done
Done in 22.7s
+ pnpm ls --json
+ jq -cr '
        .[]
        | [.dependencies, .devDependencies, .optionalDependencies]
        | map(select(.))[]
        | to_entries
        | map({ name: .key, version: .value.version })
        | sort_by(.name)[]
      '
+ exitcode=0
+ set -e
+ [[ 0 != \0 ]]
++ jq -sr 'map(select(.name == "tailwindcss")) | first | .version'
+ tailwind_package_version=3.3.2
+ tailwind_config_exporter=tailwind.config.exporter2.cjs
+ '[' -f node_modules/tailwindcss/lib/lib/load-config.js ']'
+ tailwind_config_exporter=tailwind.config.exporter3.mjs
+ cp /twcr/worker/../worker/tailwind.config.exporter3.mjs ./
+ set +e
+ node ./tailwind.config.exporter3.mjs tailwind.config.ts
+ exitcode=0
+ set -e
+ [[ 0 != \0 ]]
+ echo 'module.exports={plugins:['
+ jq -rs '
        map(select(.name | startswith("@tailwindcss/")))
        | map("require(" + ( .name | tojson ) + "),")[]
      '
+ grep -Ev '"@tailwindcss/postcss7-compat"'
+ true
+ echo ']}'
+ cat tailwind.config.ts
+ sed 's/^/>>> /'
>>> module.exports={plugins:[
>>> ]}
+ node ./tailwind.config.exporter3.mjs tailwind.config.ts
++ date -u +%Y-%m-%dT%H:%M:%SZ
+ writetaskstat timestamp_attempt_squash_end 2024-03-04T21:29:11Z
+ jq -nc --arg key timestamp_attempt_squash_end --arg value 2024-03-04T21:29:11Z '{ key: $key, value: $value }'
+ break
++ date -u +%Y-%m-%dT%H:%M:%SZ
+ writetaskstat timestamp_end 2024-03-04T21:29:11Z
+ jq -nc --arg key timestamp_end --arg value 2024-03-04T21:29:11Z '{ key: $key, value: $value }'
+ rm /twcr/mnt/results/extract-failed
+ touch /twcr/mnt/results/extract-completed
