==== RUN-DOCKER
+++ dirname -- ./worker/run.sh
++ cd -- ./worker
++ pwd
+ twcrdir=/twcr/worker/..
+ repo=github.com/ShubhamSarda/react-ul
+ reporef=main
+ repopath=./123
+ '[' true == true ']'
+ grep -q '^././'
++ echo github.com/ShubhamSarda/react-ul
++ sha256sum
++ awk '{ print $1 }'
++ cut -c1-12
+ procdir=/tmp/twcr-7c2f4a5ecc7f
++ echo 'github.com/ShubhamSarda/react-ul;main;./123'
++ sha256sum
++ awk '{ print $1 }'
++ cut -c1-12
+ datadir=/twcr/worker/../mnt/dataset/data/2ff7400725ad
+ '[' '!' -z /twcr/mnt/results ']'
+ datadir=/twcr/mnt/results
+ touch /twcr/mnt/results/extract-failed
++ base64
++ tr -d =
++ tr /+ _-
++ base64
++ tr -d =
++ tr /+ _-
+ writetaskstat analysis_key github.com/ShubhamSarda/react-ul/bWFpbgo/Li8xMjMK
+ jq -nc --arg key analysis_key --arg value github.com/ShubhamSarda/react-ul/bWFpbgo/Li8xMjMK '{ key: $key, value: $value }'
++ date -u +%Y%m%d%H%M%S
++ sha256sum
++ awk '{ print $1 }'
++ cut -c1-16
++ head -c 32 /dev/urandom
+ writetaskstat analysis_nonce edbdbcc25cd84cca
+ jq -nc --arg key analysis_nonce --arg value edbdbcc25cd84cca '{ key: $key, value: $value }'
+ writetaskstat input_repo_name github.com/ShubhamSarda/react-ul
+ jq -nc --arg key input_repo_name --arg value github.com/ShubhamSarda/react-ul '{ key: $key, value: $value }'
+ writetaskstat input_repo_ref main
+ jq -nc --arg key input_repo_ref --arg value main '{ key: $key, value: $value }'
+ writetaskstat input_repo_path ./123
+ jq -nc --arg key input_repo_path --arg value ./123 '{ key: $key, value: $value }'
++ date -u +%Y-%m-%dT%H:%M:%SZ
+ writetaskstat timestamp_begin 2024-03-04T07:37:46Z
+ jq -nc --arg key timestamp_begin --arg value 2024-03-04T07:37:46Z '{ key: $key, value: $value }'
+ mkdir -p /tmp/twcr-7c2f4a5ecc7f
+ pushd /tmp/twcr-7c2f4a5ecc7f
+ '[' -d .git ']'
+ git clone --depth=1 -b main https://github.com/ShubhamSarda/react-ul.git .
/tmp/twcr-7c2f4a5ecc7f /twcr
Cloning into '.'...
++ date -u +%Y-%m-%dT%H:%M:%SZ
+ writetaskstat timestamp_git_clone_complete 2024-03-04T07:37:48Z
+ jq -nc --arg key timestamp_git_clone_complete --arg value 2024-03-04T07:37:48Z '{ key: $key, value: $value }'
++ git rev-parse HEAD
+ writetaskstat exec_repo_commit_sha dd873811fb9db528d806d7c5e7d68946af8e8921
+ jq -nc --arg key exec_repo_commit_sha --arg value dd873811fb9db528d806d7c5e7d68946af8e8921 '{ key: $key, value: $value }'
+++ git show --no-patch --format=%ci
++ date -u --date '2023-05-17 15:34:56 +0530' +%Y-%m-%dT%H:%M:%SZ
+ writetaskstat exec_repo_commit_date 2023-05-17T10:04:56Z
+ jq -nc --arg key exec_repo_commit_date --arg value 2023-05-17T10:04:56Z '{ key: $key, value: $value }'
/tmp/twcr-7c2f4a5ecc7f/123 /tmp/twcr-7c2f4a5ecc7f /twcr
+ '[' -z ./123 ']'
+ pushd ./123
+ tailwind_config_file_name=
+ '[' -f tailwind.config.js ']'
+ tailwind_config_file_name=tailwind.config.js
+ writetaskstat exec_tailwind_config_file tailwind.config.js
+ jq -nc --arg key exec_tailwind_config_file --arg value tailwind.config.js '{ key: $key, value: $value }'
+ cp tailwind.config.js /twcr/mnt/results/extract-raw-tailwind-config.js
+ '[' '!' -f package.json ']'
+ cp package.json /twcr/mnt/results/extract-raw-package.json
++ /twcr/worker/../worker/pm-detect.sh /tmp/twcr-7c2f4a5ecc7f/123
+ package_manager_name=
+ '[' -z '' ']'
+ '[' ./123 '!=' ./ ']'
++ /twcr/worker/../worker/pm-detect.sh /tmp/twcr-7c2f4a5ecc7f
grep: /tmp/twcr-7c2f4a5ecc7f/package.json: No such file or directory
grep: /tmp/twcr-7c2f4a5ecc7f/package.json: No such file or directory
grep: /tmp/twcr-7c2f4a5ecc7f/package.json: No such file or directory
/twcr/worker/../worker/pm-detect.sh: line 17: /tmp/twcr-7c2f4a5ecc7f/package.json: No such file or directory
+ package_manager_name=
+ '[' -z '' ']'
+ package_manager_name=npm
+ writetaskstat exec_node_package_manager npm
+ jq -nc --arg key exec_node_package_manager --arg value npm '{ key: $key, value: $value }'
+ attempt_mode=squash
+ true
++ date -u +%Y-%m-%dT%H:%M:%SZ
+ writetaskstat timestamp_attempt_squash_begin 2024-03-04T07:37:48Z
+ jq -nc --arg key timestamp_attempt_squash_begin --arg value 2024-03-04T07:37:48Z '{ key: $key, value: $value }'
+ [[ squash == \s\q\u\a\s\h ]]
+ set +e
+ node /twcr/worker/../worker/squash-package.mjs tailwind.config.js
+ exitcode=0
+ set -e
+ [[ 0 != \0 ]]
+ cat package.json
+ sed 's/^/>>> /'
>>> {
>>>   "name": "codebook",
>>>   "version": "0.1.0",
>>>   "private": true,
>>>   "dependencies": {},
>>>   "eslintConfig": {
>>>     "extends": [
>>>       "react-app",
>>>       "react-app/jest"
>>>     ]
>>>   },
>>>   "browserslist": {
>>>     "production": [
>>>       ">0.2%",
>>>       "not dead",
>>>       "not op_mini all"
>>>     ],
>>>     "development": [
>>>       "last 1 chrome version",
>>>       "last 1 firefox version",
>>>       "last 1 safari version"
>>>     ]
>>>   },
>>>   "devDependencies": {
>>>     "tailwindcss": "^3.1.8"
>>>   }
>>> }+ rm -f package-lock.json pnpm-lock.yaml yarn.lock
+ '[' ./123 '!=' ./ ']'
+ rm -f /tmp/twcr-7c2f4a5ecc7f/package.json /tmp/twcr-7c2f4a5ecc7f/package-lock.json /tmp/twcr-7c2f4a5ecc7f/pnpm-lock.yaml /tmp/twcr-7c2f4a5ecc7f/yarn.lock
+ set +e
+ /twcr/worker/../worker/pm-install.sh npm /tmp/twcr-7c2f4a5ecc7f /twcr/mnt/results
+ package_manager_name=npm
+ procdir=/tmp/twcr-7c2f4a5ecc7f
+ datadir=/twcr/mnt/results
+ case "${package_manager_name}" in
++ '[' -f package-lock.json ']'
++ echo install
+ npm install --ignore-engines

added 112 packages, and audited 113 packages in 4s

28 packages are looking for funding
  run `npm fund` for details

found 0 vulnerabilities
npm notice 
npm notice New minor version of npm available! 10.2.4 -> 10.5.0
npm notice Changelog: <https://github.com/npm/cli/releases/tag/v10.5.0>
npm notice Run `npm install -g npm@10.5.0` to update!
npm notice 
+ npm query '*'
+ jq -cr '
        map({ name: .name, version: .version })
        | map(select(.name))
        | sort_by(.name)[]
      '
+ exitcode=0
+ set -e
+ [[ 0 != \0 ]]
++ jq -sr 'map(select(.name == "tailwindcss")) | first | .version'
+ tailwind_package_version=3.4.1
+ tailwind_config_exporter=tailwind.config.exporter2.cjs
+ '[' -f node_modules/tailwindcss/lib/lib/load-config.js ']'
+ tailwind_config_exporter=tailwind.config.exporter3.mjs
+ cp /twcr/worker/../worker/tailwind.config.exporter3.mjs ./
+ set +e
+ node ./tailwind.config.exporter3.mjs tailwind.config.js
+ exitcode=0
+ set -e
+ [[ 0 != \0 ]]
+ echo 'module.exports={plugins:['
+ jq -rs '
        map(select(.name | startswith("@tailwindcss/")))
        | map("require(" + ( .name | tojson ) + "),")[]
      '
+ grep -Ev '"@tailwindcss/postcss7-compat"'
+ true
+ echo ']}'
+ cat tailwind.config.js
+ sed 's/^/>>> /'
>>> module.exports={plugins:[
>>> ]}
+ node ./tailwind.config.exporter3.mjs tailwind.config.js
++ date -u +%Y-%m-%dT%H:%M:%SZ
+ writetaskstat timestamp_attempt_squash_end 2024-03-04T07:37:53Z
+ jq -nc --arg key timestamp_attempt_squash_end --arg value 2024-03-04T07:37:53Z '{ key: $key, value: $value }'
+ break
++ date -u +%Y-%m-%dT%H:%M:%SZ
+ writetaskstat timestamp_end 2024-03-04T07:37:53Z
+ jq -nc --arg key timestamp_end --arg value 2024-03-04T07:37:53Z '{ key: $key, value: $value }'
+ rm /twcr/mnt/results/extract-failed
+ touch /twcr/mnt/results/extract-completed
