==== RUN-DOCKER
+++ dirname -- ./worker/run.sh
++ cd -- ./worker
++ pwd
+ twcrdir=/twcr/worker/..
+ repo=github.com/papihubcom/papihub
+ reporef=main
+ repopath=./papihub-frontend
+ '[' true == true ']'
+ grep -q '^././'
++ echo github.com/papihubcom/papihub
++ sha256sum
++ awk '{ print $1 }'
++ cut -c1-12
+ procdir=/tmp/twcr-95d81dbd53a1
++ echo 'github.com/papihubcom/papihub;main;./papihub-frontend'
++ sha256sum
++ awk '{ print $1 }'
++ cut -c1-12
+ datadir=/twcr/worker/../mnt/dataset/data/a456990425d0
+ '[' '!' -z /twcr/mnt/results ']'
+ datadir=/twcr/mnt/results
+ touch /twcr/mnt/results/extract-failed
++ base64
++ tr -d =
++ tr /+ _-
++ base64
++ tr -d =
++ tr /+ _-
+ writetaskstat analysis_key github.com/papihubcom/papihub/bWFpbgo/Li9wYXBpaHViLWZyb250ZW5kCg
+ jq -nc --arg key analysis_key --arg value github.com/papihubcom/papihub/bWFpbgo/Li9wYXBpaHViLWZyb250ZW5kCg '{ key: $key, value: $value }'
++ date -u +%Y%m%d%H%M%S
++ sha256sum
++ awk '{ print $1 }'
++ cut -c1-16
++ head -c 32 /dev/urandom
+ writetaskstat analysis_nonce e59722e13a2d6374
+ jq -nc --arg key analysis_nonce --arg value e59722e13a2d6374 '{ key: $key, value: $value }'
+ writetaskstat input_repo_name github.com/papihubcom/papihub
+ jq -nc --arg key input_repo_name --arg value github.com/papihubcom/papihub '{ key: $key, value: $value }'
+ writetaskstat input_repo_ref main
+ jq -nc --arg key input_repo_ref --arg value main '{ key: $key, value: $value }'
+ writetaskstat input_repo_path ./papihub-frontend
+ jq -nc --arg key input_repo_path --arg value ./papihub-frontend '{ key: $key, value: $value }'
++ date -u +%Y-%m-%dT%H:%M:%SZ
+ writetaskstat timestamp_begin 2024-03-05T03:30:16Z
+ jq -nc --arg key timestamp_begin --arg value 2024-03-05T03:30:16Z '{ key: $key, value: $value }'
+ mkdir -p /tmp/twcr-95d81dbd53a1
+ pushd /tmp/twcr-95d81dbd53a1
+ '[' -d .git ']'
+ git clone --depth=1 -b main https://github.com/papihubcom/papihub.git .
/tmp/twcr-95d81dbd53a1 /twcr
Cloning into '.'...
++ date -u +%Y-%m-%dT%H:%M:%SZ
+ writetaskstat timestamp_git_clone_complete 2024-03-05T03:30:17Z
+ jq -nc --arg key timestamp_git_clone_complete --arg value 2024-03-05T03:30:17Z '{ key: $key, value: $value }'
++ git rev-parse HEAD
+ writetaskstat exec_repo_commit_sha 8a6f72f7e3aba86e93004eb9ea5215bf0d8c58e3
+ jq -nc --arg key exec_repo_commit_sha --arg value 8a6f72f7e3aba86e93004eb9ea5215bf0d8c58e3 '{ key: $key, value: $value }'
+++ git show --no-patch --format=%ci
++ date -u --date '2023-10-09 17:57:15 +0800' +%Y-%m-%dT%H:%M:%SZ
+ writetaskstat exec_repo_commit_date 2023-10-09T09:57:15Z
+ jq -nc --arg key exec_repo_commit_date --arg value 2023-10-09T09:57:15Z '{ key: $key, value: $value }'
/tmp/twcr-95d81dbd53a1/papihub-frontend /tmp/twcr-95d81dbd53a1 /twcr
+ '[' -z ./papihub-frontend ']'
+ pushd ./papihub-frontend
+ tailwind_config_file_name=
+ '[' -f tailwind.config.js ']'
+ tailwind_config_file_name=tailwind.config.js
+ writetaskstat exec_tailwind_config_file tailwind.config.js
+ jq -nc --arg key exec_tailwind_config_file --arg value tailwind.config.js '{ key: $key, value: $value }'
+ cp tailwind.config.js /twcr/mnt/results/extract-raw-tailwind-config.js
+ '[' '!' -f package.json ']'
+ cp package.json /twcr/mnt/results/extract-raw-package.json
++ /twcr/worker/../worker/pm-detect.sh /tmp/twcr-95d81dbd53a1/papihub-frontend
+ package_manager_name=
+ '[' -z '' ']'
+ '[' ./papihub-frontend '!=' ./ ']'
++ /twcr/worker/../worker/pm-detect.sh /tmp/twcr-95d81dbd53a1
grep: /tmp/twcr-95d81dbd53a1/package.json: No such file or directory
grep: /tmp/twcr-95d81dbd53a1/package.json: No such file or directory
grep: /tmp/twcr-95d81dbd53a1/package.json: No such file or directory
/twcr/worker/../worker/pm-detect.sh: line 17: /tmp/twcr-95d81dbd53a1/package.json: No such file or directory
+ package_manager_name=yarn
+ '[' -z yarn ']'
+ writetaskstat exec_node_package_manager yarn
+ jq -nc --arg key exec_node_package_manager --arg value yarn '{ key: $key, value: $value }'
+ attempt_mode=squash
+ true
++ date -u +%Y-%m-%dT%H:%M:%SZ
+ writetaskstat timestamp_attempt_squash_begin 2024-03-05T03:30:17Z
+ jq -nc --arg key timestamp_attempt_squash_begin --arg value 2024-03-05T03:30:17Z '{ key: $key, value: $value }'
+ [[ squash == \s\q\u\a\s\h ]]
+ set +e
+ node /twcr/worker/../worker/squash-package.mjs tailwind.config.js
+ exitcode=0
+ set -e
+ [[ 0 != \0 ]]
+ cat package.json
+ sed 's/^/>>> /'
>>> {
>>>   "name": "papihub-frontend",
>>>   "version": "0.1.0",
>>>   "private": true,
>>>   "dependencies": {
>>>     "@tailwindcss/forms": "^0.5.6",
>>>     "tailwindcss": "3.3.3"
>>>   }
>>> }+ rm -f package-lock.json pnpm-lock.yaml yarn.lock
+ '[' ./papihub-frontend '!=' ./ ']'
+ rm -f /tmp/twcr-95d81dbd53a1/package.json /tmp/twcr-95d81dbd53a1/package-lock.json /tmp/twcr-95d81dbd53a1/pnpm-lock.yaml /tmp/twcr-95d81dbd53a1/yarn.lock
+ set +e
+ /twcr/worker/../worker/pm-install.sh yarn /tmp/twcr-95d81dbd53a1 /twcr/mnt/results
+ package_manager_name=yarn
+ procdir=/tmp/twcr-95d81dbd53a1
+ datadir=/twcr/mnt/results
+ case "${package_manager_name}" in
+ '[' -z http://tid_a5c249ea7c8d:ok@172.18.0.2:3128 ']'
+ yarn config set httpProxy http://tid_a5c249ea7c8d:ok@172.18.0.2:3128
yarn config v1.22.19
success Set "httpProxy" to "http://tid_a5c249ea7c8d:ok@172.18.0.2:3128".
Done in 0.06s.
+ '[' -z http://tid_a5c249ea7c8d:ok@172.18.0.2:3128 ']'
+ yarn config set httpsProxy http://tid_a5c249ea7c8d:ok@172.18.0.2:3128
yarn config v1.22.19
success Set "httpsProxy" to "http://tid_a5c249ea7c8d:ok@172.18.0.2:3128".
Done in 0.06s.
+ yarn install
yarn install v1.22.19
info No lockfile found.
[1/4] Resolving packages...
(node:152) [DEP0040] DeprecationWarning: The `punycode` module is deprecated. Please use a userland alternative instead.
(Use `node --trace-deprecation ...` to show where the warning was created)
[2/4] Fetching packages...
[3/4] Linking dependencies...
[4/4] Building fresh packages...
success Saved lockfile.
Done in 8.78s.
+ yarn list --depth=0 --json --non-interactive --no-progress
+ jq -cr '
        [.. | .name?]
        | map(select(.))
        | map(capture("^(?<name>@?[^@]+)@(?<version>.+)$"))
        | sort_by(.name)[]'
+ exitcode=0
+ set -e
+ [[ 0 != \0 ]]
++ jq -sr 'map(select(.name == "tailwindcss")) | first | .version'
+ tailwind_package_version=3.3.3
+ tailwind_config_exporter=tailwind.config.exporter2.cjs
+ '[' -f node_modules/tailwindcss/lib/lib/load-config.js ']'
+ tailwind_config_exporter=tailwind.config.exporter3.mjs
+ cp /twcr/worker/../worker/tailwind.config.exporter3.mjs ./
+ set +e
+ node ./tailwind.config.exporter3.mjs tailwind.config.js
+ exitcode=0
+ set -e
+ [[ 0 != \0 ]]
+ echo 'module.exports={plugins:['
+ jq -rs '
        map(select(.name | startswith("@tailwindcss/")))
        | map("require(" + ( .name | tojson ) + "),")[]
      '
+ grep -Ev '"@tailwindcss/postcss7-compat"'
+ echo ']}'
+ cat tailwind.config.js
+ sed 's/^/>>> /'
>>> module.exports={plugins:[
>>> require("@tailwindcss/forms"),
>>> ]}
+ node ./tailwind.config.exporter3.mjs tailwind.config.js
++ date -u +%Y-%m-%dT%H:%M:%SZ
+ writetaskstat timestamp_attempt_squash_end 2024-03-05T03:30:28Z
+ jq -nc --arg key timestamp_attempt_squash_end --arg value 2024-03-05T03:30:28Z '{ key: $key, value: $value }'
+ break
++ date -u +%Y-%m-%dT%H:%M:%SZ
+ writetaskstat timestamp_end 2024-03-05T03:30:28Z
+ jq -nc --arg key timestamp_end --arg value 2024-03-05T03:30:28Z '{ key: $key, value: $value }'
+ rm /twcr/mnt/results/extract-failed
+ touch /twcr/mnt/results/extract-completed
