==== RUN-DOCKER
+++ dirname -- ./worker/run.sh
++ cd -- ./worker
++ pwd
+ twcrdir=/twcr/worker/..
+ repo=github.com/vercel/nextjs-postgres-nextauth-tailwindcss-template
+ reporef=main
+ repopath=./
+ '[' true == true ']'
+ grep -q '^././'
++ echo github.com/vercel/nextjs-postgres-nextauth-tailwindcss-template
++ sha256sum
++ awk '{ print $1 }'
++ cut -c1-12
+ procdir=/tmp/twcr-c0bcda096e03
++ echo 'github.com/vercel/nextjs-postgres-nextauth-tailwindcss-template;main;./'
++ sha256sum
++ awk '{ print $1 }'
++ cut -c1-12
+ datadir=/twcr/worker/../mnt/dataset/data/c531be21e6ff
+ '[' '!' -z /twcr/mnt/results ']'
+ datadir=/twcr/mnt/results
+ touch /twcr/mnt/results/extract-failed
++ base64
++ tr -d =
++ tr /+ _-
++ base64
++ tr -d =
++ tr /+ _-
+ writetaskstat analysis_key github.com/vercel/nextjs-postgres-nextauth-tailwindcss-template/bWFpbgo/Li8K
+ jq -nc --arg key analysis_key --arg value github.com/vercel/nextjs-postgres-nextauth-tailwindcss-template/bWFpbgo/Li8K '{ key: $key, value: $value }'
++ date -u +%Y%m%d%H%M%S
++ sha256sum
++ awk '{ print $1 }'
++ cut -c1-16
++ head -c 32 /dev/urandom
+ writetaskstat analysis_nonce 547cda83897c4e6c
+ jq -nc --arg key analysis_nonce --arg value 547cda83897c4e6c '{ key: $key, value: $value }'
+ writetaskstat input_repo_name github.com/vercel/nextjs-postgres-nextauth-tailwindcss-template
+ jq -nc --arg key input_repo_name --arg value github.com/vercel/nextjs-postgres-nextauth-tailwindcss-template '{ key: $key, value: $value }'
+ writetaskstat input_repo_ref main
+ jq -nc --arg key input_repo_ref --arg value main '{ key: $key, value: $value }'
+ writetaskstat input_repo_path ./
+ jq -nc --arg key input_repo_path --arg value ./ '{ key: $key, value: $value }'
++ date -u +%Y-%m-%dT%H:%M:%SZ
+ writetaskstat timestamp_begin 2024-03-04T03:38:42Z
+ jq -nc --arg key timestamp_begin --arg value 2024-03-04T03:38:42Z '{ key: $key, value: $value }'
+ mkdir -p /tmp/twcr-c0bcda096e03
+ pushd /tmp/twcr-c0bcda096e03
+ '[' -d .git ']'
+ git clone --depth=1 -b main https://github.com/vercel/nextjs-postgres-nextauth-tailwindcss-template.git .
/tmp/twcr-c0bcda096e03 /twcr
Cloning into '.'...
++ date -u +%Y-%m-%dT%H:%M:%SZ
+ writetaskstat timestamp_git_clone_complete 2024-03-04T03:38:43Z
+ jq -nc --arg key timestamp_git_clone_complete --arg value 2024-03-04T03:38:43Z '{ key: $key, value: $value }'
++ git rev-parse HEAD
+ writetaskstat exec_repo_commit_sha 365328a77aca93970527e580b534e7066d1bd990
+ jq -nc --arg key exec_repo_commit_sha --arg value 365328a77aca93970527e580b534e7066d1bd990 '{ key: $key, value: $value }'
+++ git show --no-patch --format=%ci
++ date -u --date '2023-11-29 18:52:13 -0600' +%Y-%m-%dT%H:%M:%SZ
+ writetaskstat exec_repo_commit_date 2023-11-30T00:52:13Z
+ jq -nc --arg key exec_repo_commit_date --arg value 2023-11-30T00:52:13Z '{ key: $key, value: $value }'
/tmp/twcr-c0bcda096e03 /tmp/twcr-c0bcda096e03 /twcr
+ '[' -z ./ ']'
+ pushd ./
+ tailwind_config_file_name=
+ '[' -f tailwind.config.js ']'
+ '[' -f tailwind.config.cjs ']'
+ '[' -f tailwind.config.mjs ']'
+ '[' -f tailwind.config.ts ']'
+ tailwind_config_file_name=tailwind.config.ts
+ writetaskstat exec_tailwind_config_file tailwind.config.ts
+ jq -nc --arg key exec_tailwind_config_file --arg value tailwind.config.ts '{ key: $key, value: $value }'
+ cp tailwind.config.ts /twcr/mnt/results/extract-raw-tailwind-config.js
+ '[' '!' -f package.json ']'
+ cp package.json /twcr/mnt/results/extract-raw-package.json
++ /twcr/worker/../worker/pm-detect.sh /tmp/twcr-c0bcda096e03
+ package_manager_name=pnpm
+ '[' -z pnpm ']'
+ '[' -z pnpm ']'
+ writetaskstat exec_node_package_manager pnpm
+ jq -nc --arg key exec_node_package_manager --arg value pnpm '{ key: $key, value: $value }'
+ attempt_mode=squash
+ true
++ date -u +%Y-%m-%dT%H:%M:%SZ
+ writetaskstat timestamp_attempt_squash_begin 2024-03-04T03:38:43Z
+ jq -nc --arg key timestamp_attempt_squash_begin --arg value 2024-03-04T03:38:43Z '{ key: $key, value: $value }'
+ [[ squash == \s\q\u\a\s\h ]]
+ set +e
+ node /twcr/worker/../worker/squash-package.mjs tailwind.config.ts
[squash-package] ERROR: failed to find any match for import path (@headlessui/tailwindcss)
+ exitcode=1
+ set -e
+ [[ 1 != \0 ]]
+ echo '[worker] WARN: squash failed; retrying with full install'
[worker] WARN: squash failed; retrying with full install
+ attempt_mode=full
+ continue
+ true
++ date -u +%Y-%m-%dT%H:%M:%SZ
+ writetaskstat timestamp_attempt_full_begin 2024-03-04T03:38:43Z
+ jq -nc --arg key timestamp_attempt_full_begin --arg value 2024-03-04T03:38:43Z '{ key: $key, value: $value }'
+ [[ full == \s\q\u\a\s\h ]]
+ git clean -fdx
+ git reset --hard
HEAD is now at 365328a Update README.md after upgrade to Next.js 14 (#29)
+ set +e
+ /twcr/worker/../worker/pm-install.sh pnpm /tmp/twcr-c0bcda096e03 /twcr/mnt/results
+ package_manager_name=pnpm
+ procdir=/tmp/twcr-c0bcda096e03
+ datadir=/twcr/mnt/results
+ case "${package_manager_name}" in
+ '[' '!' -f /tmp/twcr-c0bcda096e03/package.json ']'
++ pnpm -v
+ sed -Ei 's/("pnpm": ")(.+)(")/\18.15.4\3/' /tmp/twcr-c0bcda096e03/package.json
+ '[' '!' -f package.json ']'
++ pnpm -v
+ sed -Ei 's/("pnpm": ")(.+)(")/\18.15.4\3/' package.json
+ pnpm install
Lockfile is up to date, resolution step is skipped
Progress: resolved 1, reused 0, downloaded 0, added 0
Packages: +409
++++++++++++++++++++++++++++++++++++++++++++++++++++++++++++++++++++++++++++++++
Progress: resolved 409, reused 0, downloaded 30, added 30
Progress: resolved 409, reused 0, downloaded 86, added 86
Progress: resolved 409, reused 0, downloaded 137, added 137
Progress: resolved 409, reused 0, downloaded 180, added 180
Progress: resolved 409, reused 0, downloaded 230, added 230
Progress: resolved 409, reused 0, downloaded 269, added 268
Progress: resolved 409, reused 0, downloaded 318, added 318
Progress: resolved 409, reused 0, downloaded 365, added 365
Progress: resolved 409, reused 0, downloaded 399, added 399
Progress: resolved 409, reused 0, downloaded 405, added 405
Progress: resolved 409, reused 0, downloaded 406, added 406
Progress: resolved 409, reused 0, downloaded 407, added 406
Progress: resolved 409, reused 0, downloaded 409, added 409, done
.../node_modules/bufferutil install$ node-gyp-build
.../node_modules/utf-8-validate install$ node-gyp-build
.../node_modules/bufferutil install: Done
.../node_modules/utf-8-validate install: Done

dependencies:
+ @headlessui/react 1.7.17
+ @heroicons/react 2.0.18
+ @tremor/react 3.10.0
+ @types/js-cookie 3.0.5
+ @types/node 20.8.9
+ @types/react 18.2.33
+ @types/react-dom 18.2.14
+ @vercel/analytics 1.1.1
+ @vercel/postgres 0.5.0
+ autoprefixer 10.4.16
+ eslint 8.52.0
+ eslint-config-next 14.0.0
+ js-cookie 3.0.5
+ next 14.0.0
+ next-auth 5.0.0-beta.3
+ postcss 8.4.31
+ prettier 3.0.3
+ prop-types 15.8.1
+ react 18.2.0
+ react-dom 18.2.0
+ server-only 0.0.1
+ tailwindcss 3.3.5
+ typescript 5.2.2

Done in 15.9s
+ pnpm ls --json
+ jq -cr '
        .[]
        | [.dependencies, .devDependencies, .optionalDependencies]
        | map(select(.))[]
        | to_entries
        | map({ name: .key, version: .value.version })
        | sort_by(.name)[]
      '
+ exitcode=0
+ set -e
+ [[ 0 != \0 ]]
++ jq -sr 'map(select(.name == "tailwindcss")) | first | .version'
+ tailwind_package_version=3.3.5
+ tailwind_config_exporter=tailwind.config.exporter2.cjs
+ '[' -f node_modules/tailwindcss/lib/lib/load-config.js ']'
+ tailwind_config_exporter=tailwind.config.exporter3.mjs
+ cp /twcr/worker/../worker/tailwind.config.exporter3.mjs ./
+ set +e
+ node ./tailwind.config.exporter3.mjs tailwind.config.ts
node:internal/modules/cjs/loader:1149
  const err = new Error(message);
              ^

Error: Cannot find module '@headlessui/tailwindcss'
Require stack:
- /tmp/twcr-c0bcda096e03/tailwind.config.ts
    at Module._resolveFilename (node:internal/modules/cjs/loader:1149:15)
    at Function.resolve (node:internal/modules/helpers:187:19)
    at _resolve (/tmp/twcr-c0bcda096e03/node_modules/.pnpm/jiti@1.20.0/node_modules/jiti/dist/jiti.js:1:250334)
    at jiti (/tmp/twcr-c0bcda096e03/node_modules/.pnpm/jiti@1.20.0/node_modules/jiti/dist/jiti.js:1:252917)
    at /tmp/twcr-c0bcda096e03/tailwind.config.ts:95:13
    at evalModule (/tmp/twcr-c0bcda096e03/node_modules/.pnpm/jiti@1.20.0/node_modules/jiti/dist/jiti.js:1:255614)
    at jiti (/tmp/twcr-c0bcda096e03/node_modules/.pnpm/jiti@1.20.0/node_modules/jiti/dist/jiti.js:1:253542)
    at /tmp/twcr-c0bcda096e03/node_modules/.pnpm/tailwindcss@3.3.5/node_modules/tailwindcss/lib/lib/load-config.js:37:30
    at Object.loadConfig (/tmp/twcr-c0bcda096e03/node_modules/.pnpm/tailwindcss@3.3.5/node_modules/tailwindcss/lib/lib/load-config.js:39:6)
    at file:///tmp/twcr-c0bcda096e03/tailwind.config.exporter3.mjs:5:28 {
  code: 'MODULE_NOT_FOUND',
  requireStack: [ '/tmp/twcr-c0bcda096e03/tailwind.config.ts' ]
}

Node.js v21.6.2
+ exitcode=1
+ set -e
+ [[ 1 != \0 ]]
+ [[ full == \s\q\u\a\s\h ]]
+ exit 1
