==== RUN-DOCKER
+++ dirname -- ./worker/run.sh
++ cd -- ./worker
++ pwd
+ twcrdir=/twcr/worker/..
+ repo=github.com/s0er3n/GeoBingo.io
+ reporef=main
+ repopath=./Frontend
+ '[' true == true ']'
+ grep -q '^././'
++ echo github.com/s0er3n/GeoBingo.io
++ sha256sum
++ awk '{ print $1 }'
++ cut -c1-12
+ procdir=/tmp/twcr-bfb9e1a52c4d
++ echo 'github.com/s0er3n/GeoBingo.io;main;./Frontend'
++ sha256sum
++ awk '{ print $1 }'
++ cut -c1-12
+ datadir=/twcr/worker/../mnt/dataset/data/646fb51c3bcd
+ '[' '!' -z /twcr/mnt/results ']'
+ datadir=/twcr/mnt/results
+ touch /twcr/mnt/results/extract-failed
++ base64
++ tr -d =
++ tr /+ _-
++ base64
++ tr -d =
++ tr /+ _-
+ writetaskstat analysis_key github.com/s0er3n/GeoBingo.io/bWFpbgo/Li9Gcm9udGVuZAo
+ jq -nc --arg key analysis_key --arg value github.com/s0er3n/GeoBingo.io/bWFpbgo/Li9Gcm9udGVuZAo '{ key: $key, value: $value }'
++ date -u +%Y%m%d%H%M%S
++ sha256sum
++ awk '{ print $1 }'
++ cut -c1-16
++ head -c 32 /dev/urandom
+ writetaskstat analysis_nonce 1c532ca447ac50c3
+ jq -nc --arg key analysis_nonce --arg value 1c532ca447ac50c3 '{ key: $key, value: $value }'
+ writetaskstat input_repo_name github.com/s0er3n/GeoBingo.io
+ jq -nc --arg key input_repo_name --arg value github.com/s0er3n/GeoBingo.io '{ key: $key, value: $value }'
+ writetaskstat input_repo_ref main
+ jq -nc --arg key input_repo_ref --arg value main '{ key: $key, value: $value }'
+ writetaskstat input_repo_path ./Frontend
+ jq -nc --arg key input_repo_path --arg value ./Frontend '{ key: $key, value: $value }'
++ date -u +%Y-%m-%dT%H:%M:%SZ
+ writetaskstat timestamp_begin 2024-03-04T07:26:58Z
+ jq -nc --arg key timestamp_begin --arg value 2024-03-04T07:26:58Z '{ key: $key, value: $value }'
+ mkdir -p /tmp/twcr-bfb9e1a52c4d
/tmp/twcr-bfb9e1a52c4d /twcr
+ pushd /tmp/twcr-bfb9e1a52c4d
+ '[' -d .git ']'
+ git clone --depth=1 -b main https://github.com/s0er3n/GeoBingo.io.git .
Cloning into '.'...
++ date -u +%Y-%m-%dT%H:%M:%SZ
+ writetaskstat timestamp_git_clone_complete 2024-03-04T07:27:01Z
+ jq -nc --arg key timestamp_git_clone_complete --arg value 2024-03-04T07:27:01Z '{ key: $key, value: $value }'
++ git rev-parse HEAD
+ writetaskstat exec_repo_commit_sha cf20bf691f3ed18fc6ac96d25873da8e2cea3a8d
+ jq -nc --arg key exec_repo_commit_sha --arg value cf20bf691f3ed18fc6ac96d25873da8e2cea3a8d '{ key: $key, value: $value }'
+++ git show --no-patch --format=%ci
++ date -u --date '2024-01-22 21:14:04 +0100' +%Y-%m-%dT%H:%M:%SZ
+ writetaskstat exec_repo_commit_date 2024-01-22T20:14:04Z
+ jq -nc --arg key exec_repo_commit_date --arg value 2024-01-22T20:14:04Z '{ key: $key, value: $value }'
+ '[' -z ./Frontend ']'
+ pushd ./Frontend
+ tailwind_config_file_name=
+ '[' -f tailwind.config.js ']'
+ '[' -f tailwind.config.cjs ']'
+ tailwind_config_file_name=tailwind.config.cjs
+ writetaskstat exec_tailwind_config_file tailwind.config.cjs
+ jq -nc --arg key exec_tailwind_config_file --arg value tailwind.config.cjs '{ key: $key, value: $value }'
/tmp/twcr-bfb9e1a52c4d/Frontend /tmp/twcr-bfb9e1a52c4d /twcr
+ cp tailwind.config.cjs /twcr/mnt/results/extract-raw-tailwind-config.js
+ '[' '!' -f package.json ']'
+ cp package.json /twcr/mnt/results/extract-raw-package.json
++ /twcr/worker/../worker/pm-detect.sh /tmp/twcr-bfb9e1a52c4d/Frontend
+ package_manager_name=pnpm
+ '[' -z pnpm ']'
+ '[' -z pnpm ']'
+ writetaskstat exec_node_package_manager pnpm
+ jq -nc --arg key exec_node_package_manager --arg value pnpm '{ key: $key, value: $value }'
+ attempt_mode=squash
+ true
++ date -u +%Y-%m-%dT%H:%M:%SZ
+ writetaskstat timestamp_attempt_squash_begin 2024-03-04T07:27:01Z
+ jq -nc --arg key timestamp_attempt_squash_begin --arg value 2024-03-04T07:27:01Z '{ key: $key, value: $value }'
+ [[ squash == \s\q\u\a\s\h ]]
+ set +e
+ node /twcr/worker/../worker/squash-package.mjs tailwind.config.cjs
+ exitcode=0
+ set -e
+ [[ 0 != \0 ]]
+ cat package.json
+ sed 's/^/>>> /'
>>> {
>>>   "name": "frontend-geobingo",
>>>   "version": "0.0.1",
>>>   "devDependencies": {
>>>     "tailwindcss": "^3.1.8"
>>>   },
>>>   "type": "module",
>>>   "dependencies": {
>>>     "daisyui": "^2.31.0"
>>>   },
>>>   "optionalDependencies": {}
>>> }+ rm -f package-lock.json pnpm-lock.yaml yarn.lock
+ '[' ./Frontend '!=' ./ ']'
+ rm -f /tmp/twcr-bfb9e1a52c4d/package.json /tmp/twcr-bfb9e1a52c4d/package-lock.json /tmp/twcr-bfb9e1a52c4d/pnpm-lock.yaml /tmp/twcr-bfb9e1a52c4d/yarn.lock
+ set +e
+ /twcr/worker/../worker/pm-install.sh pnpm /tmp/twcr-bfb9e1a52c4d /twcr/mnt/results
+ package_manager_name=pnpm
+ procdir=/tmp/twcr-bfb9e1a52c4d
+ datadir=/twcr/mnt/results
+ case "${package_manager_name}" in
+ '[' '!' -f /tmp/twcr-bfb9e1a52c4d/package.json ']'
+ '[' '!' -f package.json ']'
++ pnpm -v
+ sed -Ei 's/("pnpm": ")(.+)(")/\18.15.4\3/' package.json
+ pnpm install
Progress: resolved 1, reused 0, downloaded 0, added 0
Progress: resolved 34, reused 0, downloaded 25, added 0
Progress: resolved 67, reused 0, downloaded 57, added 0
Progress: resolved 105, reused 0, downloaded 99, added 0
Packages: +121
++++++++++++++++++++++++++++++++++++++++++++++++++++++++++++++++++++++++++++++++
Progress: resolved 122, reused 0, downloaded 121, added 121, done

dependencies:
+ daisyui 2.52.0 (4.7.2 is available)

devDependencies:
+ tailwindcss 3.4.1

Done in 4.8s
+ pnpm ls --json
+ jq -cr '
        .[]
        | [.dependencies, .devDependencies, .optionalDependencies]
        | map(select(.))[]
        | to_entries
        | map({ name: .key, version: .value.version })
        | sort_by(.name)[]
      '
+ exitcode=0
+ set -e
+ [[ 0 != \0 ]]
++ jq -sr 'map(select(.name == "tailwindcss")) | first | .version'
+ tailwind_package_version=3.4.1
+ tailwind_config_exporter=tailwind.config.exporter2.cjs
+ '[' -f node_modules/tailwindcss/lib/lib/load-config.js ']'
+ tailwind_config_exporter=tailwind.config.exporter3.mjs
+ cp /twcr/worker/../worker/tailwind.config.exporter3.mjs ./
+ set +e
+ node ./tailwind.config.exporter3.mjs tailwind.config.cjs
+ exitcode=0
+ set -e
+ [[ 0 != \0 ]]
+ echo 'module.exports={plugins:['
+ jq -rs '
        map(select(.name | startswith("@tailwindcss/")))
        | map("require(" + ( .name | tojson ) + "),")[]
      '
+ grep -Ev '"@tailwindcss/postcss7-compat"'
+ true
+ echo ']}'
+ cat tailwind.config.cjs
+ sed 's/^/>>> /'
>>> module.exports={plugins:[
>>> ]}
+ node ./tailwind.config.exporter3.mjs tailwind.config.cjs
++ date -u +%Y-%m-%dT%H:%M:%SZ
+ writetaskstat timestamp_attempt_squash_end 2024-03-04T07:27:07Z
+ jq -nc --arg key timestamp_attempt_squash_end --arg value 2024-03-04T07:27:07Z '{ key: $key, value: $value }'
+ break
++ date -u +%Y-%m-%dT%H:%M:%SZ
+ writetaskstat timestamp_end 2024-03-04T07:27:07Z
+ jq -nc --arg key timestamp_end --arg value 2024-03-04T07:27:07Z '{ key: $key, value: $value }'
+ rm /twcr/mnt/results/extract-failed
+ touch /twcr/mnt/results/extract-completed
