==== RUN-DOCKER
+++ dirname -- ./worker/run.sh
++ cd -- ./worker
++ pwd
+ twcrdir=/twcr/worker/..
+ repo=github.com/ssteiger/nft-hierarchy-membership-dao
+ reporef=main
+ repopath=./packages/react-app
+ grep -q '^././'
++ echo github.com/ssteiger/nft-hierarchy-membership-dao
++ sha256sum
++ awk '{ print $1 }'
++ cut -c1-12
+ procdir=/tmp/twcr-bb11d6eb6e4e
++ echo 'github.com/ssteiger/nft-hierarchy-membership-dao;main;./packages/react-app'
++ sha256sum
++ awk '{ print $1 }'
++ cut -c1-12
+ datadir=/twcr/worker/../mnt/dataset/data/c3b2427d7cd6
+ '[' '!' -z /twcr/mnt/results ']'
+ datadir=/twcr/mnt/results
+ touch /twcr/mnt/results/extract-failed
++ base64
++ tr -d =
++ tr /+ _-
++ base64
++ tr -d =
++ tr /+ _-
+ writetaskstat analysis_key github.com/ssteiger/nft-hierarchy-membership-dao/bWFpbgo/Li9wYWNrYWdlcy9yZWFjdC1hcHAK
+ jq -nc --arg key analysis_key --arg value github.com/ssteiger/nft-hierarchy-membership-dao/bWFpbgo/Li9wYWNrYWdlcy9yZWFjdC1hcHAK '{ key: $key, value: $value }'
++ date -u +%Y%m%d%H%M%S
++ sha256sum
++ awk '{ print $1 }'
++ cut -c1-16
++ head -c 32 /dev/urandom
+ writetaskstat analysis_nonce d034710288ac53a3
+ jq -nc --arg key analysis_nonce --arg value d034710288ac53a3 '{ key: $key, value: $value }'
+ writetaskstat input_repo_name github.com/ssteiger/nft-hierarchy-membership-dao
+ jq -nc --arg key input_repo_name --arg value github.com/ssteiger/nft-hierarchy-membership-dao '{ key: $key, value: $value }'
+ writetaskstat input_repo_ref main
+ jq -nc --arg key input_repo_ref --arg value main '{ key: $key, value: $value }'
+ writetaskstat input_repo_path ./packages/react-app
+ jq -nc --arg key input_repo_path --arg value ./packages/react-app '{ key: $key, value: $value }'
++ date -u +%Y-%m-%dT%H:%M:%SZ
+ writetaskstat timestamp_begin 2024-03-03T16:50:34Z
+ jq -nc --arg key timestamp_begin --arg value 2024-03-03T16:50:34Z '{ key: $key, value: $value }'
+ mkdir -p /tmp/twcr-bb11d6eb6e4e
/tmp/twcr-bb11d6eb6e4e /twcr
+ pushd /tmp/twcr-bb11d6eb6e4e
+ '[' -d .git ']'
+ git clone --depth=1 -b main https://github.com/ssteiger/nft-hierarchy-membership-dao.git .
Cloning into '.'...
++ date -u +%Y-%m-%dT%H:%M:%SZ
+ writetaskstat timestamp_git_clone_complete 2024-03-03T16:50:35Z
+ jq -nc --arg key timestamp_git_clone_complete --arg value 2024-03-03T16:50:35Z '{ key: $key, value: $value }'
++ git rev-parse HEAD
+ writetaskstat exec_repo_commit_sha ed9102e4063e1f4d8b6c5c8e76153a0bd0f940c1
+ jq -nc --arg key exec_repo_commit_sha --arg value ed9102e4063e1f4d8b6c5c8e76153a0bd0f940c1 '{ key: $key, value: $value }'
+++ git show --no-patch --format=%ci
++ date -u --date '2023-04-03 12:06:03 +0200' +%Y-%m-%dT%H:%M:%SZ
+ writetaskstat exec_repo_commit_date 2023-04-03T10:06:03Z
+ jq -nc --arg key exec_repo_commit_date --arg value 2023-04-03T10:06:03Z '{ key: $key, value: $value }'
+ '[' -z ./packages/react-app ']'
+ pushd ./packages/react-app
+ tailwind_config_file_name=
+ '[' -f tailwind.config.js ']'
+ tailwind_config_file_name=tailwind.config.js
+ writetaskstat exec_tailwind_config_file tailwind.config.js
+ jq -nc --arg key exec_tailwind_config_file --arg value tailwind.config.js '{ key: $key, value: $value }'
/tmp/twcr-bb11d6eb6e4e/packages/react-app /tmp/twcr-bb11d6eb6e4e /twcr
+ cp tailwind.config.js /twcr/mnt/results/extract-raw-tailwind-config.js
+ '[' '!' -f package.json ']'
+ cp package.json /twcr/mnt/results/extract-raw-package.json
++ /twcr/worker/../worker/pm-detect.sh /tmp/twcr-bb11d6eb6e4e/packages/react-app
+ package_manager_name=yarn
+ '[' -z yarn ']'
+ '[' -z yarn ']'
+ writetaskstat exec_node_package_manager yarn
+ jq -nc --arg key exec_node_package_manager --arg value yarn '{ key: $key, value: $value }'
+ attempt_mode=squash
+ true
++ date -u +%Y-%m-%dT%H:%M:%SZ
+ writetaskstat timestamp_attempt_squash_begin 2024-03-03T16:50:35Z
+ jq -nc --arg key timestamp_attempt_squash_begin --arg value 2024-03-03T16:50:35Z '{ key: $key, value: $value }'
+ [[ squash == \s\q\u\a\s\h ]]
+ set +e
+ node /twcr/worker/../worker/squash-package.mjs tailwind.config.js
+ exitcode=0
+ set -e
+ [[ 0 != \0 ]]
+ cat package.json
+ sed 's/^/>>> /'
>>> {
>>>   "name": "@nft-hierarchy-membership-dao/react-app",
>>>   "version": "1.0.0",
>>>   "homepage": ".",
>>>   "browserslist": {
>>>     "production": [
>>>       ">0.2%",
>>>       "not dead",
>>>       "not op_mini all"
>>>     ],
>>>     "development": [
>>>       "last 1 chrome version",
>>>       "last 1 firefox version",
>>>       "last 1 safari version"
>>>     ]
>>>   },
>>>   "dependencies": {
>>>     "tailwindcss": "^3.0.23"
>>>   },
>>>   "devDependencies": {
>>>     "tailwindcss": "^3.0.23"
>>>   },
>>>   "eslintConfig": {
>>>     "extends": [
>>>       "react-app",
>>>       "plugin:prettier/recommended"
>>>     ],
>>>     "rules": {
>>>       "prettier/prettier": "warn"
>>>     }
>>>   }
>>> }+ set +e
+ /twcr/worker/../worker/pm-install.sh yarn /tmp/twcr-bb11d6eb6e4e /twcr/mnt/results
+ package_manager_name=yarn
+ procdir=/tmp/twcr-bb11d6eb6e4e
+ datadir=/twcr/mnt/results
+ case "${package_manager_name}" in
+ yarn install
yarn install v1.22.19
warning package.json: No license field
[1/4] Resolving packages...
[2/4] Fetching packages...
(node:92) [DEP0040] DeprecationWarning: The `punycode` module is deprecated. Please use a userland alternative instead.
(Use `node --trace-deprecation ...` to show where the warning was created)
[3/4] Linking dependencies...
warning "workspace-aggregator-cd6dd7ef-8e80-4c08-9918-85068302210b > @nft-hierarchy-membership-dao/hardhat > @nomiclabs/hardhat-waffle@2.0.1" has incorrect peer dependency "@nomiclabs/hardhat-ethers@^2.0.0".
warning "workspace-aggregator-cd6dd7ef-8e80-4c08-9918-85068302210b > @nft-hierarchy-membership-dao/hardhat > hardhat-deploy@0.9.0" has unmet peer dependency "@ethersproject/hardware-wallets@^5.0.14".
warning "workspace-aggregator-cd6dd7ef-8e80-4c08-9918-85068302210b > @nft-hierarchy-membership-dao/hardhat > eslint-config-airbnb@18.2.1" has unmet peer dependency "eslint-plugin-import@^2.22.1".
warning "workspace-aggregator-cd6dd7ef-8e80-4c08-9918-85068302210b > @nft-hierarchy-membership-dao/hardhat > eslint-config-airbnb@18.2.1" has unmet peer dependency "eslint-plugin-jsx-a11y@^6.4.1".
warning "workspace-aggregator-cd6dd7ef-8e80-4c08-9918-85068302210b > @nft-hierarchy-membership-dao/hardhat > eslint-config-airbnb@18.2.1" has unmet peer dependency "eslint-plugin-react@^7.21.5".
warning "workspace-aggregator-cd6dd7ef-8e80-4c08-9918-85068302210b > @nft-hierarchy-membership-dao/hardhat > eslint-config-airbnb@18.2.1" has unmet peer dependency "eslint-plugin-react-hooks@^4 || ^3 || ^2.3.0 || ^1.7.0".
warning "workspace-aggregator-cd6dd7ef-8e80-4c08-9918-85068302210b > @nft-hierarchy-membership-dao/hardhat > eslint-plugin-prettier@3.4.0" has unmet peer dependency "prettier@>=1.13.0".
warning "workspace-aggregator-cd6dd7ef-8e80-4c08-9918-85068302210b > @nft-hierarchy-membership-dao/react-app > tailwindcss@3.0.23" has unmet peer dependency "autoprefixer@^10.0.2".
warning "workspace-aggregator-cd6dd7ef-8e80-4c08-9918-85068302210b > @nft-hierarchy-membership-dao/react-app > tailwindcss@3.0.23" has unmet peer dependency "postcss@^8.0.9".
warning "workspace-aggregator-cd6dd7ef-8e80-4c08-9918-85068302210b > @nft-hierarchy-membership-dao/hardhat > hardhat-gas-reporter > eth-gas-reporter@0.2.22" has unmet peer dependency "@codechecks/client@^0.1.0".
warning "workspace-aggregator-cd6dd7ef-8e80-4c08-9918-85068302210b > @nft-hierarchy-membership-dao/hardhat > eslint-config-airbnb > eslint-config-airbnb-base@14.2.1" has unmet peer dependency "eslint-plugin-import@^2.22.1".
warning "workspace-aggregator-cd6dd7ef-8e80-4c08-9918-85068302210b > @nft-hierarchy-membership-dao/hardhat > ethereum-waffle > @ethereum-waffle/compiler > typechain > ts-essentials@6.0.7" has unmet peer dependency "typescript@>=3.7.0".
[4/4] Building fresh packages...
success Saved lockfile.
Done in 86.18s.
+ yarn list --depth=0 --json --non-interactive --no-progress
+ jq -cr '
        [.. | .name?]
        | map(select(.))
        | map(capture("^(?<name>@?[^@]+)@(?<version>.+)$"))
        | sort_by(.name)[]'
{"type":"warning","data":"package.json: No license field"}
+ exitcode=0
+ set -e
+ [[ 0 != \0 ]]
++ jq -sr 'map(select(.name == "tailwindcss")) | first | .version'
+ tailwind_package_version=3.0.23
+ tailwind_config_exporter=tailwind.config.exporter2.cjs
+ '[' -f node_modules/tailwindcss/lib/lib/load-config.js ']'
+ cp /twcr/worker/../worker/tailwind.config.exporter2.cjs ./
+ set +e
+ node ./tailwind.config.exporter2.cjs tailwind.config.js
+ exitcode=0
+ set -e
+ [[ 0 != \0 ]]
+ echo 'module.exports={plugins:['
+ jq -rs '
        map(select(.name | startswith("@tailwindcss/")))
        | map("require(" + ( .name | tojson ) + "),")[]
      '
+ echo ']}'
+ cat tailwind.config.js
+ sed 's/^/>>> /'
>>> module.exports={plugins:[
>>> ]}
+ node ./tailwind.config.exporter2.cjs tailwind.config.js

warn - The `content` option in your Tailwind CSS configuration is missing or empty.
warn - Configure your content sources or your generated CSS will be missing styles.
warn - https://tailwindcss.com/docs/content-configuration
++ date -u +%Y-%m-%dT%H:%M:%SZ
+ writetaskstat timestamp_attempt_squash_end 2024-03-03T16:52:04Z
+ jq -nc --arg key timestamp_attempt_squash_end --arg value 2024-03-03T16:52:04Z '{ key: $key, value: $value }'
+ break
++ date -u +%Y-%m-%dT%H:%M:%SZ
+ writetaskstat timestamp_end 2024-03-03T16:52:04Z
+ jq -nc --arg key timestamp_end --arg value 2024-03-03T16:52:04Z '{ key: $key, value: $value }'
+ rm /twcr/mnt/results/extract-failed
+ touch /twcr/mnt/results/extract-completed
