==== RUN-DOCKER
+++ dirname -- ./worker/run.sh
++ cd -- ./worker
++ pwd
+ twcrdir=/twcr/worker/..
+ repo=github.com/chrede88/qubt
+ reporef=main
+ repopath=./
+ '[' true == true ']'
+ grep -q '^././'
++ echo github.com/chrede88/qubt
++ sha256sum
++ awk '{ print $1 }'
++ cut -c1-12
+ procdir=/tmp/twcr-fe9ea00c09bc
++ echo 'github.com/chrede88/qubt;main;./'
++ sha256sum
++ awk '{ print $1 }'
++ cut -c1-12
+ datadir=/twcr/worker/../mnt/dataset/data/4e3b0a48f868
+ '[' '!' -z /twcr/mnt/results ']'
+ datadir=/twcr/mnt/results
+ touch /twcr/mnt/results/extract-failed
++ base64
++ tr -d =
++ tr /+ _-
++ base64
++ tr -d =
++ tr /+ _-
+ writetaskstat analysis_key github.com/chrede88/qubt/bWFpbgo/Li8K
+ jq -nc --arg key analysis_key --arg value github.com/chrede88/qubt/bWFpbgo/Li8K '{ key: $key, value: $value }'
++ date -u +%Y%m%d%H%M%S
++ sha256sum
++ awk '{ print $1 }'
++ cut -c1-16
++ head -c 32 /dev/urandom
+ writetaskstat analysis_nonce 5c0bd13060383113
+ jq -nc --arg key analysis_nonce --arg value 5c0bd13060383113 '{ key: $key, value: $value }'
+ writetaskstat input_repo_name github.com/chrede88/qubt
+ jq -nc --arg key input_repo_name --arg value github.com/chrede88/qubt '{ key: $key, value: $value }'
+ writetaskstat input_repo_ref main
+ jq -nc --arg key input_repo_ref --arg value main '{ key: $key, value: $value }'
+ writetaskstat input_repo_path ./
+ jq -nc --arg key input_repo_path --arg value ./ '{ key: $key, value: $value }'
++ date -u +%Y-%m-%dT%H:%M:%SZ
+ writetaskstat timestamp_begin 2024-03-05T06:52:23Z
+ jq -nc --arg key timestamp_begin --arg value 2024-03-05T06:52:23Z '{ key: $key, value: $value }'
+ mkdir -p /tmp/twcr-fe9ea00c09bc
+ pushd /tmp/twcr-fe9ea00c09bc
+ '[' -d .git ']'
+ git clone --depth=1 -b main https://github.com/chrede88/qubt.git .
/tmp/twcr-fe9ea00c09bc /twcr
Cloning into '.'...
++ date -u +%Y-%m-%dT%H:%M:%SZ
+ writetaskstat timestamp_git_clone_complete 2024-03-05T06:52:26Z
+ jq -nc --arg key timestamp_git_clone_complete --arg value 2024-03-05T06:52:26Z '{ key: $key, value: $value }'
++ git rev-parse HEAD
+ writetaskstat exec_repo_commit_sha 20ceb95f93f2b88ebfb1d26e4a951b134410ef53
+ jq -nc --arg key exec_repo_commit_sha --arg value 20ceb95f93f2b88ebfb1d26e4a951b134410ef53 '{ key: $key, value: $value }'
+++ git show --no-patch --format=%ci
++ date -u --date '2024-03-02 14:05:11 +0100' +%Y-%m-%dT%H:%M:%SZ
+ writetaskstat exec_repo_commit_date 2024-03-02T13:05:11Z
+ jq -nc --arg key exec_repo_commit_date --arg value 2024-03-02T13:05:11Z '{ key: $key, value: $value }'
+ '[' -z ./ ']'
+ pushd ./
+ tailwind_config_file_name=
+ '[' -f tailwind.config.js ']'
+ tailwind_config_file_name=tailwind.config.js
+ writetaskstat exec_tailwind_config_file tailwind.config.js
+ jq -nc --arg key exec_tailwind_config_file --arg value tailwind.config.js '{ key: $key, value: $value }'
/tmp/twcr-fe9ea00c09bc /tmp/twcr-fe9ea00c09bc /twcr
+ cp tailwind.config.js /twcr/mnt/results/extract-raw-tailwind-config.js
+ '[' '!' -f package.json ']'
+ cp package.json /twcr/mnt/results/extract-raw-package.json
++ /twcr/worker/../worker/pm-detect.sh /tmp/twcr-fe9ea00c09bc
+ package_manager_name=
+ '[' -z '' ']'
+ '[' ./ '!=' ./ ']'
+ '[' -z '' ']'
+ package_manager_name=npm
+ writetaskstat exec_node_package_manager npm
+ jq -nc --arg key exec_node_package_manager --arg value npm '{ key: $key, value: $value }'
+ attempt_mode=squash
+ true
++ date -u +%Y-%m-%dT%H:%M:%SZ
+ writetaskstat timestamp_attempt_squash_begin 2024-03-05T06:52:26Z
+ jq -nc --arg key timestamp_attempt_squash_begin --arg value 2024-03-05T06:52:26Z '{ key: $key, value: $value }'
+ [[ squash == \s\q\u\a\s\h ]]
+ set +e
+ node /twcr/worker/../worker/squash-package.mjs tailwind.config.js
+ exitcode=0
+ set -e
+ [[ 0 != \0 ]]
+ cat package.json
+ sed 's/^/>>> /'
+ rm -f package-lock.json pnpm-lock.yaml yarn.lock
>>> {
>>>   "name": "Qubt",
>>>   "version": "1.2.7",
>>>   "description": "Qubt blog theme for Hugo",
>>>   "main": "index.js",
>>>   "repository": {
>>>     "type": "git",
>>>     "url": "git+https://github.com/chrede88/qubt.git"
>>>   },
>>>   "homepage": "https://github.com/chrede88/qubt#readme",
>>>   "keywords": [
>>>     "Hugo",
>>>     "blog",
>>>     "minimal",
>>>     "tailwind"
>>>   ],
>>>   "author": "Christian Olsen",
>>>   "license": "MIT",
>>>   "dependencies": {
>>>     "tailwindcss": "3.4.1"
>>>   },
>>>   "devDependencies": {
>>>     "@tailwindcss/typography": "0.5.10"
>>>   }
>>> }+ '[' ./ '!=' ./ ']'
+ set +e
+ /twcr/worker/../worker/pm-install.sh npm /tmp/twcr-fe9ea00c09bc /twcr/mnt/results
+ package_manager_name=npm
+ procdir=/tmp/twcr-fe9ea00c09bc
+ datadir=/twcr/mnt/results
+ case "${package_manager_name}" in
++ '[' -f package-lock.json ']'
++ echo install
+ npm install --ignore-engines

added 118 packages, and audited 119 packages in 4s

28 packages are looking for funding
  run `npm fund` for details

found 0 vulnerabilities
npm notice 
npm notice New minor version of npm available! 10.2.4 -> 10.5.0
npm notice Changelog: <https://github.com/npm/cli/releases/tag/v10.5.0>
npm notice Run `npm install -g npm@10.5.0` to update!
npm notice 
+ npm query '*'
+ jq -cr '
        map({ name: .name, version: .version })
        | map(select(.name))
        | sort_by(.name)[]
      '
+ exitcode=0
+ set -e
+ [[ 0 != \0 ]]
++ jq -sr 'map(select(.name == "tailwindcss")) | first | .version'
+ tailwind_package_version=3.4.1
+ tailwind_config_exporter=tailwind.config.exporter2.cjs
+ '[' -f node_modules/tailwindcss/lib/lib/load-config.js ']'
+ tailwind_config_exporter=tailwind.config.exporter3.mjs
+ cp /twcr/worker/../worker/tailwind.config.exporter3.mjs ./
+ set +e
+ node ./tailwind.config.exporter3.mjs tailwind.config.js
+ exitcode=0
+ set -e
+ [[ 0 != \0 ]]
+ echo 'module.exports={plugins:['
+ jq -rs '
        map(select(.name | startswith("@tailwindcss/")))
        | map("require(" + ( .name | tojson ) + "),")[]
      '
+ grep -Ev '"@tailwindcss/postcss7-compat"'
+ echo ']}'
+ cat tailwind.config.js
+ sed 's/^/>>> /'
>>> module.exports={plugins:[
>>> require("@tailwindcss/typography"),
>>> ]}
+ node ./tailwind.config.exporter3.mjs tailwind.config.js
++ date -u +%Y-%m-%dT%H:%M:%SZ
+ writetaskstat timestamp_attempt_squash_end 2024-03-05T06:52:31Z
+ jq -nc --arg key timestamp_attempt_squash_end --arg value 2024-03-05T06:52:31Z '{ key: $key, value: $value }'
+ break
++ date -u +%Y-%m-%dT%H:%M:%SZ
+ writetaskstat timestamp_end 2024-03-05T06:52:32Z
+ jq -nc --arg key timestamp_end --arg value 2024-03-05T06:52:32Z '{ key: $key, value: $value }'
+ rm /twcr/mnt/results/extract-failed
+ touch /twcr/mnt/results/extract-completed
