==== RUN-DOCKER
+++ dirname -- ./worker/run.sh
++ cd -- ./worker
++ pwd
+ twcrdir=/twcr/worker/..
+ repo=github.com/formbricks/formbricks
+ reporef=main
+ repopath=./apps/formbricks-com
+ '[' true == true ']'
+ grep -q '^././'
++ echo github.com/formbricks/formbricks
++ sha256sum
++ awk '{ print $1 }'
++ cut -c1-12
+ procdir=/tmp/twcr-a02bfd138e20
++ echo 'github.com/formbricks/formbricks;main;./apps/formbricks-com'
++ sha256sum
++ awk '{ print $1 }'
++ cut -c1-12
+ datadir=/twcr/worker/../mnt/dataset/data/ae48f9d740a4
+ '[' '!' -z /twcr/mnt/results ']'
+ datadir=/twcr/mnt/results
+ touch /twcr/mnt/results/extract-failed
++ base64
++ tr -d =
++ tr /+ _-
++ base64
++ tr -d =
++ tr /+ _-
+ writetaskstat analysis_key github.com/formbricks/formbricks/bWFpbgo/Li9hcHBzL2Zvcm1icmlja3MtY29tCg
+ jq -nc --arg key analysis_key --arg value github.com/formbricks/formbricks/bWFpbgo/Li9hcHBzL2Zvcm1icmlja3MtY29tCg '{ key: $key, value: $value }'
++ date -u +%Y%m%d%H%M%S
++ sha256sum
++ awk '{ print $1 }'
++ cut -c1-16
++ head -c 32 /dev/urandom
+ writetaskstat analysis_nonce 2764bf27cf6205cb
+ jq -nc --arg key analysis_nonce --arg value 2764bf27cf6205cb '{ key: $key, value: $value }'
+ writetaskstat input_repo_name github.com/formbricks/formbricks
+ jq -nc --arg key input_repo_name --arg value github.com/formbricks/formbricks '{ key: $key, value: $value }'
+ writetaskstat input_repo_ref main
+ jq -nc --arg key input_repo_ref --arg value main '{ key: $key, value: $value }'
+ writetaskstat input_repo_path ./apps/formbricks-com
+ jq -nc --arg key input_repo_path --arg value ./apps/formbricks-com '{ key: $key, value: $value }'
++ date -u +%Y-%m-%dT%H:%M:%SZ
+ writetaskstat timestamp_begin 2024-03-04T01:39:52Z
+ jq -nc --arg key timestamp_begin --arg value 2024-03-04T01:39:52Z '{ key: $key, value: $value }'
+ mkdir -p /tmp/twcr-a02bfd138e20
+ pushd /tmp/twcr-a02bfd138e20
+ '[' -d .git ']'
+ git clone --depth=1 -b main https://github.com/formbricks/formbricks.git .
/tmp/twcr-a02bfd138e20 /twcr
Cloning into '.'...
++ date -u +%Y-%m-%dT%H:%M:%SZ
+ writetaskstat timestamp_git_clone_complete 2024-03-04T01:39:58Z
+ jq -nc --arg key timestamp_git_clone_complete --arg value 2024-03-04T01:39:58Z '{ key: $key, value: $value }'
++ git rev-parse HEAD
+ writetaskstat exec_repo_commit_sha 96bc0e669c0d66d4f568cefb55a35693c764d297
+ jq -nc --arg key exec_repo_commit_sha --arg value 96bc0e669c0d66d4f568cefb55a35693c764d297 '{ key: $key, value: $value }'
+++ git show --no-patch --format=%ci
++ date -u --date '2024-03-02 11:30:07 +0000' +%Y-%m-%dT%H:%M:%SZ
+ writetaskstat exec_repo_commit_date 2024-03-02T11:30:07Z
+ jq -nc --arg key exec_repo_commit_date --arg value 2024-03-02T11:30:07Z '{ key: $key, value: $value }'
/tmp/twcr-a02bfd138e20/apps/formbricks-com /tmp/twcr-a02bfd138e20 /twcr
+ '[' -z ./apps/formbricks-com ']'
+ pushd ./apps/formbricks-com
+ tailwind_config_file_name=
+ '[' -f tailwind.config.js ']'
+ '[' -f tailwind.config.cjs ']'
+ '[' -f tailwind.config.mjs ']'
+ '[' -f tailwind.config.ts ']'
+ tailwind_config_file_name=tailwind.config.ts
+ writetaskstat exec_tailwind_config_file tailwind.config.ts
+ jq -nc --arg key exec_tailwind_config_file --arg value tailwind.config.ts '{ key: $key, value: $value }'
+ cp tailwind.config.ts /twcr/mnt/results/extract-raw-tailwind-config.js
+ '[' '!' -f package.json ']'
+ cp package.json /twcr/mnt/results/extract-raw-package.json
++ /twcr/worker/../worker/pm-detect.sh /tmp/twcr-a02bfd138e20/apps/formbricks-com
+ package_manager_name=
+ '[' -z '' ']'
+ '[' ./apps/formbricks-com '!=' ./ ']'
++ /twcr/worker/../worker/pm-detect.sh /tmp/twcr-a02bfd138e20
+ package_manager_name=pnpm
+ '[' -z pnpm ']'
+ writetaskstat exec_node_package_manager pnpm
+ jq -nc --arg key exec_node_package_manager --arg value pnpm '{ key: $key, value: $value }'
+ attempt_mode=squash
+ true
++ date -u +%Y-%m-%dT%H:%M:%SZ
+ writetaskstat timestamp_attempt_squash_begin 2024-03-04T01:39:58Z
+ jq -nc --arg key timestamp_attempt_squash_begin --arg value 2024-03-04T01:39:58Z '{ key: $key, value: $value }'
+ [[ squash == \s\q\u\a\s\h ]]
+ set +e
+ node /twcr/worker/../worker/squash-package.mjs tailwind.config.ts
[squash-package] ERROR: failed to find any match for import path (@tailwindcss/forms)
+ exitcode=1
+ set -e
+ [[ 1 != \0 ]]
+ echo '[worker] WARN: squash failed; retrying with full install'
[worker] WARN: squash failed; retrying with full install
+ attempt_mode=full
+ continue
+ true
++ date -u +%Y-%m-%dT%H:%M:%SZ
+ writetaskstat timestamp_attempt_full_begin 2024-03-04T01:39:58Z
+ jq -nc --arg key timestamp_attempt_full_begin --arg value 2024-03-04T01:39:58Z '{ key: $key, value: $value }'
+ [[ full == \s\q\u\a\s\h ]]
+ git clean -fdx
+ git reset --hard
HEAD is now at 96bc0e6 fix: Recall in verify email question preview and integrations (#2145)
+ set +e
+ /twcr/worker/../worker/pm-install.sh pnpm /tmp/twcr-a02bfd138e20 /twcr/mnt/results
+ package_manager_name=pnpm
+ procdir=/tmp/twcr-a02bfd138e20
+ datadir=/twcr/mnt/results
+ case "${package_manager_name}" in
+ '[' '!' -f /tmp/twcr-a02bfd138e20/package.json ']'
++ pnpm -v
+ sed -Ei 's/("pnpm": ")(.+)(")/\18.15.4\3/' /tmp/twcr-a02bfd138e20/package.json
+ '[' '!' -f package.json ']'
++ pnpm -v
+ sed -Ei 's/("pnpm": ")(.+)(")/\18.15.4\3/' package.json
+ pnpm install
Scope: all 17 workspace projects
../..                                    |    +2491 ++++++++++++++++++++++++++++
../..                                    | Progress: resolved 0, reused 0, downloaded 1, added 0
../..                                    | Progress: resolved 0, reused 0, downloaded 68, added 101
../..                                    | Progress: resolved 0, reused 0, downloaded 117, added 154
../..                                    | Progress: resolved 0, reused 0, downloaded 159, added 212
../..                                    | Progress: resolved 0, reused 0, downloaded 199, added 257
../..                                    | Progress: resolved 0, reused 0, downloaded 242, added 320
../..                                    | Progress: resolved 0, reused 0, downloaded 267, added 334
../..                                    | Progress: resolved 0, reused 0, downloaded 294, added 362
../..                                    | Progress: resolved 0, reused 0, downloaded 308, added 376
../..                                    | Progress: resolved 0, reused 0, downloaded 319, added 387
../..                                    | Progress: resolved 0, reused 0, downloaded 334, added 404
../..                                    | Progress: resolved 0, reused 0, downloaded 354, added 433
../..                                    | Progress: resolved 0, reused 0, downloaded 370, added 452
../..                                    | Progress: resolved 0, reused 0, downloaded 377, added 460
../..                                    | Progress: resolved 0, reused 0, downloaded 379, added 462
../..                                    | Progress: resolved 0, reused 0, downloaded 390, added 472
../..                                    | Progress: resolved 0, reused 0, downloaded 401, added 487
../..                                    | Progress: resolved 0, reused 0, downloaded 449, added 549
../..                                    | Progress: resolved 0, reused 0, downloaded 503, added 605
../..                                    | Progress: resolved 0, reused 0, downloaded 558, added 672
../..                                    | Progress: resolved 0, reused 0, downloaded 607, added 723
../..                                    | Progress: resolved 0, reused 0, downloaded 631, added 758
../..                                    | Progress: resolved 0, reused 0, downloaded 673, added 814
../..                                    | Progress: resolved 0, reused 0, downloaded 731, added 882
../..                                    | Progress: resolved 0, reused 0, downloaded 783, added 936
../..                                    | Progress: resolved 0, reused 0, downloaded 831, added 993
../..                                    | Progress: resolved 0, reused 0, downloaded 887, added 1056
../..                                    | Progress: resolved 0, reused 0, downloaded 938, added 1113
../..                                    | Progress: resolved 0, reused 0, downloaded 970, added 1150
../..                                    | Progress: resolved 0, reused 0, downloaded 1016, added 1203
../..                                    | Progress: resolved 0, reused 0, downloaded 1041, added 1228
../..                                    | Progress: resolved 0, reused 0, downloaded 1074, added 1261
../..                                    | Progress: resolved 0, reused 0, downloaded 1120, added 1314
../..                                    | Progress: resolved 0, reused 0, downloaded 1172, added 1370
../..                                    | Progress: resolved 0, reused 0, downloaded 1213, added 1415
../..                                    | Progress: resolved 0, reused 0, downloaded 1273, added 1479
../..                                    | Progress: resolved 0, reused 0, downloaded 1321, added 1544
../..                                    | Progress: resolved 0, reused 0, downloaded 1378, added 1607
../..                                    | Progress: resolved 0, reused 0, downloaded 1433, added 1665
../..                                    | Progress: resolved 0, reused 0, downloaded 1479, added 1716
../..                                    | Progress: resolved 0, reused 0, downloaded 1535, added 1781
../..                                    | Progress: resolved 0, reused 0, downloaded 1594, added 1847
../..                                    | Progress: resolved 0, reused 0, downloaded 1653, added 1911
../..                                    | Progress: resolved 0, reused 0, downloaded 1711, added 1974
../..                                    | Progress: resolved 0, reused 0, downloaded 1773, added 2045
../..                                    | Progress: resolved 0, reused 0, downloaded 1818, added 2096
../..                                    | Progress: resolved 0, reused 0, downloaded 1867, added 2147
../..                                    | Progress: resolved 0, reused 0, downloaded 1918, added 2201
../..                                    | Progress: resolved 0, reused 0, downloaded 1966, added 2254
../..                                    | Progress: resolved 0, reused 0, downloaded 2013, added 2309
../..                                    | Progress: resolved 0, reused 0, downloaded 2054, added 2392
../..                                    | Progress: resolved 0, reused 0, downloaded 2096, added 2437
../..                                    | Progress: resolved 0, reused 0, downloaded 2136, added 2483
../..                                    | Progress: resolved 0, reused 0, downloaded 2137, added 2484
../..                                    | Progress: resolved 0, reused 0, downloaded 2138, added 2491
../..                                    | Progress: resolved 0, reused 0, downloaded 2138, added 2491, done
../../node_modules/@prisma/engines postinstall$ node scripts/postinstall.js
.../node_modules/@prisma/engines postinstall$ node scripts/postinstall.js
../../node_modules/aws-crt install$ node ./scripts/install.js
../../node_modules/@sentry/cli install$ node ./scripts/install.js
../../node_modules/aws-crt install: The binding already exists, skip rebuilding. To rebuild the native addon, please run install.js with `--rebuild`
../../node_modules/aws-crt install: Done
../../node_modules/@sentry/cli install: [sentry-cli] Downloading from https://downloads.sentry-cdn.com/sentry-cli/1.77.1/sentry-cli-Linux-x86_64
../../node_modules/@sentry/cli install: [sentry-cli] Using proxy URL: http://tid_e0fcef1cbddd:ok@172.18.0.2:3128
../../node_modules/@sentry/cli install: (node:154) [DEP0040] DeprecationWarning: The `punycode` module is deprecated. Please use a userland alternative instead.
../../node_modules/@sentry/cli install: (Use `node --trace-deprecation ...` to show where the warning was created)
.../node_modules/@prisma/engines postinstall: (node:140) [DEP0040] DeprecationWarning: The `punycode` module is deprecated. Please use a userland alternative instead.
.../node_modules/@prisma/engines postinstall: (Use `node --trace-deprecation ...` to show where the warning was created)
../../node_modules/@prisma/engines postinstall: (node:138) [DEP0040] DeprecationWarning: The `punycode` module is deprecated. Please use a userland alternative instead.
../../node_modules/@prisma/engines postinstall: (Use `node --trace-deprecation ...` to show where the warning was created)
../../node_modules/@sentry/cli install: fetching sentry-cli-Linux-x86_64 1%
../../node_modules/@sentry/cli install: fetching sentry-cli-Linux-x86_64 2%
../../node_modules/@sentry/cli install: fetching sentry-cli-Linux-x86_64 3%
../../node_modules/@sentry/cli install: fetching sentry-cli-Linux-x86_64 4%
../../node_modules/@sentry/cli install: fetching sentry-cli-Linux-x86_64 5%
../../node_modules/@sentry/cli install: fetching sentry-cli-Linux-x86_64 6%
../../node_modules/@sentry/cli install: fetching sentry-cli-Linux-x86_64 7%
../../node_modules/@sentry/cli install: fetching sentry-cli-Linux-x86_64 8%
../../node_modules/@sentry/cli install: fetching sentry-cli-Linux-x86_64 9%
../../node_modules/@sentry/cli install: fetching sentry-cli-Linux-x86_64 10%
../../node_modules/@sentry/cli install: fetching sentry-cli-Linux-x86_64 11%
../../node_modules/@sentry/cli install: fetching sentry-cli-Linux-x86_64 12%
../../node_modules/@sentry/cli install: fetching sentry-cli-Linux-x86_64 13%
../../node_modules/@sentry/cli install: fetching sentry-cli-Linux-x86_64 14%
../../node_modules/@sentry/cli install: fetching sentry-cli-Linux-x86_64 15%
../../node_modules/@sentry/cli install: fetching sentry-cli-Linux-x86_64 16%
../../node_modules/@sentry/cli install: fetching sentry-cli-Linux-x86_64 17%
../../node_modules/@sentry/cli install: fetching sentry-cli-Linux-x86_64 18%
../../node_modules/@sentry/cli install: fetching sentry-cli-Linux-x86_64 19%
../../node_modules/@sentry/cli install: fetching sentry-cli-Linux-x86_64 20%
../../node_modules/@sentry/cli install: fetching sentry-cli-Linux-x86_64 21%
../../node_modules/@sentry/cli install: fetching sentry-cli-Linux-x86_64 22%
../../node_modules/@sentry/cli install: fetching sentry-cli-Linux-x86_64 23%
../../node_modules/@sentry/cli install: fetching sentry-cli-Linux-x86_64 24%
../../node_modules/@sentry/cli install: fetching sentry-cli-Linux-x86_64 25%
../../node_modules/@sentry/cli install: fetching sentry-cli-Linux-x86_64 26%
../../node_modules/@sentry/cli install: fetching sentry-cli-Linux-x86_64 27%
../../node_modules/@sentry/cli install: fetching sentry-cli-Linux-x86_64 28%
../../node_modules/@sentry/cli install: fetching sentry-cli-Linux-x86_64 29%
../../node_modules/@sentry/cli install: fetching sentry-cli-Linux-x86_64 30%
../../node_modules/@sentry/cli install: fetching sentry-cli-Linux-x86_64 31%
../../node_modules/@sentry/cli install: fetching sentry-cli-Linux-x86_64 32%
../../node_modules/@sentry/cli install: fetching sentry-cli-Linux-x86_64 33%
../../node_modules/@sentry/cli install: fetching sentry-cli-Linux-x86_64 34%
../../node_modules/@sentry/cli install: fetching sentry-cli-Linux-x86_64 35%
../../node_modules/@sentry/cli install: fetching sentry-cli-Linux-x86_64 36%
../../node_modules/@sentry/cli install: fetching sentry-cli-Linux-x86_64 37%
../../node_modules/@sentry/cli install: fetching sentry-cli-Linux-x86_64 38%
../../node_modules/@sentry/cli install: fetching sentry-cli-Linux-x86_64 39%
../../node_modules/@sentry/cli install: fetching sentry-cli-Linux-x86_64 40%
../../node_modules/@sentry/cli install: fetching sentry-cli-Linux-x86_64 41%
../../node_modules/@sentry/cli install: fetching sentry-cli-Linux-x86_64 42%
../../node_modules/@sentry/cli install: fetching sentry-cli-Linux-x86_64 43%
../../node_modules/@sentry/cli install: fetching sentry-cli-Linux-x86_64 44%
../../node_modules/@sentry/cli install: fetching sentry-cli-Linux-x86_64 45%
../../node_modules/@sentry/cli install: fetching sentry-cli-Linux-x86_64 46%
../../node_modules/@sentry/cli install: fetching sentry-cli-Linux-x86_64 47%
../../node_modules/@sentry/cli install: fetching sentry-cli-Linux-x86_64 48%
../../node_modules/@sentry/cli install: fetching sentry-cli-Linux-x86_64 49%
../../node_modules/@sentry/cli install: fetching sentry-cli-Linux-x86_64 50%
../../node_modules/@sentry/cli install: fetching sentry-cli-Linux-x86_64 51%
../../node_modules/@sentry/cli install: fetching sentry-cli-Linux-x86_64 52%
../../node_modules/@sentry/cli install: fetching sentry-cli-Linux-x86_64 53%
../../node_modules/@sentry/cli install: fetching sentry-cli-Linux-x86_64 54%
../../node_modules/@sentry/cli install: fetching sentry-cli-Linux-x86_64 55%
../../node_modules/@sentry/cli install: fetching sentry-cli-Linux-x86_64 56%
../../node_modules/@sentry/cli install: fetching sentry-cli-Linux-x86_64 57%
../../node_modules/@sentry/cli install: fetching sentry-cli-Linux-x86_64 58%
../../node_modules/@sentry/cli install: fetching sentry-cli-Linux-x86_64 59%
../../node_modules/@sentry/cli install: fetching sentry-cli-Linux-x86_64 60%
../../node_modules/@sentry/cli install: fetching sentry-cli-Linux-x86_64 61%
../../node_modules/@sentry/cli install: fetching sentry-cli-Linux-x86_64 62%
../../node_modules/@sentry/cli install: fetching sentry-cli-Linux-x86_64 63%
../../node_modules/@sentry/cli install: fetching sentry-cli-Linux-x86_64 64%
../../node_modules/@sentry/cli install: fetching sentry-cli-Linux-x86_64 65%
../../node_modules/@sentry/cli install: fetching sentry-cli-Linux-x86_64 66%
../../node_modules/@sentry/cli install: fetching sentry-cli-Linux-x86_64 67%
../../node_modules/@sentry/cli install: fetching sentry-cli-Linux-x86_64 68%
../../node_modules/@sentry/cli install: fetching sentry-cli-Linux-x86_64 69%
../../node_modules/@sentry/cli install: fetching sentry-cli-Linux-x86_64 70%
../../node_modules/@sentry/cli install: fetching sentry-cli-Linux-x86_64 71%
../../node_modules/@sentry/cli install: fetching sentry-cli-Linux-x86_64 72%
../../node_modules/@sentry/cli install: fetching sentry-cli-Linux-x86_64 73%
../../node_modules/@sentry/cli install: fetching sentry-cli-Linux-x86_64 74%
../../node_modules/@sentry/cli install: fetching sentry-cli-Linux-x86_64 75%
../../node_modules/@sentry/cli install: fetching sentry-cli-Linux-x86_64 76%
../../node_modules/@sentry/cli install: fetching sentry-cli-Linux-x86_64 77%
../../node_modules/@sentry/cli install: fetching sentry-cli-Linux-x86_64 78%
../../node_modules/@sentry/cli install: fetching sentry-cli-Linux-x86_64 79%
../../node_modules/@sentry/cli install: fetching sentry-cli-Linux-x86_64 80%
../../node_modules/@sentry/cli install: fetching sentry-cli-Linux-x86_64 81%
../../node_modules/@sentry/cli install: fetching sentry-cli-Linux-x86_64 82%
../../node_modules/@sentry/cli install: fetching sentry-cli-Linux-x86_64 83%
../../node_modules/@sentry/cli install: fetching sentry-cli-Linux-x86_64 84%
../../node_modules/@sentry/cli install: fetching sentry-cli-Linux-x86_64 85%
../../node_modules/@sentry/cli install: fetching sentry-cli-Linux-x86_64 86%
../../node_modules/@sentry/cli install: fetching sentry-cli-Linux-x86_64 87%
../../node_modules/@sentry/cli install: fetching sentry-cli-Linux-x86_64 88%
../../node_modules/@sentry/cli install: fetching sentry-cli-Linux-x86_64 89%
../../node_modules/@sentry/cli install: fetching sentry-cli-Linux-x86_64 90%
../../node_modules/@sentry/cli install: fetching sentry-cli-Linux-x86_64 91%
../../node_modules/@sentry/cli install: fetching sentry-cli-Linux-x86_64 92%
../../node_modules/@sentry/cli install: fetching sentry-cli-Linux-x86_64 93%
../../node_modules/@sentry/cli install: fetching sentry-cli-Linux-x86_64 94%
../../node_modules/@sentry/cli install: fetching sentry-cli-Linux-x86_64 95%
../../node_modules/@sentry/cli install: fetching sentry-cli-Linux-x86_64 96%
../../node_modules/@sentry/cli install: fetching sentry-cli-Linux-x86_64 97%
../../node_modules/@sentry/cli install: fetching sentry-cli-Linux-x86_64 98%
../../node_modules/@sentry/cli install: fetching sentry-cli-Linux-x86_64 99%
../../node_modules/@sentry/cli install: fetching sentry-cli-Linux-x86_64 100%
../../node_modules/@sentry/cli install: [sentry-cli] Checksum validation passed.
../../node_modules/@sentry/cli install: Done
.../node_modules/@prisma/engines postinstall: Done
../../node_modules/@prisma/engines postinstall: Done
.../core-common/node_modules/esbuild postinstall$ node install.js
../../node_modules/@swc/core postinstall$ node postinstall.js
../../node_modules/esbuild postinstall$ node install.js
../../node_modules/prisma preinstall$ node scripts/preinstall-entry.js
.../core-common/node_modules/esbuild postinstall: Done
../../node_modules/@swc/core postinstall: Done
../../node_modules/esbuild postinstall: Done
../../node_modules/prisma preinstall: Done
../../node_modules/@prisma/client postinstall$ node scripts/postinstall.js
../web/node_modules/sharp install$ node install/check
.../node_modules/@vercel/speed-insights postinstall$ node scripts/postinstall.mjs
../../node_modules/sharp install$ node install/check
.../node_modules/@vercel/speed-insights postinstall: Done
../web/node_modules/sharp install: Done
../../node_modules/sharp install: Done
../../node_modules/@prisma/client postinstall: Prisma schema loaded from packages/database/schema.prisma
../../node_modules/@prisma/client postinstall: ✔ Generated Prisma Client (v5.10.2) to ./node_modules/@prisma/client in 446ms
../../node_modules/@prisma/client postinstall: ✔ Generated Zod Schemas (0.5.4) to ./packages/database/zod in 482ms
../../node_modules/@prisma/client postinstall: ✔ Generated Prisma Json Types Generator (3.0.4) to ./packages/database in 2.32s
../../node_modules/@prisma/client postinstall: Start using Prisma Client in Node.js (See: https://pris.ly/d/client)
../../node_modules/@prisma/client postinstall: ```
../../node_modules/@prisma/client postinstall: import { PrismaClient } from '@prisma/client'
../../node_modules/@prisma/client postinstall: const prisma = new PrismaClient()
../../node_modules/@prisma/client postinstall: ```
../../node_modules/@prisma/client postinstall: or start using Prisma Client at the edge (See: https://pris.ly/d/accelerate)
../../node_modules/@prisma/client postinstall: ```
../../node_modules/@prisma/client postinstall: import { PrismaClient } from '@prisma/client/edge'
../../node_modules/@prisma/client postinstall: const prisma = new PrismaClient()
../../node_modules/@prisma/client postinstall: ```
../../node_modules/@prisma/client postinstall: See other ways of importing Prisma Client: http://pris.ly/d/importing-client
../../node_modules/@prisma/client postinstall: ┌─────────────────────────────────────────────────────────────┐
../../node_modules/@prisma/client postinstall: │  Deploying your app to serverless or edge functions?        │
../../node_modules/@prisma/client postinstall: │  Try Prisma Accelerate for connection pooling and caching.  │
../../node_modules/@prisma/client postinstall: │  https://pris.ly/cli/accelerate                             │
../../node_modules/@prisma/client postinstall: └─────────────────────────────────────────────────────────────┘
../../node_modules/@prisma/client postinstall: Done

dependencies:
+ @formbricks/lib 0.0.0 <- ../../packages/lib
+ @formbricks/types 0.0.0 <- ../../packages/types
+ @formbricks/ui 1.0.0 <- ../../packages/ui

devDependencies:
+ @formbricks/tsconfig 1.0.0 <- ../../packages/tsconfig
+ eslint-config-formbricks 1.0.0 <- ../../packages/eslint-config-formbricks

../.. prepare$ husky install
../.. prepare: install command is deprecated
../.. prepare: Done
Done in 1m 8.8s
+ pnpm ls --json
+ jq -cr '
        .[]
        | [.dependencies, .devDependencies, .optionalDependencies]
        | map(select(.))[]
        | to_entries
        | map({ name: .key, version: .value.version })
        | sort_by(.name)[]
      '
+ exitcode=0
+ set -e
+ [[ 0 != \0 ]]
++ jq -sr 'map(select(.name == "tailwindcss")) | first | .version'
+ tailwind_package_version=3.4.0
+ tailwind_config_exporter=tailwind.config.exporter2.cjs
+ '[' -f node_modules/tailwindcss/lib/lib/load-config.js ']'
+ cp /twcr/worker/../worker/tailwind.config.exporter2.cjs ./
+ set +e
+ node ./tailwind.config.exporter2.cjs tailwind.config.ts
/tmp/twcr-a02bfd138e20/apps/formbricks-com/tailwind.config.ts:1
import headlessuiPlugin from "@headlessui/tailwindcss";
^^^^^^

SyntaxError: Cannot use import statement outside a module
    at internalCompileFunction (node:internal/vm:77:18)
    at wrapSafe (node:internal/modules/cjs/loader:1290:20)
    at Module._compile (node:internal/modules/cjs/loader:1342:27)
    at Module._extensions..js (node:internal/modules/cjs/loader:1437:10)
    at Module.load (node:internal/modules/cjs/loader:1212:32)
    at Module._load (node:internal/modules/cjs/loader:1028:12)
    at Module.require (node:internal/modules/cjs/loader:1237:19)
    at require (node:internal/modules/helpers:176:18)
    at Object.<anonymous> (/tmp/twcr-a02bfd138e20/apps/formbricks-com/tailwind.config.exporter2.cjs:3:16)
    at Module._compile (node:internal/modules/cjs/loader:1378:14)

Node.js v21.6.2
+ exitcode=1
+ set -e
+ [[ 1 != \0 ]]
+ [[ full == \s\q\u\a\s\h ]]
+ exit 1
