==== RUN-DOCKER
+++ dirname -- ./worker/run.sh
++ cd -- ./worker
++ pwd
+ twcrdir=/twcr/worker/..
+ repo=github.com/plausible/analytics
+ reporef=master
+ repopath=./assets
+ grep -q '^././'
++ echo github.com/plausible/analytics
++ sha256sum
++ awk '{ print $1 }'
++ cut -c1-12
+ procdir=/tmp/twcr-1ce175da58b0
++ echo 'github.com/plausible/analytics;master;./assets'
++ sha256sum
++ awk '{ print $1 }'
++ cut -c1-12
+ datadir=/twcr/worker/../mnt/dataset/data/3bc5715046f9
+ '[' '!' -z /twcr/mnt/results ']'
+ datadir=/twcr/mnt/results
+ touch /twcr/mnt/results/extract-failed
++ base64
++ tr -d =
++ tr /+ _-
++ base64
++ tr -d =
++ tr /+ _-
+ writetaskstat analysis_key github.com/plausible/analytics/bWFzdGVyCg/Li9hc3NldHMK
+ jq -nc --arg key analysis_key --arg value github.com/plausible/analytics/bWFzdGVyCg/Li9hc3NldHMK '{ key: $key, value: $value }'
++ date -u +%Y%m%d%H%M%S
++ sha256sum
++ awk '{ print $1 }'
++ cut -c1-16
++ head -c 32 /dev/urandom
+ writetaskstat analysis_nonce 08b608938f4a464e
+ jq -nc --arg key analysis_nonce --arg value 08b608938f4a464e '{ key: $key, value: $value }'
+ writetaskstat input_repo_name github.com/plausible/analytics
+ jq -nc --arg key input_repo_name --arg value github.com/plausible/analytics '{ key: $key, value: $value }'
+ writetaskstat input_repo_ref master
+ jq -nc --arg key input_repo_ref --arg value master '{ key: $key, value: $value }'
+ writetaskstat input_repo_path ./assets
+ jq -nc --arg key input_repo_path --arg value ./assets '{ key: $key, value: $value }'
++ date -u +%Y-%m-%dT%H:%M:%SZ
+ writetaskstat timestamp_begin 2024-03-03T16:31:35Z
+ jq -nc --arg key timestamp_begin --arg value 2024-03-03T16:31:35Z '{ key: $key, value: $value }'
+ mkdir -p /tmp/twcr-1ce175da58b0
/tmp/twcr-1ce175da58b0 /twcr
+ pushd /tmp/twcr-1ce175da58b0
+ '[' -d .git ']'
+ git clone --depth=1 -b master https://github.com/plausible/analytics.git .
Cloning into '.'...
++ date -u +%Y-%m-%dT%H:%M:%SZ
+ writetaskstat timestamp_git_clone_complete 2024-03-03T16:31:37Z
+ jq -nc --arg key timestamp_git_clone_complete --arg value 2024-03-03T16:31:37Z '{ key: $key, value: $value }'
++ git rev-parse HEAD
+ writetaskstat exec_repo_commit_sha d5048fd6b4fd61f3f55013e490dd26da400cbe98
+ jq -nc --arg key exec_repo_commit_sha --arg value d5048fd6b4fd61f3f55013e490dd26da400cbe98 '{ key: $key, value: $value }'
+++ git show --no-patch --format=%ci
++ date -u --date '2024-03-01 10:53:56 +0200' +%Y-%m-%dT%H:%M:%SZ
+ writetaskstat exec_repo_commit_date 2024-03-01T08:53:56Z
+ jq -nc --arg key exec_repo_commit_date --arg value 2024-03-01T08:53:56Z '{ key: $key, value: $value }'
/tmp/twcr-1ce175da58b0/assets /tmp/twcr-1ce175da58b0 /twcr
+ '[' -z ./assets ']'
+ pushd ./assets
+ tailwind_config_file_name=
+ '[' -f tailwind.config.js ']'
+ tailwind_config_file_name=tailwind.config.js
+ writetaskstat exec_tailwind_config_file tailwind.config.js
+ jq -nc --arg key exec_tailwind_config_file --arg value tailwind.config.js '{ key: $key, value: $value }'
+ cp tailwind.config.js /twcr/mnt/results/extract-raw-tailwind-config.js
+ '[' '!' -f package.json ']'
+ cp package.json /twcr/mnt/results/extract-raw-package.json
++ /twcr/worker/../worker/pm-detect.sh /tmp/twcr-1ce175da58b0/assets
+ package_manager_name=
+ '[' -z '' ']'
+ '[' ./assets '!=' ./ ']'
++ /twcr/worker/../worker/pm-detect.sh /tmp/twcr-1ce175da58b0
grep: /tmp/twcr-1ce175da58b0/package.json: No such file or directory
grep: /tmp/twcr-1ce175da58b0/package.json: No such file or directory
grep: /tmp/twcr-1ce175da58b0/package.json: No such file or directory
/twcr/worker/../worker/pm-detect.sh: line 17: /tmp/twcr-1ce175da58b0/package.json: No such file or directory
+ package_manager_name=
+ '[' -z '' ']'
+ package_manager_name=npm
+ writetaskstat exec_node_package_manager npm
+ jq -nc --arg key exec_node_package_manager --arg value npm '{ key: $key, value: $value }'
+ attempt_mode=squash
+ true
++ date -u +%Y-%m-%dT%H:%M:%SZ
+ writetaskstat timestamp_attempt_squash_begin 2024-03-03T16:31:37Z
+ jq -nc --arg key timestamp_attempt_squash_begin --arg value 2024-03-03T16:31:37Z '{ key: $key, value: $value }'
+ [[ squash == \s\q\u\a\s\h ]]
+ set +e
+ node /twcr/worker/../worker/squash-package.mjs tailwind.config.js
[squash-package] ERROR: failed to find any match for import path (tailwindcss/colors)
+ exitcode=1
+ set -e
+ [[ 1 != \0 ]]
+ echo '[worker] WARN: squash failed; retrying with full install'
[worker] WARN: squash failed; retrying with full install
+ attempt_mode=full
+ continue
+ true
++ date -u +%Y-%m-%dT%H:%M:%SZ
+ writetaskstat timestamp_attempt_full_begin 2024-03-03T16:31:37Z
+ jq -nc --arg key timestamp_attempt_full_begin --arg value 2024-03-03T16:31:37Z '{ key: $key, value: $value }'
+ [[ full == \s\q\u\a\s\h ]]
+ git checkout .
Updated 0 paths from the index
+ git clean -fdx
+ set +e
+ /twcr/worker/../worker/pm-install.sh npm /tmp/twcr-1ce175da58b0 /twcr/mnt/results
+ package_manager_name=npm
+ procdir=/tmp/twcr-1ce175da58b0
+ datadir=/twcr/mnt/results
+ case "${package_manager_name}" in
++ '[' -f package-lock.json ']'
++ echo ci
+ npm ci --ignore-engines

added 501 packages, and audited 502 packages in 24s

105 packages are looking for funding
  run `npm fund` for details

2 vulnerabilities (1 moderate, 1 critical)

To address all issues, run:
  npm audit fix

Run `npm audit` for details.
npm notice 
npm notice New minor version of npm available! 10.2.4 -> 10.5.0
npm notice Changelog: <https://github.com/npm/cli/releases/tag/v10.5.0>
npm notice Run `npm install -g npm@10.5.0` to update!
npm notice 
+ npm query '*'
+ jq -cr '
        map({ name: .name, version: .version })
        | map(select(.name))
        | sort_by(.name)[]
      '
+ exitcode=0
+ set -e
+ [[ 0 != \0 ]]
++ jq -sr 'map(select(.name == "tailwindcss")) | first | .version'
+ tailwind_package_version=3.3.3
+ tailwind_config_exporter=tailwind.config.exporter2.cjs
+ '[' -f node_modules/tailwindcss/lib/lib/load-config.js ']'
+ tailwind_config_exporter=tailwind.config.exporter3.mjs
+ cp /twcr/worker/../worker/tailwind.config.exporter3.mjs ./
+ set +e
+ node ./tailwind.config.exporter3.mjs tailwind.config.js
+ exitcode=0
+ set -e
+ [[ 0 != \0 ]]
+ echo 'module.exports={plugins:['
+ jq -rs '
        map(select(.name | startswith("@tailwindcss/")))
        | map("require(" + ( .name | tojson ) + "),")[]
      '
+ echo ']}'
+ cat tailwind.config.js
+ sed 's/^/>>> /'
>>> module.exports={plugins:[
>>> require("@tailwindcss/aspect-ratio"),
>>> require("@tailwindcss/forms"),
>>> require("@tailwindcss/typography"),
>>> ]}
+ node ./tailwind.config.exporter3.mjs tailwind.config.js
/tmp/twcr-1ce175da58b0/assets/node_modules/@tailwindcss/typography/src/styles.js:16
        color: theme('colors.gray.700', defaultTheme.colors.gray[700]),
                                                                ^

TypeError: Cannot read properties of undefined (reading '700')
    at module.exports [as typography] (/tmp/twcr-1ce175da58b0/assets/node_modules/@tailwindcss/typography/src/styles.js:16:65)
    at /tmp/twcr-1ce175da58b0/assets/node_modules/tailwindcss/lib/util/resolveConfig.js:182:62
    at Array.reduce (<anonymous>)
    at resolveFunctionKeys (/tmp/twcr-1ce175da58b0/assets/node_modules/tailwindcss/lib/util/resolveConfig.js:181:32)
    at resolveConfig (/tmp/twcr-1ce175da58b0/assets/node_modules/tailwindcss/lib/util/resolveConfig.js:248:16)
    at resolveConfig (/tmp/twcr-1ce175da58b0/assets/node_modules/tailwindcss/lib/public/resolve-config.js:20:39)
    at file:///tmp/twcr-1ce175da58b0/assets/tailwind.config.exporter3.mjs:9:8
    at ModuleJob.run (node:internal/modules/esm/module_job:218:25)
    at async ModuleLoader.import (node:internal/modules/esm/loader:323:24)
    at async loadESM (node:internal/process/esm_loader:28:7)

Node.js v21.6.2
