==== RUN-DOCKER
+++ dirname -- ./worker/run.sh
++ cd -- ./worker
++ pwd
+ twcrdir=/twcr/worker/..
+ repo=github.com/janhq/jan
+ reporef=dev
+ repopath=./docs
+ '[' true == true ']'
+ grep -q '^././'
++ echo github.com/janhq/jan
++ sha256sum
++ awk '{ print $1 }'
++ cut -c1-12
+ procdir=/tmp/twcr-2a1a1512e5da
++ echo 'github.com/janhq/jan;dev;./docs'
++ sha256sum
++ awk '{ print $1 }'
++ cut -c1-12
+ datadir=/twcr/worker/../mnt/dataset/data/83c87350bde6
+ '[' '!' -z /twcr/mnt/results ']'
+ datadir=/twcr/mnt/results
+ touch /twcr/mnt/results/extract-failed
++ base64
++ tr -d =
++ tr /+ _-
++ base64
++ tr -d =
++ tr /+ _-
+ writetaskstat analysis_key github.com/janhq/jan/ZGV2Cg/Li9kb2NzCg
+ jq -nc --arg key analysis_key --arg value github.com/janhq/jan/ZGV2Cg/Li9kb2NzCg '{ key: $key, value: $value }'
++ date -u +%Y%m%d%H%M%S
++ sha256sum
++ awk '{ print $1 }'
++ cut -c1-16
++ head -c 32 /dev/urandom
+ writetaskstat analysis_nonce 56697602cec094a8
+ jq -nc --arg key analysis_nonce --arg value 56697602cec094a8 '{ key: $key, value: $value }'
+ writetaskstat input_repo_name github.com/janhq/jan
+ jq -nc --arg key input_repo_name --arg value github.com/janhq/jan '{ key: $key, value: $value }'
+ writetaskstat input_repo_ref dev
+ jq -nc --arg key input_repo_ref --arg value dev '{ key: $key, value: $value }'
+ writetaskstat input_repo_path ./docs
+ jq -nc --arg key input_repo_path --arg value ./docs '{ key: $key, value: $value }'
++ date -u +%Y-%m-%dT%H:%M:%SZ
+ writetaskstat timestamp_begin 2024-03-04T20:30:27Z
+ jq -nc --arg key timestamp_begin --arg value 2024-03-04T20:30:27Z '{ key: $key, value: $value }'
+ mkdir -p /tmp/twcr-2a1a1512e5da
/tmp/twcr-2a1a1512e5da /twcr
+ pushd /tmp/twcr-2a1a1512e5da
+ '[' -d .git ']'
+ git clone --depth=1 -b dev https://github.com/janhq/jan.git .
Cloning into '.'...
++ date -u +%Y-%m-%dT%H:%M:%SZ
+ writetaskstat timestamp_git_clone_complete 2024-03-04T20:30:31Z
+ jq -nc --arg key timestamp_git_clone_complete --arg value 2024-03-04T20:30:31Z '{ key: $key, value: $value }'
++ git rev-parse HEAD
+ writetaskstat exec_repo_commit_sha 1584f0d21e407fc4e0573d0505242783d73c3c23
+ jq -nc --arg key exec_repo_commit_sha --arg value 1584f0d21e407fc4e0573d0505242783d73c3c23 '{ key: $key, value: $value }'
+++ git show --no-patch --format=%ci
++ date -u --date '2024-03-04 23:03:42 +0700' +%Y-%m-%dT%H:%M:%SZ
+ writetaskstat exec_repo_commit_date 2024-03-04T16:03:42Z
+ jq -nc --arg key exec_repo_commit_date --arg value 2024-03-04T16:03:42Z '{ key: $key, value: $value }'
+ '[' -z ./docs ']'
+ pushd ./docs
+ tailwind_config_file_name=
+ '[' -f tailwind.config.js ']'
+ tailwind_config_file_name=tailwind.config.js
+ writetaskstat exec_tailwind_config_file tailwind.config.js
+ jq -nc --arg key exec_tailwind_config_file --arg value tailwind.config.js '{ key: $key, value: $value }'
/tmp/twcr-2a1a1512e5da/docs /tmp/twcr-2a1a1512e5da /twcr
+ cp tailwind.config.js /twcr/mnt/results/extract-raw-tailwind-config.js
+ '[' '!' -f package.json ']'
+ cp package.json /twcr/mnt/results/extract-raw-package.json
++ /twcr/worker/../worker/pm-detect.sh /tmp/twcr-2a1a1512e5da/docs
+ package_manager_name=yarn
+ '[' -z yarn ']'
+ '[' -z yarn ']'
+ writetaskstat exec_node_package_manager yarn
+ jq -nc --arg key exec_node_package_manager --arg value yarn '{ key: $key, value: $value }'
+ attempt_mode=squash
+ true
++ date -u +%Y-%m-%dT%H:%M:%SZ
+ writetaskstat timestamp_attempt_squash_begin 2024-03-04T20:30:31Z
+ jq -nc --arg key timestamp_attempt_squash_begin --arg value 2024-03-04T20:30:31Z '{ key: $key, value: $value }'
+ [[ squash == \s\q\u\a\s\h ]]
+ set +e
+ node /twcr/worker/../worker/squash-package.mjs tailwind.config.js
+ exitcode=0
+ set -e
+ [[ 0 != \0 ]]
+ cat package.json
+ sed 's/^/>>> /'
>>> {
>>>   "name": "docs",
>>>   "version": "0.0.0",
>>>   "private": true,
>>>   "dependencies": {
>>>     "tailwindcss": "^3.3.3"
>>>   },
>>>   "devDependencies": {
>>>     "tailwindcss-animate": "^1.0.7"
>>>   },
>>>   "browserslist": {
>>>     "production": [
>>>       ">0.5%",
>>>       "not dead",
>>>       "not op_mini all"
>>>     ],
>>>     "development": [
>>>       "last 1 chrome version",
>>>       "last 1 firefox version",
>>>       "last 1 safari version"
>>>     ]
>>>   },
>>>   "engines": {
>>>     "node": ">=16.14"
>>>   }
>>> }+ rm -f package-lock.json pnpm-lock.yaml yarn.lock
+ '[' ./docs '!=' ./ ']'
+ rm -f /tmp/twcr-2a1a1512e5da/package.json /tmp/twcr-2a1a1512e5da/package-lock.json /tmp/twcr-2a1a1512e5da/pnpm-lock.yaml /tmp/twcr-2a1a1512e5da/yarn.lock
+ set +e
+ /twcr/worker/../worker/pm-install.sh yarn /tmp/twcr-2a1a1512e5da /twcr/mnt/results
+ package_manager_name=yarn
+ procdir=/tmp/twcr-2a1a1512e5da
+ datadir=/twcr/mnt/results
+ case "${package_manager_name}" in
+ '[' -z http://tid_306e2fad371f:ok@172.18.0.2:3128 ']'
+ yarn config set httpProxy http://tid_306e2fad371f:ok@172.18.0.2:3128
yarn config v1.22.19
success Set "httpProxy" to "http://tid_306e2fad371f:ok@172.18.0.2:3128".
Done in 0.04s.
+ '[' -z http://tid_306e2fad371f:ok@172.18.0.2:3128 ']'
+ yarn config set httpsProxy http://tid_306e2fad371f:ok@172.18.0.2:3128
yarn config v1.22.19
success Set "httpsProxy" to "http://tid_306e2fad371f:ok@172.18.0.2:3128".
Done in 0.03s.
+ yarn install
yarn install v1.22.19
info No lockfile found.
[1/5] Validating package.json...
[2/5] Resolving packages...
(node:132) [DEP0040] DeprecationWarning: The `punycode` module is deprecated. Please use a userland alternative instead.
(Use `node --trace-deprecation ...` to show where the warning was created)
[3/5] Fetching packages...
[4/5] Linking dependencies...
[5/5] Building fresh packages...
success Saved lockfile.
Done in 6.80s.
+ yarn list --depth=0 --json --non-interactive --no-progress
+ jq -cr '
        [.. | .name?]
        | map(select(.))
        | map(capture("^(?<name>@?[^@]+)@(?<version>.+)$"))
        | sort_by(.name)[]'
+ exitcode=0
+ set -e
+ [[ 0 != \0 ]]
++ jq -sr 'map(select(.name == "tailwindcss")) | first | .version'
+ tailwind_package_version=3.4.1
+ tailwind_config_exporter=tailwind.config.exporter2.cjs
+ '[' -f node_modules/tailwindcss/lib/lib/load-config.js ']'
+ tailwind_config_exporter=tailwind.config.exporter3.mjs
+ cp /twcr/worker/../worker/tailwind.config.exporter3.mjs ./
+ set +e
+ node ./tailwind.config.exporter3.mjs tailwind.config.js
+ exitcode=0
+ set -e
+ [[ 0 != \0 ]]
+ echo 'module.exports={plugins:['
+ jq -rs '
        map(select(.name | startswith("@tailwindcss/")))
        | map("require(" + ( .name | tojson ) + "),")[]
      '
+ grep -Ev '"@tailwindcss/postcss7-compat"'
+ true
+ echo ']}'
+ cat tailwind.config.js
+ sed 's/^/>>> /'
>>> module.exports={plugins:[
>>> ]}
+ node ./tailwind.config.exporter3.mjs tailwind.config.js
++ date -u +%Y-%m-%dT%H:%M:%SZ
+ writetaskstat timestamp_attempt_squash_end 2024-03-04T20:30:40Z
+ jq -nc --arg key timestamp_attempt_squash_end --arg value 2024-03-04T20:30:40Z '{ key: $key, value: $value }'
+ break
++ date -u +%Y-%m-%dT%H:%M:%SZ
+ writetaskstat timestamp_end 2024-03-04T20:30:40Z
+ jq -nc --arg key timestamp_end --arg value 2024-03-04T20:30:40Z '{ key: $key, value: $value }'
+ rm /twcr/mnt/results/extract-failed
+ touch /twcr/mnt/results/extract-completed
