==== RUN-DOCKER
+++ dirname -- ./worker/run.sh
++ cd -- ./worker
++ pwd
+ twcrdir=/twcr/worker/..
+ repo=github.com/vivekascoder/vite-react-tailwind-jit
+ reporef=master
+ repopath=./
+ '[' true == true ']'
+ grep -q '^././'
++ echo github.com/vivekascoder/vite-react-tailwind-jit
++ sha256sum
++ awk '{ print $1 }'
++ cut -c1-12
+ procdir=/tmp/twcr-a909dce48aa4
++ echo 'github.com/vivekascoder/vite-react-tailwind-jit;master;./'
++ sha256sum
++ awk '{ print $1 }'
++ cut -c1-12
+ datadir=/twcr/worker/../mnt/dataset/data/b6efbaceb66f
+ '[' '!' -z /twcr/mnt/results ']'
+ datadir=/twcr/mnt/results
+ touch /twcr/mnt/results/extract-failed
++ base64
++ tr -d =
++ tr /+ _-
++ base64
++ tr -d =
++ tr /+ _-
+ writetaskstat analysis_key github.com/vivekascoder/vite-react-tailwind-jit/bWFzdGVyCg/Li8K
+ jq -nc --arg key analysis_key --arg value github.com/vivekascoder/vite-react-tailwind-jit/bWFzdGVyCg/Li8K '{ key: $key, value: $value }'
++ date -u +%Y%m%d%H%M%S
++ sha256sum
++ awk '{ print $1 }'
++ cut -c1-16
++ head -c 32 /dev/urandom
+ writetaskstat analysis_nonce b06d4866d5baff29
+ jq -nc --arg key analysis_nonce --arg value b06d4866d5baff29 '{ key: $key, value: $value }'
+ writetaskstat input_repo_name github.com/vivekascoder/vite-react-tailwind-jit
+ jq -nc --arg key input_repo_name --arg value github.com/vivekascoder/vite-react-tailwind-jit '{ key: $key, value: $value }'
+ writetaskstat input_repo_ref master
+ jq -nc --arg key input_repo_ref --arg value master '{ key: $key, value: $value }'
+ writetaskstat input_repo_path ./
+ jq -nc --arg key input_repo_path --arg value ./ '{ key: $key, value: $value }'
++ date -u +%Y-%m-%dT%H:%M:%SZ
+ writetaskstat timestamp_begin 2024-03-05T05:12:51Z
+ jq -nc --arg key timestamp_begin --arg value 2024-03-05T05:12:51Z '{ key: $key, value: $value }'
+ mkdir -p /tmp/twcr-a909dce48aa4
+ pushd /tmp/twcr-a909dce48aa4
+ '[' -d .git ']'
+ git clone --depth=1 -b master https://github.com/vivekascoder/vite-react-tailwind-jit.git .
/tmp/twcr-a909dce48aa4 /twcr
Cloning into '.'...
++ date -u +%Y-%m-%dT%H:%M:%SZ
+ writetaskstat timestamp_git_clone_complete 2024-03-05T05:12:51Z
+ jq -nc --arg key timestamp_git_clone_complete --arg value 2024-03-05T05:12:51Z '{ key: $key, value: $value }'
++ git rev-parse HEAD
+ writetaskstat exec_repo_commit_sha 4b5ac6c4df9bbaff4996ad5c265afcaad64c73d3
+ jq -nc --arg key exec_repo_commit_sha --arg value 4b5ac6c4df9bbaff4996ad5c265afcaad64c73d3 '{ key: $key, value: $value }'
+++ git show --no-patch --format=%ci
++ date -u --date '2022-05-24 04:50:51 -0700' +%Y-%m-%dT%H:%M:%SZ
+ writetaskstat exec_repo_commit_date 2022-05-24T11:50:51Z
+ jq -nc --arg key exec_repo_commit_date --arg value 2022-05-24T11:50:51Z '{ key: $key, value: $value }'
/tmp/twcr-a909dce48aa4 /tmp/twcr-a909dce48aa4 /twcr
+ '[' -z ./ ']'
+ pushd ./
+ tailwind_config_file_name=
+ '[' -f tailwind.config.js ']'
+ tailwind_config_file_name=tailwind.config.js
+ writetaskstat exec_tailwind_config_file tailwind.config.js
+ jq -nc --arg key exec_tailwind_config_file --arg value tailwind.config.js '{ key: $key, value: $value }'
+ cp tailwind.config.js /twcr/mnt/results/extract-raw-tailwind-config.js
+ '[' '!' -f package.json ']'
+ cp package.json /twcr/mnt/results/extract-raw-package.json
++ /twcr/worker/../worker/pm-detect.sh /tmp/twcr-a909dce48aa4
+ package_manager_name=yarn
+ '[' -z yarn ']'
+ '[' -z yarn ']'
+ writetaskstat exec_node_package_manager yarn
+ jq -nc --arg key exec_node_package_manager --arg value yarn '{ key: $key, value: $value }'
+ attempt_mode=squash
+ true
++ date -u +%Y-%m-%dT%H:%M:%SZ
+ writetaskstat timestamp_attempt_squash_begin 2024-03-05T05:12:51Z
+ jq -nc --arg key timestamp_attempt_squash_begin --arg value 2024-03-05T05:12:51Z '{ key: $key, value: $value }'
+ [[ squash == \s\q\u\a\s\h ]]
+ set +e
+ node /twcr/worker/../worker/squash-package.mjs tailwind.config.js
+ exitcode=0
+ set -e
+ [[ 0 != \0 ]]
+ cat package.json
+ sed 's/^/>>> /'
>>> {
>>>   "name": "swapper",
>>>   "version": "0.0.0",
>>>   "dependencies": {},
>>>   "devDependencies": {
>>>     "tailwindcss": "^2.2.14"
>>>   }
>>> }+ rm -f package-lock.json pnpm-lock.yaml yarn.lock
+ '[' ./ '!=' ./ ']'
+ set +e
+ /twcr/worker/../worker/pm-install.sh yarn /tmp/twcr-a909dce48aa4 /twcr/mnt/results
+ package_manager_name=yarn
+ procdir=/tmp/twcr-a909dce48aa4
+ datadir=/twcr/mnt/results
+ case "${package_manager_name}" in
+ '[' -z http://tid_51b4dd295ab7:ok@172.18.0.2:3128 ']'
+ yarn config set httpProxy http://tid_51b4dd295ab7:ok@172.18.0.2:3128
yarn config v1.22.19
warning package.json: No license field
success Set "httpProxy" to "http://tid_51b4dd295ab7:ok@172.18.0.2:3128".
Done in 0.04s.
+ '[' -z http://tid_51b4dd295ab7:ok@172.18.0.2:3128 ']'
+ yarn config set httpsProxy http://tid_51b4dd295ab7:ok@172.18.0.2:3128
yarn config v1.22.19
warning package.json: No license field
success Set "httpsProxy" to "http://tid_51b4dd295ab7:ok@172.18.0.2:3128".
Done in 0.04s.
+ yarn install
yarn install v1.22.19
warning package.json: No license field
info No lockfile found.
warning swapper@0.0.0: No license field
[1/4] Resolving packages...
(node:131) [DEP0040] DeprecationWarning: The `punycode` module is deprecated. Please use a userland alternative instead.
(Use `node --trace-deprecation ...` to show where the warning was created)
[2/4] Fetching packages...
[3/4] Linking dependencies...
warning " > tailwindcss@2.2.19" has unmet peer dependency "autoprefixer@^10.0.2".
warning " > tailwindcss@2.2.19" has unmet peer dependency "postcss@^8.0.9".
warning "tailwindcss > postcss-nested@5.0.6" has unmet peer dependency "postcss@^8.2.14".
[4/4] Building fresh packages...
success Saved lockfile.
Done in 7.59s.
+ yarn list --depth=0 --json --non-interactive --no-progress
+ jq -cr '
        [.. | .name?]
        | map(select(.))
        | map(capture("^(?<name>@?[^@]+)@(?<version>.+)$"))
        | sort_by(.name)[]'
{"type":"warning","data":"package.json: No license field"}
{"type":"warning","data":"swapper@0.0.0: No license field"}
+ exitcode=0
+ set -e
+ [[ 0 != \0 ]]
++ jq -sr 'map(select(.name == "tailwindcss")) | first | .version'
+ tailwind_package_version=2.2.19
+ tailwind_config_exporter=tailwind.config.exporter2.cjs
+ '[' -f node_modules/tailwindcss/lib/lib/load-config.js ']'
+ cp /twcr/worker/../worker/tailwind.config.exporter2.cjs ./
+ set +e
+ node ./tailwind.config.exporter2.cjs tailwind.config.js
+ exitcode=0
+ set -e
+ [[ 0 != \0 ]]
+ echo 'module.exports={plugins:['
+ jq -rs '
        map(select(.name | startswith("@tailwindcss/")))
        | map("require(" + ( .name | tojson ) + "),")[]
      '
+ grep -Ev '"@tailwindcss/postcss7-compat"'
+ true
+ echo ']}'
+ cat tailwind.config.js
+ sed 's/^/>>> /'
>>> module.exports={plugins:[
>>> ]}
+ node ./tailwind.config.exporter2.cjs tailwind.config.js
++ date -u +%Y-%m-%dT%H:%M:%SZ
+ writetaskstat timestamp_attempt_squash_end 2024-03-05T05:13:00Z
+ jq -nc --arg key timestamp_attempt_squash_end --arg value 2024-03-05T05:13:00Z '{ key: $key, value: $value }'
+ break
++ date -u +%Y-%m-%dT%H:%M:%SZ
+ writetaskstat timestamp_end 2024-03-05T05:13:00Z
+ jq -nc --arg key timestamp_end --arg value 2024-03-05T05:13:00Z '{ key: $key, value: $value }'
+ rm /twcr/mnt/results/extract-failed
+ touch /twcr/mnt/results/extract-completed
