==== RUN-DOCKER
+++ dirname -- ./worker/run.sh
++ cd -- ./worker
++ pwd
+ twcrdir=/twcr/worker/..
+ repo=github.com/rstudio/shinyuieditor
+ reporef=main
+ repopath=./inst/editor-component-lib
+ '[' true == true ']'
+ grep -q '^././'
++ echo github.com/rstudio/shinyuieditor
++ sha256sum
++ awk '{ print $1 }'
++ cut -c1-12
+ procdir=/tmp/twcr-2b69062652a4
++ echo 'github.com/rstudio/shinyuieditor;main;./inst/editor-component-lib'
++ sha256sum
++ awk '{ print $1 }'
++ cut -c1-12
+ datadir=/twcr/worker/../mnt/dataset/data/e98643a067c0
+ '[' '!' -z /twcr/mnt/results ']'
+ datadir=/twcr/mnt/results
+ touch /twcr/mnt/results/extract-failed
++ base64
++ tr -d =
++ tr /+ _-
++ base64
++ tr -d =
++ tr /+ _-
+ writetaskstat analysis_key github.com/rstudio/shinyuieditor/bWFpbgo/Li9pbnN0L2VkaXRvci1jb21wb25lbnQtbGliCg
+ jq -nc --arg key analysis_key --arg value github.com/rstudio/shinyuieditor/bWFpbgo/Li9pbnN0L2VkaXRvci1jb21wb25lbnQtbGliCg '{ key: $key, value: $value }'
++ date -u +%Y%m%d%H%M%S
++ sha256sum
++ awk '{ print $1 }'
++ cut -c1-16
++ head -c 32 /dev/urandom
+ writetaskstat analysis_nonce b0c383904824874c
+ jq -nc --arg key analysis_nonce --arg value b0c383904824874c '{ key: $key, value: $value }'
+ writetaskstat input_repo_name github.com/rstudio/shinyuieditor
+ jq -nc --arg key input_repo_name --arg value github.com/rstudio/shinyuieditor '{ key: $key, value: $value }'
+ writetaskstat input_repo_ref main
+ jq -nc --arg key input_repo_ref --arg value main '{ key: $key, value: $value }'
+ writetaskstat input_repo_path ./inst/editor-component-lib
+ jq -nc --arg key input_repo_path --arg value ./inst/editor-component-lib '{ key: $key, value: $value }'
++ date -u +%Y-%m-%dT%H:%M:%SZ
+ writetaskstat timestamp_begin 2024-03-05T01:19:06Z
+ jq -nc --arg key timestamp_begin --arg value 2024-03-05T01:19:06Z '{ key: $key, value: $value }'
+ mkdir -p /tmp/twcr-2b69062652a4
+ pushd /tmp/twcr-2b69062652a4
+ '[' -d .git ']'
+ git clone --depth=1 -b main https://github.com/rstudio/shinyuieditor.git .
/tmp/twcr-2b69062652a4 /twcr
Cloning into '.'...
++ date -u +%Y-%m-%dT%H:%M:%SZ
+ writetaskstat timestamp_git_clone_complete 2024-03-05T01:19:09Z
+ jq -nc --arg key timestamp_git_clone_complete --arg value 2024-03-05T01:19:09Z '{ key: $key, value: $value }'
++ git rev-parse HEAD
+ writetaskstat exec_repo_commit_sha 16bc1c1762570f5e868b87d88667d4a27f58c961
+ jq -nc --arg key exec_repo_commit_sha --arg value 16bc1c1762570f5e868b87d88667d4a27f58c961 '{ key: $key, value: $value }'
+++ git show --no-patch --format=%ci
++ date -u --date '2023-11-15 11:22:31 -0500' +%Y-%m-%dT%H:%M:%SZ
+ writetaskstat exec_repo_commit_date 2023-11-15T16:22:31Z
+ jq -nc --arg key exec_repo_commit_date --arg value 2023-11-15T16:22:31Z '{ key: $key, value: $value }'
+ '[' -z ./inst/editor-component-lib ']'
+ pushd ./inst/editor-component-lib
+ tailwind_config_file_name=
+ '[' -f tailwind.config.js ']'
+ tailwind_config_file_name=tailwind.config.js
+ writetaskstat exec_tailwind_config_file tailwind.config.js
+ jq -nc --arg key exec_tailwind_config_file --arg value tailwind.config.js '{ key: $key, value: $value }'
/tmp/twcr-2b69062652a4/inst/editor-component-lib /tmp/twcr-2b69062652a4 /twcr
+ cp tailwind.config.js /twcr/mnt/results/extract-raw-tailwind-config.js
+ '[' '!' -f package.json ']'
+ cp package.json /twcr/mnt/results/extract-raw-package.json
++ /twcr/worker/../worker/pm-detect.sh /tmp/twcr-2b69062652a4/inst/editor-component-lib
+ package_manager_name=
+ '[' -z '' ']'
+ '[' ./inst/editor-component-lib '!=' ./ ']'
++ /twcr/worker/../worker/pm-detect.sh /tmp/twcr-2b69062652a4
+ package_manager_name=yarn
+ '[' -z yarn ']'
+ writetaskstat exec_node_package_manager yarn
+ jq -nc --arg key exec_node_package_manager --arg value yarn '{ key: $key, value: $value }'
+ attempt_mode=squash
+ true
++ date -u +%Y-%m-%dT%H:%M:%SZ
+ writetaskstat timestamp_attempt_squash_begin 2024-03-05T01:19:09Z
+ jq -nc --arg key timestamp_attempt_squash_begin --arg value 2024-03-05T01:19:09Z '{ key: $key, value: $value }'
+ [[ squash == \s\q\u\a\s\h ]]
+ set +e
+ node /twcr/worker/../worker/squash-package.mjs tailwind.config.js
+ exitcode=0
+ set -e
+ [[ 0 != \0 ]]
+ cat package.json
+ sed 's/^/>>> /'
>>> {
>>>   "name": "editor-component-lib",
>>>   "version": "0.0.0",
>>>   "type": "module",
>>>   "main": "dist/index.js",
>>>   "module": "dist/index.js",
>>>   "exports": {
>>>     ".": {
>>>       "import": "./dist/index.js",
>>>       "require": "./dist/index.js"
>>>     },
>>>     "./dist/*.css": {
>>>       "import": "./dist/*.css",
>>>       "require": "./dist/*.css"
>>>     }
>>>   },
>>>   "private": true,
>>>   "dependencies": {},
>>>   "devDependencies": {
>>>     "tailwindcss": "^3.3.3"
>>>   }
>>> }+ rm -f package-lock.json pnpm-lock.yaml yarn.lock
+ '[' ./inst/editor-component-lib '!=' ./ ']'
+ rm -f /tmp/twcr-2b69062652a4/package.json /tmp/twcr-2b69062652a4/package-lock.json /tmp/twcr-2b69062652a4/pnpm-lock.yaml /tmp/twcr-2b69062652a4/yarn.lock
+ set +e
+ /twcr/worker/../worker/pm-install.sh yarn /tmp/twcr-2b69062652a4 /twcr/mnt/results
+ package_manager_name=yarn
+ procdir=/tmp/twcr-2b69062652a4
+ datadir=/twcr/mnt/results
+ case "${package_manager_name}" in
+ '[' -z http://tid_5d2c5ba21efe:ok@172.18.0.2:3128 ']'
+ yarn config set httpProxy http://tid_5d2c5ba21efe:ok@172.18.0.2:3128
yarn config v1.22.19
success Set "httpProxy" to "http://tid_5d2c5ba21efe:ok@172.18.0.2:3128".
Done in 0.03s.
+ '[' -z http://tid_5d2c5ba21efe:ok@172.18.0.2:3128 ']'
+ yarn config set httpsProxy http://tid_5d2c5ba21efe:ok@172.18.0.2:3128
yarn config v1.22.19
success Set "httpsProxy" to "http://tid_5d2c5ba21efe:ok@172.18.0.2:3128".
Done in 0.03s.
+ yarn install
yarn install v1.22.19
info No lockfile found.
[1/4] Resolving packages...
(node:145) [DEP0040] DeprecationWarning: The `punycode` module is deprecated. Please use a userland alternative instead.
(Use `node --trace-deprecation ...` to show where the warning was created)
[2/4] Fetching packages...
[3/4] Linking dependencies...
[4/4] Building fresh packages...
success Saved lockfile.
Done in 10.46s.
+ jq -cr '
        [.. | .name?]
        | map(select(.))
        | map(capture("^(?<name>@?[^@]+)@(?<version>.+)$"))
+ yarn list --depth=0 --json --non-interactive --no-progress
        | sort_by(.name)[]'
+ exitcode=0
+ set -e
+ [[ 0 != \0 ]]
++ jq -sr 'map(select(.name == "tailwindcss")) | first | .version'
+ tailwind_package_version=3.4.1
+ tailwind_config_exporter=tailwind.config.exporter2.cjs
+ '[' -f node_modules/tailwindcss/lib/lib/load-config.js ']'
+ tailwind_config_exporter=tailwind.config.exporter3.mjs
+ cp /twcr/worker/../worker/tailwind.config.exporter3.mjs ./
+ set +e
+ node ./tailwind.config.exporter3.mjs tailwind.config.js
node:internal/modules/cjs/loader:1149
  const err = new Error(message);
              ^

Error: Cannot find module 'tailwindcss/colors'
Require stack:
- /tmp/twcr-2b69062652a4/inst/shared-configs/tailwind.config.js
    at Module._resolveFilename (node:internal/modules/cjs/loader:1149:15)
    at Function.resolve (node:internal/modules/helpers:187:19)
    at _resolve (/tmp/twcr-2b69062652a4/inst/editor-component-lib/node_modules/jiti/dist/jiti.js:1:251148)
    at jiti (/tmp/twcr-2b69062652a4/inst/editor-component-lib/node_modules/jiti/dist/jiti.js:1:253746)
    at /tmp/twcr-2b69062652a4/inst/shared-configs/tailwind.config.js:2:16
    at evalModule (/tmp/twcr-2b69062652a4/inst/editor-component-lib/node_modules/jiti/dist/jiti.js:1:256443)
    at jiti (/tmp/twcr-2b69062652a4/inst/editor-component-lib/node_modules/jiti/dist/jiti.js:1:254371)
    at /tmp/twcr-2b69062652a4/inst/editor-component-lib/tailwind.config.js:1:194
    at evalModule (/tmp/twcr-2b69062652a4/inst/editor-component-lib/node_modules/jiti/dist/jiti.js:1:256443)
    at jiti (/tmp/twcr-2b69062652a4/inst/editor-component-lib/node_modules/jiti/dist/jiti.js:1:254371) {
  code: 'MODULE_NOT_FOUND',
  requireStack: [ '/tmp/twcr-2b69062652a4/inst/shared-configs/tailwind.config.js' ]
}

Node.js v21.6.2
+ exitcode=1
+ set -e
+ [[ 1 != \0 ]]
+ [[ squash == \s\q\u\a\s\h ]]
+ echo '[worker] WARN: exporter failed; retrying with full install'
[worker] WARN: exporter failed; retrying with full install
+ attempt_mode=full
+ continue
+ true
++ date -u +%Y-%m-%dT%H:%M:%SZ
+ writetaskstat timestamp_attempt_full_begin 2024-03-05T01:19:21Z
+ jq -nc --arg key timestamp_attempt_full_begin --arg value 2024-03-05T01:19:21Z '{ key: $key, value: $value }'
+ [[ full == \s\q\u\a\s\h ]]
+ git clean -fdx
Removing node_modules/
Removing tailwind.config.exporter3.mjs
Removing yarn.lock
+ git reset --hard
HEAD is now at 16bc1c1 Remove redundant content in main readme and point users to the website for up-to-date information.
+ set +e
+ /twcr/worker/../worker/pm-install.sh yarn /tmp/twcr-2b69062652a4 /twcr/mnt/results
+ package_manager_name=yarn
+ procdir=/tmp/twcr-2b69062652a4
+ datadir=/twcr/mnt/results
+ case "${package_manager_name}" in
+ '[' -z http://tid_5d2c5ba21efe:ok@172.18.0.2:3128 ']'
+ yarn config set httpProxy http://tid_5d2c5ba21efe:ok@172.18.0.2:3128
yarn config v1.22.19
success Set "httpProxy" to "http://tid_5d2c5ba21efe:ok@172.18.0.2:3128".
Done in 0.04s.
+ '[' -z http://tid_5d2c5ba21efe:ok@172.18.0.2:3128 ']'
+ yarn config set httpsProxy http://tid_5d2c5ba21efe:ok@172.18.0.2:3128
yarn config v1.22.19
success Set "httpsProxy" to "http://tid_5d2c5ba21efe:ok@172.18.0.2:3128".
Done in 0.05s.
+ yarn install
yarn install v1.22.19
[1/4] Resolving packages...
[2/4] Fetching packages...
(node:249) [DEP0040] DeprecationWarning: The `punycode` module is deprecated. Please use a userland alternative instead.
(Use `node --trace-deprecation ...` to show where the warning was created)
warning shinyuieditor@0.5.1: The engine "vscode" appears to be invalid.
[3/4] Linking dependencies...
warning "workspace-aggregator-62088bb2-c928-4ba6-902f-8f018234657f > editor-component-lib > autoprefixer@10.4.15" has unmet peer dependency "postcss@^8.1.0".
warning "workspace-aggregator-62088bb2-c928-4ba6-902f-8f018234657f > editor > bootstrap@5.2.3" has unmet peer dependency "@popperjs/core@^2.11.6".
warning "workspace-aggregator-62088bb2-c928-4ba6-902f-8f018234657f > editor > @testing-library/user-event@14.4.3" has unmet peer dependency "@testing-library/dom@>=7.21.4".
warning "workspace-aggregator-62088bb2-c928-4ba6-902f-8f018234657f > editor > eslint-config-react-app > eslint-plugin-flowtype@8.0.3" has unmet peer dependency "@babel/plugin-syntax-flow@^7.14.5".
warning "workspace-aggregator-62088bb2-c928-4ba6-902f-8f018234657f > editor > eslint-config-react-app > eslint-plugin-flowtype@8.0.3" has unmet peer dependency "@babel/plugin-transform-react-jsx@^7.14.9".
[4/4] Building fresh packages...
info Visit https://yarnpkg.com/en/docs/cli/install for documentation about this command.
error /tmp/twcr-2b69062652a4/node_modules/tree-sitter-cli: Command failed.
Exit code: 1
Command: node install.js
Arguments: 
Directory: /tmp/twcr-2b69062652a4/node_modules/tree-sitter-cli
Output:
Downloading https://github.com/tree-sitter/tree-sitter/releases/download/v0.20.8/tree-sitter-linux-x64.gz
Download failed

url: https://github.com/tree-sitter/tree-sitter/releases/download/v0.20.8/tree-sitter-linux-x64.gz
status: 407
headers: {
  "server": "squid/5.7",
  "mime-version": "1.0",
  "date": "Tue, 05 Mar 2024 01:21:47 GMT",
  "content-type": "text/html;charset=utf-8",
  "content-length": "3760",
  "x-squid-error": "ERR_CACHE_ACCESS_DENIED 0",
  "vary": "Accept-Language",
  "content-language": "en",
  "proxy-authenticate": "Basic realm=\"Squid proxy-caching web server\"",
  "x-cache": "MISS from e8a480c7f931",
  "x-cache-lookup": "NONE from e8a480c7f931:3128",
  "connection": "keep-alive"
}
+ exitcode=1
+ set -e
+ [[ 1 != \0 ]]
+ [[ full == \s\q\u\a\s\h ]]
+ exit 1
