==== RUN-DOCKER
+++ dirname -- ./worker/run.sh
++ cd -- ./worker
++ pwd
+ twcrdir=/twcr/worker/..
+ repo=github.com/anthonyshew/i18n-demo
+ reporef=main
+ repopath=./
++ echo github.com/anthonyshew/i18n-demo
++ sha256sum
++ awk '{ print $1 }'
++ cut -c1-12
+ procdir=/tmp/twcr-97062880828b
++ echo 'github.com/anthonyshew/i18n-demo;main;./'
++ sha256sum
++ awk '{ print $1 }'
++ cut -c1-12
+ datadir=/twcr/worker/../mnt/dataset/data/bc3dd54cb26a
+ '[' '!' -z /twcr/mnt/results ']'
+ datadir=/twcr/mnt/results
+ touch /twcr/mnt/results/extract-failed
++ base64
++ tr -d =
++ tr /+ _-
++ base64
++ tr -d =
++ tr /+ _-
+ writetaskstat analysis_key github.com/anthonyshew/i18n-demo/bWFpbgo/Li8K
+ jq -nc --arg key analysis_key --arg value github.com/anthonyshew/i18n-demo/bWFpbgo/Li8K '{ key: $key, value: $value }'
++ date -u +%Y%m%d%H%M%S
++ sha256sum
++ awk '{ print $1 }'
++ cut -c1-16
++ head -c 32 /dev/urandom
+ writetaskstat analysis_nonce 2f4274c3a252a46e
+ jq -nc --arg key analysis_nonce --arg value 2f4274c3a252a46e '{ key: $key, value: $value }'
+ writetaskstat input_repo_name github.com/anthonyshew/i18n-demo
+ jq -nc --arg key input_repo_name --arg value github.com/anthonyshew/i18n-demo '{ key: $key, value: $value }'
+ writetaskstat input_repo_ref main
+ jq -nc --arg key input_repo_ref --arg value main '{ key: $key, value: $value }'
+ writetaskstat input_repo_path ./
+ jq -nc --arg key input_repo_path --arg value ./ '{ key: $key, value: $value }'
++ date -u +%Y-%m-%dT%H:%M:%SZ
+ writetaskstat timestamp_begin 2024-03-02T23:28:36Z
+ jq -nc --arg key timestamp_begin --arg value 2024-03-02T23:28:36Z '{ key: $key, value: $value }'
+ mkdir -p /tmp/twcr-97062880828b
/tmp/twcr-97062880828b /twcr
+ pushd /tmp/twcr-97062880828b
+ '[' -d .git ']'
+ git clone --depth=1 -b main https://github.com/anthonyshew/i18n-demo.git .
Cloning into '.'...
++ date -u +%Y-%m-%dT%H:%M:%SZ
+ writetaskstat timestamp_git_clone_complete 2024-03-02T23:28:36Z
+ jq -nc --arg key timestamp_git_clone_complete --arg value 2024-03-02T23:28:36Z '{ key: $key, value: $value }'
++ git rev-parse HEAD
+ writetaskstat exec_repo_commit_sha 552114454ff342927d0abaec83ddf5c059741a66
+ jq -nc --arg key exec_repo_commit_sha --arg value 552114454ff342927d0abaec83ddf5c059741a66 '{ key: $key, value: $value }'
+++ git show --no-patch --format=%ci
++ date -u --date '2023-06-11 21:14:06 -0700' +%Y-%m-%dT%H:%M:%SZ
+ writetaskstat exec_repo_commit_date 2023-06-12T04:14:06Z
+ jq -nc --arg key exec_repo_commit_date --arg value 2023-06-12T04:14:06Z '{ key: $key, value: $value }'
+ '[' -z ./ ']'
+ pushd ./
+ tailwind_config_file_name=
+ '[' -f tailwind.config.js ']'
+ tailwind_config_file_name=tailwind.config.js
+ writetaskstat exec_tailwind_config_file tailwind.config.js
+ jq -nc --arg key exec_tailwind_config_file --arg value tailwind.config.js '{ key: $key, value: $value }'
/tmp/twcr-97062880828b /tmp/twcr-97062880828b /twcr
+ cp tailwind.config.js /twcr/mnt/results/extract-raw-tailwind-config.js
+ '[' '!' -f package.json ']'
+ cp package.json /twcr/mnt/results/extract-raw-package.json
+ package_manager_name=npm
+ grep -q '"packageManager":[^"]+"pnpm@"' package.json
+ '[' -f pnpm-lock.yaml ']'
+ package_manager_name=pnpm
+ writetaskstat exec_node_package_manager pnpm
+ jq -nc --arg key exec_node_package_manager --arg value pnpm '{ key: $key, value: $value }'
+ attempt_mode=squash
+ true
++ date -u +%Y-%m-%dT%H:%M:%SZ
+ writetaskstat timestamp_attempt_squash_begin 2024-03-02T23:28:36Z
+ jq -nc --arg key timestamp_attempt_squash_begin --arg value 2024-03-02T23:28:36Z '{ key: $key, value: $value }'
+ [[ squash == \s\q\u\a\s\h ]]
+ set +e
+ node /twcr/worker/../worker/squash-package.mjs tailwind.config.js
+ exitcode=0
+ set -e
+ [[ 0 != \0 ]]
+ cat package.json
+ sed 's/^/>>> /'
>>> {
>>>   "name": "aaml",
>>>   "version": "0.1.0",
>>>   "private": true,
>>>   "dependencies": {
>>>     "tailwindcss": "3.3.2",
>>>     "tailwindcss-animate": "^1.0.6"
>>>   },
>>>   "devDependencies": {
>>>     "@tailwindcss/typography": "^0.5.9"
>>>   }
>>> }+ set +e
+ /twcr/worker/../worker/pm-install.sh pnpm /tmp/twcr-97062880828b /twcr/mnt/results
+ package_manager_name=pnpm
+ procdir=/tmp/twcr-97062880828b
+ datadir=/twcr/mnt/results
+ case "${package_manager_name}" in
+ '[' '!' -f /tmp/twcr-97062880828b/package.json ']'
++ pnpm -v
+ sed -Ei 's/("pnpm": ")(.+)(")/\18.15.4\3/' /tmp/twcr-97062880828b/package.json
+ '[' '!' -f package.json ']'
++ pnpm -v
+ sed -Ei 's/("pnpm": ")(.+)(")/\18.15.4\3/' package.json
+ pnpm install
Progress: resolved 0, reused 0, downloaded 1, added 0
Progress: resolved 48, reused 0, downloaded 47, added 0
Packages: +88
++++++++++++++++++++++++++++++++++++++++++++++++++++++++++++++++++++++++++++++++
Progress: resolved 89, reused 0, downloaded 88, added 88, done

dependencies:
+ tailwindcss 3.3.2
+ tailwindcss-animate 1.0.6

devDependencies:
+ @tailwindcss/typography 0.5.9

Done in 2.9s
+ pnpm ls --json
+ jq -cr '
        .[]
        | [.dependencies, .devDependencies, .optionalDependencies]
        | map(select(.))[]
        | to_entries
        | map({ name: .key, version: .value.version })
        | sort_by(.name)[]
      '
+ exitcode=0
+ set -e
+ [[ 0 != \0 ]]
++ jq -sr 'map(select(.name == "tailwindcss")) | first | .version'
+ tailwind_package_version=3.3.2
+ tailwind_config_exporter=tailwind.config.exporter3.mjs
+ true
+ cp /twcr/worker/../worker/tailwind.config.exporter3.mjs ./
+ set +e
+ node ./tailwind.config.exporter3.mjs tailwind.config.js
+ exitcode=0
+ set -e
+ [[ 0 != \0 ]]
+ break
+ echo 'module.exports={plugins:['
+ jq -rs '
        map(select(.name | startswith("@tailwindcss/")))
        | map("require(" + ( .name | tojson ) + "),")[]
      '
+ echo ']}'
+ cat tailwind.config.js
+ sed 's/^/>>> /'
>>> module.exports={plugins:[
>>> require("@tailwindcss/typography"),
>>> ]}
+ node ./tailwind.config.exporter3.mjs tailwind.config.js
++ date -u +%Y-%m-%dT%H:%M:%SZ
+ writetaskstat timestamp_attempt_squash_end 2024-03-02T23:28:42Z
+ jq -nc --arg key timestamp_attempt_squash_end --arg value 2024-03-02T23:28:42Z '{ key: $key, value: $value }'
+ break
++ date -u +%Y-%m-%dT%H:%M:%SZ
+ writetaskstat timestamp_end 2024-03-02T23:28:42Z
+ jq -nc --arg key timestamp_end --arg value 2024-03-02T23:28:42Z '{ key: $key, value: $value }'
+ rm /twcr/mnt/results/extract-failed
+ touch /twcr/mnt/results/extract-completed
