==== RUN-DOCKER
+++ dirname -- ./worker/run.sh
++ cd -- ./worker
++ pwd
+ twcrdir=/twcr/worker/..
+ repo=github.com/sergeysova/craft
+ reporef=main
+ repopath=./packages/tailwind-config
+ '[' true == true ']'
+ grep -q '^././'
++ echo github.com/sergeysova/craft
++ sha256sum
++ awk '{ print $1 }'
++ cut -c1-12
+ procdir=/tmp/twcr-ccfeec212c30
++ echo 'github.com/sergeysova/craft;main;./packages/tailwind-config'
++ sha256sum
++ awk '{ print $1 }'
++ cut -c1-12
+ datadir=/twcr/worker/../mnt/dataset/data/665bcbff5d06
+ '[' '!' -z /twcr/mnt/results ']'
+ datadir=/twcr/mnt/results
+ touch /twcr/mnt/results/extract-failed
++ base64
++ tr -d =
++ tr /+ _-
++ base64
++ tr -d =
++ tr /+ _-
+ writetaskstat analysis_key github.com/sergeysova/craft/bWFpbgo/Li9wYWNrYWdlcy90YWlsd2luZC1jb25maWcK
+ jq -nc --arg key analysis_key --arg value github.com/sergeysova/craft/bWFpbgo/Li9wYWNrYWdlcy90YWlsd2luZC1jb25maWcK '{ key: $key, value: $value }'
++ date -u +%Y%m%d%H%M%S
++ sha256sum
++ awk '{ print $1 }'
++ cut -c1-16
++ head -c 32 /dev/urandom
+ writetaskstat analysis_nonce 07dc866ba29c736c
+ jq -nc --arg key analysis_nonce --arg value 07dc866ba29c736c '{ key: $key, value: $value }'
+ writetaskstat input_repo_name github.com/sergeysova/craft
+ jq -nc --arg key input_repo_name --arg value github.com/sergeysova/craft '{ key: $key, value: $value }'
+ writetaskstat input_repo_ref main
+ jq -nc --arg key input_repo_ref --arg value main '{ key: $key, value: $value }'
+ writetaskstat input_repo_path ./packages/tailwind-config
+ jq -nc --arg key input_repo_path --arg value ./packages/tailwind-config '{ key: $key, value: $value }'
++ date -u +%Y-%m-%dT%H:%M:%SZ
+ writetaskstat timestamp_begin 2024-03-05T06:15:42Z
+ jq -nc --arg key timestamp_begin --arg value 2024-03-05T06:15:42Z '{ key: $key, value: $value }'
+ mkdir -p /tmp/twcr-ccfeec212c30
+ pushd /tmp/twcr-ccfeec212c30
+ '[' -d .git ']'
+ git clone --depth=1 -b main https://github.com/sergeysova/craft.git .
/tmp/twcr-ccfeec212c30 /twcr
Cloning into '.'...
++ date -u +%Y-%m-%dT%H:%M:%SZ
+ writetaskstat timestamp_git_clone_complete 2024-03-05T06:15:43Z
+ jq -nc --arg key timestamp_git_clone_complete --arg value 2024-03-05T06:15:43Z '{ key: $key, value: $value }'
++ git rev-parse HEAD
+ writetaskstat exec_repo_commit_sha b4c705a216c8cd30be768c0884e3607205082bcf
+ jq -nc --arg key exec_repo_commit_sha --arg value b4c705a216c8cd30be768c0884e3607205082bcf '{ key: $key, value: $value }'
+++ git show --no-patch --format=%ci
++ date -u --date '2023-10-31 12:59:43 +0400' +%Y-%m-%dT%H:%M:%SZ
+ writetaskstat exec_repo_commit_date 2023-10-31T08:59:43Z
+ jq -nc --arg key exec_repo_commit_date --arg value 2023-10-31T08:59:43Z '{ key: $key, value: $value }'
+ '[' -z ./packages/tailwind-config ']'
+ pushd ./packages/tailwind-config
+ tailwind_config_file_name=
+ '[' -f tailwind.config.js ']'
+ tailwind_config_file_name=tailwind.config.js
+ writetaskstat exec_tailwind_config_file tailwind.config.js
+ jq -nc --arg key exec_tailwind_config_file --arg value tailwind.config.js '{ key: $key, value: $value }'
/tmp/twcr-ccfeec212c30/packages/tailwind-config /tmp/twcr-ccfeec212c30 /twcr
+ cp tailwind.config.js /twcr/mnt/results/extract-raw-tailwind-config.js
+ '[' '!' -f package.json ']'
+ cp package.json /twcr/mnt/results/extract-raw-package.json
++ /twcr/worker/../worker/pm-detect.sh /tmp/twcr-ccfeec212c30/packages/tailwind-config
+ package_manager_name=
+ '[' -z '' ']'
+ '[' ./packages/tailwind-config '!=' ./ ']'
++ /twcr/worker/../worker/pm-detect.sh /tmp/twcr-ccfeec212c30
+ package_manager_name=pnpm
+ '[' -z pnpm ']'
+ writetaskstat exec_node_package_manager pnpm
+ jq -nc --arg key exec_node_package_manager --arg value pnpm '{ key: $key, value: $value }'
+ attempt_mode=squash
+ true
++ date -u +%Y-%m-%dT%H:%M:%SZ
+ writetaskstat timestamp_attempt_squash_begin 2024-03-05T06:15:43Z
+ jq -nc --arg key timestamp_attempt_squash_begin --arg value 2024-03-05T06:15:43Z '{ key: $key, value: $value }'
+ [[ squash == \s\q\u\a\s\h ]]
+ set +e
+ node /twcr/worker/../worker/squash-package.mjs tailwind.config.js
+ exitcode=0
+ set -e
+ [[ 0 != \0 ]]
+ cat package.json
+ sed 's/^/>>> /'
>>> {
>>>   "name": "tailwind-config",
>>>   "version": "0.0.0",
>>>   "private": true,
>>>   "main": "index.js",
>>>   "devDependencies": {
>>>     "@tailwindcss/typography": "^0.5.9",
>>>     "tailwindcss": "^3.2.7",
>>>     "tailwindcss-animate": "^1.0.6"
>>>   }
>>> }+ rm -f package-lock.json pnpm-lock.yaml yarn.lock
+ '[' ./packages/tailwind-config '!=' ./ ']'
+ rm -f /tmp/twcr-ccfeec212c30/package.json /tmp/twcr-ccfeec212c30/package-lock.json /tmp/twcr-ccfeec212c30/pnpm-lock.yaml /tmp/twcr-ccfeec212c30/yarn.lock
+ set +e
+ /twcr/worker/../worker/pm-install.sh pnpm /tmp/twcr-ccfeec212c30 /twcr/mnt/results
+ package_manager_name=pnpm
+ procdir=/tmp/twcr-ccfeec212c30
+ datadir=/twcr/mnt/results
+ case "${package_manager_name}" in
+ '[' '!' -f /tmp/twcr-ccfeec212c30/package.json ']'
+ '[' '!' -f package.json ']'
++ pnpm -v
+ sed -Ei 's/("pnpm": ")(.+)(")/\18.15.4\3/' package.json
+ pnpm install
Scope: all 5 workspace projects
../..                                    | Progress: resolved 1, reused 0, downloaded 0, added 0
../core                                  |  WARN  deprecated tsup@7.3.0
../..                                    | Progress: resolved 28, reused 0, downloaded 25, added 0
../..                                    | Progress: resolved 44, reused 0, downloaded 32, added 0
../..                                    | Progress: resolved 79, reused 0, downloaded 59, added 0
../..                                    | Progress: resolved 113, reused 0, downloaded 89, added 0
../..                                    | Progress: resolved 146, reused 0, downloaded 122, added 0
../..                                    | Progress: resolved 180, reused 0, downloaded 154, added 0
../..                                    | Progress: resolved 209, reused 0, downloaded 181, added 0
../..                                    | Progress: resolved 251, reused 0, downloaded 216, added 0
../..                                    | Progress: resolved 301, reused 0, downloaded 234, added 0
../..                                    | Progress: resolved 342, reused 0, downloaded 266, added 0
../..                                    | Progress: resolved 380, reused 0, downloaded 305, added 0
../..                                    | Progress: resolved 421, reused 0, downloaded 340, added 0
../..                                    | Progress: resolved 452, reused 0, downloaded 370, added 0
../..                                    | Progress: resolved 488, reused 0, downloaded 408, added 0
../..                                    | Progress: resolved 522, reused 0, downloaded 437, added 0
../..                                    | Progress: resolved 566, reused 0, downloaded 475, added 0
../..                                    | Progress: resolved 605, reused 0, downloaded 512, added 0
../..                                    | Progress: resolved 649, reused 0, downloaded 553, added 0
../..                                    | +615 ++++++++++++++++++++++++++++++++
../..                                    | Progress: resolved 665, reused 0, downloaded 584, added 523
../..                                    | Progress: resolved 665, reused 0, downloaded 615, added 615, done
.../esbuild@0.19.12/node_modules/esbuild postinstall$ node install.js
.../esbuild@0.19.12/node_modules/esbuild postinstall: Done

devDependencies:
+ @tailwindcss/typography 0.5.10
+ tailwindcss 3.4.1
+ tailwindcss-animate 1.0.7

Done in 21.7s
+ pnpm ls --json
+ jq -cr '
        .[]
        | [.dependencies, .devDependencies, .optionalDependencies]
        | map(select(.))[]
        | to_entries
        | map({ name: .key, version: .value.version })
        | sort_by(.name)[]
      '
+ exitcode=0
+ set -e
+ [[ 0 != \0 ]]
++ jq -sr 'map(select(.name == "tailwindcss")) | first | .version'
+ tailwind_package_version=3.4.1
+ tailwind_config_exporter=tailwind.config.exporter2.cjs
+ '[' -f node_modules/tailwindcss/lib/lib/load-config.js ']'
+ tailwind_config_exporter=tailwind.config.exporter3.mjs
+ cp /twcr/worker/../worker/tailwind.config.exporter3.mjs ./
+ set +e
+ node ./tailwind.config.exporter3.mjs tailwind.config.js
+ exitcode=0
+ set -e
+ [[ 0 != \0 ]]
+ echo 'module.exports={plugins:['
+ jq -rs '
        map(select(.name | startswith("@tailwindcss/")))
        | map("require(" + ( .name | tojson ) + "),")[]
      '
+ grep -Ev '"@tailwindcss/postcss7-compat"'
+ echo ']}'
+ cat tailwind.config.js
+ sed 's/^/>>> /'
>>> module.exports={plugins:[
>>> require("@tailwindcss/typography"),
>>> ]}
+ node ./tailwind.config.exporter3.mjs tailwind.config.js
++ date -u +%Y-%m-%dT%H:%M:%SZ
+ writetaskstat timestamp_attempt_squash_end 2024-03-05T06:16:06Z
+ jq -nc --arg key timestamp_attempt_squash_end --arg value 2024-03-05T06:16:06Z '{ key: $key, value: $value }'
+ break
++ date -u +%Y-%m-%dT%H:%M:%SZ
+ writetaskstat timestamp_end 2024-03-05T06:16:06Z
+ jq -nc --arg key timestamp_end --arg value 2024-03-05T06:16:06Z '{ key: $key, value: $value }'
+ rm /twcr/mnt/results/extract-failed
+ touch /twcr/mnt/results/extract-completed
