==== RUN-DOCKER
+++ dirname -- ./worker/run.sh
++ cd -- ./worker
++ pwd
+ twcrdir=/twcr/worker/..
+ repo=github.com/dishant0406/lazyweb
+ reporef=main
+ repopath=./lazyweb
+ '[' true == true ']'
+ grep -q '^././'
++ echo github.com/dishant0406/lazyweb
++ sha256sum
++ awk '{ print $1 }'
++ cut -c1-12
+ procdir=/tmp/twcr-0419f0a03781
++ echo 'github.com/dishant0406/lazyweb;main;./lazyweb'
++ sha256sum
++ awk '{ print $1 }'
++ cut -c1-12
+ datadir=/twcr/worker/../mnt/dataset/data/3b184719a375
+ '[' '!' -z /twcr/mnt/results ']'
+ datadir=/twcr/mnt/results
+ touch /twcr/mnt/results/extract-failed
++ base64
++ tr -d =
++ tr /+ _-
++ base64
++ tr -d =
++ tr /+ _-
+ writetaskstat analysis_key github.com/dishant0406/lazyweb/bWFpbgo/Li9sYXp5d2ViCg
+ jq -nc --arg key analysis_key --arg value github.com/dishant0406/lazyweb/bWFpbgo/Li9sYXp5d2ViCg '{ key: $key, value: $value }'
++ date -u +%Y%m%d%H%M%S
++ sha256sum
++ awk '{ print $1 }'
++ cut -c1-16
++ head -c 32 /dev/urandom
+ writetaskstat analysis_nonce 1e51781ec5bc6282
+ jq -nc --arg key analysis_nonce --arg value 1e51781ec5bc6282 '{ key: $key, value: $value }'
+ writetaskstat input_repo_name github.com/dishant0406/lazyweb
+ jq -nc --arg key input_repo_name --arg value github.com/dishant0406/lazyweb '{ key: $key, value: $value }'
+ writetaskstat input_repo_ref main
+ jq -nc --arg key input_repo_ref --arg value main '{ key: $key, value: $value }'
+ writetaskstat input_repo_path ./lazyweb
+ jq -nc --arg key input_repo_path --arg value ./lazyweb '{ key: $key, value: $value }'
++ date -u +%Y-%m-%dT%H:%M:%SZ
+ writetaskstat timestamp_begin 2024-03-04T09:48:47Z
+ jq -nc --arg key timestamp_begin --arg value 2024-03-04T09:48:47Z '{ key: $key, value: $value }'
+ mkdir -p /tmp/twcr-0419f0a03781
+ pushd /tmp/twcr-0419f0a03781
+ '[' -d .git ']'
+ git clone --depth=1 -b main https://github.com/dishant0406/lazyweb.git .
/tmp/twcr-0419f0a03781 /twcr
Cloning into '.'...
++ date -u +%Y-%m-%dT%H:%M:%SZ
+ writetaskstat timestamp_git_clone_complete 2024-03-04T09:48:49Z
+ jq -nc --arg key timestamp_git_clone_complete --arg value 2024-03-04T09:48:49Z '{ key: $key, value: $value }'
++ git rev-parse HEAD
+ writetaskstat exec_repo_commit_sha aa6bf3f8cbf8846ef312961ba44183463b4837c6
+ jq -nc --arg key exec_repo_commit_sha --arg value aa6bf3f8cbf8846ef312961ba44183463b4837c6 '{ key: $key, value: $value }'
+++ git show --no-patch --format=%ci
++ date -u --date '2024-03-02 13:47:31 +0530' +%Y-%m-%dT%H:%M:%SZ
+ writetaskstat exec_repo_commit_date 2024-03-02T08:17:31Z
+ jq -nc --arg key exec_repo_commit_date --arg value 2024-03-02T08:17:31Z '{ key: $key, value: $value }'
+ '[' -z ./lazyweb ']'
+ pushd ./lazyweb
+ tailwind_config_file_name=
+ '[' -f tailwind.config.js ']'
+ tailwind_config_file_name=tailwind.config.js
+ writetaskstat exec_tailwind_config_file tailwind.config.js
+ jq -nc --arg key exec_tailwind_config_file --arg value tailwind.config.js '{ key: $key, value: $value }'
/tmp/twcr-0419f0a03781/lazyweb /tmp/twcr-0419f0a03781 /twcr
+ cp tailwind.config.js /twcr/mnt/results/extract-raw-tailwind-config.js
+ '[' '!' -f package.json ']'
+ cp package.json /twcr/mnt/results/extract-raw-package.json
++ /twcr/worker/../worker/pm-detect.sh /tmp/twcr-0419f0a03781/lazyweb
+ package_manager_name=
+ '[' -z '' ']'
+ '[' ./lazyweb '!=' ./ ']'
++ /twcr/worker/../worker/pm-detect.sh /tmp/twcr-0419f0a03781
+ package_manager_name=pnpm
+ '[' -z pnpm ']'
+ writetaskstat exec_node_package_manager pnpm
+ jq -nc --arg key exec_node_package_manager --arg value pnpm '{ key: $key, value: $value }'
+ attempt_mode=squash
+ true
++ date -u +%Y-%m-%dT%H:%M:%SZ
+ writetaskstat timestamp_attempt_squash_begin 2024-03-04T09:48:49Z
+ jq -nc --arg key timestamp_attempt_squash_begin --arg value 2024-03-04T09:48:49Z '{ key: $key, value: $value }'
+ [[ squash == \s\q\u\a\s\h ]]
+ set +e
+ node /twcr/worker/../worker/squash-package.mjs tailwind.config.js
+ exitcode=0
+ set -e
+ [[ 0 != \0 ]]
+ cat package.json
+ sed 's/^/>>> /'
>>> {
>>>   "name": "lazyweb",
>>>   "version": "0.1.0",
>>>   "private": true,
>>>   "dependencies": {
>>>     "@nextui-org/react": "^2.2.9"
>>>   },
>>>   "devDependencies": {
>>>     "tailwindcss": "^3.2.4"
>>>   }
>>> }+ rm -f package-lock.json pnpm-lock.yaml yarn.lock
+ '[' ./lazyweb '!=' ./ ']'
+ rm -f /tmp/twcr-0419f0a03781/package.json /tmp/twcr-0419f0a03781/package-lock.json /tmp/twcr-0419f0a03781/pnpm-lock.yaml /tmp/twcr-0419f0a03781/yarn.lock
+ set +e
+ /twcr/worker/../worker/pm-install.sh pnpm /tmp/twcr-0419f0a03781 /twcr/mnt/results
+ package_manager_name=pnpm
+ procdir=/tmp/twcr-0419f0a03781
+ datadir=/twcr/mnt/results
+ case "${package_manager_name}" in
+ '[' '!' -f /tmp/twcr-0419f0a03781/package.json ']'
+ '[' '!' -f package.json ']'
++ pnpm -v
+ sed -Ei 's/("pnpm": ")(.+)(")/\18.15.4\3/' package.json
+ pnpm install
Progress: resolved 1, reused 0, downloaded 0, added 0
Progress: resolved 26, reused 0, downloaded 19, added 0
Progress: resolved 44, reused 0, downloaded 37, added 0
Progress: resolved 73, reused 0, downloaded 57, added 0
Progress: resolved 106, reused 0, downloaded 88, added 0
Progress: resolved 127, reused 0, downloaded 112, added 0
Progress: resolved 153, reused 0, downloaded 135, added 0
Progress: resolved 177, reused 0, downloaded 160, added 0
Progress: resolved 209, reused 0, downloaded 189, added 0
Progress: resolved 231, reused 0, downloaded 210, added 0
Progress: resolved 262, reused 0, downloaded 233, added 0
Progress: resolved 288, reused 0, downloaded 266, added 0
Packages: +296
++++++++++++++++++++++++++++++++++++++++++++++++++++++++++++++++++++++++++++++++
Progress: resolved 297, reused 0, downloaded 295, added 115
Progress: resolved 297, reused 0, downloaded 296, added 296, done

dependencies:
+ @nextui-org/react 2.2.10

devDependencies:
+ tailwindcss 3.4.1

Done in 13.3s
+ pnpm ls --json
+ jq -cr '
        .[]
        | [.dependencies, .devDependencies, .optionalDependencies]
        | map(select(.))[]
        | to_entries
        | map({ name: .key, version: .value.version })
        | sort_by(.name)[]
      '
+ exitcode=0
+ set -e
+ [[ 0 != \0 ]]
++ jq -sr 'map(select(.name == "tailwindcss")) | first | .version'
+ tailwind_package_version=3.4.1
+ tailwind_config_exporter=tailwind.config.exporter2.cjs
+ '[' -f node_modules/tailwindcss/lib/lib/load-config.js ']'
+ tailwind_config_exporter=tailwind.config.exporter3.mjs
+ cp /twcr/worker/../worker/tailwind.config.exporter3.mjs ./
+ set +e
+ node ./tailwind.config.exporter3.mjs tailwind.config.js

warn - As of Tailwind CSS v3.0, `trueGray` has been renamed to `neutral`.
warn - Update your configuration file to silence this warning.

warn - As of Tailwind CSS v3.0, `warmGray` has been renamed to `stone`.
warn - Update your configuration file to silence this warning.
+ exitcode=0
+ set -e
+ [[ 0 != \0 ]]
+ echo 'module.exports={plugins:['
+ jq -rs '
        map(select(.name | startswith("@tailwindcss/")))
        | map("require(" + ( .name | tojson ) + "),")[]
      '
+ grep -Ev '"@tailwindcss/postcss7-compat"'
+ true
+ echo ']}'
+ cat tailwind.config.js
+ sed 's/^/>>> /'
>>> module.exports={plugins:[
>>> ]}
+ node ./tailwind.config.exporter3.mjs tailwind.config.js
++ date -u +%Y-%m-%dT%H:%M:%SZ
+ writetaskstat timestamp_attempt_squash_end 2024-03-04T09:49:04Z
+ jq -nc --arg key timestamp_attempt_squash_end --arg value 2024-03-04T09:49:04Z '{ key: $key, value: $value }'
+ break
++ date -u +%Y-%m-%dT%H:%M:%SZ
+ writetaskstat timestamp_end 2024-03-04T09:49:04Z
+ jq -nc --arg key timestamp_end --arg value 2024-03-04T09:49:04Z '{ key: $key, value: $value }'
+ rm /twcr/mnt/results/extract-failed
+ touch /twcr/mnt/results/extract-completed
