==== RUN-DOCKER
+++ dirname -- ./worker/run.sh
++ cd -- ./worker
++ pwd
+ twcrdir=/twcr/worker/..
+ repo=github.com/bitcoin-computer/monorepo
+ reporef=main
+ repopath=./packages/cra-template
+ '[' true == true ']'
+ grep -q '^././'
++ echo github.com/bitcoin-computer/monorepo
++ sha256sum
++ awk '{ print $1 }'
++ cut -c1-12
+ procdir=/tmp/twcr-2f574ffd7d51
++ echo 'github.com/bitcoin-computer/monorepo;main;./packages/cra-template'
++ sha256sum
++ awk '{ print $1 }'
++ cut -c1-12
+ datadir=/twcr/worker/../mnt/dataset/data/9b384dfafbd1
+ '[' '!' -z /twcr/mnt/results ']'
+ datadir=/twcr/mnt/results
+ touch /twcr/mnt/results/extract-failed
++ base64
++ tr -d =
++ tr /+ _-
++ base64
++ tr -d =
++ tr /+ _-
+ writetaskstat analysis_key github.com/bitcoin-computer/monorepo/bWFpbgo/Li9wYWNrYWdlcy9jcmEtdGVtcGxhdGUK
+ jq -nc --arg key analysis_key --arg value github.com/bitcoin-computer/monorepo/bWFpbgo/Li9wYWNrYWdlcy9jcmEtdGVtcGxhdGUK '{ key: $key, value: $value }'
++ date -u +%Y%m%d%H%M%S
++ sha256sum
++ awk '{ print $1 }'
++ cut -c1-16
++ head -c 32 /dev/urandom
+ writetaskstat analysis_nonce 8d4d8e30a53bece7
+ jq -nc --arg key analysis_nonce --arg value 8d4d8e30a53bece7 '{ key: $key, value: $value }'
+ writetaskstat input_repo_name github.com/bitcoin-computer/monorepo
+ jq -nc --arg key input_repo_name --arg value github.com/bitcoin-computer/monorepo '{ key: $key, value: $value }'
+ writetaskstat input_repo_ref main
+ jq -nc --arg key input_repo_ref --arg value main '{ key: $key, value: $value }'
+ writetaskstat input_repo_path ./packages/cra-template
+ jq -nc --arg key input_repo_path --arg value ./packages/cra-template '{ key: $key, value: $value }'
++ date -u +%Y-%m-%dT%H:%M:%SZ
+ writetaskstat timestamp_begin 2024-03-05T06:52:51Z
+ jq -nc --arg key timestamp_begin --arg value 2024-03-05T06:52:51Z '{ key: $key, value: $value }'
+ mkdir -p /tmp/twcr-2f574ffd7d51
+ pushd /tmp/twcr-2f574ffd7d51
+ '[' -d .git ']'
+ git clone --depth=1 -b main https://github.com/bitcoin-computer/monorepo.git .
/tmp/twcr-2f574ffd7d51 /twcr
Cloning into '.'...
++ date -u +%Y-%m-%dT%H:%M:%SZ
+ writetaskstat timestamp_git_clone_complete 2024-03-05T06:52:53Z
+ jq -nc --arg key timestamp_git_clone_complete --arg value 2024-03-05T06:52:53Z '{ key: $key, value: $value }'
++ git rev-parse HEAD
+ writetaskstat exec_repo_commit_sha 9b9c7466382e488a06e6d4e54459569e87c7b64a
+ jq -nc --arg key exec_repo_commit_sha --arg value 9b9c7466382e488a06e6d4e54459569e87c7b64a '{ key: $key, value: $value }'
+++ git show --no-patch --format=%ci
++ date -u --date '2024-02-26 09:47:58 -0800' +%Y-%m-%dT%H:%M:%SZ
+ writetaskstat exec_repo_commit_date 2024-02-26T17:47:58Z
+ jq -nc --arg key exec_repo_commit_date --arg value 2024-02-26T17:47:58Z '{ key: $key, value: $value }'
+ '[' -z ./packages/cra-template ']'
+ pushd ./packages/cra-template
+ tailwind_config_file_name=
+ '[' -f tailwind.config.js ']'
+ tailwind_config_file_name=tailwind.config.js
+ writetaskstat exec_tailwind_config_file tailwind.config.js
+ jq -nc --arg key exec_tailwind_config_file --arg value tailwind.config.js '{ key: $key, value: $value }'
/tmp/twcr-2f574ffd7d51/packages/cra-template /tmp/twcr-2f574ffd7d51 /twcr
+ cp tailwind.config.js /twcr/mnt/results/extract-raw-tailwind-config.js
+ '[' '!' -f package.json ']'
+ cp package.json /twcr/mnt/results/extract-raw-package.json
++ /twcr/worker/../worker/pm-detect.sh /tmp/twcr-2f574ffd7d51/packages/cra-template
+ package_manager_name=
+ '[' -z '' ']'
+ '[' ./packages/cra-template '!=' ./ ']'
++ /twcr/worker/../worker/pm-detect.sh /tmp/twcr-2f574ffd7d51
+ package_manager_name=
+ '[' -z '' ']'
+ package_manager_name=npm
+ writetaskstat exec_node_package_manager npm
+ jq -nc --arg key exec_node_package_manager --arg value npm '{ key: $key, value: $value }'
+ attempt_mode=squash
+ true
++ date -u +%Y-%m-%dT%H:%M:%SZ
+ writetaskstat timestamp_attempt_squash_begin 2024-03-05T06:52:53Z
+ jq -nc --arg key timestamp_attempt_squash_begin --arg value 2024-03-05T06:52:53Z '{ key: $key, value: $value }'
+ [[ squash == \s\q\u\a\s\h ]]
+ set +e
+ node /twcr/worker/../worker/squash-package.mjs tailwind.config.js
+ exitcode=0
+ set -e
+ [[ 0 != \0 ]]
+ cat package.json
+ sed 's/^/>>> /'
>>> {
>>>   "name": "@bitcoin-computer/cra-template",
>>>   "version": "0.17.2-beta.0",
>>>   "private": true,
>>>   "dependencies": {
>>>     "tailwindcss": "^3.2.7"
>>>   },
>>>   "devDependencies": {},
>>>   "eslintConfig": {
>>>     "extends": [
>>>       "react-app",
>>>       "react-app/jest"
>>>     ]
>>>   },
>>>   "browserslist": {
>>>     "production": [
>>>       ">0.2%",
>>>       "not dead",
>>>       "not op_mini all"
>>>     ],
>>>     "development": [
>>>       "last 1 chrome version",
>>>       "last 1 firefox version",
>>>       "last 1 safari version"
>>>     ]
>>>   }
>>> }+ rm -f package-lock.json pnpm-lock.yaml yarn.lock
+ '[' ./packages/cra-template '!=' ./ ']'
+ rm -f /tmp/twcr-2f574ffd7d51/package.json /tmp/twcr-2f574ffd7d51/package-lock.json /tmp/twcr-2f574ffd7d51/pnpm-lock.yaml /tmp/twcr-2f574ffd7d51/yarn.lock
+ set +e
+ /twcr/worker/../worker/pm-install.sh npm /tmp/twcr-2f574ffd7d51 /twcr/mnt/results
+ package_manager_name=npm
+ procdir=/tmp/twcr-2f574ffd7d51
+ datadir=/twcr/mnt/results
+ case "${package_manager_name}" in
++ '[' -f package-lock.json ']'
++ echo install
+ npm install --ignore-engines

added 112 packages, and audited 113 packages in 3s

28 packages are looking for funding
  run `npm fund` for details

found 0 vulnerabilities
npm notice 
npm notice New minor version of npm available! 10.2.4 -> 10.5.0
npm notice Changelog: <https://github.com/npm/cli/releases/tag/v10.5.0>
npm notice Run `npm install -g npm@10.5.0` to update!
npm notice 
+ npm query '*'
+ jq -cr '
        map({ name: .name, version: .version })
        | map(select(.name))
        | sort_by(.name)[]
      '
+ exitcode=0
+ set -e
+ [[ 0 != \0 ]]
++ jq -sr 'map(select(.name == "tailwindcss")) | first | .version'
+ tailwind_package_version=3.4.1
+ tailwind_config_exporter=tailwind.config.exporter2.cjs
+ '[' -f node_modules/tailwindcss/lib/lib/load-config.js ']'
+ tailwind_config_exporter=tailwind.config.exporter3.mjs
+ cp /twcr/worker/../worker/tailwind.config.exporter3.mjs ./
+ set +e
+ node ./tailwind.config.exporter3.mjs tailwind.config.js
+ exitcode=0
+ set -e
+ [[ 0 != \0 ]]
+ echo 'module.exports={plugins:['
+ jq -rs '
        map(select(.name | startswith("@tailwindcss/")))
        | map("require(" + ( .name | tojson ) + "),")[]
      '
+ grep -Ev '"@tailwindcss/postcss7-compat"'
+ true
+ echo ']}'
+ cat tailwind.config.js
+ sed 's/^/>>> /'
>>> module.exports={plugins:[
>>> ]}
+ node ./tailwind.config.exporter3.mjs tailwind.config.js
++ date -u +%Y-%m-%dT%H:%M:%SZ
+ writetaskstat timestamp_attempt_squash_end 2024-03-05T06:52:57Z
+ jq -nc --arg key timestamp_attempt_squash_end --arg value 2024-03-05T06:52:57Z '{ key: $key, value: $value }'
+ break
++ date -u +%Y-%m-%dT%H:%M:%SZ
+ writetaskstat timestamp_end 2024-03-05T06:52:57Z
+ jq -nc --arg key timestamp_end --arg value 2024-03-05T06:52:57Z '{ key: $key, value: $value }'
+ rm /twcr/mnt/results/extract-failed
+ touch /twcr/mnt/results/extract-completed
