==== RUN-DOCKER
+++ dirname -- ./worker/run.sh
++ cd -- ./worker
++ pwd
+ twcrdir=/twcr/worker/..
+ repo=github.com/BayBreezy/analytics-ui
+ reporef=main
+ repopath=./
+ '[' true == true ']'
+ grep -q '^././'
++ echo github.com/BayBreezy/analytics-ui
++ sha256sum
++ awk '{ print $1 }'
++ cut -c1-12
+ procdir=/tmp/twcr-5e9209ba9fed
++ echo 'github.com/BayBreezy/analytics-ui;main;./'
++ sha256sum
++ awk '{ print $1 }'
++ cut -c1-12
+ datadir=/twcr/worker/../mnt/dataset/data/dc5a71f00dc3
+ '[' '!' -z /twcr/mnt/results ']'
+ datadir=/twcr/mnt/results
+ touch /twcr/mnt/results/extract-failed
++ base64
++ tr -d =
++ tr /+ _-
++ base64
++ tr -d =
++ tr /+ _-
+ writetaskstat analysis_key github.com/BayBreezy/analytics-ui/bWFpbgo/Li8K
+ jq -nc --arg key analysis_key --arg value github.com/BayBreezy/analytics-ui/bWFpbgo/Li8K '{ key: $key, value: $value }'
++ date -u +%Y%m%d%H%M%S
++ sha256sum
++ awk '{ print $1 }'
++ cut -c1-16
++ head -c 32 /dev/urandom
+ writetaskstat analysis_nonce cbe66bb516728c25
+ jq -nc --arg key analysis_nonce --arg value cbe66bb516728c25 '{ key: $key, value: $value }'
+ writetaskstat input_repo_name github.com/BayBreezy/analytics-ui
+ jq -nc --arg key input_repo_name --arg value github.com/BayBreezy/analytics-ui '{ key: $key, value: $value }'
+ writetaskstat input_repo_ref main
+ jq -nc --arg key input_repo_ref --arg value main '{ key: $key, value: $value }'
+ writetaskstat input_repo_path ./
+ jq -nc --arg key input_repo_path --arg value ./ '{ key: $key, value: $value }'
++ date -u +%Y-%m-%dT%H:%M:%SZ
+ writetaskstat timestamp_begin 2024-03-04T08:20:46Z
+ jq -nc --arg key timestamp_begin --arg value 2024-03-04T08:20:46Z '{ key: $key, value: $value }'
+ mkdir -p /tmp/twcr-5e9209ba9fed
/tmp/twcr-5e9209ba9fed /twcr
+ pushd /tmp/twcr-5e9209ba9fed
+ '[' -d .git ']'
+ git clone --depth=1 -b main https://github.com/BayBreezy/analytics-ui.git .
Cloning into '.'...
++ date -u +%Y-%m-%dT%H:%M:%SZ
+ writetaskstat timestamp_git_clone_complete 2024-03-04T08:20:46Z
+ jq -nc --arg key timestamp_git_clone_complete --arg value 2024-03-04T08:20:46Z '{ key: $key, value: $value }'
++ git rev-parse HEAD
+ writetaskstat exec_repo_commit_sha 11f6d70a5d2d30f2598cdad0e5f4425aae2ab3a5
+ jq -nc --arg key exec_repo_commit_sha --arg value 11f6d70a5d2d30f2598cdad0e5f4425aae2ab3a5 '{ key: $key, value: $value }'
+++ git show --no-patch --format=%ci
++ date -u --date '2024-02-26 07:26:32 -0500' +%Y-%m-%dT%H:%M:%SZ
+ writetaskstat exec_repo_commit_date 2024-02-26T12:26:32Z
+ jq -nc --arg key exec_repo_commit_date --arg value 2024-02-26T12:26:32Z '{ key: $key, value: $value }'
/tmp/twcr-5e9209ba9fed /tmp/twcr-5e9209ba9fed /twcr
+ '[' -z ./ ']'
+ pushd ./
+ tailwind_config_file_name=
+ '[' -f tailwind.config.js ']'
+ '[' -f tailwind.config.cjs ']'
+ '[' -f tailwind.config.mjs ']'
+ '[' -f tailwind.config.ts ']'
+ tailwind_config_file_name=tailwind.config.ts
+ writetaskstat exec_tailwind_config_file tailwind.config.ts
+ jq -nc --arg key exec_tailwind_config_file --arg value tailwind.config.ts '{ key: $key, value: $value }'
+ cp tailwind.config.ts /twcr/mnt/results/extract-raw-tailwind-config.js
+ '[' '!' -f package.json ']'
+ cp package.json /twcr/mnt/results/extract-raw-package.json
++ /twcr/worker/../worker/pm-detect.sh /tmp/twcr-5e9209ba9fed
+ package_manager_name=
+ '[' -z '' ']'
+ '[' ./ '!=' ./ ']'
+ '[' -z '' ']'
+ package_manager_name=npm
+ writetaskstat exec_node_package_manager npm
+ jq -nc --arg key exec_node_package_manager --arg value npm '{ key: $key, value: $value }'
+ attempt_mode=squash
+ true
++ date -u +%Y-%m-%dT%H:%M:%SZ
+ writetaskstat timestamp_attempt_squash_begin 2024-03-04T08:20:46Z
+ jq -nc --arg key timestamp_attempt_squash_begin --arg value 2024-03-04T08:20:46Z '{ key: $key, value: $value }'
+ [[ squash == \s\q\u\a\s\h ]]
+ set +e
+ node /twcr/worker/../worker/squash-package.mjs tailwind.config.ts
[squash-package] ERROR: failed to find any match for import path (tailwindcss)
+ exitcode=1
+ set -e
+ [[ 1 != \0 ]]
+ echo '[worker] WARN: squash failed; retrying with full install'
[worker] WARN: squash failed; retrying with full install
+ attempt_mode=full
+ continue
+ true
++ date -u +%Y-%m-%dT%H:%M:%SZ
+ writetaskstat timestamp_attempt_full_begin 2024-03-04T08:20:47Z
+ jq -nc --arg key timestamp_attempt_full_begin --arg value 2024-03-04T08:20:47Z '{ key: $key, value: $value }'
+ [[ full == \s\q\u\a\s\h ]]
+ git clean -fdx
+ git reset --hard
HEAD is now at 11f6d70 chore(deps): bump deps
+ set +e
+ /twcr/worker/../worker/pm-install.sh npm /tmp/twcr-5e9209ba9fed /twcr/mnt/results
+ package_manager_name=npm
+ procdir=/tmp/twcr-5e9209ba9fed
+ datadir=/twcr/mnt/results
+ case "${package_manager_name}" in
++ '[' -f package-lock.json ']'
++ echo ci
+ npm ci --ignore-engines

> analytics-ui@0.0.1 postinstall
> nuxt prepare

[nuxt:tailwindcss] ℹ Using Tailwind CSS from ~/assets/css/tailwind.css
✔ Types generated in .nuxt

added 864 packages, and audited 866 packages in 22s

148 packages are looking for funding
  run `npm fund` for details

1 moderate severity vulnerability

To address all issues, run:
  npm audit fix

Run `npm audit` for details.
npm notice 
npm notice New minor version of npm available! 10.2.4 -> 10.5.0
npm notice Changelog: <https://github.com/npm/cli/releases/tag/v10.5.0>
npm notice Run `npm install -g npm@10.5.0` to update!
npm notice 
+ npm query '*'
+ jq -cr '
        map({ name: .name, version: .version })
        | map(select(.name))
        | sort_by(.name)[]
      '
+ exitcode=0
+ set -e
+ [[ 0 != \0 ]]
++ jq -sr 'map(select(.name == "tailwindcss")) | first | .version'
+ tailwind_package_version=3.4.1
+ tailwind_config_exporter=tailwind.config.exporter2.cjs
+ '[' -f node_modules/tailwindcss/lib/lib/load-config.js ']'
+ tailwind_config_exporter=tailwind.config.exporter3.mjs
+ cp /twcr/worker/../worker/tailwind.config.exporter3.mjs ./
+ set +e
+ node ./tailwind.config.exporter3.mjs tailwind.config.ts
+ exitcode=0
+ set -e
+ [[ 0 != \0 ]]
+ echo 'module.exports={plugins:['
+ jq -rs '
        map(select(.name | startswith("@tailwindcss/")))
        | map("require(" + ( .name | tojson ) + "),")[]
      '
+ grep -Ev '"@tailwindcss/postcss7-compat"'
+ true
+ echo ']}'
+ cat tailwind.config.ts
+ sed 's/^/>>> /'
>>> module.exports={plugins:[
>>> ]}
+ node ./tailwind.config.exporter3.mjs tailwind.config.ts
++ date -u +%Y-%m-%dT%H:%M:%SZ
+ writetaskstat timestamp_attempt_full_end 2024-03-04T08:21:11Z
+ jq -nc --arg key timestamp_attempt_full_end --arg value 2024-03-04T08:21:11Z '{ key: $key, value: $value }'
+ break
++ date -u +%Y-%m-%dT%H:%M:%SZ
+ writetaskstat timestamp_end 2024-03-04T08:21:11Z
+ jq -nc --arg key timestamp_end --arg value 2024-03-04T08:21:11Z '{ key: $key, value: $value }'
+ rm /twcr/mnt/results/extract-failed
+ touch /twcr/mnt/results/extract-completed
