==== RUN-DOCKER
+++ dirname -- ./worker/run.sh
++ cd -- ./worker
++ pwd
+ twcrdir=/twcr/worker/..
+ repo=github.com/OHIF/Viewers
+ reporef=master
+ repopath=./platform/app
+ '[' true == true ']'
+ grep -q '^././'
++ sha256sum
++ awk '{ print $1 }'
++ echo github.com/OHIF/Viewers
++ cut -c1-12
+ procdir=/tmp/twcr-613dbf20c787
++ echo 'github.com/OHIF/Viewers;master;./platform/app'
++ sha256sum
++ awk '{ print $1 }'
++ cut -c1-12
+ datadir=/twcr/worker/../mnt/dataset/data/a00a2c81cf47
+ '[' '!' -z /twcr/mnt/results ']'
+ datadir=/twcr/mnt/results
+ touch /twcr/mnt/results/extract-failed
++ base64
++ tr -d =
++ tr /+ _-
++ base64
++ tr -d =
++ tr /+ _-
+ writetaskstat analysis_key github.com/OHIF/Viewers/bWFzdGVyCg/Li9wbGF0Zm9ybS9hcHAK
+ jq -nc --arg key analysis_key --arg value github.com/OHIF/Viewers/bWFzdGVyCg/Li9wbGF0Zm9ybS9hcHAK '{ key: $key, value: $value }'
++ date -u +%Y%m%d%H%M%S
++ sha256sum
++ awk '{ print $1 }'
++ cut -c1-16
++ head -c 32 /dev/urandom
+ writetaskstat analysis_nonce 5e7fb167e9ea03e0
+ jq -nc --arg key analysis_nonce --arg value 5e7fb167e9ea03e0 '{ key: $key, value: $value }'
+ writetaskstat input_repo_name github.com/OHIF/Viewers
+ jq -nc --arg key input_repo_name --arg value github.com/OHIF/Viewers '{ key: $key, value: $value }'
+ writetaskstat input_repo_ref master
+ jq -nc --arg key input_repo_ref --arg value master '{ key: $key, value: $value }'
+ writetaskstat input_repo_path ./platform/app
+ jq -nc --arg key input_repo_path --arg value ./platform/app '{ key: $key, value: $value }'
++ date -u +%Y-%m-%dT%H:%M:%SZ
+ writetaskstat timestamp_begin 2024-03-04T22:22:54Z
+ jq -nc --arg key timestamp_begin --arg value 2024-03-04T22:22:54Z '{ key: $key, value: $value }'
+ mkdir -p /tmp/twcr-613dbf20c787
+ pushd /tmp/twcr-613dbf20c787
+ '[' -d .git ']'
/tmp/twcr-613dbf20c787 /twcr
+ git clone --depth=1 -b master https://github.com/OHIF/Viewers.git .
Cloning into '.'...
++ date -u +%Y-%m-%dT%H:%M:%SZ
+ writetaskstat timestamp_git_clone_complete 2024-03-04T22:22:59Z
+ jq -nc --arg key timestamp_git_clone_complete --arg value 2024-03-04T22:22:59Z '{ key: $key, value: $value }'
++ git rev-parse HEAD
+ writetaskstat exec_repo_commit_sha 82a4a7d37727459ae2ddfbea9f78abecea928ff0
+ jq -nc --arg key exec_repo_commit_sha --arg value 82a4a7d37727459ae2ddfbea9f78abecea928ff0 '{ key: $key, value: $value }'
+++ git show --no-patch --format=%ci
++ date -u --date '2024-02-28 17:25:27 +0000' +%Y-%m-%dT%H:%M:%SZ
+ writetaskstat exec_repo_commit_date 2024-02-28T17:25:27Z
+ jq -nc --arg key exec_repo_commit_date --arg value 2024-02-28T17:25:27Z '{ key: $key, value: $value }'
/tmp/twcr-613dbf20c787/platform/app /tmp/twcr-613dbf20c787 /twcr
+ '[' -z ./platform/app ']'
+ pushd ./platform/app
+ tailwind_config_file_name=
+ '[' -f tailwind.config.js ']'
+ tailwind_config_file_name=tailwind.config.js
+ writetaskstat exec_tailwind_config_file tailwind.config.js
+ jq -nc --arg key exec_tailwind_config_file --arg value tailwind.config.js '{ key: $key, value: $value }'
+ cp tailwind.config.js /twcr/mnt/results/extract-raw-tailwind-config.js
+ '[' '!' -f package.json ']'
+ cp package.json /twcr/mnt/results/extract-raw-package.json
++ /twcr/worker/../worker/pm-detect.sh /tmp/twcr-613dbf20c787/platform/app
+ package_manager_name=yarn
+ '[' -z yarn ']'
+ '[' -z yarn ']'
+ writetaskstat exec_node_package_manager yarn
+ jq -nc --arg key exec_node_package_manager --arg value yarn '{ key: $key, value: $value }'
+ attempt_mode=squash
+ true
++ date -u +%Y-%m-%dT%H:%M:%SZ
+ writetaskstat timestamp_attempt_squash_begin 2024-03-04T22:22:59Z
+ jq -nc --arg key timestamp_attempt_squash_begin --arg value 2024-03-04T22:22:59Z '{ key: $key, value: $value }'
+ [[ squash == \s\q\u\a\s\h ]]
+ set +e
+ node /twcr/worker/../worker/squash-package.mjs tailwind.config.js
+ exitcode=0
+ set -e
+ [[ 0 != \0 ]]
+ cat package.json
+ sed 's/^/>>> /'
>>> {
>>>   "name": "@ohif/app",
>>>   "version": "3.8.0-beta.57",
>>>   "productVersion": "3.4.0",
>>>   "description": "OHIF Viewer",
>>>   "author": "OHIF Contributors",
>>>   "license": "MIT",
>>>   "repository": "OHIF/Viewers",
>>>   "main": "dist/index.umd.js",
>>>   "module": "src/index.js",
>>>   "publishConfig": {
>>>     "access": "public"
>>>   },
>>>   "engines": {
>>>     "node": ">=14",
>>>     "npm": ">=6",
>>>     "yarn": ">=1.16.0"
>>>   },
>>>   "proxy": "http://localhost:8042",
>>>   "files": [
>>>     "dist",
>>>     "README.md"
>>>   ],
>>>   "dependencies": {},
>>>   "devDependencies": {
>>>     "tailwindcss": "3.2.4"
>>>   }
>>> }+ rm -f package-lock.json pnpm-lock.yaml yarn.lock
+ '[' ./platform/app '!=' ./ ']'
+ rm -f /tmp/twcr-613dbf20c787/package.json /tmp/twcr-613dbf20c787/package-lock.json /tmp/twcr-613dbf20c787/pnpm-lock.yaml /tmp/twcr-613dbf20c787/yarn.lock
+ set +e
+ /twcr/worker/../worker/pm-install.sh yarn /tmp/twcr-613dbf20c787 /twcr/mnt/results
+ package_manager_name=yarn
+ procdir=/tmp/twcr-613dbf20c787
+ datadir=/twcr/mnt/results
+ case "${package_manager_name}" in
+ '[' -z http://tid_533306798eea:ok@172.18.0.2:3128 ']'
+ yarn config set httpProxy http://tid_533306798eea:ok@172.18.0.2:3128
yarn config v1.22.19
success Set "httpProxy" to "http://tid_533306798eea:ok@172.18.0.2:3128".
Done in 0.07s.
+ '[' -z http://tid_533306798eea:ok@172.18.0.2:3128 ']'
+ yarn config set httpsProxy http://tid_533306798eea:ok@172.18.0.2:3128
yarn config v1.22.19
success Set "httpsProxy" to "http://tid_533306798eea:ok@172.18.0.2:3128".
Done in 0.06s.
+ yarn install
yarn install v1.22.19
info No lockfile found.
[1/5] Validating package.json...
[2/5] Resolving packages...
(node:136) [DEP0040] DeprecationWarning: The `punycode` module is deprecated. Please use a userland alternative instead.
(Use `node --trace-deprecation ...` to show where the warning was created)
[3/5] Fetching packages...
[4/5] Linking dependencies...
warning " > tailwindcss@3.2.4" has unmet peer dependency "postcss@^8.0.9".
[5/5] Building fresh packages...
success Saved lockfile.
Done in 4.35s.
+ yarn list --depth=0 --json --non-interactive --no-progress
+ jq -cr '
        [.. | .name?]
        | map(select(.))
        | map(capture("^(?<name>@?[^@]+)@(?<version>.+)$"))
        | sort_by(.name)[]'
+ exitcode=0
+ set -e
+ [[ 0 != \0 ]]
++ jq -sr 'map(select(.name == "tailwindcss")) | first | .version'
+ tailwind_package_version=3.2.4
+ tailwind_config_exporter=tailwind.config.exporter2.cjs
+ '[' -f node_modules/tailwindcss/lib/lib/load-config.js ']'
+ cp /twcr/worker/../worker/tailwind.config.exporter2.cjs ./
+ set +e
+ node ./tailwind.config.exporter2.cjs tailwind.config.js
+ exitcode=0
+ set -e
+ [[ 0 != \0 ]]
+ echo 'module.exports={plugins:['
+ jq -rs '
        map(select(.name | startswith("@tailwindcss/")))
        | map("require(" + ( .name | tojson ) + "),")[]
      '
+ grep -Ev '"@tailwindcss/postcss7-compat"'
+ true
+ echo ']}'
+ cat tailwind.config.js
+ sed 's/^/>>> /'
>>> module.exports={plugins:[
>>> ]}
+ node ./tailwind.config.exporter2.cjs tailwind.config.js
++ date -u +%Y-%m-%dT%H:%M:%SZ
+ writetaskstat timestamp_attempt_squash_end 2024-03-04T22:23:05Z
+ jq -nc --arg key timestamp_attempt_squash_end --arg value 2024-03-04T22:23:05Z '{ key: $key, value: $value }'
+ break
++ date -u +%Y-%m-%dT%H:%M:%SZ
+ writetaskstat timestamp_end 2024-03-04T22:23:05Z
+ jq -nc --arg key timestamp_end --arg value 2024-03-04T22:23:05Z '{ key: $key, value: $value }'
+ rm /twcr/mnt/results/extract-failed
+ touch /twcr/mnt/results/extract-completed
