==== RUN-DOCKER
+++ dirname -- ./worker/run.sh
++ cd -- ./worker
++ pwd
+ twcrdir=/twcr/worker/..
+ repo=github.com/elhajuojy/Foxrander
+ reporef=main_dev
+ repopath=./
+ '[' true == true ']'
+ grep -q '^././'
++ echo github.com/elhajuojy/Foxrander
++ sha256sum
++ awk '{ print $1 }'
++ cut -c1-12
+ procdir=/tmp/twcr-f4c7207d517c
++ echo 'github.com/elhajuojy/Foxrander;main_dev;./'
++ sha256sum
++ awk '{ print $1 }'
++ cut -c1-12
+ datadir=/twcr/worker/../mnt/dataset/data/6856b9f0932c
+ '[' '!' -z /twcr/mnt/results ']'
+ datadir=/twcr/mnt/results
+ touch /twcr/mnt/results/extract-failed
++ base64
++ tr -d =
++ tr /+ _-
++ base64
++ tr -d =
++ tr /+ _-
+ writetaskstat analysis_key github.com/elhajuojy/Foxrander/bWFpbl9kZXYK/Li8K
+ jq -nc --arg key analysis_key --arg value github.com/elhajuojy/Foxrander/bWFpbl9kZXYK/Li8K '{ key: $key, value: $value }'
++ date -u +%Y%m%d%H%M%S
++ sha256sum
++ awk '{ print $1 }'
++ cut -c1-16
++ head -c 32 /dev/urandom
+ writetaskstat analysis_nonce b3ae4dc58f11ef3d
+ jq -nc --arg key analysis_nonce --arg value b3ae4dc58f11ef3d '{ key: $key, value: $value }'
+ writetaskstat input_repo_name github.com/elhajuojy/Foxrander
+ jq -nc --arg key input_repo_name --arg value github.com/elhajuojy/Foxrander '{ key: $key, value: $value }'
+ writetaskstat input_repo_ref main_dev
+ jq -nc --arg key input_repo_ref --arg value main_dev '{ key: $key, value: $value }'
+ writetaskstat input_repo_path ./
+ jq -nc --arg key input_repo_path --arg value ./ '{ key: $key, value: $value }'
++ date -u +%Y-%m-%dT%H:%M:%SZ
+ writetaskstat timestamp_begin 2024-03-04T10:19:02Z
+ jq -nc --arg key timestamp_begin --arg value 2024-03-04T10:19:02Z '{ key: $key, value: $value }'
+ mkdir -p /tmp/twcr-f4c7207d517c
+ pushd /tmp/twcr-f4c7207d517c
+ '[' -d .git ']'
+ git clone --depth=1 -b main_dev https://github.com/elhajuojy/Foxrander.git .
/tmp/twcr-f4c7207d517c /twcr
Cloning into '.'...
++ date -u +%Y-%m-%dT%H:%M:%SZ
+ writetaskstat timestamp_git_clone_complete 2024-03-04T10:19:03Z
+ jq -nc --arg key timestamp_git_clone_complete --arg value 2024-03-04T10:19:03Z '{ key: $key, value: $value }'
++ git rev-parse HEAD
+ writetaskstat exec_repo_commit_sha 06e1bbbf94163dbd944b1b54e3f20e211848752f
+ jq -nc --arg key exec_repo_commit_sha --arg value 06e1bbbf94163dbd944b1b54e3f20e211848752f '{ key: $key, value: $value }'
+++ git show --no-patch --format=%ci
++ date -u --date '2023-02-16 18:25:53 +0100' +%Y-%m-%dT%H:%M:%SZ
+ writetaskstat exec_repo_commit_date 2023-02-16T17:25:53Z
+ jq -nc --arg key exec_repo_commit_date --arg value 2023-02-16T17:25:53Z '{ key: $key, value: $value }'
/tmp/twcr-f4c7207d517c /tmp/twcr-f4c7207d517c /twcr
+ '[' -z ./ ']'
+ pushd ./
+ tailwind_config_file_name=
+ '[' -f tailwind.config.js ']'
+ tailwind_config_file_name=tailwind.config.js
+ writetaskstat exec_tailwind_config_file tailwind.config.js
+ jq -nc --arg key exec_tailwind_config_file --arg value tailwind.config.js '{ key: $key, value: $value }'
+ cp tailwind.config.js /twcr/mnt/results/extract-raw-tailwind-config.js
+ '[' '!' -f package.json ']'
+ cp package.json /twcr/mnt/results/extract-raw-package.json
++ /twcr/worker/../worker/pm-detect.sh /tmp/twcr-f4c7207d517c
+ package_manager_name=
+ '[' -z '' ']'
+ '[' ./ '!=' ./ ']'
+ '[' -z '' ']'
+ package_manager_name=npm
+ writetaskstat exec_node_package_manager npm
+ jq -nc --arg key exec_node_package_manager --arg value npm '{ key: $key, value: $value }'
+ attempt_mode=squash
+ true
++ date -u +%Y-%m-%dT%H:%M:%SZ
+ writetaskstat timestamp_attempt_squash_begin 2024-03-04T10:19:03Z
+ jq -nc --arg key timestamp_attempt_squash_begin --arg value 2024-03-04T10:19:03Z '{ key: $key, value: $value }'
+ [[ squash == \s\q\u\a\s\h ]]
+ set +e
+ node /twcr/worker/../worker/squash-package.mjs tailwind.config.js
+ exitcode=0
+ set -e
+ [[ 0 != \0 ]]
+ cat package.json
+ sed 's/^/>>> /'
>>> {
>>>   "name": "foxrander",
>>>   "version": "1.0.0",
>>>   "description": "<!-- MVC framework readme file -->\r # FoxRander",
>>>   "main": "index.js",
>>>   "repository": {
>>>     "type": "git",
>>>     "url": "git+https://github.com/elhajuojy/Foxrander.git"
>>>   },
>>>   "author": "",
>>>   "license": "ISC",
>>>   "bugs": {
>>>     "url": "https://github.com/elhajuojy/Foxrander/issues"
>>>   },
>>>   "homepage": "https://github.com/elhajuojy/Foxrander#readme",
>>>   "devDependencies": {
>>>     "tailwindcss": "^3.2.4"
>>>   }
>>> }+ rm -f package-lock.json pnpm-lock.yaml yarn.lock
+ '[' ./ '!=' ./ ']'
+ set +e
+ /twcr/worker/../worker/pm-install.sh npm /tmp/twcr-f4c7207d517c /twcr/mnt/results
+ package_manager_name=npm
+ procdir=/tmp/twcr-f4c7207d517c
+ datadir=/twcr/mnt/results
+ case "${package_manager_name}" in
++ '[' -f package-lock.json ']'
++ echo install
+ npm install --ignore-engines

added 112 packages, and audited 113 packages in 7s

28 packages are looking for funding
  run `npm fund` for details

found 0 vulnerabilities
npm notice 
npm notice New minor version of npm available! 10.2.4 -> 10.5.0
npm notice Changelog: <https://github.com/npm/cli/releases/tag/v10.5.0>
npm notice Run `npm install -g npm@10.5.0` to update!
npm notice 
+ jq -cr '
        map({ name: .name, version: .version })
        | map(select(.name))
        | sort_by(.name)[]
+ npm query '*'
      '
+ exitcode=0
+ set -e
+ [[ 0 != \0 ]]
++ jq -sr 'map(select(.name == "tailwindcss")) | first | .version'
+ tailwind_package_version=3.4.1
+ tailwind_config_exporter=tailwind.config.exporter2.cjs
+ '[' -f node_modules/tailwindcss/lib/lib/load-config.js ']'
+ tailwind_config_exporter=tailwind.config.exporter3.mjs
+ cp /twcr/worker/../worker/tailwind.config.exporter3.mjs ./
+ set +e
+ node ./tailwind.config.exporter3.mjs tailwind.config.js
+ exitcode=0
+ set -e
+ [[ 0 != \0 ]]
+ echo 'module.exports={plugins:['
+ jq -rs '
        map(select(.name | startswith("@tailwindcss/")))
        | map("require(" + ( .name | tojson ) + "),")[]
      '
+ grep -Ev '"@tailwindcss/postcss7-compat"'
+ true
+ echo ']}'
+ cat tailwind.config.js
+ sed 's/^/>>> /'
>>> module.exports={plugins:[
>>> ]}
+ node ./tailwind.config.exporter3.mjs tailwind.config.js
++ date -u +%Y-%m-%dT%H:%M:%SZ
+ writetaskstat timestamp_attempt_squash_end 2024-03-04T10:19:11Z
+ jq -nc --arg key timestamp_attempt_squash_end --arg value 2024-03-04T10:19:11Z '{ key: $key, value: $value }'
+ break
++ date -u +%Y-%m-%dT%H:%M:%SZ
+ writetaskstat timestamp_end 2024-03-04T10:19:11Z
+ jq -nc --arg key timestamp_end --arg value 2024-03-04T10:19:11Z '{ key: $key, value: $value }'
+ rm /twcr/mnt/results/extract-failed
+ touch /twcr/mnt/results/extract-completed
