==== RUN-DOCKER
+++ dirname -- ./worker/run.sh
++ cd -- ./worker
++ pwd
+ twcrdir=/twcr/worker/..
+ repo=github.com/LeCollectionist/component-library
+ reporef=dev
+ repopath=./
+ '[' true == true ']'
+ grep -q '^././'
++ echo github.com/LeCollectionist/component-library
++ sha256sum
++ awk '{ print $1 }'
++ cut -c1-12
+ procdir=/tmp/twcr-ad2a7008fcfc
++ echo 'github.com/LeCollectionist/component-library;dev;./'
++ sha256sum
++ awk '{ print $1 }'
++ cut -c1-12
+ datadir=/twcr/worker/../mnt/dataset/data/3c6f17538894
+ '[' '!' -z /twcr/mnt/results ']'
+ datadir=/twcr/mnt/results
+ touch /twcr/mnt/results/extract-failed
++ base64
++ tr -d =
++ tr /+ _-
++ base64
++ tr -d =
++ tr /+ _-
+ writetaskstat analysis_key github.com/LeCollectionist/component-library/ZGV2Cg/Li8K
+ jq -nc --arg key analysis_key --arg value github.com/LeCollectionist/component-library/ZGV2Cg/Li8K '{ key: $key, value: $value }'
++ date -u +%Y%m%d%H%M%S
++ sha256sum
++ awk '{ print $1 }'
++ cut -c1-16
++ head -c 32 /dev/urandom
+ writetaskstat analysis_nonce a750e6ad7a701eb2
+ jq -nc --arg key analysis_nonce --arg value a750e6ad7a701eb2 '{ key: $key, value: $value }'
+ writetaskstat input_repo_name github.com/LeCollectionist/component-library
+ jq -nc --arg key input_repo_name --arg value github.com/LeCollectionist/component-library '{ key: $key, value: $value }'
+ writetaskstat input_repo_ref dev
+ jq -nc --arg key input_repo_ref --arg value dev '{ key: $key, value: $value }'
+ writetaskstat input_repo_path ./
+ jq -nc --arg key input_repo_path --arg value ./ '{ key: $key, value: $value }'
++ date -u +%Y-%m-%dT%H:%M:%SZ
+ writetaskstat timestamp_begin 2024-03-05T13:29:50Z
+ jq -nc --arg key timestamp_begin --arg value 2024-03-05T13:29:50Z '{ key: $key, value: $value }'
+ mkdir -p /tmp/twcr-ad2a7008fcfc
/tmp/twcr-ad2a7008fcfc /twcr
+ pushd /tmp/twcr-ad2a7008fcfc
+ '[' -d .git ']'
+ git clone --depth=1 -b dev https://github.com/LeCollectionist/component-library.git .
Cloning into '.'...
++ date -u +%Y-%m-%dT%H:%M:%SZ
+ writetaskstat timestamp_git_clone_complete 2024-03-05T13:29:51Z
+ jq -nc --arg key timestamp_git_clone_complete --arg value 2024-03-05T13:29:51Z '{ key: $key, value: $value }'
++ git rev-parse HEAD
+ writetaskstat exec_repo_commit_sha 13a5d23d129b3b1721f7ca9683c72ba6c87d194e
+ jq -nc --arg key exec_repo_commit_sha --arg value 13a5d23d129b3b1721f7ca9683c72ba6c87d194e '{ key: $key, value: $value }'
+++ git show --no-patch --format=%ci
++ date -u --date '2023-11-20 17:21:53 +0100' +%Y-%m-%dT%H:%M:%SZ
+ writetaskstat exec_repo_commit_date 2023-11-20T16:21:53Z
+ jq -nc --arg key exec_repo_commit_date --arg value 2023-11-20T16:21:53Z '{ key: $key, value: $value }'
/tmp/twcr-ad2a7008fcfc /tmp/twcr-ad2a7008fcfc /twcr
+ '[' -z ./ ']'
+ pushd ./
+ tailwind_config_file_name=
+ '[' -f tailwind.config.js ']'
+ tailwind_config_file_name=tailwind.config.js
+ writetaskstat exec_tailwind_config_file tailwind.config.js
+ jq -nc --arg key exec_tailwind_config_file --arg value tailwind.config.js '{ key: $key, value: $value }'
+ cp tailwind.config.js /twcr/mnt/results/extract-raw-tailwind-config.js
+ '[' '!' -f package.json ']'
+ cp package.json /twcr/mnt/results/extract-raw-package.json
++ /twcr/worker/../worker/pm-detect.sh /tmp/twcr-ad2a7008fcfc
+ package_manager_name=
+ '[' -z '' ']'
+ '[' ./ '!=' ./ ']'
+ '[' -z '' ']'
+ package_manager_name=npm
+ writetaskstat exec_node_package_manager npm
+ jq -nc --arg key exec_node_package_manager --arg value npm '{ key: $key, value: $value }'
+ attempt_mode=squash
+ true
++ date -u +%Y-%m-%dT%H:%M:%SZ
+ writetaskstat timestamp_attempt_squash_begin 2024-03-05T13:29:51Z
+ jq -nc --arg key timestamp_attempt_squash_begin --arg value 2024-03-05T13:29:51Z '{ key: $key, value: $value }'
+ [[ squash == \s\q\u\a\s\h ]]
+ set +e
+ node /twcr/worker/../worker/squash-package.mjs tailwind.config.js
+ exitcode=0
+ set -e
+ [[ 0 != \0 ]]
+ cat package.json
+ sed 's/^/>>> /'
+ rm -f package-lock.json pnpm-lock.yaml yarn.lock
>>> {
>>>   "name": "lc-component-library",
>>>   "version": "2.0.0",
>>>   "license": "MIT",
>>>   "files": [
>>>     "dist"
>>>   ],
>>>   "main": "./dist/lc-component-library.umd.js",
>>>   "module": "./dist/lc-component-library.es.js",
>>>   "types": "./dist/main.d.ts",
>>>   "exports": {
>>>     ".": {
>>>       "import": "./dist/lc-component-library.es.js",
>>>       "require": "./dist/lc-component-library.umd.js"
>>>     },
>>>     "./style.css": {
>>>       "import": "./dist/style.css",
>>>       "require": "./dist/style.css"
>>>     }
>>>   },
>>>   "dependencies": {},
>>>   "devDependencies": {
>>>     "tailwindcss": "^3.3.5"
>>>   },
>>>   "eslintConfig": {
>>>     "extends": "@antfu/eslint-config",
>>>     "ignorePatterns": [
>>>       "build/**/*.js"
>>>     ],
>>>     "rules": {
>>>       "no-unused-vars": "off",
>>>       "@typescript-eslint/no-unused-vars": "off"
>>>     }
>>>   }
>>> }+ '[' ./ '!=' ./ ']'
+ set +e
+ /twcr/worker/../worker/pm-install.sh npm /tmp/twcr-ad2a7008fcfc /twcr/mnt/results
+ package_manager_name=npm
+ procdir=/tmp/twcr-ad2a7008fcfc
+ datadir=/twcr/mnt/results
+ case "${package_manager_name}" in
++ '[' -f package-lock.json ']'
++ echo install
+ npm install --ignore-engines

added 112 packages, and audited 113 packages in 4s

28 packages are looking for funding
  run `npm fund` for details

found 0 vulnerabilities
npm notice 
npm notice New minor version of npm available! 10.2.4 -> 10.5.0
npm notice Changelog: <https://github.com/npm/cli/releases/tag/v10.5.0>
npm notice Run `npm install -g npm@10.5.0` to update!
npm notice 
+ npm query '*'
+ jq -cr '
        map({ name: .name, version: .version })
        | map(select(.name))
        | sort_by(.name)[]
      '
+ exitcode=0
+ set -e
+ [[ 0 != \0 ]]
++ jq -sr 'map(select(.name == "tailwindcss")) | first | .version'
+ tailwind_package_version=3.4.1
+ tailwind_config_exporter=tailwind.config.exporter2.cjs
+ '[' -f node_modules/tailwindcss/lib/lib/load-config.js ']'
+ tailwind_config_exporter=tailwind.config.exporter3.mjs
+ cp /twcr/worker/../worker/tailwind.config.exporter3.mjs ./
+ set +e
+ node ./tailwind.config.exporter3.mjs tailwind.config.js
+ exitcode=0
+ set -e
+ [[ 0 != \0 ]]
+ echo 'module.exports={plugins:['
+ jq -rs '
        map(select(.name | startswith("@tailwindcss/")))
        | map("require(" + ( .name | tojson ) + "),")[]
      '
+ grep -Ev '"@tailwindcss/postcss7-compat"'
+ true
+ echo ']}'
+ cat tailwind.config.js
+ sed 's/^/>>> /'
>>> module.exports={plugins:[
>>> ]}
+ node ./tailwind.config.exporter3.mjs tailwind.config.js
++ date -u +%Y-%m-%dT%H:%M:%SZ
+ writetaskstat timestamp_attempt_squash_end 2024-03-05T13:29:56Z
+ jq -nc --arg key timestamp_attempt_squash_end --arg value 2024-03-05T13:29:56Z '{ key: $key, value: $value }'
+ break
++ date -u +%Y-%m-%dT%H:%M:%SZ
+ writetaskstat timestamp_end 2024-03-05T13:29:56Z
+ jq -nc --arg key timestamp_end --arg value 2024-03-05T13:29:56Z '{ key: $key, value: $value }'
+ rm /twcr/mnt/results/extract-failed
+ touch /twcr/mnt/results/extract-completed
