==== RUN-DOCKER
+++ dirname -- ./worker/run.sh
++ cd -- ./worker
++ pwd
+ twcrdir=/twcr/worker/..
+ repo=github.com/aXenDeveloper/vitnode
+ reporef=canary
+ repopath=./docs
+ '[' true == true ']'
+ grep -q '^././'
++ echo github.com/aXenDeveloper/vitnode
++ sha256sum
++ awk '{ print $1 }'
++ cut -c1-12
+ procdir=/tmp/twcr-c57d0e1bb8eb
++ echo 'github.com/aXenDeveloper/vitnode;canary;./docs'
++ sha256sum
++ awk '{ print $1 }'
++ cut -c1-12
+ datadir=/twcr/worker/../mnt/dataset/data/9230d41e374b
+ '[' '!' -z /twcr/mnt/results ']'
+ datadir=/twcr/mnt/results
+ touch /twcr/mnt/results/extract-failed
++ base64
++ tr -d =
++ tr /+ _-
++ base64
++ tr -d =
++ tr /+ _-
+ writetaskstat analysis_key github.com/aXenDeveloper/vitnode/Y2FuYXJ5Cg/Li9kb2NzCg
+ jq -nc --arg key analysis_key --arg value github.com/aXenDeveloper/vitnode/Y2FuYXJ5Cg/Li9kb2NzCg '{ key: $key, value: $value }'
++ date -u +%Y%m%d%H%M%S
++ sha256sum
++ awk '{ print $1 }'
++ cut -c1-16
++ head -c 32 /dev/urandom
+ writetaskstat analysis_nonce c1581d5330e64d5c
+ jq -nc --arg key analysis_nonce --arg value c1581d5330e64d5c '{ key: $key, value: $value }'
+ writetaskstat input_repo_name github.com/aXenDeveloper/vitnode
+ jq -nc --arg key input_repo_name --arg value github.com/aXenDeveloper/vitnode '{ key: $key, value: $value }'
+ writetaskstat input_repo_ref canary
+ jq -nc --arg key input_repo_ref --arg value canary '{ key: $key, value: $value }'
+ writetaskstat input_repo_path ./docs
+ jq -nc --arg key input_repo_path --arg value ./docs '{ key: $key, value: $value }'
++ date -u +%Y-%m-%dT%H:%M:%SZ
+ writetaskstat timestamp_begin 2024-03-05T07:40:27Z
+ jq -nc --arg key timestamp_begin --arg value 2024-03-05T07:40:27Z '{ key: $key, value: $value }'
+ mkdir -p /tmp/twcr-c57d0e1bb8eb
/tmp/twcr-c57d0e1bb8eb /twcr
+ pushd /tmp/twcr-c57d0e1bb8eb
+ '[' -d .git ']'
+ git clone --depth=1 -b canary https://github.com/aXenDeveloper/vitnode.git .
Cloning into '.'...
++ date -u +%Y-%m-%dT%H:%M:%SZ
+ writetaskstat timestamp_git_clone_complete 2024-03-05T07:40:30Z
+ jq -nc --arg key timestamp_git_clone_complete --arg value 2024-03-05T07:40:30Z '{ key: $key, value: $value }'
++ git rev-parse HEAD
+ writetaskstat exec_repo_commit_sha b7de4089b618277d1498d30f03de41b1c0d58a5a
+ jq -nc --arg key exec_repo_commit_sha --arg value b7de4089b618277d1498d30f03de41b1c0d58a5a '{ key: $key, value: $value }'
+++ git show --no-patch --format=%ci
++ date -u --date '2024-03-04 22:22:25 +0100' +%Y-%m-%dT%H:%M:%SZ
+ writetaskstat exec_repo_commit_date 2024-03-04T21:22:25Z
+ jq -nc --arg key exec_repo_commit_date --arg value 2024-03-04T21:22:25Z '{ key: $key, value: $value }'
+ '[' -z ./docs ']'
+ pushd ./docs
+ tailwind_config_file_name=
+ '[' -f tailwind.config.js ']'
+ tailwind_config_file_name=tailwind.config.js
+ writetaskstat exec_tailwind_config_file tailwind.config.js
+ jq -nc --arg key exec_tailwind_config_file --arg value tailwind.config.js '{ key: $key, value: $value }'
/tmp/twcr-c57d0e1bb8eb/docs /tmp/twcr-c57d0e1bb8eb /twcr
+ cp tailwind.config.js /twcr/mnt/results/extract-raw-tailwind-config.js
+ '[' '!' -f package.json ']'
+ cp package.json /twcr/mnt/results/extract-raw-package.json
++ /twcr/worker/../worker/pm-detect.sh /tmp/twcr-c57d0e1bb8eb/docs
+ package_manager_name=pnpm
+ '[' -z pnpm ']'
+ '[' -z pnpm ']'
+ writetaskstat exec_node_package_manager pnpm
+ jq -nc --arg key exec_node_package_manager --arg value pnpm '{ key: $key, value: $value }'
+ attempt_mode=squash
+ true
++ date -u +%Y-%m-%dT%H:%M:%SZ
+ writetaskstat timestamp_attempt_squash_begin 2024-03-05T07:40:30Z
+ jq -nc --arg key timestamp_attempt_squash_begin --arg value 2024-03-05T07:40:30Z '{ key: $key, value: $value }'
+ [[ squash == \s\q\u\a\s\h ]]
+ set +e
+ node /twcr/worker/../worker/squash-package.mjs tailwind.config.js
+ exitcode=0
+ set -e
+ [[ 0 != \0 ]]
+ cat package.json
+ sed 's/^/>>> /'
>>> {
>>>   "name": "vitnode_docs",
>>>   "version": "1.0.0",
>>>   "description": "",
>>>   "author": "Maciej Piotr (aXenDev) Balcerzak",
>>>   "license": "GPL-3.0 license",
>>>   "dependencies": {},
>>>   "devDependencies": {
>>>     "tailwindcss": "^3.4.1"
>>>   }
>>> }+ rm -f package-lock.json pnpm-lock.yaml yarn.lock
+ '[' ./docs '!=' ./ ']'
+ rm -f /tmp/twcr-c57d0e1bb8eb/package.json /tmp/twcr-c57d0e1bb8eb/package-lock.json /tmp/twcr-c57d0e1bb8eb/pnpm-lock.yaml /tmp/twcr-c57d0e1bb8eb/yarn.lock
+ set +e
+ /twcr/worker/../worker/pm-install.sh pnpm /tmp/twcr-c57d0e1bb8eb /twcr/mnt/results
+ package_manager_name=pnpm
+ procdir=/tmp/twcr-c57d0e1bb8eb
+ datadir=/twcr/mnt/results
+ case "${package_manager_name}" in
+ '[' '!' -f /tmp/twcr-c57d0e1bb8eb/package.json ']'
+ '[' '!' -f package.json ']'
++ pnpm -v
+ sed -Ei 's/("pnpm": ")(.+)(")/\18.15.4\3/' package.json
+ pnpm install
Progress: resolved 1, reused 0, downloaded 0, added 0
Progress: resolved 19, reused 0, downloaded 7, added 0
Progress: resolved 41, reused 0, downloaded 36, added 0
Progress: resolved 74, reused 0, downloaded 61, added 0
Progress: resolved 104, reused 0, downloaded 101, added 0
Packages: +105
++++++++++++++++++++++++++++++++++++++++++++++++++++++++++++++++++++++++++++++++
Progress: resolved 106, reused 0, downloaded 105, added 105, done

devDependencies:
+ tailwindcss 3.4.1

Done in 5.3s
+ pnpm ls --json
+ jq -cr '
        .[]
        | [.dependencies, .devDependencies, .optionalDependencies]
        | map(select(.))[]
        | to_entries
        | map({ name: .key, version: .value.version })
        | sort_by(.name)[]
      '
+ exitcode=0
+ set -e
+ [[ 0 != \0 ]]
++ jq -sr 'map(select(.name == "tailwindcss")) | first | .version'
+ tailwind_package_version=3.4.1
+ tailwind_config_exporter=tailwind.config.exporter2.cjs
+ '[' -f node_modules/tailwindcss/lib/lib/load-config.js ']'
+ tailwind_config_exporter=tailwind.config.exporter3.mjs
+ cp /twcr/worker/../worker/tailwind.config.exporter3.mjs ./
+ set +e
+ node ./tailwind.config.exporter3.mjs tailwind.config.js
+ exitcode=0
+ set -e
+ [[ 0 != \0 ]]
+ echo 'module.exports={plugins:['
+ jq -rs '
        map(select(.name | startswith("@tailwindcss/")))
        | map("require(" + ( .name | tojson ) + "),")[]
      '
+ grep -Ev '"@tailwindcss/postcss7-compat"'
+ true
+ echo ']}'
+ cat tailwind.config.js
+ sed 's/^/>>> /'
>>> module.exports={plugins:[
>>> ]}
+ node ./tailwind.config.exporter3.mjs tailwind.config.js
++ date -u +%Y-%m-%dT%H:%M:%SZ
+ writetaskstat timestamp_attempt_squash_end 2024-03-05T07:40:36Z
+ jq -nc --arg key timestamp_attempt_squash_end --arg value 2024-03-05T07:40:36Z '{ key: $key, value: $value }'
+ break
++ date -u +%Y-%m-%dT%H:%M:%SZ
+ writetaskstat timestamp_end 2024-03-05T07:40:36Z
+ jq -nc --arg key timestamp_end --arg value 2024-03-05T07:40:36Z '{ key: $key, value: $value }'
+ rm /twcr/mnt/results/extract-failed
+ touch /twcr/mnt/results/extract-completed
