==== RUN-DOCKER
+++ dirname -- ./worker/run.sh
++ cd -- ./worker
++ pwd
+ twcrdir=/twcr/worker/..
+ repo=github.com/juanespinola05/notionify
+ reporef=main
+ repopath=./
+ '[' true == true ']'
+ grep -q '^././'
++ echo github.com/juanespinola05/notionify
++ sha256sum
++ awk '{ print $1 }'
++ cut -c1-12
+ procdir=/tmp/twcr-0e8699a869dd
++ echo 'github.com/juanespinola05/notionify;main;./'
++ sha256sum
++ awk '{ print $1 }'
++ cut -c1-12
+ datadir=/twcr/worker/../mnt/dataset/data/df756cf1d0fb
+ '[' '!' -z /twcr/mnt/results ']'
+ datadir=/twcr/mnt/results
+ touch /twcr/mnt/results/extract-failed
++ base64
++ tr -d =
++ tr /+ _-
++ base64
++ tr -d =
++ tr /+ _-
+ writetaskstat analysis_key github.com/juanespinola05/notionify/bWFpbgo/Li8K
+ jq -nc --arg key analysis_key --arg value github.com/juanespinola05/notionify/bWFpbgo/Li8K '{ key: $key, value: $value }'
++ date -u +%Y%m%d%H%M%S
++ sha256sum
++ awk '{ print $1 }'
++ cut -c1-16
++ head -c 32 /dev/urandom
+ writetaskstat analysis_nonce d3891cc1ea45fa15
+ jq -nc --arg key analysis_nonce --arg value d3891cc1ea45fa15 '{ key: $key, value: $value }'
+ writetaskstat input_repo_name github.com/juanespinola05/notionify
+ jq -nc --arg key input_repo_name --arg value github.com/juanespinola05/notionify '{ key: $key, value: $value }'
+ writetaskstat input_repo_ref main
+ jq -nc --arg key input_repo_ref --arg value main '{ key: $key, value: $value }'
+ writetaskstat input_repo_path ./
+ jq -nc --arg key input_repo_path --arg value ./ '{ key: $key, value: $value }'
++ date -u +%Y-%m-%dT%H:%M:%SZ
+ writetaskstat timestamp_begin 2024-03-04T12:07:03Z
+ jq -nc --arg key timestamp_begin --arg value 2024-03-04T12:07:03Z '{ key: $key, value: $value }'
+ mkdir -p /tmp/twcr-0e8699a869dd
+ pushd /tmp/twcr-0e8699a869dd
+ '[' -d .git ']'
+ git clone --depth=1 -b main https://github.com/juanespinola05/notionify.git .
/tmp/twcr-0e8699a869dd /twcr
Cloning into '.'...
++ date -u +%Y-%m-%dT%H:%M:%SZ
+ writetaskstat timestamp_git_clone_complete 2024-03-04T12:07:04Z
+ jq -nc --arg key timestamp_git_clone_complete --arg value 2024-03-04T12:07:04Z '{ key: $key, value: $value }'
++ git rev-parse HEAD
+ writetaskstat exec_repo_commit_sha f29b8620d9ed9f911dec1d6b05913a400aff4c45
+ jq -nc --arg key exec_repo_commit_sha --arg value f29b8620d9ed9f911dec1d6b05913a400aff4c45 '{ key: $key, value: $value }'
+++ git show --no-patch --format=%ci
++ date -u --date '2023-03-07 11:46:01 -0300' +%Y-%m-%dT%H:%M:%SZ
+ writetaskstat exec_repo_commit_date 2023-03-07T14:46:01Z
+ jq -nc --arg key exec_repo_commit_date --arg value 2023-03-07T14:46:01Z '{ key: $key, value: $value }'
+ '[' -z ./ ']'
+ pushd ./
+ tailwind_config_file_name=
+ '[' -f tailwind.config.js ']'
+ '[' -f tailwind.config.cjs ']'
+ tailwind_config_file_name=tailwind.config.cjs
+ writetaskstat exec_tailwind_config_file tailwind.config.cjs
+ jq -nc --arg key exec_tailwind_config_file --arg value tailwind.config.cjs '{ key: $key, value: $value }'
/tmp/twcr-0e8699a869dd /tmp/twcr-0e8699a869dd /twcr
+ cp tailwind.config.cjs /twcr/mnt/results/extract-raw-tailwind-config.js
+ '[' '!' -f package.json ']'
+ cp package.json /twcr/mnt/results/extract-raw-package.json
++ /twcr/worker/../worker/pm-detect.sh /tmp/twcr-0e8699a869dd
+ package_manager_name=
+ '[' -z '' ']'
+ '[' ./ '!=' ./ ']'
+ '[' -z '' ']'
+ package_manager_name=npm
+ writetaskstat exec_node_package_manager npm
+ jq -nc --arg key exec_node_package_manager --arg value npm '{ key: $key, value: $value }'
+ attempt_mode=squash
+ true
++ date -u +%Y-%m-%dT%H:%M:%SZ
+ writetaskstat timestamp_attempt_squash_begin 2024-03-04T12:07:04Z
+ jq -nc --arg key timestamp_attempt_squash_begin --arg value 2024-03-04T12:07:04Z '{ key: $key, value: $value }'
+ [[ squash == \s\q\u\a\s\h ]]
+ set +e
+ node /twcr/worker/../worker/squash-package.mjs tailwind.config.cjs
+ exitcode=0
+ set -e
+ [[ 0 != \0 ]]
+ cat package.json
+ sed 's/^/>>> /'
>>> {
>>>   "name": "notion-avatar-generator",
>>>   "private": true,
>>>   "version": "0.0.0",
>>>   "type": "module",
>>>   "dependencies": {
>>>     "daisyui": "^2.51.3"
>>>   },
>>>   "devDependencies": {
>>>     "tailwindcss": "^3.2.7"
>>>   },
>>>   "eslintConfig": {
>>>     "extends": [
>>>       "./node_modules/ts-standard/eslintrc.json"
>>>     ],
>>>     "parserOptions": {
>>>       "project": "./tsconfig.json"
>>>     }
>>>   }
>>> }+ rm -f package-lock.json pnpm-lock.yaml yarn.lock
+ '[' ./ '!=' ./ ']'
+ set +e
+ /twcr/worker/../worker/pm-install.sh npm /tmp/twcr-0e8699a869dd /twcr/mnt/results
+ package_manager_name=npm
+ procdir=/tmp/twcr-0e8699a869dd
+ datadir=/twcr/mnt/results
+ case "${package_manager_name}" in
++ '[' -f package-lock.json ']'
++ echo install
+ npm install --ignore-engines

added 128 packages, and audited 129 packages in 4s

34 packages are looking for funding
  run `npm fund` for details

found 0 vulnerabilities
npm notice 
npm notice New minor version of npm available! 10.2.4 -> 10.5.0
npm notice Changelog: <https://github.com/npm/cli/releases/tag/v10.5.0>
npm notice Run `npm install -g npm@10.5.0` to update!
npm notice 
+ npm query '*'
+ jq -cr '
        map({ name: .name, version: .version })
        | map(select(.name))
        | sort_by(.name)[]
      '
+ exitcode=0
+ set -e
+ [[ 0 != \0 ]]
++ jq -sr 'map(select(.name == "tailwindcss")) | first | .version'
+ tailwind_package_version=3.4.1
+ tailwind_config_exporter=tailwind.config.exporter2.cjs
+ '[' -f node_modules/tailwindcss/lib/lib/load-config.js ']'
+ tailwind_config_exporter=tailwind.config.exporter3.mjs
+ cp /twcr/worker/../worker/tailwind.config.exporter3.mjs ./
+ set +e
+ node ./tailwind.config.exporter3.mjs tailwind.config.cjs
+ exitcode=0
+ set -e
+ [[ 0 != \0 ]]
+ echo 'module.exports={plugins:['
+ jq -rs '
        map(select(.name | startswith("@tailwindcss/")))
        | map("require(" + ( .name | tojson ) + "),")[]
      '
+ grep -Ev '"@tailwindcss/postcss7-compat"'
+ true
+ echo ']}'
+ cat tailwind.config.cjs
+ sed 's/^/>>> /'
>>> module.exports={plugins:[
>>> ]}
+ node ./tailwind.config.exporter3.mjs tailwind.config.cjs
++ date -u +%Y-%m-%dT%H:%M:%SZ
+ writetaskstat timestamp_attempt_squash_end 2024-03-04T12:07:10Z
+ jq -nc --arg key timestamp_attempt_squash_end --arg value 2024-03-04T12:07:10Z '{ key: $key, value: $value }'
+ break
++ date -u +%Y-%m-%dT%H:%M:%SZ
+ writetaskstat timestamp_end 2024-03-04T12:07:10Z
+ jq -nc --arg key timestamp_end --arg value 2024-03-04T12:07:10Z '{ key: $key, value: $value }'
+ rm /twcr/mnt/results/extract-failed
+ touch /twcr/mnt/results/extract-completed
