==== RUN-DOCKER
+++ dirname -- ./worker/run.sh
++ cd -- ./worker
++ pwd
+ twcrdir=/twcr/worker/..
+ repo=github.com/jazzypants1989/astro-docs-template
+ reporef=main
+ repopath=./
+ '[' true == true ']'
+ grep -q '^././'
++ echo github.com/jazzypants1989/astro-docs-template
++ sha256sum
++ awk '{ print $1 }'
++ cut -c1-12
+ procdir=/tmp/twcr-3acc98b21b6a
++ echo 'github.com/jazzypants1989/astro-docs-template;main;./'
++ sha256sum
++ awk '{ print $1 }'
++ cut -c1-12
+ datadir=/twcr/worker/../mnt/dataset/data/a40623126582
+ '[' '!' -z /twcr/mnt/results ']'
+ datadir=/twcr/mnt/results
+ touch /twcr/mnt/results/extract-failed
++ base64
++ tr -d =
++ tr /+ _-
++ base64
++ tr -d =
++ tr /+ _-
+ writetaskstat analysis_key github.com/jazzypants1989/astro-docs-template/bWFpbgo/Li8K
+ jq -nc --arg key analysis_key --arg value github.com/jazzypants1989/astro-docs-template/bWFpbgo/Li8K '{ key: $key, value: $value }'
++ date -u +%Y%m%d%H%M%S
++ sha256sum
++ awk '{ print $1 }'
++ cut -c1-16
++ head -c 32 /dev/urandom
+ writetaskstat analysis_nonce d461627658768a02
+ jq -nc --arg key analysis_nonce --arg value d461627658768a02 '{ key: $key, value: $value }'
+ writetaskstat input_repo_name github.com/jazzypants1989/astro-docs-template
+ jq -nc --arg key input_repo_name --arg value github.com/jazzypants1989/astro-docs-template '{ key: $key, value: $value }'
+ writetaskstat input_repo_ref main
+ jq -nc --arg key input_repo_ref --arg value main '{ key: $key, value: $value }'
+ writetaskstat input_repo_path ./
+ jq -nc --arg key input_repo_path --arg value ./ '{ key: $key, value: $value }'
++ date -u +%Y-%m-%dT%H:%M:%SZ
+ writetaskstat timestamp_begin 2024-03-04T11:20:59Z
+ jq -nc --arg key timestamp_begin --arg value 2024-03-04T11:20:59Z '{ key: $key, value: $value }'
+ mkdir -p /tmp/twcr-3acc98b21b6a
+ pushd /tmp/twcr-3acc98b21b6a
+ '[' -d .git ']'
+ git clone --depth=1 -b main https://github.com/jazzypants1989/astro-docs-template.git .
/tmp/twcr-3acc98b21b6a /twcr
Cloning into '.'...
++ date -u +%Y-%m-%dT%H:%M:%SZ
+ writetaskstat timestamp_git_clone_complete 2024-03-04T11:20:59Z
+ jq -nc --arg key timestamp_git_clone_complete --arg value 2024-03-04T11:20:59Z '{ key: $key, value: $value }'
++ git rev-parse HEAD
+ writetaskstat exec_repo_commit_sha 5fbe703dda9fefe7a8da45ad2c1baed67da80cc4
+ jq -nc --arg key exec_repo_commit_sha --arg value 5fbe703dda9fefe7a8da45ad2c1baed67da80cc4 '{ key: $key, value: $value }'
+++ git show --no-patch --format=%ci
++ date -u --date '2023-02-21 09:51:55 -0800' +%Y-%m-%dT%H:%M:%SZ
+ writetaskstat exec_repo_commit_date 2023-02-21T17:51:55Z
+ jq -nc --arg key exec_repo_commit_date --arg value 2023-02-21T17:51:55Z '{ key: $key, value: $value }'
+ '[' -z ./ ']'
+ pushd ./
+ tailwind_config_file_name=
+ '[' -f tailwind.config.js ']'
+ '[' -f tailwind.config.cjs ']'
+ tailwind_config_file_name=tailwind.config.cjs
+ writetaskstat exec_tailwind_config_file tailwind.config.cjs
+ jq -nc --arg key exec_tailwind_config_file --arg value tailwind.config.cjs '{ key: $key, value: $value }'
/tmp/twcr-3acc98b21b6a /tmp/twcr-3acc98b21b6a /twcr
+ cp tailwind.config.cjs /twcr/mnt/results/extract-raw-tailwind-config.js
+ '[' '!' -f package.json ']'
+ cp package.json /twcr/mnt/results/extract-raw-package.json
++ /twcr/worker/../worker/pm-detect.sh /tmp/twcr-3acc98b21b6a
+ package_manager_name=pnpm
+ '[' -z pnpm ']'
+ '[' -z pnpm ']'
+ writetaskstat exec_node_package_manager pnpm
+ jq -nc --arg key exec_node_package_manager --arg value pnpm '{ key: $key, value: $value }'
+ attempt_mode=squash
+ true
++ date -u +%Y-%m-%dT%H:%M:%SZ
+ writetaskstat timestamp_attempt_squash_begin 2024-03-04T11:20:59Z
+ jq -nc --arg key timestamp_attempt_squash_begin --arg value 2024-03-04T11:20:59Z '{ key: $key, value: $value }'
+ [[ squash == \s\q\u\a\s\h ]]
+ set +e
+ node /twcr/worker/../worker/squash-package.mjs tailwind.config.cjs
+ exitcode=0
+ set -e
+ [[ 0 != \0 ]]
+ cat package.json
+ sed 's/^/>>> /'
>>> {
>>>   "name": "astro-docs-template",
>>>   "type": "module",
>>>   "version": "0.0.1",
>>>   "private": true,
>>>   "dependencies": {
>>>     "@astrojs/tailwind": "^3.0.0",
>>>     "tailwindcss": "^3.0.24"
>>>   },
>>>   "devDependencies": {}
>>> }+ rm -f package-lock.json pnpm-lock.yaml yarn.lock
+ '[' ./ '!=' ./ ']'
+ set +e
+ /twcr/worker/../worker/pm-install.sh pnpm /tmp/twcr-3acc98b21b6a /twcr/mnt/results
+ package_manager_name=pnpm
+ procdir=/tmp/twcr-3acc98b21b6a
+ datadir=/twcr/mnt/results
+ case "${package_manager_name}" in
+ '[' '!' -f /tmp/twcr-3acc98b21b6a/package.json ']'
++ pnpm -v
+ sed -Ei 's/("pnpm": ")(.+)(")/\18.15.4\3/' /tmp/twcr-3acc98b21b6a/package.json
+ '[' '!' -f package.json ']'
++ pnpm -v
+ sed -Ei 's/("pnpm": ")(.+)(")/\18.15.4\3/' package.json
+ pnpm install
Progress: resolved 1, reused 0, downloaded 0, added 0
Progress: resolved 30, reused 0, downloaded 20, added 0
Progress: resolved 69, reused 0, downloaded 53, added 0
Progress: resolved 105, reused 0, downloaded 94, added 0
Progress: resolved 119, reused 0, downloaded 117, added 0
Progress: resolved 156, reused 0, downloaded 144, added 0
Progress: resolved 174, reused 0, downloaded 168, added 0
Progress: resolved 201, reused 0, downloaded 189, added 0
Progress: resolved 237, reused 0, downloaded 224, added 0
Progress: resolved 286, reused 0, downloaded 249, added 0
Progress: resolved 326, reused 0, downloaded 284, added 0
Progress: resolved 386, reused 0, downloaded 322, added 0
Progress: resolved 428, reused 0, downloaded 357, added 0
Progress: resolved 469, reused 0, downloaded 396, added 0
Packages: +446
++++++++++++++++++++++++++++++++++++++++++++++++++++++++++++++++++++++++++++++++
Progress: resolved 489, reused 0, downloaded 444, added 163
Progress: resolved 489, reused 0, downloaded 446, added 446, done
.../esbuild@0.18.20/node_modules/esbuild postinstall$ node install.js
.../esbuild@0.17.19/node_modules/esbuild postinstall$ node install.js
.../esbuild@0.18.20/node_modules/esbuild postinstall: Done
.../esbuild@0.17.19/node_modules/esbuild postinstall: Done

dependencies:
+ @astrojs/tailwind 3.1.3 (5.1.0 is available)
+ tailwindcss 3.4.1

Done in 16s
+ pnpm ls --json
+ jq -cr '
        .[]
        | [.dependencies, .devDependencies, .optionalDependencies]
        | map(select(.))[]
        | to_entries
        | map({ name: .key, version: .value.version })
        | sort_by(.name)[]
      '
+ exitcode=0
+ set -e
+ [[ 0 != \0 ]]
++ jq -sr 'map(select(.name == "tailwindcss")) | first | .version'
+ tailwind_package_version=3.4.1
+ tailwind_config_exporter=tailwind.config.exporter2.cjs
+ '[' -f node_modules/tailwindcss/lib/lib/load-config.js ']'
+ tailwind_config_exporter=tailwind.config.exporter3.mjs
+ cp /twcr/worker/../worker/tailwind.config.exporter3.mjs ./
+ set +e
+ node ./tailwind.config.exporter3.mjs tailwind.config.cjs
+ exitcode=0
+ set -e
+ [[ 0 != \0 ]]
+ echo 'module.exports={plugins:['
+ jq -rs '
        map(select(.name | startswith("@tailwindcss/")))
        | map("require(" + ( .name | tojson ) + "),")[]
      '
+ grep -Ev '"@tailwindcss/postcss7-compat"'
+ true
+ echo ']}'
+ cat tailwind.config.cjs
+ sed 's/^/>>> /'
>>> module.exports={plugins:[
>>> ]}
+ node ./tailwind.config.exporter3.mjs tailwind.config.cjs
++ date -u +%Y-%m-%dT%H:%M:%SZ
+ writetaskstat timestamp_attempt_squash_end 2024-03-04T11:21:17Z
+ jq -nc --arg key timestamp_attempt_squash_end --arg value 2024-03-04T11:21:17Z '{ key: $key, value: $value }'
+ break
++ date -u +%Y-%m-%dT%H:%M:%SZ
+ writetaskstat timestamp_end 2024-03-04T11:21:17Z
+ jq -nc --arg key timestamp_end --arg value 2024-03-04T11:21:17Z '{ key: $key, value: $value }'
+ rm /twcr/mnt/results/extract-failed
+ touch /twcr/mnt/results/extract-completed
