==== RUN-DOCKER
+++ dirname -- ./worker/run.sh
++ cd -- ./worker
++ pwd
+ twcrdir=/twcr/worker/..
+ repo=github.com/js-template/metablog-free
+ reporef=dev
+ repopath=./apps/html
+ '[' true == true ']'
+ grep -q '^././'
++ echo github.com/js-template/metablog-free
++ sha256sum
++ cut -c1-12
++ awk '{ print $1 }'
+ procdir=/tmp/twcr-883dbc852386
++ echo 'github.com/js-template/metablog-free;dev;./apps/html'
++ sha256sum
++ awk '{ print $1 }'
++ cut -c1-12
+ datadir=/twcr/worker/../mnt/dataset/data/c3158e46a0f5
+ '[' '!' -z /twcr/mnt/results ']'
+ datadir=/twcr/mnt/results
+ touch /twcr/mnt/results/extract-failed
++ base64
++ tr -d =
++ tr /+ _-
++ base64
++ tr -d =
++ tr /+ _-
+ writetaskstat analysis_key github.com/js-template/metablog-free/ZGV2Cg/Li9hcHBzL2h0bWwK
+ jq -nc --arg key analysis_key --arg value github.com/js-template/metablog-free/ZGV2Cg/Li9hcHBzL2h0bWwK '{ key: $key, value: $value }'
++ date -u +%Y%m%d%H%M%S
++ sha256sum
++ awk '{ print $1 }'
++ cut -c1-16
++ head -c 32 /dev/urandom
+ writetaskstat analysis_nonce add58a55befbe770
+ jq -nc --arg key analysis_nonce --arg value add58a55befbe770 '{ key: $key, value: $value }'
+ writetaskstat input_repo_name github.com/js-template/metablog-free
+ jq -nc --arg key input_repo_name --arg value github.com/js-template/metablog-free '{ key: $key, value: $value }'
+ writetaskstat input_repo_ref dev
+ jq -nc --arg key input_repo_ref --arg value dev '{ key: $key, value: $value }'
+ writetaskstat input_repo_path ./apps/html
+ jq -nc --arg key input_repo_path --arg value ./apps/html '{ key: $key, value: $value }'
++ date -u +%Y-%m-%dT%H:%M:%SZ
+ writetaskstat timestamp_begin 2024-03-04T09:01:13Z
+ jq -nc --arg key timestamp_begin --arg value 2024-03-04T09:01:13Z '{ key: $key, value: $value }'
+ mkdir -p /tmp/twcr-883dbc852386
/tmp/twcr-883dbc852386 /twcr
+ pushd /tmp/twcr-883dbc852386
+ '[' -d .git ']'
+ git clone --depth=1 -b dev https://github.com/js-template/metablog-free.git .
Cloning into '.'...
++ date -u +%Y-%m-%dT%H:%M:%SZ
+ writetaskstat timestamp_git_clone_complete 2024-03-04T09:01:14Z
+ jq -nc --arg key timestamp_git_clone_complete --arg value 2024-03-04T09:01:14Z '{ key: $key, value: $value }'
++ git rev-parse HEAD
+ writetaskstat exec_repo_commit_sha e5fbd74d77dd98b2eb59f23b1faf9bfec2cf52d5
+ jq -nc --arg key exec_repo_commit_sha --arg value e5fbd74d77dd98b2eb59f23b1faf9bfec2cf52d5 '{ key: $key, value: $value }'
+++ git show --no-patch --format=%ci
++ date -u --date '2023-10-21 11:58:32 +0600' +%Y-%m-%dT%H:%M:%SZ
+ writetaskstat exec_repo_commit_date 2023-10-21T05:58:32Z
+ jq -nc --arg key exec_repo_commit_date --arg value 2023-10-21T05:58:32Z '{ key: $key, value: $value }'
+ '[' -z ./apps/html ']'
+ pushd ./apps/html
+ tailwind_config_file_name=
+ '[' -f tailwind.config.js ']'
+ tailwind_config_file_name=tailwind.config.js
+ writetaskstat exec_tailwind_config_file tailwind.config.js
+ jq -nc --arg key exec_tailwind_config_file --arg value tailwind.config.js '{ key: $key, value: $value }'
/tmp/twcr-883dbc852386/apps/html /tmp/twcr-883dbc852386 /twcr
+ cp tailwind.config.js /twcr/mnt/results/extract-raw-tailwind-config.js
+ '[' '!' -f package.json ']'
+ cp package.json /twcr/mnt/results/extract-raw-package.json
++ /twcr/worker/../worker/pm-detect.sh /tmp/twcr-883dbc852386/apps/html
+ package_manager_name=
+ '[' -z '' ']'
+ '[' ./apps/html '!=' ./ ']'
++ /twcr/worker/../worker/pm-detect.sh /tmp/twcr-883dbc852386
+ package_manager_name=pnpm
+ '[' -z pnpm ']'
+ writetaskstat exec_node_package_manager pnpm
+ jq -nc --arg key exec_node_package_manager --arg value pnpm '{ key: $key, value: $value }'
+ attempt_mode=squash
+ true
++ date -u +%Y-%m-%dT%H:%M:%SZ
+ writetaskstat timestamp_attempt_squash_begin 2024-03-04T09:01:14Z
+ jq -nc --arg key timestamp_attempt_squash_begin --arg value 2024-03-04T09:01:14Z '{ key: $key, value: $value }'
+ [[ squash == \s\q\u\a\s\h ]]
+ set +e
+ node /twcr/worker/../worker/squash-package.mjs tailwind.config.js
+ exitcode=0
+ set -e
+ [[ 0 != \0 ]]
+ cat package.json
+ sed 's/^/>>> /'
>>> {
>>>   "name": "html",
>>>   "version": "0.0.1",
>>>   "description": "",
>>>   "main": "index.html",
>>>   "license": "ISC",
>>>   "devDependencies": {
>>>     "daisyui": "^2.51.5",
>>>     "tailwindcss": "^3.2.7"
>>>   }
>>> }+ rm -f package-lock.json pnpm-lock.yaml yarn.lock
+ '[' ./apps/html '!=' ./ ']'
+ rm -f /tmp/twcr-883dbc852386/package.json /tmp/twcr-883dbc852386/package-lock.json /tmp/twcr-883dbc852386/pnpm-lock.yaml /tmp/twcr-883dbc852386/yarn.lock
+ set +e
+ /twcr/worker/../worker/pm-install.sh pnpm /tmp/twcr-883dbc852386 /twcr/mnt/results
+ package_manager_name=pnpm
+ procdir=/tmp/twcr-883dbc852386
+ datadir=/twcr/mnt/results
+ case "${package_manager_name}" in
+ '[' '!' -f /tmp/twcr-883dbc852386/package.json ']'
+ '[' '!' -f package.json ']'
++ pnpm -v
+ sed -Ei 's/("pnpm": ")(.+)(")/\18.15.4\3/' package.json
+ pnpm install
Scope: all 4 workspace projects
../..                                    | Progress: resolved 1, reused 0, downloaded 0, added 0
../..                                    | Progress: resolved 20, reused 0, downloaded 18, added 0
../..                                    | Progress: resolved 36, reused 0, downloaded 29, added 0
../..                                    | Progress: resolved 61, reused 0, downloaded 51, added 0
../..                                    | Progress: resolved 87, reused 0, downloaded 76, added 0
../..                                    | Progress: resolved 115, reused 0, downloaded 98, added 0
../..                                    | Progress: resolved 139, reused 0, downloaded 125, added 0
../..                                    | Progress: resolved 173, reused 0, downloaded 142, added 0
../..                                    | Progress: resolved 194, reused 0, downloaded 164, added 0
../..                                    | Progress: resolved 218, reused 0, downloaded 186, added 0
../..                                    | Progress: resolved 250, reused 0, downloaded 216, added 0
../..                                    | Progress: resolved 268, reused 0, downloaded 238, added 0
../..                                    | Progress: resolved 301, reused 0, downloaded 261, added 0
../..                                    | Progress: resolved 326, reused 0, downloaded 295, added 0
../..                                    | Progress: resolved 353, reused 0, downloaded 314, added 0
../..                                    | Progress: resolved 384, reused 0, downloaded 343, added 0
../..                                    | Progress: resolved 421, reused 0, downloaded 375, added 0
../..                                    | Progress: resolved 448, reused 0, downloaded 402, added 0
../..                                    | Progress: resolved 480, reused 0, downloaded 434, added 0
../..                                    | Progress: resolved 506, reused 0, downloaded 465, added 0
../..                                    | Progress: resolved 539, reused 0, downloaded 497, added 0
../..                                    | +538 ++++++++++++++++++++++++++++++++
../..                                    | Progress: resolved 543, reused 0, downloaded 531, added 538, done
.../cypress@12.17.4/node_modules/cypress postinstall$ node index.js --exec install
.../cypress@12.17.4/node_modules/cypress postinstall: (node:130) [DEP0040] DeprecationWarning: The `punycode` module is deprecated. Please use a userland alternative instead.
.../cypress@12.17.4/node_modules/cypress postinstall: (Use `node --trace-deprecation ...` to show where the warning was created)
.../cypress@12.17.4/node_modules/cypress postinstall: Installing Cypress (version: 12.17.4)
.../cypress@12.17.4/node_modules/cypress postinstall: [STARTED] Task without title.
.../cypress@12.17.4/node_modules/cypress postinstall: [TITLE]  Downloading Cypress      100% 0s
.../cypress@12.17.4/node_modules/cypress postinstall: [TITLE]  Downloading Cypress      0% 0s
.../cypress@12.17.4/node_modules/cypress postinstall: [TITLE]  Downloading Cypress      1% 10s
.../cypress@12.17.4/node_modules/cypress postinstall: [TITLE]  Downloading Cypress      2% 10s
.../cypress@12.17.4/node_modules/cypress postinstall: [TITLE]  Downloading Cypress      3% 10s
.../cypress@12.17.4/node_modules/cypress postinstall: [TITLE]  Downloading Cypress      5% 8s
.../cypress@12.17.4/node_modules/cypress postinstall: [TITLE]  Downloading Cypress      6% 8s
.../cypress@12.17.4/node_modules/cypress postinstall: [TITLE]  Downloading Cypress      8% 7s
.../cypress@12.17.4/node_modules/cypress postinstall: [TITLE]  Downloading Cypress      9% 7s
.../cypress@12.17.4/node_modules/cypress postinstall: [TITLE]  Downloading Cypress      11% 6s
.../cypress@12.17.4/node_modules/cypress postinstall: [TITLE]  Downloading Cypress      13% 6s
.../cypress@12.17.4/node_modules/cypress postinstall: [TITLE]  Downloading Cypress      14% 6s
.../cypress@12.17.4/node_modules/cypress postinstall: [TITLE]  Downloading Cypress      15% 6s
.../cypress@12.17.4/node_modules/cypress postinstall: [TITLE]  Downloading Cypress      17% 6s
.../cypress@12.17.4/node_modules/cypress postinstall: [TITLE]  Downloading Cypress      19% 6s
.../cypress@12.17.4/node_modules/cypress postinstall: [TITLE]  Downloading Cypress      20% 6s
.../cypress@12.17.4/node_modules/cypress postinstall: [TITLE]  Downloading Cypress      22% 5s
.../cypress@12.17.4/node_modules/cypress postinstall: [TITLE]  Downloading Cypress      23% 5s
.../cypress@12.17.4/node_modules/cypress postinstall: [TITLE]  Downloading Cypress      24% 5s
.../cypress@12.17.4/node_modules/cypress postinstall: [TITLE]  Downloading Cypress      26% 5s
.../cypress@12.17.4/node_modules/cypress postinstall: [TITLE]  Downloading Cypress      28% 5s
.../cypress@12.17.4/node_modules/cypress postinstall: [TITLE]  Downloading Cypress      29% 5s
.../cypress@12.17.4/node_modules/cypress postinstall: [TITLE]  Downloading Cypress      31% 5s
.../cypress@12.17.4/node_modules/cypress postinstall: [TITLE]  Downloading Cypress      32% 5s
.../cypress@12.17.4/node_modules/cypress postinstall: [TITLE]  Downloading Cypress      34% 4s
.../cypress@12.17.4/node_modules/cypress postinstall: [TITLE]  Downloading Cypress      36% 4s
.../cypress@12.17.4/node_modules/cypress postinstall: [TITLE]  Downloading Cypress      37% 4s
.../cypress@12.17.4/node_modules/cypress postinstall: [TITLE]  Downloading Cypress      38% 4s
.../cypress@12.17.4/node_modules/cypress postinstall: [TITLE]  Downloading Cypress      39% 4s
.../cypress@12.17.4/node_modules/cypress postinstall: [TITLE]  Downloading Cypress      41% 4s
.../cypress@12.17.4/node_modules/cypress postinstall: [TITLE]  Downloading Cypress      42% 4s
.../cypress@12.17.4/node_modules/cypress postinstall: [TITLE]  Downloading Cypress      44% 4s
.../cypress@12.17.4/node_modules/cypress postinstall: [TITLE]  Downloading Cypress      45% 4s
.../cypress@12.17.4/node_modules/cypress postinstall: [TITLE]  Downloading Cypress      46% 4s
.../cypress@12.17.4/node_modules/cypress postinstall: [TITLE]  Downloading Cypress      48% 4s
.../cypress@12.17.4/node_modules/cypress postinstall: [TITLE]  Downloading Cypress      49% 4s
.../cypress@12.17.4/node_modules/cypress postinstall: [TITLE]  Downloading Cypress      50% 3s
.../cypress@12.17.4/node_modules/cypress postinstall: [TITLE]  Downloading Cypress      52% 3s
.../cypress@12.17.4/node_modules/cypress postinstall: [TITLE]  Downloading Cypress      53% 3s
.../cypress@12.17.4/node_modules/cypress postinstall: [TITLE]  Downloading Cypress      55% 3s
.../cypress@12.17.4/node_modules/cypress postinstall: [TITLE]  Downloading Cypress      56% 3s
.../cypress@12.17.4/node_modules/cypress postinstall: [TITLE]  Downloading Cypress      58% 3s
.../cypress@12.17.4/node_modules/cypress postinstall: [TITLE]  Downloading Cypress      59% 3s
.../cypress@12.17.4/node_modules/cypress postinstall: [TITLE]  Downloading Cypress      60% 3s
.../cypress@12.17.4/node_modules/cypress postinstall: [TITLE]  Downloading Cypress      61% 3s
.../cypress@12.17.4/node_modules/cypress postinstall: [TITLE]  Downloading Cypress      63% 3s
.../cypress@12.17.4/node_modules/cypress postinstall: [TITLE]  Downloading Cypress      65% 2s
.../cypress@12.17.4/node_modules/cypress postinstall: [TITLE]  Downloading Cypress      66% 2s
.../cypress@12.17.4/node_modules/cypress postinstall: [TITLE]  Downloading Cypress      68% 2s
.../cypress@12.17.4/node_modules/cypress postinstall: [TITLE]  Downloading Cypress      70% 2s
.../cypress@12.17.4/node_modules/cypress postinstall: [TITLE]  Downloading Cypress      72% 2s
.../cypress@12.17.4/node_modules/cypress postinstall: [TITLE]  Downloading Cypress      73% 2s
.../cypress@12.17.4/node_modules/cypress postinstall: [TITLE]  Downloading Cypress      75% 2s
.../cypress@12.17.4/node_modules/cypress postinstall: [TITLE]  Downloading Cypress      76% 2s
.../cypress@12.17.4/node_modules/cypress postinstall: [TITLE]  Downloading Cypress      78% 2s
.../cypress@12.17.4/node_modules/cypress postinstall: [TITLE]  Downloading Cypress      80% 1s
.../cypress@12.17.4/node_modules/cypress postinstall: [TITLE]  Downloading Cypress      81% 1s
.../cypress@12.17.4/node_modules/cypress postinstall: [TITLE]  Downloading Cypress      82% 1s
.../cypress@12.17.4/node_modules/cypress postinstall: [TITLE]  Downloading Cypress      84% 1s
.../cypress@12.17.4/node_modules/cypress postinstall: [TITLE]  Downloading Cypress      86% 1s
.../cypress@12.17.4/node_modules/cypress postinstall: [TITLE]  Downloading Cypress      87% 1s
.../cypress@12.17.4/node_modules/cypress postinstall: [TITLE]  Downloading Cypress      89% 1s
.../cypress@12.17.4/node_modules/cypress postinstall: [TITLE]  Downloading Cypress      91% 1s
.../cypress@12.17.4/node_modules/cypress postinstall: [TITLE]  Downloading Cypress      94% 0s
.../cypress@12.17.4/node_modules/cypress postinstall: [TITLE]  Downloading Cypress      95% 0s
.../cypress@12.17.4/node_modules/cypress postinstall: [TITLE]  Downloading Cypress      97% 0s
.../cypress@12.17.4/node_modules/cypress postinstall: [TITLE]  Downloading Cypress      98% 0s
.../cypress@12.17.4/node_modules/cypress postinstall: [TITLE]  Downloading Cypress      100% 0s
.../cypress@12.17.4/node_modules/cypress postinstall: [TITLE]  Downloaded Cypress     
.../cypress@12.17.4/node_modules/cypress postinstall: [SUCCESS]  Downloaded Cypress     
.../cypress@12.17.4/node_modules/cypress postinstall: [STARTED] Task without title.
.../cypress@12.17.4/node_modules/cypress postinstall: [TITLE]  Unzipping Cypress        0% 0s
.../cypress@12.17.4/node_modules/cypress postinstall: [TITLE]  Unzipping Cypress        1% 22s
.../cypress@12.17.4/node_modules/cypress postinstall: [TITLE]  Unzipping Cypress        1% 23s
.../cypress@12.17.4/node_modules/cypress postinstall: [TITLE]  Unzipping Cypress        1% 24s
.../cypress@12.17.4/node_modules/cypress postinstall: [TITLE]  Unzipping Cypress        1% 25s
.../cypress@12.17.4/node_modules/cypress postinstall: [TITLE]  Unzipping Cypress        2% 12s
.../cypress@12.17.4/node_modules/cypress postinstall: [TITLE]  Unzipping Cypress        2% 13s
.../cypress@12.17.4/node_modules/cypress postinstall: [TITLE]  Unzipping Cypress        2% 14s
.../cypress@12.17.4/node_modules/cypress postinstall: [TITLE]  Unzipping Cypress        3% 9s
.../cypress@12.17.4/node_modules/cypress postinstall: [TITLE]  Unzipping Cypress        3% 10s
.../cypress@12.17.4/node_modules/cypress postinstall: [TITLE]  Unzipping Cypress        4% 8s
.../cypress@12.17.4/node_modules/cypress postinstall: [TITLE]  Unzipping Cypress        4% 9s
.../cypress@12.17.4/node_modules/cypress postinstall: [TITLE]  Unzipping Cypress        5% 7s
.../cypress@12.17.4/node_modules/cypress postinstall: [TITLE]  Unzipping Cypress        6% 6s
.../cypress@12.17.4/node_modules/cypress postinstall: [TITLE]  Unzipping Cypress        6% 7s
.../cypress@12.17.4/node_modules/cypress postinstall: [TITLE]  Unzipping Cypress        7% 6s
.../cypress@12.17.4/node_modules/cypress postinstall: [TITLE]  Unzipping Cypress        8% 5s
.../cypress@12.17.4/node_modules/cypress postinstall: [TITLE]  Unzipping Cypress        8% 6s
.../cypress@12.17.4/node_modules/cypress postinstall: [TITLE]  Unzipping Cypress        9% 5s
.../cypress@12.17.4/node_modules/cypress postinstall: [TITLE]  Unzipping Cypress        10% 5s
.../cypress@12.17.4/node_modules/cypress postinstall: [TITLE]  Unzipping Cypress        11% 5s
.../cypress@12.17.4/node_modules/cypress postinstall: [TITLE]  Unzipping Cypress        12% 4s
.../cypress@12.17.4/node_modules/cypress postinstall: [TITLE]  Unzipping Cypress        12% 5s
.../cypress@12.17.4/node_modules/cypress postinstall: [TITLE]  Unzipping Cypress        13% 4s
.../cypress@12.17.4/node_modules/cypress postinstall: [TITLE]  Unzipping Cypress        14% 4s
.../cypress@12.17.4/node_modules/cypress postinstall: [TITLE]  Unzipping Cypress        15% 4s
.../cypress@12.17.4/node_modules/cypress postinstall: [TITLE]  Unzipping Cypress        16% 4s
.../cypress@12.17.4/node_modules/cypress postinstall: [TITLE]  Unzipping Cypress        17% 4s
.../cypress@12.17.4/node_modules/cypress postinstall: [TITLE]  Unzipping Cypress        18% 4s
.../cypress@12.17.4/node_modules/cypress postinstall: [TITLE]  Unzipping Cypress        19% 4s
.../cypress@12.17.4/node_modules/cypress postinstall: [TITLE]  Unzipping Cypress        20% 3s
.../cypress@12.17.4/node_modules/cypress postinstall: [TITLE]  Unzipping Cypress        20% 4s
.../cypress@12.17.4/node_modules/cypress postinstall: [TITLE]  Unzipping Cypress        21% 3s
.../cypress@12.17.4/node_modules/cypress postinstall: [TITLE]  Unzipping Cypress        21% 4s
.../cypress@12.17.4/node_modules/cypress postinstall: [TITLE]  Unzipping Cypress        22% 3s
.../cypress@12.17.4/node_modules/cypress postinstall: [TITLE]  Unzipping Cypress        22% 4s
.../cypress@12.17.4/node_modules/cypress postinstall: [TITLE]  Unzipping Cypress        23% 3s
.../cypress@12.17.4/node_modules/cypress postinstall: [TITLE]  Unzipping Cypress        24% 3s
.../cypress@12.17.4/node_modules/cypress postinstall: [TITLE]  Unzipping Cypress        25% 3s
.../cypress@12.17.4/node_modules/cypress postinstall: [TITLE]  Unzipping Cypress        26% 3s
.../cypress@12.17.4/node_modules/cypress postinstall: [TITLE]  Unzipping Cypress        26% 4s
.../cypress@12.17.4/node_modules/cypress postinstall: [TITLE]  Unzipping Cypress        27% 4s
.../cypress@12.17.4/node_modules/cypress postinstall: [TITLE]  Unzipping Cypress        28% 4s
.../cypress@12.17.4/node_modules/cypress postinstall: [TITLE]  Unzipping Cypress        29% 4s
.../cypress@12.17.4/node_modules/cypress postinstall: [TITLE]  Unzipping Cypress        30% 4s
.../cypress@12.17.4/node_modules/cypress postinstall: [TITLE]  Unzipping Cypress        31% 4s
.../cypress@12.17.4/node_modules/cypress postinstall: [TITLE]  Unzipping Cypress        32% 4s
.../cypress@12.17.4/node_modules/cypress postinstall: [TITLE]  Unzipping Cypress        33% 3s
.../cypress@12.17.4/node_modules/cypress postinstall: [TITLE]  Unzipping Cypress        33% 4s
.../cypress@12.17.4/node_modules/cypress postinstall: [TITLE]  Unzipping Cypress        34% 3s
.../cypress@12.17.4/node_modules/cypress postinstall: [TITLE]  Unzipping Cypress        35% 3s
.../cypress@12.17.4/node_modules/cypress postinstall: [TITLE]  Unzipping Cypress        36% 3s
.../cypress@12.17.4/node_modules/cypress postinstall: [TITLE]  Unzipping Cypress        37% 3s
.../cypress@12.17.4/node_modules/cypress postinstall: [TITLE]  Unzipping Cypress        38% 3s
.../cypress@12.17.4/node_modules/cypress postinstall: [TITLE]  Unzipping Cypress        39% 3s
.../cypress@12.17.4/node_modules/cypress postinstall: [TITLE]  Unzipping Cypress        40% 3s
.../cypress@12.17.4/node_modules/cypress postinstall: [TITLE]  Unzipping Cypress        41% 3s
.../cypress@12.17.4/node_modules/cypress postinstall: [TITLE]  Unzipping Cypress        42% 3s
.../cypress@12.17.4/node_modules/cypress postinstall: [TITLE]  Unzipping Cypress        43% 3s
.../cypress@12.17.4/node_modules/cypress postinstall: [TITLE]  Unzipping Cypress        44% 3s
.../cypress@12.17.4/node_modules/cypress postinstall: [TITLE]  Unzipping Cypress        45% 3s
.../cypress@12.17.4/node_modules/cypress postinstall: [TITLE]  Unzipping Cypress        45% 4s
.../cypress@12.17.4/node_modules/cypress postinstall: [TITLE]  Unzipping Cypress        46% 3s
.../cypress@12.17.4/node_modules/cypress postinstall: [TITLE]  Unzipping Cypress        46% 4s
.../cypress@12.17.4/node_modules/cypress postinstall: [TITLE]  Unzipping Cypress        47% 3s
.../cypress@12.17.4/node_modules/cypress postinstall: [TITLE]  Unzipping Cypress        48% 3s
.../cypress@12.17.4/node_modules/cypress postinstall: [TITLE]  Unzipping Cypress        49% 3s
.../cypress@12.17.4/node_modules/cypress postinstall: [TITLE]  Unzipping Cypress        50% 3s
.../cypress@12.17.4/node_modules/cypress postinstall: [TITLE]  Unzipping Cypress        51% 3s
.../cypress@12.17.4/node_modules/cypress postinstall: [TITLE]  Unzipping Cypress        52% 3s
.../cypress@12.17.4/node_modules/cypress postinstall: [TITLE]  Unzipping Cypress        53% 3s
.../cypress@12.17.4/node_modules/cypress postinstall: [TITLE]  Unzipping Cypress        54% 3s
.../cypress@12.17.4/node_modules/cypress postinstall: [TITLE]  Unzipping Cypress        55% 3s
.../cypress@12.17.4/node_modules/cypress postinstall: [TITLE]  Unzipping Cypress        56% 3s
.../cypress@12.17.4/node_modules/cypress postinstall: [TITLE]  Unzipping Cypress        57% 2s
.../cypress@12.17.4/node_modules/cypress postinstall: [TITLE]  Unzipping Cypress        57% 3s
.../cypress@12.17.4/node_modules/cypress postinstall: [TITLE]  Unzipping Cypress        58% 2s
.../cypress@12.17.4/node_modules/cypress postinstall: [TITLE]  Unzipping Cypress        59% 2s
.../cypress@12.17.4/node_modules/cypress postinstall: [TITLE]  Unzipping Cypress        60% 2s
.../cypress@12.17.4/node_modules/cypress postinstall: [TITLE]  Unzipping Cypress        61% 2s
.../cypress@12.17.4/node_modules/cypress postinstall: [TITLE]  Unzipping Cypress        62% 2s
.../cypress@12.17.4/node_modules/cypress postinstall: [TITLE]  Unzipping Cypress        63% 2s
.../cypress@12.17.4/node_modules/cypress postinstall: [TITLE]  Unzipping Cypress        64% 2s
.../cypress@12.17.4/node_modules/cypress postinstall: [TITLE]  Unzipping Cypress        65% 2s
.../cypress@12.17.4/node_modules/cypress postinstall: [TITLE]  Unzipping Cypress        66% 2s
.../cypress@12.17.4/node_modules/cypress postinstall: [TITLE]  Unzipping Cypress        67% 2s
.../cypress@12.17.4/node_modules/cypress postinstall: [TITLE]  Unzipping Cypress        68% 2s
.../cypress@12.17.4/node_modules/cypress postinstall: [TITLE]  Unzipping Cypress        69% 2s
.../cypress@12.17.4/node_modules/cypress postinstall: [TITLE]  Unzipping Cypress        70% 2s
.../cypress@12.17.4/node_modules/cypress postinstall: [TITLE]  Unzipping Cypress        71% 2s
.../cypress@12.17.4/node_modules/cypress postinstall: [TITLE]  Unzipping Cypress        72% 2s
.../cypress@12.17.4/node_modules/cypress postinstall: [TITLE]  Unzipping Cypress        73% 1s
.../cypress@12.17.4/node_modules/cypress postinstall: [TITLE]  Unzipping Cypress        73% 2s
.../cypress@12.17.4/node_modules/cypress postinstall: [TITLE]  Unzipping Cypress        73% 3s
.../cypress@12.17.4/node_modules/cypress postinstall: [TITLE]  Unzipping Cypress        74% 2s
.../cypress@12.17.4/node_modules/cypress postinstall: [TITLE]  Unzipping Cypress        100% 0s
.../cypress@12.17.4/node_modules/cypress postinstall: [TITLE]  Unzipped Cypress       
.../cypress@12.17.4/node_modules/cypress postinstall: [SUCCESS]  Unzipped Cypress       
.../cypress@12.17.4/node_modules/cypress postinstall: [STARTED] Task without title.
.../cypress@12.17.4/node_modules/cypress postinstall: [TITLE]  Finished Installation   /home/node/.cache/Cypress/12.17.4
.../cypress@12.17.4/node_modules/cypress postinstall: [SUCCESS]  Finished Installation   /home/node/.cache/Cypress/12.17.4
.../cypress@12.17.4/node_modules/cypress postinstall: You can now open Cypress by running: node_modules/.bin/cypress open
.../cypress@12.17.4/node_modules/cypress postinstall: https://on.cypress.io/installing-cypress
.../cypress@12.17.4/node_modules/cypress postinstall: Done

devDependencies:
+ daisyui 2.52.0 (4.7.2 is available)
+ tailwindcss 3.4.1

Done in 39.7s
+ pnpm ls --json
+ jq -cr '
        .[]
        | [.dependencies, .devDependencies, .optionalDependencies]
        | map(select(.))[]
        | to_entries
        | map({ name: .key, version: .value.version })
        | sort_by(.name)[]
      '
+ exitcode=0
+ set -e
+ [[ 0 != \0 ]]
++ jq -sr 'map(select(.name == "tailwindcss")) | first | .version'
+ tailwind_package_version=3.4.1
+ tailwind_config_exporter=tailwind.config.exporter2.cjs
+ '[' -f node_modules/tailwindcss/lib/lib/load-config.js ']'
+ tailwind_config_exporter=tailwind.config.exporter3.mjs
+ cp /twcr/worker/../worker/tailwind.config.exporter3.mjs ./
+ set +e
+ node ./tailwind.config.exporter3.mjs tailwind.config.js
+ exitcode=0
+ set -e
+ [[ 0 != \0 ]]
+ echo 'module.exports={plugins:['
+ jq -rs '
        map(select(.name | startswith("@tailwindcss/")))
        | map("require(" + ( .name | tojson ) + "),")[]
      '
+ grep -Ev '"@tailwindcss/postcss7-compat"'
+ true
+ echo ']}'
+ cat tailwind.config.js
+ sed 's/^/>>> /'
>>> module.exports={plugins:[
>>> ]}
+ node ./tailwind.config.exporter3.mjs tailwind.config.js
++ date -u +%Y-%m-%dT%H:%M:%SZ
+ writetaskstat timestamp_attempt_squash_end 2024-03-04T09:01:56Z
+ jq -nc --arg key timestamp_attempt_squash_end --arg value 2024-03-04T09:01:56Z '{ key: $key, value: $value }'
+ break
++ date -u +%Y-%m-%dT%H:%M:%SZ
+ writetaskstat timestamp_end 2024-03-04T09:01:56Z
+ jq -nc --arg key timestamp_end --arg value 2024-03-04T09:01:56Z '{ key: $key, value: $value }'
+ rm /twcr/mnt/results/extract-failed
+ touch /twcr/mnt/results/extract-completed
