==== RUN-DOCKER
+++ dirname -- ./worker/run.sh
++ cd -- ./worker
++ pwd
+ twcrdir=/twcr/worker/..
+ repo=github.com/abehidek/sandbox
+ reporef=main
+ repopath=./rocketseat/lab-ds
+ '[' true == true ']'
+ grep -q '^././'
++ echo github.com/abehidek/sandbox
++ sha256sum
++ awk '{ print $1 }'
++ cut -c1-12
+ procdir=/tmp/twcr-7efe06fd212c
++ echo 'github.com/abehidek/sandbox;main;./rocketseat/lab-ds'
++ sha256sum
++ awk '{ print $1 }'
++ cut -c1-12
+ datadir=/twcr/worker/../mnt/dataset/data/4f95edc0404d
+ '[' '!' -z /twcr/mnt/results ']'
+ datadir=/twcr/mnt/results
+ touch /twcr/mnt/results/extract-failed
++ base64
++ tr -d =
++ tr /+ _-
++ base64
++ tr -d =
++ tr /+ _-
+ writetaskstat analysis_key github.com/abehidek/sandbox/bWFpbgo/Li9yb2NrZXRzZWF0L2xhYi1kcwo
+ jq -nc --arg key analysis_key --arg value github.com/abehidek/sandbox/bWFpbgo/Li9yb2NrZXRzZWF0L2xhYi1kcwo '{ key: $key, value: $value }'
++ date -u +%Y%m%d%H%M%S
++ sha256sum
++ awk '{ print $1 }'
++ cut -c1-16
++ head -c 32 /dev/urandom
+ writetaskstat analysis_nonce 129d76964edb4b1f
+ jq -nc --arg key analysis_nonce --arg value 129d76964edb4b1f '{ key: $key, value: $value }'
+ writetaskstat input_repo_name github.com/abehidek/sandbox
+ jq -nc --arg key input_repo_name --arg value github.com/abehidek/sandbox '{ key: $key, value: $value }'
+ writetaskstat input_repo_ref main
+ jq -nc --arg key input_repo_ref --arg value main '{ key: $key, value: $value }'
+ writetaskstat input_repo_path ./rocketseat/lab-ds
+ jq -nc --arg key input_repo_path --arg value ./rocketseat/lab-ds '{ key: $key, value: $value }'
++ date -u +%Y-%m-%dT%H:%M:%SZ
+ writetaskstat timestamp_begin 2024-03-05T06:54:51Z
+ jq -nc --arg key timestamp_begin --arg value 2024-03-05T06:54:51Z '{ key: $key, value: $value }'
+ mkdir -p /tmp/twcr-7efe06fd212c
+ pushd /tmp/twcr-7efe06fd212c
+ '[' -d .git ']'
+ git clone --depth=1 -b main https://github.com/abehidek/sandbox.git .
/tmp/twcr-7efe06fd212c /twcr
Cloning into '.'...
++ date -u +%Y-%m-%dT%H:%M:%SZ
+ writetaskstat timestamp_git_clone_complete 2024-03-05T06:54:56Z
+ jq -nc --arg key timestamp_git_clone_complete --arg value 2024-03-05T06:54:56Z '{ key: $key, value: $value }'
++ git rev-parse HEAD
+ writetaskstat exec_repo_commit_sha 2194953e9a4f4bb213ae2a8f53ab3bb8cf98ba79
+ jq -nc --arg key exec_repo_commit_sha --arg value 2194953e9a4f4bb213ae2a8f53ab3bb8cf98ba79 '{ key: $key, value: $value }'
+++ git show --no-patch --format=%ci
++ date -u --date '2023-12-11 22:28:52 -0300' +%Y-%m-%dT%H:%M:%SZ
+ writetaskstat exec_repo_commit_date 2023-12-12T01:28:52Z
+ jq -nc --arg key exec_repo_commit_date --arg value 2023-12-12T01:28:52Z '{ key: $key, value: $value }'
/tmp/twcr-7efe06fd212c/rocketseat/lab-ds /tmp/twcr-7efe06fd212c /twcr
+ '[' -z ./rocketseat/lab-ds ']'
+ pushd ./rocketseat/lab-ds
+ tailwind_config_file_name=
+ '[' -f tailwind.config.js ']'
+ '[' -f tailwind.config.cjs ']'
+ tailwind_config_file_name=tailwind.config.cjs
+ writetaskstat exec_tailwind_config_file tailwind.config.cjs
+ jq -nc --arg key exec_tailwind_config_file --arg value tailwind.config.cjs '{ key: $key, value: $value }'
+ cp tailwind.config.cjs /twcr/mnt/results/extract-raw-tailwind-config.js
+ '[' '!' -f package.json ']'
+ cp package.json /twcr/mnt/results/extract-raw-package.json
++ /twcr/worker/../worker/pm-detect.sh /tmp/twcr-7efe06fd212c/rocketseat/lab-ds
+ package_manager_name=yarn
+ '[' -z yarn ']'
+ '[' -z yarn ']'
+ writetaskstat exec_node_package_manager yarn
+ jq -nc --arg key exec_node_package_manager --arg value yarn '{ key: $key, value: $value }'
+ attempt_mode=squash
+ true
++ date -u +%Y-%m-%dT%H:%M:%SZ
+ writetaskstat timestamp_attempt_squash_begin 2024-03-05T06:54:56Z
+ jq -nc --arg key timestamp_attempt_squash_begin --arg value 2024-03-05T06:54:56Z '{ key: $key, value: $value }'
+ [[ squash == \s\q\u\a\s\h ]]
+ set +e
+ node /twcr/worker/../worker/squash-package.mjs tailwind.config.cjs
+ exitcode=0
+ set -e
+ [[ 0 != \0 ]]
+ cat package.json
+ sed 's/^/>>> /'
>>> {
>>>   "name": "lab-ds",
>>>   "private": true,
>>>   "version": "0.0.0",
>>>   "type": "module",
>>>   "dependencies": {},
>>>   "devDependencies": {
>>>     "tailwindcss": "^3.2.1"
>>>   },
>>>   "msw": {
>>>     "workerDirectory": "public"
>>>   }
>>> }+ rm -f package-lock.json pnpm-lock.yaml yarn.lock
+ '[' ./rocketseat/lab-ds '!=' ./ ']'
+ rm -f /tmp/twcr-7efe06fd212c/package.json /tmp/twcr-7efe06fd212c/package-lock.json /tmp/twcr-7efe06fd212c/pnpm-lock.yaml /tmp/twcr-7efe06fd212c/yarn.lock
+ set +e
+ /twcr/worker/../worker/pm-install.sh yarn /tmp/twcr-7efe06fd212c /twcr/mnt/results
+ package_manager_name=yarn
+ procdir=/tmp/twcr-7efe06fd212c
+ datadir=/twcr/mnt/results
+ case "${package_manager_name}" in
+ '[' -z http://tid_1d5867e87fb0:ok@172.18.0.2:3128 ']'
+ yarn config set httpProxy http://tid_1d5867e87fb0:ok@172.18.0.2:3128
yarn config v1.22.19
success Set "httpProxy" to "http://tid_1d5867e87fb0:ok@172.18.0.2:3128".
Done in 0.03s.
+ '[' -z http://tid_1d5867e87fb0:ok@172.18.0.2:3128 ']'
+ yarn config set httpsProxy http://tid_1d5867e87fb0:ok@172.18.0.2:3128
yarn config v1.22.19
success Set "httpsProxy" to "http://tid_1d5867e87fb0:ok@172.18.0.2:3128".
Done in 0.03s.
+ yarn install
yarn install v1.22.19
info No lockfile found.
[1/4] Resolving packages...
(node:132) [DEP0040] DeprecationWarning: The `punycode` module is deprecated. Please use a userland alternative instead.
(Use `node --trace-deprecation ...` to show where the warning was created)
[2/4] Fetching packages...
[3/4] Linking dependencies...
[4/4] Building fresh packages...
success Saved lockfile.
Done in 6.15s.
+ yarn list --depth=0 --json --non-interactive --no-progress
+ jq -cr '
        [.. | .name?]
        | map(select(.))
        | map(capture("^(?<name>@?[^@]+)@(?<version>.+)$"))
        | sort_by(.name)[]'
+ exitcode=0
+ set -e
+ [[ 0 != \0 ]]
++ jq -sr 'map(select(.name == "tailwindcss")) | first | .version'
+ tailwind_package_version=3.4.1
+ tailwind_config_exporter=tailwind.config.exporter2.cjs
+ '[' -f node_modules/tailwindcss/lib/lib/load-config.js ']'
+ tailwind_config_exporter=tailwind.config.exporter3.mjs
+ cp /twcr/worker/../worker/tailwind.config.exporter3.mjs ./
+ set +e
+ node ./tailwind.config.exporter3.mjs tailwind.config.cjs
+ exitcode=0
+ set -e
+ [[ 0 != \0 ]]
+ echo 'module.exports={plugins:['
+ jq -rs '
        map(select(.name | startswith("@tailwindcss/")))
        | map("require(" + ( .name | tojson ) + "),")[]
      '
+ grep -Ev '"@tailwindcss/postcss7-compat"'
+ true
+ echo ']}'
+ cat tailwind.config.cjs
+ sed 's/^/>>> /'
>>> module.exports={plugins:[
>>> ]}
+ node ./tailwind.config.exporter3.mjs tailwind.config.cjs
++ date -u +%Y-%m-%dT%H:%M:%SZ
+ writetaskstat timestamp_attempt_squash_end 2024-03-05T06:55:03Z
+ jq -nc --arg key timestamp_attempt_squash_end --arg value 2024-03-05T06:55:03Z '{ key: $key, value: $value }'
+ break
++ date -u +%Y-%m-%dT%H:%M:%SZ
+ writetaskstat timestamp_end 2024-03-05T06:55:03Z
+ jq -nc --arg key timestamp_end --arg value 2024-03-05T06:55:03Z '{ key: $key, value: $value }'
+ rm /twcr/mnt/results/extract-failed
+ touch /twcr/mnt/results/extract-completed
