==== RUN-DOCKER
+++ dirname -- ./worker/run.sh
++ cd -- ./worker
++ pwd
+ twcrdir=/twcr/worker/..
+ repo=github.com/daflh/vredeburg
+ reporef=master
+ repopath=./
+ '[' true == true ']'
+ grep -q '^././'
++ echo github.com/daflh/vredeburg
++ sha256sum
++ awk '{ print $1 }'
++ cut -c1-12
+ procdir=/tmp/twcr-f009726dc78f
++ echo 'github.com/daflh/vredeburg;master;./'
++ sha256sum
++ awk '{ print $1 }'
++ cut -c1-12
+ datadir=/twcr/worker/../mnt/dataset/data/218fcb0b1256
+ '[' '!' -z /twcr/mnt/results ']'
+ datadir=/twcr/mnt/results
+ touch /twcr/mnt/results/extract-failed
++ base64
++ tr -d =
++ tr /+ _-
++ base64
++ tr -d =
++ tr /+ _-
+ writetaskstat analysis_key github.com/daflh/vredeburg/bWFzdGVyCg/Li8K
+ jq -nc --arg key analysis_key --arg value github.com/daflh/vredeburg/bWFzdGVyCg/Li8K '{ key: $key, value: $value }'
++ date -u +%Y%m%d%H%M%S
++ sha256sum
++ awk '{ print $1 }'
++ cut -c1-16
++ head -c 32 /dev/urandom
+ writetaskstat analysis_nonce 515b3aad16b05235
+ jq -nc --arg key analysis_nonce --arg value 515b3aad16b05235 '{ key: $key, value: $value }'
+ writetaskstat input_repo_name github.com/daflh/vredeburg
+ jq -nc --arg key input_repo_name --arg value github.com/daflh/vredeburg '{ key: $key, value: $value }'
+ writetaskstat input_repo_ref master
+ jq -nc --arg key input_repo_ref --arg value master '{ key: $key, value: $value }'
+ writetaskstat input_repo_path ./
+ jq -nc --arg key input_repo_path --arg value ./ '{ key: $key, value: $value }'
++ date -u +%Y-%m-%dT%H:%M:%SZ
+ writetaskstat timestamp_begin 2024-03-04T06:35:07Z
+ jq -nc --arg key timestamp_begin --arg value 2024-03-04T06:35:07Z '{ key: $key, value: $value }'
+ mkdir -p /tmp/twcr-f009726dc78f
/tmp/twcr-f009726dc78f /twcr
+ pushd /tmp/twcr-f009726dc78f
+ '[' -d .git ']'
+ git clone --depth=1 -b master https://github.com/daflh/vredeburg.git .
Cloning into '.'...
++ date -u +%Y-%m-%dT%H:%M:%SZ
+ writetaskstat timestamp_git_clone_complete 2024-03-04T06:35:08Z
+ jq -nc --arg key timestamp_git_clone_complete --arg value 2024-03-04T06:35:08Z '{ key: $key, value: $value }'
++ git rev-parse HEAD
+ writetaskstat exec_repo_commit_sha a4342b73dabcd0729ec8cc807ea65d54da5e8e1e
+ jq -nc --arg key exec_repo_commit_sha --arg value a4342b73dabcd0729ec8cc807ea65d54da5e8e1e '{ key: $key, value: $value }'
+++ git show --no-patch --format=%ci
++ date -u --date '2023-02-09 17:16:16 +0700' +%Y-%m-%dT%H:%M:%SZ
+ writetaskstat exec_repo_commit_date 2023-02-09T10:16:16Z
+ jq -nc --arg key exec_repo_commit_date --arg value 2023-02-09T10:16:16Z '{ key: $key, value: $value }'
+ '[' -z ./ ']'
+ pushd ./
+ tailwind_config_file_name=
+ '[' -f tailwind.config.js ']'
+ tailwind_config_file_name=tailwind.config.js
+ writetaskstat exec_tailwind_config_file tailwind.config.js
+ jq -nc --arg key exec_tailwind_config_file --arg value tailwind.config.js '{ key: $key, value: $value }'
/tmp/twcr-f009726dc78f /tmp/twcr-f009726dc78f /twcr
+ cp tailwind.config.js /twcr/mnt/results/extract-raw-tailwind-config.js
+ '[' '!' -f package.json ']'
+ cp package.json /twcr/mnt/results/extract-raw-package.json
++ /twcr/worker/../worker/pm-detect.sh /tmp/twcr-f009726dc78f
+ package_manager_name=
+ '[' -z '' ']'
+ '[' ./ '!=' ./ ']'
+ '[' -z '' ']'
+ package_manager_name=npm
+ writetaskstat exec_node_package_manager npm
+ jq -nc --arg key exec_node_package_manager --arg value npm '{ key: $key, value: $value }'
+ attempt_mode=squash
+ true
++ date -u +%Y-%m-%dT%H:%M:%SZ
+ writetaskstat timestamp_attempt_squash_begin 2024-03-04T06:35:08Z
+ jq -nc --arg key timestamp_attempt_squash_begin --arg value 2024-03-04T06:35:08Z '{ key: $key, value: $value }'
+ [[ squash == \s\q\u\a\s\h ]]
+ set +e
+ node /twcr/worker/../worker/squash-package.mjs tailwind.config.js
+ exitcode=0
+ set -e
+ [[ 0 != \0 ]]
+ cat package.json
+ sed 's/^/>>> /'
>>> {
>>>   "name": "vredeburg",
>>>   "version": "2.0.0",
>>>   "description": "A simple starter project to create a blog using Eleventy and Tailwind CSS",
>>>   "repository": {
>>>     "type": "git",
>>>     "url": "git+https://github.com/daflh/vredeburg.git"
>>>   },
>>>   "author": "Dafiul Haq",
>>>   "license": "MIT",
>>>   "bugs": {
>>>     "url": "https://github.com/daflh/vredeburg/issues"
>>>   },
>>>   "homepage": "https://github.com/daflh/vredeburg#readme",
>>>   "devDependencies": {
>>>     "@tailwindcss/typography": "^0.5.9",
>>>     "tailwindcss": "^3.2.4"
>>>   }
>>> }+ rm -f package-lock.json pnpm-lock.yaml yarn.lock
+ '[' ./ '!=' ./ ']'
+ set +e
+ /twcr/worker/../worker/pm-install.sh npm /tmp/twcr-f009726dc78f /twcr/mnt/results
+ package_manager_name=npm
+ procdir=/tmp/twcr-f009726dc78f
+ datadir=/twcr/mnt/results
+ case "${package_manager_name}" in
++ '[' -f package-lock.json ']'
++ echo install
+ npm install --ignore-engines

added 118 packages, and audited 119 packages in 4s

28 packages are looking for funding
  run `npm fund` for details

found 0 vulnerabilities
npm notice 
npm notice New minor version of npm available! 10.2.4 -> 10.5.0
npm notice Changelog: <https://github.com/npm/cli/releases/tag/v10.5.0>
npm notice Run `npm install -g npm@10.5.0` to update!
npm notice 
+ npm query '*'
+ jq -cr '
        map({ name: .name, version: .version })
        | map(select(.name))
        | sort_by(.name)[]
      '
+ exitcode=0
+ set -e
+ [[ 0 != \0 ]]
++ jq -sr 'map(select(.name == "tailwindcss")) | first | .version'
+ tailwind_package_version=3.4.1
+ tailwind_config_exporter=tailwind.config.exporter2.cjs
+ '[' -f node_modules/tailwindcss/lib/lib/load-config.js ']'
+ tailwind_config_exporter=tailwind.config.exporter3.mjs
+ cp /twcr/worker/../worker/tailwind.config.exporter3.mjs ./
+ set +e
+ node ./tailwind.config.exporter3.mjs tailwind.config.js
+ exitcode=0
+ set -e
+ [[ 0 != \0 ]]
+ echo 'module.exports={plugins:['
+ jq -rs '
        map(select(.name | startswith("@tailwindcss/")))
        | map("require(" + ( .name | tojson ) + "),")[]
      '
+ grep -Ev '"@tailwindcss/postcss7-compat"'
+ echo ']}'
+ cat tailwind.config.js
+ sed 's/^/>>> /'
>>> module.exports={plugins:[
>>> require("@tailwindcss/typography"),
>>> ]}
+ node ./tailwind.config.exporter3.mjs tailwind.config.js
++ date -u +%Y-%m-%dT%H:%M:%SZ
+ writetaskstat timestamp_attempt_squash_end 2024-03-04T06:35:14Z
+ jq -nc --arg key timestamp_attempt_squash_end --arg value 2024-03-04T06:35:14Z '{ key: $key, value: $value }'
+ break
++ date -u +%Y-%m-%dT%H:%M:%SZ
+ writetaskstat timestamp_end 2024-03-04T06:35:14Z
+ jq -nc --arg key timestamp_end --arg value 2024-03-04T06:35:14Z '{ key: $key, value: $value }'
+ rm /twcr/mnt/results/extract-failed
+ touch /twcr/mnt/results/extract-completed
