==== RUN-DOCKER
+++ dirname -- ./worker/run.sh
++ cd -- ./worker
++ pwd
+ twcrdir=/twcr/worker/..
+ repo=github.com/mdbootstrap/TW-Elements
+ reporef=master
+ repopath=./
+ '[' true == true ']'
+ grep -q '^././'
++ echo github.com/mdbootstrap/TW-Elements
++ sha256sum
++ awk '{ print $1 }'
++ cut -c1-12
+ procdir=/tmp/twcr-04ec42410fac
++ echo 'github.com/mdbootstrap/TW-Elements;master;./'
++ sha256sum
++ awk '{ print $1 }'
++ cut -c1-12
+ datadir=/twcr/worker/../mnt/dataset/data/7a6b801d8f04
+ '[' '!' -z /twcr/mnt/results ']'
+ datadir=/twcr/mnt/results
+ touch /twcr/mnt/results/extract-failed
++ base64
++ tr -d =
++ tr /+ _-
++ base64
++ tr -d =
++ tr /+ _-
+ writetaskstat analysis_key github.com/mdbootstrap/TW-Elements/bWFzdGVyCg/Li8K
+ jq -nc --arg key analysis_key --arg value github.com/mdbootstrap/TW-Elements/bWFzdGVyCg/Li8K '{ key: $key, value: $value }'
++ date -u +%Y%m%d%H%M%S
++ sha256sum
++ awk '{ print $1 }'
++ cut -c1-16
++ head -c 32 /dev/urandom
+ writetaskstat analysis_nonce 85a59643c7c5fce7
+ jq -nc --arg key analysis_nonce --arg value 85a59643c7c5fce7 '{ key: $key, value: $value }'
+ writetaskstat input_repo_name github.com/mdbootstrap/TW-Elements
+ jq -nc --arg key input_repo_name --arg value github.com/mdbootstrap/TW-Elements '{ key: $key, value: $value }'
+ writetaskstat input_repo_ref master
+ jq -nc --arg key input_repo_ref --arg value master '{ key: $key, value: $value }'
+ writetaskstat input_repo_path ./
+ jq -nc --arg key input_repo_path --arg value ./ '{ key: $key, value: $value }'
++ date -u +%Y-%m-%dT%H:%M:%SZ
+ writetaskstat timestamp_begin 2024-03-04T00:55:50Z
+ jq -nc --arg key timestamp_begin --arg value 2024-03-04T00:55:50Z '{ key: $key, value: $value }'
+ mkdir -p /tmp/twcr-04ec42410fac
+ pushd /tmp/twcr-04ec42410fac
+ '[' -d .git ']'
+ git clone --depth=1 -b master https://github.com/mdbootstrap/TW-Elements.git .
/tmp/twcr-04ec42410fac /twcr
Cloning into '.'...
++ date -u +%Y-%m-%dT%H:%M:%SZ
+ writetaskstat timestamp_git_clone_complete 2024-03-04T00:55:54Z
+ jq -nc --arg key timestamp_git_clone_complete --arg value 2024-03-04T00:55:54Z '{ key: $key, value: $value }'
++ git rev-parse HEAD
+ writetaskstat exec_repo_commit_sha dda3cf016223ce5d29434f1881b753a973110460
+ jq -nc --arg key exec_repo_commit_sha --arg value dda3cf016223ce5d29434f1881b753a973110460 '{ key: $key, value: $value }'
+++ git show --no-patch --format=%ci
++ date -u --date '2023-12-28 17:46:32 +0100' +%Y-%m-%dT%H:%M:%SZ
+ writetaskstat exec_repo_commit_date 2023-12-28T16:46:32Z
+ jq -nc --arg key exec_repo_commit_date --arg value 2023-12-28T16:46:32Z '{ key: $key, value: $value }'
/tmp/twcr-04ec42410fac /tmp/twcr-04ec42410fac /twcr
+ '[' -z ./ ']'
+ pushd ./
+ tailwind_config_file_name=
+ '[' -f tailwind.config.js ']'
+ '[' -f tailwind.config.cjs ']'
+ tailwind_config_file_name=tailwind.config.cjs
+ writetaskstat exec_tailwind_config_file tailwind.config.cjs
+ jq -nc --arg key exec_tailwind_config_file --arg value tailwind.config.cjs '{ key: $key, value: $value }'
+ cp tailwind.config.cjs /twcr/mnt/results/extract-raw-tailwind-config.js
+ '[' '!' -f package.json ']'
+ cp package.json /twcr/mnt/results/extract-raw-package.json
++ /twcr/worker/../worker/pm-detect.sh /tmp/twcr-04ec42410fac
+ package_manager_name=
+ '[' -z '' ']'
+ '[' ./ '!=' ./ ']'
+ '[' -z '' ']'
+ package_manager_name=npm
+ writetaskstat exec_node_package_manager npm
+ jq -nc --arg key exec_node_package_manager --arg value npm '{ key: $key, value: $value }'
+ attempt_mode=squash
+ true
++ date -u +%Y-%m-%dT%H:%M:%SZ
+ writetaskstat timestamp_attempt_squash_begin 2024-03-04T00:55:54Z
+ jq -nc --arg key timestamp_attempt_squash_begin --arg value 2024-03-04T00:55:54Z '{ key: $key, value: $value }'
+ [[ squash == \s\q\u\a\s\h ]]
+ set +e
+ node /twcr/worker/../worker/squash-package.mjs tailwind.config.cjs
+ exitcode=0
+ set -e
+ [[ 0 != \0 ]]
+ cat package.json
+ sed 's/^/>>> /'
>>> {
>>>   "name": "tw-elements",
>>>   "version": "1.1.0",
>>>   "type": "module",
>>>   "license": "AGPL",
>>>   "homepage": "https://tailwind-elements.com/",
>>>   "author": "MDBootstrap <office@mdbootstrap.com>",
>>>   "style": "./dist/css/index.min.css",
>>>   "sass": "./src/scss/tailwind.scss",
>>>   "main": "./dist/js/tw-elements.umd.min.js",
>>>   "module": "./dist/js/tw-elements.es.min.js",
>>>   "types": "./types/tw-elements.d.ts",
>>>   "files": [
>>>     "dist/**/*",
>>>     "types/**/*"
>>>   ],
>>>   "husky": {
>>>     "hooks": {
>>>       "pre-commit": "lint-staged && pretty-quick --staged && jest test/ --collectCoverageFrom=src/js/**/*.js"
>>>     }
>>>   },
>>>   "lint-staged": {
>>>     "src/**/*.js": [
>>>       "eslint --fix"
>>>     ]
>>>   },
>>>   "repository": {
>>>     "type": "git",
>>>     "url": "https://github.com/mdbootstrap/Tailwind-Elements"
>>>   },
>>>   "keywords": [
>>>     "tailwind",
>>>     "material design"
>>>   ],
>>>   "devDependencies": {},
>>>   "dependencies": {
>>>     "tailwindcss": "3.3.0"
>>>   }
>>> }+ rm -f package-lock.json pnpm-lock.yaml yarn.lock
+ '[' ./ '!=' ./ ']'
+ set +e
+ /twcr/worker/../worker/pm-install.sh npm /tmp/twcr-04ec42410fac /twcr/mnt/results
+ package_manager_name=npm
+ procdir=/tmp/twcr-04ec42410fac
+ datadir=/twcr/mnt/results
+ case "${package_manager_name}" in
++ '[' -f package-lock.json ']'
++ echo install
+ npm install --ignore-engines

added 111 packages, and audited 112 packages in 4s

27 packages are looking for funding
  run `npm fund` for details

found 0 vulnerabilities
npm notice 
npm notice New minor version of npm available! 10.2.4 -> 10.5.0
npm notice Changelog: <https://github.com/npm/cli/releases/tag/v10.5.0>
npm notice Run `npm install -g npm@10.5.0` to update!
npm notice 
+ npm query '*'
+ jq -cr '
        map({ name: .name, version: .version })
        | map(select(.name))
        | sort_by(.name)[]
      '
+ exitcode=0
+ set -e
+ [[ 0 != \0 ]]
++ jq -sr 'map(select(.name == "tailwindcss")) | first | .version'
+ tailwind_package_version=3.3.0
+ tailwind_config_exporter=tailwind.config.exporter2.cjs
+ '[' -f node_modules/tailwindcss/lib/lib/load-config.js ']'
+ tailwind_config_exporter=tailwind.config.exporter3.mjs
+ cp /twcr/worker/../worker/tailwind.config.exporter3.mjs ./
+ set +e
+ node ./tailwind.config.exporter3.mjs tailwind.config.cjs
+ exitcode=0
+ set -e
+ [[ 0 != \0 ]]
+ echo 'module.exports={plugins:['
+ jq -rs '
        map(select(.name | startswith("@tailwindcss/")))
        | map("require(" + ( .name | tojson ) + "),")[]
      '
+ grep -Ev '"@tailwindcss/postcss7-compat"'
+ true
+ echo ']}'
+ cat tailwind.config.cjs
+ sed 's/^/>>> /'
>>> module.exports={plugins:[
>>> ]}
+ node ./tailwind.config.exporter3.mjs tailwind.config.cjs
++ date -u +%Y-%m-%dT%H:%M:%SZ
+ writetaskstat timestamp_attempt_squash_end 2024-03-04T00:55:59Z
+ jq -nc --arg key timestamp_attempt_squash_end --arg value 2024-03-04T00:55:59Z '{ key: $key, value: $value }'
+ break
++ date -u +%Y-%m-%dT%H:%M:%SZ
+ writetaskstat timestamp_end 2024-03-04T00:55:59Z
+ jq -nc --arg key timestamp_end --arg value 2024-03-04T00:55:59Z '{ key: $key, value: $value }'
+ rm /twcr/mnt/results/extract-failed
+ touch /twcr/mnt/results/extract-completed
