==== RUN-DOCKER
+++ dirname -- ./worker/run.sh
++ cd -- ./worker
++ pwd
+ twcrdir=/twcr/worker/..
+ repo=github.com/nodejs/nodejs.org
+ reporef=main
+ repopath=./
+ '[' true == true ']'
+ grep -q '^././'
++ echo github.com/nodejs/nodejs.org
++ sha256sum
++ awk '{ print $1 }'
++ cut -c1-12
+ procdir=/tmp/twcr-61fcaddc5b4b
++ echo 'github.com/nodejs/nodejs.org;main;./'
++ sha256sum
++ awk '{ print $1 }'
++ cut -c1-12
+ datadir=/twcr/worker/../mnt/dataset/data/e4516b7c53a5
+ '[' '!' -z /twcr/mnt/results ']'
+ datadir=/twcr/mnt/results
+ touch /twcr/mnt/results/extract-failed
++ base64
++ tr -d =
++ tr /+ _-
++ base64
++ tr -d =
++ tr /+ _-
+ writetaskstat analysis_key github.com/nodejs/nodejs.org/bWFpbgo/Li8K
+ jq -nc --arg key analysis_key --arg value github.com/nodejs/nodejs.org/bWFpbgo/Li8K '{ key: $key, value: $value }'
++ date -u +%Y%m%d%H%M%S
++ sha256sum
++ awk '{ print $1 }'
++ cut -c1-16
++ head -c 32 /dev/urandom
+ writetaskstat analysis_nonce a34f70c249fc8220
+ jq -nc --arg key analysis_nonce --arg value a34f70c249fc8220 '{ key: $key, value: $value }'
+ writetaskstat input_repo_name github.com/nodejs/nodejs.org
+ jq -nc --arg key input_repo_name --arg value github.com/nodejs/nodejs.org '{ key: $key, value: $value }'
+ writetaskstat input_repo_ref main
+ jq -nc --arg key input_repo_ref --arg value main '{ key: $key, value: $value }'
+ writetaskstat input_repo_path ./
+ jq -nc --arg key input_repo_path --arg value ./ '{ key: $key, value: $value }'
++ date -u +%Y-%m-%dT%H:%M:%SZ
+ writetaskstat timestamp_begin 2024-03-04T02:07:30Z
+ jq -nc --arg key timestamp_begin --arg value 2024-03-04T02:07:30Z '{ key: $key, value: $value }'
+ mkdir -p /tmp/twcr-61fcaddc5b4b
+ pushd /tmp/twcr-61fcaddc5b4b
+ '[' -d .git ']'
+ git clone --depth=1 -b main https://github.com/nodejs/nodejs.org.git .
/tmp/twcr-61fcaddc5b4b /twcr
Cloning into '.'...
++ date -u +%Y-%m-%dT%H:%M:%SZ
+ writetaskstat timestamp_git_clone_complete 2024-03-04T02:07:32Z
+ jq -nc --arg key timestamp_git_clone_complete --arg value 2024-03-04T02:07:32Z '{ key: $key, value: $value }'
++ git rev-parse HEAD
+ writetaskstat exec_repo_commit_sha 193256398b352ac709dfa2c7afdab8e27367c357
+ jq -nc --arg key exec_repo_commit_sha --arg value 193256398b352ac709dfa2c7afdab8e27367c357 '{ key: $key, value: $value }'
+++ git show --no-patch --format=%ci
++ date -u --date '2024-03-03 19:36:51 +0000' +%Y-%m-%dT%H:%M:%SZ
+ writetaskstat exec_repo_commit_date 2024-03-03T19:36:51Z
+ jq -nc --arg key exec_repo_commit_date --arg value 2024-03-03T19:36:51Z '{ key: $key, value: $value }'
+ '[' -z ./ ']'
+ pushd ./
+ tailwind_config_file_name=
+ '[' -f tailwind.config.js ']'
+ '[' -f tailwind.config.cjs ']'
+ '[' -f tailwind.config.mjs ']'
+ '[' -f tailwind.config.ts ']'
+ tailwind_config_file_name=tailwind.config.ts
+ writetaskstat exec_tailwind_config_file tailwind.config.ts
+ jq -nc --arg key exec_tailwind_config_file --arg value tailwind.config.ts '{ key: $key, value: $value }'
/tmp/twcr-61fcaddc5b4b /tmp/twcr-61fcaddc5b4b /twcr
+ cp tailwind.config.ts /twcr/mnt/results/extract-raw-tailwind-config.js
+ '[' '!' -f package.json ']'
+ cp package.json /twcr/mnt/results/extract-raw-package.json
++ /twcr/worker/../worker/pm-detect.sh /tmp/twcr-61fcaddc5b4b
+ package_manager_name=
+ '[' -z '' ']'
+ '[' ./ '!=' ./ ']'
+ '[' -z '' ']'
+ package_manager_name=npm
+ writetaskstat exec_node_package_manager npm
+ jq -nc --arg key exec_node_package_manager --arg value npm '{ key: $key, value: $value }'
+ attempt_mode=squash
+ true
++ date -u +%Y-%m-%dT%H:%M:%SZ
+ writetaskstat timestamp_attempt_squash_begin 2024-03-04T02:07:33Z
+ jq -nc --arg key timestamp_attempt_squash_begin --arg value 2024-03-04T02:07:33Z '{ key: $key, value: $value }'
+ [[ squash == \s\q\u\a\s\h ]]
+ set +e
+ node /twcr/worker/../worker/squash-package.mjs tailwind.config.ts
+ exitcode=0
+ set -e
+ [[ 0 != \0 ]]
+ cat package.json
+ sed 's/^/>>> /'
>>> {
>>>   "type": "module",
>>>   "private": true,
>>>   "description": "Nodejs.org Website",
>>>   "homepage": "https://nodejs.org",
>>>   "repository": {
>>>     "type": "git",
>>>     "url": "git+https://github.com/nodejs/nodejs.org.git"
>>>   },
>>>   "author": {
>>>     "name": "Node.js Website Working Group"
>>>   },
>>>   "license": "MIT",
>>>   "engines": {
>>>     "node": "v20"
>>>   },
>>>   "dependencies": {
>>>     "@savvywombat/tailwindcss-grid-areas": "~4.0.0",
>>>     "@tailwindcss/container-queries": "~0.1.1",
>>>     "tailwindcss": "^3.4.0"
>>>   },
>>>   "devDependencies": {}
>>> }+ rm -f package-lock.json pnpm-lock.yaml yarn.lock
+ '[' ./ '!=' ./ ']'
+ set +e
+ /twcr/worker/../worker/pm-install.sh npm /tmp/twcr-61fcaddc5b4b /twcr/mnt/results
+ package_manager_name=npm
+ procdir=/tmp/twcr-61fcaddc5b4b
+ datadir=/twcr/mnt/results
+ case "${package_manager_name}" in
++ '[' -f package-lock.json ']'
++ echo install
+ npm install --ignore-engines
npm WARN EBADENGINE Unsupported engine {
npm WARN EBADENGINE   package: undefined,
npm WARN EBADENGINE   required: { node: 'v20' },
npm WARN EBADENGINE   current: { node: 'v21.6.2', npm: '10.2.4' }
npm WARN EBADENGINE }

added 114 packages, and audited 115 packages in 9s

28 packages are looking for funding
  run `npm fund` for details

found 0 vulnerabilities
npm notice 
npm notice New minor version of npm available! 10.2.4 -> 10.5.0
npm notice Changelog: <https://github.com/npm/cli/releases/tag/v10.5.0>
npm notice Run `npm install -g npm@10.5.0` to update!
npm notice 
+ npm query '*'
+ jq -cr '
        map({ name: .name, version: .version })
        | map(select(.name))
        | sort_by(.name)[]
      '
+ exitcode=0
+ set -e
+ [[ 0 != \0 ]]
++ jq -sr 'map(select(.name == "tailwindcss")) | first | .version'
+ tailwind_package_version=3.4.1
+ tailwind_config_exporter=tailwind.config.exporter2.cjs
+ '[' -f node_modules/tailwindcss/lib/lib/load-config.js ']'
+ tailwind_config_exporter=tailwind.config.exporter3.mjs
+ cp /twcr/worker/../worker/tailwind.config.exporter3.mjs ./
+ set +e
+ node ./tailwind.config.exporter3.mjs tailwind.config.ts
+ exitcode=0
+ set -e
+ [[ 0 != \0 ]]
+ echo 'module.exports={plugins:['
+ jq -rs '
        map(select(.name | startswith("@tailwindcss/")))
        | map("require(" + ( .name | tojson ) + "),")[]
      '
+ grep -Ev '"@tailwindcss/postcss7-compat"'
+ echo ']}'
+ cat tailwind.config.ts
+ sed 's/^/>>> /'
>>> module.exports={plugins:[
>>> require("@tailwindcss/container-queries"),
>>> ]}
+ node ./tailwind.config.exporter3.mjs tailwind.config.ts
++ date -u +%Y-%m-%dT%H:%M:%SZ
+ writetaskstat timestamp_attempt_squash_end 2024-03-04T02:07:43Z
+ jq -nc --arg key timestamp_attempt_squash_end --arg value 2024-03-04T02:07:43Z '{ key: $key, value: $value }'
+ break
++ date -u +%Y-%m-%dT%H:%M:%SZ
+ writetaskstat timestamp_end 2024-03-04T02:07:43Z
+ jq -nc --arg key timestamp_end --arg value 2024-03-04T02:07:43Z '{ key: $key, value: $value }'
+ rm /twcr/mnt/results/extract-failed
+ touch /twcr/mnt/results/extract-completed
