==== RUN-DOCKER
+++ dirname -- ./worker/run.sh
++ cd -- ./worker
++ pwd
+ twcrdir=/twcr/worker/..
+ repo=github.com/mhamzashaikh/React-Inventory-Management-System
+ reporef=main
+ repopath=./Frontend
+ '[' true == true ']'
+ grep -q '^././'
++ echo github.com/mhamzashaikh/React-Inventory-Management-System
++ sha256sum
++ awk '{ print $1 }'
++ cut -c1-12
+ procdir=/tmp/twcr-c0267b3cd99a
++ echo 'github.com/mhamzashaikh/React-Inventory-Management-System;main;./Frontend'
++ sha256sum
++ awk '{ print $1 }'
++ cut -c1-12
+ datadir=/twcr/worker/../mnt/dataset/data/969e60dd6de4
+ '[' '!' -z /twcr/mnt/results ']'
+ datadir=/twcr/mnt/results
+ touch /twcr/mnt/results/extract-failed
++ base64
++ tr -d =
++ tr /+ _-
++ base64
++ tr -d =
++ tr /+ _-
+ writetaskstat analysis_key github.com/mhamzashaikh/React-Inventory-Management-System/bWFpbgo/Li9Gcm9udGVuZAo
+ jq -nc --arg key analysis_key --arg value github.com/mhamzashaikh/React-Inventory-Management-System/bWFpbgo/Li9Gcm9udGVuZAo '{ key: $key, value: $value }'
++ date -u +%Y%m%d%H%M%S
++ sha256sum
++ awk '{ print $1 }'
++ cut -c1-16
++ head -c 32 /dev/urandom
+ writetaskstat analysis_nonce 9d9e951f748c3963
+ jq -nc --arg key analysis_nonce --arg value 9d9e951f748c3963 '{ key: $key, value: $value }'
+ writetaskstat input_repo_name github.com/mhamzashaikh/React-Inventory-Management-System
+ jq -nc --arg key input_repo_name --arg value github.com/mhamzashaikh/React-Inventory-Management-System '{ key: $key, value: $value }'
+ writetaskstat input_repo_ref main
+ jq -nc --arg key input_repo_ref --arg value main '{ key: $key, value: $value }'
+ writetaskstat input_repo_path ./Frontend
+ jq -nc --arg key input_repo_path --arg value ./Frontend '{ key: $key, value: $value }'
++ date -u +%Y-%m-%dT%H:%M:%SZ
+ writetaskstat timestamp_begin 2024-03-05T06:17:43Z
+ jq -nc --arg key timestamp_begin --arg value 2024-03-05T06:17:43Z '{ key: $key, value: $value }'
+ mkdir -p /tmp/twcr-c0267b3cd99a
+ pushd /tmp/twcr-c0267b3cd99a
+ '[' -d .git ']'
+ git clone --depth=1 -b main https://github.com/mhamzashaikh/React-Inventory-Management-System.git .
/tmp/twcr-c0267b3cd99a /twcr
Cloning into '.'...
++ date -u +%Y-%m-%dT%H:%M:%SZ
+ writetaskstat timestamp_git_clone_complete 2024-03-05T06:17:45Z
+ jq -nc --arg key timestamp_git_clone_complete --arg value 2024-03-05T06:17:45Z '{ key: $key, value: $value }'
++ git rev-parse HEAD
+ writetaskstat exec_repo_commit_sha 48ce5f80d5437e716d2a31fec010f00547980fbb
+ jq -nc --arg key exec_repo_commit_sha --arg value 48ce5f80d5437e716d2a31fec010f00547980fbb '{ key: $key, value: $value }'
+++ git show --no-patch --format=%ci
++ date -u --date '2023-05-11 19:44:10 +0500' +%Y-%m-%dT%H:%M:%SZ
+ writetaskstat exec_repo_commit_date 2023-05-11T14:44:10Z
+ jq -nc --arg key exec_repo_commit_date --arg value 2023-05-11T14:44:10Z '{ key: $key, value: $value }'
/tmp/twcr-c0267b3cd99a/Frontend /tmp/twcr-c0267b3cd99a /twcr
+ '[' -z ./Frontend ']'
+ pushd ./Frontend
+ tailwind_config_file_name=
+ '[' -f tailwind.config.js ']'
+ tailwind_config_file_name=tailwind.config.js
+ writetaskstat exec_tailwind_config_file tailwind.config.js
+ jq -nc --arg key exec_tailwind_config_file --arg value tailwind.config.js '{ key: $key, value: $value }'
+ cp tailwind.config.js /twcr/mnt/results/extract-raw-tailwind-config.js
+ '[' '!' -f package.json ']'
+ cp package.json /twcr/mnt/results/extract-raw-package.json
++ /twcr/worker/../worker/pm-detect.sh /tmp/twcr-c0267b3cd99a/Frontend
+ package_manager_name=
+ '[' -z '' ']'
+ '[' ./Frontend '!=' ./ ']'
++ /twcr/worker/../worker/pm-detect.sh /tmp/twcr-c0267b3cd99a
grep: /tmp/twcr-c0267b3cd99a/package.json: No such file or directory
grep: /tmp/twcr-c0267b3cd99a/package.json: No such file or directory
grep: /tmp/twcr-c0267b3cd99a/package.json: No such file or directory
/twcr/worker/../worker/pm-detect.sh: line 17: /tmp/twcr-c0267b3cd99a/package.json: No such file or directory
+ package_manager_name=
+ '[' -z '' ']'
+ package_manager_name=npm
+ writetaskstat exec_node_package_manager npm
+ jq -nc --arg key exec_node_package_manager --arg value npm '{ key: $key, value: $value }'
+ attempt_mode=squash
+ true
++ date -u +%Y-%m-%dT%H:%M:%SZ
+ writetaskstat timestamp_attempt_squash_begin 2024-03-05T06:17:45Z
+ jq -nc --arg key timestamp_attempt_squash_begin --arg value 2024-03-05T06:17:45Z '{ key: $key, value: $value }'
+ [[ squash == \s\q\u\a\s\h ]]
+ set +e
+ node /twcr/worker/../worker/squash-package.mjs tailwind.config.js
+ exitcode=0
+ set -e
+ [[ 0 != \0 ]]
+ cat package.json
+ sed 's/^/>>> /'
>>> {
>>>   "name": "inventory-management-app",
>>>   "version": "0.1.0",
>>>   "private": true,
>>>   "dependencies": {
>>>     "@tailwindcss/forms": "^0.5.3"
>>>   },
>>>   "eslintConfig": {
>>>     "extends": [
>>>       "react-app",
>>>       "react-app/jest"
>>>     ]
>>>   },
>>>   "browserslist": {
>>>     "production": [
>>>       ">0.2%",
>>>       "not dead",
>>>       "not op_mini all"
>>>     ],
>>>     "development": [
>>>       "last 1 chrome version",
>>>       "last 1 firefox version",
>>>       "last 1 safari version"
>>>     ]
>>>   },
>>>   "devDependencies": {
>>>     "tailwindcss": "^3.2.7"
>>>   }
>>> }+ rm -f package-lock.json pnpm-lock.yaml yarn.lock
+ '[' ./Frontend '!=' ./ ']'
+ rm -f /tmp/twcr-c0267b3cd99a/package.json /tmp/twcr-c0267b3cd99a/package-lock.json /tmp/twcr-c0267b3cd99a/pnpm-lock.yaml /tmp/twcr-c0267b3cd99a/yarn.lock
+ set +e
+ /twcr/worker/../worker/pm-install.sh npm /tmp/twcr-c0267b3cd99a /twcr/mnt/results
+ package_manager_name=npm
+ procdir=/tmp/twcr-c0267b3cd99a
+ datadir=/twcr/mnt/results
+ case "${package_manager_name}" in
++ '[' -f package-lock.json ']'
++ echo install
+ npm install --ignore-engines

added 114 packages, and audited 115 packages in 3s

28 packages are looking for funding
  run `npm fund` for details

found 0 vulnerabilities
npm notice 
npm notice New minor version of npm available! 10.2.4 -> 10.5.0
npm notice Changelog: <https://github.com/npm/cli/releases/tag/v10.5.0>
npm notice Run `npm install -g npm@10.5.0` to update!
npm notice 
+ npm query '*'
+ jq -cr '
        map({ name: .name, version: .version })
        | map(select(.name))
        | sort_by(.name)[]
      '
+ exitcode=0
+ set -e
+ [[ 0 != \0 ]]
++ jq -sr 'map(select(.name == "tailwindcss")) | first | .version'
+ tailwind_package_version=3.4.1
+ tailwind_config_exporter=tailwind.config.exporter2.cjs
+ '[' -f node_modules/tailwindcss/lib/lib/load-config.js ']'
+ tailwind_config_exporter=tailwind.config.exporter3.mjs
+ cp /twcr/worker/../worker/tailwind.config.exporter3.mjs ./
+ set +e
+ node ./tailwind.config.exporter3.mjs tailwind.config.js
+ exitcode=0
+ set -e
+ [[ 0 != \0 ]]
+ echo 'module.exports={plugins:['
+ jq -rs '
        map(select(.name | startswith("@tailwindcss/")))
        | map("require(" + ( .name | tojson ) + "),")[]
      '
+ grep -Ev '"@tailwindcss/postcss7-compat"'
+ echo ']}'
+ cat tailwind.config.js
+ sed 's/^/>>> /'
>>> module.exports={plugins:[
>>> require("@tailwindcss/forms"),
>>> ]}
+ node ./tailwind.config.exporter3.mjs tailwind.config.js
++ date -u +%Y-%m-%dT%H:%M:%SZ
+ writetaskstat timestamp_attempt_squash_end 2024-03-05T06:17:49Z
+ jq -nc --arg key timestamp_attempt_squash_end --arg value 2024-03-05T06:17:49Z '{ key: $key, value: $value }'
+ break
++ date -u +%Y-%m-%dT%H:%M:%SZ
+ writetaskstat timestamp_end 2024-03-05T06:17:49Z
+ jq -nc --arg key timestamp_end --arg value 2024-03-05T06:17:49Z '{ key: $key, value: $value }'
+ rm /twcr/mnt/results/extract-failed
+ touch /twcr/mnt/results/extract-completed
