==== RUN-DOCKER
+++ dirname -- ./worker/run.sh
++ cd -- ./worker
++ pwd
+ twcrdir=/twcr/worker/..
+ repo=github.com/A-BMT02/Spost
+ reporef=main
+ repopath=./client
+ '[' true == true ']'
+ grep -q '^././'
++ echo github.com/A-BMT02/Spost
++ sha256sum
++ awk '{ print $1 }'
++ cut -c1-12
+ procdir=/tmp/twcr-3a09afc79f40
++ echo 'github.com/A-BMT02/Spost;main;./client'
++ sha256sum
++ awk '{ print $1 }'
++ cut -c1-12
+ datadir=/twcr/worker/../mnt/dataset/data/405f68689d10
+ '[' '!' -z /twcr/mnt/results ']'
+ datadir=/twcr/mnt/results
+ touch /twcr/mnt/results/extract-failed
++ base64
++ tr -d =
++ tr /+ _-
++ base64
++ tr -d =
++ tr /+ _-
+ writetaskstat analysis_key github.com/A-BMT02/Spost/bWFpbgo/Li9jbGllbnQK
+ jq -nc --arg key analysis_key --arg value github.com/A-BMT02/Spost/bWFpbgo/Li9jbGllbnQK '{ key: $key, value: $value }'
++ date -u +%Y%m%d%H%M%S
++ sha256sum
++ awk '{ print $1 }'
++ cut -c1-16
++ head -c 32 /dev/urandom
+ writetaskstat analysis_nonce d5badc768d4a9ee6
+ jq -nc --arg key analysis_nonce --arg value d5badc768d4a9ee6 '{ key: $key, value: $value }'
+ writetaskstat input_repo_name github.com/A-BMT02/Spost
+ jq -nc --arg key input_repo_name --arg value github.com/A-BMT02/Spost '{ key: $key, value: $value }'
+ writetaskstat input_repo_ref main
+ jq -nc --arg key input_repo_ref --arg value main '{ key: $key, value: $value }'
+ writetaskstat input_repo_path ./client
+ jq -nc --arg key input_repo_path --arg value ./client '{ key: $key, value: $value }'
++ date -u +%Y-%m-%dT%H:%M:%SZ
+ writetaskstat timestamp_begin 2024-03-05T10:40:57Z
+ jq -nc --arg key timestamp_begin --arg value 2024-03-05T10:40:57Z '{ key: $key, value: $value }'
+ mkdir -p /tmp/twcr-3a09afc79f40
/tmp/twcr-3a09afc79f40 /twcr
+ pushd /tmp/twcr-3a09afc79f40
+ '[' -d .git ']'
+ git clone --depth=1 -b main https://github.com/A-BMT02/Spost.git .
Cloning into '.'...
++ date -u +%Y-%m-%dT%H:%M:%SZ
+ writetaskstat timestamp_git_clone_complete 2024-03-05T10:40:59Z
+ jq -nc --arg key timestamp_git_clone_complete --arg value 2024-03-05T10:40:59Z '{ key: $key, value: $value }'
++ git rev-parse HEAD
+ writetaskstat exec_repo_commit_sha b19c959653dec93b0736bb252567cca80e0424e6
+ jq -nc --arg key exec_repo_commit_sha --arg value b19c959653dec93b0736bb252567cca80e0424e6 '{ key: $key, value: $value }'
+++ git show --no-patch --format=%ci
++ date -u --date '2023-04-12 16:26:43 +0300' +%Y-%m-%dT%H:%M:%SZ
+ writetaskstat exec_repo_commit_date 2023-04-12T13:26:43Z
+ jq -nc --arg key exec_repo_commit_date --arg value 2023-04-12T13:26:43Z '{ key: $key, value: $value }'
/tmp/twcr-3a09afc79f40/client /tmp/twcr-3a09afc79f40 /twcr
+ '[' -z ./client ']'
+ pushd ./client
+ tailwind_config_file_name=
+ '[' -f tailwind.config.js ']'
+ tailwind_config_file_name=tailwind.config.js
+ writetaskstat exec_tailwind_config_file tailwind.config.js
+ jq -nc --arg key exec_tailwind_config_file --arg value tailwind.config.js '{ key: $key, value: $value }'
+ cp tailwind.config.js /twcr/mnt/results/extract-raw-tailwind-config.js
+ '[' '!' -f package.json ']'
+ cp package.json /twcr/mnt/results/extract-raw-package.json
++ /twcr/worker/../worker/pm-detect.sh /tmp/twcr-3a09afc79f40/client
+ package_manager_name=
+ '[' -z '' ']'
+ '[' ./client '!=' ./ ']'
++ /twcr/worker/../worker/pm-detect.sh /tmp/twcr-3a09afc79f40
grep: /tmp/twcr-3a09afc79f40/package.json: No such file or directory
grep: /tmp/twcr-3a09afc79f40/package.json: No such file or directory
grep: /tmp/twcr-3a09afc79f40/package.json: No such file or directory
/twcr/worker/../worker/pm-detect.sh: line 17: /tmp/twcr-3a09afc79f40/package.json: No such file or directory
+ package_manager_name=
+ '[' -z '' ']'
+ package_manager_name=npm
+ writetaskstat exec_node_package_manager npm
+ jq -nc --arg key exec_node_package_manager --arg value npm '{ key: $key, value: $value }'
+ attempt_mode=squash
+ true
++ date -u +%Y-%m-%dT%H:%M:%SZ
+ writetaskstat timestamp_attempt_squash_begin 2024-03-05T10:40:59Z
+ jq -nc --arg key timestamp_attempt_squash_begin --arg value 2024-03-05T10:40:59Z '{ key: $key, value: $value }'
+ [[ squash == \s\q\u\a\s\h ]]
+ set +e
+ node /twcr/worker/../worker/squash-package.mjs tailwind.config.js
+ exitcode=0
+ set -e
+ [[ 0 != \0 ]]
+ cat package.json
+ sed 's/^/>>> /'
>>> {
>>>   "name": "client",
>>>   "version": "0.1.0",
>>>   "private": false,
>>>   "dependencies": {
>>>     "tailwindcss": "^3.1.6"
>>>   },
>>>   "eslintConfig": {
>>>     "extends": [
>>>       "react-app",
>>>       "react-app/jest"
>>>     ]
>>>   },
>>>   "browserslist": {
>>>     "production": [
>>>       ">0.2%",
>>>       "not dead",
>>>       "not op_mini all"
>>>     ],
>>>     "development": [
>>>       "last 1 chrome version",
>>>       "last 1 firefox version",
>>>       "last 1 safari version"
>>>     ]
>>>   },
>>>   "devDependencies": {
>>>     "tailwindcss": "^3.1.6"
>>>   }
>>> }+ rm -f package-lock.json pnpm-lock.yaml yarn.lock
+ '[' ./client '!=' ./ ']'
+ rm -f /tmp/twcr-3a09afc79f40/package.json /tmp/twcr-3a09afc79f40/package-lock.json /tmp/twcr-3a09afc79f40/pnpm-lock.yaml /tmp/twcr-3a09afc79f40/yarn.lock
+ set +e
+ /twcr/worker/../worker/pm-install.sh npm /tmp/twcr-3a09afc79f40 /twcr/mnt/results
+ package_manager_name=npm
+ procdir=/tmp/twcr-3a09afc79f40
+ datadir=/twcr/mnt/results
+ case "${package_manager_name}" in
++ '[' -f package-lock.json ']'
++ echo install
+ npm install --ignore-engines

added 112 packages, and audited 113 packages in 4s

28 packages are looking for funding
  run `npm fund` for details

found 0 vulnerabilities
npm notice 
npm notice New minor version of npm available! 10.2.4 -> 10.5.0
npm notice Changelog: <https://github.com/npm/cli/releases/tag/v10.5.0>
npm notice Run `npm install -g npm@10.5.0` to update!
npm notice 
+ npm query '*'
+ jq -cr '
        map({ name: .name, version: .version })
        | map(select(.name))
        | sort_by(.name)[]
      '
+ exitcode=0
+ set -e
+ [[ 0 != \0 ]]
++ jq -sr 'map(select(.name == "tailwindcss")) | first | .version'
+ tailwind_package_version=3.4.1
+ tailwind_config_exporter=tailwind.config.exporter2.cjs
+ '[' -f node_modules/tailwindcss/lib/lib/load-config.js ']'
+ tailwind_config_exporter=tailwind.config.exporter3.mjs
+ cp /twcr/worker/../worker/tailwind.config.exporter3.mjs ./
+ set +e
+ node ./tailwind.config.exporter3.mjs tailwind.config.js
+ exitcode=0
+ set -e
+ [[ 0 != \0 ]]
+ echo 'module.exports={plugins:['
+ jq -rs '
        map(select(.name | startswith("@tailwindcss/")))
        | map("require(" + ( .name | tojson ) + "),")[]
      '
+ grep -Ev '"@tailwindcss/postcss7-compat"'
+ true
+ echo ']}'
+ cat tailwind.config.js
+ sed 's/^/>>> /'
>>> module.exports={plugins:[
>>> ]}
+ node ./tailwind.config.exporter3.mjs tailwind.config.js
++ date -u +%Y-%m-%dT%H:%M:%SZ
+ writetaskstat timestamp_attempt_squash_end 2024-03-05T10:41:04Z
+ jq -nc --arg key timestamp_attempt_squash_end --arg value 2024-03-05T10:41:04Z '{ key: $key, value: $value }'
+ break
++ date -u +%Y-%m-%dT%H:%M:%SZ
+ writetaskstat timestamp_end 2024-03-05T10:41:04Z
+ jq -nc --arg key timestamp_end --arg value 2024-03-05T10:41:04Z '{ key: $key, value: $value }'
+ rm /twcr/mnt/results/extract-failed
+ touch /twcr/mnt/results/extract-completed
