==== RUN-DOCKER
+++ dirname -- ./worker/run.sh
++ cd -- ./worker
++ pwd
+ twcrdir=/twcr/worker/..
+ repo=github.com/Shreyaan/youtube-sort-by-oldest
+ reporef=main
+ repopath=./frontend
+ '[' true == true ']'
+ grep -q '^././'
++ echo github.com/Shreyaan/youtube-sort-by-oldest
++ sha256sum
++ awk '{ print $1 }'
++ cut -c1-12
+ procdir=/tmp/twcr-5db80f2babec
++ echo 'github.com/Shreyaan/youtube-sort-by-oldest;main;./frontend'
++ sha256sum
++ awk '{ print $1 }'
++ cut -c1-12
+ datadir=/twcr/worker/../mnt/dataset/data/e397c6f3cd31
+ '[' '!' -z /twcr/mnt/results ']'
+ datadir=/twcr/mnt/results
+ touch /twcr/mnt/results/extract-failed
++ base64
++ tr -d =
++ tr /+ _-
++ base64
++ tr -d =
++ tr /+ _-
+ writetaskstat analysis_key github.com/Shreyaan/youtube-sort-by-oldest/bWFpbgo/Li9mcm9udGVuZAo
+ jq -nc --arg key analysis_key --arg value github.com/Shreyaan/youtube-sort-by-oldest/bWFpbgo/Li9mcm9udGVuZAo '{ key: $key, value: $value }'
++ date -u +%Y%m%d%H%M%S
++ sha256sum
++ awk '{ print $1 }'
++ cut -c1-16
++ head -c 32 /dev/urandom
+ writetaskstat analysis_nonce df173323a886646d
+ jq -nc --arg key analysis_nonce --arg value df173323a886646d '{ key: $key, value: $value }'
+ writetaskstat input_repo_name github.com/Shreyaan/youtube-sort-by-oldest
+ jq -nc --arg key input_repo_name --arg value github.com/Shreyaan/youtube-sort-by-oldest '{ key: $key, value: $value }'
+ writetaskstat input_repo_ref main
+ jq -nc --arg key input_repo_ref --arg value main '{ key: $key, value: $value }'
+ writetaskstat input_repo_path ./frontend
+ jq -nc --arg key input_repo_path --arg value ./frontend '{ key: $key, value: $value }'
++ date -u +%Y-%m-%dT%H:%M:%SZ
+ writetaskstat timestamp_begin 2024-03-05T12:56:59Z
+ jq -nc --arg key timestamp_begin --arg value 2024-03-05T12:56:59Z '{ key: $key, value: $value }'
+ mkdir -p /tmp/twcr-5db80f2babec
+ pushd /tmp/twcr-5db80f2babec
+ '[' -d .git ']'
+ git clone --depth=1 -b main https://github.com/Shreyaan/youtube-sort-by-oldest.git .
/tmp/twcr-5db80f2babec /twcr
Cloning into '.'...
++ date -u +%Y-%m-%dT%H:%M:%SZ
+ writetaskstat timestamp_git_clone_complete 2024-03-05T12:56:59Z
+ jq -nc --arg key timestamp_git_clone_complete --arg value 2024-03-05T12:56:59Z '{ key: $key, value: $value }'
++ git rev-parse HEAD
+ writetaskstat exec_repo_commit_sha 7257242576998da077f88f95a15d5ffcf0a6fb9b
+ jq -nc --arg key exec_repo_commit_sha --arg value 7257242576998da077f88f95a15d5ffcf0a6fb9b '{ key: $key, value: $value }'
+++ git show --no-patch --format=%ci
++ date -u --date '2023-05-23 02:16:18 +0530' +%Y-%m-%dT%H:%M:%SZ
+ writetaskstat exec_repo_commit_date 2023-05-22T20:46:18Z
+ jq -nc --arg key exec_repo_commit_date --arg value 2023-05-22T20:46:18Z '{ key: $key, value: $value }'
/tmp/twcr-5db80f2babec/frontend /tmp/twcr-5db80f2babec /twcr
+ '[' -z ./frontend ']'
+ pushd ./frontend
+ tailwind_config_file_name=
+ '[' -f tailwind.config.js ']'
+ tailwind_config_file_name=tailwind.config.js
+ writetaskstat exec_tailwind_config_file tailwind.config.js
+ jq -nc --arg key exec_tailwind_config_file --arg value tailwind.config.js '{ key: $key, value: $value }'
+ cp tailwind.config.js /twcr/mnt/results/extract-raw-tailwind-config.js
+ '[' '!' -f package.json ']'
+ cp package.json /twcr/mnt/results/extract-raw-package.json
++ /twcr/worker/../worker/pm-detect.sh /tmp/twcr-5db80f2babec/frontend
+ package_manager_name=yarn
+ '[' -z yarn ']'
+ '[' -z yarn ']'
+ writetaskstat exec_node_package_manager yarn
+ jq -nc --arg key exec_node_package_manager --arg value yarn '{ key: $key, value: $value }'
+ attempt_mode=squash
+ true
++ date -u +%Y-%m-%dT%H:%M:%SZ
+ writetaskstat timestamp_attempt_squash_begin 2024-03-05T12:56:59Z
+ jq -nc --arg key timestamp_attempt_squash_begin --arg value 2024-03-05T12:56:59Z '{ key: $key, value: $value }'
+ [[ squash == \s\q\u\a\s\h ]]
+ set +e
+ node /twcr/worker/../worker/squash-package.mjs tailwind.config.js
+ exitcode=0
+ set -e
+ [[ 0 != \0 ]]
+ cat package.json
+ sed 's/^/>>> /'
>>> {
>>>   "private": true,
>>>   "dependencies": {
>>>     "daisyui": "^2.50.1"
>>>   },
>>>   "devDependencies": {
>>>     "tailwindcss": "^3.2.4"
>>>   }
>>> }+ rm -f package-lock.json pnpm-lock.yaml yarn.lock
+ '[' ./frontend '!=' ./ ']'
+ rm -f /tmp/twcr-5db80f2babec/package.json /tmp/twcr-5db80f2babec/package-lock.json /tmp/twcr-5db80f2babec/pnpm-lock.yaml /tmp/twcr-5db80f2babec/yarn.lock
+ set +e
+ /twcr/worker/../worker/pm-install.sh yarn /tmp/twcr-5db80f2babec /twcr/mnt/results
+ package_manager_name=yarn
+ procdir=/tmp/twcr-5db80f2babec
+ datadir=/twcr/mnt/results
+ case "${package_manager_name}" in
+ '[' -z http://tid_cb38e3eb9d02:ok@172.18.0.2:3128 ']'
+ yarn config set httpProxy http://tid_cb38e3eb9d02:ok@172.18.0.2:3128
yarn config v1.22.19
success Set "httpProxy" to "http://tid_cb38e3eb9d02:ok@172.18.0.2:3128".
Done in 0.04s.
+ '[' -z http://tid_cb38e3eb9d02:ok@172.18.0.2:3128 ']'
+ yarn config set httpsProxy http://tid_cb38e3eb9d02:ok@172.18.0.2:3128
yarn config v1.22.19
success Set "httpsProxy" to "http://tid_cb38e3eb9d02:ok@172.18.0.2:3128".
Done in 0.04s.
+ yarn install
yarn install v1.22.19
info No lockfile found.
[1/4] Resolving packages...
(node:132) [DEP0040] DeprecationWarning: The `punycode` module is deprecated. Please use a userland alternative instead.
(Use `node --trace-deprecation ...` to show where the warning was created)
[2/4] Fetching packages...
[3/4] Linking dependencies...
warning " > daisyui@2.52.0" has unmet peer dependency "autoprefixer@^10.0.2".
warning " > daisyui@2.52.0" has unmet peer dependency "postcss@^8.1.6".
warning "daisyui > postcss-js@4.0.1" has unmet peer dependency "postcss@^8.4.21".
[4/4] Building fresh packages...
success Saved lockfile.
Done in 6.31s.
+ yarn list --depth=0 --json --non-interactive --no-progress
+ jq -cr '
        [.. | .name?]
        | map(select(.))
        | map(capture("^(?<name>@?[^@]+)@(?<version>.+)$"))
        | sort_by(.name)[]'
+ exitcode=0
+ set -e
+ [[ 0 != \0 ]]
++ jq -sr 'map(select(.name == "tailwindcss")) | first | .version'
+ tailwind_package_version=3.4.1
+ tailwind_config_exporter=tailwind.config.exporter2.cjs
+ '[' -f node_modules/tailwindcss/lib/lib/load-config.js ']'
+ tailwind_config_exporter=tailwind.config.exporter3.mjs
+ cp /twcr/worker/../worker/tailwind.config.exporter3.mjs ./
+ set +e
+ node ./tailwind.config.exporter3.mjs tailwind.config.js
+ exitcode=0
+ set -e
+ [[ 0 != \0 ]]
+ echo 'module.exports={plugins:['
+ jq -rs '
        map(select(.name | startswith("@tailwindcss/")))
        | map("require(" + ( .name | tojson ) + "),")[]
      '
+ grep -Ev '"@tailwindcss/postcss7-compat"'
+ true
+ echo ']}'
+ cat tailwind.config.js
+ sed 's/^/>>> /'
>>> module.exports={plugins:[
>>> ]}
+ node ./tailwind.config.exporter3.mjs tailwind.config.js
++ date -u +%Y-%m-%dT%H:%M:%SZ
+ writetaskstat timestamp_attempt_squash_end 2024-03-05T12:57:07Z
+ jq -nc --arg key timestamp_attempt_squash_end --arg value 2024-03-05T12:57:07Z '{ key: $key, value: $value }'
+ break
++ date -u +%Y-%m-%dT%H:%M:%SZ
+ writetaskstat timestamp_end 2024-03-05T12:57:07Z
+ jq -nc --arg key timestamp_end --arg value 2024-03-05T12:57:07Z '{ key: $key, value: $value }'
+ rm /twcr/mnt/results/extract-failed
+ touch /twcr/mnt/results/extract-completed
