==== RUN-DOCKER
+++ dirname -- ./worker/run.sh
++ cd -- ./worker
++ pwd
+ twcrdir=/twcr/worker/..
+ repo=github.com/i4o-oss/catalystui
+ reporef=main
+ repopath=./packages/ui
+ '[' true == true ']'
+ grep -q '^././'
++ echo github.com/i4o-oss/catalystui
++ sha256sum
++ awk '{ print $1 }'
++ cut -c1-12
+ procdir=/tmp/twcr-f97f6904c902
++ echo 'github.com/i4o-oss/catalystui;main;./packages/ui'
++ sha256sum
++ awk '{ print $1 }'
++ cut -c1-12
+ datadir=/twcr/worker/../mnt/dataset/data/ab8aab407957
+ '[' '!' -z /twcr/mnt/results ']'
+ datadir=/twcr/mnt/results
+ touch /twcr/mnt/results/extract-failed
++ base64
++ tr -d =
++ tr /+ _-
++ base64
++ tr -d =
++ tr /+ _-
+ writetaskstat analysis_key github.com/i4o-oss/catalystui/bWFpbgo/Li9wYWNrYWdlcy91aQo
+ jq -nc --arg key analysis_key --arg value github.com/i4o-oss/catalystui/bWFpbgo/Li9wYWNrYWdlcy91aQo '{ key: $key, value: $value }'
++ date -u +%Y%m%d%H%M%S
++ sha256sum
++ awk '{ print $1 }'
++ cut -c1-16
++ head -c 32 /dev/urandom
+ writetaskstat analysis_nonce c5b661fa76c9e292
+ jq -nc --arg key analysis_nonce --arg value c5b661fa76c9e292 '{ key: $key, value: $value }'
+ writetaskstat input_repo_name github.com/i4o-oss/catalystui
+ jq -nc --arg key input_repo_name --arg value github.com/i4o-oss/catalystui '{ key: $key, value: $value }'
+ writetaskstat input_repo_ref main
+ jq -nc --arg key input_repo_ref --arg value main '{ key: $key, value: $value }'
+ writetaskstat input_repo_path ./packages/ui
+ jq -nc --arg key input_repo_path --arg value ./packages/ui '{ key: $key, value: $value }'
++ date -u +%Y-%m-%dT%H:%M:%SZ
+ writetaskstat timestamp_begin 2024-03-04T06:31:07Z
+ jq -nc --arg key timestamp_begin --arg value 2024-03-04T06:31:07Z '{ key: $key, value: $value }'
+ mkdir -p /tmp/twcr-f97f6904c902
+ pushd /tmp/twcr-f97f6904c902
+ '[' -d .git ']'
+ git clone --depth=1 -b main https://github.com/i4o-oss/catalystui.git .
/tmp/twcr-f97f6904c902 /twcr
Cloning into '.'...
++ date -u +%Y-%m-%dT%H:%M:%SZ
+ writetaskstat timestamp_git_clone_complete 2024-03-04T06:31:07Z
+ jq -nc --arg key timestamp_git_clone_complete --arg value 2024-03-04T06:31:07Z '{ key: $key, value: $value }'
++ git rev-parse HEAD
+ writetaskstat exec_repo_commit_sha 581952069a769d8bb1542f07cb27ee4a3c4d012e
+ jq -nc --arg key exec_repo_commit_sha --arg value 581952069a769d8bb1542f07cb27ee4a3c4d012e '{ key: $key, value: $value }'
+++ git show --no-patch --format=%ci
++ date -u --date '2024-02-18 20:08:54 +0530' +%Y-%m-%dT%H:%M:%SZ
+ writetaskstat exec_repo_commit_date 2024-02-18T14:38:54Z
+ jq -nc --arg key exec_repo_commit_date --arg value 2024-02-18T14:38:54Z '{ key: $key, value: $value }'
/tmp/twcr-f97f6904c902/packages/ui /tmp/twcr-f97f6904c902 /twcr
+ '[' -z ./packages/ui ']'
+ pushd ./packages/ui
+ tailwind_config_file_name=
+ '[' -f tailwind.config.js ']'
+ tailwind_config_file_name=tailwind.config.js
+ writetaskstat exec_tailwind_config_file tailwind.config.js
+ jq -nc --arg key exec_tailwind_config_file --arg value tailwind.config.js '{ key: $key, value: $value }'
+ cp tailwind.config.js /twcr/mnt/results/extract-raw-tailwind-config.js
+ '[' '!' -f package.json ']'
+ cp package.json /twcr/mnt/results/extract-raw-package.json
++ /twcr/worker/../worker/pm-detect.sh /tmp/twcr-f97f6904c902/packages/ui
+ package_manager_name=
+ '[' -z '' ']'
+ '[' ./packages/ui '!=' ./ ']'
++ /twcr/worker/../worker/pm-detect.sh /tmp/twcr-f97f6904c902
+ package_manager_name=pnpm
+ '[' -z pnpm ']'
+ writetaskstat exec_node_package_manager pnpm
+ jq -nc --arg key exec_node_package_manager --arg value pnpm '{ key: $key, value: $value }'
+ attempt_mode=squash
+ true
++ date -u +%Y-%m-%dT%H:%M:%SZ
+ writetaskstat timestamp_attempt_squash_begin 2024-03-04T06:31:07Z
+ jq -nc --arg key timestamp_attempt_squash_begin --arg value 2024-03-04T06:31:07Z '{ key: $key, value: $value }'
+ [[ squash == \s\q\u\a\s\h ]]
+ set +e
+ node /twcr/worker/../worker/squash-package.mjs tailwind.config.js
+ exitcode=0
+ set -e
+ [[ 0 != \0 ]]
+ cat package.json
+ sed 's/^/>>> /'
+ rm -f package-lock.json pnpm-lock.yaml yarn.lock
>>> {
>>>   "name": "@i4o/catalystui",
>>>   "version": "1.0.0-alpha.17",
>>>   "files": [
>>>     "dist"
>>>   ],
>>>   "main": "./dist/index.js",
>>>   "module": "./dist/index.mjs",
>>>   "style": "./dist/main.css",
>>>   "exports": {
>>>     ".": "./dist/index.js",
>>>     "./main.css": "./dist/main.css"
>>>   },
>>>   "types": "./dist/index.d.ts",
>>>   "license": "MIT",
>>>   "dependencies": {
>>>     "tailwindcss-radix": "2.8.0"
>>>   },
>>>   "devDependencies": {
>>>     "tailwindcss": "^3.3.3"
>>>   },
>>>   "peerDependencies": {},
>>>   "publishConfig": {
>>>     "access": "public"
>>>   },
>>>   "homepage": "https://catalyst-ui.com",
>>>   "repository": {
>>>     "type": "git",
>>>     "url": "git+https://github.com/i4o-oss/catalystui.git"
>>>   },
>>>   "bugs": {
>>>     "url": "https://github.com/i4o-oss/catalystui/issues"
>>>   }
>>> }+ '[' ./packages/ui '!=' ./ ']'
+ rm -f /tmp/twcr-f97f6904c902/package.json /tmp/twcr-f97f6904c902/package-lock.json /tmp/twcr-f97f6904c902/pnpm-lock.yaml /tmp/twcr-f97f6904c902/yarn.lock
+ set +e
+ /twcr/worker/../worker/pm-install.sh pnpm /tmp/twcr-f97f6904c902 /twcr/mnt/results
+ package_manager_name=pnpm
+ procdir=/tmp/twcr-f97f6904c902
+ datadir=/twcr/mnt/results
+ case "${package_manager_name}" in
+ '[' '!' -f /tmp/twcr-f97f6904c902/package.json ']'
+ '[' '!' -f package.json ']'
++ pnpm -v
+ sed -Ei 's/("pnpm": ")(.+)(")/\18.15.4\3/' package.json
+ pnpm install
Scope: all 4 workspace projects
../..                                    | Progress: resolved 1, reused 0, downloaded 0, added 0
../..                                    | Progress: resolved 18, reused 0, downloaded 16, added 0
../..                                    | Progress: resolved 35, reused 0, downloaded 21, added 0
../..                                    | Progress: resolved 54, reused 0, downloaded 48, added 0
../..                                    | Progress: resolved 87, reused 0, downloaded 65, added 0
../..                                    | Progress: resolved 100, reused 0, downloaded 80, added 0
../..                                    | Progress: resolved 117, reused 0, downloaded 96, added 0
../..                                    | Progress: resolved 147, reused 0, downloaded 125, added 0
../..                                    | Progress: resolved 180, reused 0, downloaded 157, added 0
../..                                    | Progress: resolved 218, reused 0, downloaded 190, added 0
../..                                    | Progress: resolved 260, reused 0, downloaded 220, added 0
../..                                    | Progress: resolved 287, reused 0, downloaded 249, added 0
../..                                    | Progress: resolved 325, reused 0, downloaded 286, added 0
../..                                    | Progress: resolved 359, reused 0, downloaded 314, added 0
../..                                    | Progress: resolved 393, reused 0, downloaded 341, added 0
../..                                    | Progress: resolved 422, reused 0, downloaded 376, added 0
../..                                    | Progress: resolved 458, reused 0, downloaded 411, added 0
../..                                    | Progress: resolved 498, reused 0, downloaded 446, added 0
../..                                    | Progress: resolved 538, reused 0, downloaded 481, added 0
../..                                    | Progress: resolved 574, reused 0, downloaded 521, added 0
../..                                    | Progress: resolved 601, reused 0, downloaded 541, added 0
../..                                    | Progress: resolved 646, reused 0, downloaded 579, added 0
../..                                    | Progress: resolved 689, reused 0, downloaded 620, added 0
../..                                    | Progress: resolved 716, reused 0, downloaded 667, added 0
../..                                    | +700 ++++++++++++++++++++++++++++++++
../..                                    | Progress: resolved 716, reused 0, downloaded 699, added 700, done

dependencies:
+ tailwindcss-radix 2.8.0

devDependencies:
+ tailwindcss 3.4.1

Done in 25.8s
+ pnpm ls --json
+ jq -cr '
        .[]
        | [.dependencies, .devDependencies, .optionalDependencies]
        | map(select(.))[]
        | to_entries
        | map({ name: .key, version: .value.version })
        | sort_by(.name)[]
      '
+ exitcode=0
+ set -e
+ [[ 0 != \0 ]]
++ jq -sr 'map(select(.name == "tailwindcss")) | first | .version'
+ tailwind_package_version=3.4.1
+ tailwind_config_exporter=tailwind.config.exporter2.cjs
+ '[' -f node_modules/tailwindcss/lib/lib/load-config.js ']'
+ tailwind_config_exporter=tailwind.config.exporter3.mjs
+ cp /twcr/worker/../worker/tailwind.config.exporter3.mjs ./
+ set +e
+ node ./tailwind.config.exporter3.mjs tailwind.config.js
+ exitcode=0
+ set -e
+ [[ 0 != \0 ]]
+ echo 'module.exports={plugins:['
+ jq -rs '
        map(select(.name | startswith("@tailwindcss/")))
        | map("require(" + ( .name | tojson ) + "),")[]
      '
+ grep -Ev '"@tailwindcss/postcss7-compat"'
+ true
+ echo ']}'
+ cat tailwind.config.js
+ sed 's/^/>>> /'
>>> module.exports={plugins:[
>>> ]}
+ node ./tailwind.config.exporter3.mjs tailwind.config.js
++ date -u +%Y-%m-%dT%H:%M:%SZ
+ writetaskstat timestamp_attempt_squash_end 2024-03-04T06:31:35Z
+ jq -nc --arg key timestamp_attempt_squash_end --arg value 2024-03-04T06:31:35Z '{ key: $key, value: $value }'
+ break
++ date -u +%Y-%m-%dT%H:%M:%SZ
+ writetaskstat timestamp_end 2024-03-04T06:31:35Z
+ jq -nc --arg key timestamp_end --arg value 2024-03-04T06:31:35Z '{ key: $key, value: $value }'
+ rm /twcr/mnt/results/extract-failed
+ touch /twcr/mnt/results/extract-completed
