==== RUN-DOCKER
+++ dirname -- ./worker/run.sh
++ cd -- ./worker
++ pwd
+ twcrdir=/twcr/worker/..
+ repo=github.com/ballerine-io/ballerine
+ reporef=dev
+ repopath=./packages/ui
+ '[' true == true ']'
+ grep -q '^././'
++ echo github.com/ballerine-io/ballerine
++ sha256sum
++ awk '{ print $1 }'
++ cut -c1-12
+ procdir=/tmp/twcr-e68aca823e53
++ echo 'github.com/ballerine-io/ballerine;dev;./packages/ui'
++ sha256sum
++ awk '{ print $1 }'
++ cut -c1-12
+ datadir=/twcr/worker/../mnt/dataset/data/400255d17f24
+ '[' '!' -z /twcr/mnt/results ']'
+ datadir=/twcr/mnt/results
+ touch /twcr/mnt/results/extract-failed
++ base64
++ tr -d =
++ tr /+ _-
++ base64
++ tr -d =
++ tr /+ _-
+ writetaskstat analysis_key github.com/ballerine-io/ballerine/ZGV2Cg/Li9wYWNrYWdlcy91aQo
+ jq -nc --arg key analysis_key --arg value github.com/ballerine-io/ballerine/ZGV2Cg/Li9wYWNrYWdlcy91aQo '{ key: $key, value: $value }'
++ date -u +%Y%m%d%H%M%S
++ sha256sum
++ awk '{ print $1 }'
++ cut -c1-16
++ head -c 32 /dev/urandom
+ writetaskstat analysis_nonce c3f280f0ab64e560
+ jq -nc --arg key analysis_nonce --arg value c3f280f0ab64e560 '{ key: $key, value: $value }'
+ writetaskstat input_repo_name github.com/ballerine-io/ballerine
+ jq -nc --arg key input_repo_name --arg value github.com/ballerine-io/ballerine '{ key: $key, value: $value }'
+ writetaskstat input_repo_ref dev
+ jq -nc --arg key input_repo_ref --arg value dev '{ key: $key, value: $value }'
+ writetaskstat input_repo_path ./packages/ui
+ jq -nc --arg key input_repo_path --arg value ./packages/ui '{ key: $key, value: $value }'
++ date -u +%Y-%m-%dT%H:%M:%SZ
+ writetaskstat timestamp_begin 2024-03-04T02:38:54Z
+ jq -nc --arg key timestamp_begin --arg value 2024-03-04T02:38:54Z '{ key: $key, value: $value }'
+ mkdir -p /tmp/twcr-e68aca823e53
+ pushd /tmp/twcr-e68aca823e53
+ '[' -d .git ']'
+ git clone --depth=1 -b dev https://github.com/ballerine-io/ballerine.git .
/tmp/twcr-e68aca823e53 /twcr
Cloning into '.'...
++ date -u +%Y-%m-%dT%H:%M:%SZ
+ writetaskstat timestamp_git_clone_complete 2024-03-04T02:38:57Z
+ jq -nc --arg key timestamp_git_clone_complete --arg value 2024-03-04T02:38:57Z '{ key: $key, value: $value }'
++ git rev-parse HEAD
+ writetaskstat exec_repo_commit_sha 4187b9c8b91c10a52de84f5316ccec6b1d54165a
+ jq -nc --arg key exec_repo_commit_sha --arg value 4187b9c8b91c10a52de84f5316ccec6b1d54165a '{ key: $key, value: $value }'
+++ git show --no-patch --format=%ci
++ date -u --date '2024-02-29 15:07:50 +0200' +%Y-%m-%dT%H:%M:%SZ
+ writetaskstat exec_repo_commit_date 2024-02-29T13:07:50Z
+ jq -nc --arg key exec_repo_commit_date --arg value 2024-02-29T13:07:50Z '{ key: $key, value: $value }'
+ '[' -z ./packages/ui ']'
+ pushd ./packages/ui
+ tailwind_config_file_name=
+ '[' -f tailwind.config.js ']'
+ '[' -f tailwind.config.cjs ']'
+ tailwind_config_file_name=tailwind.config.cjs
+ writetaskstat exec_tailwind_config_file tailwind.config.cjs
+ jq -nc --arg key exec_tailwind_config_file --arg value tailwind.config.cjs '{ key: $key, value: $value }'
/tmp/twcr-e68aca823e53/packages/ui /tmp/twcr-e68aca823e53 /twcr
+ cp tailwind.config.cjs /twcr/mnt/results/extract-raw-tailwind-config.js
+ '[' '!' -f package.json ']'
+ cp package.json /twcr/mnt/results/extract-raw-package.json
++ /twcr/worker/../worker/pm-detect.sh /tmp/twcr-e68aca823e53/packages/ui
+ package_manager_name=
+ '[' -z '' ']'
+ '[' ./packages/ui '!=' ./ ']'
++ /twcr/worker/../worker/pm-detect.sh /tmp/twcr-e68aca823e53
+ package_manager_name=pnpm
+ '[' -z pnpm ']'
+ writetaskstat exec_node_package_manager pnpm
+ jq -nc --arg key exec_node_package_manager --arg value pnpm '{ key: $key, value: $value }'
+ attempt_mode=squash
+ true
++ date -u +%Y-%m-%dT%H:%M:%SZ
+ writetaskstat timestamp_attempt_squash_begin 2024-03-04T02:38:57Z
+ jq -nc --arg key timestamp_attempt_squash_begin --arg value 2024-03-04T02:38:57Z '{ key: $key, value: $value }'
+ [[ squash == \s\q\u\a\s\h ]]
+ set +e
+ node /twcr/worker/../worker/squash-package.mjs tailwind.config.cjs
+ exitcode=0
+ set -e
+ [[ 0 != \0 ]]
+ cat package.json
+ sed 's/^/>>> /'
>>> {
>>>   "name": "@ballerine/ui",
>>>   "private": false,
>>>   "version": "0.3.29",
>>>   "type": "module",
>>>   "main": "dist/index.js",
>>>   "types": "dist/index.d.ts",
>>>   "exports": {
>>>     ".": {
>>>       "import": "./dist/index.js",
>>>       "types": "./dist/index.d.ts"
>>>     },
>>>     "./components/*": "./dist/components/*",
>>>     "./dist/style.css": "./dist/style.css"
>>>   },
>>>   "dependencies": {},
>>>   "devDependencies": {
>>>     "tailwindcss": "^3.3.2",
>>>     "tailwindcss-animate": "1.0.5"
>>>   }
>>> }+ rm -f package-lock.json pnpm-lock.yaml yarn.lock
+ '[' ./packages/ui '!=' ./ ']'
+ rm -f /tmp/twcr-e68aca823e53/package.json /tmp/twcr-e68aca823e53/package-lock.json /tmp/twcr-e68aca823e53/pnpm-lock.yaml /tmp/twcr-e68aca823e53/yarn.lock
+ set +e
+ /twcr/worker/../worker/pm-install.sh pnpm /tmp/twcr-e68aca823e53 /twcr/mnt/results
+ package_manager_name=pnpm
+ procdir=/tmp/twcr-e68aca823e53
+ datadir=/twcr/mnt/results
+ case "${package_manager_name}" in
+ '[' '!' -f /tmp/twcr-e68aca823e53/package.json ']'
+ '[' '!' -f package.json ']'
++ pnpm -v
+ sed -Ei 's/("pnpm": ")(.+)(")/\18.15.4\3/' package.json
+ pnpm install
Scope: all 20 workspace projects
../..                                    | Progress: resolved 1, reused 0, downloaded 0, added 0
../..                                    | Progress: resolved 20, reused 0, downloaded 14, added 0
../..                                    | Progress: resolved 25, reused 0, downloaded 19, added 0
../..                                    | Progress: resolved 29, reused 0, downloaded 24, added 0
../..                                    | Progress: resolved 44, reused 0, downloaded 34, added 0
../..                                    | Progress: resolved 56, reused 0, downloaded 45, added 0
../../apps/workflows-dashboard           |  WARN  deprecated @types/axios@0.14.0
../../apps/workflows-dashboard           |  WARN  deprecated @types/classnames@2.3.1
../../apps/workflows-dashboard           |  WARN  deprecated @types/moment@2.13.0
../..                                    | Progress: resolved 73, reused 0, downloaded 59, added 0
../..                                    | Progress: resolved 91, reused 0, downloaded 77, added 0
../..                                    | Progress: resolved 113, reused 0, downloaded 94, added 0
../..                                    | Progress: resolved 122, reused 0, downloaded 107, added 0
../..                                    | Progress: resolved 131, reused 0, downloaded 117, added 0
../..                                    | Progress: resolved 144, reused 0, downloaded 129, added 0
../blocks                                |  WARN  deprecated rollup-plugin-terser@7.0.2
../..                                    | Progress: resolved 163, reused 0, downloaded 141, added 0
../..                                    | Progress: resolved 173, reused 0, downloaded 155, added 0
../workflow-core                         |  WARN  Installing a dependency from a non-existent directory: /tmp/twcr-e68aca823e53/packages/workflow-core/@types/@rollup/plugin-babel
../workflow-core                         |  WARN  Installing a dependency from a non-existent directory: /tmp/twcr-e68aca823e53/packages/workflow-core/@types/@rollup/plugin-terser
../..                                    | Progress: resolved 199, reused 0, downloaded 177, added 0
../../sdks/workflow-browser-sdk          |  WARN  Installing a dependency from a non-existent directory: /tmp/twcr-e68aca823e53/sdks/workflow-browser-sdk/@types/@rollup/plugin-babel
../../sdks/workflow-browser-sdk          |  WARN  Installing a dependency from a non-existent directory: /tmp/twcr-e68aca823e53/sdks/workflow-browser-sdk/@types/@rollup/plugin-terser
../..                                    | Progress: resolved 211, reused 0, downloaded 190, added 0
../..                                    | Progress: resolved 238, reused 0, downloaded 211, added 0
../..                                    | Progress: resolved 258, reused 1, downloaded 231, added 0
../..                                    | Progress: resolved 278, reused 1, downloaded 252, added 0
../..                                    | Progress: resolved 298, reused 1, downloaded 271, added 0
../..                                    | Progress: resolved 315, reused 1, downloaded 286, added 0
../..                                    | Progress: resolved 332, reused 1, downloaded 302, added 0
../..                                    | Progress: resolved 333, reused 1, downloaded 330, added 0
../..                                    | Progress: resolved 350, reused 1, downloaded 341, added 0
../..                                    | Progress: resolved 368, reused 1, downloaded 359, added 0
../..                                    | Progress: resolved 391, reused 1, downloaded 377, added 0
../..                                    | Progress: resolved 416, reused 1, downloaded 397, added 0
../..                                    | Progress: resolved 433, reused 1, downloaded 417, added 0
../..                                    | Progress: resolved 459, reused 1, downloaded 440, added 0
../..                                    | Progress: resolved 484, reused 1, downloaded 465, added 0
../..                                    | Progress: resolved 492, reused 1, downloaded 473, added 0
../..                                    | Progress: resolved 501, reused 1, downloaded 479, added 0
../..                                    | Progress: resolved 518, reused 1, downloaded 497, added 0
../..                                    | Progress: resolved 537, reused 1, downloaded 511, added 0
../..                                    | Progress: resolved 559, reused 1, downloaded 531, added 0
../..                                    | Progress: resolved 582, reused 1, downloaded 554, added 0
../..                                    | Progress: resolved 604, reused 1, downloaded 574, added 0
../..                                    | Progress: resolved 621, reused 1, downloaded 593, added 0
../..                                    | Progress: resolved 642, reused 1, downloaded 609, added 0
../..                                    | Progress: resolved 663, reused 1, downloaded 634, added 0
../..                                    | Progress: resolved 690, reused 1, downloaded 658, added 0
../..                                    | Progress: resolved 707, reused 1, downloaded 678, added 0
../..                                    | Progress: resolved 721, reused 1, downloaded 689, added 0
../..                                    | Progress: resolved 736, reused 1, downloaded 703, added 0
../..                                    | Progress: resolved 759, reused 1, downloaded 723, added 0
../..                                    | Progress: resolved 787, reused 1, downloaded 744, added 0
../..                                    | Progress: resolved 816, reused 1, downloaded 766, added 0
../..                                    | Progress: resolved 836, reused 1, downloaded 792, added 0
../..                                    | Progress: resolved 859, reused 1, downloaded 814, added 0
../..                                    | Progress: resolved 888, reused 1, downloaded 839, added 0
../..                                    | Progress: resolved 913, reused 1, downloaded 864, added 0
../..                                    | Progress: resolved 929, reused 1, downloaded 884, added 0
../..                                    | Progress: resolved 953, reused 1, downloaded 904, added 0
../..                                    | Progress: resolved 981, reused 1, downloaded 927, added 0
../..                                    | Progress: resolved 1000, reused 1, downloaded 952, added 0
../..                                    | Progress: resolved 1022, reused 1, downloaded 970, added 0
../..                                    | Progress: resolved 1039, reused 1, downloaded 984, added 0
../..                                    | Progress: resolved 1064, reused 1, downloaded 1006, added 0
../..                                    | Progress: resolved 1091, reused 1, downloaded 1023, added 0
../..                                    | Progress: resolved 1114, reused 1, downloaded 1049, added 0
../..                                    | Progress: resolved 1124, reused 1, downloaded 1056, added 0
../..                                    | Progress: resolved 1140, reused 1, downloaded 1072, added 0
../..                                    | Progress: resolved 1158, reused 1, downloaded 1088, added 0
../..                                    | Progress: resolved 1179, reused 1, downloaded 1109, added 0
../..                                    | Progress: resolved 1210, reused 1, downloaded 1132, added 0
../..                                    | Progress: resolved 1228, reused 1, downloaded 1149, added 0
../..                                    | Progress: resolved 1251, reused 1, downloaded 1174, added 0
../..                                    | Progress: resolved 1277, reused 1, downloaded 1196, added 0
../..                                    | Progress: resolved 1299, reused 1, downloaded 1223, added 0
../..                                    | Progress: resolved 1321, reused 1, downloaded 1245, added 0
../..                                    | Progress: resolved 1346, reused 1, downloaded 1266, added 0
../..                                    | Progress: resolved 1374, reused 1, downloaded 1286, added 0
../..                                    | Progress: resolved 1406, reused 1, downloaded 1302, added 0
../..                                    | Progress: resolved 1441, reused 1, downloaded 1323, added 0
../..                                    | Progress: resolved 1464, reused 1, downloaded 1353, added 0
../..                                    | Progress: resolved 1507, reused 1, downloaded 1379, added 0
../..                                    | Progress: resolved 1538, reused 1, downloaded 1396, added 0
../..                                    | Progress: resolved 1560, reused 1, downloaded 1415, added 0
../..                                    | Progress: resolved 1590, reused 1, downloaded 1437, added 0
../..                                    | Progress: resolved 1610, reused 1, downloaded 1464, added 0
../..                                    | Progress: resolved 1629, reused 1, downloaded 1484, added 0
../..                                    | Progress: resolved 1646, reused 1, downloaded 1495, added 0
../..                                    | Progress: resolved 1670, reused 1, downloaded 1521, added 0
../..                                    | Progress: resolved 1698, reused 1, downloaded 1540, added 0
../..                                    | Progress: resolved 1718, reused 1, downloaded 1564, added 0
../..                                    | Progress: resolved 1760, reused 1, downloaded 1584, added 0
../..                                    | Progress: resolved 1783, reused 1, downloaded 1601, added 0
../..                                    | Progress: resolved 1807, reused 1, downloaded 1628, added 0
../..                                    | Progress: resolved 1835, reused 1, downloaded 1652, added 0
../..                                    | Progress: resolved 1865, reused 1, downloaded 1678, added 0
../..                                    | Progress: resolved 1890, reused 1, downloaded 1706, added 0
../..                                    | Progress: resolved 1916, reused 1, downloaded 1729, added 0
../..                                    | Progress: resolved 1946, reused 1, downloaded 1756, added 0
../..                                    | Progress: resolved 1975, reused 1, downloaded 1784, added 0
../..                                    | Progress: resolved 2004, reused 1, downloaded 1812, added 0
../..                                    | Progress: resolved 2032, reused 1, downloaded 1832, added 0
../..                                    | Progress: resolved 2067, reused 1, downloaded 1863, added 0
../..                                    | Progress: resolved 2091, reused 1, downloaded 1889, added 0
../..                                    | Progress: resolved 2119, reused 1, downloaded 1905, added 0
../..                                    | Progress: resolved 2145, reused 1, downloaded 1934, added 0
../..                                    | Progress: resolved 2172, reused 1, downloaded 1957, added 0
../..                                    | Progress: resolved 2188, reused 1, downloaded 1966, added 0
../..                                    | Progress: resolved 2208, reused 1, downloaded 1995, added 0
../..                                    | Progress: resolved 2240, reused 1, downloaded 2020, added 0
../..                                    | Progress: resolved 2262, reused 1, downloaded 2043, added 0
../..                                    | Progress: resolved 2288, reused 1, downloaded 2068, added 0
../..                                    | Progress: resolved 2322, reused 1, downloaded 2091, added 0
../..                                    | Progress: resolved 2329, reused 1, downloaded 2110, added 0
../..                                    | Progress: resolved 2360, reused 1, downloaded 2135, added 0
../..                                    | Progress: resolved 2391, reused 1, downloaded 2157, added 0
../..                                    | Progress: resolved 2403, reused 1, downloaded 2179, added 0
../..                                    | Progress: resolved 2434, reused 1, downloaded 2202, added 0
../..                                    | Progress: resolved 2443, reused 1, downloaded 2212, added 0
../..                                    | Progress: resolved 2473, reused 1, downloaded 2227, added 0
../..                                    | Progress: resolved 2497, reused 1, downloaded 2242, added 0
../..                                    | Progress: resolved 2528, reused 1, downloaded 2269, added 0
../..                                    | Progress: resolved 2556, reused 1, downloaded 2298, added 0
../..                                    | Progress: resolved 2587, reused 1, downloaded 2325, added 0
../..                                    | Progress: resolved 2618, reused 1, downloaded 2354, added 0
../..                                    | Progress: resolved 2645, reused 1, downloaded 2377, added 0
../..                                    | Progress: resolved 2665, reused 1, downloaded 2404, added 0
../..                                    | Progress: resolved 2692, reused 1, downloaded 2424, added 0
../..                                    | Progress: resolved 2723, reused 1, downloaded 2449, added 0
../..                                    | Progress: resolved 2741, reused 1, downloaded 2472, added 0
../..                                    | Progress: resolved 2766, reused 1, downloaded 2495, added 0
../..                                    | Progress: resolved 2795, reused 1, downloaded 2523, added 0
../..                                    | Progress: resolved 2823, reused 1, downloaded 2544, added 0
../..                                    | Progress: resolved 2848, reused 1, downloaded 2574, added 0
../..                                    | Progress: resolved 2879, reused 1, downloaded 2600, added 0
../..                                    | Progress: resolved 2909, reused 1, downloaded 2633, added 0
../../services/workflows-service         |  WARN  deprecated @aws-sdk/abort-controller@3.374.0
../..                                    | Progress: resolved 2935, reused 1, downloaded 2665, added 0
../..                                    | Progress: resolved 2953, reused 1, downloaded 2694, added 0
../..                                    | Progress: resolved 2956, reused 1, downloaded 2723, added 0
../..                                    | Progress: resolved 2957, reused 1, downloaded 2760, added 0
 WARN  23 deprecated subdependencies found: @babel/plugin-proposal-async-generator-functions@7.20.7, @babel/plugin-proposal-class-properties@7.18.6, @babel/plugin-proposal-class-static-block@7.21.0, @babel/plugin-proposal-dynamic-import@7.18.6, @babel/plugin-proposal-export-namespace-from@7.18.9, @babel/plugin-proposal-json-strings@7.18.6, @babel/plugin-proposal-logical-assignment-operators@7.20.7, @babel/plugin-proposal-nullish-coalescing-operator@7.18.6, @babel/plugin-proposal-numeric-separator@7.18.6, @babel/plugin-proposal-object-rest-spread@7.20.7, @babel/plugin-proposal-optional-catch-binding@7.18.6, @babel/plugin-proposal-optional-chaining@7.21.0, @babel/plugin-proposal-private-methods@7.18.6, @babel/plugin-proposal-private-property-in-object@7.21.11, @babel/plugin-proposal-unicode-property-regex@7.18.6, @types/sass@1.45.0, abab@2.0.6, axios@0.19.2, domexception@4.0.0, formidable@1.2.6, sourcemap-codec@1.4.8, subscriptions-transport-ws@0.11.0, superagent@3.8.3
../..                                    | Progress: resolved 2957, reused 1, downloaded 2789, added 0
../..                                    |    +2967 ++++++++++++++++++++++++++++
../..                                    | Progress: resolved 2957, reused 1, downloaded 2813, added 221
../..                                    | Progress: resolved 2957, reused 1, downloaded 2813, added 1823
../..                                    | Progress: resolved 2957, reused 1, downloaded 2813, added 2356
../..                                    | Progress: resolved 2957, reused 1, downloaded 2813, added 2824
../..                                    | Progress: resolved 2957, reused 1, downloaded 2840, added 2966
../..                                    | Progress: resolved 2957, reused 1, downloaded 2840, added 2967, done
.../node_modules/svelte-preprocess postinstall$ echo "[svelte-preprocess] Don't forget to install the preprocessors packages that will be used: node-sass/sass, stylus, less, postcss & postcss-load-config, coffeescript, pug, etc..."
.../node_modules/svelte-preprocess postinstall: [svelte-preprocess] Don't forget to install the preprocessors packages that will be used: node-sass/sass, stylus, less, postcss & postcss-load-config, coffeescript, pug, etc...
.../node_modules/svelte-preprocess postinstall: Done
.../es5-ext@0.10.64/node_modules/es5-ext postinstall$  node -e "try{require('./_postinstall')}catch(e){}" || exit 0
.../node_modules/@prisma/engines postinstall$ node scripts/postinstall.js
.../node_modules/@nestjs/core postinstall$ opencollective || exit 0
.../bcrypt@5.1.0/node_modules/bcrypt install$ node-pre-gyp install --fallback-to-build
.../es5-ext@0.10.64/node_modules/es5-ext postinstall: Done
.../core-js@3.36.0/node_modules/core-js postinstall$ node -e "try{require('./postinstall')}catch(e){}"
.../bcrypt@5.1.0/node_modules/bcrypt install: node-pre-gyp info it worked if it ends with ok
.../bcrypt@5.1.0/node_modules/bcrypt install: node-pre-gyp info using node-pre-gyp@1.0.11
.../bcrypt@5.1.0/node_modules/bcrypt install: node-pre-gyp info using node@21.6.2 | linux | x64
.../node_modules/@nestjs/core postinstall: (node:135) [DEP0040] DeprecationWarning: The `punycode` module is deprecated. Please use a userland alternative instead.
.../node_modules/@nestjs/core postinstall: (Use `node --trace-deprecation ...` to show where the warning was created)
.../node_modules/@prisma/engines postinstall: (node:133) [DEP0040] DeprecationWarning: The `punycode` module is deprecated. Please use a userland alternative instead.
.../node_modules/@prisma/engines postinstall: (Use `node --trace-deprecation ...` to show where the warning was created)
.../node_modules/tesseract.js postinstall$ opencollective-postinstall || true
.../core-js@3.36.0/node_modules/core-js postinstall: Thank you for using core-js ( https://github.com/zloirock/core-js ) for polyfilling JavaScript standard library!
.../core-js@3.36.0/node_modules/core-js postinstall: The project needs your help! Please consider supporting core-js:
.../core-js@3.36.0/node_modules/core-js postinstall: > https://opencollective.com/core-js 
.../core-js@3.36.0/node_modules/core-js postinstall: > https://patreon.com/zloirock 
.../core-js@3.36.0/node_modules/core-js postinstall: > https://boosty.to/zloirock 
.../core-js@3.36.0/node_modules/core-js postinstall: > bitcoin: bc1qlea7544qtsmj2rayg0lthvza9fau63ux0fstcz 
.../core-js@3.36.0/node_modules/core-js postinstall: I highly recommend reading this: https://github.com/zloirock/core-js/blob/master/docs/2023-02-14-so-whats-next.md 
.../core-js@3.36.0/node_modules/core-js postinstall: Done
.../bcrypt@5.1.0/node_modules/bcrypt install: (node:154) [DEP0040] DeprecationWarning: The `punycode` module is deprecated. Please use a userland alternative instead.
.../bcrypt@5.1.0/node_modules/bcrypt install: (Use `node --trace-deprecation ...` to show where the warning was created)
.../bcrypt@5.1.0/node_modules/bcrypt install: node-pre-gyp info check checked for "/tmp/twcr-e68aca823e53/node_modules/.pnpm/bcrypt@5.1.0/node_modules/bcrypt/lib/binding/napi-v3/bcrypt_lib.node" (not found)
.../bcrypt@5.1.0/node_modules/bcrypt install: node-pre-gyp http GET https://github.com/kelektiv/node.bcrypt.js/releases/download/v5.1.0/bcrypt_lib-v5.1.0-napi-v3-linux-x64-glibc.tar.gz
.../bcrypt@5.1.0/node_modules/bcrypt install: node-pre-gyp http download proxy agent configured using: "http://tid_a4b43b507647:ok@172.18.0.2:3128"
.../node_modules/tesseract.js postinstall: [96m[1mThank you for using tesseract.js![96m[1m
.../node_modules/tesseract.js postinstall: [0m[96mIf you rely on this package, please consider supporting our open collective:[22m[39m
.../node_modules/tesseract.js postinstall: > [94mhttps://opencollective.com/tesseractjs/donate[0m
.../node_modules/tesseract.js postinstall: Done
.../bcrypt@5.1.0/node_modules/bcrypt install: node-pre-gyp info install unpacking napi-v3/bcrypt_lib.node
.../bcrypt@5.1.0/node_modules/bcrypt install: node-pre-gyp info extracted file count: 1 
.../bcrypt@5.1.0/node_modules/bcrypt install: node-pre-gyp info ok 
.../bcrypt@5.1.0/node_modules/bcrypt install: [bcrypt] Success: "/tmp/twcr-e68aca823e53/node_modules/.pnpm/bcrypt@5.1.0/node_modules/bcrypt/lib/binding/napi-v3/bcrypt_lib.node" is installed via remote
.../bcrypt@5.1.0/node_modules/bcrypt install: Done
.../node_modules/@prisma/engines postinstall: Done
.../node_modules/@nestjs/core postinstall:                            Thanks for installing nest 
.../node_modules/@nestjs/core postinstall:                  Please consider donating to our open collective
.../node_modules/@nestjs/core postinstall:                         to help us maintain this package.
.../node_modules/@nestjs/core postinstall:                                          
.../node_modules/@nestjs/core postinstall:                                          
.../node_modules/@nestjs/core postinstall:              Become a partner: https://opencollective.com/nest/donate
.../node_modules/@nestjs/core postinstall:                                          
.../node_modules/@nestjs/core postinstall: Done
.../esbuild@0.19.12/node_modules/esbuild postinstall$ node install.js
.../esbuild@0.18.20/node_modules/esbuild postinstall$ node install.js
.../node_modules/@sentry/cli postinstall$ node ./scripts/install.js
.../esbuild@0.15.18/node_modules/esbuild postinstall$ node install.js
.../esbuild@0.16.17/node_modules/esbuild postinstall$ node install.js
.../esbuild@0.19.12/node_modules/esbuild postinstall: Done
.../esbuild@0.18.20/node_modules/esbuild postinstall: Done
.../node_modules/@sentry/cli postinstall: Done
.../esbuild@0.15.18/node_modules/esbuild postinstall: Done
.../esbuild@0.16.17/node_modules/esbuild postinstall: Done
.../node_modules/cpu-features install$ node buildcheck.js > buildcheck.gypi && node-gyp rebuild
.../node_modules/@swc/core postinstall$ node postinstall.js
.../prisma@4.13.0/node_modules/prisma preinstall$ node scripts/preinstall-entry.js
.../node_modules/@swc/core postinstall: Done
.../prisma@4.13.0/node_modules/prisma preinstall: Done
.../node_modules/cpu-features install: gyp info it worked if it ends with ok
.../node_modules/cpu-features install: gyp info using node-gyp@9.4.1
.../node_modules/cpu-features install: gyp info using node@21.6.2 | linux | x64
.../node_modules/cpu-features install: gyp info find Python using Python version 3.11.2 found at "/usr/bin/python3"
.../node_modules/cpu-features install: gyp http GET https://nodejs.org/download/release/v21.6.2/node-v21.6.2-headers.tar.gz
.../node_modules/cpu-features install: gyp http 200 https://nodejs.org/download/release/v21.6.2/node-v21.6.2-headers.tar.gz
.../node_modules/cpu-features install: gyp http GET https://nodejs.org/download/release/v21.6.2/SHASUMS256.txt
.../node_modules/cpu-features install: gyp http 200 https://nodejs.org/download/release/v21.6.2/SHASUMS256.txt
.../node_modules/cpu-features install: gyp info spawn /usr/bin/python3
.../node_modules/cpu-features install: gyp info spawn args [
.../node_modules/cpu-features install: gyp info spawn args   '/usr/local/lib/node_modules/pnpm/dist/node_modules/node-gyp/gyp/gyp_main.py',
.../node_modules/cpu-features install: gyp info spawn args   'binding.gyp',
.../node_modules/cpu-features install: gyp info spawn args   '-f',
.../node_modules/cpu-features install: gyp info spawn args   'make',
.../node_modules/cpu-features install: gyp info spawn args   '-I',
.../node_modules/cpu-features install: gyp info spawn args   '/tmp/twcr-e68aca823e53/node_modules/.pnpm/cpu-features@0.0.9/node_modules/cpu-features/build/config.gypi',
.../node_modules/cpu-features install: gyp info spawn args   '-I',
.../node_modules/cpu-features install: gyp info spawn args   '/usr/local/lib/node_modules/pnpm/dist/node_modules/node-gyp/addon.gypi',
.../node_modules/cpu-features install: gyp info spawn args   '-I',
.../node_modules/cpu-features install: gyp info spawn args   '/home/node/.cache/node-gyp/21.6.2/include/node/common.gypi',
.../node_modules/cpu-features install: gyp info spawn args   '-Dlibrary=shared_library',
.../node_modules/cpu-features install: gyp info spawn args   '-Dvisibility=default',
.../node_modules/cpu-features install: gyp info spawn args   '-Dnode_root_dir=/home/node/.cache/node-gyp/21.6.2',
.../node_modules/cpu-features install: gyp info spawn args   '-Dnode_gyp_dir=/usr/local/lib/node_modules/pnpm/dist/node_modules/node-gyp',
.../node_modules/cpu-features install: gyp info spawn args   '-Dnode_lib_file=/home/node/.cache/node-gyp/21.6.2/<(target_arch)/node.lib',
.../node_modules/cpu-features install: gyp info spawn args   '-Dmodule_root_dir=/tmp/twcr-e68aca823e53/node_modules/.pnpm/cpu-features@0.0.9/node_modules/cpu-features',
.../node_modules/cpu-features install: gyp info spawn args   '-Dnode_engine=v8',
.../node_modules/cpu-features install: gyp info spawn args   '--depth=.',
.../node_modules/cpu-features install: gyp info spawn args   '--no-parallel',
.../node_modules/cpu-features install: gyp info spawn args   '--generator-output',
.../node_modules/cpu-features install: gyp info spawn args   'build',
.../node_modules/cpu-features install: gyp info spawn args   '-Goutput_dir=.'
.../node_modules/cpu-features install: gyp info spawn args ]
.../node_modules/cpu-features install: gyp info spawn make
.../node_modules/cpu-features install: gyp info spawn args [ 'BUILDTYPE=Release', '-C', 'build' ]
.../node_modules/cpu-features install: make: Entering directory '/tmp/twcr-e68aca823e53/node_modules/.pnpm/cpu-features@0.0.9/node_modules/cpu-features/build'
.../node_modules/cpu-features install:   CC(target) Release/obj.target/cpu_features/deps/cpu_features/src/impl_aarch64_linux_or_android.o
.../node_modules/cpu-features install:   CC(target) Release/obj.target/cpu_features/deps/cpu_features/src/impl_aarch64_macos_or_iphone.o
.../node_modules/cpu-features install:   CC(target) Release/obj.target/cpu_features/deps/cpu_features/src/impl_arm_linux_or_android.o
.../node_modules/cpu-features install:   CC(target) Release/obj.target/cpu_features/deps/cpu_features/src/impl_mips_linux_or_android.o
.../node_modules/cpu-features install:   CC(target) Release/obj.target/cpu_features/deps/cpu_features/src/impl_ppc_linux.o
.../node_modules/cpu-features install:   CC(target) Release/obj.target/cpu_features/deps/cpu_features/src/impl_x86_freebsd.o
.../node_modules/cpu-features install:   CC(target) Release/obj.target/cpu_features/deps/cpu_features/src/impl_x86_linux_or_android.o
.../node_modules/cpu-features install:   CC(target) Release/obj.target/cpu_features/deps/cpu_features/src/impl_x86_macos.o
.../node_modules/cpu-features install:   CC(target) Release/obj.target/cpu_features/deps/cpu_features/src/impl_x86_windows.o
.../node_modules/cpu-features install:   CC(target) Release/obj.target/cpu_features/deps/cpu_features/src/filesystem.o
.../node_modules/cpu-features install:   CC(target) Release/obj.target/cpu_features/deps/cpu_features/src/stack_line_reader.o
.../node_modules/cpu-features install:   CC(target) Release/obj.target/cpu_features/deps/cpu_features/src/string_view.o
.../node_modules/cpu-features install: rm -f Release/obj.target/deps/cpu_features/cpu_features.a Release/obj.target/deps/cpu_features/cpu_features.a.ar-file-list; mkdir -p `dirname Release/obj.target/deps/cpu_features/cpu_features.a`
.../node_modules/cpu-features install: ar crs Release/obj.target/deps/cpu_features/cpu_features.a @Release/obj.target/deps/cpu_features/cpu_features.a.ar-file-list
.../node_modules/cpu-features install:   COPY Release/cpu_features.a
.../node_modules/cpu-features install:   CXX(target) Release/obj.target/cpufeatures/src/binding.o
.../node_modules/cpu-features install: In file included from ../src/binding.cc:1:
.../node_modules/cpu-features install: /home/node/.cache/node-gyp/21.6.2/include/node/node.h:1202:7: warning: cast between incompatible function types from 'void (*)(Nan::ADDON_REGISTER_FUNCTION_ARGS_TYPE)' {aka 'void (*)(v8::Local<v8::Object>)'} to 'node::addon_register_func' {aka 'void (*)(v8::Local<v8::Object>, v8::Local<v8::Value>, void*)'} [-Wcast-function-type]
.../node_modules/cpu-features install:  1202 |       (node::addon_register_func) (regfunc),                          \
.../node_modules/cpu-features install:       |       ^~~~~~~~~~~~~~~~~~~~~~~~~~~~~~~~~~~~~
.../node_modules/cpu-features install: /home/node/.cache/node-gyp/21.6.2/include/node/node.h:1236:3: note: in expansion of macro 'NODE_MODULE_X'
.../node_modules/cpu-features install:  1236 |   NODE_MODULE_X(modname, regfunc, NULL, 0)  // NOLINT (readability/null_usage)
.../node_modules/cpu-features install:       |   ^~~~~~~~~~~~~
.../node_modules/cpu-features install: ../src/binding.cc:151:1: note: in expansion of macro 'NODE_MODULE'
.../node_modules/cpu-features install:   151 | NODE_MODULE(cpufeatures, init)
.../node_modules/cpu-features install:       | ^~~~~~~~~~~
.../node_modules/cpu-features install:   SOLINK_MODULE(target) Release/obj.target/cpufeatures.node
.../node_modules/cpu-features install:   COPY Release/cpufeatures.node
.../node_modules/cpu-features install: make: Leaving directory '/tmp/twcr-e68aca823e53/node_modules/.pnpm/cpu-features@0.0.9/node_modules/cpu-features/build'
.../node_modules/cpu-features install: gyp info ok 
.../node_modules/cpu-features install: Done
.../.pnpm/ssh2@1.15.0/node_modules/ssh2 install$ node install.js
.../node_modules/@prisma/client postinstall$ node scripts/postinstall.js
.../.pnpm/ssh2@1.15.0/node_modules/ssh2 install: gyp info it worked if it ends with ok
.../.pnpm/ssh2@1.15.0/node_modules/ssh2 install: gyp info using node-gyp@9.4.1
.../.pnpm/ssh2@1.15.0/node_modules/ssh2 install: gyp info using node@21.6.2 | linux | x64
.../.pnpm/ssh2@1.15.0/node_modules/ssh2 install: gyp info find Python using Python version 3.11.2 found at "/usr/bin/python3"
.../.pnpm/ssh2@1.15.0/node_modules/ssh2 install: gyp info spawn /usr/bin/python3
.../.pnpm/ssh2@1.15.0/node_modules/ssh2 install: gyp info spawn args [
.../.pnpm/ssh2@1.15.0/node_modules/ssh2 install: gyp info spawn args   '/usr/local/lib/node_modules/pnpm/dist/node_modules/node-gyp/gyp/gyp_main.py',
.../.pnpm/ssh2@1.15.0/node_modules/ssh2 install: gyp info spawn args   'binding.gyp',
.../.pnpm/ssh2@1.15.0/node_modules/ssh2 install: gyp info spawn args   '-f',
.../.pnpm/ssh2@1.15.0/node_modules/ssh2 install: gyp info spawn args   'make',
.../.pnpm/ssh2@1.15.0/node_modules/ssh2 install: gyp info spawn args   '-I',
.../.pnpm/ssh2@1.15.0/node_modules/ssh2 install: gyp info spawn args   '/tmp/twcr-e68aca823e53/node_modules/.pnpm/ssh2@1.15.0/node_modules/ssh2/lib/protocol/crypto/build/config.gypi',
.../.pnpm/ssh2@1.15.0/node_modules/ssh2 install: gyp info spawn args   '-I',
.../.pnpm/ssh2@1.15.0/node_modules/ssh2 install: gyp info spawn args   '/usr/local/lib/node_modules/pnpm/dist/node_modules/node-gyp/addon.gypi',
.../.pnpm/ssh2@1.15.0/node_modules/ssh2 install: gyp info spawn args   '-I',
.../.pnpm/ssh2@1.15.0/node_modules/ssh2 install: gyp info spawn args   '/home/node/.cache/node-gyp/21.6.2/include/node/common.gypi',
.../.pnpm/ssh2@1.15.0/node_modules/ssh2 install: gyp info spawn args   '-Dlibrary=shared_library',
.../.pnpm/ssh2@1.15.0/node_modules/ssh2 install: gyp info spawn args   '-Dvisibility=default',
.../.pnpm/ssh2@1.15.0/node_modules/ssh2 install: gyp info spawn args   '-Dnode_root_dir=/home/node/.cache/node-gyp/21.6.2',
.../.pnpm/ssh2@1.15.0/node_modules/ssh2 install: gyp info spawn args   '-Dnode_gyp_dir=/usr/local/lib/node_modules/pnpm/dist/node_modules/node-gyp',
.../.pnpm/ssh2@1.15.0/node_modules/ssh2 install: gyp info spawn args   '-Dnode_lib_file=/home/node/.cache/node-gyp/21.6.2/<(target_arch)/node.lib',
.../.pnpm/ssh2@1.15.0/node_modules/ssh2 install: gyp info spawn args   '-Dmodule_root_dir=/tmp/twcr-e68aca823e53/node_modules/.pnpm/ssh2@1.15.0/node_modules/ssh2/lib/protocol/crypto',
.../.pnpm/ssh2@1.15.0/node_modules/ssh2 install: gyp info spawn args   '-Dnode_engine=v8',
.../.pnpm/ssh2@1.15.0/node_modules/ssh2 install: gyp info spawn args   '--depth=.',
.../.pnpm/ssh2@1.15.0/node_modules/ssh2 install: gyp info spawn args   '--no-parallel',
.../.pnpm/ssh2@1.15.0/node_modules/ssh2 install: gyp info spawn args   '--generator-output',
.../.pnpm/ssh2@1.15.0/node_modules/ssh2 install: gyp info spawn args   'build',
.../.pnpm/ssh2@1.15.0/node_modules/ssh2 install: gyp info spawn args   '-Goutput_dir=.'
.../.pnpm/ssh2@1.15.0/node_modules/ssh2 install: gyp info spawn args ]
.../.pnpm/ssh2@1.15.0/node_modules/ssh2 install: gyp info spawn make
.../.pnpm/ssh2@1.15.0/node_modules/ssh2 install: gyp info spawn args [ 'BUILDTYPE=Release', '-C', 'build' ]
.../.pnpm/ssh2@1.15.0/node_modules/ssh2 install: make: Entering directory '/tmp/twcr-e68aca823e53/node_modules/.pnpm/ssh2@1.15.0/node_modules/ssh2/lib/protocol/crypto/build'
.../.pnpm/ssh2@1.15.0/node_modules/ssh2 install:   CXX(target) Release/obj.target/sshcrypto/src/binding.o
.../node_modules/@prisma/client postinstall: prisma:warn The postinstall script automatically ran `prisma generate` and did not find your `prisma/schema.prisma`.
.../node_modules/@prisma/client postinstall: If you have a Prisma schema file in a custom path, you will need to run
.../node_modules/@prisma/client postinstall: `prisma generate --schema=./path/to/your/schema.prisma` to generate Prisma Client.
.../node_modules/@prisma/client postinstall: If you do not have a Prisma schema file yet, you can ignore this message.
.../node_modules/@prisma/client postinstall: Done
.../.pnpm/ssh2@1.15.0/node_modules/ssh2 install:   SOLINK_MODULE(target) Release/obj.target/sshcrypto.node
.../.pnpm/ssh2@1.15.0/node_modules/ssh2 install:   COPY Release/sshcrypto.node
.../.pnpm/ssh2@1.15.0/node_modules/ssh2 install: make: Leaving directory '/tmp/twcr-e68aca823e53/node_modules/.pnpm/ssh2@1.15.0/node_modules/ssh2/lib/protocol/crypto/build'
.../.pnpm/ssh2@1.15.0/node_modules/ssh2 install: gyp info ok 
.../.pnpm/ssh2@1.15.0/node_modules/ssh2 install: Succeeded in building optional crypto binding
.../.pnpm/ssh2@1.15.0/node_modules/ssh2 install: Done
.../node_modules/msw postinstall$ node -e "try{require('./config/scripts/postinstall')}catch(e){}"
.../node_modules/msw postinstall$ node -e "try{require('./config/scripts/postinstall')}catch(e){}"
.../node_modules/msw postinstall: Done
.../node_modules/msw postinstall: Done
.../sharp@0.32.6/node_modules/sharp install$ (node install/libvips && node install/dll-copy && prebuild-install) || (node install/can-compile && node-gyp rebuild && node install/dll-copy)
.../sharp@0.32.6/node_modules/sharp install: sharp: Downloading https://github.com/lovell/sharp-libvips/releases/download/v8.14.5/libvips-8.14.5-linux-x64.tar.br
.../sharp@0.32.6/node_modules/sharp install: sharp: Via proxy http://172.18.0.2:3128 with credentials
.../sharp@0.32.6/node_modules/sharp install: sharp: Integrity check passed for linux-x64
.../sharp@0.32.6/node_modules/sharp install: Done
../../services/workflows-service prepare$ npm run prisma:generate
../../services/workflows-service prepare: > @ballerine/workflows-service@0.5.45 prisma:generate
../../services/workflows-service prepare: > prisma generate
../../services/workflows-service prepare: Prisma schema loaded from prisma/schema.prisma
../../services/workflows-service prepare: ✔ Generated Prisma Client (4.16.2 | library) to ./../../node_modules/.pnpm/@prisma+client@4.16.2_prisma@4.13.0/node_modules/@prisma/client in 865ms
../../services/workflows-service prepare: You can now start using Prisma Client in your code. Reference: https://pris.ly/d/client
../../services/workflows-service prepare: ```
../../services/workflows-service prepare: import { PrismaClient } from '@prisma/client'
../../services/workflows-service prepare: const prisma = new PrismaClient()
../../services/workflows-service prepare: ```
../../services/workflows-service prepare: warn Versions of prisma@4.13.0 and @prisma/client@4.16.2 don't match.
../../services/workflows-service prepare: This might lead to unexpected behavior.
../../services/workflows-service prepare: Please make sure they have the same version.
../../services/workflows-service prepare: npm notice 
../../services/workflows-service prepare: npm notice New minor version of npm available! 10.2.4 -> 10.5.0
../../services/workflows-service prepare: npm notice Changelog: <https://github.com/npm/cli/releases/tag/v10.5.0>
../../services/workflows-service prepare: npm notice Run `npm install -g npm@10.5.0` to update!
../../services/workflows-service prepare: npm notice 
../../services/workflows-service prepare: Done

devDependencies:
+ tailwindcss 3.4.1
+ tailwindcss-animate 1.0.5 (1.0.7 is available)

 WARN  Issues with peer dependencies found
apps/backoffice-v2
├─┬ @tanstack/react-query-devtools 4.22.0
│ └── ✕ unmet peer @tanstack/react-query@4.22.0: found 4.36.1
├─┬ vite-tsconfig-paths 4.3.1
│ └─┬ tsconfck 3.0.2
│   └── ✕ unmet peer typescript@^5.0.0: found 4.9.5
└─┬ react-json-view 1.21.3
  ├── ✕ unmet peer react@"^17.0.0 || ^16.3.0 || ^15.5.4": found 18.2.0
  ├── ✕ unmet peer react-dom@"^17.0.0 || ^16.3.0 || ^15.5.4": found 18.2.0
  └─┬ flux 4.0.4
    └── ✕ unmet peer react@"^15.0.2 || ^16.0.0 || ^17.0.0": found 18.2.0

apps/kyb-app
└─┬ @testing-library/jest-dom 6.4.2
  └── ✕ unmet peer @types/jest@">= 28": found 26.0.24

apps/workflows-dashboard
├─┬ react-custom-scrollbars 4.2.1
│ ├── ✕ unmet peer react@"^0.14.0 || ^15.0.0 || ^16.0.0": found 18.2.0
│ └── ✕ unmet peer react-dom@"^0.14.0 || ^15.0.0 || ^16.0.0": found 18.2.0
└─┬ react-json-view 1.21.3
  ├── ✕ unmet peer react@"^17.0.0 || ^16.3.0 || ^15.5.4": found 18.2.0
  ├── ✕ unmet peer react-dom@"^17.0.0 || ^16.3.0 || ^15.5.4": found 18.2.0
  └─┬ flux 4.0.4
    └── ✕ unmet peer react@"^15.0.2 || ^16.0.0 || ^17.0.0": found 18.2.0

examples/headless-example
├─┬ @xstate/svelte 2.1.0
│ └── ✕ unmet peer xstate@^4.38.1: found 4.37.1
└─┬ vite-tsconfig-paths 4.3.1
  └─┬ tsconfck 3.0.2
    └── ✕ unmet peer typescript@^5.0.0: found 4.9.5

packages/blocks
├─┬ eslint-plugin-functional 3.7.2
│ ├── ✕ unmet peer eslint@"^5.0.0 || ^6.0.0 || ^7.0.0": found 8.57.0
│ └── ✕ unmet peer typescript@"^3.4.1 || ^4.0.0": found 5.1.6
└─┬ rollup-plugin-dts 4.2.2
  └── ✕ unmet peer typescript@^4.1: found 5.1.6

packages/common
└─┬ eslint-plugin-functional 3.7.2
  └── ✕ unmet peer eslint@"^5.0.0 || ^6.0.0 || ^7.0.0": found 8.57.0

packages/rules-engine
└─┬ eslint-plugin-functional 3.7.2
  └── ✕ unmet peer eslint@"^5.0.0 || ^6.0.0 || ^7.0.0": found 8.57.0

packages/workflow-core
├─┬ eslint-plugin-functional 3.7.2
│ ├── ✕ unmet peer eslint@"^5.0.0 || ^6.0.0 || ^7.0.0": found 8.57.0
│ └── ✕ unmet peer typescript@"^3.4.1 || ^4.0.0": found 5.1.6
└─┬ rollup-plugin-dts 4.2.2
  └── ✕ unmet peer typescript@^4.1: found 5.1.6

sdks/web-ui-sdk
├─┬ @sveltejs/vite-plugin-svelte 1.0.8
│ └── ✕ unmet peer vite@^3.0.0: found 4.0.3
└─┬ typedoc-plugin-markdown 3.17.1
  └── ✕ unmet peer typedoc@>=0.24.0: found 0.23.28

sdks/workflow-browser-sdk
└─┬ eslint-plugin-functional 3.7.2
  └── ✕ unmet peer eslint@"^5.0.0 || ^6.0.0 || ^7.0.0": found 8.57.0

sdks/workflow-node-sdk
├─┬ eslint-plugin-functional 3.7.2
│ ├── ✕ unmet peer eslint@"^5.0.0 || ^6.0.0 || ^7.0.0": found 8.57.0
│ └── ✕ unmet peer typescript@"^3.4.1 || ^4.0.0": found 5.1.6
└─┬ rollup-plugin-dts 4.2.2
  └── ✕ unmet peer typescript@^4.1: found 5.1.6

websites/docs
├─┬ eslint-plugin-unused-imports 3.1.0
│ └── ✕ unmet peer @typescript-eslint/eslint-plugin@"6 - 7": found 5.62.0
├─┬ @astrojs/tailwind 4.0.0
│ └── ✕ unmet peer astro@^2.6.5: found 3.3.3
└─┬ astro 3.3.3
  └─┬ tsconfck 3.0.2
    └── ✕ unmet peer typescript@^5.0.0: found 4.9.5

Done in 3m 13s
+ jq -cr '
        .[]
        | [.dependencies, .devDependencies, .optionalDependencies]
        | map(select(.))[]
        | to_entries
        | map({ name: .key, version: .value.version })
        | sort_by(.name)[]
+ pnpm ls --json
      '
+ exitcode=0
+ set -e
+ [[ 0 != \0 ]]
++ jq -sr 'map(select(.name == "tailwindcss")) | first | .version'
+ tailwind_package_version=3.4.1
+ tailwind_config_exporter=tailwind.config.exporter2.cjs
+ '[' -f node_modules/tailwindcss/lib/lib/load-config.js ']'
+ tailwind_config_exporter=tailwind.config.exporter3.mjs
+ cp /twcr/worker/../worker/tailwind.config.exporter3.mjs ./
+ set +e
+ node ./tailwind.config.exporter3.mjs tailwind.config.cjs
+ exitcode=0
+ set -e
+ [[ 0 != \0 ]]
+ echo 'module.exports={plugins:['
+ jq -rs '
        map(select(.name | startswith("@tailwindcss/")))
        | map("require(" + ( .name | tojson ) + "),")[]
      '
+ grep -Ev '"@tailwindcss/postcss7-compat"'
+ true
+ echo ']}'
+ cat tailwind.config.cjs
+ sed 's/^/>>> /'
>>> module.exports={plugins:[
>>> ]}
+ node ./tailwind.config.exporter3.mjs tailwind.config.cjs
++ date -u +%Y-%m-%dT%H:%M:%SZ
+ writetaskstat timestamp_attempt_squash_end 2024-03-04T02:42:14Z
+ jq -nc --arg key timestamp_attempt_squash_end --arg value 2024-03-04T02:42:14Z '{ key: $key, value: $value }'
+ break
++ date -u +%Y-%m-%dT%H:%M:%SZ
+ writetaskstat timestamp_end 2024-03-04T02:42:14Z
+ jq -nc --arg key timestamp_end --arg value 2024-03-04T02:42:14Z '{ key: $key, value: $value }'
+ rm /twcr/mnt/results/extract-failed
+ touch /twcr/mnt/results/extract-completed
