==== RUN-DOCKER
+++ dirname -- ./worker/run.sh
++ cd -- ./worker
++ pwd
+ twcrdir=/twcr/worker/..
+ repo=github.com/ywanzhou/vue3-template
+ reporef=master
+ repopath=./
+ '[' true == true ']'
+ grep -q '^././'
++ echo github.com/ywanzhou/vue3-template
++ sha256sum
++ awk '{ print $1 }'
++ cut -c1-12
+ procdir=/tmp/twcr-f92a882e18f0
++ echo 'github.com/ywanzhou/vue3-template;master;./'
++ sha256sum
++ awk '{ print $1 }'
++ cut -c1-12
+ datadir=/twcr/worker/../mnt/dataset/data/38740360ccbb
+ '[' '!' -z /twcr/mnt/results ']'
+ datadir=/twcr/mnt/results
+ touch /twcr/mnt/results/extract-failed
++ base64
++ tr -d =
++ tr /+ _-
++ base64
++ tr -d =
++ tr /+ _-
+ writetaskstat analysis_key github.com/ywanzhou/vue3-template/bWFzdGVyCg/Li8K
+ jq -nc --arg key analysis_key --arg value github.com/ywanzhou/vue3-template/bWFzdGVyCg/Li8K '{ key: $key, value: $value }'
++ date -u +%Y%m%d%H%M%S
++ sha256sum
++ awk '{ print $1 }'
++ cut -c1-16
++ head -c 32 /dev/urandom
+ writetaskstat analysis_nonce c0b92920779c34be
+ jq -nc --arg key analysis_nonce --arg value c0b92920779c34be '{ key: $key, value: $value }'
+ writetaskstat input_repo_name github.com/ywanzhou/vue3-template
+ jq -nc --arg key input_repo_name --arg value github.com/ywanzhou/vue3-template '{ key: $key, value: $value }'
+ writetaskstat input_repo_ref master
+ jq -nc --arg key input_repo_ref --arg value master '{ key: $key, value: $value }'
+ writetaskstat input_repo_path ./
+ jq -nc --arg key input_repo_path --arg value ./ '{ key: $key, value: $value }'
++ date -u +%Y-%m-%dT%H:%M:%SZ
+ writetaskstat timestamp_begin 2024-03-04T05:23:27Z
+ jq -nc --arg key timestamp_begin --arg value 2024-03-04T05:23:27Z '{ key: $key, value: $value }'
+ mkdir -p /tmp/twcr-f92a882e18f0
+ pushd /tmp/twcr-f92a882e18f0
+ '[' -d .git ']'
+ git clone --depth=1 -b master https://github.com/ywanzhou/vue3-template.git .
/tmp/twcr-f92a882e18f0 /twcr
Cloning into '.'...
++ date -u +%Y-%m-%dT%H:%M:%SZ
+ writetaskstat timestamp_git_clone_complete 2024-03-04T05:23:28Z
+ jq -nc --arg key timestamp_git_clone_complete --arg value 2024-03-04T05:23:28Z '{ key: $key, value: $value }'
++ git rev-parse HEAD
+ writetaskstat exec_repo_commit_sha 5b3e56beb4e34f20ee85e41588e4d537eb344877
+ jq -nc --arg key exec_repo_commit_sha --arg value 5b3e56beb4e34f20ee85e41588e4d537eb344877 '{ key: $key, value: $value }'
+++ git show --no-patch --format=%ci
++ date -u --date '2023-02-26 16:21:05 +0800' +%Y-%m-%dT%H:%M:%SZ
+ writetaskstat exec_repo_commit_date 2023-02-26T08:21:05Z
+ jq -nc --arg key exec_repo_commit_date --arg value 2023-02-26T08:21:05Z '{ key: $key, value: $value }'
/tmp/twcr-f92a882e18f0 /tmp/twcr-f92a882e18f0 /twcr
+ '[' -z ./ ']'
+ pushd ./
+ tailwind_config_file_name=
+ '[' -f tailwind.config.js ']'
+ tailwind_config_file_name=tailwind.config.js
+ writetaskstat exec_tailwind_config_file tailwind.config.js
+ jq -nc --arg key exec_tailwind_config_file --arg value tailwind.config.js '{ key: $key, value: $value }'
+ cp tailwind.config.js /twcr/mnt/results/extract-raw-tailwind-config.js
+ '[' '!' -f package.json ']'
+ cp package.json /twcr/mnt/results/extract-raw-package.json
++ /twcr/worker/../worker/pm-detect.sh /tmp/twcr-f92a882e18f0
+ package_manager_name=pnpm
+ '[' -z pnpm ']'
+ '[' -z pnpm ']'
+ writetaskstat exec_node_package_manager pnpm
+ jq -nc --arg key exec_node_package_manager --arg value pnpm '{ key: $key, value: $value }'
+ attempt_mode=squash
+ true
++ date -u +%Y-%m-%dT%H:%M:%SZ
+ writetaskstat timestamp_attempt_squash_begin 2024-03-04T05:23:28Z
+ jq -nc --arg key timestamp_attempt_squash_begin --arg value 2024-03-04T05:23:28Z '{ key: $key, value: $value }'
+ [[ squash == \s\q\u\a\s\h ]]
+ set +e
+ node /twcr/worker/../worker/squash-package.mjs tailwind.config.js
+ exitcode=0
+ set -e
+ [[ 0 != \0 ]]
+ cat package.json
+ sed 's/^/>>> /'
+ rm -f package-lock.json pnpm-lock.yaml yarn.lock
>>> {
>>>   "name": "vue3-template",
>>>   "private": true,
>>>   "version": "0.0.3",
>>>   "description": "a template vue3 repository",
>>>   "author": {
>>>     "name": "ywanzhou",
>>>     "email": "ywanzhou@qq.com",
>>>     "url": "https://juejin.cn/user/3350967174838701"
>>>   },
>>>   "license": "MIT",
>>>   "lint-staged": {
>>>     "*.{vue,js,ts,tsx,jsx}": [
>>>       "eslint --fix",
>>>       "prettier --write --ignore-unknown"
>>>     ]
>>>   },
>>>   "dependencies": {},
>>>   "devDependencies": {
>>>     "tailwindcss": "^3.0.23"
>>>   },
>>>   "config": {
>>>     "commitizen": {
>>>       "path": "./node_modules/cz-conventional-changelog"
>>>     }
>>>   },
>>>   "engines": {
>>>     "node": ">= 16.9.0"
>>>   },
>>>   "repository": {
>>>     "type": "git",
>>>     "url": "https://github.com/ywanzhou/vue3-template"
>>>   }
>>> }+ '[' ./ '!=' ./ ']'
+ set +e
+ /twcr/worker/../worker/pm-install.sh pnpm /tmp/twcr-f92a882e18f0 /twcr/mnt/results
+ package_manager_name=pnpm
+ procdir=/tmp/twcr-f92a882e18f0
+ datadir=/twcr/mnt/results
+ case "${package_manager_name}" in
+ '[' '!' -f /tmp/twcr-f92a882e18f0/package.json ']'
++ pnpm -v
+ sed -Ei 's/("pnpm": ")(.+)(")/\18.15.4\3/' /tmp/twcr-f92a882e18f0/package.json
+ '[' '!' -f package.json ']'
++ pnpm -v
+ sed -Ei 's/("pnpm": ")(.+)(")/\18.15.4\3/' package.json
+ pnpm install
Progress: resolved 1, reused 0, downloaded 0, added 0
Progress: resolved 37, reused 0, downloaded 23, added 0
Progress: resolved 71, reused 0, downloaded 61, added 0
Progress: resolved 104, reused 0, downloaded 93, added 0
Packages: +105
++++++++++++++++++++++++++++++++++++++++++++++++++++++++++++++++++++++++++++++++
Progress: resolved 106, reused 0, downloaded 105, added 105, done

devDependencies:
+ tailwindcss 3.4.1

Done in 4.2s
+ pnpm ls --json
+ jq -cr '
        .[]
        | [.dependencies, .devDependencies, .optionalDependencies]
        | map(select(.))[]
        | to_entries
        | map({ name: .key, version: .value.version })
        | sort_by(.name)[]
      '
+ exitcode=0
+ set -e
+ [[ 0 != \0 ]]
++ jq -sr 'map(select(.name == "tailwindcss")) | first | .version'
+ tailwind_package_version=3.4.1
+ tailwind_config_exporter=tailwind.config.exporter2.cjs
+ '[' -f node_modules/tailwindcss/lib/lib/load-config.js ']'
+ tailwind_config_exporter=tailwind.config.exporter3.mjs
+ cp /twcr/worker/../worker/tailwind.config.exporter3.mjs ./
+ set +e
+ node ./tailwind.config.exporter3.mjs tailwind.config.js
+ exitcode=0
+ set -e
+ [[ 0 != \0 ]]
+ echo 'module.exports={plugins:['
+ jq -rs '
        map(select(.name | startswith("@tailwindcss/")))
        | map("require(" + ( .name | tojson ) + "),")[]
      '
+ grep -Ev '"@tailwindcss/postcss7-compat"'
+ true
+ echo ']}'
+ cat tailwind.config.js
+ sed 's/^/>>> /'
+ node ./tailwind.config.exporter3.mjs tailwind.config.js
>>> module.exports={plugins:[
>>> ]}
++ date -u +%Y-%m-%dT%H:%M:%SZ
+ writetaskstat timestamp_attempt_squash_end 2024-03-04T05:23:34Z
+ jq -nc --arg key timestamp_attempt_squash_end --arg value 2024-03-04T05:23:34Z '{ key: $key, value: $value }'
+ break
++ date -u +%Y-%m-%dT%H:%M:%SZ
+ writetaskstat timestamp_end 2024-03-04T05:23:34Z
+ jq -nc --arg key timestamp_end --arg value 2024-03-04T05:23:34Z '{ key: $key, value: $value }'
+ rm /twcr/mnt/results/extract-failed
+ touch /twcr/mnt/results/extract-completed
