==== RUN-DOCKER
+++ dirname -- ./worker/run.sh
++ cd -- ./worker
++ pwd
+ twcrdir=/twcr/worker/..
+ repo=github.com/lastrust/community-faucet
+ reporef=main
+ repopath=./app
+ '[' true == true ']'
+ grep -q '^././'
++ echo github.com/lastrust/community-faucet
++ sha256sum
++ awk '{ print $1 }'
++ cut -c1-12
+ procdir=/tmp/twcr-524101b7e1fa
++ echo 'github.com/lastrust/community-faucet;main;./app'
++ sha256sum
++ awk '{ print $1 }'
++ cut -c1-12
+ datadir=/twcr/worker/../mnt/dataset/data/e89d3dac40c2
+ '[' '!' -z /twcr/mnt/results ']'
+ datadir=/twcr/mnt/results
+ touch /twcr/mnt/results/extract-failed
++ base64
++ tr -d =
++ tr /+ _-
++ base64
++ tr -d =
++ tr /+ _-
+ writetaskstat analysis_key github.com/lastrust/community-faucet/bWFpbgo/Li9hcHAK
+ jq -nc --arg key analysis_key --arg value github.com/lastrust/community-faucet/bWFpbgo/Li9hcHAK '{ key: $key, value: $value }'
++ date -u +%Y%m%d%H%M%S
++ sha256sum
++ awk '{ print $1 }'
++ cut -c1-16
++ head -c 32 /dev/urandom
+ writetaskstat analysis_nonce b3fb7f18eacc528b
+ jq -nc --arg key analysis_nonce --arg value b3fb7f18eacc528b '{ key: $key, value: $value }'
+ writetaskstat input_repo_name github.com/lastrust/community-faucet
+ jq -nc --arg key input_repo_name --arg value github.com/lastrust/community-faucet '{ key: $key, value: $value }'
+ writetaskstat input_repo_ref main
+ jq -nc --arg key input_repo_ref --arg value main '{ key: $key, value: $value }'
+ writetaskstat input_repo_path ./app
+ jq -nc --arg key input_repo_path --arg value ./app '{ key: $key, value: $value }'
++ date -u +%Y-%m-%dT%H:%M:%SZ
+ writetaskstat timestamp_begin 2024-03-04T09:50:15Z
+ jq -nc --arg key timestamp_begin --arg value 2024-03-04T09:50:15Z '{ key: $key, value: $value }'
+ mkdir -p /tmp/twcr-524101b7e1fa
+ pushd /tmp/twcr-524101b7e1fa
+ '[' -d .git ']'
+ git clone --depth=1 -b main https://github.com/lastrust/community-faucet.git .
/tmp/twcr-524101b7e1fa /twcr
Cloning into '.'...
++ date -u +%Y-%m-%dT%H:%M:%SZ
+ writetaskstat timestamp_git_clone_complete 2024-03-04T09:50:17Z
+ jq -nc --arg key timestamp_git_clone_complete --arg value 2024-03-04T09:50:17Z '{ key: $key, value: $value }'
++ git rev-parse HEAD
+ writetaskstat exec_repo_commit_sha 79c8c95037a69340d449215ae9dc5ac999534f9c
+ jq -nc --arg key exec_repo_commit_sha --arg value 79c8c95037a69340d449215ae9dc5ac999534f9c '{ key: $key, value: $value }'
+++ git show --no-patch --format=%ci
++ date -u --date '2023-08-24 14:12:28 +0800' +%Y-%m-%dT%H:%M:%SZ
+ writetaskstat exec_repo_commit_date 2023-08-24T06:12:28Z
+ jq -nc --arg key exec_repo_commit_date --arg value 2023-08-24T06:12:28Z '{ key: $key, value: $value }'
+ '[' -z ./app ']'
+ pushd ./app
+ tailwind_config_file_name=
+ '[' -f tailwind.config.js ']'
+ tailwind_config_file_name=tailwind.config.js
+ writetaskstat exec_tailwind_config_file tailwind.config.js
+ jq -nc --arg key exec_tailwind_config_file --arg value tailwind.config.js '{ key: $key, value: $value }'
/tmp/twcr-524101b7e1fa/app /tmp/twcr-524101b7e1fa /twcr
+ cp tailwind.config.js /twcr/mnt/results/extract-raw-tailwind-config.js
+ '[' '!' -f package.json ']'
+ cp package.json /twcr/mnt/results/extract-raw-package.json
++ /twcr/worker/../worker/pm-detect.sh /tmp/twcr-524101b7e1fa/app
+ package_manager_name=
+ '[' -z '' ']'
+ '[' ./app '!=' ./ ']'
++ /twcr/worker/../worker/pm-detect.sh /tmp/twcr-524101b7e1fa
+ package_manager_name=pnpm
+ '[' -z pnpm ']'
+ writetaskstat exec_node_package_manager pnpm
+ jq -nc --arg key exec_node_package_manager --arg value pnpm '{ key: $key, value: $value }'
+ attempt_mode=squash
+ true
++ date -u +%Y-%m-%dT%H:%M:%SZ
+ writetaskstat timestamp_attempt_squash_begin 2024-03-04T09:50:17Z
+ jq -nc --arg key timestamp_attempt_squash_begin --arg value 2024-03-04T09:50:17Z '{ key: $key, value: $value }'
+ [[ squash == \s\q\u\a\s\h ]]
+ set +e
+ node /twcr/worker/../worker/squash-package.mjs tailwind.config.js
+ exitcode=0
+ set -e
+ [[ 0 != \0 ]]
+ cat package.json
+ sed 's/^/>>> /'
>>> {
>>>   "name": "app",
>>>   "private": true,
>>>   "dependencies": {
>>>     "daisyui": "^3.2.1"
>>>   },
>>>   "devDependencies": {
>>>     "tailwindcss": "^3.3.3"
>>>   }
>>> }+ rm -f package-lock.json pnpm-lock.yaml yarn.lock
+ '[' ./app '!=' ./ ']'
+ rm -f /tmp/twcr-524101b7e1fa/package.json /tmp/twcr-524101b7e1fa/package-lock.json /tmp/twcr-524101b7e1fa/pnpm-lock.yaml /tmp/twcr-524101b7e1fa/yarn.lock
+ set +e
+ /twcr/worker/../worker/pm-install.sh pnpm /tmp/twcr-524101b7e1fa /twcr/mnt/results
+ package_manager_name=pnpm
+ procdir=/tmp/twcr-524101b7e1fa
+ datadir=/twcr/mnt/results
+ case "${package_manager_name}" in
+ '[' '!' -f /tmp/twcr-524101b7e1fa/package.json ']'
+ '[' '!' -f package.json ']'
++ pnpm -v
+ sed -Ei 's/("pnpm": ")(.+)(")/\18.15.4\3/' package.json
+ pnpm install
Scope: all 2 workspace projects
..                                       | Progress: resolved 1, reused 0, downloaded 0, added 0
../contract                              |  WARN  deprecated @nomiclabs/hardhat-etherscan@3.1.8
..                                       | Progress: resolved 24, reused 0, downloaded 17, added 0
..                                       | Progress: resolved 52, reused 0, downloaded 40, added 0
..                                       | Progress: resolved 79, reused 0, downloaded 70, added 0
..                                       | Progress: resolved 112, reused 0, downloaded 98, added 0
..                                       | Progress: resolved 147, reused 0, downloaded 127, added 0
..                                       | Progress: resolved 174, reused 0, downloaded 156, added 0
..                                       | Progress: resolved 209, reused 0, downloaded 189, added 0
..                                       | Progress: resolved 252, reused 0, downloaded 223, added 0
..                                       | Progress: resolved 286, reused 0, downloaded 259, added 0
..                                       | Progress: resolved 319, reused 0, downloaded 290, added 0
..                                       | Progress: resolved 356, reused 0, downloaded 317, added 0
..                                       | Progress: resolved 391, reused 0, downloaded 351, added 0
..                                       | Progress: resolved 432, reused 0, downloaded 388, added 0
..                                       | Progress: resolved 465, reused 0, downloaded 420, added 0
..                                       | Progress: resolved 502, reused 0, downloaded 456, added 0
..                                       | Progress: resolved 540, reused 0, downloaded 492, added 0
..                                       | Progress: resolved 578, reused 0, downloaded 521, added 0
..                                       | Progress: resolved 605, reused 0, downloaded 556, added 0
..                                       | Progress: resolved 642, reused 0, downloaded 591, added 0
..                                       | Progress: resolved 659, reused 0, downloaded 632, added 0
..                                       | Progress: resolved 666, reused 0, downloaded 653, added 0
..                                       | Progress: resolved 682, reused 0, downloaded 669, added 0
..                                       | Progress: resolved 701, reused 0, downloaded 680, added 0
..                                       | Progress: resolved 733, reused 0, downloaded 709, added 0
..                                       | Progress: resolved 761, reused 0, downloaded 744, added 0
..                                       | Progress: resolved 775, reused 0, downloaded 764, added 0
..                                       | Progress: resolved 790, reused 0, downloaded 781, added 0
../contract                              |  WARN  deprecated @ensdomains/ens@0.4.5
../contract                              |  WARN  deprecated @ensdomains/resolver@0.2.4
..                                       | Progress: resolved 813, reused 0, downloaded 797, added 0
 WARN  5 deprecated subdependencies found: @openzeppelin/platform-deploy-client@0.8.0, har-validator@5.1.5, request@2.88.2, testrpc@0.0.1, uuid@3.4.0
..                                       | Progress: resolved 841, reused 0, downloaded 829, added 0
..                                       | +832 ++++++++++++++++++++++++++++++++
..                                       | Progress: resolved 841, reused 0, downloaded 832, added 832, done
.../keccak@3.0.4/node_modules/keccak install$ node-gyp-build || exit 0
.../node_modules/secp256k1 install$ node-gyp-build || exit 0
.../node_modules/core-js-pure postinstall$ node -e "try{require('./postinstall')}catch(e){}"
.../keccak@3.0.1/node_modules/keccak install$ node-gyp-build || exit 0
.../node_modules/bufferutil install$ node-gyp-build
.../node_modules/core-js-pure postinstall: Thank you for using core-js ( https://github.com/zloirock/core-js ) for polyfilling JavaScript standard library!
.../node_modules/core-js-pure postinstall: The project needs your help! Please consider supporting core-js:
.../node_modules/core-js-pure postinstall: > https://opencollective.com/core-js 
.../node_modules/core-js-pure postinstall: > https://patreon.com/zloirock 
.../node_modules/core-js-pure postinstall: > https://boosty.to/zloirock 
.../node_modules/core-js-pure postinstall: > bitcoin: bc1qlea7544qtsmj2rayg0lthvza9fau63ux0fstcz 
.../node_modules/core-js-pure postinstall: I highly recommend reading this: https://github.com/zloirock/core-js/blob/master/docs/2023-02-14-so-whats-next.md 
.../node_modules/core-js-pure postinstall: Done
.../keccak@3.0.4/node_modules/keccak install: Done
.../node_modules/secp256k1 install: Done
.../node_modules/utf-8-validate install$ node-gyp-build
.../keccak@3.0.1/node_modules/keccak install: Done
.../node_modules/bufferutil install: Done
.../node_modules/utf-8-validate install: Done
.../@trufflesuite/bigint-buffer install$ node-gyp-build || echo "Couldn't build bindings. Non-native version used."
.../@trufflesuite/bigint-buffer install: Done

dependencies:
+ daisyui 3.9.4 (4.7.2 is available)

devDependencies:
+ tailwindcss 3.4.1

Done in 32.8s
+ pnpm ls --json
+ jq -cr '
        .[]
        | [.dependencies, .devDependencies, .optionalDependencies]
        | map(select(.))[]
        | to_entries
        | map({ name: .key, version: .value.version })
        | sort_by(.name)[]
      '
+ exitcode=0
+ set -e
+ [[ 0 != \0 ]]
++ jq -sr 'map(select(.name == "tailwindcss")) | first | .version'
+ tailwind_package_version=3.4.1
+ tailwind_config_exporter=tailwind.config.exporter2.cjs
+ '[' -f node_modules/tailwindcss/lib/lib/load-config.js ']'
+ tailwind_config_exporter=tailwind.config.exporter3.mjs
+ cp /twcr/worker/../worker/tailwind.config.exporter3.mjs ./
+ set +e
+ node ./tailwind.config.exporter3.mjs tailwind.config.js
+ exitcode=0
+ set -e
+ [[ 0 != \0 ]]
+ echo 'module.exports={plugins:['
+ jq -rs '
        map(select(.name | startswith("@tailwindcss/")))
        | map("require(" + ( .name | tojson ) + "),")[]
      '
+ grep -Ev '"@tailwindcss/postcss7-compat"'
+ true
+ echo ']}'
+ cat tailwind.config.js
+ sed 's/^/>>> /'
>>> module.exports={plugins:[
>>> ]}
+ node ./tailwind.config.exporter3.mjs tailwind.config.js
++ date -u +%Y-%m-%dT%H:%M:%SZ
+ writetaskstat timestamp_attempt_squash_end 2024-03-04T09:50:51Z
+ jq -nc --arg key timestamp_attempt_squash_end --arg value 2024-03-04T09:50:51Z '{ key: $key, value: $value }'
+ break
++ date -u +%Y-%m-%dT%H:%M:%SZ
+ writetaskstat timestamp_end 2024-03-04T09:50:51Z
+ jq -nc --arg key timestamp_end --arg value 2024-03-04T09:50:51Z '{ key: $key, value: $value }'
+ rm /twcr/mnt/results/extract-failed
+ touch /twcr/mnt/results/extract-completed
