==== RUN-DOCKER
+++ dirname -- ./worker/run.sh
++ cd -- ./worker
++ pwd
+ twcrdir=/twcr/worker/..
+ repo=github.com/adarshanand67/ShareMe
+ reporef=main
+ repopath=./shareme-frontend
+ '[' true == true ']'
+ grep -q '^././'
++ echo github.com/adarshanand67/ShareMe
++ sha256sum
++ awk '{ print $1 }'
++ cut -c1-12
+ procdir=/tmp/twcr-91cacfd51e93
++ echo 'github.com/adarshanand67/ShareMe;main;./shareme-frontend'
++ sha256sum
++ awk '{ print $1 }'
++ cut -c1-12
+ datadir=/twcr/worker/../mnt/dataset/data/09275a7a9763
+ '[' '!' -z /twcr/mnt/results ']'
+ datadir=/twcr/mnt/results
+ touch /twcr/mnt/results/extract-failed
++ base64
++ tr -d =
++ tr /+ _-
++ base64
++ tr -d =
++ tr /+ _-
+ writetaskstat analysis_key github.com/adarshanand67/ShareMe/bWFpbgo/Li9zaGFyZW1lLWZyb250ZW5kCg
+ jq -nc --arg key analysis_key --arg value github.com/adarshanand67/ShareMe/bWFpbgo/Li9zaGFyZW1lLWZyb250ZW5kCg '{ key: $key, value: $value }'
++ date -u +%Y%m%d%H%M%S
++ sha256sum
++ awk '{ print $1 }'
++ cut -c1-16
++ head -c 32 /dev/urandom
+ writetaskstat analysis_nonce 72eb902e55d30b3a
+ jq -nc --arg key analysis_nonce --arg value 72eb902e55d30b3a '{ key: $key, value: $value }'
+ writetaskstat input_repo_name github.com/adarshanand67/ShareMe
+ jq -nc --arg key input_repo_name --arg value github.com/adarshanand67/ShareMe '{ key: $key, value: $value }'
+ writetaskstat input_repo_ref main
+ jq -nc --arg key input_repo_ref --arg value main '{ key: $key, value: $value }'
+ writetaskstat input_repo_path ./shareme-frontend
+ jq -nc --arg key input_repo_path --arg value ./shareme-frontend '{ key: $key, value: $value }'
++ date -u +%Y-%m-%dT%H:%M:%SZ
+ writetaskstat timestamp_begin 2024-03-05T12:02:39Z
+ jq -nc --arg key timestamp_begin --arg value 2024-03-05T12:02:39Z '{ key: $key, value: $value }'
+ mkdir -p /tmp/twcr-91cacfd51e93
/tmp/twcr-91cacfd51e93 /twcr
+ pushd /tmp/twcr-91cacfd51e93
+ '[' -d .git ']'
+ git clone --depth=1 -b main https://github.com/adarshanand67/ShareMe.git .
Cloning into '.'...
++ date -u +%Y-%m-%dT%H:%M:%SZ
+ writetaskstat timestamp_git_clone_complete 2024-03-05T12:02:41Z
+ jq -nc --arg key timestamp_git_clone_complete --arg value 2024-03-05T12:02:41Z '{ key: $key, value: $value }'
++ git rev-parse HEAD
+ writetaskstat exec_repo_commit_sha 9d1fc555e9be7ef126618dab225bd3280a47bf15
+ jq -nc --arg key exec_repo_commit_sha --arg value 9d1fc555e9be7ef126618dab225bd3280a47bf15 '{ key: $key, value: $value }'
+++ git show --no-patch --format=%ci
++ date -u --date '2023-11-01 06:57:41 +0530' +%Y-%m-%dT%H:%M:%SZ
+ writetaskstat exec_repo_commit_date 2023-11-01T01:27:41Z
+ jq -nc --arg key exec_repo_commit_date --arg value 2023-11-01T01:27:41Z '{ key: $key, value: $value }'
+ '[' -z ./shareme-frontend ']'
+ pushd ./shareme-frontend
+ tailwind_config_file_name=
+ '[' -f tailwind.config.js ']'
+ tailwind_config_file_name=tailwind.config.js
+ writetaskstat exec_tailwind_config_file tailwind.config.js
+ jq -nc --arg key exec_tailwind_config_file --arg value tailwind.config.js '{ key: $key, value: $value }'
/tmp/twcr-91cacfd51e93/shareme-frontend /tmp/twcr-91cacfd51e93 /twcr
+ cp tailwind.config.js /twcr/mnt/results/extract-raw-tailwind-config.js
+ '[' '!' -f package.json ']'
+ cp package.json /twcr/mnt/results/extract-raw-package.json
++ /twcr/worker/../worker/pm-detect.sh /tmp/twcr-91cacfd51e93/shareme-frontend
+ package_manager_name=
+ '[' -z '' ']'
+ '[' ./shareme-frontend '!=' ./ ']'
++ /twcr/worker/../worker/pm-detect.sh /tmp/twcr-91cacfd51e93
grep: /tmp/twcr-91cacfd51e93/package.json: No such file or directory
grep: /tmp/twcr-91cacfd51e93/package.json: No such file or directory
grep: /tmp/twcr-91cacfd51e93/package.json: No such file or directory
/twcr/worker/../worker/pm-detect.sh: line 17: /tmp/twcr-91cacfd51e93/package.json: No such file or directory
+ package_manager_name=
+ '[' -z '' ']'
+ package_manager_name=npm
+ writetaskstat exec_node_package_manager npm
+ jq -nc --arg key exec_node_package_manager --arg value npm '{ key: $key, value: $value }'
+ attempt_mode=squash
+ true
++ date -u +%Y-%m-%dT%H:%M:%SZ
+ writetaskstat timestamp_attempt_squash_begin 2024-03-05T12:02:41Z
+ jq -nc --arg key timestamp_attempt_squash_begin --arg value 2024-03-05T12:02:41Z '{ key: $key, value: $value }'
+ [[ squash == \s\q\u\a\s\h ]]
+ set +e
+ node /twcr/worker/../worker/squash-package.mjs tailwind.config.js
+ exitcode=0
+ set -e
+ [[ 0 != \0 ]]
+ cat package.json
+ sed 's/^/>>> /'
>>> {
>>>   "name": "shareme-frontend",
>>>   "version": "0.1.0",
>>>   "private": true,
>>>   "dependencies": {
>>>     "flowbite": "^1.6.3"
>>>   },
>>>   "eslintConfig": {
>>>     "extends": [
>>>       "react-app",
>>>       "react-app/jest"
>>>     ]
>>>   },
>>>   "browserslist": {
>>>     "production": [
>>>       ">0.2%",
>>>       "not dead",
>>>       "not op_mini all"
>>>     ],
>>>     "development": [
>>>       "last 1 chrome version",
>>>       "last 1 firefox version",
>>>       "last 1 safari version"
>>>     ]
>>>   },
>>>   "devDependencies": {
>>>     "tailwindcss": "^3.1.8"
>>>   }
>>> }+ rm -f package-lock.json pnpm-lock.yaml yarn.lock
+ '[' ./shareme-frontend '!=' ./ ']'
+ rm -f /tmp/twcr-91cacfd51e93/package.json /tmp/twcr-91cacfd51e93/package-lock.json /tmp/twcr-91cacfd51e93/pnpm-lock.yaml /tmp/twcr-91cacfd51e93/yarn.lock
+ set +e
+ /twcr/worker/../worker/pm-install.sh npm /tmp/twcr-91cacfd51e93 /twcr/mnt/results
+ package_manager_name=npm
+ procdir=/tmp/twcr-91cacfd51e93
+ datadir=/twcr/mnt/results
+ case "${package_manager_name}" in
++ '[' -f package-lock.json ']'
++ echo install
+ npm install --ignore-engines

added 115 packages, and audited 116 packages in 5s

29 packages are looking for funding
  run `npm fund` for details

found 0 vulnerabilities
npm notice 
npm notice New minor version of npm available! 10.2.4 -> 10.5.0
npm notice Changelog: <https://github.com/npm/cli/releases/tag/v10.5.0>
npm notice Run `npm install -g npm@10.5.0` to update!
npm notice 
+ npm query '*'
+ jq -cr '
        map({ name: .name, version: .version })
        | map(select(.name))
        | sort_by(.name)[]
      '
+ exitcode=0
+ set -e
+ [[ 0 != \0 ]]
++ jq -sr 'map(select(.name == "tailwindcss")) | first | .version'
+ tailwind_package_version=3.4.1
+ tailwind_config_exporter=tailwind.config.exporter2.cjs
+ '[' -f node_modules/tailwindcss/lib/lib/load-config.js ']'
+ tailwind_config_exporter=tailwind.config.exporter3.mjs
+ cp /twcr/worker/../worker/tailwind.config.exporter3.mjs ./
+ set +e
+ node ./tailwind.config.exporter3.mjs tailwind.config.js
+ exitcode=0
+ set -e
+ [[ 0 != \0 ]]
+ echo 'module.exports={plugins:['
+ jq -rs '
        map(select(.name | startswith("@tailwindcss/")))
        | map("require(" + ( .name | tojson ) + "),")[]
      '
+ grep -Ev '"@tailwindcss/postcss7-compat"'
+ true
+ echo ']}'
+ cat tailwind.config.js
+ sed 's/^/>>> /'
>>> module.exports={plugins:[
>>> ]}
+ node ./tailwind.config.exporter3.mjs tailwind.config.js
++ date -u +%Y-%m-%dT%H:%M:%SZ
+ writetaskstat timestamp_attempt_squash_end 2024-03-05T12:02:48Z
+ jq -nc --arg key timestamp_attempt_squash_end --arg value 2024-03-05T12:02:48Z '{ key: $key, value: $value }'
+ break
++ date -u +%Y-%m-%dT%H:%M:%SZ
+ writetaskstat timestamp_end 2024-03-05T12:02:48Z
+ jq -nc --arg key timestamp_end --arg value 2024-03-05T12:02:48Z '{ key: $key, value: $value }'
+ rm /twcr/mnt/results/extract-failed
+ touch /twcr/mnt/results/extract-completed
