==== RUN-DOCKER
+++ dirname -- ./worker/run.sh
++ cd -- ./worker
++ pwd
+ twcrdir=/twcr/worker/..
+ repo=github.com/paraboul/mapchecking
+ reporef=master
+ repopath=./
+ '[' true == true ']'
+ grep -q '^././'
++ echo github.com/paraboul/mapchecking
++ sha256sum
++ awk '{ print $1 }'
++ cut -c1-12
+ procdir=/tmp/twcr-cef1ee19e84b
++ echo 'github.com/paraboul/mapchecking;master;./'
++ sha256sum
++ awk '{ print $1 }'
++ cut -c1-12
+ datadir=/twcr/worker/../mnt/dataset/data/bfaa91e1ca68
+ '[' '!' -z /twcr/mnt/results ']'
+ datadir=/twcr/mnt/results
+ touch /twcr/mnt/results/extract-failed
++ base64
++ tr -d =
++ tr /+ _-
++ base64
++ tr -d =
++ tr /+ _-
+ writetaskstat analysis_key github.com/paraboul/mapchecking/bWFzdGVyCg/Li8K
+ jq -nc --arg key analysis_key --arg value github.com/paraboul/mapchecking/bWFzdGVyCg/Li8K '{ key: $key, value: $value }'
++ date -u +%Y%m%d%H%M%S
++ sha256sum
++ awk '{ print $1 }'
++ cut -c1-16
++ head -c 32 /dev/urandom
+ writetaskstat analysis_nonce fd346c96f173f84b
+ jq -nc --arg key analysis_nonce --arg value fd346c96f173f84b '{ key: $key, value: $value }'
+ writetaskstat input_repo_name github.com/paraboul/mapchecking
+ jq -nc --arg key input_repo_name --arg value github.com/paraboul/mapchecking '{ key: $key, value: $value }'
+ writetaskstat input_repo_ref master
+ jq -nc --arg key input_repo_ref --arg value master '{ key: $key, value: $value }'
+ writetaskstat input_repo_path ./
+ jq -nc --arg key input_repo_path --arg value ./ '{ key: $key, value: $value }'
++ date -u +%Y-%m-%dT%H:%M:%SZ
+ writetaskstat timestamp_begin 2024-03-04T07:15:50Z
+ jq -nc --arg key timestamp_begin --arg value 2024-03-04T07:15:50Z '{ key: $key, value: $value }'
+ mkdir -p /tmp/twcr-cef1ee19e84b
/tmp/twcr-cef1ee19e84b /twcr
+ pushd /tmp/twcr-cef1ee19e84b
+ '[' -d .git ']'
+ git clone --depth=1 -b master https://github.com/paraboul/mapchecking.git .
Cloning into '.'...
++ date -u +%Y-%m-%dT%H:%M:%SZ
+ writetaskstat timestamp_git_clone_complete 2024-03-04T07:15:50Z
+ jq -nc --arg key timestamp_git_clone_complete --arg value 2024-03-04T07:15:50Z '{ key: $key, value: $value }'
++ git rev-parse HEAD
+ writetaskstat exec_repo_commit_sha 43b1bae54f8c50b163eb23601ea6ad01fc5aed5c
+ jq -nc --arg key exec_repo_commit_sha --arg value 43b1bae54f8c50b163eb23601ea6ad01fc5aed5c '{ key: $key, value: $value }'
+++ git show --no-patch --format=%ci
++ date -u --date '2023-11-13 22:43:12 +0100' +%Y-%m-%dT%H:%M:%SZ
+ writetaskstat exec_repo_commit_date 2023-11-13T21:43:12Z
+ jq -nc --arg key exec_repo_commit_date --arg value 2023-11-13T21:43:12Z '{ key: $key, value: $value }'
+ '[' -z ./ ']'
+ pushd ./
+ tailwind_config_file_name=
+ '[' -f tailwind.config.js ']'
+ tailwind_config_file_name=tailwind.config.js
+ writetaskstat exec_tailwind_config_file tailwind.config.js
+ jq -nc --arg key exec_tailwind_config_file --arg value tailwind.config.js '{ key: $key, value: $value }'
/tmp/twcr-cef1ee19e84b /tmp/twcr-cef1ee19e84b /twcr
+ cp tailwind.config.js /twcr/mnt/results/extract-raw-tailwind-config.js
+ '[' '!' -f package.json ']'
+ cp package.json /twcr/mnt/results/extract-raw-package.json
++ /twcr/worker/../worker/pm-detect.sh /tmp/twcr-cef1ee19e84b
+ package_manager_name=yarn
+ '[' -z yarn ']'
+ '[' -z yarn ']'
+ writetaskstat exec_node_package_manager yarn
+ jq -nc --arg key exec_node_package_manager --arg value yarn '{ key: $key, value: $value }'
+ attempt_mode=squash
+ true
++ date -u +%Y-%m-%dT%H:%M:%SZ
+ writetaskstat timestamp_attempt_squash_begin 2024-03-04T07:15:50Z
+ jq -nc --arg key timestamp_attempt_squash_begin --arg value 2024-03-04T07:15:50Z '{ key: $key, value: $value }'
+ [[ squash == \s\q\u\a\s\h ]]
+ set +e
+ node /twcr/worker/../worker/squash-package.mjs tailwind.config.js
+ exitcode=0
+ set -e
+ [[ 0 != \0 ]]
+ cat package.json
+ sed 's/^/>>> /'
>>> {
>>>   "name": "mapchecking",
>>>   "version": "0.0.0",
>>>   "dependencies": {
>>>     "tailwindcss": "^3.2.7"
>>>   },
>>>   "devDependencies": {}
>>> }+ rm -f package-lock.json pnpm-lock.yaml yarn.lock
+ '[' ./ '!=' ./ ']'
+ set +e
+ /twcr/worker/../worker/pm-install.sh yarn /tmp/twcr-cef1ee19e84b /twcr/mnt/results
+ package_manager_name=yarn
+ procdir=/tmp/twcr-cef1ee19e84b
+ datadir=/twcr/mnt/results
+ case "${package_manager_name}" in
+ '[' -z http://tid_5272c3e43417:ok@172.18.0.2:3128 ']'
+ yarn config set httpProxy http://tid_5272c3e43417:ok@172.18.0.2:3128
yarn config v1.22.19
warning package.json: No license field
success Set "httpProxy" to "http://tid_5272c3e43417:ok@172.18.0.2:3128".
Done in 0.03s.
+ '[' -z http://tid_5272c3e43417:ok@172.18.0.2:3128 ']'
+ yarn config set httpsProxy http://tid_5272c3e43417:ok@172.18.0.2:3128
yarn config v1.22.19
warning package.json: No license field
success Set "httpsProxy" to "http://tid_5272c3e43417:ok@172.18.0.2:3128".
Done in 0.03s.
+ yarn install
yarn install v1.22.19
warning package.json: No license field
info No lockfile found.
warning mapchecking@0.0.0: No license field
[1/4] Resolving packages...
(node:125) [DEP0040] DeprecationWarning: The `punycode` module is deprecated. Please use a userland alternative instead.
(Use `node --trace-deprecation ...` to show where the warning was created)
[2/4] Fetching packages...
[3/4] Linking dependencies...
[4/4] Building fresh packages...
success Saved lockfile.
Done in 6.02s.
+ yarn list --depth=0 --json --non-interactive --no-progress
+ jq -cr '
        [.. | .name?]
        | map(select(.))
        | map(capture("^(?<name>@?[^@]+)@(?<version>.+)$"))
        | sort_by(.name)[]'
{"type":"warning","data":"package.json: No license field"}
{"type":"warning","data":"mapchecking@0.0.0: No license field"}
+ exitcode=0
+ set -e
+ [[ 0 != \0 ]]
++ jq -sr 'map(select(.name == "tailwindcss")) | first | .version'
+ tailwind_package_version=3.4.1
+ tailwind_config_exporter=tailwind.config.exporter2.cjs
+ '[' -f node_modules/tailwindcss/lib/lib/load-config.js ']'
+ tailwind_config_exporter=tailwind.config.exporter3.mjs
+ cp /twcr/worker/../worker/tailwind.config.exporter3.mjs ./
+ set +e
+ node ./tailwind.config.exporter3.mjs tailwind.config.js
+ exitcode=0
+ set -e
+ [[ 0 != \0 ]]
+ echo 'module.exports={plugins:['
+ jq -rs '
        map(select(.name | startswith("@tailwindcss/")))
        | map("require(" + ( .name | tojson ) + "),")[]
      '
+ grep -Ev '"@tailwindcss/postcss7-compat"'
+ true
+ echo ']}'
+ cat tailwind.config.js
+ sed 's/^/>>> /'
>>> module.exports={plugins:[
>>> ]}
+ node ./tailwind.config.exporter3.mjs tailwind.config.js
++ date -u +%Y-%m-%dT%H:%M:%SZ
+ writetaskstat timestamp_attempt_squash_end 2024-03-04T07:15:58Z
+ jq -nc --arg key timestamp_attempt_squash_end --arg value 2024-03-04T07:15:58Z '{ key: $key, value: $value }'
+ break
++ date -u +%Y-%m-%dT%H:%M:%SZ
+ writetaskstat timestamp_end 2024-03-04T07:15:58Z
+ jq -nc --arg key timestamp_end --arg value 2024-03-04T07:15:58Z '{ key: $key, value: $value }'
+ rm /twcr/mnt/results/extract-failed
+ touch /twcr/mnt/results/extract-completed
