==== RUN-DOCKER
+++ dirname -- ./worker/run.sh
++ cd -- ./worker
++ pwd
+ twcrdir=/twcr/worker/..
+ repo=github.com/maqi1520/runjs.cool
+ reporef=main
+ repopath=./
+ '[' true == true ']'
+ grep -q '^././'
++ echo github.com/maqi1520/runjs.cool
++ sha256sum
++ awk '{ print $1 }'
++ cut -c1-12
+ procdir=/tmp/twcr-d4bf38584b91
++ echo 'github.com/maqi1520/runjs.cool;main;./'
++ sha256sum
++ awk '{ print $1 }'
++ cut -c1-12
+ datadir=/twcr/worker/../mnt/dataset/data/a3aab30e0db7
+ '[' '!' -z /twcr/mnt/results ']'
+ datadir=/twcr/mnt/results
+ touch /twcr/mnt/results/extract-failed
++ base64
++ tr -d =
++ tr /+ _-
++ base64
++ tr -d =
++ tr /+ _-
+ writetaskstat analysis_key github.com/maqi1520/runjs.cool/bWFpbgo/Li8K
+ jq -nc --arg key analysis_key --arg value github.com/maqi1520/runjs.cool/bWFpbgo/Li8K '{ key: $key, value: $value }'
++ date -u +%Y%m%d%H%M%S
++ sha256sum
++ awk '{ print $1 }'
++ cut -c1-16
++ head -c 32 /dev/urandom
+ writetaskstat analysis_nonce f7b64de1835f24d5
+ jq -nc --arg key analysis_nonce --arg value f7b64de1835f24d5 '{ key: $key, value: $value }'
+ writetaskstat input_repo_name github.com/maqi1520/runjs.cool
+ jq -nc --arg key input_repo_name --arg value github.com/maqi1520/runjs.cool '{ key: $key, value: $value }'
+ writetaskstat input_repo_ref main
+ jq -nc --arg key input_repo_ref --arg value main '{ key: $key, value: $value }'
+ writetaskstat input_repo_path ./
+ jq -nc --arg key input_repo_path --arg value ./ '{ key: $key, value: $value }'
++ date -u +%Y-%m-%dT%H:%M:%SZ
+ writetaskstat timestamp_begin 2024-03-05T07:39:26Z
+ jq -nc --arg key timestamp_begin --arg value 2024-03-05T07:39:26Z '{ key: $key, value: $value }'
+ mkdir -p /tmp/twcr-d4bf38584b91
/tmp/twcr-d4bf38584b91 /twcr
+ pushd /tmp/twcr-d4bf38584b91
+ '[' -d .git ']'
+ git clone --depth=1 -b main https://github.com/maqi1520/runjs.cool.git .
Cloning into '.'...
++ date -u +%Y-%m-%dT%H:%M:%SZ
+ writetaskstat timestamp_git_clone_complete 2024-03-05T07:39:27Z
+ jq -nc --arg key timestamp_git_clone_complete --arg value 2024-03-05T07:39:27Z '{ key: $key, value: $value }'
++ git rev-parse HEAD
+ writetaskstat exec_repo_commit_sha 74d924bfb3c482207c13535e8d3523f3cbe83e23
+ jq -nc --arg key exec_repo_commit_sha --arg value 74d924bfb3c482207c13535e8d3523f3cbe83e23 '{ key: $key, value: $value }'
+++ git show --no-patch --format=%ci
++ date -u --date '2023-04-28 21:40:58 +0800' +%Y-%m-%dT%H:%M:%SZ
+ writetaskstat exec_repo_commit_date 2023-04-28T13:40:58Z
+ jq -nc --arg key exec_repo_commit_date --arg value 2023-04-28T13:40:58Z '{ key: $key, value: $value }'
/tmp/twcr-d4bf38584b91 /tmp/twcr-d4bf38584b91 /twcr
+ '[' -z ./ ']'
+ pushd ./
+ tailwind_config_file_name=
+ '[' -f tailwind.config.js ']'
+ tailwind_config_file_name=tailwind.config.js
+ writetaskstat exec_tailwind_config_file tailwind.config.js
+ jq -nc --arg key exec_tailwind_config_file --arg value tailwind.config.js '{ key: $key, value: $value }'
+ cp tailwind.config.js /twcr/mnt/results/extract-raw-tailwind-config.js
+ '[' '!' -f package.json ']'
+ cp package.json /twcr/mnt/results/extract-raw-package.json
++ /twcr/worker/../worker/pm-detect.sh /tmp/twcr-d4bf38584b91
+ package_manager_name=pnpm
+ '[' -z pnpm ']'
+ '[' -z pnpm ']'
+ writetaskstat exec_node_package_manager pnpm
+ jq -nc --arg key exec_node_package_manager --arg value pnpm '{ key: $key, value: $value }'
+ attempt_mode=squash
+ true
++ date -u +%Y-%m-%dT%H:%M:%SZ
+ writetaskstat timestamp_attempt_squash_begin 2024-03-05T07:39:27Z
+ jq -nc --arg key timestamp_attempt_squash_begin --arg value 2024-03-05T07:39:27Z '{ key: $key, value: $value }'
+ [[ squash == \s\q\u\a\s\h ]]
+ set +e
+ node /twcr/worker/../worker/squash-package.mjs tailwind.config.js
+ exitcode=0
+ set -e
+ [[ 0 != \0 ]]
+ cat package.json
+ sed 's/^/>>> /'
>>> {
>>>   "private": true,
>>>   "name": "fe-tools",
>>>   "version": "0.1.0",
>>>   "license": "AGPL-3.0",
>>>   "author": {
>>>     "name": "maqibin",
>>>     "email": "maqi1520@163.com",
>>>     "url": "https://maqib.cn"
>>>   },
>>>   "dependencies": {},
>>>   "devDependencies": {
>>>     "@tailwindcss/typography": "^0.5.4",
>>>     "tailwindcss": "^3.0.8",
>>>     "tailwindcss-animate": "^1.0.5"
>>>   }
>>> }+ rm -f package-lock.json pnpm-lock.yaml yarn.lock
+ '[' ./ '!=' ./ ']'
+ set +e
+ /twcr/worker/../worker/pm-install.sh pnpm /tmp/twcr-d4bf38584b91 /twcr/mnt/results
+ package_manager_name=pnpm
+ procdir=/tmp/twcr-d4bf38584b91
+ datadir=/twcr/mnt/results
+ case "${package_manager_name}" in
+ '[' '!' -f /tmp/twcr-d4bf38584b91/package.json ']'
++ pnpm -v
+ sed -Ei 's/("pnpm": ")(.+)(")/\18.15.4\3/' /tmp/twcr-d4bf38584b91/package.json
+ '[' '!' -f package.json ']'
++ pnpm -v
+ sed -Ei 's/("pnpm": ")(.+)(")/\18.15.4\3/' package.json
+ pnpm install
Progress: resolved 1, reused 0, downloaded 0, added 0
Progress: resolved 28, reused 0, downloaded 22, added 0
Progress: resolved 65, reused 0, downloaded 51, added 0
Progress: resolved 97, reused 0, downloaded 85, added 0
Packages: +111
++++++++++++++++++++++++++++++++++++++++++++++++++++++++++++++++++++++++++++++++
Progress: resolved 112, reused 0, downloaded 111, added 111, done

devDependencies:
+ @tailwindcss/typography 0.5.10
+ tailwindcss 3.4.1
+ tailwindcss-animate 1.0.7

Done in 4.7s
+ pnpm ls --json
+ jq -cr '
        .[]
        | [.dependencies, .devDependencies, .optionalDependencies]
        | map(select(.))[]
        | to_entries
        | map({ name: .key, version: .value.version })
        | sort_by(.name)[]
      '
+ exitcode=0
+ set -e
+ [[ 0 != \0 ]]
++ jq -sr 'map(select(.name == "tailwindcss")) | first | .version'
+ tailwind_package_version=3.4.1
+ tailwind_config_exporter=tailwind.config.exporter2.cjs
+ '[' -f node_modules/tailwindcss/lib/lib/load-config.js ']'
+ tailwind_config_exporter=tailwind.config.exporter3.mjs
+ cp /twcr/worker/../worker/tailwind.config.exporter3.mjs ./
+ set +e
+ node ./tailwind.config.exporter3.mjs tailwind.config.js
+ exitcode=0
+ set -e
+ [[ 0 != \0 ]]
+ echo 'module.exports={plugins:['
+ jq -rs '
        map(select(.name | startswith("@tailwindcss/")))
        | map("require(" + ( .name | tojson ) + "),")[]
      '
+ grep -Ev '"@tailwindcss/postcss7-compat"'
+ echo ']}'
+ cat tailwind.config.js
+ sed 's/^/>>> /'
>>> module.exports={plugins:[
>>> require("@tailwindcss/typography"),
>>> ]}
+ node ./tailwind.config.exporter3.mjs tailwind.config.js
++ date -u +%Y-%m-%dT%H:%M:%SZ
+ writetaskstat timestamp_attempt_squash_end 2024-03-05T07:39:33Z
+ jq -nc --arg key timestamp_attempt_squash_end --arg value 2024-03-05T07:39:33Z '{ key: $key, value: $value }'
+ break
++ date -u +%Y-%m-%dT%H:%M:%SZ
+ writetaskstat timestamp_end 2024-03-05T07:39:33Z
+ jq -nc --arg key timestamp_end --arg value 2024-03-05T07:39:33Z '{ key: $key, value: $value }'
+ rm /twcr/mnt/results/extract-failed
+ touch /twcr/mnt/results/extract-completed
