==== RUN-DOCKER
+++ dirname -- ./worker/run.sh
++ cd -- ./worker
++ pwd
+ twcrdir=/twcr/worker/..
+ repo=github.com/Siumauricio/rippleui
+ reporef=main
+ repopath=./
+ '[' true == true ']'
+ grep -q '^././'
++ echo github.com/Siumauricio/rippleui
++ sha256sum
++ awk '{ print $1 }'
++ cut -c1-12
+ procdir=/tmp/twcr-7d7051fe5f02
++ echo 'github.com/Siumauricio/rippleui;main;./'
++ sha256sum
++ awk '{ print $1 }'
++ cut -c1-12
+ datadir=/twcr/worker/../mnt/dataset/data/49a3ce147452
+ '[' '!' -z /twcr/mnt/results ']'
+ datadir=/twcr/mnt/results
+ touch /twcr/mnt/results/extract-failed
++ base64
++ tr -d =
++ tr /+ _-
++ base64
++ tr -d =
++ tr /+ _-
+ writetaskstat analysis_key github.com/Siumauricio/rippleui/bWFpbgo/Li8K
+ jq -nc --arg key analysis_key --arg value github.com/Siumauricio/rippleui/bWFpbgo/Li8K '{ key: $key, value: $value }'
++ date -u +%Y%m%d%H%M%S
++ sha256sum
++ awk '{ print $1 }'
++ cut -c1-16
++ head -c 32 /dev/urandom
+ writetaskstat analysis_nonce cb695719f59a98b9
+ jq -nc --arg key analysis_nonce --arg value cb695719f59a98b9 '{ key: $key, value: $value }'
+ writetaskstat input_repo_name github.com/Siumauricio/rippleui
+ jq -nc --arg key input_repo_name --arg value github.com/Siumauricio/rippleui '{ key: $key, value: $value }'
+ writetaskstat input_repo_ref main
+ jq -nc --arg key input_repo_ref --arg value main '{ key: $key, value: $value }'
+ writetaskstat input_repo_path ./
+ jq -nc --arg key input_repo_path --arg value ./ '{ key: $key, value: $value }'
++ date -u +%Y-%m-%dT%H:%M:%SZ
+ writetaskstat timestamp_begin 2024-03-04T03:37:29Z
+ jq -nc --arg key timestamp_begin --arg value 2024-03-04T03:37:29Z '{ key: $key, value: $value }'
+ mkdir -p /tmp/twcr-7d7051fe5f02
/tmp/twcr-7d7051fe5f02 /twcr
+ pushd /tmp/twcr-7d7051fe5f02
+ '[' -d .git ']'
+ git clone --depth=1 -b main https://github.com/Siumauricio/rippleui.git .
Cloning into '.'...
++ date -u +%Y-%m-%dT%H:%M:%SZ
+ writetaskstat timestamp_git_clone_complete 2024-03-04T03:37:33Z
+ jq -nc --arg key timestamp_git_clone_complete --arg value 2024-03-04T03:37:33Z '{ key: $key, value: $value }'
++ git rev-parse HEAD
+ writetaskstat exec_repo_commit_sha 2c240e74445c6ae09dbe4a19ce80c885fbe64d04
+ jq -nc --arg key exec_repo_commit_sha --arg value 2c240e74445c6ae09dbe4a19ce80c885fbe64d04 '{ key: $key, value: $value }'
+++ git show --no-patch --format=%ci
++ date -u --date '2023-07-30 16:43:40 -0600' +%Y-%m-%dT%H:%M:%SZ
+ writetaskstat exec_repo_commit_date 2023-07-30T22:43:40Z
+ jq -nc --arg key exec_repo_commit_date --arg value 2023-07-30T22:43:40Z '{ key: $key, value: $value }'
/tmp/twcr-7d7051fe5f02 /tmp/twcr-7d7051fe5f02 /twcr
+ '[' -z ./ ']'
+ pushd ./
+ tailwind_config_file_name=
+ '[' -f tailwind.config.js ']'
+ tailwind_config_file_name=tailwind.config.js
+ writetaskstat exec_tailwind_config_file tailwind.config.js
+ jq -nc --arg key exec_tailwind_config_file --arg value tailwind.config.js '{ key: $key, value: $value }'
+ cp tailwind.config.js /twcr/mnt/results/extract-raw-tailwind-config.js
+ '[' '!' -f package.json ']'
+ cp package.json /twcr/mnt/results/extract-raw-package.json
++ /twcr/worker/../worker/pm-detect.sh /tmp/twcr-7d7051fe5f02
+ package_manager_name=
+ '[' -z '' ']'
+ '[' ./ '!=' ./ ']'
+ '[' -z '' ']'
+ package_manager_name=npm
+ writetaskstat exec_node_package_manager npm
+ jq -nc --arg key exec_node_package_manager --arg value npm '{ key: $key, value: $value }'
+ attempt_mode=squash
+ true
++ date -u +%Y-%m-%dT%H:%M:%SZ
+ writetaskstat timestamp_attempt_squash_begin 2024-03-04T03:37:33Z
+ jq -nc --arg key timestamp_attempt_squash_begin --arg value 2024-03-04T03:37:33Z '{ key: $key, value: $value }'
+ [[ squash == \s\q\u\a\s\h ]]
+ set +e
+ node /twcr/worker/../worker/squash-package.mjs tailwind.config.js
+ exitcode=0
+ set -e
+ [[ 0 != \0 ]]
+ cat package.json
+ sed 's/^/>>> /'
>>> {
>>>   "name": "rippleui",
>>>   "version": "1.12.1",
>>>   "description": "Cleanest, modern and beatifull Tailwind CSS library.",
>>>   "main": "dist/js/index.js",
>>>   "types": "dist/js/types/config.types.d.ts",
>>>   "typings": "dist/js/types/config.types.d.ts",
>>>   "files": [
>>>     "dist/js",
>>>     "dist/css",
>>>     "package-lock.json",
>>>     "README.md"
>>>   ],
>>>   "repository": {
>>>     "type": "git",
>>>     "url": "git+https://github.com/Siumauricio/rippleui.git"
>>>   },
>>>   "keywords": [
>>>     "ripple",
>>>     "ui",
>>>     "tailwindcss",
>>>     "components",
>>>     "modern",
>>>     "clean",
>>>     "css",
>>>     "framework",
>>>     "ui-library"
>>>   ],
>>>   "author": "Mauricio Siu",
>>>   "license": "MIT",
>>>   "bugs": {
>>>     "url": "https://github.com/Siumauricio/rippleui/issues"
>>>   },
>>>   "homepage": "https://github.com/Siumauricio/rippleui#readme",
>>>   "devDependencies": {},
>>>   "dependencies": {
>>>     "tailwindcss": "^3.3.1"
>>>   }
>>> }+ rm -f package-lock.json pnpm-lock.yaml yarn.lock
+ '[' ./ '!=' ./ ']'
+ set +e
+ /twcr/worker/../worker/pm-install.sh npm /tmp/twcr-7d7051fe5f02 /twcr/mnt/results
+ package_manager_name=npm
+ procdir=/tmp/twcr-7d7051fe5f02
+ datadir=/twcr/mnt/results
+ case "${package_manager_name}" in
++ '[' -f package-lock.json ']'
++ echo install
+ npm install --ignore-engines

added 112 packages, and audited 113 packages in 4s

28 packages are looking for funding
  run `npm fund` for details

found 0 vulnerabilities
npm notice 
npm notice New minor version of npm available! 10.2.4 -> 10.5.0
npm notice Changelog: <https://github.com/npm/cli/releases/tag/v10.5.0>
npm notice Run `npm install -g npm@10.5.0` to update!
npm notice 
+ npm query '*'
+ jq -cr '
        map({ name: .name, version: .version })
        | map(select(.name))
        | sort_by(.name)[]
      '
+ exitcode=0
+ set -e
+ [[ 0 != \0 ]]
++ jq -sr 'map(select(.name == "tailwindcss")) | first | .version'
+ tailwind_package_version=3.4.1
+ tailwind_config_exporter=tailwind.config.exporter2.cjs
+ '[' -f node_modules/tailwindcss/lib/lib/load-config.js ']'
+ tailwind_config_exporter=tailwind.config.exporter3.mjs
+ cp /twcr/worker/../worker/tailwind.config.exporter3.mjs ./
+ set +e
+ node ./tailwind.config.exporter3.mjs tailwind.config.js
node:internal/modules/cjs/loader:1149
  const err = new Error(message);
              ^

Error: Cannot find module './dist/js/utils/safelist.js'
Require stack:
- /tmp/twcr-7d7051fe5f02/tailwind.config.js
    at Module._resolveFilename (node:internal/modules/cjs/loader:1149:15)
    at Function.resolve (node:internal/modules/helpers:187:19)
    at _resolve (/tmp/twcr-7d7051fe5f02/node_modules/jiti/dist/jiti.js:1:251148)
    at jiti (/tmp/twcr-7d7051fe5f02/node_modules/jiti/dist/jiti.js:1:253746)
    at /tmp/twcr-7d7051fe5f02/tailwind.config.js:1:97
    at evalModule (/tmp/twcr-7d7051fe5f02/node_modules/jiti/dist/jiti.js:1:256443)
    at jiti (/tmp/twcr-7d7051fe5f02/node_modules/jiti/dist/jiti.js:1:254371)
    at /tmp/twcr-7d7051fe5f02/node_modules/tailwindcss/lib/lib/load-config.js:48:30
    at Object.loadConfig (/tmp/twcr-7d7051fe5f02/node_modules/tailwindcss/lib/lib/load-config.js:50:6)
    at file:///tmp/twcr-7d7051fe5f02/tailwind.config.exporter3.mjs:5:28 {
  code: 'MODULE_NOT_FOUND',
  requireStack: [ '/tmp/twcr-7d7051fe5f02/tailwind.config.js' ]
}

Node.js v21.6.2
+ exitcode=1
+ set -e
+ [[ 1 != \0 ]]
+ [[ squash == \s\q\u\a\s\h ]]
+ echo '[worker] WARN: exporter failed; retrying with full install'
[worker] WARN: exporter failed; retrying with full install
+ attempt_mode=full
+ continue
+ true
++ date -u +%Y-%m-%dT%H:%M:%SZ
+ writetaskstat timestamp_attempt_full_begin 2024-03-04T03:37:39Z
+ jq -nc --arg key timestamp_attempt_full_begin --arg value 2024-03-04T03:37:39Z '{ key: $key, value: $value }'
+ [[ full == \s\q\u\a\s\h ]]
+ git clean -fdx
Removing node_modules/
Removing tailwind.config.exporter3.mjs
+ git reset --hard
HEAD is now at 2c240e7 Merge pull request #108 from Siumauricio/106-add-info-color-to-pallete
+ set +e
+ /twcr/worker/../worker/pm-install.sh npm /tmp/twcr-7d7051fe5f02 /twcr/mnt/results
+ package_manager_name=npm
+ procdir=/tmp/twcr-7d7051fe5f02
+ datadir=/twcr/mnt/results
+ case "${package_manager_name}" in
++ '[' -f package-lock.json ']'
++ echo ci
+ npm ci --ignore-engines
npm WARN deprecated stringify-package@1.0.1: This module is not used anymore, and has been replaced by @npmcli/package-json
npm WARN deprecated stable@0.1.8: Modern JS already guarantees Array#sort() is a stable sort, so this library is deprecated. See the compatibility table on MDN: https://developer.mozilla.org/en-US/docs/Web/JavaScript/Reference/Global_Objects/Array/sort#browser_compatibility

added 385 packages, and audited 386 packages in 20s

56 packages are looking for funding
  run `npm fund` for details

4 vulnerabilities (2 moderate, 2 high)

To address all issues, run:
  npm audit fix

Run `npm audit` for details.
+ npm query '*'
+ jq -cr '
        map({ name: .name, version: .version })
        | map(select(.name))
        | sort_by(.name)[]
      '
+ exitcode=0
+ set -e
+ [[ 0 != \0 ]]
++ jq -sr 'map(select(.name == "tailwindcss")) | first | .version'
+ tailwind_package_version=3.3.1
+ tailwind_config_exporter=tailwind.config.exporter2.cjs
+ '[' -f node_modules/tailwindcss/lib/lib/load-config.js ']'
+ tailwind_config_exporter=tailwind.config.exporter3.mjs
+ cp /twcr/worker/../worker/tailwind.config.exporter3.mjs ./
+ set +e
+ node ./tailwind.config.exporter3.mjs tailwind.config.js
node:internal/modules/cjs/loader:1149
  const err = new Error(message);
              ^

Error: Cannot find module './dist/js/utils/safelist.js'
Require stack:
- /tmp/twcr-7d7051fe5f02/tailwind.config.js
    at Module._resolveFilename (node:internal/modules/cjs/loader:1149:15)
    at Function.resolve (node:internal/modules/helpers:187:19)
    at _resolve (/tmp/twcr-7d7051fe5f02/node_modules/jiti/dist/jiti.js:1:241025)
    at jiti (/tmp/twcr-7d7051fe5f02/node_modules/jiti/dist/jiti.js:1:243309)
    at /tmp/twcr-7d7051fe5f02/tailwind.config.js:1:97
    at jiti (/tmp/twcr-7d7051fe5f02/node_modules/jiti/dist/jiti.js:1:245784)
    at /tmp/twcr-7d7051fe5f02/node_modules/tailwindcss/lib/lib/load-config.js:35:30
    at Object.loadConfig (/tmp/twcr-7d7051fe5f02/node_modules/tailwindcss/lib/lib/load-config.js:37:6)
    at file:///tmp/twcr-7d7051fe5f02/tailwind.config.exporter3.mjs:5:28
    at ModuleJob.run (node:internal/modules/esm/module_job:218:25) {
  code: 'MODULE_NOT_FOUND',
  requireStack: [ '/tmp/twcr-7d7051fe5f02/tailwind.config.js' ]
}

Node.js v21.6.2
+ exitcode=1
+ set -e
+ [[ 1 != \0 ]]
+ [[ full == \s\q\u\a\s\h ]]
+ exit 1
