==== RUN-DOCKER
+++ dirname -- ./worker/run.sh
++ cd -- ./worker
++ pwd
+ twcrdir=/twcr/worker/..
+ repo=github.com/Pitayan/gatsby-theme-pitayan
+ reporef=master
+ repopath=./packages/gatsby-theme-pitayan
+ '[' true == true ']'
+ grep -q '^././'
++ echo github.com/Pitayan/gatsby-theme-pitayan
++ sha256sum
++ awk '{ print $1 }'
++ cut -c1-12
+ procdir=/tmp/twcr-f2b6da7becea
++ echo 'github.com/Pitayan/gatsby-theme-pitayan;master;./packages/gatsby-theme-pitayan'
++ sha256sum
++ awk '{ print $1 }'
++ cut -c1-12
+ datadir=/twcr/worker/../mnt/dataset/data/51ce59a45de1
+ '[' '!' -z /twcr/mnt/results ']'
+ datadir=/twcr/mnt/results
+ touch /twcr/mnt/results/extract-failed
++ base64
++ tr -d =
++ tr /+ _-
++ base64
++ tr -d =
++ tr /+ _-
+ writetaskstat analysis_key github.com/Pitayan/gatsby-theme-pitayan/bWFzdGVyCg/Li9wYWNrYWdlcy9nYXRzYnktdGhlbWUtcGl0YXlhbgo
+ jq -nc --arg key analysis_key --arg value github.com/Pitayan/gatsby-theme-pitayan/bWFzdGVyCg/Li9wYWNrYWdlcy9nYXRzYnktdGhlbWUtcGl0YXlhbgo '{ key: $key, value: $value }'
++ date -u +%Y%m%d%H%M%S
++ sha256sum
++ awk '{ print $1 }'
++ cut -c1-16
++ head -c 32 /dev/urandom
+ writetaskstat analysis_nonce 7fbec63452ffe90c
+ jq -nc --arg key analysis_nonce --arg value 7fbec63452ffe90c '{ key: $key, value: $value }'
+ writetaskstat input_repo_name github.com/Pitayan/gatsby-theme-pitayan
+ jq -nc --arg key input_repo_name --arg value github.com/Pitayan/gatsby-theme-pitayan '{ key: $key, value: $value }'
+ writetaskstat input_repo_ref master
+ jq -nc --arg key input_repo_ref --arg value master '{ key: $key, value: $value }'
+ writetaskstat input_repo_path ./packages/gatsby-theme-pitayan
+ jq -nc --arg key input_repo_path --arg value ./packages/gatsby-theme-pitayan '{ key: $key, value: $value }'
++ date -u +%Y-%m-%dT%H:%M:%SZ
+ writetaskstat timestamp_begin 2024-03-05T06:30:05Z
+ jq -nc --arg key timestamp_begin --arg value 2024-03-05T06:30:05Z '{ key: $key, value: $value }'
+ mkdir -p /tmp/twcr-f2b6da7becea
/tmp/twcr-f2b6da7becea /twcr
+ pushd /tmp/twcr-f2b6da7becea
+ '[' -d .git ']'
+ git clone --depth=1 -b master https://github.com/Pitayan/gatsby-theme-pitayan.git .
Cloning into '.'...
++ date -u +%Y-%m-%dT%H:%M:%SZ
+ writetaskstat timestamp_git_clone_complete 2024-03-05T06:30:06Z
+ jq -nc --arg key timestamp_git_clone_complete --arg value 2024-03-05T06:30:06Z '{ key: $key, value: $value }'
++ git rev-parse HEAD
+ writetaskstat exec_repo_commit_sha 92a4bc568281f65ea607c509632e52505dee73c1
+ jq -nc --arg key exec_repo_commit_sha --arg value 92a4bc568281f65ea607c509632e52505dee73c1 '{ key: $key, value: $value }'
+++ git show --no-patch --format=%ci
++ date -u --date '2023-02-23 21:49:18 +0900' +%Y-%m-%dT%H:%M:%SZ
+ writetaskstat exec_repo_commit_date 2023-02-23T12:49:18Z
+ jq -nc --arg key exec_repo_commit_date --arg value 2023-02-23T12:49:18Z '{ key: $key, value: $value }'
/tmp/twcr-f2b6da7becea/packages/gatsby-theme-pitayan /tmp/twcr-f2b6da7becea /twcr
+ '[' -z ./packages/gatsby-theme-pitayan ']'
+ pushd ./packages/gatsby-theme-pitayan
+ tailwind_config_file_name=
+ '[' -f tailwind.config.js ']'
+ tailwind_config_file_name=tailwind.config.js
+ writetaskstat exec_tailwind_config_file tailwind.config.js
+ jq -nc --arg key exec_tailwind_config_file --arg value tailwind.config.js '{ key: $key, value: $value }'
+ cp tailwind.config.js /twcr/mnt/results/extract-raw-tailwind-config.js
+ '[' '!' -f package.json ']'
+ cp package.json /twcr/mnt/results/extract-raw-package.json
++ /twcr/worker/../worker/pm-detect.sh /tmp/twcr-f2b6da7becea/packages/gatsby-theme-pitayan
+ package_manager_name=
+ '[' -z '' ']'
+ '[' ./packages/gatsby-theme-pitayan '!=' ./ ']'
++ /twcr/worker/../worker/pm-detect.sh /tmp/twcr-f2b6da7becea
+ package_manager_name=
+ '[' -z '' ']'
+ package_manager_name=npm
+ writetaskstat exec_node_package_manager npm
+ jq -nc --arg key exec_node_package_manager --arg value npm '{ key: $key, value: $value }'
+ attempt_mode=squash
+ true
++ date -u +%Y-%m-%dT%H:%M:%SZ
+ writetaskstat timestamp_attempt_squash_begin 2024-03-05T06:30:06Z
+ jq -nc --arg key timestamp_attempt_squash_begin --arg value 2024-03-05T06:30:06Z '{ key: $key, value: $value }'
+ [[ squash == \s\q\u\a\s\h ]]
+ set +e
+ node /twcr/worker/../worker/squash-package.mjs tailwind.config.js
+ exitcode=0
+ set -e
+ [[ 0 != \0 ]]
+ cat package.json
+ sed 's/^/>>> /'
>>> {
>>>   "author": "Yanze Dai <ginoalex8964@yahoo.com> (https://daiyanze.com)",
>>>   "bugs": {
>>>     "url": "https://github.com/Pitayan/gatsby-theme-pitayan/issues"
>>>   },
>>>   "dependencies": {
>>>     "tailwindcss": "^3.2.4"
>>>   },
>>>   "description": "A blog theme for Gatsby",
>>>   "devDependencies": {},
>>>   "engines": {
>>>     "node": ">= 18.0.0"
>>>   },
>>>   "homepage": "https://github.com/Pitayan/gatsby-theme-pitayan",
>>>   "keywords": [
>>>     "gatsby",
>>>     "gatsby-theme",
>>>     "gatsby-plugin",
>>>     "pitayan"
>>>   ],
>>>   "license": "MIT",
>>>   "main": "index.js",
>>>   "name": "@pitayan/gatsby-theme-pitayan",
>>>   "peerDependencies": {},
>>>   "repository": {
>>>     "type": "git",
>>>     "url": "git+https://github.com/Pitayan/gatsby-theme-pitayan"
>>>   },
>>>   "version": "0.5.2"
>>> }+ rm -f package-lock.json pnpm-lock.yaml yarn.lock
+ '[' ./packages/gatsby-theme-pitayan '!=' ./ ']'
+ rm -f /tmp/twcr-f2b6da7becea/package.json /tmp/twcr-f2b6da7becea/package-lock.json /tmp/twcr-f2b6da7becea/pnpm-lock.yaml /tmp/twcr-f2b6da7becea/yarn.lock
+ set +e
+ /twcr/worker/../worker/pm-install.sh npm /tmp/twcr-f2b6da7becea /twcr/mnt/results
+ package_manager_name=npm
+ procdir=/tmp/twcr-f2b6da7becea
+ datadir=/twcr/mnt/results
+ case "${package_manager_name}" in
++ '[' -f package-lock.json ']'
++ echo install
+ npm install --ignore-engines

added 112 packages, and audited 113 packages in 4s

28 packages are looking for funding
  run `npm fund` for details

found 0 vulnerabilities
npm notice 
npm notice New minor version of npm available! 10.2.4 -> 10.5.0
npm notice Changelog: <https://github.com/npm/cli/releases/tag/v10.5.0>
npm notice Run `npm install -g npm@10.5.0` to update!
npm notice 
+ npm query '*'
+ jq -cr '
        map({ name: .name, version: .version })
        | map(select(.name))
        | sort_by(.name)[]
      '
+ exitcode=0
+ set -e
+ [[ 0 != \0 ]]
++ jq -sr 'map(select(.name == "tailwindcss")) | first | .version'
+ tailwind_package_version=3.4.1
+ tailwind_config_exporter=tailwind.config.exporter2.cjs
+ '[' -f node_modules/tailwindcss/lib/lib/load-config.js ']'
+ tailwind_config_exporter=tailwind.config.exporter3.mjs
+ cp /twcr/worker/../worker/tailwind.config.exporter3.mjs ./
+ set +e
+ node ./tailwind.config.exporter3.mjs tailwind.config.js
+ exitcode=0
+ set -e
+ [[ 0 != \0 ]]
+ echo 'module.exports={plugins:['
+ jq -rs '
        map(select(.name | startswith("@tailwindcss/")))
        | map("require(" + ( .name | tojson ) + "),")[]
      '
+ grep -Ev '"@tailwindcss/postcss7-compat"'
+ true
+ echo ']}'
+ cat tailwind.config.js
+ sed 's/^/>>> /'
>>> module.exports={plugins:[
>>> ]}
+ node ./tailwind.config.exporter3.mjs tailwind.config.js
++ date -u +%Y-%m-%dT%H:%M:%SZ
+ writetaskstat timestamp_attempt_squash_end 2024-03-05T06:30:11Z
+ jq -nc --arg key timestamp_attempt_squash_end --arg value 2024-03-05T06:30:11Z '{ key: $key, value: $value }'
+ break
++ date -u +%Y-%m-%dT%H:%M:%SZ
+ writetaskstat timestamp_end 2024-03-05T06:30:11Z
+ jq -nc --arg key timestamp_end --arg value 2024-03-05T06:30:11Z '{ key: $key, value: $value }'
+ rm /twcr/mnt/results/extract-failed
+ touch /twcr/mnt/results/extract-completed
