==== RUN-DOCKER
+++ dirname -- ./worker/run.sh
++ cd -- ./worker
++ pwd
+ twcrdir=/twcr/worker/..
+ repo=github.com/OdatNurd/devember-2022
+ reporef=master
+ repopath=./
+ '[' true == true ']'
+ grep -q '^././'
++ echo github.com/OdatNurd/devember-2022
++ sha256sum
++ awk '{ print $1 }'
++ cut -c1-12
+ procdir=/tmp/twcr-c8af50d29c7a
++ echo 'github.com/OdatNurd/devember-2022;master;./'
++ sha256sum
++ awk '{ print $1 }'
++ cut -c1-12
+ datadir=/twcr/worker/../mnt/dataset/data/5c5fe0b27f61
+ '[' '!' -z /twcr/mnt/results ']'
+ datadir=/twcr/mnt/results
+ touch /twcr/mnt/results/extract-failed
++ base64
++ tr -d =
++ tr /+ _-
++ base64
++ tr -d =
++ tr /+ _-
+ writetaskstat analysis_key github.com/OdatNurd/devember-2022/bWFzdGVyCg/Li8K
+ jq -nc --arg key analysis_key --arg value github.com/OdatNurd/devember-2022/bWFzdGVyCg/Li8K '{ key: $key, value: $value }'
++ date -u +%Y%m%d%H%M%S
++ sha256sum
++ awk '{ print $1 }'
++ cut -c1-16
++ head -c 32 /dev/urandom
+ writetaskstat analysis_nonce 8e60fa7c032f5906
+ jq -nc --arg key analysis_nonce --arg value 8e60fa7c032f5906 '{ key: $key, value: $value }'
+ writetaskstat input_repo_name github.com/OdatNurd/devember-2022
+ jq -nc --arg key input_repo_name --arg value github.com/OdatNurd/devember-2022 '{ key: $key, value: $value }'
+ writetaskstat input_repo_ref master
+ jq -nc --arg key input_repo_ref --arg value master '{ key: $key, value: $value }'
+ writetaskstat input_repo_path ./
+ jq -nc --arg key input_repo_path --arg value ./ '{ key: $key, value: $value }'
++ date -u +%Y-%m-%dT%H:%M:%SZ
+ writetaskstat timestamp_begin 2024-03-05T13:12:41Z
+ jq -nc --arg key timestamp_begin --arg value 2024-03-05T13:12:41Z '{ key: $key, value: $value }'
+ mkdir -p /tmp/twcr-c8af50d29c7a
/tmp/twcr-c8af50d29c7a /twcr
+ pushd /tmp/twcr-c8af50d29c7a
+ '[' -d .git ']'
+ git clone --depth=1 -b master https://github.com/OdatNurd/devember-2022.git .
Cloning into '.'...
++ date -u +%Y-%m-%dT%H:%M:%SZ
+ writetaskstat timestamp_git_clone_complete 2024-03-05T13:12:43Z
+ jq -nc --arg key timestamp_git_clone_complete --arg value 2024-03-05T13:12:43Z '{ key: $key, value: $value }'
++ git rev-parse HEAD
+ writetaskstat exec_repo_commit_sha 093637bfedd9113011f6a2a869498a2a4345511e
+ jq -nc --arg key exec_repo_commit_sha --arg value 093637bfedd9113011f6a2a869498a2a4345511e '{ key: $key, value: $value }'
+++ git show --no-patch --format=%ci
++ date -u --date '2023-01-03 23:04:56 -0800' +%Y-%m-%dT%H:%M:%SZ
+ writetaskstat exec_repo_commit_date 2023-01-04T07:04:56Z
+ jq -nc --arg key exec_repo_commit_date --arg value 2023-01-04T07:04:56Z '{ key: $key, value: $value }'
+ '[' -z ./ ']'
+ pushd ./
+ tailwind_config_file_name=
+ '[' -f tailwind.config.js ']'
+ '[' -f tailwind.config.cjs ']'
+ tailwind_config_file_name=tailwind.config.cjs
+ writetaskstat exec_tailwind_config_file tailwind.config.cjs
+ jq -nc --arg key exec_tailwind_config_file --arg value tailwind.config.cjs '{ key: $key, value: $value }'
/tmp/twcr-c8af50d29c7a /tmp/twcr-c8af50d29c7a /twcr
+ cp tailwind.config.cjs /twcr/mnt/results/extract-raw-tailwind-config.js
+ '[' '!' -f package.json ']'
+ cp package.json /twcr/mnt/results/extract-raw-package.json
++ /twcr/worker/../worker/pm-detect.sh /tmp/twcr-c8af50d29c7a
+ package_manager_name=yarn
+ '[' -z yarn ']'
+ '[' -z yarn ']'
+ writetaskstat exec_node_package_manager yarn
+ jq -nc --arg key exec_node_package_manager --arg value yarn '{ key: $key, value: $value }'
+ attempt_mode=squash
+ true
++ date -u +%Y-%m-%dT%H:%M:%SZ
+ writetaskstat timestamp_attempt_squash_begin 2024-03-05T13:12:43Z
+ jq -nc --arg key timestamp_attempt_squash_begin --arg value 2024-03-05T13:12:43Z '{ key: $key, value: $value }'
+ [[ squash == \s\q\u\a\s\h ]]
+ set +e
+ node /twcr/worker/../worker/squash-package.mjs tailwind.config.cjs
+ exitcode=0
+ set -e
+ [[ 0 != \0 ]]
+ cat package.json
+ sed 's/^/>>> /'
>>> {
>>>   "name": "omphalos",
>>>   "version": "0.0.1",
>>>   "description": "A sample reimplementation of NodeCG, a web based stream control center",
>>>   "repository": "https://github.com/OdatNurd/devember-2022",
>>>   "author": {
>>>     "name": "OdatNurd",
>>>     "email": "odatnurd@gmail.com",
>>>     "url": "https://odatnurd.net"
>>>   },
>>>   "engines": {
>>>     "node": "19.x",
>>>     "yarn": "1.x"
>>>   },
>>>   "license": "MIT",
>>>   "private": false,
>>>   "type": "module",
>>>   "imports": {
>>>     "#core/*": "./src/server/*.js",
>>>     "#api/*": "./src/client/api/*.js"
>>>   },
>>>   "dependencies": {},
>>>   "devDependencies": {
>>>     "@tailwindcss/typography": "^0.5.7",
>>>     "daisyui": "^2.43.2",
>>>     "tailwindcss": "^3.2.4"
>>>   }
>>> }+ rm -f package-lock.json pnpm-lock.yaml yarn.lock
+ '[' ./ '!=' ./ ']'
+ set +e
+ /twcr/worker/../worker/pm-install.sh yarn /tmp/twcr-c8af50d29c7a /twcr/mnt/results
+ package_manager_name=yarn
+ procdir=/tmp/twcr-c8af50d29c7a
+ datadir=/twcr/mnt/results
+ case "${package_manager_name}" in
+ '[' -z http://tid_4f9d142e1610:ok@172.18.0.2:3128 ']'
+ yarn config set httpProxy http://tid_4f9d142e1610:ok@172.18.0.2:3128
yarn config v1.22.19
success Set "httpProxy" to "http://tid_4f9d142e1610:ok@172.18.0.2:3128".
Done in 0.06s.
+ '[' -z http://tid_4f9d142e1610:ok@172.18.0.2:3128 ']'
+ yarn config set httpsProxy http://tid_4f9d142e1610:ok@172.18.0.2:3128
yarn config v1.22.19
success Set "httpsProxy" to "http://tid_4f9d142e1610:ok@172.18.0.2:3128".
Done in 0.07s.
+ yarn install
yarn install v1.22.19
info No lockfile found.
[1/5] Validating package.json...
error omphalos@0.0.1: The engine "node" is incompatible with this module. Expected version "19.x". Got "21.6.2"
info Visit https://yarnpkg.com/en/docs/cli/install for documentation about this command.
error Found incompatible module.
+ exitcode=1
+ set -e
+ [[ 1 != \0 ]]
+ [[ squash == \s\q\u\a\s\h ]]
+ echo '[worker] WARN: package manager failed; retrying with full install'
[worker] WARN: package manager failed; retrying with full install
+ attempt_mode=full
+ continue
+ true
++ date -u +%Y-%m-%dT%H:%M:%SZ
+ writetaskstat timestamp_attempt_full_begin 2024-03-05T13:12:44Z
+ jq -nc --arg key timestamp_attempt_full_begin --arg value 2024-03-05T13:12:44Z '{ key: $key, value: $value }'
+ [[ full == \s\q\u\a\s\h ]]
+ git clean -fdx
+ git reset --hard
HEAD is now at 093637b Set up for post devember-22
+ set +e
+ /twcr/worker/../worker/pm-install.sh yarn /tmp/twcr-c8af50d29c7a /twcr/mnt/results
+ package_manager_name=yarn
+ procdir=/tmp/twcr-c8af50d29c7a
+ datadir=/twcr/mnt/results
+ case "${package_manager_name}" in
+ '[' -z http://tid_4f9d142e1610:ok@172.18.0.2:3128 ']'
+ yarn config set httpProxy http://tid_4f9d142e1610:ok@172.18.0.2:3128
yarn config v1.22.19
success Set "httpProxy" to "http://tid_4f9d142e1610:ok@172.18.0.2:3128".
Done in 0.06s.
+ '[' -z http://tid_4f9d142e1610:ok@172.18.0.2:3128 ']'
+ yarn config set httpsProxy http://tid_4f9d142e1610:ok@172.18.0.2:3128
yarn config v1.22.19
success Set "httpsProxy" to "http://tid_4f9d142e1610:ok@172.18.0.2:3128".
Done in 0.05s.
+ yarn install
yarn install v1.22.19
[1/5] Validating package.json...
error omphalos@0.0.1: The engine "node" is incompatible with this module. Expected version "19.x". Got "21.6.2"
info Visit https://yarnpkg.com/en/docs/cli/install for documentation about this command.
error Found incompatible module.
+ exitcode=1
+ set -e
+ [[ 1 != \0 ]]
+ [[ full == \s\q\u\a\s\h ]]
+ exit 1
