==== RUN-DOCKER
+++ dirname -- ./worker/run.sh
++ cd -- ./worker
++ pwd
+ twcrdir=/twcr/worker/..
+ repo=github.com/hyoban/kodoku
+ reporef=main
+ repopath=./
+ '[' true == true ']'
+ grep -q '^././'
++ echo github.com/hyoban/kodoku
++ sha256sum
++ awk '{ print $1 }'
++ cut -c1-12
+ procdir=/tmp/twcr-4f9dbb44b6e2
++ echo 'github.com/hyoban/kodoku;main;./'
++ sha256sum
++ awk '{ print $1 }'
++ cut -c1-12
+ datadir=/twcr/worker/../mnt/dataset/data/4cc17c25b4fa
+ '[' '!' -z /twcr/mnt/results ']'
+ datadir=/twcr/mnt/results
+ touch /twcr/mnt/results/extract-failed
++ base64
++ tr -d =
++ tr /+ _-
++ base64
++ tr -d =
++ tr /+ _-
+ writetaskstat analysis_key github.com/hyoban/kodoku/bWFpbgo/Li8K
+ jq -nc --arg key analysis_key --arg value github.com/hyoban/kodoku/bWFpbgo/Li8K '{ key: $key, value: $value }'
++ date -u +%Y%m%d%H%M%S
++ sha256sum
++ awk '{ print $1 }'
++ cut -c1-16
++ head -c 32 /dev/urandom
+ writetaskstat analysis_nonce d094b738b0ec954e
+ jq -nc --arg key analysis_nonce --arg value d094b738b0ec954e '{ key: $key, value: $value }'
+ writetaskstat input_repo_name github.com/hyoban/kodoku
+ jq -nc --arg key input_repo_name --arg value github.com/hyoban/kodoku '{ key: $key, value: $value }'
+ writetaskstat input_repo_ref main
+ jq -nc --arg key input_repo_ref --arg value main '{ key: $key, value: $value }'
+ writetaskstat input_repo_path ./
+ jq -nc --arg key input_repo_path --arg value ./ '{ key: $key, value: $value }'
++ date -u +%Y-%m-%dT%H:%M:%SZ
+ writetaskstat timestamp_begin 2024-03-05T05:25:47Z
+ jq -nc --arg key timestamp_begin --arg value 2024-03-05T05:25:47Z '{ key: $key, value: $value }'
+ mkdir -p /tmp/twcr-4f9dbb44b6e2
/tmp/twcr-4f9dbb44b6e2 /twcr
+ pushd /tmp/twcr-4f9dbb44b6e2
+ '[' -d .git ']'
+ git clone --depth=1 -b main https://github.com/hyoban/kodoku.git .
Cloning into '.'...
++ date -u +%Y-%m-%dT%H:%M:%SZ
+ writetaskstat timestamp_git_clone_complete 2024-03-05T05:25:48Z
+ jq -nc --arg key timestamp_git_clone_complete --arg value 2024-03-05T05:25:48Z '{ key: $key, value: $value }'
++ git rev-parse HEAD
+ writetaskstat exec_repo_commit_sha fe3a0b1e260540698c518a9531c94750d487bfbd
+ jq -nc --arg key exec_repo_commit_sha --arg value fe3a0b1e260540698c518a9531c94750d487bfbd '{ key: $key, value: $value }'
+++ git show --no-patch --format=%ci
++ date -u --date '2024-02-15 15:55:21 +0800' +%Y-%m-%dT%H:%M:%SZ
+ writetaskstat exec_repo_commit_date 2024-02-15T07:55:21Z
+ jq -nc --arg key exec_repo_commit_date --arg value 2024-02-15T07:55:21Z '{ key: $key, value: $value }'
/tmp/twcr-4f9dbb44b6e2 /tmp/twcr-4f9dbb44b6e2 /twcr
+ '[' -z ./ ']'
+ pushd ./
+ tailwind_config_file_name=
+ '[' -f tailwind.config.js ']'
+ tailwind_config_file_name=tailwind.config.js
+ writetaskstat exec_tailwind_config_file tailwind.config.js
+ jq -nc --arg key exec_tailwind_config_file --arg value tailwind.config.js '{ key: $key, value: $value }'
+ cp tailwind.config.js /twcr/mnt/results/extract-raw-tailwind-config.js
+ '[' '!' -f package.json ']'
+ cp package.json /twcr/mnt/results/extract-raw-package.json
++ /twcr/worker/../worker/pm-detect.sh /tmp/twcr-4f9dbb44b6e2
+ package_manager_name=pnpm
+ '[' -z pnpm ']'
+ '[' -z pnpm ']'
+ writetaskstat exec_node_package_manager pnpm
+ jq -nc --arg key exec_node_package_manager --arg value pnpm '{ key: $key, value: $value }'
+ attempt_mode=squash
+ true
++ date -u +%Y-%m-%dT%H:%M:%SZ
+ writetaskstat timestamp_attempt_squash_begin 2024-03-05T05:25:48Z
+ jq -nc --arg key timestamp_attempt_squash_begin --arg value 2024-03-05T05:25:48Z '{ key: $key, value: $value }'
+ [[ squash == \s\q\u\a\s\h ]]
+ set +e
+ node /twcr/worker/../worker/squash-package.mjs tailwind.config.js
+ exitcode=0
+ set -e
+ [[ 0 != \0 ]]
+ cat package.json
+ sed 's/^/>>> /'
>>> {
>>>   "name": "kodoku",
>>>   "private": true,
>>>   "type": "module",
>>>   "packageManager": "pnpm@8.15.2",
>>>   "dependencies": {},
>>>   "devDependencies": {
>>>     "@egoist/tailwindcss-icons": "^1.7.4",
>>>     "tailwindcss": "^3.4.1",
>>>     "tailwindcss-animate": "^1.0.7"
>>>   }
>>> }+ rm -f package-lock.json pnpm-lock.yaml yarn.lock
+ '[' ./ '!=' ./ ']'
+ set +e
+ /twcr/worker/../worker/pm-install.sh pnpm /tmp/twcr-4f9dbb44b6e2 /twcr/mnt/results
+ package_manager_name=pnpm
+ procdir=/tmp/twcr-4f9dbb44b6e2
+ datadir=/twcr/mnt/results
+ case "${package_manager_name}" in
+ '[' '!' -f /tmp/twcr-4f9dbb44b6e2/package.json ']'
++ pnpm -v
+ sed -Ei 's/("pnpm": ")(.+)(")/\18.15.4\3/' /tmp/twcr-4f9dbb44b6e2/package.json
+ '[' '!' -f package.json ']'
++ pnpm -v
+ sed -Ei 's/("pnpm": ")(.+)(")/\18.15.4\3/' package.json
+ pnpm install
Progress: resolved 1, reused 0, downloaded 0, added 0
Progress: resolved 21, reused 0, downloaded 12, added 0
Progress: resolved 58, reused 0, downloaded 48, added 0
Progress: resolved 94, reused 0, downloaded 80, added 0
Progress: resolved 133, reused 0, downloaded 121, added 0
Packages: +137
++++++++++++++++++++++++++++++++++++++++++++++++++++++++++++++++++++++++++++++++
Progress: resolved 138, reused 0, downloaded 137, added 137, done

devDependencies:
+ @egoist/tailwindcss-icons 1.7.4
+ tailwindcss 3.4.1
+ tailwindcss-animate 1.0.7

Done in 5.3s
+ pnpm ls --json
+ jq -cr '
        .[]
        | [.dependencies, .devDependencies, .optionalDependencies]
        | map(select(.))[]
        | to_entries
        | map({ name: .key, version: .value.version })
        | sort_by(.name)[]
      '
+ exitcode=0
+ set -e
+ [[ 0 != \0 ]]
++ jq -sr 'map(select(.name == "tailwindcss")) | first | .version'
+ tailwind_package_version=3.4.1
+ tailwind_config_exporter=tailwind.config.exporter2.cjs
+ '[' -f node_modules/tailwindcss/lib/lib/load-config.js ']'
+ tailwind_config_exporter=tailwind.config.exporter3.mjs
+ cp /twcr/worker/../worker/tailwind.config.exporter3.mjs ./
+ set +e
+ node ./tailwind.config.exporter3.mjs tailwind.config.js
+ exitcode=0
+ set -e
+ [[ 0 != \0 ]]
+ echo 'module.exports={plugins:['
+ jq -rs '
        map(select(.name | startswith("@tailwindcss/")))
        | map("require(" + ( .name | tojson ) + "),")[]
      '
+ grep -Ev '"@tailwindcss/postcss7-compat"'
+ true
+ echo ']}'
+ cat tailwind.config.js
+ sed 's/^/>>> /'
>>> module.exports={plugins:[
>>> ]}
+ node ./tailwind.config.exporter3.mjs tailwind.config.js
++ date -u +%Y-%m-%dT%H:%M:%SZ
+ writetaskstat timestamp_attempt_squash_end 2024-03-05T05:25:56Z
+ jq -nc --arg key timestamp_attempt_squash_end --arg value 2024-03-05T05:25:56Z '{ key: $key, value: $value }'
+ break
++ date -u +%Y-%m-%dT%H:%M:%SZ
+ writetaskstat timestamp_end 2024-03-05T05:25:56Z
+ jq -nc --arg key timestamp_end --arg value 2024-03-05T05:25:56Z '{ key: $key, value: $value }'
+ rm /twcr/mnt/results/extract-failed
+ touch /twcr/mnt/results/extract-completed
