==== RUN-DOCKER
+++ dirname -- ./worker/run.sh
++ cd -- ./worker
++ pwd
+ twcrdir=/twcr/worker/..
+ repo=github.com/dailydotdev/apps
+ reporef=main
+ repopath=./packages/extension
+ '[' true == true ']'
+ grep -q '^././'
++ echo github.com/dailydotdev/apps
++ sha256sum
++ awk '{ print $1 }'
++ cut -c1-12
+ procdir=/tmp/twcr-5c095291f005
++ echo 'github.com/dailydotdev/apps;main;./packages/extension'
++ sha256sum
++ awk '{ print $1 }'
++ cut -c1-12
+ datadir=/twcr/worker/../mnt/dataset/data/cf82ff928038
+ '[' '!' -z /twcr/mnt/results ']'
+ datadir=/twcr/mnt/results
+ touch /twcr/mnt/results/extract-failed
++ base64
++ tr -d =
++ tr /+ _-
++ base64
++ tr -d =
++ tr /+ _-
+ writetaskstat analysis_key github.com/dailydotdev/apps/bWFpbgo/Li9wYWNrYWdlcy9leHRlbnNpb24K
+ jq -nc --arg key analysis_key --arg value github.com/dailydotdev/apps/bWFpbgo/Li9wYWNrYWdlcy9leHRlbnNpb24K '{ key: $key, value: $value }'
++ date -u +%Y%m%d%H%M%S
++ sha256sum
++ awk '{ print $1 }'
++ cut -c1-16
++ head -c 32 /dev/urandom
+ writetaskstat analysis_nonce 591d35647c0cdaa7
+ jq -nc --arg key analysis_nonce --arg value 591d35647c0cdaa7 '{ key: $key, value: $value }'
+ writetaskstat input_repo_name github.com/dailydotdev/apps
+ jq -nc --arg key input_repo_name --arg value github.com/dailydotdev/apps '{ key: $key, value: $value }'
+ writetaskstat input_repo_ref main
+ jq -nc --arg key input_repo_ref --arg value main '{ key: $key, value: $value }'
+ writetaskstat input_repo_path ./packages/extension
+ jq -nc --arg key input_repo_path --arg value ./packages/extension '{ key: $key, value: $value }'
++ date -u +%Y-%m-%dT%H:%M:%SZ
+ writetaskstat timestamp_begin 2024-03-04T03:46:35Z
+ jq -nc --arg key timestamp_begin --arg value 2024-03-04T03:46:35Z '{ key: $key, value: $value }'
+ mkdir -p /tmp/twcr-5c095291f005
+ pushd /tmp/twcr-5c095291f005
+ '[' -d .git ']'
+ git clone --depth=1 -b main https://github.com/dailydotdev/apps.git .
/tmp/twcr-5c095291f005 /twcr
Cloning into '.'...
++ date -u +%Y-%m-%dT%H:%M:%SZ
+ writetaskstat timestamp_git_clone_complete 2024-03-04T03:46:37Z
+ jq -nc --arg key timestamp_git_clone_complete --arg value 2024-03-04T03:46:37Z '{ key: $key, value: $value }'
++ git rev-parse HEAD
+ writetaskstat exec_repo_commit_sha 083c4ce047accfd19645978bc0ffc4b47b941bd1
+ jq -nc --arg key exec_repo_commit_sha --arg value 083c4ce047accfd19645978bc0ffc4b47b941bd1 '{ key: $key, value: $value }'
+++ git show --no-patch --format=%ci
++ date -u --date '2024-03-01 23:55:25 +0100' +%Y-%m-%dT%H:%M:%SZ
+ writetaskstat exec_repo_commit_date 2024-03-01T22:55:25Z
+ jq -nc --arg key exec_repo_commit_date --arg value 2024-03-01T22:55:25Z '{ key: $key, value: $value }'
/tmp/twcr-5c095291f005/packages/extension /tmp/twcr-5c095291f005 /twcr
+ '[' -z ./packages/extension ']'
+ pushd ./packages/extension
+ tailwind_config_file_name=
+ '[' -f tailwind.config.js ']'
+ tailwind_config_file_name=tailwind.config.js
+ writetaskstat exec_tailwind_config_file tailwind.config.js
+ jq -nc --arg key exec_tailwind_config_file --arg value tailwind.config.js '{ key: $key, value: $value }'
+ cp tailwind.config.js /twcr/mnt/results/extract-raw-tailwind-config.js
+ '[' '!' -f package.json ']'
+ cp package.json /twcr/mnt/results/extract-raw-package.json
++ /twcr/worker/../worker/pm-detect.sh /tmp/twcr-5c095291f005/packages/extension
+ package_manager_name=
+ '[' -z '' ']'
+ '[' ./packages/extension '!=' ./ ']'
++ /twcr/worker/../worker/pm-detect.sh /tmp/twcr-5c095291f005
+ package_manager_name=pnpm
+ '[' -z pnpm ']'
+ writetaskstat exec_node_package_manager pnpm
+ jq -nc --arg key exec_node_package_manager --arg value pnpm '{ key: $key, value: $value }'
+ attempt_mode=squash
+ true
++ date -u +%Y-%m-%dT%H:%M:%SZ
+ writetaskstat timestamp_attempt_squash_begin 2024-03-04T03:46:37Z
+ jq -nc --arg key timestamp_attempt_squash_begin --arg value 2024-03-04T03:46:37Z '{ key: $key, value: $value }'
+ [[ squash == \s\q\u\a\s\h ]]
+ set +e
+ node /twcr/worker/../worker/squash-package.mjs tailwind.config.js
+ exitcode=0
+ set -e
+ [[ 0 != \0 ]]
+ cat package.json
+ sed 's/^/>>> /'
>>> {
>>>   "name": "extension",
>>>   "version": "3.30.2",
>>>   "prettier": "@dailydotdev/prettier-config",
>>>   "dependencies": {
>>>     "@dailydotdev/shared": "*"
>>>   },
>>>   "devDependencies": {
>>>     "tailwindcss": "^3.4.0"
>>>   }
>>> }+ rm -f package-lock.json pnpm-lock.yaml yarn.lock
+ '[' ./packages/extension '!=' ./ ']'
+ rm -f /tmp/twcr-5c095291f005/package.json /tmp/twcr-5c095291f005/package-lock.json /tmp/twcr-5c095291f005/pnpm-lock.yaml /tmp/twcr-5c095291f005/yarn.lock
+ set +e
+ /twcr/worker/../worker/pm-install.sh pnpm /tmp/twcr-5c095291f005 /twcr/mnt/results
+ package_manager_name=pnpm
+ procdir=/tmp/twcr-5c095291f005
+ datadir=/twcr/mnt/results
+ case "${package_manager_name}" in
+ '[' '!' -f /tmp/twcr-5c095291f005/package.json ']'
+ '[' '!' -f package.json ']'
++ pnpm -v
+ sed -Ei 's/("pnpm": ")(.+)(")/\18.15.4\3/' package.json
+ pnpm install
Scope: all 7 workspace projects
../..                                    | Progress: resolved 1, reused 0, downloaded 0, added 0
../..                                    | Progress: resolved 21, reused 0, downloaded 13, added 0
../..                                    | Progress: resolved 34, reused 0, downloaded 27, added 0
../..                                    | Progress: resolved 54, reused 0, downloaded 38, added 0
../..                                    | Progress: resolved 69, reused 0, downloaded 56, added 0
/tmp/twcr-5c095291f005/packages/shared:
 ERR_PNPM_FETCH_403  GET https://gitpkg.now.sh/dailydotdev/growthbook/packages/sdk-js?a0d1a3add257acdbf5353dfd690547feebbada92: Forbidden - 403

This error happened while installing a direct dependency of /tmp/twcr-5c095291f005/packages/shared

No authorization header was set for the request.

No authorization settings were found in the configs.
Try to log in to the registry by running "pnpm login"
or add the auth tokens manually to the ~/.npmrc file.
+ exitcode=1
+ set -e
+ [[ 1 != \0 ]]
+ [[ squash == \s\q\u\a\s\h ]]
+ echo '[worker] WARN: package manager failed; retrying with full install'
[worker] WARN: package manager failed; retrying with full install
+ attempt_mode=full
+ continue
+ true
++ date -u +%Y-%m-%dT%H:%M:%SZ
+ writetaskstat timestamp_attempt_full_begin 2024-03-04T03:46:43Z
+ jq -nc --arg key timestamp_attempt_full_begin --arg value 2024-03-04T03:46:43Z '{ key: $key, value: $value }'
+ [[ full == \s\q\u\a\s\h ]]
+ git clean -fdx
+ git reset --hard
HEAD is now at 083c4ce chore: remove feed layout feature - set default on mobile (#2700)
+ set +e
+ /twcr/worker/../worker/pm-install.sh pnpm /tmp/twcr-5c095291f005 /twcr/mnt/results
+ package_manager_name=pnpm
+ procdir=/tmp/twcr-5c095291f005
+ datadir=/twcr/mnt/results
+ case "${package_manager_name}" in
+ '[' '!' -f /tmp/twcr-5c095291f005/package.json ']'
++ pnpm -v
+ sed -Ei 's/("pnpm": ")(.+)(")/\18.15.4\3/' /tmp/twcr-5c095291f005/package.json
+ '[' '!' -f package.json ']'
++ pnpm -v
+ sed -Ei 's/("pnpm": ")(.+)(")/\18.15.4\3/' package.json
+ pnpm install
Scope: all 8 workspace projects
../..                                    | Progress: resolved 1, reused 0, downloaded 0, added 0
../..                                    |    +2256 ++++++++++++++++++++++++++++
../..                                    | Progress: resolved 2256, reused 25, downloaded 0, added 0
../..                                    | Progress: resolved 2256, reused 30, downloaded 38, added 69
../..                                    | Progress: resolved 2256, reused 30, downloaded 93, added 125
../..                                    | Progress: resolved 2256, reused 30, downloaded 137, added 169
../..                                    | Progress: resolved 2256, reused 30, downloaded 180, added 212
../..                                    | Progress: resolved 2256, reused 30, downloaded 228, added 260
../..                                    | Progress: resolved 2256, reused 30, downloaded 275, added 304
../..                                    | Progress: resolved 2256, reused 30, downloaded 316, added 353
../..                                    | Progress: resolved 2256, reused 30, downloaded 360, added 397
../..                                    | Progress: resolved 2256, reused 30, downloaded 399, added 439
../..                                    | Progress: resolved 2256, reused 30, downloaded 430, added 490
../..                                    | Progress: resolved 2256, reused 30, downloaded 481, added 578
../..                                    | Progress: resolved 2256, reused 30, downloaded 526, added 636
../..                                    | Progress: resolved 2256, reused 30, downloaded 568, added 679
../..                                    | Progress: resolved 2256, reused 30, downloaded 609, added 720
../..                                    | Progress: resolved 2256, reused 30, downloaded 661, added 772
../..                                    | Progress: resolved 2256, reused 30, downloaded 672, added 783
../..                                    | Progress: resolved 2256, reused 30, downloaded 719, added 830
../..                                    | Progress: resolved 2256, reused 30, downloaded 771, added 887
../..                                    | Progress: resolved 2256, reused 30, downloaded 820, added 937
../..                                    | Progress: resolved 2256, reused 30, downloaded 870, added 988
../..                                    | Progress: resolved 2256, reused 30, downloaded 926, added 1044
../..                                    | Progress: resolved 2256, reused 30, downloaded 975, added 1093
../..                                    | Progress: resolved 2256, reused 30, downloaded 1023, added 1141
../..                                    | Progress: resolved 2256, reused 30, downloaded 1072, added 1190
../..                                    | Progress: resolved 2256, reused 30, downloaded 1124, added 1242
../..                                    | Progress: resolved 2256, reused 30, downloaded 1172, added 1290
../..                                    | Progress: resolved 2256, reused 30, downloaded 1217, added 1334
 ERR_PNPM_FETCH_403  GET https://gitpkg.now.sh/dailydotdev/growthbook/packages/sdk-js?a0d1a3add257acdbf5353dfd690547feebbada92: Forbidden - 403

No authorization header was set for the request.

No authorization settings were found in the configs.
Try to log in to the registry by running "pnpm login"
or add the auth tokens manually to the ~/.npmrc file.
+ exitcode=1
+ set -e
+ [[ 1 != \0 ]]
+ [[ full == \s\q\u\a\s\h ]]
+ exit 1
