==== RUN-DOCKER
+++ dirname -- ./worker/run.sh
++ cd -- ./worker
++ pwd
+ twcrdir=/twcr/worker/..
+ repo=github.com/harithya/Portfolio-V2
+ reporef=main
+ repopath=./
+ '[' true == true ']'
+ grep -q '^././'
++ echo github.com/harithya/Portfolio-V2
++ sha256sum
++ awk '{ print $1 }'
++ cut -c1-12
+ procdir=/tmp/twcr-a3a27aa94ab6
++ echo 'github.com/harithya/Portfolio-V2;main;./'
++ sha256sum
++ awk '{ print $1 }'
++ cut -c1-12
+ datadir=/twcr/worker/../mnt/dataset/data/53a3f3fc9d67
+ '[' '!' -z /twcr/mnt/results ']'
+ datadir=/twcr/mnt/results
+ touch /twcr/mnt/results/extract-failed
++ base64
++ tr -d =
++ tr /+ _-
++ base64
++ tr -d =
++ tr /+ _-
+ writetaskstat analysis_key github.com/harithya/Portfolio-V2/bWFpbgo/Li8K
+ jq -nc --arg key analysis_key --arg value github.com/harithya/Portfolio-V2/bWFpbgo/Li8K '{ key: $key, value: $value }'
++ date -u +%Y%m%d%H%M%S
++ sha256sum
++ awk '{ print $1 }'
++ cut -c1-16
++ head -c 32 /dev/urandom
+ writetaskstat analysis_nonce e0406aa279f58b85
+ jq -nc --arg key analysis_nonce --arg value e0406aa279f58b85 '{ key: $key, value: $value }'
+ writetaskstat input_repo_name github.com/harithya/Portfolio-V2
+ jq -nc --arg key input_repo_name --arg value github.com/harithya/Portfolio-V2 '{ key: $key, value: $value }'
+ writetaskstat input_repo_ref main
+ jq -nc --arg key input_repo_ref --arg value main '{ key: $key, value: $value }'
+ writetaskstat input_repo_path ./
+ jq -nc --arg key input_repo_path --arg value ./ '{ key: $key, value: $value }'
++ date -u +%Y-%m-%dT%H:%M:%SZ
+ writetaskstat timestamp_begin 2024-03-05T06:28:48Z
+ jq -nc --arg key timestamp_begin --arg value 2024-03-05T06:28:48Z '{ key: $key, value: $value }'
+ mkdir -p /tmp/twcr-a3a27aa94ab6
+ pushd /tmp/twcr-a3a27aa94ab6
+ '[' -d .git ']'
+ git clone --depth=1 -b main https://github.com/harithya/Portfolio-V2.git .
/tmp/twcr-a3a27aa94ab6 /twcr
Cloning into '.'...
++ date -u +%Y-%m-%dT%H:%M:%SZ
+ writetaskstat timestamp_git_clone_complete 2024-03-05T06:28:50Z
+ jq -nc --arg key timestamp_git_clone_complete --arg value 2024-03-05T06:28:50Z '{ key: $key, value: $value }'
++ git rev-parse HEAD
+ writetaskstat exec_repo_commit_sha 5e74abe1ca2d35f1ce964315b753fdad9ef4eb74
+ jq -nc --arg key exec_repo_commit_sha --arg value 5e74abe1ca2d35f1ce964315b753fdad9ef4eb74 '{ key: $key, value: $value }'
+++ git show --no-patch --format=%ci
++ date -u --date '2024-01-31 21:34:09 +0700' +%Y-%m-%dT%H:%M:%SZ
+ writetaskstat exec_repo_commit_date 2024-01-31T14:34:09Z
+ jq -nc --arg key exec_repo_commit_date --arg value 2024-01-31T14:34:09Z '{ key: $key, value: $value }'
/tmp/twcr-a3a27aa94ab6 /tmp/twcr-a3a27aa94ab6 /twcr
+ '[' -z ./ ']'
+ pushd ./
+ tailwind_config_file_name=
+ '[' -f tailwind.config.js ']'
+ tailwind_config_file_name=tailwind.config.js
+ writetaskstat exec_tailwind_config_file tailwind.config.js
+ jq -nc --arg key exec_tailwind_config_file --arg value tailwind.config.js '{ key: $key, value: $value }'
+ cp tailwind.config.js /twcr/mnt/results/extract-raw-tailwind-config.js
+ '[' '!' -f package.json ']'
+ cp package.json /twcr/mnt/results/extract-raw-package.json
++ /twcr/worker/../worker/pm-detect.sh /tmp/twcr-a3a27aa94ab6
+ package_manager_name=yarn
+ '[' -z yarn ']'
+ '[' -z yarn ']'
+ writetaskstat exec_node_package_manager yarn
+ jq -nc --arg key exec_node_package_manager --arg value yarn '{ key: $key, value: $value }'
+ attempt_mode=squash
+ true
++ date -u +%Y-%m-%dT%H:%M:%SZ
+ writetaskstat timestamp_attempt_squash_begin 2024-03-05T06:28:50Z
+ jq -nc --arg key timestamp_attempt_squash_begin --arg value 2024-03-05T06:28:50Z '{ key: $key, value: $value }'
+ [[ squash == \s\q\u\a\s\h ]]
+ set +e
+ node /twcr/worker/../worker/squash-package.mjs tailwind.config.js
+ exitcode=0
+ set -e
+ [[ 0 != \0 ]]
+ cat package.json
+ sed 's/^/>>> /'
>>> {
>>>   "name": "portfolio",
>>>   "private": true,
>>>   "dependencies": {
>>>     "@tailwindcss/line-clamp": "^0.4.2"
>>>   },
>>>   "devDependencies": {
>>>     "tailwindcss": "^3.0.7"
>>>   }
>>> }+ rm -f package-lock.json pnpm-lock.yaml yarn.lock
+ '[' ./ '!=' ./ ']'
+ set +e
+ /twcr/worker/../worker/pm-install.sh yarn /tmp/twcr-a3a27aa94ab6 /twcr/mnt/results
+ package_manager_name=yarn
+ procdir=/tmp/twcr-a3a27aa94ab6
+ datadir=/twcr/mnt/results
+ case "${package_manager_name}" in
+ '[' -z http://tid_44497a97f317:ok@172.18.0.2:3128 ']'
+ yarn config set httpProxy http://tid_44497a97f317:ok@172.18.0.2:3128
yarn config v1.22.19
success Set "httpProxy" to "http://tid_44497a97f317:ok@172.18.0.2:3128".
Done in 0.04s.
+ '[' -z http://tid_44497a97f317:ok@172.18.0.2:3128 ']'
+ yarn config set httpsProxy http://tid_44497a97f317:ok@172.18.0.2:3128
yarn config v1.22.19
success Set "httpsProxy" to "http://tid_44497a97f317:ok@172.18.0.2:3128".
Done in 0.04s.
+ yarn install
yarn install v1.22.19
info No lockfile found.
[1/4] Resolving packages...
(node:125) [DEP0040] DeprecationWarning: The `punycode` module is deprecated. Please use a userland alternative instead.
(Use `node --trace-deprecation ...` to show where the warning was created)
[2/4] Fetching packages...
[3/4] Linking dependencies...
[4/4] Building fresh packages...
success Saved lockfile.
Done in 6.70s.
+ yarn list --depth=0 --json --non-interactive --no-progress
+ jq -cr '
        [.. | .name?]
        | map(select(.))
        | map(capture("^(?<name>@?[^@]+)@(?<version>.+)$"))
        | sort_by(.name)[]'
+ exitcode=0
+ set -e
+ [[ 0 != \0 ]]
++ jq -sr 'map(select(.name == "tailwindcss")) | first | .version'
+ tailwind_package_version=3.4.1
+ tailwind_config_exporter=tailwind.config.exporter2.cjs
+ '[' -f node_modules/tailwindcss/lib/lib/load-config.js ']'
+ tailwind_config_exporter=tailwind.config.exporter3.mjs
+ cp /twcr/worker/../worker/tailwind.config.exporter3.mjs ./
+ set +e
+ node ./tailwind.config.exporter3.mjs tailwind.config.js
+ exitcode=0
+ set -e
+ [[ 0 != \0 ]]
+ echo 'module.exports={plugins:['
+ jq -rs '
        map(select(.name | startswith("@tailwindcss/")))
        | map("require(" + ( .name | tojson ) + "),")[]
      '
+ grep -Ev '"@tailwindcss/postcss7-compat"'
+ echo ']}'
+ cat tailwind.config.js
+ sed 's/^/>>> /'
>>> module.exports={plugins:[
>>> require("@tailwindcss/line-clamp"),
>>> ]}
+ node ./tailwind.config.exporter3.mjs tailwind.config.js
++ date -u +%Y-%m-%dT%H:%M:%SZ
+ writetaskstat timestamp_attempt_squash_end 2024-03-05T06:28:58Z
+ jq -nc --arg key timestamp_attempt_squash_end --arg value 2024-03-05T06:28:58Z '{ key: $key, value: $value }'
+ break
++ date -u +%Y-%m-%dT%H:%M:%SZ
+ writetaskstat timestamp_end 2024-03-05T06:28:58Z
+ jq -nc --arg key timestamp_end --arg value 2024-03-05T06:28:58Z '{ key: $key, value: $value }'
+ rm /twcr/mnt/results/extract-failed
+ touch /twcr/mnt/results/extract-completed
