==== RUN-DOCKER
+++ dirname -- ./worker/run.sh
++ cd -- ./worker
++ pwd
+ twcrdir=/twcr/worker/..
+ repo=github.com/cuentoneta/cuentoneta
+ reporef=develop
+ repopath=./
+ '[' true == true ']'
+ grep -q '^././'
++ echo github.com/cuentoneta/cuentoneta
++ sha256sum
++ awk '{ print $1 }'
++ cut -c1-12
+ procdir=/tmp/twcr-bf1916fb31f1
++ echo 'github.com/cuentoneta/cuentoneta;develop;./'
++ sha256sum
++ awk '{ print $1 }'
++ cut -c1-12
+ datadir=/twcr/worker/../mnt/dataset/data/b4da44a310eb
+ '[' '!' -z /twcr/mnt/results ']'
+ datadir=/twcr/mnt/results
+ touch /twcr/mnt/results/extract-failed
++ base64
++ tr -d =
++ tr /+ _-
++ base64
++ tr -d =
++ tr /+ _-
+ writetaskstat analysis_key github.com/cuentoneta/cuentoneta/ZGV2ZWxvcAo/Li8K
+ jq -nc --arg key analysis_key --arg value github.com/cuentoneta/cuentoneta/ZGV2ZWxvcAo/Li8K '{ key: $key, value: $value }'
++ date -u +%Y%m%d%H%M%S
++ sha256sum
++ awk '{ print $1 }'
++ cut -c1-16
++ head -c 32 /dev/urandom
+ writetaskstat analysis_nonce 4ae9e58ac584c047
+ jq -nc --arg key analysis_nonce --arg value 4ae9e58ac584c047 '{ key: $key, value: $value }'
+ writetaskstat input_repo_name github.com/cuentoneta/cuentoneta
+ jq -nc --arg key input_repo_name --arg value github.com/cuentoneta/cuentoneta '{ key: $key, value: $value }'
+ writetaskstat input_repo_ref develop
+ jq -nc --arg key input_repo_ref --arg value develop '{ key: $key, value: $value }'
+ writetaskstat input_repo_path ./
+ jq -nc --arg key input_repo_path --arg value ./ '{ key: $key, value: $value }'
++ date -u +%Y-%m-%dT%H:%M:%SZ
+ writetaskstat timestamp_begin 2024-03-05T07:30:00Z
+ jq -nc --arg key timestamp_begin --arg value 2024-03-05T07:30:00Z '{ key: $key, value: $value }'
+ mkdir -p /tmp/twcr-bf1916fb31f1
+ pushd /tmp/twcr-bf1916fb31f1
+ '[' -d .git ']'
+ git clone --depth=1 -b develop https://github.com/cuentoneta/cuentoneta.git .
/tmp/twcr-bf1916fb31f1 /twcr
Cloning into '.'...
++ date -u +%Y-%m-%dT%H:%M:%SZ
+ writetaskstat timestamp_git_clone_complete 2024-03-05T07:30:01Z
+ jq -nc --arg key timestamp_git_clone_complete --arg value 2024-03-05T07:30:01Z '{ key: $key, value: $value }'
++ git rev-parse HEAD
+ writetaskstat exec_repo_commit_sha d34d78ad4a5ecb9b224684ed4e0112bbe164ff28
+ jq -nc --arg key exec_repo_commit_sha --arg value d34d78ad4a5ecb9b224684ed4e0112bbe164ff28 '{ key: $key, value: $value }'
+++ git show --no-patch --format=%ci
++ date -u --date '2024-02-29 20:40:56 -0300' +%Y-%m-%dT%H:%M:%SZ
+ writetaskstat exec_repo_commit_date 2024-02-29T23:40:56Z
+ jq -nc --arg key exec_repo_commit_date --arg value 2024-02-29T23:40:56Z '{ key: $key, value: $value }'
+ '[' -z ./ ']'
+ pushd ./
+ tailwind_config_file_name=
+ '[' -f tailwind.config.js ']'
+ tailwind_config_file_name=tailwind.config.js
+ writetaskstat exec_tailwind_config_file tailwind.config.js
+ jq -nc --arg key exec_tailwind_config_file --arg value tailwind.config.js '{ key: $key, value: $value }'
/tmp/twcr-bf1916fb31f1 /tmp/twcr-bf1916fb31f1 /twcr
+ cp tailwind.config.js /twcr/mnt/results/extract-raw-tailwind-config.js
+ '[' '!' -f package.json ']'
+ cp package.json /twcr/mnt/results/extract-raw-package.json
++ /twcr/worker/../worker/pm-detect.sh /tmp/twcr-bf1916fb31f1
+ package_manager_name=pnpm
+ '[' -z pnpm ']'
+ '[' -z pnpm ']'
+ writetaskstat exec_node_package_manager pnpm
+ jq -nc --arg key exec_node_package_manager --arg value pnpm '{ key: $key, value: $value }'
+ attempt_mode=squash
+ true
++ date -u +%Y-%m-%dT%H:%M:%SZ
+ writetaskstat timestamp_attempt_squash_begin 2024-03-05T07:30:01Z
+ jq -nc --arg key timestamp_attempt_squash_begin --arg value 2024-03-05T07:30:01Z '{ key: $key, value: $value }'
+ [[ squash == \s\q\u\a\s\h ]]
+ set +e
+ node /twcr/worker/../worker/squash-package.mjs tailwind.config.js
+ exitcode=0
+ set -e
+ [[ 0 != \0 ]]
+ cat package.json
+ sed 's/^/>>> /'
+ rm -f package-lock.json pnpm-lock.yaml yarn.lock
>>> {
>>>   "name": "cuentoneta",
>>>   "version": "2.3.3",
>>>   "license": "CC BY-NC-SA 4.0",
>>>   "private": true,
>>>   "dependencies": {
>>>     "@nx/angular": "18.0.1"
>>>   },
>>>   "devDependencies": {
>>>     "tailwindcss": "^3.0.2"
>>>   }
>>> }+ '[' ./ '!=' ./ ']'
+ set +e
+ /twcr/worker/../worker/pm-install.sh pnpm /tmp/twcr-bf1916fb31f1 /twcr/mnt/results
+ package_manager_name=pnpm
+ procdir=/tmp/twcr-bf1916fb31f1
+ datadir=/twcr/mnt/results
+ case "${package_manager_name}" in
+ '[' '!' -f /tmp/twcr-bf1916fb31f1/package.json ']'
++ pnpm -v
+ sed -Ei 's/("pnpm": ")(.+)(")/\18.15.4\3/' /tmp/twcr-bf1916fb31f1/package.json
+ '[' '!' -f package.json ']'
++ pnpm -v
+ sed -Ei 's/("pnpm": ")(.+)(")/\18.15.4\3/' package.json
+ pnpm install
Progress: resolved 1, reused 0, downloaded 0, added 0
Progress: resolved 22, reused 0, downloaded 17, added 0
Progress: resolved 53, reused 0, downloaded 40, added 0
Progress: resolved 87, reused 0, downloaded 73, added 0
Progress: resolved 118, reused 0, downloaded 104, added 0
Progress: resolved 124, reused 0, downloaded 111, added 0
Progress: resolved 134, reused 0, downloaded 119, added 0
Progress: resolved 162, reused 0, downloaded 144, added 0
Progress: resolved 191, reused 0, downloaded 168, added 0
Progress: resolved 220, reused 0, downloaded 197, added 0
Progress: resolved 254, reused 0, downloaded 228, added 0
Progress: resolved 290, reused 0, downloaded 262, added 0
Progress: resolved 326, reused 0, downloaded 299, added 0
Progress: resolved 372, reused 0, downloaded 336, added 0
Progress: resolved 410, reused 0, downloaded 373, added 0
Progress: resolved 439, reused 0, downloaded 409, added 0
Progress: resolved 475, reused 0, downloaded 431, added 0
Progress: resolved 505, reused 0, downloaded 457, added 0
Progress: resolved 524, reused 0, downloaded 480, added 0
Progress: resolved 564, reused 0, downloaded 513, added 0
Progress: resolved 602, reused 0, downloaded 547, added 0
Progress: resolved 637, reused 0, downloaded 584, added 0
Progress: resolved 684, reused 0, downloaded 622, added 0
Progress: resolved 721, reused 0, downloaded 660, added 0
Progress: resolved 766, reused 0, downloaded 696, added 0
Progress: resolved 806, reused 0, downloaded 740, added 0
Progress: resolved 844, reused 0, downloaded 774, added 0
Progress: resolved 889, reused 0, downloaded 813, added 0
Progress: resolved 927, reused 0, downloaded 850, added 0
Progress: resolved 950, reused 0, downloaded 886, added 0
Progress: resolved 962, reused 0, downloaded 934, added 0
Progress: resolved 982, reused 0, downloaded 954, added 0
Progress: resolved 1016, reused 0, downloaded 992, added 0
Progress: resolved 1055, reused 0, downloaded 1002, added 0
Progress: resolved 1100, reused 0, downloaded 1027, added 0
 WARN  1 deprecated subdependencies found: abab@2.0.6
Packages: +1117
++++++++++++++++++++++++++++++++++++++++++++++++++++++++++++++++++++++++++++++++
Progress: resolved 1102, reused 0, downloaded 1029, added 85
Progress: resolved 1102, reused 0, downloaded 1030, added 1117, done
.../.pnpm/nx@18.0.1/node_modules/nx postinstall$ node ./bin/post-install
.../.pnpm/nx@18.0.7/node_modules/nx postinstall$ node ./bin/post-install
.../esbuild@0.20.0/node_modules/esbuild postinstall$ node install.js
.../esbuild@0.19.12/node_modules/esbuild postinstall$ node install.js
.../node_modules/nice-napi install$ node-gyp-build
.../esbuild@0.20.0/node_modules/esbuild postinstall: Done
.../esbuild@0.19.12/node_modules/esbuild postinstall: Done
.../node_modules/nice-napi install: Done
.../.pnpm/nx@18.0.1/node_modules/nx postinstall: Done
.../.pnpm/nx@18.0.7/node_modules/nx postinstall: Done

dependencies:
+ @nx/angular 18.0.1 (18.0.7 is available)

devDependencies:
+ tailwindcss 3.4.1

Done in 39s
+ pnpm ls --json
+ jq -cr '
        .[]
        | [.dependencies, .devDependencies, .optionalDependencies]
        | map(select(.))[]
        | to_entries
        | map({ name: .key, version: .value.version })
        | sort_by(.name)[]
      '
+ exitcode=0
+ set -e
+ [[ 0 != \0 ]]
++ jq -sr 'map(select(.name == "tailwindcss")) | first | .version'
+ tailwind_package_version=3.4.1
+ tailwind_config_exporter=tailwind.config.exporter2.cjs
+ '[' -f node_modules/tailwindcss/lib/lib/load-config.js ']'
+ tailwind_config_exporter=tailwind.config.exporter3.mjs
+ cp /twcr/worker/../worker/tailwind.config.exporter3.mjs ./
+ set +e
+ node ./tailwind.config.exporter3.mjs tailwind.config.js

WARNING: There was an error creating glob patterns, returning an empty array
[readCachedProjectGraph] ERROR: No cached ProjectGraph is available.

If you are leveraging \`readCachedProjectGraph()\` directly then you will need to refactor your usage to first ensure that
the ProjectGraph is created by calling \`await createProjectGraphAsync()\` somewhere before attempting to read the data.

If you encounter this error as part of running standard \`nx\` commands then please open an issue on https://github.com/nrwl/nx

+ exitcode=0
+ set -e
+ [[ 0 != \0 ]]
+ echo 'module.exports={plugins:['
+ jq -rs '
        map(select(.name | startswith("@tailwindcss/")))
        | map("require(" + ( .name | tojson ) + "),")[]
      '
+ grep -Ev '"@tailwindcss/postcss7-compat"'
+ true
+ echo ']}'
+ cat tailwind.config.js
+ sed 's/^/>>> /'
>>> module.exports={plugins:[
>>> ]}
+ node ./tailwind.config.exporter3.mjs tailwind.config.js
++ date -u +%Y-%m-%dT%H:%M:%SZ
+ writetaskstat timestamp_attempt_squash_end 2024-03-05T07:30:42Z
+ jq -nc --arg key timestamp_attempt_squash_end --arg value 2024-03-05T07:30:42Z '{ key: $key, value: $value }'
+ break
++ date -u +%Y-%m-%dT%H:%M:%SZ
+ writetaskstat timestamp_end 2024-03-05T07:30:42Z
+ jq -nc --arg key timestamp_end --arg value 2024-03-05T07:30:42Z '{ key: $key, value: $value }'
+ rm /twcr/mnt/results/extract-failed
+ touch /twcr/mnt/results/extract-completed
