==== RUN-DOCKER
+++ dirname -- ./worker/run.sh
++ cd -- ./worker
++ pwd
+ twcrdir=/twcr/worker/..
+ repo=github.com/YYsuni/react18-json-view
+ reporef=main
+ repopath=./
+ '[' true == true ']'
+ grep -q '^././'
++ echo github.com/YYsuni/react18-json-view
++ sha256sum
++ awk '{ print $1 }'
++ cut -c1-12
+ procdir=/tmp/twcr-f7befc80c182
++ echo 'github.com/YYsuni/react18-json-view;main;./'
++ sha256sum
++ awk '{ print $1 }'
++ cut -c1-12
+ datadir=/twcr/worker/../mnt/dataset/data/bbf48342d641
+ '[' '!' -z /twcr/mnt/results ']'
+ datadir=/twcr/mnt/results
+ touch /twcr/mnt/results/extract-failed
++ base64
++ tr -d =
++ tr /+ _-
++ base64
++ tr -d =
++ tr /+ _-
+ writetaskstat analysis_key github.com/YYsuni/react18-json-view/bWFpbgo/Li8K
+ jq -nc --arg key analysis_key --arg value github.com/YYsuni/react18-json-view/bWFpbgo/Li8K '{ key: $key, value: $value }'
++ date -u +%Y%m%d%H%M%S
++ sha256sum
++ awk '{ print $1 }'
++ cut -c1-16
++ head -c 32 /dev/urandom
+ writetaskstat analysis_nonce a212cdf14fcc6413
+ jq -nc --arg key analysis_nonce --arg value a212cdf14fcc6413 '{ key: $key, value: $value }'
+ writetaskstat input_repo_name github.com/YYsuni/react18-json-view
+ jq -nc --arg key input_repo_name --arg value github.com/YYsuni/react18-json-view '{ key: $key, value: $value }'
+ writetaskstat input_repo_ref main
+ jq -nc --arg key input_repo_ref --arg value main '{ key: $key, value: $value }'
+ writetaskstat input_repo_path ./
+ jq -nc --arg key input_repo_path --arg value ./ '{ key: $key, value: $value }'
++ date -u +%Y-%m-%dT%H:%M:%SZ
+ writetaskstat timestamp_begin 2024-03-05T01:25:58Z
+ jq -nc --arg key timestamp_begin --arg value 2024-03-05T01:25:58Z '{ key: $key, value: $value }'
+ mkdir -p /tmp/twcr-f7befc80c182
+ pushd /tmp/twcr-f7befc80c182
+ '[' -d .git ']'
+ git clone --depth=1 -b main https://github.com/YYsuni/react18-json-view.git .
/tmp/twcr-f7befc80c182 /twcr
Cloning into '.'...
++ date -u +%Y-%m-%dT%H:%M:%SZ
+ writetaskstat timestamp_git_clone_complete 2024-03-05T01:25:59Z
+ jq -nc --arg key timestamp_git_clone_complete --arg value 2024-03-05T01:25:59Z '{ key: $key, value: $value }'
++ git rev-parse HEAD
+ writetaskstat exec_repo_commit_sha e02eec9e9fa408d2dd76b11e0f92fad0c92aebcc
+ jq -nc --arg key exec_repo_commit_sha --arg value e02eec9e9fa408d2dd76b11e0f92fad0c92aebcc '{ key: $key, value: $value }'
+++ git show --no-patch --format=%ci
++ date -u --date '2024-03-01 14:36:34 +0800' +%Y-%m-%dT%H:%M:%SZ
+ writetaskstat exec_repo_commit_date 2024-03-01T06:36:34Z
+ jq -nc --arg key exec_repo_commit_date --arg value 2024-03-01T06:36:34Z '{ key: $key, value: $value }'
/tmp/twcr-f7befc80c182 /tmp/twcr-f7befc80c182 /twcr
+ '[' -z ./ ']'
+ pushd ./
+ tailwind_config_file_name=
+ '[' -f tailwind.config.js ']'
+ '[' -f tailwind.config.cjs ']'
+ tailwind_config_file_name=tailwind.config.cjs
+ writetaskstat exec_tailwind_config_file tailwind.config.cjs
+ jq -nc --arg key exec_tailwind_config_file --arg value tailwind.config.cjs '{ key: $key, value: $value }'
+ cp tailwind.config.cjs /twcr/mnt/results/extract-raw-tailwind-config.js
+ '[' '!' -f package.json ']'
+ cp package.json /twcr/mnt/results/extract-raw-package.json
++ /twcr/worker/../worker/pm-detect.sh /tmp/twcr-f7befc80c182
+ package_manager_name=pnpm
+ '[' -z pnpm ']'
+ '[' -z pnpm ']'
+ writetaskstat exec_node_package_manager pnpm
+ jq -nc --arg key exec_node_package_manager --arg value pnpm '{ key: $key, value: $value }'
+ attempt_mode=squash
+ true
++ date -u +%Y-%m-%dT%H:%M:%SZ
+ writetaskstat timestamp_attempt_squash_begin 2024-03-05T01:25:59Z
+ jq -nc --arg key timestamp_attempt_squash_begin --arg value 2024-03-05T01:25:59Z '{ key: $key, value: $value }'
+ [[ squash == \s\q\u\a\s\h ]]
+ set +e
+ node /twcr/worker/../worker/squash-package.mjs tailwind.config.cjs
+ exitcode=0
+ set -e
+ [[ 0 != \0 ]]
+ cat package.json
+ sed 's/^/>>> /'
>>> {
>>>   "name": "react18-json-view",
>>>   "version": "0.2.8-canary.4",
>>>   "type": "module",
>>>   "description": "JSON viewer for react18",
>>>   "main": "dist/cjs/index.cjs",
>>>   "types": "dist/index",
>>>   "module": "dist/es/index.mjs",
>>>   "brower": "dist/es/index.mjs",
>>>   "files": [
>>>     "src",
>>>     "dist"
>>>   ],
>>>   "devDependencies": {
>>>     "tailwindcss": "^3.3.2"
>>>   },
>>>   "peerDependencies": {},
>>>   "lint-staged": {
>>>     "**/*": "prettier --write --ignore-unknown"
>>>   },
>>>   "license": "MIT",
>>>   "author": "Suni",
>>>   "keywords": [
>>>     "function component",
>>>     "interactive",
>>>     "interactive-json",
>>>     "json",
>>>     "json-component",
>>>     "json-display",
>>>     "json-tree",
>>>     "json-view",
>>>     "json-viewer",
>>>     "json-inspector",
>>>     "json-tree",
>>>     "react",
>>>     "react18",
>>>     "react-component",
>>>     "react-json",
>>>     "theme",
>>>     "tree",
>>>     "tree-view",
>>>     "treeview"
>>>   ],
>>>   "homepage": "https://github.com/YYsuni/react18-json-view#readme",
>>>   "repository": {
>>>     "type": "git",
>>>     "url": "git+https://github.com/YYsuni/react18-json-view.git"
>>>   },
>>>   "bugs": {
>>>     "url": "https://github.com/YYsuni/react18-json-view/issues"
>>>   },
>>>   "sideEffects": [
>>>     "*.css"
>>>   ]
>>> }+ rm -f package-lock.json pnpm-lock.yaml yarn.lock
+ '[' ./ '!=' ./ ']'
+ set +e
+ /twcr/worker/../worker/pm-install.sh pnpm /tmp/twcr-f7befc80c182 /twcr/mnt/results
+ package_manager_name=pnpm
+ procdir=/tmp/twcr-f7befc80c182
+ datadir=/twcr/mnt/results
+ case "${package_manager_name}" in
+ '[' '!' -f /tmp/twcr-f7befc80c182/package.json ']'
++ pnpm -v
+ sed -Ei 's/("pnpm": ")(.+)(")/\18.15.4\3/' /tmp/twcr-f7befc80c182/package.json
+ '[' '!' -f package.json ']'
++ pnpm -v
+ sed -Ei 's/("pnpm": ")(.+)(")/\18.15.4\3/' package.json
+ pnpm install
Scope: all 2 workspace projects
Progress: resolved 1, reused 0, downloaded 0, added 0
Progress: resolved 17, reused 0, downloaded 14, added 0
Progress: resolved 47, reused 0, downloaded 33, added 0
Progress: resolved 72, reused 0, downloaded 55, added 0
Progress: resolved 96, reused 0, downloaded 74, added 0
Progress: resolved 118, reused 0, downloaded 96, added 0
Progress: resolved 139, reused 0, downloaded 117, added 0
Progress: resolved 170, reused 0, downloaded 147, added 0
Progress: resolved 205, reused 0, downloaded 178, added 0
Progress: resolved 240, reused 0, downloaded 213, added 0
Progress: resolved 278, reused 0, downloaded 244, added 0
Progress: resolved 313, reused 0, downloaded 276, added 0
Progress: resolved 355, reused 0, downloaded 317, added 0
Packages: +351
++++++++++++++++++++++++++++++++++++++++++++++++++++++++++++++++++++++++++++++++
Progress: resolved 359, reused 0, downloaded 351, added 351, done

devDependencies:
+ tailwindcss 3.3.3 (3.4.1 is available)

Done in 14.5s
+ pnpm ls --json
+ jq -cr '
        .[]
        | [.dependencies, .devDependencies, .optionalDependencies]
        | map(select(.))[]
        | to_entries
        | map({ name: .key, version: .value.version })
        | sort_by(.name)[]
      '
+ exitcode=0
+ set -e
+ [[ 0 != \0 ]]
++ jq -sr 'map(select(.name == "tailwindcss")) | first | .version'
+ tailwind_package_version=3.3.3
+ tailwind_config_exporter=tailwind.config.exporter2.cjs
+ '[' -f node_modules/tailwindcss/lib/lib/load-config.js ']'
+ tailwind_config_exporter=tailwind.config.exporter3.mjs
+ cp /twcr/worker/../worker/tailwind.config.exporter3.mjs ./
+ set +e
+ node ./tailwind.config.exporter3.mjs tailwind.config.cjs
+ exitcode=0
+ set -e
+ [[ 0 != \0 ]]
+ echo 'module.exports={plugins:['
+ jq -rs '
        map(select(.name | startswith("@tailwindcss/")))
        | map("require(" + ( .name | tojson ) + "),")[]
      '
+ grep -Ev '"@tailwindcss/postcss7-compat"'
+ true
+ echo ']}'
+ cat tailwind.config.cjs
+ sed 's/^/>>> /'
>>> module.exports={plugins:[
>>> ]}
+ node ./tailwind.config.exporter3.mjs tailwind.config.cjs
++ date -u +%Y-%m-%dT%H:%M:%SZ
+ writetaskstat timestamp_attempt_squash_end 2024-03-05T01:26:15Z
+ jq -nc --arg key timestamp_attempt_squash_end --arg value 2024-03-05T01:26:15Z '{ key: $key, value: $value }'
+ break
++ date -u +%Y-%m-%dT%H:%M:%SZ
+ writetaskstat timestamp_end 2024-03-05T01:26:15Z
+ jq -nc --arg key timestamp_end --arg value 2024-03-05T01:26:15Z '{ key: $key, value: $value }'
+ rm /twcr/mnt/results/extract-failed
+ touch /twcr/mnt/results/extract-completed
