==== RUN-DOCKER
+++ dirname -- ./worker/run.sh
++ cd -- ./worker
++ pwd
+ twcrdir=/twcr/worker/..
+ repo=github.com/windmill-labs/windmill
+ reporef=main
+ repopath=./frontend
+ '[' true == true ']'
+ grep -q '^././'
++ echo github.com/windmill-labs/windmill
++ sha256sum
++ awk '{ print $1 }'
++ cut -c1-12
+ procdir=/tmp/twcr-98b719bf77a0
++ echo 'github.com/windmill-labs/windmill;main;./frontend'
++ sha256sum
++ awk '{ print $1 }'
++ cut -c1-12
+ datadir=/twcr/worker/../mnt/dataset/data/86845d2a9549
+ '[' '!' -z /twcr/mnt/results ']'
+ datadir=/twcr/mnt/results
+ touch /twcr/mnt/results/extract-failed
++ base64
++ tr -d =
++ tr /+ _-
++ base64
++ tr -d =
++ tr /+ _-
+ writetaskstat analysis_key github.com/windmill-labs/windmill/bWFpbgo/Li9mcm9udGVuZAo
+ jq -nc --arg key analysis_key --arg value github.com/windmill-labs/windmill/bWFpbgo/Li9mcm9udGVuZAo '{ key: $key, value: $value }'
++ date -u +%Y%m%d%H%M%S
++ sha256sum
++ awk '{ print $1 }'
++ cut -c1-16
++ head -c 32 /dev/urandom
+ writetaskstat analysis_nonce 6730bc09a6a3396c
+ jq -nc --arg key analysis_nonce --arg value 6730bc09a6a3396c '{ key: $key, value: $value }'
+ writetaskstat input_repo_name github.com/windmill-labs/windmill
+ jq -nc --arg key input_repo_name --arg value github.com/windmill-labs/windmill '{ key: $key, value: $value }'
+ writetaskstat input_repo_ref main
+ jq -nc --arg key input_repo_ref --arg value main '{ key: $key, value: $value }'
+ writetaskstat input_repo_path ./frontend
+ jq -nc --arg key input_repo_path --arg value ./frontend '{ key: $key, value: $value }'
++ date -u +%Y-%m-%dT%H:%M:%SZ
+ writetaskstat timestamp_begin 2024-03-04T01:10:18Z
+ jq -nc --arg key timestamp_begin --arg value 2024-03-04T01:10:18Z '{ key: $key, value: $value }'
+ mkdir -p /tmp/twcr-98b719bf77a0
+ pushd /tmp/twcr-98b719bf77a0
+ '[' -d .git ']'
+ git clone --depth=1 -b main https://github.com/windmill-labs/windmill.git .
/tmp/twcr-98b719bf77a0 /twcr
Cloning into '.'...
++ date -u +%Y-%m-%dT%H:%M:%SZ
+ writetaskstat timestamp_git_clone_complete 2024-03-04T01:10:21Z
+ jq -nc --arg key timestamp_git_clone_complete --arg value 2024-03-04T01:10:21Z '{ key: $key, value: $value }'
++ git rev-parse HEAD
+ writetaskstat exec_repo_commit_sha ba7f7165f0483aee3190bcc9a92a34f8e833da06
+ jq -nc --arg key exec_repo_commit_sha --arg value ba7f7165f0483aee3190bcc9a92a34f8e833da06 '{ key: $key, value: $value }'
+++ git show --no-patch --format=%ci
++ date -u --date '2024-03-02 14:32:32 +0100' +%Y-%m-%dT%H:%M:%SZ
+ writetaskstat exec_repo_commit_date 2024-03-02T13:32:32Z
+ jq -nc --arg key exec_repo_commit_date --arg value 2024-03-02T13:32:32Z '{ key: $key, value: $value }'
+ '[' -z ./frontend ']'
+ pushd ./frontend
+ tailwind_config_file_name=
+ '[' -f tailwind.config.js ']'
+ '[' -f tailwind.config.cjs ']'
+ tailwind_config_file_name=tailwind.config.cjs
+ writetaskstat exec_tailwind_config_file tailwind.config.cjs
+ jq -nc --arg key exec_tailwind_config_file --arg value tailwind.config.cjs '{ key: $key, value: $value }'
/tmp/twcr-98b719bf77a0/frontend /tmp/twcr-98b719bf77a0 /twcr
+ cp tailwind.config.cjs /twcr/mnt/results/extract-raw-tailwind-config.js
+ '[' '!' -f package.json ']'
+ cp package.json /twcr/mnt/results/extract-raw-package.json
++ /twcr/worker/../worker/pm-detect.sh /tmp/twcr-98b719bf77a0/frontend
+ package_manager_name=pnpm
+ '[' -z pnpm ']'
+ '[' -z pnpm ']'
+ writetaskstat exec_node_package_manager pnpm
+ jq -nc --arg key exec_node_package_manager --arg value pnpm '{ key: $key, value: $value }'
+ attempt_mode=squash
+ true
++ date -u +%Y-%m-%dT%H:%M:%SZ
+ writetaskstat timestamp_attempt_squash_begin 2024-03-04T01:10:21Z
+ jq -nc --arg key timestamp_attempt_squash_begin --arg value 2024-03-04T01:10:21Z '{ key: $key, value: $value }'
+ [[ squash == \s\q\u\a\s\h ]]
+ set +e
+ node /twcr/worker/../worker/squash-package.mjs tailwind.config.cjs
+ exitcode=0
+ set -e
+ [[ 0 != \0 ]]
+ cat package.json
+ sed 's/^/>>> /'
>>> {
>>>   "name": "windmill-components",
>>>   "version": "1.283.0",
>>>   "devDependencies": {
>>>     "@tailwindcss/forms": "^0.5.3",
>>>     "@tailwindcss/typography": "^0.5.8",
>>>     "tailwindcss": "^3.4.1"
>>>   },
>>>   "overrides": {
>>>     "@rgossiaux/svelte-headlessui": {
>>>       "svelte": "$svelte"
>>>     },
>>>     "ag-grid-svelte": {
>>>       "svelte": "$svelte"
>>>     },
>>>     "svelte-chartjs": {
>>>       "svelte": "$svelte"
>>>     },
>>>     "svelte-timezone-picker": {
>>>       "svelte": "$svelte"
>>>     },
>>>     "monaco-editor": "$monaco-editor",
>>>     "vscode": "$vscode"
>>>   },
>>>   "resolutions": {
>>>     "monaco-editor": "npm:@codingame/monaco-editor-treemended@>=1.83.5 <1.84.0",
>>>     "vscode": "npm:@codingame/monaco-vscode-api@>=1.83.5 <1.84.0"
>>>   },
>>>   "type": "module",
>>>   "dependencies": {},
>>>   "peerDependencies": {},
>>>   "exports": {
>>>     "./package.json": "./package.json",
>>>     ".": {
>>>       "types": "./dist/index.d.ts",
>>>       "svelte": "./dist/index.js"
>>>     },
>>>     "./assets/app.css": "./package/assets/app.css",
>>>     "./components/TestJobLoader.svelte": {
>>>       "types": "./package/components/TestJobLoader.svelte.d.ts",
>>>       "svelte": "./package/components/TestJobLoader.svelte",
>>>       "default": "./package/components/TestJobLoader.svelte"
>>>     },
>>>     "./components/common/kbd/Kbd.svelte": {
>>>       "types": "./package/components/common/kbd/Kbd.svelte.d.ts",
>>>       "svelte": "./package/components/common/kbd/Kbd.svelte",
>>>       "default": "./package/components/common/kbd/Kbd.svelte"
>>>     },
>>>     "./components/icons/WindmillIcon.svelte": {
>>>       "types": "./package/components/icons/WindmillIcon.d.ts",
>>>       "svelte": "./package/components/icons/WindmillIcon.svelte",
>>>       "default": "./package/components/icons/WindmillIcon.svelte"
>>>     },
>>>     "./components/IconedResourceType.svelte": {
>>>       "types": "./package/components/IconedResourceType.svelte.d.ts",
>>>       "svelte": "./package/components/IconedResourceType.svelte",
>>>       "default": "./package/components/IconedResourceType.svelte"
>>>     },
>>>     "./components/common/drawer/Drawer.svelte": {
>>>       "types": "./package/components/common/drawer/Drawer.svelte.d.ts",
>>>       "svelte": "./package/components/common/drawer/Drawer.svelte",
>>>       "default": "./package/components/common/drawer/Drawer.svelte"
>>>     },
>>>     "./components/common/drawer/DrawerContent.svelte": {
>>>       "types": "./package/components/common/drawer/DrawerContent.svelte.d.ts",
>>>       "svelte": "./package/components/common/drawer/DrawerContent.svelte",
>>>       "default": "./package/components/common/drawer/DrawerContent.svelte"
>>>     },
>>>     "./components/common/button/Button.svelte": {
>>>       "types": "./package/components/common/button/Button.svelte.d.ts",
>>>       "svelte": "./package/components/common/button/Button.svelte",
>>>       "default": "./package/components/common/button/Button.svelte"
>>>     },
>>>     "./components/RadioButton.svelte": {
>>>       "types": "./package/components/RadioButton.svelte.d.ts",
>>>       "svelte": "./package/components/RadioButton.svelte",
>>>       "default": "./package/components/RadioButton.svelte"
>>>     },
>>>     "./components/Toggle.svelte": {
>>>       "types": "./package/components/Toggle.svelte.d.ts",
>>>       "svelte": "./package/components/Toggle.svelte",
>>>       "default": "./package/components/Toggle.svelte"
>>>     },
>>>     "./components/common/tabs/Tabs.svelte": {
>>>       "types": "./package/components/common/tabs/Tabs.svelte.d.ts",
>>>       "svelte": "./package/components/common/tabs/Tabs.svelte",
>>>       "default": "./package/components/common/tabs/Tabs.svelte"
>>>     },
>>>     "./components/common/tabs/Tab.svelte": {
>>>       "types": "./package/components/common/tabs/Tab.svelte.d.ts",
>>>       "svelte": "./package/components/common/tabs/Tab.svelte",
>>>       "default": "./package/components/common/tabs/Tab.svelte"
>>>     },
>>>     "./components/common/alert/Alert.svelte": {
>>>       "types": "./package/components/common/alert/Alert.svelte.d.ts",
>>>       "svelte": "./package/components/common/alert/Alert.svelte",
>>>       "default": "./package/components/common/alert/Alert.svelte"
>>>     },
>>>     "./components/apps/editor/AppPreview.svelte": {
>>>       "types": "./package/components/apps/editor/AppPreview.svelte.d.ts",
>>>       "svelte": "./package/components/apps/editor/AppPreview.svelte",
>>>       "default": "./package/components/apps/editor/AppPreview.svelte"
>>>     },
>>>     "./components/FlowViewer.svelte": {
>>>       "types": "./package/components/FlowViewer.svelte.d.ts",
>>>       "svelte": "./package/components/FlowViewer.svelte",
>>>       "default": "./package/components/FlowViewer.svelte"
>>>     },
>>>     "./components/FlowBuilder.svelte": {
>>>       "types": "./package/components/FlowBuilder.svelte.d.ts",
>>>       "svelte": "./package/components/FlowBuilder.svelte",
>>>       "default": "./package/components/FlowBuilder.svelte"
>>>     },
>>>     "./components/FlowEditor.svelte": {
>>>       "types": "./package/components/flows/FlowEditor.svelte.d.ts",
>>>       "svelte": "./package/components/flows/FlowEditor.svelte",
>>>       "default": "./package/components/flows/FlowEditor.svelte"
>>>     },
>>>     "./components/SchemaViewer.svelte": {
>>>       "types": "./package/components/SchemaViewer.svelte.d.ts",
>>>       "svelte": "./package/components/SchemaViewer.svelte",
>>>       "default": "./package/components/SchemaViewer.svelte"
>>>     },
>>>     "./components/SchemaForm.svelte": {
>>>       "types": "./package/components/SchemaForm.svelte.d.ts",
>>>       "svelte": "./package/components/SchemaForm.svelte",
>>>       "default": "./package/components/SchemaForm.svelte"
>>>     },
>>>     "./components/SchemaEditor.svelte": {
>>>       "types": "./package/components/SchemaEditor.svelte.d.ts",
>>>       "svelte": "./package/components/SchemaEditor.svelte",
>>>       "default": "./package/components/SchemaEditor.svelte"
>>>     },
>>>     "./components/scriptEditor/LogPanel.svelte": {
>>>       "types": "./package/components/scriptEditor/LogPanel.svelte.d.ts",
>>>       "svelte": "./package/components/scriptEditor/LogPanel.svelte",
>>>       "default": "./package/components/scriptEditor/LogPanel.svelte"
>>>     },
>>>     "./common": {
>>>       "types": "./package/common.d.ts",
>>>       "default": "./package/common.js"
>>>     },
>>>     "./utils": {
>>>       "types": "./package/utils.d.ts",
>>>       "default": "./package/utils.js"
>>>     },
>>>     "./infer": {
>>>       "types": "./package/infer.d.ts",
>>>       "default": "./package/infer.js"
>>>     },
>>>     "./stores": {
>>>       "types": "./package/stores.d.ts",
>>>       "default": "./package/stores.js"
>>>     },
>>>     "./components/flows/flowStore": {
>>>       "types": "./package/components/flows/flowStore.d.ts",
>>>       "default": "./package/components/flows/flowStore.js"
>>>     },
>>>     "./components/icons": {
>>>       "types": "./package/components/icons/index.d.ts",
>>>       "svelte": "./package/components/icons/index.js",
>>>       "default": "./package/components/icons/index.js"
>>>     },
>>>     "./components/apps/inputType": {
>>>       "types": "./package/components/apps/inputType.d.ts",
>>>       "default": "./package/components/apps/inputType.js"
>>>     },
>>>     "./components/apps/types": {
>>>       "types": "./package/components/apps/types.d.ts",
>>>       "default": "./package/components/apps/types.js"
>>>     },
>>>     "./components/apps/editor/inlineScriptsPanel/utils": {
>>>       "types": "./package/components/apps/editor/inlineScriptsPanel/utils.d.ts",
>>>       "default": "./package/components/apps/editor/inlineScriptsPanel/utils.js"
>>>     },
>>>     "./gen/core/OpenAPI": {
>>>       "types": "./package/gen/core/OpenAPI.d.ts",
>>>       "default": "./package/gen/core/OpenAPI.js"
>>>     },
>>>     "./components/DropdownV2.svelte": {
>>>       "types": "./package/components/DropdownV2.svelte.d.ts",
>>>       "svelte": "./package/components/DropdownV2.svelte",
>>>       "default": "./package/components/DropdownV2.svelte"
>>>     }
>>>   },
>>>   "files": [
>>>     "dist",
>>>     "package"
>>>   ],
>>>   "license": "AGPL-3.0",
>>>   "svelte": "./dist/index.js",
>>>   "typesVersions": {
>>>     ">4.0": {
>>>       "components/IconedResourceType.svelte": [
>>>         "./package/components/IconedResourceType.svelte.d.ts"
>>>       ],
>>>       "components/TestJobLoader.svelte": [
>>>         "./package/components/TestJobLoader.svelte.d.ts"
>>>       ],
>>>       "components/SchemaForm.svelte": [
>>>         "./package/components/SchemaForm.svelte.d.ts"
>>>       ],
>>>       "components/icons/WindmillIcon.svelte": [
>>>         "./package/components/icons/WindmillIcon.svelte.d.ts"
>>>       ],
>>>       "components/scriptEditor/LogPanel.svelte": [
>>>         "./package/components/scriptEditor/LogPanel.svelte.d.ts"
>>>       ],
>>>       "components/common/kbd/Kbd.svelte": [
>>>         "./package/components/common/kbd/Kbd.svelte.d.ts"
>>>       ],
>>>       "components/common/drawer/Drawer.svelte": [
>>>         "./package/components/common/drawer/Drawer.svelte.d.ts"
>>>       ],
>>>       "components/common/drawer/DrawerContent.svelte": [
>>>         "./package/components/common/drawer/DrawerContent.svelte.d.ts"
>>>       ],
>>>       "components/common/button/Button.svelte": [
>>>         "./package/components/common/button/Button.svelte.d.ts"
>>>       ],
>>>       "components/RadioButton.svelte": [
>>>         "./package/components/RadioButton.svelte.d.ts"
>>>       ],
>>>       "components/Toggle.svelte": [
>>>         "./package/components/Toggle.svelte.d.ts"
>>>       ],
>>>       "components/common/tabs/Tabs.svelte": [
>>>         "./package/components/common/tabs/Tabs.svelte.d.ts"
>>>       ],
>>>       "components/common/tabs/Tab.svelte": [
>>>         "./package/components/common/tabs/Tab.svelte.d.ts"
>>>       ],
>>>       "components/common/alert/Alert.svelte": [
>>>         "./package/components/common/alert/Alert.svelte.d.ts"
>>>       ],
>>>       "components/apps/editor/AppPreview.svelte": [
>>>         "./package/components/apps/editor/AppPreview.svelte.d.ts"
>>>       ],
>>>       "components/FlowViewer.svelte": [
>>>         "./package/components/FlowViewer.svelte.d.ts"
>>>       ],
>>>       "components/FlowBuilder.svelte": [
>>>         "./package/components/FlowBuilder.svelte.d.ts"
>>>       ],
>>>       "components/FlowEditor.svelte": [
>>>         "./package/components/flows/FlowEditor.svelte.d.ts"
>>>       ],
>>>       "components/SchemaViewer.svelte": [
>>>         "./package/components/SchemaViewer.svelte.d.ts"
>>>       ],
>>>       "components/SchemaEditor.svelte": [
>>>         "./package/components/SchemaEditor.svelte.d.ts"
>>>       ],
>>>       "utils": [
>>>         "./package/utils.d.ts"
>>>       ],
>>>       "infer": [
>>>         "./package/infer.d.ts"
>>>       ],
>>>       "common": [
>>>         "./package/common.d.ts"
>>>       ],
>>>       "stores": [
>>>         "./package/stores.d.ts"
>>>       ],
>>>       "components/flows/flowStore": [
>>>         "./package/components/flows/flowStore.d.ts"
>>>       ],
>>>       "components/icons": [
>>>         "./package/components/icons/index.d.ts"
>>>       ],
>>>       "components/apps/inputType": [
>>>         "./package/components/apps/inputType.d.ts"
>>>       ],
>>>       "components/apps/types": [
>>>         "./package/components/apps/types.d.ts"
>>>       ],
>>>       "components/apps/editor/inlineScriptsPanel/utils": [
>>>         "./package/components/apps/editor/inlineScriptsPanel/utils.d.ts"
>>>       ],
>>>       "gen/core/OpenAPI": [
>>>         "./package/gen/core/OpenAPI.d.ts"
>>>       ],
>>>       "components/DropdownV2.svelte": [
>>>         "./package/components/DropdownV2.svelte.d.ts"
>>>       ]
>>>     }
>>>   },
>>>   "optionalDependencies": {}
>>> }+ rm -f package-lock.json pnpm-lock.yaml yarn.lock
+ '[' ./frontend '!=' ./ ']'
+ rm -f /tmp/twcr-98b719bf77a0/package.json /tmp/twcr-98b719bf77a0/package-lock.json /tmp/twcr-98b719bf77a0/pnpm-lock.yaml /tmp/twcr-98b719bf77a0/yarn.lock
+ set +e
+ /twcr/worker/../worker/pm-install.sh pnpm /tmp/twcr-98b719bf77a0 /twcr/mnt/results
+ package_manager_name=pnpm
+ procdir=/tmp/twcr-98b719bf77a0
+ datadir=/twcr/mnt/results
+ case "${package_manager_name}" in
+ '[' '!' -f /tmp/twcr-98b719bf77a0/package.json ']'
+ '[' '!' -f package.json ']'
++ pnpm -v
+ sed -Ei 's/("pnpm": ")(.+)(")/\18.15.4\3/' package.json
+ pnpm install
Progress: resolved 1, reused 0, downloaded 0, added 0
Progress: resolved 33, reused 0, downloaded 21, added 0
Progress: resolved 65, reused 0, downloaded 55, added 0
Progress: resolved 102, reused 0, downloaded 93, added 0
Packages: +112
++++++++++++++++++++++++++++++++++++++++++++++++++++++++++++++++++++++++++++++++
Progress: resolved 113, reused 0, downloaded 112, added 112, done

devDependencies:
+ @tailwindcss/forms 0.5.7
+ @tailwindcss/typography 0.5.10
+ tailwindcss 3.4.1

Done in 4.4s
+ pnpm ls --json
+ jq -cr '
        .[]
        | [.dependencies, .devDependencies, .optionalDependencies]
        | map(select(.))[]
        | to_entries
        | map({ name: .key, version: .value.version })
        | sort_by(.name)[]
      '
+ exitcode=0
+ set -e
+ [[ 0 != \0 ]]
++ jq -sr 'map(select(.name == "tailwindcss")) | first | .version'
+ tailwind_package_version=3.4.1
+ tailwind_config_exporter=tailwind.config.exporter2.cjs
+ '[' -f node_modules/tailwindcss/lib/lib/load-config.js ']'
+ tailwind_config_exporter=tailwind.config.exporter3.mjs
+ cp /twcr/worker/../worker/tailwind.config.exporter3.mjs ./
+ set +e
+ node ./tailwind.config.exporter3.mjs tailwind.config.cjs
+ exitcode=0
+ set -e
+ [[ 0 != \0 ]]
+ echo 'module.exports={plugins:['
+ jq -rs '
        map(select(.name | startswith("@tailwindcss/")))
        | map("require(" + ( .name | tojson ) + "),")[]
      '
+ grep -Ev '"@tailwindcss/postcss7-compat"'
+ echo ']}'
+ cat tailwind.config.cjs
+ sed 's/^/>>> /'
>>> module.exports={plugins:[
>>> require("@tailwindcss/forms"),
>>> require("@tailwindcss/typography"),
>>> ]}
+ node ./tailwind.config.exporter3.mjs tailwind.config.cjs
++ date -u +%Y-%m-%dT%H:%M:%SZ
+ writetaskstat timestamp_attempt_squash_end 2024-03-04T01:10:27Z
+ jq -nc --arg key timestamp_attempt_squash_end --arg value 2024-03-04T01:10:27Z '{ key: $key, value: $value }'
+ break
++ date -u +%Y-%m-%dT%H:%M:%SZ
+ writetaskstat timestamp_end 2024-03-04T01:10:27Z
+ jq -nc --arg key timestamp_end --arg value 2024-03-04T01:10:27Z '{ key: $key, value: $value }'
+ rm /twcr/mnt/results/extract-failed
+ touch /twcr/mnt/results/extract-completed
