==== RUN-DOCKER
+++ dirname -- ./worker/run.sh
++ cd -- ./worker
++ pwd
+ twcrdir=/twcr/worker/..
+ repo=github.com/finkef/react-native-tailwind.macro
+ reporef=main
+ repopath=./packages/react-native-tailwind.macro
+ '[' true == true ']'
+ grep -q '^././'
++ echo github.com/finkef/react-native-tailwind.macro
++ sha256sum
++ awk '{ print $1 }'
++ cut -c1-12
+ procdir=/tmp/twcr-dd2cc4fd217e
++ echo 'github.com/finkef/react-native-tailwind.macro;main;./packages/react-native-tailwind.macro'
++ sha256sum
++ awk '{ print $1 }'
++ cut -c1-12
+ datadir=/twcr/worker/../mnt/dataset/data/f98cf8cd7a1e
+ '[' '!' -z /twcr/mnt/results ']'
+ datadir=/twcr/mnt/results
+ touch /twcr/mnt/results/extract-failed
++ base64
++ tr -d =
++ tr /+ _-
++ base64
++ tr -d =
++ tr /+ _-
+ writetaskstat analysis_key github.com/finkef/react-native-tailwind.macro/bWFpbgo/Li9wYWNrYWdlcy9yZWFjdC1uYXRpdmUtdGFpbHdpbmQubWFjcm8K
+ jq -nc --arg key analysis_key --arg value github.com/finkef/react-native-tailwind.macro/bWFpbgo/Li9wYWNrYWdlcy9yZWFjdC1uYXRpdmUtdGFpbHdpbmQubWFjcm8K '{ key: $key, value: $value }'
++ date -u +%Y%m%d%H%M%S
++ sha256sum
++ awk '{ print $1 }'
++ cut -c1-16
++ head -c 32 /dev/urandom
+ writetaskstat analysis_nonce ccec98d08ce4dd5d
+ jq -nc --arg key analysis_nonce --arg value ccec98d08ce4dd5d '{ key: $key, value: $value }'
+ writetaskstat input_repo_name github.com/finkef/react-native-tailwind.macro
+ jq -nc --arg key input_repo_name --arg value github.com/finkef/react-native-tailwind.macro '{ key: $key, value: $value }'
+ writetaskstat input_repo_ref main
+ jq -nc --arg key input_repo_ref --arg value main '{ key: $key, value: $value }'
+ writetaskstat input_repo_path ./packages/react-native-tailwind.macro
+ jq -nc --arg key input_repo_path --arg value ./packages/react-native-tailwind.macro '{ key: $key, value: $value }'
++ date -u +%Y-%m-%dT%H:%M:%SZ
+ writetaskstat timestamp_begin 2024-03-04T09:11:22Z
+ jq -nc --arg key timestamp_begin --arg value 2024-03-04T09:11:22Z '{ key: $key, value: $value }'
+ mkdir -p /tmp/twcr-dd2cc4fd217e
/tmp/twcr-dd2cc4fd217e /twcr
+ pushd /tmp/twcr-dd2cc4fd217e
+ '[' -d .git ']'
+ git clone --depth=1 -b main https://github.com/finkef/react-native-tailwind.macro.git .
Cloning into '.'...
++ date -u +%Y-%m-%dT%H:%M:%SZ
+ writetaskstat timestamp_git_clone_complete 2024-03-04T09:11:23Z
+ jq -nc --arg key timestamp_git_clone_complete --arg value 2024-03-04T09:11:23Z '{ key: $key, value: $value }'
++ git rev-parse HEAD
+ writetaskstat exec_repo_commit_sha 8d79e0e25c033bf3ae3e50972b6fd9e8d6f0c2bc
+ jq -nc --arg key exec_repo_commit_sha --arg value 8d79e0e25c033bf3ae3e50972b6fd9e8d6f0c2bc '{ key: $key, value: $value }'
+++ git show --no-patch --format=%ci
++ date -u --date '2022-10-20 19:34:31 +0200' +%Y-%m-%dT%H:%M:%SZ
+ writetaskstat exec_repo_commit_date 2022-10-20T17:34:31Z
+ jq -nc --arg key exec_repo_commit_date --arg value 2022-10-20T17:34:31Z '{ key: $key, value: $value }'
/tmp/twcr-dd2cc4fd217e/packages/react-native-tailwind.macro /tmp/twcr-dd2cc4fd217e /twcr
+ '[' -z ./packages/react-native-tailwind.macro ']'
+ pushd ./packages/react-native-tailwind.macro
+ tailwind_config_file_name=
+ '[' -f tailwind.config.js ']'
+ tailwind_config_file_name=tailwind.config.js
+ writetaskstat exec_tailwind_config_file tailwind.config.js
+ jq -nc --arg key exec_tailwind_config_file --arg value tailwind.config.js '{ key: $key, value: $value }'
+ cp tailwind.config.js /twcr/mnt/results/extract-raw-tailwind-config.js
+ '[' '!' -f package.json ']'
+ cp package.json /twcr/mnt/results/extract-raw-package.json
++ /twcr/worker/../worker/pm-detect.sh /tmp/twcr-dd2cc4fd217e/packages/react-native-tailwind.macro
+ package_manager_name=yarn
+ '[' -z yarn ']'
+ '[' -z yarn ']'
+ writetaskstat exec_node_package_manager yarn
+ jq -nc --arg key exec_node_package_manager --arg value yarn '{ key: $key, value: $value }'
+ attempt_mode=squash
+ true
++ date -u +%Y-%m-%dT%H:%M:%SZ
+ writetaskstat timestamp_attempt_squash_begin 2024-03-04T09:11:23Z
+ jq -nc --arg key timestamp_attempt_squash_begin --arg value 2024-03-04T09:11:23Z '{ key: $key, value: $value }'
+ [[ squash == \s\q\u\a\s\h ]]
+ set +e
+ node /twcr/worker/../worker/squash-package.mjs tailwind.config.js
+ exitcode=0
+ set -e
+ [[ 0 != \0 ]]
+ cat package.json
+ sed 's/^/>>> /'
>>> {
>>>   "name": "react-native-tailwind.macro",
>>>   "version": "1.3.3",
>>>   "description": "Babel macro for writing Tailwind styles in React Native (+ Web)",
>>>   "main": "dist/cjs",
>>>   "module": "dist",
>>>   "source": "src",
>>>   "types": "types.d.ts",
>>>   "files": [
>>>     "src",
>>>     "dist",
>>>     "types.d.ts",
>>>     "!**/__tests__",
>>>     "!**/__fixtures__",
>>>     "!**/__mocks__"
>>>   ],
>>>   "keywords": [
>>>     "babel-plugin-macros",
>>>     "react-native",
>>>     "react-native-web",
>>>     "tailwind",
>>>     "tailwindcss",
>>>     "ios",
>>>     "android"
>>>   ],
>>>   "repository": "https://github.com/finkef/react-native-tailwind.macro",
>>>   "author": "Fabian Finke <finkef@icloud.com> (https://github.com/finkef)",
>>>   "license": "MIT",
>>>   "bugs": {
>>>     "url": "https://github.com/finkef/react-native-tailwind.macro/issues"
>>>   },
>>>   "homepage": "https://github.com/finkef/react-native-tailwind.macro#readme",
>>>   "publishConfig": {
>>>     "registry": "https://registry.npmjs.org/"
>>>   },
>>>   "dependencies": {},
>>>   "devDependencies": {
>>>     "tailwindcss": "^2.2.16"
>>>   },
>>>   "peerDependencies": {},
>>>   "jest": {
>>>     "preset": "react-native",
>>>     "modulePathIgnorePatterns": [
>>>       "<rootDir>/dist/",
>>>       "<rootDir>/src/__tests__/__fixtures__"
>>>     ],
>>>     "resolver": "./jest-twrnc-resolver.js"
>>>   },
>>>   "release-it": {
>>>     "git": {
>>>       "commitMessage": "chore: release ${version}",
>>>       "tagName": "v${version}"
>>>     },
>>>     "npm": {
>>>       "publish": true
>>>     },
>>>     "github": {
>>>       "release": true
>>>     },
>>>     "plugins": {
>>>       "@release-it/conventional-changelog": {
>>>         "preset": "angular"
>>>       }
>>>     },
>>>     "hooks": {
>>>       "before:init": [
>>>         "yarn lint",
>>>         "yarn test"
>>>       ],
>>>       "after:bump": [
>>>         "yarn clean",
>>>         "yarn build"
>>>       ],
>>>       "before:npm:release": "cp ../../README.md ./README.md",
>>>       "after:npm:release": "git checkout @ -- ./README.md"
>>>     }
>>>   },
>>>   "eslintConfig": {
>>>     "root": true,
>>>     "extends": [
>>>       "@react-native-community",
>>>       "prettier"
>>>     ],
>>>     "rules": {
>>>       "react-native/no-inline-styles": "off",
>>>       "prettier/prettier": [
>>>         "error",
>>>         {
>>>           "quoteProps": "consistent",
>>>           "singleQuote": false,
>>>           "tabWidth": 2,
>>>           "trailingComma": "es5",
>>>           "useTabs": false,
>>>           "semi": false
>>>         }
>>>       ]
>>>     }
>>>   },
>>>   "eslintIgnore": [
>>>     "node_modules/",
>>>     "dist/",
>>>     "src/__tests__/__fixtures__",
>>>     "*.config.js",
>>>     "jest-twrnc-resolver.js"
>>>   ],
>>>   "prettier": {
>>>     "quoteProps": "consistent",
>>>     "singleQuote": false,
>>>     "tabWidth": 2,
>>>     "trailingComma": "es5",
>>>     "useTabs": false,
>>>     "semi": false
>>>   }
>>> }+ rm -f package-lock.json pnpm-lock.yaml yarn.lock
+ '[' ./packages/react-native-tailwind.macro '!=' ./ ']'
+ rm -f /tmp/twcr-dd2cc4fd217e/package.json /tmp/twcr-dd2cc4fd217e/package-lock.json /tmp/twcr-dd2cc4fd217e/pnpm-lock.yaml /tmp/twcr-dd2cc4fd217e/yarn.lock
+ set +e
+ /twcr/worker/../worker/pm-install.sh yarn /tmp/twcr-dd2cc4fd217e /twcr/mnt/results
+ package_manager_name=yarn
+ procdir=/tmp/twcr-dd2cc4fd217e
+ datadir=/twcr/mnt/results
+ case "${package_manager_name}" in
+ '[' -z http://tid_cc6d60d59fee:ok@172.18.0.2:3128 ']'
+ yarn config set httpProxy http://tid_cc6d60d59fee:ok@172.18.0.2:3128
yarn config v1.22.19
success Set "httpProxy" to "http://tid_cc6d60d59fee:ok@172.18.0.2:3128".
Done in 0.05s.
+ '[' -z http://tid_cc6d60d59fee:ok@172.18.0.2:3128 ']'
+ yarn config set httpsProxy http://tid_cc6d60d59fee:ok@172.18.0.2:3128
yarn config v1.22.19
success Set "httpsProxy" to "http://tid_cc6d60d59fee:ok@172.18.0.2:3128".
Done in 0.06s.
+ yarn install
yarn install v1.22.19
info No lockfile found.
[1/4] Resolving packages...
(node:136) [DEP0040] DeprecationWarning: The `punycode` module is deprecated. Please use a userland alternative instead.
(Use `node --trace-deprecation ...` to show where the warning was created)
[2/4] Fetching packages...
[3/4] Linking dependencies...
warning " > tailwindcss@2.2.19" has unmet peer dependency "autoprefixer@^10.0.2".
warning " > tailwindcss@2.2.19" has unmet peer dependency "postcss@^8.0.9".
warning "tailwindcss > postcss-nested@5.0.6" has unmet peer dependency "postcss@^8.2.14".
[4/4] Building fresh packages...
success Saved lockfile.
Done in 7.39s.
+ yarn list --depth=0 --json --non-interactive --no-progress
+ jq -cr '
        [.. | .name?]
        | map(select(.))
        | map(capture("^(?<name>@?[^@]+)@(?<version>.+)$"))
        | sort_by(.name)[]'
+ exitcode=0
+ set -e
+ [[ 0 != \0 ]]
++ jq -sr 'map(select(.name == "tailwindcss")) | first | .version'
+ tailwind_package_version=2.2.19
+ tailwind_config_exporter=tailwind.config.exporter2.cjs
+ '[' -f node_modules/tailwindcss/lib/lib/load-config.js ']'
+ cp /twcr/worker/../worker/tailwind.config.exporter2.cjs ./
+ set +e
+ node ./tailwind.config.exporter2.cjs tailwind.config.js
+ exitcode=0
+ set -e
+ [[ 0 != \0 ]]
+ echo 'module.exports={plugins:['
+ jq -rs '
        map(select(.name | startswith("@tailwindcss/")))
        | map("require(" + ( .name | tojson ) + "),")[]
      '
+ grep -Ev '"@tailwindcss/postcss7-compat"'
+ true
+ echo ']}'
+ cat tailwind.config.js
+ sed 's/^/>>> /'
>>> module.exports={plugins:[
>>> ]}
+ node ./tailwind.config.exporter2.cjs tailwind.config.js
++ date -u +%Y-%m-%dT%H:%M:%SZ
+ writetaskstat timestamp_attempt_squash_end 2024-03-04T09:11:32Z
+ jq -nc --arg key timestamp_attempt_squash_end --arg value 2024-03-04T09:11:32Z '{ key: $key, value: $value }'
+ break
++ date -u +%Y-%m-%dT%H:%M:%SZ
+ writetaskstat timestamp_end 2024-03-04T09:11:32Z
+ jq -nc --arg key timestamp_end --arg value 2024-03-04T09:11:32Z '{ key: $key, value: $value }'
+ rm /twcr/mnt/results/extract-failed
+ touch /twcr/mnt/results/extract-completed
