==== RUN-DOCKER
+++ dirname -- ./worker/run.sh
++ cd -- ./worker
++ pwd
+ twcrdir=/twcr/worker/..
+ repo=github.com/Frontify/guideline-blocks
+ reporef=main
+ repopath=./packages/image-block
+ '[' true == true ']'
+ grep -q '^././'
++ echo github.com/Frontify/guideline-blocks
++ sha256sum
++ awk '{ print $1 }'
++ cut -c1-12
+ procdir=/tmp/twcr-70b4f673dc9b
++ echo 'github.com/Frontify/guideline-blocks;main;./packages/image-block'
++ sha256sum
++ awk '{ print $1 }'
++ cut -c1-12
+ datadir=/twcr/worker/../mnt/dataset/data/089aa07565fd
+ '[' '!' -z /twcr/mnt/results ']'
+ datadir=/twcr/mnt/results
+ touch /twcr/mnt/results/extract-failed
++ base64
++ tr -d =
++ tr /+ _-
++ base64
++ tr -d =
++ tr /+ _-
+ writetaskstat analysis_key github.com/Frontify/guideline-blocks/bWFpbgo/Li9wYWNrYWdlcy9pbWFnZS1ibG9jawo
+ jq -nc --arg key analysis_key --arg value github.com/Frontify/guideline-blocks/bWFpbgo/Li9wYWNrYWdlcy9pbWFnZS1ibG9jawo '{ key: $key, value: $value }'
++ date -u +%Y%m%d%H%M%S
++ sha256sum
++ awk '{ print $1 }'
++ cut -c1-16
++ head -c 32 /dev/urandom
+ writetaskstat analysis_nonce 6d319fa39343c50d
+ jq -nc --arg key analysis_nonce --arg value 6d319fa39343c50d '{ key: $key, value: $value }'
+ writetaskstat input_repo_name github.com/Frontify/guideline-blocks
+ jq -nc --arg key input_repo_name --arg value github.com/Frontify/guideline-blocks '{ key: $key, value: $value }'
+ writetaskstat input_repo_ref main
+ jq -nc --arg key input_repo_ref --arg value main '{ key: $key, value: $value }'
+ writetaskstat input_repo_path ./packages/image-block
+ jq -nc --arg key input_repo_path --arg value ./packages/image-block '{ key: $key, value: $value }'
++ date -u +%Y-%m-%dT%H:%M:%SZ
+ writetaskstat timestamp_begin 2024-03-05T11:30:41Z
+ jq -nc --arg key timestamp_begin --arg value 2024-03-05T11:30:41Z '{ key: $key, value: $value }'
+ mkdir -p /tmp/twcr-70b4f673dc9b
+ pushd /tmp/twcr-70b4f673dc9b
+ '[' -d .git ']'
+ git clone --depth=1 -b main https://github.com/Frontify/guideline-blocks.git .
/tmp/twcr-70b4f673dc9b /twcr
Cloning into '.'...
++ date -u +%Y-%m-%dT%H:%M:%SZ
+ writetaskstat timestamp_git_clone_complete 2024-03-05T11:30:42Z
+ jq -nc --arg key timestamp_git_clone_complete --arg value 2024-03-05T11:30:42Z '{ key: $key, value: $value }'
++ git rev-parse HEAD
+ writetaskstat exec_repo_commit_sha fe968622f61f06f2ff3d745dfac538b16ceb948c
+ jq -nc --arg key exec_repo_commit_sha --arg value fe968622f61f06f2ff3d745dfac538b16ceb948c '{ key: $key, value: $value }'
+++ git show --no-patch --format=%ci
++ date -u --date '2024-03-04 15:52:53 +0100' +%Y-%m-%dT%H:%M:%SZ
+ writetaskstat exec_repo_commit_date 2024-03-04T14:52:53Z
+ jq -nc --arg key exec_repo_commit_date --arg value 2024-03-04T14:52:53Z '{ key: $key, value: $value }'
+ '[' -z ./packages/image-block ']'
+ pushd ./packages/image-block
+ tailwind_config_file_name=
+ '[' -f tailwind.config.js ']'
+ tailwind_config_file_name=tailwind.config.js
+ writetaskstat exec_tailwind_config_file tailwind.config.js
+ jq -nc --arg key exec_tailwind_config_file --arg value tailwind.config.js '{ key: $key, value: $value }'
/tmp/twcr-70b4f673dc9b/packages/image-block /tmp/twcr-70b4f673dc9b /twcr
+ cp tailwind.config.js /twcr/mnt/results/extract-raw-tailwind-config.js
+ '[' '!' -f package.json ']'
+ cp package.json /twcr/mnt/results/extract-raw-package.json
++ /twcr/worker/../worker/pm-detect.sh /tmp/twcr-70b4f673dc9b/packages/image-block
+ package_manager_name=
+ '[' -z '' ']'
+ '[' ./packages/image-block '!=' ./ ']'
++ /twcr/worker/../worker/pm-detect.sh /tmp/twcr-70b4f673dc9b
+ package_manager_name=pnpm
+ '[' -z pnpm ']'
+ writetaskstat exec_node_package_manager pnpm
+ jq -nc --arg key exec_node_package_manager --arg value pnpm '{ key: $key, value: $value }'
+ attempt_mode=squash
+ true
++ date -u +%Y-%m-%dT%H:%M:%SZ
+ writetaskstat timestamp_attempt_squash_begin 2024-03-05T11:30:42Z
+ jq -nc --arg key timestamp_attempt_squash_begin --arg value 2024-03-05T11:30:42Z '{ key: $key, value: $value }'
+ [[ squash == \s\q\u\a\s\h ]]
+ set +e
+ node /twcr/worker/../worker/squash-package.mjs tailwind.config.js
+ exitcode=0
+ set -e
+ [[ 0 != \0 ]]
+ cat package.json
+ sed 's/^/>>> /'
>>> {
>>>   "name": "image-block",
>>>   "private": true,
>>>   "author": "Frontify Developers <developers@frontify.com>",
>>>   "version": "1.0.0",
>>>   "main": "dist/index.js",
>>>   "devDependencies": {
>>>     "tailwindcss": "^3.4.1"
>>>   },
>>>   "dependencies": {
>>>     "@frontify/fondue": "12.0.0-beta.409"
>>>   }
>>> }+ rm -f package-lock.json pnpm-lock.yaml yarn.lock
+ '[' ./packages/image-block '!=' ./ ']'
+ rm -f /tmp/twcr-70b4f673dc9b/package.json /tmp/twcr-70b4f673dc9b/package-lock.json /tmp/twcr-70b4f673dc9b/pnpm-lock.yaml /tmp/twcr-70b4f673dc9b/yarn.lock
+ set +e
+ /twcr/worker/../worker/pm-install.sh pnpm /tmp/twcr-70b4f673dc9b /twcr/mnt/results
+ package_manager_name=pnpm
+ procdir=/tmp/twcr-70b4f673dc9b
+ datadir=/twcr/mnt/results
+ case "${package_manager_name}" in
+ '[' '!' -f /tmp/twcr-70b4f673dc9b/package.json ']'
+ '[' '!' -f package.json ']'
++ pnpm -v
+ sed -Ei 's/("pnpm": ")(.+)(")/\18.15.4\3/' package.json
+ pnpm install
Scope: all 28 workspace projects
../..                                    | Progress: resolved 1, reused 0, downloaded 0, added 0
../..                                    | Progress: resolved 19, reused 0, downloaded 14, added 0
../..                                    | Progress: resolved 32, reused 0, downloaded 24, added 0
../..                                    | Progress: resolved 34, reused 0, downloaded 30, added 0
../..                                    | Progress: resolved 36, reused 0, downloaded 31, added 0
../..                                    | Progress: resolved 59, reused 0, downloaded 47, added 0
../..                                    | Progress: resolved 75, reused 0, downloaded 61, added 0
../..                                    | Progress: resolved 89, reused 0, downloaded 77, added 0
../..                                    | Progress: resolved 108, reused 0, downloaded 94, added 0
../..                                    | Progress: resolved 114, reused 0, downloaded 99, added 0
../..                                    | Progress: resolved 115, reused 0, downloaded 106, added 0
../..                                    | Progress: resolved 145, reused 0, downloaded 128, added 0
../..                                    | Progress: resolved 161, reused 0, downloaded 146, added 0
../..                                    | Progress: resolved 176, reused 0, downloaded 161, added 0
../..                                    | Progress: resolved 202, reused 0, downloaded 184, added 0
../..                                    | Progress: resolved 228, reused 0, downloaded 207, added 0
../..                                    | Progress: resolved 240, reused 0, downloaded 226, added 0
../..                                    | Progress: resolved 257, reused 0, downloaded 237, added 0
../..                                    | Progress: resolved 284, reused 0, downloaded 261, added 0
../..                                    | Progress: resolved 303, reused 0, downloaded 283, added 0
../..                                    | Progress: resolved 312, reused 0, downloaded 293, added 0
../..                                    | Progress: resolved 334, reused 0, downloaded 310, added 0
../..                                    | Progress: resolved 360, reused 0, downloaded 333, added 0
../..                                    | Progress: resolved 385, reused 0, downloaded 356, added 0
../..                                    | Progress: resolved 392, reused 0, downloaded 365, added 0
../..                                    | Progress: resolved 419, reused 0, downloaded 388, added 0
../..                                    | Progress: resolved 445, reused 0, downloaded 409, added 0
../..                                    | Progress: resolved 454, reused 0, downloaded 422, added 0
../..                                    | Progress: resolved 483, reused 0, downloaded 445, added 0
../..                                    | Progress: resolved 506, reused 0, downloaded 467, added 0
../..                                    | Progress: resolved 523, reused 0, downloaded 487, added 0
../..                                    | Progress: resolved 535, reused 0, downloaded 493, added 0
../..                                    | Progress: resolved 547, reused 0, downloaded 508, added 0
../..                                    | Progress: resolved 568, reused 0, downloaded 528, added 0
../..                                    | Progress: resolved 591, reused 0, downloaded 549, added 0
../..                                    | Progress: resolved 612, reused 0, downloaded 568, added 0
../..                                    | Progress: resolved 630, reused 0, downloaded 587, added 0
../..                                    | Progress: resolved 649, reused 0, downloaded 600, added 0
../..                                    | Progress: resolved 673, reused 0, downloaded 624, added 0
../..                                    | Progress: resolved 680, reused 0, downloaded 636, added 0
../..                                    | Progress: resolved 711, reused 0, downloaded 665, added 0
../..                                    | Progress: resolved 730, reused 0, downloaded 681, added 0
../..                                    | Progress: resolved 757, reused 0, downloaded 703, added 0
../..                                    | Progress: resolved 775, reused 0, downloaded 722, added 0
../..                                    | Progress: resolved 777, reused 0, downloaded 723, added 0
../..                                    | Progress: resolved 779, reused 0, downloaded 730, added 0
../..                                    | Progress: resolved 813, reused 0, downloaded 754, added 0
../..                                    | Progress: resolved 840, reused 0, downloaded 779, added 0
../..                                    | Progress: resolved 863, reused 0, downloaded 791, added 0
../..                                    | Progress: resolved 904, reused 0, downloaded 812, added 0
../..                                    | Progress: resolved 936, reused 0, downloaded 838, added 0
../..                                    | Progress: resolved 956, reused 0, downloaded 862, added 0
../..                                    | Progress: resolved 1001, reused 0, downloaded 880, added 0
../..                                    | Progress: resolved 1028, reused 0, downloaded 902, added 0
../..                                    | Progress: resolved 1053, reused 0, downloaded 933, added 0
../..                                    | Progress: resolved 1075, reused 0, downloaded 952, added 0
../..                                    | Progress: resolved 1087, reused 0, downloaded 966, added 0
../..                                    | Progress: resolved 1112, reused 0, downloaded 987, added 0
../..                                    | Progress: resolved 1129, reused 0, downloaded 1001, added 0
../..                                    | Progress: resolved 1131, reused 0, downloaded 1008, added 0
../..                                    | Progress: resolved 1135, reused 0, downloaded 1010, added 0
../..                                    | Progress: resolved 1156, reused 0, downloaded 1027, added 0
../..                                    | Progress: resolved 1180, reused 0, downloaded 1053, added 0
../..                                    | Progress: resolved 1206, reused 0, downloaded 1075, added 0
../..                                    | Progress: resolved 1229, reused 0, downloaded 1097, added 0
../..                                    | Progress: resolved 1242, reused 0, downloaded 1110, added 0
../..                                    | Progress: resolved 1257, reused 0, downloaded 1120, added 0
../..                                    | Progress: resolved 1265, reused 0, downloaded 1130, added 0
../..                                    | Progress: resolved 1295, reused 0, downloaded 1156, added 0
../..                                    | Progress: resolved 1324, reused 0, downloaded 1185, added 0
../..                                    | Progress: resolved 1335, reused 0, downloaded 1202, added 0
../..                                    | Progress: resolved 1359, reused 0, downloaded 1222, added 0
../..                                    | Progress: resolved 1371, reused 0, downloaded 1231, added 0
../..                                    | Progress: resolved 1377, reused 0, downloaded 1257, added 0
../..                                    | Progress: resolved 1388, reused 0, downloaded 1286, added 0
 WARN  1 deprecated subdependencies found: sourcemap-codec@1.4.8
../..                                    | Progress: resolved 1388, reused 0, downloaded 1287, added 0
../..                                    |    +1334 ++++++++++++++++++++++++++++
../..                                    | Progress: resolved 1388, reused 0, downloaded 1307, added 752
../..                                    | Progress: resolved 1388, reused 0, downloaded 1333, added 1334, done
.../esbuild@0.18.20/node_modules/esbuild postinstall$ node install.js
.../esbuild@0.19.12/node_modules/esbuild postinstall$ node install.js
.../esbuild@0.18.20/node_modules/esbuild postinstall: Done
.../esbuild@0.19.12/node_modules/esbuild postinstall: Done
.../cypress@13.6.6/node_modules/cypress postinstall$ node index.js --exec install
.../cypress@13.6.6/node_modules/cypress postinstall: (node:156) [DEP0040] DeprecationWarning: The `punycode` module is deprecated. Please use a userland alternative instead.
.../cypress@13.6.6/node_modules/cypress postinstall: (Use `node --trace-deprecation ...` to show where the warning was created)
.../cypress@13.6.6/node_modules/cypress postinstall: Installing Cypress (version: 13.6.6)
.../cypress@13.6.6/node_modules/cypress postinstall: [STARTED] Task without title.
.../cypress@13.6.6/node_modules/cypress postinstall: [TITLE]  Downloading Cypress      0% 0s
.../cypress@13.6.6/node_modules/cypress postinstall: [TITLE]  Downloading Cypress      1% 10s
.../cypress@13.6.6/node_modules/cypress postinstall: [TITLE]  Downloading Cypress      1% 20s
.../cypress@13.6.6/node_modules/cypress postinstall: [TITLE]  Downloading Cypress      2% 15s
.../cypress@13.6.6/node_modules/cypress postinstall: [TITLE]  Downloading Cypress      3% 13s
.../cypress@13.6.6/node_modules/cypress postinstall: [TITLE]  Downloading Cypress      5% 10s
.../cypress@13.6.6/node_modules/cypress postinstall: [TITLE]  Downloading Cypress      6% 9s
.../cypress@13.6.6/node_modules/cypress postinstall: [TITLE]  Downloading Cypress      6% 11s
.../cypress@13.6.6/node_modules/cypress postinstall: [TITLE]  Downloading Cypress      7% 11s
.../cypress@13.6.6/node_modules/cypress postinstall: [TITLE]  Downloading Cypress      9% 9s
.../cypress@13.6.6/node_modules/cypress postinstall: [TITLE]  Downloading Cypress      9% 10s
.../cypress@13.6.6/node_modules/cypress postinstall: [TITLE]  Downloading Cypress      11% 9s
.../cypress@13.6.6/node_modules/cypress postinstall: [TITLE]  Downloading Cypress      12% 9s
.../cypress@13.6.6/node_modules/cypress postinstall: [TITLE]  Downloading Cypress      14% 8s
.../cypress@13.6.6/node_modules/cypress postinstall: [TITLE]  Downloading Cypress      14% 9s
.../cypress@13.6.6/node_modules/cypress postinstall: [TITLE]  Downloading Cypress      16% 8s
.../cypress@13.6.6/node_modules/cypress postinstall: [TITLE]  Downloading Cypress      18% 7s
.../cypress@13.6.6/node_modules/cypress postinstall: [TITLE]  Downloading Cypress      20% 7s
.../cypress@13.6.6/node_modules/cypress postinstall: [TITLE]  Downloading Cypress      22% 6s
.../cypress@13.6.6/node_modules/cypress postinstall: [TITLE]  Downloading Cypress      23% 6s
.../cypress@13.6.6/node_modules/cypress postinstall: [TITLE]  Downloading Cypress      25% 6s
.../cypress@13.6.6/node_modules/cypress postinstall: [TITLE]  Downloading Cypress      27% 6s
.../cypress@13.6.6/node_modules/cypress postinstall: [TITLE]  Downloading Cypress      28% 6s
.../cypress@13.6.6/node_modules/cypress postinstall: [TITLE]  Downloading Cypress      30% 5s
.../cypress@13.6.6/node_modules/cypress postinstall: [TITLE]  Downloading Cypress      32% 5s
.../cypress@13.6.6/node_modules/cypress postinstall: [TITLE]  Downloading Cypress      33% 5s
.../cypress@13.6.6/node_modules/cypress postinstall: [TITLE]  Downloading Cypress      35% 5s
.../cypress@13.6.6/node_modules/cypress postinstall: [TITLE]  Downloading Cypress      36% 5s
.../cypress@13.6.6/node_modules/cypress postinstall: [TITLE]  Downloading Cypress      37% 5s
.../cypress@13.6.6/node_modules/cypress postinstall: [TITLE]  Downloading Cypress      39% 5s
.../cypress@13.6.6/node_modules/cypress postinstall: [TITLE]  Downloading Cypress      41% 4s
.../cypress@13.6.6/node_modules/cypress postinstall: [TITLE]  Downloading Cypress      42% 4s
.../cypress@13.6.6/node_modules/cypress postinstall: [TITLE]  Downloading Cypress      44% 4s
.../cypress@13.6.6/node_modules/cypress postinstall: [TITLE]  Downloading Cypress      46% 4s
.../cypress@13.6.6/node_modules/cypress postinstall: [TITLE]  Downloading Cypress      48% 4s
.../cypress@13.6.6/node_modules/cypress postinstall: [TITLE]  Downloading Cypress      50% 4s
.../cypress@13.6.6/node_modules/cypress postinstall: [TITLE]  Downloading Cypress      52% 3s
.../cypress@13.6.6/node_modules/cypress postinstall: [TITLE]  Downloading Cypress      53% 3s
.../cypress@13.6.6/node_modules/cypress postinstall: [TITLE]  Downloading Cypress      54% 3s
.../cypress@13.6.6/node_modules/cypress postinstall: [TITLE]  Downloading Cypress      55% 3s
.../cypress@13.6.6/node_modules/cypress postinstall: [TITLE]  Downloading Cypress      56% 3s
.../cypress@13.6.6/node_modules/cypress postinstall: [TITLE]  Downloading Cypress      58% 3s
.../cypress@13.6.6/node_modules/cypress postinstall: [TITLE]  Downloading Cypress      59% 3s
.../cypress@13.6.6/node_modules/cypress postinstall: [TITLE]  Downloading Cypress      60% 3s
.../cypress@13.6.6/node_modules/cypress postinstall: [TITLE]  Downloading Cypress      61% 3s
.../cypress@13.6.6/node_modules/cypress postinstall: [TITLE]  Downloading Cypress      63% 3s
.../cypress@13.6.6/node_modules/cypress postinstall: [TITLE]  Downloading Cypress      64% 3s
.../cypress@13.6.6/node_modules/cypress postinstall: [TITLE]  Downloading Cypress      65% 3s
.../cypress@13.6.6/node_modules/cypress postinstall: [TITLE]  Downloading Cypress      66% 3s
.../cypress@13.6.6/node_modules/cypress postinstall: [TITLE]  Downloading Cypress      68% 2s
.../cypress@13.6.6/node_modules/cypress postinstall: [TITLE]  Downloading Cypress      69% 2s
.../cypress@13.6.6/node_modules/cypress postinstall: [TITLE]  Downloading Cypress      70% 2s
.../cypress@13.6.6/node_modules/cypress postinstall: [TITLE]  Downloading Cypress      72% 2s
.../cypress@13.6.6/node_modules/cypress postinstall: [TITLE]  Downloading Cypress      73% 2s
.../cypress@13.6.6/node_modules/cypress postinstall: [TITLE]  Downloading Cypress      75% 2s
.../cypress@13.6.6/node_modules/cypress postinstall: [TITLE]  Downloading Cypress      76% 2s
.../cypress@13.6.6/node_modules/cypress postinstall: [TITLE]  Downloading Cypress      77% 2s
.../cypress@13.6.6/node_modules/cypress postinstall: [TITLE]  Downloading Cypress      78% 2s
.../cypress@13.6.6/node_modules/cypress postinstall: [TITLE]  Downloading Cypress      80% 1s
.../cypress@13.6.6/node_modules/cypress postinstall: [TITLE]  Downloading Cypress      81% 1s
.../cypress@13.6.6/node_modules/cypress postinstall: [TITLE]  Downloading Cypress      83% 1s
.../cypress@13.6.6/node_modules/cypress postinstall: [TITLE]  Downloading Cypress      84% 1s
.../cypress@13.6.6/node_modules/cypress postinstall: [TITLE]  Downloading Cypress      85% 1s
.../cypress@13.6.6/node_modules/cypress postinstall: [TITLE]  Downloading Cypress      87% 1s
.../cypress@13.6.6/node_modules/cypress postinstall: [TITLE]  Downloading Cypress      88% 1s
.../cypress@13.6.6/node_modules/cypress postinstall: [TITLE]  Downloading Cypress      90% 1s
.../cypress@13.6.6/node_modules/cypress postinstall: [TITLE]  Downloading Cypress      92% 1s
.../cypress@13.6.6/node_modules/cypress postinstall: [TITLE]  Downloading Cypress      94% 0s
.../cypress@13.6.6/node_modules/cypress postinstall: [TITLE]  Downloading Cypress      95% 0s
.../cypress@13.6.6/node_modules/cypress postinstall: [TITLE]  Downloading Cypress      97% 0s
.../cypress@13.6.6/node_modules/cypress postinstall: [TITLE]  Downloading Cypress      99% 0s
.../cypress@13.6.6/node_modules/cypress postinstall: [TITLE]  Downloaded Cypress     
.../cypress@13.6.6/node_modules/cypress postinstall: [SUCCESS]  Downloaded Cypress     
.../cypress@13.6.6/node_modules/cypress postinstall: [STARTED] Task without title.
.../cypress@13.6.6/node_modules/cypress postinstall: [TITLE]  Unzipping Cypress        0% 0s
.../cypress@13.6.6/node_modules/cypress postinstall: [TITLE]  Unzipping Cypress        1% 129s
.../cypress@13.6.6/node_modules/cypress postinstall: [TITLE]  Unzipping Cypress        1% 130s
.../cypress@13.6.6/node_modules/cypress postinstall: [TITLE]  Unzipping Cypress        1% 131s
.../cypress@13.6.6/node_modules/cypress postinstall: [TITLE]  Unzipping Cypress        1% 132s
.../cypress@13.6.6/node_modules/cypress postinstall: [TITLE]  Unzipping Cypress        1% 133s
.../cypress@13.6.6/node_modules/cypress postinstall: [TITLE]  Unzipping Cypress        1% 134s
.../cypress@13.6.6/node_modules/cypress postinstall: [TITLE]  Unzipping Cypress        2% 66s
.../cypress@13.6.6/node_modules/cypress postinstall: [TITLE]  Unzipping Cypress        2% 67s
.../cypress@13.6.6/node_modules/cypress postinstall: [TITLE]  Unzipping Cypress        2% 68s
.../cypress@13.6.6/node_modules/cypress postinstall: [TITLE]  Unzipping Cypress        2% 72s
.../cypress@13.6.6/node_modules/cypress postinstall: [TITLE]  Unzipping Cypress        2% 75s
.../cypress@13.6.6/node_modules/cypress postinstall: [TITLE]  Unzipping Cypress        2% 77s
.../cypress@13.6.6/node_modules/cypress postinstall: [TITLE]  Unzipping Cypress        2% 78s
.../cypress@13.6.6/node_modules/cypress postinstall: [TITLE]  Unzipping Cypress        2% 80s
.../cypress@13.6.6/node_modules/cypress postinstall: [TITLE]  Unzipping Cypress        2% 81s
.../cypress@13.6.6/node_modules/cypress postinstall: [TITLE]  Unzipping Cypress        3% 53s
.../cypress@13.6.6/node_modules/cypress postinstall: [TITLE]  Unzipping Cypress        3% 54s
.../cypress@13.6.6/node_modules/cypress postinstall: [TITLE]  Unzipping Cypress        3% 55s
.../cypress@13.6.6/node_modules/cypress postinstall: [TITLE]  Unzipping Cypress        4% 41s
.../cypress@13.6.6/node_modules/cypress postinstall: [TITLE]  Unzipping Cypress        4% 42s
.../cypress@13.6.6/node_modules/cypress postinstall: [TITLE]  Unzipping Cypress        5% 33s
.../cypress@13.6.6/node_modules/cypress postinstall: [TITLE]  Unzipping Cypress        5% 34s
.../cypress@13.6.6/node_modules/cypress postinstall: [TITLE]  Unzipping Cypress        6% 28s
.../cypress@13.6.6/node_modules/cypress postinstall: [TITLE]  Unzipping Cypress        6% 29s
.../cypress@13.6.6/node_modules/cypress postinstall: [TITLE]  Unzipping Cypress        7% 25s
.../cypress@13.6.6/node_modules/cypress postinstall: [TITLE]  Unzipping Cypress        8% 22s
.../cypress@13.6.6/node_modules/cypress postinstall: [TITLE]  Unzipping Cypress        9% 20s
.../cypress@13.6.6/node_modules/cypress postinstall: [TITLE]  Unzipping Cypress        10% 18s
.../cypress@13.6.6/node_modules/cypress postinstall: [TITLE]  Unzipping Cypress        11% 16s
.../cypress@13.6.6/node_modules/cypress postinstall: [TITLE]  Unzipping Cypress        11% 17s
.../cypress@13.6.6/node_modules/cypress postinstall: [TITLE]  Unzipping Cypress        12% 15s
.../cypress@13.6.6/node_modules/cypress postinstall: [TITLE]  Unzipping Cypress        13% 14s
.../cypress@13.6.6/node_modules/cypress postinstall: [TITLE]  Unzipping Cypress        14% 13s
.../cypress@13.6.6/node_modules/cypress postinstall: [TITLE]  Unzipping Cypress        15% 12s
.../cypress@13.6.6/node_modules/cypress postinstall: [TITLE]  Unzipping Cypress        15% 13s
.../cypress@13.6.6/node_modules/cypress postinstall: [TITLE]  Unzipping Cypress        16% 12s
.../cypress@13.6.6/node_modules/cypress postinstall: [TITLE]  Unzipping Cypress        17% 11s
.../cypress@13.6.6/node_modules/cypress postinstall: [TITLE]  Unzipping Cypress        18% 11s
.../cypress@13.6.6/node_modules/cypress postinstall: [TITLE]  Unzipping Cypress        19% 10s
.../cypress@13.6.6/node_modules/cypress postinstall: [TITLE]  Unzipping Cypress        20% 10s
.../cypress@13.6.6/node_modules/cypress postinstall: [TITLE]  Unzipping Cypress        21% 9s
.../cypress@13.6.6/node_modules/cypress postinstall: [TITLE]  Unzipping Cypress        21% 12s
.../cypress@13.6.6/node_modules/cypress postinstall: [TITLE]  Unzipping Cypress        22% 11s
.../cypress@13.6.6/node_modules/cypress postinstall: [TITLE]  Unzipping Cypress        23% 11s
.../cypress@13.6.6/node_modules/cypress postinstall: [TITLE]  Unzipping Cypress        24% 10s
.../cypress@13.6.6/node_modules/cypress postinstall: [TITLE]  Unzipping Cypress        25% 10s
.../cypress@13.6.6/node_modules/cypress postinstall: [TITLE]  Unzipping Cypress        26% 9s
.../cypress@13.6.6/node_modules/cypress postinstall: [TITLE]  Unzipping Cypress        27% 9s
.../cypress@13.6.6/node_modules/cypress postinstall: [TITLE]  Unzipping Cypress        28% 9s
.../cypress@13.6.6/node_modules/cypress postinstall: [TITLE]  Unzipping Cypress        29% 8s
.../cypress@13.6.6/node_modules/cypress postinstall: [TITLE]  Unzipping Cypress        30% 8s
.../cypress@13.6.6/node_modules/cypress postinstall: [TITLE]  Unzipping Cypress        30% 9s
.../cypress@13.6.6/node_modules/cypress postinstall: [TITLE]  Unzipping Cypress        31% 9s
.../cypress@13.6.6/node_modules/cypress postinstall: [TITLE]  Unzipping Cypress        32% 9s
.../cypress@13.6.6/node_modules/cypress postinstall: [TITLE]  Unzipping Cypress        33% 9s
.../cypress@13.6.6/node_modules/cypress postinstall: [TITLE]  Unzipping Cypress        34% 9s
.../cypress@13.6.6/node_modules/cypress postinstall: [TITLE]  Unzipping Cypress        35% 9s
.../cypress@13.6.6/node_modules/cypress postinstall: [TITLE]  Unzipping Cypress        36% 8s
.../cypress@13.6.6/node_modules/cypress postinstall: [TITLE]  Unzipping Cypress        36% 9s
.../cypress@13.6.6/node_modules/cypress postinstall: [TITLE]  Unzipping Cypress        37% 8s
.../cypress@13.6.6/node_modules/cypress postinstall: [TITLE]  Unzipping Cypress        38% 8s
.../cypress@13.6.6/node_modules/cypress postinstall: [TITLE]  Unzipping Cypress        39% 8s
.../cypress@13.6.6/node_modules/cypress postinstall: [TITLE]  Unzipping Cypress        40% 7s
.../cypress@13.6.6/node_modules/cypress postinstall: [TITLE]  Unzipping Cypress        40% 8s
.../cypress@13.6.6/node_modules/cypress postinstall: [TITLE]  Unzipping Cypress        41% 7s
.../cypress@13.6.6/node_modules/cypress postinstall: [TITLE]  Unzipping Cypress        42% 7s
.../cypress@13.6.6/node_modules/cypress postinstall: [TITLE]  Unzipping Cypress        43% 7s
.../cypress@13.6.6/node_modules/cypress postinstall: [TITLE]  Unzipping Cypress        44% 7s
.../cypress@13.6.6/node_modules/cypress postinstall: [TITLE]  Unzipping Cypress        45% 7s
.../cypress@13.6.6/node_modules/cypress postinstall: [TITLE]  Unzipping Cypress        46% 6s
.../cypress@13.6.6/node_modules/cypress postinstall: [TITLE]  Unzipping Cypress        47% 6s
.../cypress@13.6.6/node_modules/cypress postinstall: [TITLE]  Unzipping Cypress        48% 6s
.../cypress@13.6.6/node_modules/cypress postinstall: [TITLE]  Unzipping Cypress        49% 6s
.../cypress@13.6.6/node_modules/cypress postinstall: [TITLE]  Unzipping Cypress        50% 6s
.../cypress@13.6.6/node_modules/cypress postinstall: [TITLE]  Unzipping Cypress        51% 6s
.../cypress@13.6.6/node_modules/cypress postinstall: [TITLE]  Unzipping Cypress        52% 5s
.../cypress@13.6.6/node_modules/cypress postinstall: [TITLE]  Unzipping Cypress        52% 6s
.../cypress@13.6.6/node_modules/cypress postinstall: [TITLE]  Unzipping Cypress        53% 5s
.../cypress@13.6.6/node_modules/cypress postinstall: [TITLE]  Unzipping Cypress        54% 5s
.../cypress@13.6.6/node_modules/cypress postinstall: [TITLE]  Unzipping Cypress        55% 5s
.../cypress@13.6.6/node_modules/cypress postinstall: [TITLE]  Unzipping Cypress        56% 5s
.../cypress@13.6.6/node_modules/cypress postinstall: [TITLE]  Unzipping Cypress        57% 5s
.../cypress@13.6.6/node_modules/cypress postinstall: [TITLE]  Unzipping Cypress        58% 5s
.../cypress@13.6.6/node_modules/cypress postinstall: [TITLE]  Unzipping Cypress        59% 4s
.../cypress@13.6.6/node_modules/cypress postinstall: [TITLE]  Unzipping Cypress        60% 4s
.../cypress@13.6.6/node_modules/cypress postinstall: [TITLE]  Unzipping Cypress        61% 4s
.../cypress@13.6.6/node_modules/cypress postinstall: [TITLE]  Unzipping Cypress        62% 4s
.../cypress@13.6.6/node_modules/cypress postinstall: [TITLE]  Unzipping Cypress        63% 4s
.../cypress@13.6.6/node_modules/cypress postinstall: [TITLE]  Unzipping Cypress        64% 4s
.../cypress@13.6.6/node_modules/cypress postinstall: [TITLE]  Unzipping Cypress        65% 4s
.../cypress@13.6.6/node_modules/cypress postinstall: [TITLE]  Unzipping Cypress        66% 3s
.../cypress@13.6.6/node_modules/cypress postinstall: [TITLE]  Unzipping Cypress        67% 3s
.../cypress@13.6.6/node_modules/cypress postinstall: [TITLE]  Unzipping Cypress        68% 3s
.../cypress@13.6.6/node_modules/cypress postinstall: [TITLE]  Unzipping Cypress        69% 3s
.../cypress@13.6.6/node_modules/cypress postinstall: [TITLE]  Unzipping Cypress        70% 3s
.../cypress@13.6.6/node_modules/cypress postinstall: [TITLE]  Unzipping Cypress        71% 3s
.../cypress@13.6.6/node_modules/cypress postinstall: [TITLE]  Unzipping Cypress        72% 3s
.../cypress@13.6.6/node_modules/cypress postinstall: [TITLE]  Unzipping Cypress        73% 3s
.../cypress@13.6.6/node_modules/cypress postinstall: [TITLE]  Unzipping Cypress        73% 4s
.../cypress@13.6.6/node_modules/cypress postinstall: [TITLE]  Unzipping Cypress        100% 0s
.../cypress@13.6.6/node_modules/cypress postinstall: [TITLE]  Unzipped Cypress       
.../cypress@13.6.6/node_modules/cypress postinstall: [SUCCESS]  Unzipped Cypress       
.../cypress@13.6.6/node_modules/cypress postinstall: [STARTED] Task without title.
.../cypress@13.6.6/node_modules/cypress postinstall: [TITLE]  Finished Installation   /home/node/.cache/Cypress/13.6.6
.../cypress@13.6.6/node_modules/cypress postinstall: [SUCCESS]  Finished Installation   /home/node/.cache/Cypress/13.6.6
.../cypress@13.6.6/node_modules/cypress postinstall: You can now open Cypress by running: node_modules/.bin/cypress open
.../cypress@13.6.6/node_modules/cypress postinstall: https://on.cypress.io/installing-cypress
.../cypress@13.6.6/node_modules/cypress postinstall: Done
.../node_modules/msw postinstall$ node -e "try{require('./config/scripts/postinstall')}catch(e){}"
.../node_modules/msw postinstall: Done
.../es5-ext@0.10.64/node_modules/es5-ext postinstall$  node -e "try{require('./_postinstall')}catch(e){}" || exit 0
.../es5-ext@0.10.64/node_modules/es5-ext postinstall: Done

dependencies:
+ @frontify/fondue 12.0.0-beta.409

devDependencies:
+ tailwindcss 3.4.1

 WARN  Issues with peer dependencies found
examples/asset-upload
└─┬ @frontify/fondue 12.0.0-beta.409
  ├─┬ @xstate/immer 0.3.1
  │ └── ✕ unmet peer xstate@^4.29.0: found 4.28.1
  └─┬ @xstate/react 1.6.3
    └── ✕ unmet peer react@"^16.8.0 || ^17.0.0": found 18.2.0

packages/animation-curve-block
└─┬ @frontify/fondue 12.0.0-beta.409
  ├─┬ @xstate/immer 0.3.1
  │ └── ✕ unmet peer xstate@^4.29.0: found 4.28.1 in @frontify/fondue
  └─┬ @xstate/react 1.6.3
    └── ✕ unmet peer react@"^16.8.0 || ^17.0.0": found 18.2.0

packages/asset-kit-block
└─┬ @frontify/fondue 12.0.0-beta.409
  ├─┬ @xstate/immer 0.3.1
  │ └── ✕ unmet peer xstate@^4.29.0: found 4.28.1 in @frontify/fondue
  └─┬ @xstate/react 1.6.3
    └── ✕ unmet peer react@"^16.8.0 || ^17.0.0": found 18.2.0

packages/audio-block
└─┬ @frontify/fondue 12.0.0-beta.409
  ├─┬ @xstate/immer 0.3.1
  │ └── ✕ unmet peer xstate@^4.29.0: found 4.28.1 in @frontify/fondue
  └─┬ @xstate/react 1.6.3
    └── ✕ unmet peer react@"^16.8.0 || ^17.0.0": found 18.2.0

packages/brand-positioning-block
└─┬ @frontify/fondue 12.0.0-beta.409
  ├─┬ @xstate/immer 0.3.1
  │ └── ✕ unmet peer xstate@^4.29.0: found 4.28.1 in @frontify/fondue
  └─┬ @xstate/react 1.6.3
    └── ✕ unmet peer react@"^16.8.0 || ^17.0.0": found 18.2.0

packages/callout-block
└─┬ @frontify/fondue 12.0.0-beta.409
  ├─┬ @xstate/immer 0.3.1
  │ └── ✕ unmet peer xstate@^4.29.0: found 4.28.1 in @frontify/fondue
  └─┬ @xstate/react 1.6.3
    └── ✕ unmet peer react@"^16.8.0 || ^17.0.0": found 18.2.0

packages/checklist-block
└─┬ @frontify/fondue 12.0.0-beta.409
  ├─┬ @xstate/immer 0.3.1
  │ └── ✕ unmet peer xstate@^4.29.0: found 4.28.1 in @frontify/fondue
  └─┬ @xstate/react 1.6.3
    └── ✕ unmet peer react@"^16.8.0 || ^17.0.0": found 18.2.0

packages/code-snippet-block
└─┬ @frontify/fondue 12.0.0-beta.409
  ├─┬ @xstate/immer 0.3.1
  │ └── ✕ unmet peer xstate@^4.29.0: found 4.28.1 in @frontify/fondue
  └─┬ @xstate/react 1.6.3
    └── ✕ unmet peer react@"^16.8.0 || ^17.0.0": found 18.2.0

packages/color-block
└─┬ @frontify/fondue 12.0.0-beta.409
  ├─┬ @xstate/immer 0.3.1
  │ └── ✕ unmet peer xstate@^4.29.0: found 4.28.1 in @frontify/fondue
  └─┬ @xstate/react 1.6.3
    └── ✕ unmet peer react@"^16.8.0 || ^17.0.0": found 18.2.0

packages/color-kit-block
└─┬ @frontify/fondue 12.0.0-beta.409
  ├─┬ @xstate/immer 0.3.1
  │ └── ✕ unmet peer xstate@^4.29.0: found 4.28.1 in @frontify/fondue
  └─┬ @xstate/react 1.6.3
    └── ✕ unmet peer react@"^16.8.0 || ^17.0.0": found 18.2.0

packages/color-scale-block
└─┬ @frontify/fondue 12.0.0-beta.409
  ├─┬ @xstate/immer 0.3.1
  │ └── ✕ unmet peer xstate@^4.29.0: found 4.28.1 in @frontify/fondue
  └─┬ @xstate/react 1.6.3
    └── ✕ unmet peer react@"^16.8.0 || ^17.0.0": found 18.2.0

packages/compare-slider-block
└─┬ @frontify/fondue 12.0.0-beta.409
  ├─┬ @xstate/immer 0.3.1
  │ └── ✕ unmet peer xstate@^4.29.0: found 4.28.1 in @frontify/fondue
  └─┬ @xstate/react 1.6.3
    └── ✕ unmet peer react@"^16.8.0 || ^17.0.0": found 18.2.0

packages/divider-block
└─┬ @frontify/fondue 12.0.0-beta.409
  ├─┬ @xstate/immer 0.3.1
  │ └── ✕ unmet peer xstate@^4.29.0: found 4.28.1 in @frontify/fondue
  └─┬ @xstate/react 1.6.3
    └── ✕ unmet peer react@"^16.8.0 || ^17.0.0": found 18.2.0

packages/dos-donts-block
└─┬ @frontify/fondue 12.0.0-beta.409
  ├─┬ @xstate/immer 0.3.1
  │ └── ✕ unmet peer xstate@^4.29.0: found 4.28.1 in @frontify/fondue
  └─┬ @xstate/react 1.6.3
    └── ✕ unmet peer react@"^16.8.0 || ^17.0.0": found 18.2.0

packages/example
└─┬ @frontify/fondue 12.0.0-beta.409
  ├─┬ @xstate/immer 0.3.1
  │ └── ✕ unmet peer xstate@^4.29.0: found 4.28.1 in @frontify/fondue
  └─┬ @xstate/react 1.6.3
    └── ✕ unmet peer react@"^16.8.0 || ^17.0.0": found 18.2.0

packages/figma-block
└─┬ @frontify/fondue 12.0.0-beta.409
  ├─┬ @xstate/immer 0.3.1
  │ └── ✕ unmet peer xstate@^4.29.0: found 4.28.1 in @frontify/fondue
  └─┬ @xstate/react 1.6.3
    └── ✕ unmet peer react@"^16.8.0 || ^17.0.0": found 18.2.0

packages/glyphs-block
└─┬ @frontify/fondue 12.0.0-beta.409
  ├─┬ @xstate/immer 0.3.1
  │ └── ✕ unmet peer xstate@^4.29.0: found 4.28.1 in @frontify/fondue
  └─┬ @xstate/react 1.6.3
    └── ✕ unmet peer react@"^16.8.0 || ^17.0.0": found 18.2.0

packages/gradient-block
└─┬ @frontify/fondue 12.0.0-beta.409
  ├─┬ @xstate/immer 0.3.1
  │ └── ✕ unmet peer xstate@^4.29.0: found 4.28.1 in @frontify/fondue
  └─┬ @xstate/react 1.6.3
    └── ✕ unmet peer react@"^16.8.0 || ^17.0.0": found 18.2.0

packages/image-block
└─┬ @frontify/fondue 12.0.0-beta.409
  ├─┬ @xstate/immer 0.3.1
  │ └── ✕ unmet peer xstate@^4.29.0: found 4.28.1 in @frontify/fondue
  └─┬ @xstate/react 1.6.3
    └── ✕ unmet peer react@"^16.8.0 || ^17.0.0": found 18.2.0

packages/personal-note-block
└─┬ @frontify/fondue 12.0.0-beta.409
  ├─┬ @xstate/immer 0.3.1
  │ └── ✕ unmet peer xstate@^4.29.0: found 4.28.1 in @frontify/fondue
  └─┬ @xstate/react 1.6.3
    └── ✕ unmet peer react@"^16.8.0 || ^17.0.0": found 18.2.0

packages/quote-block
└─┬ @frontify/fondue 12.0.0-beta.409
  ├─┬ @xstate/immer 0.3.1
  │ └── ✕ unmet peer xstate@^4.29.0: found 4.28.1 in @frontify/fondue
  └─┬ @xstate/react 1.6.3
    └── ✕ unmet peer react@"^16.8.0 || ^17.0.0": found 18.2.0

packages/shared
├─┬ msw 1.3.2
│ └── ✕ unmet peer typescript@">= 4.4.x <= 5.2.x": found 5.3.3
└─┬ @frontify/fondue 12.0.0-beta.409
  ├─┬ @xstate/immer 0.3.1
  │ └── ✕ unmet peer xstate@^4.29.0: found 4.28.1 in @frontify/fondue
  └─┬ @xstate/react 1.6.3
    └── ✕ unmet peer react@"^16.8.0 || ^17.0.0": found 18.2.0

packages/sketchfab-block
└─┬ @frontify/fondue 12.0.0-beta.409
  ├─┬ @xstate/immer 0.3.1
  │ └── ✕ unmet peer xstate@^4.29.0: found 4.28.1 in @frontify/fondue
  └─┬ @xstate/react 1.6.3
    └── ✕ unmet peer react@"^16.8.0 || ^17.0.0": found 18.2.0

packages/storybook-block
└─┬ @frontify/fondue 12.0.0-beta.409
  ├─┬ @xstate/immer 0.3.1
  │ └── ✕ unmet peer xstate@^4.29.0: found 4.28.1 in @frontify/fondue
  └─┬ @xstate/react 1.6.3
    └── ✕ unmet peer react@"^16.8.0 || ^17.0.0": found 18.2.0

packages/template-block
└─┬ @frontify/fondue 12.0.0-beta.409
  ├─┬ @xstate/immer 0.3.1
  │ └── ✕ unmet peer xstate@^4.29.0: found 4.28.1 in @frontify/fondue
  └─┬ @xstate/react 1.6.3
    └── ✕ unmet peer react@"^16.8.0 || ^17.0.0": found 18.2.0

packages/text-block
└─┬ @frontify/fondue 12.0.0-beta.409
  ├─┬ @xstate/immer 0.3.1
  │ └── ✕ unmet peer xstate@^4.29.0: found 4.28.1 in @frontify/fondue
  └─┬ @xstate/react 1.6.3
    └── ✕ unmet peer react@"^16.8.0 || ^17.0.0": found 18.2.0

packages/thumbnail-grid-block
└─┬ @frontify/fondue 12.0.0-beta.409
  ├─┬ @xstate/immer 0.3.1
  │ └── ✕ unmet peer xstate@^4.29.0: found 4.28.1 in @frontify/fondue
  └─┬ @xstate/react 1.6.3
    └── ✕ unmet peer react@"^16.8.0 || ^17.0.0": found 18.2.0

packages/ui-pattern-block
└─┬ @frontify/fondue 12.0.0-beta.409
  ├─┬ @xstate/immer 0.3.1
  │ └── ✕ unmet peer xstate@^4.29.0: found 4.28.1 in @frontify/fondue
  └─┬ @xstate/react 1.6.3
    └── ✕ unmet peer react@"^16.8.0 || ^17.0.0": found 18.2.0

Done in 2m 1.9s
+ jq -cr '
        .[]
        | [.dependencies, .devDependencies, .optionalDependencies]
        | map(select(.))[]
        | to_entries
        | map({ name: .key, version: .value.version })
        | sort_by(.name)[]
+ pnpm ls --json
      '
+ exitcode=0
+ set -e
+ [[ 0 != \0 ]]
++ jq -sr 'map(select(.name == "tailwindcss")) | first | .version'
+ tailwind_package_version=3.4.1
+ tailwind_config_exporter=tailwind.config.exporter2.cjs
+ '[' -f node_modules/tailwindcss/lib/lib/load-config.js ']'
+ tailwind_config_exporter=tailwind.config.exporter3.mjs
+ cp /twcr/worker/../worker/tailwind.config.exporter3.mjs ./
+ set +e
+ node ./tailwind.config.exporter3.mjs tailwind.config.js
+ exitcode=0
+ set -e
+ [[ 0 != \0 ]]
+ echo 'module.exports={plugins:['
+ jq -rs '
        map(select(.name | startswith("@tailwindcss/")))
        | map("require(" + ( .name | tojson ) + "),")[]
      '
+ grep -Ev '"@tailwindcss/postcss7-compat"'
+ true
+ echo ']}'
+ cat tailwind.config.js
+ sed 's/^/>>> /'
>>> module.exports={plugins:[
>>> ]}
+ node ./tailwind.config.exporter3.mjs tailwind.config.js
++ date -u +%Y-%m-%dT%H:%M:%SZ
+ writetaskstat timestamp_attempt_squash_end 2024-03-05T11:32:46Z
+ jq -nc --arg key timestamp_attempt_squash_end --arg value 2024-03-05T11:32:46Z '{ key: $key, value: $value }'
+ break
++ date -u +%Y-%m-%dT%H:%M:%SZ
+ writetaskstat timestamp_end 2024-03-05T11:32:46Z
+ jq -nc --arg key timestamp_end --arg value 2024-03-05T11:32:46Z '{ key: $key, value: $value }'
+ rm /twcr/mnt/results/extract-failed
+ touch /twcr/mnt/results/extract-completed
