==== RUN-DOCKER
+++ dirname -- ./worker/run.sh
++ cd -- ./worker
++ pwd
+ twcrdir=/twcr/worker/..
+ repo=github.com/devrsi0n/chirpy
+ reporef=main
+ repopath=./packages/analytics
+ '[' true == true ']'
+ grep -q '^././'
++ echo github.com/devrsi0n/chirpy
++ sha256sum
++ awk '{ print $1 }'
++ cut -c1-12
+ procdir=/tmp/twcr-2958eddb966a
++ echo 'github.com/devrsi0n/chirpy;main;./packages/analytics'
++ sha256sum
++ awk '{ print $1 }'
++ cut -c1-12
+ datadir=/twcr/worker/../mnt/dataset/data/a08db51e8603
+ '[' '!' -z /twcr/mnt/results ']'
+ datadir=/twcr/mnt/results
+ touch /twcr/mnt/results/extract-failed
++ base64
++ tr -d =
++ tr /+ _-
++ base64
++ tr -d =
++ tr /+ _-
+ writetaskstat analysis_key github.com/devrsi0n/chirpy/bWFpbgo/Li9wYWNrYWdlcy9hbmFseXRpY3MK
+ jq -nc --arg key analysis_key --arg value github.com/devrsi0n/chirpy/bWFpbgo/Li9wYWNrYWdlcy9hbmFseXRpY3MK '{ key: $key, value: $value }'
++ date -u +%Y%m%d%H%M%S
++ sha256sum
++ awk '{ print $1 }'
++ cut -c1-16
++ head -c 32 /dev/urandom
+ writetaskstat analysis_nonce 6c55ea07d06c2cea
+ jq -nc --arg key analysis_nonce --arg value 6c55ea07d06c2cea '{ key: $key, value: $value }'
+ writetaskstat input_repo_name github.com/devrsi0n/chirpy
+ jq -nc --arg key input_repo_name --arg value github.com/devrsi0n/chirpy '{ key: $key, value: $value }'
+ writetaskstat input_repo_ref main
+ jq -nc --arg key input_repo_ref --arg value main '{ key: $key, value: $value }'
+ writetaskstat input_repo_path ./packages/analytics
+ jq -nc --arg key input_repo_path --arg value ./packages/analytics '{ key: $key, value: $value }'
++ date -u +%Y-%m-%dT%H:%M:%SZ
+ writetaskstat timestamp_begin 2024-03-04T05:07:19Z
+ jq -nc --arg key timestamp_begin --arg value 2024-03-04T05:07:19Z '{ key: $key, value: $value }'
+ mkdir -p /tmp/twcr-2958eddb966a
/tmp/twcr-2958eddb966a /twcr
+ pushd /tmp/twcr-2958eddb966a
+ '[' -d .git ']'
+ git clone --depth=1 -b main https://github.com/devrsi0n/chirpy.git .
Cloning into '.'...
++ date -u +%Y-%m-%dT%H:%M:%SZ
+ writetaskstat timestamp_git_clone_complete 2024-03-04T05:07:20Z
+ jq -nc --arg key timestamp_git_clone_complete --arg value 2024-03-04T05:07:20Z '{ key: $key, value: $value }'
++ git rev-parse HEAD
+ writetaskstat exec_repo_commit_sha fe9220788adafed74b4e8dafaee02d9f0a1bada2
+ jq -nc --arg key exec_repo_commit_sha --arg value fe9220788adafed74b4e8dafaee02d9f0a1bada2 '{ key: $key, value: $value }'
+++ git show --no-patch --format=%ci
++ date -u --date '2024-01-29 10:28:41 +0800' +%Y-%m-%dT%H:%M:%SZ
+ writetaskstat exec_repo_commit_date 2024-01-29T02:28:41Z
+ jq -nc --arg key exec_repo_commit_date --arg value 2024-01-29T02:28:41Z '{ key: $key, value: $value }'
+ '[' -z ./packages/analytics ']'
+ pushd ./packages/analytics
+ tailwind_config_file_name=
+ '[' -f tailwind.config.js ']'
+ tailwind_config_file_name=tailwind.config.js
+ writetaskstat exec_tailwind_config_file tailwind.config.js
+ jq -nc --arg key exec_tailwind_config_file --arg value tailwind.config.js '{ key: $key, value: $value }'
/tmp/twcr-2958eddb966a/packages/analytics /tmp/twcr-2958eddb966a /twcr
+ cp tailwind.config.js /twcr/mnt/results/extract-raw-tailwind-config.js
+ '[' '!' -f package.json ']'
+ cp package.json /twcr/mnt/results/extract-raw-package.json
++ /twcr/worker/../worker/pm-detect.sh /tmp/twcr-2958eddb966a/packages/analytics
+ package_manager_name=
+ '[' -z '' ']'
+ '[' ./packages/analytics '!=' ./ ']'
++ /twcr/worker/../worker/pm-detect.sh /tmp/twcr-2958eddb966a
+ package_manager_name=pnpm
+ '[' -z pnpm ']'
+ writetaskstat exec_node_package_manager pnpm
+ jq -nc --arg key exec_node_package_manager --arg value pnpm '{ key: $key, value: $value }'
+ attempt_mode=squash
+ true
++ date -u +%Y-%m-%dT%H:%M:%SZ
+ writetaskstat timestamp_attempt_squash_begin 2024-03-04T05:07:20Z
+ jq -nc --arg key timestamp_attempt_squash_begin --arg value 2024-03-04T05:07:20Z '{ key: $key, value: $value }'
+ [[ squash == \s\q\u\a\s\h ]]
+ set +e
+ node /twcr/worker/../worker/squash-package.mjs tailwind.config.js
+ exitcode=0
+ set -e
+ [[ 0 != \0 ]]
+ cat package.json
+ sed 's/^/>>> /'
+ rm -f package-lock.json pnpm-lock.yaml yarn.lock
>>> {
>>>   "name": "@chirpy-dev/analytics",
>>>   "version": "0.0.1",
>>>   "license": "AGPL-3.0-or-later",
>>>   "main": "./src/index.ts",
>>>   "types": "./src/index.ts",
>>>   "sideEffects": false,
>>>   "dependencies": {},
>>>   "devDependencies": {
>>>     "@chirpy-dev/configs": "workspace:*",
>>>     "@headlessui/tailwindcss": "0.2.0",
>>>     "tailwindcss": "3.3.5"
>>>   },
>>>   "publishConfig": {
>>>     "access": "public"
>>>   }
>>> }+ '[' ./packages/analytics '!=' ./ ']'
+ rm -f /tmp/twcr-2958eddb966a/package.json /tmp/twcr-2958eddb966a/package-lock.json /tmp/twcr-2958eddb966a/pnpm-lock.yaml /tmp/twcr-2958eddb966a/yarn.lock
+ set +e
+ /twcr/worker/../worker/pm-install.sh pnpm /tmp/twcr-2958eddb966a /twcr/mnt/results
+ package_manager_name=pnpm
+ procdir=/tmp/twcr-2958eddb966a
+ datadir=/twcr/mnt/results
+ case "${package_manager_name}" in
+ '[' '!' -f /tmp/twcr-2958eddb966a/package.json ']'
+ '[' '!' -f package.json ']'
++ pnpm -v
+ sed -Ei 's/("pnpm": ")(.+)(")/\18.15.4\3/' package.json
+ pnpm install
Scope: all 17 workspace projects
../..                                    | Progress: resolved 1, reused 0, downloaded 0, added 0
../..                                    | Progress: resolved 27, reused 0, downloaded 19, added 0
../..                                    | Progress: resolved 51, reused 0, downloaded 39, added 0
../../apps/react-email                   |  WARN  deprecated @sendinblue/client@3.3.1
../..                                    | Progress: resolved 71, reused 0, downloaded 57, added 0
../..                                    | Progress: resolved 88, reused 0, downloaded 77, added 0
../..                                    | Progress: resolved 107, reused 0, downloaded 94, added 0
../..                                    | Progress: resolved 128, reused 0, downloaded 114, added 0
../..                                    | Progress: resolved 147, reused 0, downloaded 135, added 0
../..                                    | Progress: resolved 155, reused 0, downloaded 154, added 0
../..                                    | Progress: resolved 193, reused 0, downloaded 187, added 0
../..                                    | Progress: resolved 226, reused 0, downloaded 212, added 0
../..                                    | Progress: resolved 260, reused 0, downloaded 249, added 0
../..                                    | Progress: resolved 300, reused 0, downloaded 280, added 0
../..                                    | Progress: resolved 335, reused 0, downloaded 312, added 0
../..                                    | Progress: resolved 368, reused 0, downloaded 342, added 0
../..                                    | Progress: resolved 403, reused 0, downloaded 377, added 0
../..                                    | Progress: resolved 434, reused 0, downloaded 410, added 0
../..                                    | Progress: resolved 469, reused 0, downloaded 434, added 0
../..                                    | Progress: resolved 502, reused 0, downloaded 458, added 0
../..                                    | Progress: resolved 521, reused 0, downloaded 486, added 0
../..                                    | Progress: resolved 544, reused 0, downloaded 505, added 0
../..                                    | Progress: resolved 573, reused 0, downloaded 533, added 0
../..                                    | Progress: resolved 604, reused 0, downloaded 560, added 0
../..                                    | Progress: resolved 621, reused 0, downloaded 579, added 0
../..                                    | Progress: resolved 645, reused 0, downloaded 598, added 0
../..                                    | Progress: resolved 668, reused 0, downloaded 614, added 0
../..                                    | Progress: resolved 679, reused 0, downloaded 629, added 0
../..                                    | Progress: resolved 712, reused 0, downloaded 658, added 0
../..                                    | Progress: resolved 739, reused 0, downloaded 687, added 0
../..                                    | Progress: resolved 776, reused 0, downloaded 722, added 0
../..                                    | Progress: resolved 807, reused 0, downloaded 755, added 0
../..                                    | Progress: resolved 850, reused 0, downloaded 787, added 0
../..                                    | Progress: resolved 895, reused 0, downloaded 816, added 0
../..                                    | Progress: resolved 940, reused 0, downloaded 855, added 0
../..                                    | Progress: resolved 983, reused 0, downloaded 895, added 0
../..                                    | Progress: resolved 1017, reused 0, downloaded 928, added 0
../..                                    | Progress: resolved 1056, reused 0, downloaded 965, added 0
../..                                    | Progress: resolved 1095, reused 0, downloaded 1003, added 0
../..                                    | Progress: resolved 1129, reused 0, downloaded 1033, added 0
../..                                    | Progress: resolved 1168, reused 0, downloaded 1071, added 0
../..                                    | Progress: resolved 1229, reused 0, downloaded 1103, added 0
../..                                    | Progress: resolved 1260, reused 0, downloaded 1134, added 0
../..                                    | Progress: resolved 1299, reused 0, downloaded 1169, added 0
../..                                    | Progress: resolved 1340, reused 0, downloaded 1208, added 0
../..                                    | Progress: resolved 1377, reused 0, downloaded 1241, added 0
../..                                    | Progress: resolved 1398, reused 0, downloaded 1265, added 0
../..                                    | Progress: resolved 1437, reused 0, downloaded 1296, added 0
../..                                    | Progress: resolved 1455, reused 0, downloaded 1319, added 0
../..                                    | Progress: resolved 1486, reused 0, downloaded 1345, added 0
../..                                    | Progress: resolved 1524, reused 0, downloaded 1379, added 0
../..                                    | Progress: resolved 1567, reused 0, downloaded 1413, added 0
../..                                    | Progress: resolved 1609, reused 0, downloaded 1455, added 0
../..                                    | Progress: resolved 1653, reused 0, downloaded 1504, added 0
../..                                    | Progress: resolved 1692, reused 0, downloaded 1544, added 0
../..                                    | Progress: resolved 1737, reused 0, downloaded 1579, added 0
../..                                    | Progress: resolved 1782, reused 0, downloaded 1623, added 0
../..                                    | Progress: resolved 1815, reused 0, downloaded 1657, added 0
../..                                    | Progress: resolved 1858, reused 0, downloaded 1696, added 0
../..                                    | Progress: resolved 1888, reused 0, downloaded 1723, added 0
../..                                    | Progress: resolved 1933, reused 0, downloaded 1764, added 0
../..                                    | Progress: resolved 1981, reused 0, downloaded 1807, added 0
../..                                    | Progress: resolved 2018, reused 0, downloaded 1846, added 0
../..                                    | Progress: resolved 2049, reused 0, downloaded 1877, added 0
../..                                    | Progress: resolved 2089, reused 0, downloaded 1914, added 0
../..                                    | Progress: resolved 2141, reused 0, downloaded 1959, added 0
../..                                    | Progress: resolved 2185, reused 0, downloaded 2003, added 0
../..                                    | Progress: resolved 2228, reused 0, downloaded 2043, added 0
../..                                    | Progress: resolved 2278, reused 0, downloaded 2079, added 0
../..                                    | Progress: resolved 2310, reused 0, downloaded 2123, added 0
../..                                    | Progress: resolved 2356, reused 0, downloaded 2161, added 0
../..                                    | Progress: resolved 2404, reused 0, downloaded 2202, added 0
../..                                    | Progress: resolved 2451, reused 0, downloaded 2249, added 0
../..                                    | Progress: resolved 2495, reused 0, downloaded 2292, added 0
../..                                    | Progress: resolved 2550, reused 0, downloaded 2334, added 0
../..                                    | Progress: resolved 2597, reused 0, downloaded 2385, added 0
../..                                    | Progress: resolved 2631, reused 0, downloaded 2416, added 0
../..                                    | Progress: resolved 2674, reused 0, downloaded 2462, added 0
../..                                    | Progress: resolved 2723, reused 0, downloaded 2502, added 0
../..                                    | Progress: resolved 2737, reused 0, downloaded 2568, added 0
../..                                    | Progress: resolved 2747, reused 0, downloaded 2630, added 0
 WARN  25 deprecated subdependencies found: @babel/plugin-proposal-class-properties@7.18.6, @babel/plugin-proposal-nullish-coalescing-operator@7.18.6, @babel/plugin-proposal-object-rest-spread@7.12.1, @babel/plugin-proposal-object-rest-spread@7.20.7, @babel/plugin-proposal-optional-chaining@7.21.0, @babel/plugin-proposal-private-methods@7.18.6, @babel/plugin-proposal-private-property-in-object@7.21.11, @npmcli/move-file@1.1.2, abab@2.0.6, chokidar@2.1.8, domexception@1.0.1, domexception@4.0.0, figgy-pudding@3.5.2, fsevents@1.2.13, har-validator@5.1.5, request@2.88.2, resolve-url@0.2.1, sane@4.1.0, source-map-resolve@0.5.3, source-map-url@0.4.1, stable@0.1.8, trim@0.0.1, urix@0.1.0, uuid-browser@3.1.0, uuid@3.4.0
../..                                    | Progress: resolved 2756, reused 0, downloaded 2654, added 0
../..                                    |    +2713 ++++++++++++++++++++++++++++
../..                                    | Progress: resolved 2756, reused 0, downloaded 2673, added 1512
../..                                    | Progress: resolved 2756, reused 0, downloaded 2688, added 2677
../..                                    | Progress: resolved 2756, reused 0, downloaded 2705, added 2713, done
.../core-js@3.36.0/node_modules/core-js postinstall$ node -e "try{require('./postinstall')}catch(e){}"
.../core-js@3.31.1/node_modules/core-js postinstall$ node -e "try{require('./postinstall')}catch(e){}"
.../node_modules/@prisma/engines postinstall$ node scripts/postinstall.js
.../esbuild@0.12.29/node_modules/esbuild postinstall$ node install.js
.../node_modules/fast-folder-size postinstall$ node get-sysinternals-du.js
.../core-js@3.36.0/node_modules/core-js postinstall: Thank you for using core-js ( https://github.com/zloirock/core-js ) for polyfilling JavaScript standard library!
.../core-js@3.36.0/node_modules/core-js postinstall: The project needs your help! Please consider supporting core-js:
.../core-js@3.36.0/node_modules/core-js postinstall: > https://opencollective.com/core-js 
.../core-js@3.36.0/node_modules/core-js postinstall: > https://patreon.com/zloirock 
.../core-js@3.36.0/node_modules/core-js postinstall: > https://boosty.to/zloirock 
.../core-js@3.36.0/node_modules/core-js postinstall: > bitcoin: bc1qlea7544qtsmj2rayg0lthvza9fau63ux0fstcz 
.../core-js@3.36.0/node_modules/core-js postinstall: I highly recommend reading this: https://github.com/zloirock/core-js/blob/master/docs/2023-02-14-so-whats-next.md 
.../core-js@3.36.0/node_modules/core-js postinstall: Done
.../core-js@3.31.1/node_modules/core-js postinstall: Done
.../node_modules/fast-folder-size postinstall: Done
.../node_modules/core-js-pure postinstall$ node -e "try{require('./postinstall')}catch(e){}"
.../node_modules/core-js-pure postinstall: Done
.../node_modules/super-tiny-icons postinstall$ opencollective-postinstall || true
.../node_modules/super-tiny-icons postinstall: [96m[1mThank you for using super-tiny-icons![96m[1m
.../node_modules/super-tiny-icons postinstall: [0m[96mIf you rely on this package, please consider supporting our open collective:[22m[39m
.../node_modules/super-tiny-icons postinstall: > [94mhttps://opencollective.com/SuperTinyIcons/donate[0m
.../node_modules/super-tiny-icons postinstall: Done
.../esbuild@0.12.29/node_modules/esbuild postinstall: Done
.../node_modules/@prisma/engines postinstall: Done
.../esbuild@0.18.20/node_modules/esbuild postinstall$ node install.js
.../esbuild@0.16.4/node_modules/esbuild postinstall$ node install.js
.../prisma@5.1.1/node_modules/prisma preinstall$ node scripts/preinstall-entry.js
.../esbuild@0.18.20/node_modules/esbuild postinstall: Done
.../esbuild@0.16.4/node_modules/esbuild postinstall: Done
.../prisma@5.1.1/node_modules/prisma preinstall: Done
.../cypress@10.11.0/node_modules/cypress postinstall$ node index.js --exec install
.../node_modules/@prisma/client postinstall$ node scripts/postinstall.js
.../cypress@10.11.0/node_modules/cypress postinstall: (node:246) [DEP0040] DeprecationWarning: The `punycode` module is deprecated. Please use a userland alternative instead.
.../cypress@10.11.0/node_modules/cypress postinstall: (Use `node --trace-deprecation ...` to show where the warning was created)
.../cypress@10.11.0/node_modules/cypress postinstall: Installing Cypress (version: 10.11.0)
.../cypress@10.11.0/node_modules/cypress postinstall: [STARTED] Task without title.
.../node_modules/@prisma/client postinstall: prisma:warn We could not find your Prisma schema at `prisma/schema.prisma`.
.../node_modules/@prisma/client postinstall: If you have a Prisma schema file in a custom path, you will need to run
.../node_modules/@prisma/client postinstall: `prisma generate --schema=./path/to/your/schema.prisma` to generate Prisma Client.
.../node_modules/@prisma/client postinstall: If you do not have a Prisma schema file yet, you can ignore this message.
.../node_modules/@prisma/client postinstall: Done
.../cypress@10.11.0/node_modules/cypress postinstall: [TITLE]  Downloading Cypress      100% 0s
.../cypress@10.11.0/node_modules/cypress postinstall: [TITLE]  Downloading Cypress      0% 0s
.../cypress@10.11.0/node_modules/cypress postinstall: [TITLE]  Downloading Cypress      1% 10s
.../cypress@10.11.0/node_modules/cypress postinstall: [TITLE]  Downloading Cypress      2% 10s
.../cypress@10.11.0/node_modules/cypress postinstall: [TITLE]  Downloading Cypress      4% 7s
.../cypress@10.11.0/node_modules/cypress postinstall: [TITLE]  Downloading Cypress      5% 8s
.../cypress@10.11.0/node_modules/cypress postinstall: [TITLE]  Downloading Cypress      7% 7s
.../cypress@10.11.0/node_modules/cypress postinstall: [TITLE]  Downloading Cypress      9% 6s
.../cypress@10.11.0/node_modules/cypress postinstall: [TITLE]  Downloading Cypress      10% 6s
.../cypress@10.11.0/node_modules/cypress postinstall: [TITLE]  Downloading Cypress      12% 6s
.../cypress@10.11.0/node_modules/cypress postinstall: [TITLE]  Downloading Cypress      13% 6s
.../cypress@10.11.0/node_modules/cypress postinstall: [TITLE]  Downloading Cypress      15% 6s
.../cypress@10.11.0/node_modules/cypress postinstall: [TITLE]  Downloading Cypress      16% 6s
.../cypress@10.11.0/node_modules/cypress postinstall: [TITLE]  Downloading Cypress      17% 6s
.../cypress@10.11.0/node_modules/cypress postinstall: [TITLE]  Downloading Cypress      18% 6s
.../cypress@10.11.0/node_modules/cypress postinstall: [TITLE]  Downloading Cypress      21% 5s
.../cypress@10.11.0/node_modules/cypress postinstall: [TITLE]  Downloading Cypress      23% 5s
.../cypress@10.11.0/node_modules/cypress postinstall: [TITLE]  Downloading Cypress      24% 5s
.../cypress@10.11.0/node_modules/cypress postinstall: [TITLE]  Downloading Cypress      25% 5s
.../cypress@10.11.0/node_modules/cypress postinstall: [TITLE]  Downloading Cypress      26% 5s
.../cypress@10.11.0/node_modules/cypress postinstall: [TITLE]  Downloading Cypress      28% 5s
.../cypress@10.11.0/node_modules/cypress postinstall: [TITLE]  Downloading Cypress      29% 5s
.../cypress@10.11.0/node_modules/cypress postinstall: [TITLE]  Downloading Cypress      31% 5s
.../cypress@10.11.0/node_modules/cypress postinstall: [TITLE]  Downloading Cypress      32% 5s
.../cypress@10.11.0/node_modules/cypress postinstall: [TITLE]  Downloading Cypress      33% 5s
.../cypress@10.11.0/node_modules/cypress postinstall: [TITLE]  Downloading Cypress      35% 4s
.../cypress@10.11.0/node_modules/cypress postinstall: [TITLE]  Downloading Cypress      37% 4s
.../cypress@10.11.0/node_modules/cypress postinstall: [TITLE]  Downloading Cypress      38% 4s
.../cypress@10.11.0/node_modules/cypress postinstall: [TITLE]  Downloading Cypress      40% 4s
.../cypress@10.11.0/node_modules/cypress postinstall: [TITLE]  Downloading Cypress      42% 4s
.../cypress@10.11.0/node_modules/cypress postinstall: [TITLE]  Downloading Cypress      45% 4s
.../cypress@10.11.0/node_modules/cypress postinstall: [TITLE]  Downloading Cypress      46% 4s
.../cypress@10.11.0/node_modules/cypress postinstall: [TITLE]  Downloading Cypress      48% 3s
.../cypress@10.11.0/node_modules/cypress postinstall: [TITLE]  Downloading Cypress      50% 3s
.../cypress@10.11.0/node_modules/cypress postinstall: [TITLE]  Downloading Cypress      51% 3s
.../cypress@10.11.0/node_modules/cypress postinstall: [TITLE]  Downloading Cypress      53% 3s
.../cypress@10.11.0/node_modules/cypress postinstall: [TITLE]  Downloading Cypress      55% 3s
.../cypress@10.11.0/node_modules/cypress postinstall: [TITLE]  Downloading Cypress      57% 3s
.../cypress@10.11.0/node_modules/cypress postinstall: [TITLE]  Downloading Cypress      59% 3s
.../cypress@10.11.0/node_modules/cypress postinstall: [TITLE]  Downloading Cypress      61% 3s
.../cypress@10.11.0/node_modules/cypress postinstall: [TITLE]  Downloading Cypress      62% 3s
.../cypress@10.11.0/node_modules/cypress postinstall: [TITLE]  Downloading Cypress      64% 2s
.../cypress@10.11.0/node_modules/cypress postinstall: [TITLE]  Downloading Cypress      65% 2s
.../cypress@10.11.0/node_modules/cypress postinstall: [TITLE]  Downloading Cypress      67% 2s
.../cypress@10.11.0/node_modules/cypress postinstall: [TITLE]  Downloading Cypress      68% 2s
.../cypress@10.11.0/node_modules/cypress postinstall: [TITLE]  Downloading Cypress      69% 2s
.../cypress@10.11.0/node_modules/cypress postinstall: [TITLE]  Downloading Cypress      71% 2s
.../cypress@10.11.0/node_modules/cypress postinstall: [TITLE]  Downloading Cypress      72% 2s
.../cypress@10.11.0/node_modules/cypress postinstall: [TITLE]  Downloading Cypress      74% 2s
.../cypress@10.11.0/node_modules/cypress postinstall: [TITLE]  Downloading Cypress      76% 2s
.../cypress@10.11.0/node_modules/cypress postinstall: [TITLE]  Downloading Cypress      77% 2s
.../cypress@10.11.0/node_modules/cypress postinstall: [TITLE]  Downloading Cypress      78% 1s
.../cypress@10.11.0/node_modules/cypress postinstall: [TITLE]  Downloading Cypress      80% 1s
.../cypress@10.11.0/node_modules/cypress postinstall: [TITLE]  Downloading Cypress      82% 1s
.../cypress@10.11.0/node_modules/cypress postinstall: [TITLE]  Downloading Cypress      83% 1s
.../cypress@10.11.0/node_modules/cypress postinstall: [TITLE]  Downloading Cypress      85% 1s
.../cypress@10.11.0/node_modules/cypress postinstall: [TITLE]  Downloading Cypress      87% 1s
.../cypress@10.11.0/node_modules/cypress postinstall: [TITLE]  Downloading Cypress      88% 1s
.../cypress@10.11.0/node_modules/cypress postinstall: [TITLE]  Downloading Cypress      90% 1s
.../cypress@10.11.0/node_modules/cypress postinstall: [TITLE]  Downloading Cypress      91% 1s
.../cypress@10.11.0/node_modules/cypress postinstall: [TITLE]  Downloading Cypress      93% 0s
.../cypress@10.11.0/node_modules/cypress postinstall: [TITLE]  Downloading Cypress      94% 0s
.../cypress@10.11.0/node_modules/cypress postinstall: [TITLE]  Downloading Cypress      96% 0s
.../cypress@10.11.0/node_modules/cypress postinstall: [TITLE]  Downloading Cypress      98% 0s
.../cypress@10.11.0/node_modules/cypress postinstall: [TITLE]  Downloading Cypress      99% 0s
.../cypress@10.11.0/node_modules/cypress postinstall: [TITLE]  Downloaded Cypress     
.../cypress@10.11.0/node_modules/cypress postinstall: [SUCCESS]  Downloaded Cypress     
.../cypress@10.11.0/node_modules/cypress postinstall: [STARTED] Task without title.
.../cypress@10.11.0/node_modules/cypress postinstall: [TITLE]  Unzipping Cypress        0% 0s
.../cypress@10.11.0/node_modules/cypress postinstall: [TITLE]  Unzipping Cypress        1% 74s
.../cypress@10.11.0/node_modules/cypress postinstall: [TITLE]  Unzipping Cypress        1% 75s
.../cypress@10.11.0/node_modules/cypress postinstall: [TITLE]  Unzipping Cypress        1% 76s
.../cypress@10.11.0/node_modules/cypress postinstall: [TITLE]  Unzipping Cypress        1% 77s
.../cypress@10.11.0/node_modules/cypress postinstall: [TITLE]  Unzipping Cypress        1% 78s
.../cypress@10.11.0/node_modules/cypress postinstall: [TITLE]  Unzipping Cypress        1% 79s
.../cypress@10.11.0/node_modules/cypress postinstall: [TITLE]  Unzipping Cypress        1% 80s
.../cypress@10.11.0/node_modules/cypress postinstall: [TITLE]  Unzipping Cypress        1% 81s
.../cypress@10.11.0/node_modules/cypress postinstall: [TITLE]  Unzipping Cypress        1% 82s
.../cypress@10.11.0/node_modules/cypress postinstall: [TITLE]  Unzipping Cypress        2% 40s
.../cypress@10.11.0/node_modules/cypress postinstall: [TITLE]  Unzipping Cypress        2% 41s
.../cypress@10.11.0/node_modules/cypress postinstall: [TITLE]  Unzipping Cypress        2% 42s
.../cypress@10.11.0/node_modules/cypress postinstall: [TITLE]  Unzipping Cypress        2% 43s
.../cypress@10.11.0/node_modules/cypress postinstall: [TITLE]  Unzipping Cypress        2% 44s
.../cypress@10.11.0/node_modules/cypress postinstall: [TITLE]  Unzipping Cypress        2% 45s
.../cypress@10.11.0/node_modules/cypress postinstall: [TITLE]  Unzipping Cypress        3% 30s
.../cypress@10.11.0/node_modules/cypress postinstall: [TITLE]  Unzipping Cypress        3% 31s
.../cypress@10.11.0/node_modules/cypress postinstall: [TITLE]  Unzipping Cypress        3% 32s
.../cypress@10.11.0/node_modules/cypress postinstall: [TITLE]  Unzipping Cypress        4% 23s
.../cypress@10.11.0/node_modules/cypress postinstall: [TITLE]  Unzipping Cypress        4% 24s
.../cypress@10.11.0/node_modules/cypress postinstall: [TITLE]  Unzipping Cypress        4% 26s
.../cypress@10.11.0/node_modules/cypress postinstall: [TITLE]  Unzipping Cypress        4% 28s
.../cypress@10.11.0/node_modules/cypress postinstall: [TITLE]  Unzipping Cypress        4% 29s
.../cypress@10.11.0/node_modules/cypress postinstall: [TITLE]  Unzipping Cypress        4% 30s
.../cypress@10.11.0/node_modules/cypress postinstall: [TITLE]  Unzipping Cypress        5% 24s
.../cypress@10.11.0/node_modules/cypress postinstall: [TITLE]  Unzipping Cypress        5% 25s
.../cypress@10.11.0/node_modules/cypress postinstall: [TITLE]  Unzipping Cypress        6% 21s
.../cypress@10.11.0/node_modules/cypress postinstall: [TITLE]  Unzipping Cypress        6% 22s
.../cypress@10.11.0/node_modules/cypress postinstall: [TITLE]  Unzipping Cypress        6% 23s
.../cypress@10.11.0/node_modules/cypress postinstall: [TITLE]  Unzipping Cypress        7% 19s
.../cypress@10.11.0/node_modules/cypress postinstall: [TITLE]  Unzipping Cypress        7% 20s
.../cypress@10.11.0/node_modules/cypress postinstall: [TITLE]  Unzipping Cypress        8% 17s
.../cypress@10.11.0/node_modules/cypress postinstall: [TITLE]  Unzipping Cypress        8% 18s
.../cypress@10.11.0/node_modules/cypress postinstall: [TITLE]  Unzipping Cypress        9% 16s
.../cypress@10.11.0/node_modules/cypress postinstall: [TITLE]  Unzipping Cypress        10% 14s
.../cypress@10.11.0/node_modules/cypress postinstall: [TITLE]  Unzipping Cypress        10% 15s
.../cypress@10.11.0/node_modules/cypress postinstall: [TITLE]  Unzipping Cypress        11% 13s
.../cypress@10.11.0/node_modules/cypress postinstall: [TITLE]  Unzipping Cypress        12% 12s
.../cypress@10.11.0/node_modules/cypress postinstall: [TITLE]  Unzipping Cypress        12% 13s
.../cypress@10.11.0/node_modules/cypress postinstall: [TITLE]  Unzipping Cypress        13% 11s
.../cypress@10.11.0/node_modules/cypress postinstall: [TITLE]  Unzipping Cypress        13% 12s
.../cypress@10.11.0/node_modules/cypress postinstall: [TITLE]  Unzipping Cypress        14% 11s
.../cypress@10.11.0/node_modules/cypress postinstall: [TITLE]  Unzipping Cypress        15% 10s
.../cypress@10.11.0/node_modules/cypress postinstall: [TITLE]  Unzipping Cypress        16% 10s
.../cypress@10.11.0/node_modules/cypress postinstall: [TITLE]  Unzipping Cypress        17% 9s
.../cypress@10.11.0/node_modules/cypress postinstall: [TITLE]  Unzipping Cypress        17% 10s
.../cypress@10.11.0/node_modules/cypress postinstall: [TITLE]  Unzipping Cypress        18% 9s
.../cypress@10.11.0/node_modules/cypress postinstall: [TITLE]  Unzipping Cypress        19% 9s
.../cypress@10.11.0/node_modules/cypress postinstall: [TITLE]  Unzipping Cypress        20% 8s
.../cypress@10.11.0/node_modules/cypress postinstall: [TITLE]  Unzipping Cypress        20% 9s
.../cypress@10.11.0/node_modules/cypress postinstall: [TITLE]  Unzipping Cypress        21% 8s
.../cypress@10.11.0/node_modules/cypress postinstall: [TITLE]  Unzipping Cypress        21% 9s
.../cypress@10.11.0/node_modules/cypress postinstall: [TITLE]  Unzipping Cypress        22% 8s
.../cypress@10.11.0/node_modules/cypress postinstall: [TITLE]  Unzipping Cypress        23% 8s
.../cypress@10.11.0/node_modules/cypress postinstall: [TITLE]  Unzipping Cypress        24% 7s
.../cypress@10.11.0/node_modules/cypress postinstall: [TITLE]  Unzipping Cypress        24% 8s
.../cypress@10.11.0/node_modules/cypress postinstall: [TITLE]  Unzipping Cypress        25% 7s
.../cypress@10.11.0/node_modules/cypress postinstall: [TITLE]  Unzipping Cypress        26% 7s
.../cypress@10.11.0/node_modules/cypress postinstall: [TITLE]  Unzipping Cypress        26% 8s
.../cypress@10.11.0/node_modules/cypress postinstall: [TITLE]  Unzipping Cypress        27% 7s
.../cypress@10.11.0/node_modules/cypress postinstall: [TITLE]  Unzipping Cypress        27% 8s
.../cypress@10.11.0/node_modules/cypress postinstall: [TITLE]  Unzipping Cypress        28% 7s
.../cypress@10.11.0/node_modules/cypress postinstall: [TITLE]  Unzipping Cypress        29% 7s
.../cypress@10.11.0/node_modules/cypress postinstall: [TITLE]  Unzipping Cypress        30% 7s
.../cypress@10.11.0/node_modules/cypress postinstall: [TITLE]  Unzipping Cypress        31% 7s
.../cypress@10.11.0/node_modules/cypress postinstall: [TITLE]  Unzipping Cypress        32% 7s
.../cypress@10.11.0/node_modules/cypress postinstall: [TITLE]  Unzipping Cypress        33% 6s
.../cypress@10.11.0/node_modules/cypress postinstall: [TITLE]  Unzipping Cypress        33% 7s
.../cypress@10.11.0/node_modules/cypress postinstall: [TITLE]  Unzipping Cypress        34% 6s
.../cypress@10.11.0/node_modules/cypress postinstall: [TITLE]  Unzipping Cypress        35% 6s
.../cypress@10.11.0/node_modules/cypress postinstall: [TITLE]  Unzipping Cypress        36% 6s
.../cypress@10.11.0/node_modules/cypress postinstall: [TITLE]  Unzipping Cypress        37% 6s
.../cypress@10.11.0/node_modules/cypress postinstall: [TITLE]  Unzipping Cypress        38% 6s
.../cypress@10.11.0/node_modules/cypress postinstall: [TITLE]  Unzipping Cypress        39% 6s
.../cypress@10.11.0/node_modules/cypress postinstall: [TITLE]  Unzipping Cypress        40% 5s
.../cypress@10.11.0/node_modules/cypress postinstall: [TITLE]  Unzipping Cypress        40% 6s
.../cypress@10.11.0/node_modules/cypress postinstall: [TITLE]  Unzipping Cypress        41% 5s
.../cypress@10.11.0/node_modules/cypress postinstall: [TITLE]  Unzipping Cypress        41% 6s
.../cypress@10.11.0/node_modules/cypress postinstall: [TITLE]  Unzipping Cypress        42% 5s
.../cypress@10.11.0/node_modules/cypress postinstall: [TITLE]  Unzipping Cypress        42% 6s
.../cypress@10.11.0/node_modules/cypress postinstall: [TITLE]  Unzipping Cypress        43% 5s
.../cypress@10.11.0/node_modules/cypress postinstall: [TITLE]  Unzipping Cypress        44% 5s
.../cypress@10.11.0/node_modules/cypress postinstall: [TITLE]  Unzipping Cypress        45% 5s
.../cypress@10.11.0/node_modules/cypress postinstall: [TITLE]  Unzipping Cypress        46% 5s
.../cypress@10.11.0/node_modules/cypress postinstall: [TITLE]  Unzipping Cypress        47% 5s
.../cypress@10.11.0/node_modules/cypress postinstall: [TITLE]  Unzipping Cypress        48% 5s
.../cypress@10.11.0/node_modules/cypress postinstall: [TITLE]  Unzipping Cypress        49% 5s
.../cypress@10.11.0/node_modules/cypress postinstall: [TITLE]  Unzipping Cypress        50% 4s
.../cypress@10.11.0/node_modules/cypress postinstall: [TITLE]  Unzipping Cypress        51% 4s
.../cypress@10.11.0/node_modules/cypress postinstall: [TITLE]  Unzipping Cypress        52% 4s
.../cypress@10.11.0/node_modules/cypress postinstall: [TITLE]  Unzipping Cypress        53% 4s
.../cypress@10.11.0/node_modules/cypress postinstall: [TITLE]  Unzipping Cypress        54% 4s
.../cypress@10.11.0/node_modules/cypress postinstall: [TITLE]  Unzipping Cypress        55% 4s
.../cypress@10.11.0/node_modules/cypress postinstall: [TITLE]  Unzipping Cypress        56% 4s
.../cypress@10.11.0/node_modules/cypress postinstall: [TITLE]  Unzipping Cypress        57% 4s
.../cypress@10.11.0/node_modules/cypress postinstall: [TITLE]  Unzipping Cypress        58% 3s
.../cypress@10.11.0/node_modules/cypress postinstall: [TITLE]  Unzipping Cypress        58% 4s
.../cypress@10.11.0/node_modules/cypress postinstall: [TITLE]  Unzipping Cypress        59% 3s
.../cypress@10.11.0/node_modules/cypress postinstall: [TITLE]  Unzipping Cypress        60% 3s
.../cypress@10.11.0/node_modules/cypress postinstall: [TITLE]  Unzipping Cypress        61% 3s
.../cypress@10.11.0/node_modules/cypress postinstall: [TITLE]  Unzipping Cypress        62% 3s
.../cypress@10.11.0/node_modules/cypress postinstall: [TITLE]  Unzipping Cypress        63% 3s
.../cypress@10.11.0/node_modules/cypress postinstall: [TITLE]  Unzipping Cypress        64% 3s
.../cypress@10.11.0/node_modules/cypress postinstall: [TITLE]  Unzipping Cypress        65% 3s
.../cypress@10.11.0/node_modules/cypress postinstall: [TITLE]  Unzipping Cypress        66% 3s
.../cypress@10.11.0/node_modules/cypress postinstall: [TITLE]  Unzipping Cypress        67% 3s
.../cypress@10.11.0/node_modules/cypress postinstall: [TITLE]  Unzipping Cypress        68% 3s
.../cypress@10.11.0/node_modules/cypress postinstall: [TITLE]  Unzipping Cypress        69% 3s
.../cypress@10.11.0/node_modules/cypress postinstall: [TITLE]  Unzipping Cypress        70% 3s
.../cypress@10.11.0/node_modules/cypress postinstall: [TITLE]  Unzipping Cypress        71% 3s
.../cypress@10.11.0/node_modules/cypress postinstall: [TITLE]  Unzipping Cypress        72% 3s
.../cypress@10.11.0/node_modules/cypress postinstall: [TITLE]  Unzipping Cypress        73% 2s
.../cypress@10.11.0/node_modules/cypress postinstall: [TITLE]  Unzipping Cypress        74% 2s
.../cypress@10.11.0/node_modules/cypress postinstall: [TITLE]  Unzipping Cypress        74% 3s
.../cypress@10.11.0/node_modules/cypress postinstall: [TITLE]  Unzipping Cypress        75% 2s
.../cypress@10.11.0/node_modules/cypress postinstall: [TITLE]  Unzipping Cypress        76% 2s
.../cypress@10.11.0/node_modules/cypress postinstall: [TITLE]  Unzipping Cypress        77% 2s
.../cypress@10.11.0/node_modules/cypress postinstall: [TITLE]  Unzipping Cypress        78% 2s
.../cypress@10.11.0/node_modules/cypress postinstall: [TITLE]  Unzipping Cypress        100% 0s
.../cypress@10.11.0/node_modules/cypress postinstall: [TITLE]  Unzipped Cypress       
.../cypress@10.11.0/node_modules/cypress postinstall: [SUCCESS]  Unzipped Cypress       
.../cypress@10.11.0/node_modules/cypress postinstall: [STARTED] Task without title.
.../cypress@10.11.0/node_modules/cypress postinstall: [TITLE]  Finished Installation   /home/node/.cache/Cypress/10.11.0
.../cypress@10.11.0/node_modules/cypress postinstall: [SUCCESS]  Finished Installation   /home/node/.cache/Cypress/10.11.0
.../cypress@10.11.0/node_modules/cypress postinstall: You can now open Cypress by running: node_modules/.bin/cypress open
.../cypress@10.11.0/node_modules/cypress postinstall: https://on.cypress.io/installing-cypress
.../cypress@10.11.0/node_modules/cypress postinstall: Done
.../node_modules/msw postinstall$ node -e "try{require('./config/scripts/postinstall')}catch(e){}"
.../node_modules/msw postinstall: Done
../trpc postinstall$ pnpm run db:generate
../trpc postinstall: > @chirpy-dev/trpc@0.0.0 db:generate /tmp/twcr-2958eddb966a/packages/trpc
../trpc postinstall: > prisma generate
../trpc postinstall: Prisma schema loaded from prisma/schema.prisma
../trpc postinstall: ✔ Generated Prisma Client (5.1.1 | library) to ./../../node_modules/.pnpm/@prisma+client@5.1.1_prisma@5.1.1/node_modules/@prisma/client in 196ms
../trpc postinstall: You can now start using Prisma Client in your code. Reference: https://pris.ly/d/client
../trpc postinstall: ```
../trpc postinstall: import { PrismaClient } from '@prisma/client'
../trpc postinstall: const prisma = new PrismaClient()
../trpc postinstall: ```
../trpc postinstall: Done

devDependencies:
+ @chirpy-dev/configs 0.0.1 <- ../configs
+ @headlessui/tailwindcss 0.2.0
+ tailwindcss 3.3.5 (3.4.1 is available)

 WARN  Issues with peer dependencies found
apps/emails
└─┬ @maizzle/framework 4.4.7
  ├─┬ glob-promise 4.2.2
  │ └── ✕ unmet peer glob@^7.1.6: found 8.0.3
  ├─┬ postcss-merge-longhand 6.0.3
  │ ├── ✕ unmet peer postcss@^8.4.31: found 8.4.27 in @maizzle/framework
  │ └─┬ stylehacks 6.0.3
  │   └── ✕ unmet peer postcss@^8.4.31: found 8.4.27 in @maizzle/framework
  └─┬ posthtml-postcss-merge-longhand 2.1.0
    └─┬ postcss-safe-parser 7.0.0
      └── ✕ unmet peer postcss@^8.4.31: found 8.4.27 in posthtml-postcss-merge-longhand

apps/main
├─┬ @tensorflow-models/toxicity 1.2.2
│ ├── ✕ unmet peer @tensorflow/tfjs-core@^1.3.3: found 3.18.0
│ ├── ✕ unmet peer @tensorflow/tfjs-converter@^1.3.3: found 3.18.0
│ └─┬ @tensorflow-models/universal-sentence-encoder 1.2.2
│   ├── ✕ unmet peer @tensorflow/tfjs-core@^1.2.9: found 3.18.0
│   └── ✕ unmet peer @tensorflow/tfjs-converter@^1.2.9: found 3.18.0
├─┬ next-axiom 0.17.0
│ └── ✕ unmet peer next@"^12.1.4 || ^13": found 14.1.0
├─┬ next-superjson-plugin 0.5.9
│ └── ✕ unmet peer next@^13: found 14.1.0
└─┬ next-mdx-remote 3.0.8
  ├── ✕ unmet peer react@">=16.x <=17.x": found 18.2.0
  ├── ✕ unmet peer react-dom@">=16.x <=17.x": found 18.2.0
  └─┬ @mdx-js/react 1.6.22
    └── ✕ unmet peer react@"^16.13.1 || ^17.0.0": found 18.2.0

packages/trpc
└─┬ next-axiom 0.17.0
  └── ✕ unmet peer next@"^12.1.4 || ^13": found 14.1.0

packages/types
└─┬ next-mdx-remote 3.0.8
  ├── ✕ unmet peer react@">=16.x <=17.x": found 18.2.0
  ├── ✕ unmet peer react-dom@">=16.x <=17.x": found 18.2.0
  └─┬ @mdx-js/react 1.6.22
    └── ✕ unmet peer react@"^16.13.1 || ^17.0.0": found 18.2.0

packages/ui
├─┬ @storybook/addon-actions 6.5.14
│ └─┬ react-inspector 5.1.1
│   └── ✕ unmet peer react@"^16.8.4 || ^17.0.0": found 18.2.0
├─┬ @storybook/addon-essentials 6.5.14
│ └─┬ @storybook/addon-docs 6.5.14
│   └─┬ @mdx-js/react 1.6.22
│     └── ✕ unmet peer react@"^16.13.1 || ^17.0.0": found 18.2.0
├─┬ @storybook/react 6.5.14
│ └─┬ react-element-to-jsx-string 14.3.4
│   ├── ✕ unmet peer react@"^0.14.8 || ^15.0.1 || ^16.0.0 || ^17.0.1": found 18.2.0
│   └── ✕ unmet peer react-dom@"^0.14.8 || ^15.0.1 || ^16.0.0 || ^17.0.1": found 18.2.0
├─┬ next-mdx-remote 3.0.8
│ ├── ✕ unmet peer react@">=16.x <=17.x": found 18.2.0
│ └── ✕ unmet peer react-dom@">=16.x <=17.x": found 18.2.0
├─┬ msw 1.2.3
│ └── ✕ unmet peer typescript@">= 4.4.x <= 5.1.x": found 5.2.2
├─┬ msw-storybook-addon 1.6.3
│ └── ✕ unmet peer msw@">=0.35.0 <1.0.0": found 1.2.3
├─┬ storybook-addon-next 1.7.1
│ └── ✕ unmet peer next@"^9.0.0 || ^10.0.0 || ^11.0.0 || ^12.0.0 || ^13.0.0": found 14.1.0
└─┬ next-axiom 0.17.0
  └── ✕ unmet peer next@"^12.1.4 || ^13": found 14.1.0

Done in 1m 52.8s
+ pnpm ls --json
+ jq -cr '
        .[]
        | [.dependencies, .devDependencies, .optionalDependencies]
        | map(select(.))[]
        | to_entries
        | map({ name: .key, version: .value.version })
        | sort_by(.name)[]
      '
+ exitcode=0
+ set -e
+ [[ 0 != \0 ]]
++ jq -sr 'map(select(.name == "tailwindcss")) | first | .version'
+ tailwind_package_version=3.3.5
+ tailwind_config_exporter=tailwind.config.exporter2.cjs
+ '[' -f node_modules/tailwindcss/lib/lib/load-config.js ']'
+ tailwind_config_exporter=tailwind.config.exporter3.mjs
+ cp /twcr/worker/../worker/tailwind.config.exporter3.mjs ./
+ set +e
+ node ./tailwind.config.exporter3.mjs tailwind.config.js
+ exitcode=0
+ set -e
+ [[ 0 != \0 ]]
+ echo 'module.exports={plugins:['
+ jq -rs '
        map(select(.name | startswith("@tailwindcss/")))
        | map("require(" + ( .name | tojson ) + "),")[]
      '
+ grep -Ev '"@tailwindcss/postcss7-compat"'
+ true
+ echo ']}'
+ cat tailwind.config.js
+ sed 's/^/>>> /'
>>> module.exports={plugins:[
>>> ]}
+ node ./tailwind.config.exporter3.mjs tailwind.config.js
++ date -u +%Y-%m-%dT%H:%M:%SZ
+ writetaskstat timestamp_attempt_squash_end 2024-03-04T05:09:16Z
+ jq -nc --arg key timestamp_attempt_squash_end --arg value 2024-03-04T05:09:16Z '{ key: $key, value: $value }'
+ break
++ date -u +%Y-%m-%dT%H:%M:%SZ
+ writetaskstat timestamp_end 2024-03-04T05:09:16Z
+ jq -nc --arg key timestamp_end --arg value 2024-03-04T05:09:16Z '{ key: $key, value: $value }'
+ rm /twcr/mnt/results/extract-failed
+ touch /twcr/mnt/results/extract-completed
