==== RUN-DOCKER
+++ dirname -- ./worker/run.sh
++ cd -- ./worker
++ pwd
+ twcrdir=/twcr/worker/..
+ repo=github.com/sanjayheaven/ggb
+ reporef=main
+ repopath=./docs/go-gin-boilerplate
+ '[' true == true ']'
+ grep -q '^././'
++ echo github.com/sanjayheaven/ggb
++ sha256sum
++ awk '{ print $1 }'
++ cut -c1-12
+ procdir=/tmp/twcr-e004241967b0
++ echo 'github.com/sanjayheaven/ggb;main;./docs/go-gin-boilerplate'
++ sha256sum
++ awk '{ print $1 }'
++ cut -c1-12
+ datadir=/twcr/worker/../mnt/dataset/data/faa368858a3f
+ '[' '!' -z /twcr/mnt/results ']'
+ datadir=/twcr/mnt/results
+ touch /twcr/mnt/results/extract-failed
++ base64
++ tr -d =
++ tr /+ _-
++ base64
++ tr -d =
++ tr /+ _-
+ writetaskstat analysis_key github.com/sanjayheaven/ggb/bWFpbgo/Li9kb2NzL2dvLWdpbi1ib2lsZXJwbGF0ZQo
+ jq -nc --arg key analysis_key --arg value github.com/sanjayheaven/ggb/bWFpbgo/Li9kb2NzL2dvLWdpbi1ib2lsZXJwbGF0ZQo '{ key: $key, value: $value }'
++ date -u +%Y%m%d%H%M%S
++ sha256sum
++ awk '{ print $1 }'
++ cut -c1-16
++ head -c 32 /dev/urandom
+ writetaskstat analysis_nonce 434d89713032f30f
+ jq -nc --arg key analysis_nonce --arg value 434d89713032f30f '{ key: $key, value: $value }'
+ writetaskstat input_repo_name github.com/sanjayheaven/ggb
+ jq -nc --arg key input_repo_name --arg value github.com/sanjayheaven/ggb '{ key: $key, value: $value }'
+ writetaskstat input_repo_ref main
+ jq -nc --arg key input_repo_ref --arg value main '{ key: $key, value: $value }'
+ writetaskstat input_repo_path ./docs/go-gin-boilerplate
+ jq -nc --arg key input_repo_path --arg value ./docs/go-gin-boilerplate '{ key: $key, value: $value }'
++ date -u +%Y-%m-%dT%H:%M:%SZ
+ writetaskstat timestamp_begin 2024-03-05T01:38:15Z
+ jq -nc --arg key timestamp_begin --arg value 2024-03-05T01:38:15Z '{ key: $key, value: $value }'
+ mkdir -p /tmp/twcr-e004241967b0
+ pushd /tmp/twcr-e004241967b0
+ '[' -d .git ']'
+ git clone --depth=1 -b main https://github.com/sanjayheaven/ggb.git .
/tmp/twcr-e004241967b0 /twcr
Cloning into '.'...
++ date -u +%Y-%m-%dT%H:%M:%SZ
+ writetaskstat timestamp_git_clone_complete 2024-03-05T01:38:16Z
+ jq -nc --arg key timestamp_git_clone_complete --arg value 2024-03-05T01:38:16Z '{ key: $key, value: $value }'
++ git rev-parse HEAD
+ writetaskstat exec_repo_commit_sha 25b24ada609286a4df1a662738878427aff2fa9a
+ jq -nc --arg key exec_repo_commit_sha --arg value 25b24ada609286a4df1a662738878427aff2fa9a '{ key: $key, value: $value }'
+++ git show --no-patch --format=%ci
++ date -u --date '2024-01-29 10:15:45 +0800' +%Y-%m-%dT%H:%M:%SZ
+ writetaskstat exec_repo_commit_date 2024-01-29T02:15:45Z
+ jq -nc --arg key exec_repo_commit_date --arg value 2024-01-29T02:15:45Z '{ key: $key, value: $value }'
+ '[' -z ./docs/go-gin-boilerplate ']'
+ pushd ./docs/go-gin-boilerplate
+ tailwind_config_file_name=
+ '[' -f tailwind.config.js ']'
+ tailwind_config_file_name=tailwind.config.js
+ writetaskstat exec_tailwind_config_file tailwind.config.js
+ jq -nc --arg key exec_tailwind_config_file --arg value tailwind.config.js '{ key: $key, value: $value }'
/tmp/twcr-e004241967b0/docs/go-gin-boilerplate /tmp/twcr-e004241967b0 /twcr
+ cp tailwind.config.js /twcr/mnt/results/extract-raw-tailwind-config.js
+ '[' '!' -f package.json ']'
+ cp package.json /twcr/mnt/results/extract-raw-package.json
++ /twcr/worker/../worker/pm-detect.sh /tmp/twcr-e004241967b0/docs/go-gin-boilerplate
+ package_manager_name=
+ '[' -z '' ']'
+ '[' ./docs/go-gin-boilerplate '!=' ./ ']'
++ /twcr/worker/../worker/pm-detect.sh /tmp/twcr-e004241967b0
grep: /tmp/twcr-e004241967b0/package.json: No such file or directory
grep: /tmp/twcr-e004241967b0/package.json: No such file or directory
grep: /tmp/twcr-e004241967b0/package.json: No such file or directory
/twcr/worker/../worker/pm-detect.sh: line 17: /tmp/twcr-e004241967b0/package.json: No such file or directory
+ package_manager_name=
+ '[' -z '' ']'
+ package_manager_name=npm
+ writetaskstat exec_node_package_manager npm
+ jq -nc --arg key exec_node_package_manager --arg value npm '{ key: $key, value: $value }'
+ attempt_mode=squash
+ true
++ date -u +%Y-%m-%dT%H:%M:%SZ
+ writetaskstat timestamp_attempt_squash_begin 2024-03-05T01:38:16Z
+ jq -nc --arg key timestamp_attempt_squash_begin --arg value 2024-03-05T01:38:16Z '{ key: $key, value: $value }'
+ [[ squash == \s\q\u\a\s\h ]]
+ set +e
+ node /twcr/worker/../worker/squash-package.mjs tailwind.config.js
+ exitcode=0
+ set -e
+ [[ 0 != \0 ]]
+ cat package.json
+ sed 's/^/>>> /'
>>> {
>>>   "name": "go-gin-boilerplate",
>>>   "version": "0.0.0",
>>>   "private": true,
>>>   "dependencies": {
>>>     "tailwindcss": "^3.4.1"
>>>   },
>>>   "devDependencies": {},
>>>   "browserslist": {
>>>     "production": [
>>>       ">0.5%",
>>>       "not dead",
>>>       "not op_mini all"
>>>     ],
>>>     "development": [
>>>       "last 3 chrome version",
>>>       "last 3 firefox version",
>>>       "last 5 safari version"
>>>     ]
>>>   },
>>>   "engines": {
>>>     "node": ">=18.0"
>>>   }
>>> }+ rm -f package-lock.json pnpm-lock.yaml yarn.lock
+ '[' ./docs/go-gin-boilerplate '!=' ./ ']'
+ rm -f /tmp/twcr-e004241967b0/package.json /tmp/twcr-e004241967b0/package-lock.json /tmp/twcr-e004241967b0/pnpm-lock.yaml /tmp/twcr-e004241967b0/yarn.lock
+ set +e
+ /twcr/worker/../worker/pm-install.sh npm /tmp/twcr-e004241967b0 /twcr/mnt/results
+ package_manager_name=npm
+ procdir=/tmp/twcr-e004241967b0
+ datadir=/twcr/mnt/results
+ case "${package_manager_name}" in
++ '[' -f package-lock.json ']'
++ echo install
+ npm install --ignore-engines

added 112 packages, and audited 113 packages in 5s

28 packages are looking for funding
  run `npm fund` for details

found 0 vulnerabilities
npm notice 
npm notice New minor version of npm available! 10.2.4 -> 10.5.0
npm notice Changelog: <https://github.com/npm/cli/releases/tag/v10.5.0>
npm notice Run `npm install -g npm@10.5.0` to update!
npm notice 
+ npm query '*'
+ jq -cr '
        map({ name: .name, version: .version })
        | map(select(.name))
        | sort_by(.name)[]
      '
+ exitcode=0
+ set -e
+ [[ 0 != \0 ]]
++ jq -sr 'map(select(.name == "tailwindcss")) | first | .version'
+ tailwind_package_version=3.4.1
+ tailwind_config_exporter=tailwind.config.exporter2.cjs
+ '[' -f node_modules/tailwindcss/lib/lib/load-config.js ']'
+ tailwind_config_exporter=tailwind.config.exporter3.mjs
+ cp /twcr/worker/../worker/tailwind.config.exporter3.mjs ./
+ set +e
+ node ./tailwind.config.exporter3.mjs tailwind.config.js
+ exitcode=0
+ set -e
+ [[ 0 != \0 ]]
+ echo 'module.exports={plugins:['
+ jq -rs '
        map(select(.name | startswith("@tailwindcss/")))
        | map("require(" + ( .name | tojson ) + "),")[]
      '
+ grep -Ev '"@tailwindcss/postcss7-compat"'
+ true
+ echo ']}'
+ cat tailwind.config.js
+ sed 's/^/>>> /'
>>> module.exports={plugins:[
>>> ]}
+ node ./tailwind.config.exporter3.mjs tailwind.config.js
++ date -u +%Y-%m-%dT%H:%M:%SZ
+ writetaskstat timestamp_attempt_squash_end 2024-03-05T01:38:22Z
+ jq -nc --arg key timestamp_attempt_squash_end --arg value 2024-03-05T01:38:22Z '{ key: $key, value: $value }'
+ break
++ date -u +%Y-%m-%dT%H:%M:%SZ
+ writetaskstat timestamp_end 2024-03-05T01:38:22Z
+ jq -nc --arg key timestamp_end --arg value 2024-03-05T01:38:22Z '{ key: $key, value: $value }'
+ rm /twcr/mnt/results/extract-failed
+ touch /twcr/mnt/results/extract-completed
