==== RUN-DOCKER
+++ dirname -- ./worker/run.sh
++ cd -- ./worker
++ pwd
+ twcrdir=/twcr/worker/..
+ repo=github.com/tailwindlabs/headlessui
+ reporef=main
+ repopath=./playgrounds/vue
+ '[' true == true ']'
+ grep -q '^././'
++ echo github.com/tailwindlabs/headlessui
++ sha256sum
++ awk '{ print $1 }'
++ cut -c1-12
+ procdir=/tmp/twcr-5ca3328b18ef
++ echo 'github.com/tailwindlabs/headlessui;main;./playgrounds/vue'
++ sha256sum
++ awk '{ print $1 }'
++ cut -c1-12
+ datadir=/twcr/worker/../mnt/dataset/data/208b86e5cfdd
+ '[' '!' -z /twcr/mnt/results ']'
+ datadir=/twcr/mnt/results
+ touch /twcr/mnt/results/extract-failed
++ base64
++ tr -d =
++ tr /+ _-
++ base64
++ tr -d =
++ tr /+ _-
+ writetaskstat analysis_key github.com/tailwindlabs/headlessui/bWFpbgo/Li9wbGF5Z3JvdW5kcy92dWUK
+ jq -nc --arg key analysis_key --arg value github.com/tailwindlabs/headlessui/bWFpbgo/Li9wbGF5Z3JvdW5kcy92dWUK '{ key: $key, value: $value }'
++ date -u +%Y%m%d%H%M%S
++ sha256sum
++ awk '{ print $1 }'
++ cut -c1-16
++ head -c 32 /dev/urandom
+ writetaskstat analysis_nonce dfa75302bdc8b2d2
+ jq -nc --arg key analysis_nonce --arg value dfa75302bdc8b2d2 '{ key: $key, value: $value }'
+ writetaskstat input_repo_name github.com/tailwindlabs/headlessui
+ jq -nc --arg key input_repo_name --arg value github.com/tailwindlabs/headlessui '{ key: $key, value: $value }'
+ writetaskstat input_repo_ref main
+ jq -nc --arg key input_repo_ref --arg value main '{ key: $key, value: $value }'
+ writetaskstat input_repo_path ./playgrounds/vue
+ jq -nc --arg key input_repo_path --arg value ./playgrounds/vue '{ key: $key, value: $value }'
++ date -u +%Y-%m-%dT%H:%M:%SZ
+ writetaskstat timestamp_begin 2024-03-04T00:35:03Z
+ jq -nc --arg key timestamp_begin --arg value 2024-03-04T00:35:03Z '{ key: $key, value: $value }'
+ mkdir -p /tmp/twcr-5ca3328b18ef
/tmp/twcr-5ca3328b18ef /twcr
+ pushd /tmp/twcr-5ca3328b18ef
+ '[' -d .git ']'
+ git clone --depth=1 -b main https://github.com/tailwindlabs/headlessui.git .
Cloning into '.'...
++ date -u +%Y-%m-%dT%H:%M:%SZ
+ writetaskstat timestamp_git_clone_complete 2024-03-04T00:35:04Z
+ jq -nc --arg key timestamp_git_clone_complete --arg value 2024-03-04T00:35:04Z '{ key: $key, value: $value }'
++ git rev-parse HEAD
+ writetaskstat exec_repo_commit_sha 043edb83196dde5c593ff9d615b5d89e35f8b87d
+ jq -nc --arg key exec_repo_commit_sha --arg value 043edb83196dde5c593ff9d615b5d89e35f8b87d '{ key: $key, value: $value }'
+++ git show --no-patch --format=%ci
++ date -u --date '2024-02-21 14:28:19 +0100' +%Y-%m-%dT%H:%M:%SZ
+ writetaskstat exec_repo_commit_date 2024-02-21T13:28:19Z
+ jq -nc --arg key exec_repo_commit_date --arg value 2024-02-21T13:28:19Z '{ key: $key, value: $value }'
+ '[' -z ./playgrounds/vue ']'
+ pushd ./playgrounds/vue
+ tailwind_config_file_name=
+ '[' -f tailwind.config.js ']'
+ tailwind_config_file_name=tailwind.config.js
+ writetaskstat exec_tailwind_config_file tailwind.config.js
+ jq -nc --arg key exec_tailwind_config_file --arg value tailwind.config.js '{ key: $key, value: $value }'
/tmp/twcr-5ca3328b18ef/playgrounds/vue /tmp/twcr-5ca3328b18ef /twcr
+ cp tailwind.config.js /twcr/mnt/results/extract-raw-tailwind-config.js
+ '[' '!' -f package.json ']'
+ cp package.json /twcr/mnt/results/extract-raw-package.json
++ /twcr/worker/../worker/pm-detect.sh /tmp/twcr-5ca3328b18ef/playgrounds/vue
+ package_manager_name=
+ '[' -z '' ']'
+ '[' ./playgrounds/vue '!=' ./ ']'
++ /twcr/worker/../worker/pm-detect.sh /tmp/twcr-5ca3328b18ef
+ package_manager_name=
+ '[' -z '' ']'
+ package_manager_name=npm
+ writetaskstat exec_node_package_manager npm
+ jq -nc --arg key exec_node_package_manager --arg value npm '{ key: $key, value: $value }'
+ attempt_mode=squash
+ true
++ date -u +%Y-%m-%dT%H:%M:%SZ
+ writetaskstat timestamp_attempt_squash_begin 2024-03-04T00:35:04Z
+ jq -nc --arg key timestamp_attempt_squash_begin --arg value 2024-03-04T00:35:04Z '{ key: $key, value: $value }'
+ [[ squash == \s\q\u\a\s\h ]]
+ set +e
+ node /twcr/worker/../worker/squash-package.mjs tailwind.config.js
[squash-package] ERROR: failed to find any match for import path (@headlessui/tailwindcss)
+ exitcode=1
+ set -e
+ [[ 1 != \0 ]]
+ echo '[worker] WARN: squash failed; retrying with full install'
[worker] WARN: squash failed; retrying with full install
+ attempt_mode=full
+ continue
+ true
++ date -u +%Y-%m-%dT%H:%M:%SZ
+ writetaskstat timestamp_attempt_full_begin 2024-03-04T00:35:04Z
+ jq -nc --arg key timestamp_attempt_full_begin --arg value 2024-03-04T00:35:04Z '{ key: $key, value: $value }'
+ [[ full == \s\q\u\a\s\h ]]
+ git clean -fdx
+ git reset --hard
HEAD is now at 043edb8 Replace deprecated Jest methods with the new methods (#3005)
+ set +e
+ /twcr/worker/../worker/pm-install.sh npm /tmp/twcr-5ca3328b18ef /twcr/mnt/results
+ package_manager_name=npm
+ procdir=/tmp/twcr-5ca3328b18ef
+ datadir=/twcr/mnt/results
+ case "${package_manager_name}" in
++ '[' -f package-lock.json ']'
++ echo install
+ npm install --ignore-engines

added 264 packages, and audited 267 packages in 13s

35 packages are looking for funding
  run `npm fund` for details

1 high severity vulnerability

To address all issues, run:
  npm audit fix

Run `npm audit` for details.
npm notice 
npm notice New minor version of npm available! 10.2.4 -> 10.5.0
npm notice Changelog: <https://github.com/npm/cli/releases/tag/v10.5.0>
npm notice Run `npm install -g npm@10.5.0` to update!
npm notice 
+ npm query '*'
+ jq -cr '
        map({ name: .name, version: .version })
        | map(select(.name))
        | sort_by(.name)[]
      '
+ exitcode=0
+ set -e
+ [[ 0 != \0 ]]
++ jq -sr 'map(select(.name == "tailwindcss")) | first | .version'
+ tailwind_package_version=3.4.0
+ tailwind_config_exporter=tailwind.config.exporter2.cjs
+ '[' -f node_modules/tailwindcss/lib/lib/load-config.js ']'
+ cp /twcr/worker/../worker/tailwind.config.exporter2.cjs ./
+ set +e
+ node ./tailwind.config.exporter2.cjs tailwind.config.js
node:internal/modules/cjs/loader:1152
  throw err;
  ^

Error: Cannot find module '@headlessui/tailwindcss'
Require stack:
- /tmp/twcr-5ca3328b18ef/playgrounds/vue/tailwind.config.js
- /tmp/twcr-5ca3328b18ef/playgrounds/vue/tailwind.config.exporter2.cjs
    at Module._resolveFilename (node:internal/modules/cjs/loader:1149:15)
    at Module._load (node:internal/modules/cjs/loader:990:27)
    at Module.require (node:internal/modules/cjs/loader:1237:19)
    at require (node:internal/modules/helpers:176:18)
    at Object.<anonymous> (/tmp/twcr-5ca3328b18ef/playgrounds/vue/tailwind.config.js:7:5)
    at Module._compile (node:internal/modules/cjs/loader:1378:14)
    at Module._extensions..js (node:internal/modules/cjs/loader:1437:10)
    at Module.load (node:internal/modules/cjs/loader:1212:32)
    at Module._load (node:internal/modules/cjs/loader:1028:12)
    at Module.require (node:internal/modules/cjs/loader:1237:19) {
  code: 'MODULE_NOT_FOUND',
  requireStack: [
    '/tmp/twcr-5ca3328b18ef/playgrounds/vue/tailwind.config.js',
    '/tmp/twcr-5ca3328b18ef/playgrounds/vue/tailwind.config.exporter2.cjs'
  ]
}

Node.js v21.6.2
+ exitcode=1
+ set -e
+ [[ 1 != \0 ]]
+ [[ full == \s\q\u\a\s\h ]]
+ exit 1
