==== RUN-DOCKER
+++ dirname -- ./worker/run.sh
++ cd -- ./worker
++ pwd
+ twcrdir=/twcr/worker/..
+ repo=github.com/filamentphp/filament
+ reporef=3.x
+ repopath=./docs-assets/app
+ '[' true == true ']'
+ grep -q '^././'
++ echo github.com/filamentphp/filament
++ sha256sum
++ awk '{ print $1 }'
++ cut -c1-12
+ procdir=/tmp/twcr-3f0f576f5584
++ echo 'github.com/filamentphp/filament;3.x;./docs-assets/app'
++ sha256sum
++ awk '{ print $1 }'
++ cut -c1-12
+ datadir=/twcr/worker/../mnt/dataset/data/94272959624d
+ '[' '!' -z /twcr/mnt/results ']'
+ datadir=/twcr/mnt/results
+ touch /twcr/mnt/results/extract-failed
++ base64
++ tr -d =
++ tr /+ _-
++ base64
++ tr -d =
++ tr /+ _-
+ writetaskstat analysis_key github.com/filamentphp/filament/My54Cg/Li9kb2NzLWFzc2V0cy9hcHAK
+ jq -nc --arg key analysis_key --arg value github.com/filamentphp/filament/My54Cg/Li9kb2NzLWFzc2V0cy9hcHAK '{ key: $key, value: $value }'
++ date -u +%Y%m%d%H%M%S
++ sha256sum
++ awk '{ print $1 }'
++ cut -c1-16
++ head -c 32 /dev/urandom
+ writetaskstat analysis_nonce 9f8ce92784579325
+ jq -nc --arg key analysis_nonce --arg value 9f8ce92784579325 '{ key: $key, value: $value }'
+ writetaskstat input_repo_name github.com/filamentphp/filament
+ jq -nc --arg key input_repo_name --arg value github.com/filamentphp/filament '{ key: $key, value: $value }'
+ writetaskstat input_repo_ref 3.x
+ jq -nc --arg key input_repo_ref --arg value 3.x '{ key: $key, value: $value }'
+ writetaskstat input_repo_path ./docs-assets/app
+ jq -nc --arg key input_repo_path --arg value ./docs-assets/app '{ key: $key, value: $value }'
++ date -u +%Y-%m-%dT%H:%M:%SZ
+ writetaskstat timestamp_begin 2024-03-04T00:53:42Z
+ jq -nc --arg key timestamp_begin --arg value 2024-03-04T00:53:42Z '{ key: $key, value: $value }'
+ mkdir -p /tmp/twcr-3f0f576f5584
/tmp/twcr-3f0f576f5584 /twcr
+ pushd /tmp/twcr-3f0f576f5584
+ '[' -d .git ']'
+ git clone --depth=1 -b 3.x https://github.com/filamentphp/filament.git .
Cloning into '.'...
++ date -u +%Y-%m-%dT%H:%M:%SZ
+ writetaskstat timestamp_git_clone_complete 2024-03-04T00:53:45Z
+ jq -nc --arg key timestamp_git_clone_complete --arg value 2024-03-04T00:53:45Z '{ key: $key, value: $value }'
++ git rev-parse HEAD
+ writetaskstat exec_repo_commit_sha e1541bd45b45dd10fe1ad76ef1b721ac5bf3628f
+ jq -nc --arg key exec_repo_commit_sha --arg value e1541bd45b45dd10fe1ad76ef1b721ac5bf3628f '{ key: $key, value: $value }'
+++ git show --no-patch --format=%ci
++ date -u --date '2024-03-01 16:10:51 +0000' +%Y-%m-%dT%H:%M:%SZ
+ writetaskstat exec_repo_commit_date 2024-03-01T16:10:51Z
+ jq -nc --arg key exec_repo_commit_date --arg value 2024-03-01T16:10:51Z '{ key: $key, value: $value }'
+ '[' -z ./docs-assets/app ']'
+ pushd ./docs-assets/app
+ tailwind_config_file_name=
+ '[' -f tailwind.config.js ']'
+ tailwind_config_file_name=tailwind.config.js
+ writetaskstat exec_tailwind_config_file tailwind.config.js
+ jq -nc --arg key exec_tailwind_config_file --arg value tailwind.config.js '{ key: $key, value: $value }'
/tmp/twcr-3f0f576f5584/docs-assets/app /tmp/twcr-3f0f576f5584 /twcr
+ cp tailwind.config.js /twcr/mnt/results/extract-raw-tailwind-config.js
+ '[' '!' -f package.json ']'
+ cp package.json /twcr/mnt/results/extract-raw-package.json
++ /twcr/worker/../worker/pm-detect.sh /tmp/twcr-3f0f576f5584/docs-assets/app
+ package_manager_name=
+ '[' -z '' ']'
+ '[' ./docs-assets/app '!=' ./ ']'
++ /twcr/worker/../worker/pm-detect.sh /tmp/twcr-3f0f576f5584
+ package_manager_name=
+ '[' -z '' ']'
+ package_manager_name=npm
+ writetaskstat exec_node_package_manager npm
+ jq -nc --arg key exec_node_package_manager --arg value npm '{ key: $key, value: $value }'
+ attempt_mode=squash
+ true
++ date -u +%Y-%m-%dT%H:%M:%SZ
+ writetaskstat timestamp_attempt_squash_begin 2024-03-04T00:53:45Z
+ jq -nc --arg key timestamp_attempt_squash_begin --arg value 2024-03-04T00:53:45Z '{ key: $key, value: $value }'
+ [[ squash == \s\q\u\a\s\h ]]
+ set +e
+ node /twcr/worker/../worker/squash-package.mjs tailwind.config.js
+ exitcode=0
+ set -e
+ [[ 0 != \0 ]]
+ cat package.json
+ sed 's/^/>>> /'
>>> {
>>>   "type": "module",
>>>   "private": true,
>>>   "dependencies": {
>>>     "tailwindcss": "^3.4.0"
>>>   }
>>> }+ rm -f package-lock.json pnpm-lock.yaml yarn.lock
+ '[' ./docs-assets/app '!=' ./ ']'
+ rm -f /tmp/twcr-3f0f576f5584/package.json /tmp/twcr-3f0f576f5584/package-lock.json /tmp/twcr-3f0f576f5584/pnpm-lock.yaml /tmp/twcr-3f0f576f5584/yarn.lock
+ set +e
+ /twcr/worker/../worker/pm-install.sh npm /tmp/twcr-3f0f576f5584 /twcr/mnt/results
+ package_manager_name=npm
+ procdir=/tmp/twcr-3f0f576f5584
+ datadir=/twcr/mnt/results
+ case "${package_manager_name}" in
++ '[' -f package-lock.json ']'
++ echo install
+ npm install --ignore-engines

added 112 packages, and audited 113 packages in 7s

28 packages are looking for funding
  run `npm fund` for details

found 0 vulnerabilities
npm notice 
npm notice New minor version of npm available! 10.2.4 -> 10.5.0
npm notice Changelog: <https://github.com/npm/cli/releases/tag/v10.5.0>
npm notice Run `npm install -g npm@10.5.0` to update!
npm notice 
+ npm query '*'
+ jq -cr '
        map({ name: .name, version: .version })
        | map(select(.name))
        | sort_by(.name)[]
      '
+ exitcode=0
+ set -e
+ [[ 0 != \0 ]]
++ jq -sr 'map(select(.name == "tailwindcss")) | first | .version'
+ tailwind_package_version=3.4.1
+ tailwind_config_exporter=tailwind.config.exporter2.cjs
+ '[' -f node_modules/tailwindcss/lib/lib/load-config.js ']'
+ tailwind_config_exporter=tailwind.config.exporter3.mjs
+ cp /twcr/worker/../worker/tailwind.config.exporter3.mjs ./
+ set +e
+ node ./tailwind.config.exporter3.mjs tailwind.config.js
node:internal/modules/cjs/loader:1149
  const err = new Error(message);
              ^

Error: Cannot find module './vendor/filament/support/tailwind.config.preset'
Require stack:
- /tmp/twcr-3f0f576f5584/docs-assets/app/tailwind.config.js
    at Module._resolveFilename (node:internal/modules/cjs/loader:1149:15)
    at Function.resolve (node:internal/modules/helpers:187:19)
    at _resolve (/tmp/twcr-3f0f576f5584/docs-assets/app/node_modules/jiti/dist/jiti.js:1:251148)
    at jiti (/tmp/twcr-3f0f576f5584/docs-assets/app/node_modules/jiti/dist/jiti.js:1:253746)
    at /tmp/twcr-3f0f576f5584/docs-assets/app/tailwind.config.js:1:260
    at evalModule (/tmp/twcr-3f0f576f5584/docs-assets/app/node_modules/jiti/dist/jiti.js:1:256443)
    at jiti (/tmp/twcr-3f0f576f5584/docs-assets/app/node_modules/jiti/dist/jiti.js:1:254371)
    at /tmp/twcr-3f0f576f5584/docs-assets/app/node_modules/tailwindcss/lib/lib/load-config.js:48:30
    at Object.loadConfig (/tmp/twcr-3f0f576f5584/docs-assets/app/node_modules/tailwindcss/lib/lib/load-config.js:50:6)
    at file:///tmp/twcr-3f0f576f5584/docs-assets/app/tailwind.config.exporter3.mjs:5:28 {
  code: 'MODULE_NOT_FOUND',
  requireStack: [ '/tmp/twcr-3f0f576f5584/docs-assets/app/tailwind.config.js' ]
}

Node.js v21.6.2
+ exitcode=1
+ set -e
+ [[ 1 != \0 ]]
+ [[ squash == \s\q\u\a\s\h ]]
+ echo '[worker] WARN: exporter failed; retrying with full install'
[worker] WARN: exporter failed; retrying with full install
+ attempt_mode=full
+ continue
+ true
++ date -u +%Y-%m-%dT%H:%M:%SZ
+ writetaskstat timestamp_attempt_full_begin 2024-03-04T00:53:53Z
+ jq -nc --arg key timestamp_attempt_full_begin --arg value 2024-03-04T00:53:53Z '{ key: $key, value: $value }'
+ [[ full == \s\q\u\a\s\h ]]
+ git clean -fdx
Removing node_modules/
Removing tailwind.config.exporter3.mjs
+ git reset --hard
HEAD is now at e1541bd Merge pull request #11642 from tanthammar/patch-8
+ set +e
+ /twcr/worker/../worker/pm-install.sh npm /tmp/twcr-3f0f576f5584 /twcr/mnt/results
+ package_manager_name=npm
+ procdir=/tmp/twcr-3f0f576f5584
+ datadir=/twcr/mnt/results
+ case "${package_manager_name}" in
++ '[' -f package-lock.json ']'
++ echo ci
+ npm ci --ignore-engines

added 138 packages, and audited 139 packages in 2s

35 packages are looking for funding
  run `npm fund` for details

found 0 vulnerabilities
+ npm query '*'
+ jq -cr '
        map({ name: .name, version: .version })
        | map(select(.name))
        | sort_by(.name)[]
      '
+ exitcode=0
+ set -e
+ [[ 0 != \0 ]]
++ jq -sr 'map(select(.name == "tailwindcss")) | first | .version'
+ tailwind_package_version=3.4.1
+ tailwind_config_exporter=tailwind.config.exporter2.cjs
+ '[' -f node_modules/tailwindcss/lib/lib/load-config.js ']'
+ tailwind_config_exporter=tailwind.config.exporter3.mjs
+ cp /twcr/worker/../worker/tailwind.config.exporter3.mjs ./
+ set +e
+ node ./tailwind.config.exporter3.mjs tailwind.config.js
node:internal/modules/cjs/loader:1149
  const err = new Error(message);
              ^

Error: Cannot find module './vendor/filament/support/tailwind.config.preset'
Require stack:
- /tmp/twcr-3f0f576f5584/docs-assets/app/tailwind.config.js
    at Module._resolveFilename (node:internal/modules/cjs/loader:1149:15)
    at Function.resolve (node:internal/modules/helpers:187:19)
    at _resolve (/tmp/twcr-3f0f576f5584/docs-assets/app/node_modules/jiti/dist/jiti.js:1:251148)
    at jiti (/tmp/twcr-3f0f576f5584/docs-assets/app/node_modules/jiti/dist/jiti.js:1:253746)
    at /tmp/twcr-3f0f576f5584/docs-assets/app/tailwind.config.js:1:260
    at evalModule (/tmp/twcr-3f0f576f5584/docs-assets/app/node_modules/jiti/dist/jiti.js:1:256443)
    at jiti (/tmp/twcr-3f0f576f5584/docs-assets/app/node_modules/jiti/dist/jiti.js:1:254371)
    at /tmp/twcr-3f0f576f5584/docs-assets/app/node_modules/tailwindcss/lib/lib/load-config.js:48:30
    at Object.loadConfig (/tmp/twcr-3f0f576f5584/docs-assets/app/node_modules/tailwindcss/lib/lib/load-config.js:50:6)
    at file:///tmp/twcr-3f0f576f5584/docs-assets/app/tailwind.config.exporter3.mjs:5:28 {
  code: 'MODULE_NOT_FOUND',
  requireStack: [ '/tmp/twcr-3f0f576f5584/docs-assets/app/tailwind.config.js' ]
}

Node.js v21.6.2
+ exitcode=1
+ set -e
+ [[ 1 != \0 ]]
+ [[ full == \s\q\u\a\s\h ]]
+ exit 1
