==== RUN-DOCKER
+++ dirname -- ./worker/run.sh
++ cd -- ./worker
++ pwd
+ twcrdir=/twcr/worker/..
+ repo=github.com/nurRiyad/nuxt-blog
+ reporef=main
+ repopath=./
+ '[' true == true ']'
+ grep -q '^././'
++ echo github.com/nurRiyad/nuxt-blog
++ sha256sum
++ awk '{ print $1 }'
++ cut -c1-12
+ procdir=/tmp/twcr-4e31e84efcc5
++ echo 'github.com/nurRiyad/nuxt-blog;main;./'
++ sha256sum
++ awk '{ print $1 }'
++ cut -c1-12
+ datadir=/twcr/worker/../mnt/dataset/data/787aa69c2876
+ '[' '!' -z /twcr/mnt/results ']'
+ datadir=/twcr/mnt/results
+ touch /twcr/mnt/results/extract-failed
++ base64
++ tr -d =
++ tr /+ _-
++ base64
++ tr -d =
++ tr /+ _-
+ writetaskstat analysis_key github.com/nurRiyad/nuxt-blog/bWFpbgo/Li8K
+ jq -nc --arg key analysis_key --arg value github.com/nurRiyad/nuxt-blog/bWFpbgo/Li8K '{ key: $key, value: $value }'
++ date -u +%Y%m%d%H%M%S
++ sha256sum
++ awk '{ print $1 }'
++ cut -c1-16
++ head -c 32 /dev/urandom
+ writetaskstat analysis_nonce 278111699e78b415
+ jq -nc --arg key analysis_nonce --arg value 278111699e78b415 '{ key: $key, value: $value }'
+ writetaskstat input_repo_name github.com/nurRiyad/nuxt-blog
+ jq -nc --arg key input_repo_name --arg value github.com/nurRiyad/nuxt-blog '{ key: $key, value: $value }'
+ writetaskstat input_repo_ref main
+ jq -nc --arg key input_repo_ref --arg value main '{ key: $key, value: $value }'
+ writetaskstat input_repo_path ./
+ jq -nc --arg key input_repo_path --arg value ./ '{ key: $key, value: $value }'
++ date -u +%Y-%m-%dT%H:%M:%SZ
+ writetaskstat timestamp_begin 2024-03-04T06:54:40Z
+ jq -nc --arg key timestamp_begin --arg value 2024-03-04T06:54:40Z '{ key: $key, value: $value }'
+ mkdir -p /tmp/twcr-4e31e84efcc5
+ pushd /tmp/twcr-4e31e84efcc5
+ '[' -d .git ']'
+ git clone --depth=1 -b main https://github.com/nurRiyad/nuxt-blog.git .
/tmp/twcr-4e31e84efcc5 /twcr
Cloning into '.'...
++ date -u +%Y-%m-%dT%H:%M:%SZ
+ writetaskstat timestamp_git_clone_complete 2024-03-04T06:54:42Z
+ jq -nc --arg key timestamp_git_clone_complete --arg value 2024-03-04T06:54:42Z '{ key: $key, value: $value }'
++ git rev-parse HEAD
+ writetaskstat exec_repo_commit_sha 542c56be7c1bb47bd57111029134a37af387b3cc
+ jq -nc --arg key exec_repo_commit_sha --arg value 542c56be7c1bb47bd57111029134a37af387b3cc '{ key: $key, value: $value }'
+++ git show --no-patch --format=%ci
++ date -u --date '2024-02-14 22:08:45 +0600' +%Y-%m-%dT%H:%M:%SZ
+ writetaskstat exec_repo_commit_date 2024-02-14T16:08:45Z
+ jq -nc --arg key exec_repo_commit_date --arg value 2024-02-14T16:08:45Z '{ key: $key, value: $value }'
/tmp/twcr-4e31e84efcc5 /tmp/twcr-4e31e84efcc5 /twcr
+ '[' -z ./ ']'
+ pushd ./
+ tailwind_config_file_name=
+ '[' -f tailwind.config.js ']'
+ tailwind_config_file_name=tailwind.config.js
+ writetaskstat exec_tailwind_config_file tailwind.config.js
+ jq -nc --arg key exec_tailwind_config_file --arg value tailwind.config.js '{ key: $key, value: $value }'
+ cp tailwind.config.js /twcr/mnt/results/extract-raw-tailwind-config.js
+ '[' '!' -f package.json ']'
+ cp package.json /twcr/mnt/results/extract-raw-package.json
++ /twcr/worker/../worker/pm-detect.sh /tmp/twcr-4e31e84efcc5
+ package_manager_name=yarn
+ '[' -z yarn ']'
+ '[' -z yarn ']'
+ writetaskstat exec_node_package_manager yarn
+ jq -nc --arg key exec_node_package_manager --arg value yarn '{ key: $key, value: $value }'
+ attempt_mode=squash
+ true
++ date -u +%Y-%m-%dT%H:%M:%SZ
+ writetaskstat timestamp_attempt_squash_begin 2024-03-04T06:54:42Z
+ jq -nc --arg key timestamp_attempt_squash_begin --arg value 2024-03-04T06:54:42Z '{ key: $key, value: $value }'
+ [[ squash == \s\q\u\a\s\h ]]
+ set +e
+ node /twcr/worker/../worker/squash-package.mjs tailwind.config.js
+ exitcode=0
+ set -e
+ [[ 0 != \0 ]]
+ cat package.json
+ sed 's/^/>>> /'
>>> {
>>>   "private": true,
>>>   "devDependencies": {
>>>     "@nuxtjs/tailwindcss": "^6.10.3",
>>>     "@tailwindcss/forms": "^0.5.7",
>>>     "@tailwindcss/typography": "^0.5.10"
>>>   }
>>> }+ rm -f package-lock.json pnpm-lock.yaml yarn.lock
+ '[' ./ '!=' ./ ']'
+ set +e
+ /twcr/worker/../worker/pm-install.sh yarn /tmp/twcr-4e31e84efcc5 /twcr/mnt/results
+ package_manager_name=yarn
+ procdir=/tmp/twcr-4e31e84efcc5
+ datadir=/twcr/mnt/results
+ case "${package_manager_name}" in
+ '[' -z http://tid_fa0c14a6c746:ok@172.18.0.2:3128 ']'
+ yarn config set httpProxy http://tid_fa0c14a6c746:ok@172.18.0.2:3128
yarn config v1.22.19
success Set "httpProxy" to "http://tid_fa0c14a6c746:ok@172.18.0.2:3128".
Done in 0.04s.
+ '[' -z http://tid_fa0c14a6c746:ok@172.18.0.2:3128 ']'
+ yarn config set httpsProxy http://tid_fa0c14a6c746:ok@172.18.0.2:3128
yarn config v1.22.19
success Set "httpsProxy" to "http://tid_fa0c14a6c746:ok@172.18.0.2:3128".
Done in 0.04s.
+ yarn install
yarn install v1.22.19
info No lockfile found.
[1/4] Resolving packages...
(node:138) [DEP0040] DeprecationWarning: The `punycode` module is deprecated. Please use a userland alternative instead.
(Use `node --trace-deprecation ...` to show where the warning was created)
[2/4] Fetching packages...
[3/4] Linking dependencies...
warning " > @tailwindcss/forms@0.5.7" has unmet peer dependency "tailwindcss@>=3.0.0 || >= 3.0.0-alpha.1".
warning " > @tailwindcss/typography@0.5.10" has unmet peer dependency "tailwindcss@>=3.0.0 || insiders".
[4/4] Building fresh packages...
success Saved lockfile.
Done in 18.80s.
+ yarn list --depth=0 --json --non-interactive --no-progress
+ jq -cr '
        [.. | .name?]
        | map(select(.))
        | map(capture("^(?<name>@?[^@]+)@(?<version>.+)$"))
        | sort_by(.name)[]'
+ exitcode=0
+ set -e
+ [[ 0 != \0 ]]
++ jq -sr 'map(select(.name == "tailwindcss")) | first | .version'
+ tailwind_package_version=3.4.1
+ tailwind_config_exporter=tailwind.config.exporter2.cjs
+ '[' -f node_modules/tailwindcss/lib/lib/load-config.js ']'
+ tailwind_config_exporter=tailwind.config.exporter3.mjs
+ cp /twcr/worker/../worker/tailwind.config.exporter3.mjs ./
+ set +e
+ node ./tailwind.config.exporter3.mjs tailwind.config.js
+ exitcode=0
+ set -e
+ [[ 0 != \0 ]]
+ echo 'module.exports={plugins:['
+ jq -rs '
        map(select(.name | startswith("@tailwindcss/")))
        | map("require(" + ( .name | tojson ) + "),")[]
      '
+ grep -Ev '"@tailwindcss/postcss7-compat"'
+ echo ']}'
+ cat tailwind.config.js
+ sed 's/^/>>> /'
>>> module.exports={plugins:[
>>> require("@tailwindcss/forms"),
>>> require("@tailwindcss/typography"),
>>> ]}
+ node ./tailwind.config.exporter3.mjs tailwind.config.js
++ date -u +%Y-%m-%dT%H:%M:%SZ
+ writetaskstat timestamp_attempt_squash_end 2024-03-04T06:55:02Z
+ jq -nc --arg key timestamp_attempt_squash_end --arg value 2024-03-04T06:55:02Z '{ key: $key, value: $value }'
+ break
++ date -u +%Y-%m-%dT%H:%M:%SZ
+ writetaskstat timestamp_end 2024-03-04T06:55:02Z
+ jq -nc --arg key timestamp_end --arg value 2024-03-04T06:55:02Z '{ key: $key, value: $value }'
+ rm /twcr/mnt/results/extract-failed
+ touch /twcr/mnt/results/extract-completed
