==== RUN-DOCKER
+++ dirname -- ./worker/run.sh
++ cd -- ./worker
++ pwd
+ twcrdir=/twcr/worker/..
+ repo=github.com/aitu-dk/webpage
+ reporef=main
+ repopath=./
+ '[' true == true ']'
+ grep -q '^././'
++ echo github.com/aitu-dk/webpage
++ sha256sum
++ awk '{ print $1 }'
++ cut -c1-12
+ procdir=/tmp/twcr-a7f178bf13ef
++ echo 'github.com/aitu-dk/webpage;main;./'
++ sha256sum
++ awk '{ print $1 }'
++ cut -c1-12
+ datadir=/twcr/worker/../mnt/dataset/data/6863b9dd5631
+ '[' '!' -z /twcr/mnt/results ']'
+ datadir=/twcr/mnt/results
+ touch /twcr/mnt/results/extract-failed
++ base64
++ tr -d =
++ tr /+ _-
++ base64
++ tr -d =
++ tr /+ _-
+ writetaskstat analysis_key github.com/aitu-dk/webpage/bWFpbgo/Li8K
+ jq -nc --arg key analysis_key --arg value github.com/aitu-dk/webpage/bWFpbgo/Li8K '{ key: $key, value: $value }'
++ date -u +%Y%m%d%H%M%S
++ sha256sum
++ awk '{ print $1 }'
++ cut -c1-16
++ head -c 32 /dev/urandom
+ writetaskstat analysis_nonce d51a26c046f42817
+ jq -nc --arg key analysis_nonce --arg value d51a26c046f42817 '{ key: $key, value: $value }'
+ writetaskstat input_repo_name github.com/aitu-dk/webpage
+ jq -nc --arg key input_repo_name --arg value github.com/aitu-dk/webpage '{ key: $key, value: $value }'
+ writetaskstat input_repo_ref main
+ jq -nc --arg key input_repo_ref --arg value main '{ key: $key, value: $value }'
+ writetaskstat input_repo_path ./
+ jq -nc --arg key input_repo_path --arg value ./ '{ key: $key, value: $value }'
++ date -u +%Y-%m-%dT%H:%M:%SZ
+ writetaskstat timestamp_begin 2024-03-05T12:56:20Z
+ jq -nc --arg key timestamp_begin --arg value 2024-03-05T12:56:20Z '{ key: $key, value: $value }'
+ mkdir -p /tmp/twcr-a7f178bf13ef
+ pushd /tmp/twcr-a7f178bf13ef
+ '[' -d .git ']'
+ git clone --depth=1 -b main https://github.com/aitu-dk/webpage.git .
/tmp/twcr-a7f178bf13ef /twcr
Cloning into '.'...
++ date -u +%Y-%m-%dT%H:%M:%SZ
+ writetaskstat timestamp_git_clone_complete 2024-03-05T12:56:23Z
+ jq -nc --arg key timestamp_git_clone_complete --arg value 2024-03-05T12:56:23Z '{ key: $key, value: $value }'
++ git rev-parse HEAD
+ writetaskstat exec_repo_commit_sha 40274e8fa0b165ee594248db6883cff1af2e5980
+ jq -nc --arg key exec_repo_commit_sha --arg value 40274e8fa0b165ee594248db6883cff1af2e5980 '{ key: $key, value: $value }'
+++ git show --no-patch --format=%ci
++ date -u --date '2023-08-31 08:32:14 +0200' +%Y-%m-%dT%H:%M:%SZ
+ writetaskstat exec_repo_commit_date 2023-08-31T06:32:14Z
+ jq -nc --arg key exec_repo_commit_date --arg value 2023-08-31T06:32:14Z '{ key: $key, value: $value }'
+ '[' -z ./ ']'
+ pushd ./
+ tailwind_config_file_name=
+ '[' -f tailwind.config.js ']'
+ '[' -f tailwind.config.cjs ']'
+ tailwind_config_file_name=tailwind.config.cjs
+ writetaskstat exec_tailwind_config_file tailwind.config.cjs
+ jq -nc --arg key exec_tailwind_config_file --arg value tailwind.config.cjs '{ key: $key, value: $value }'
/tmp/twcr-a7f178bf13ef /tmp/twcr-a7f178bf13ef /twcr
+ cp tailwind.config.cjs /twcr/mnt/results/extract-raw-tailwind-config.js
+ '[' '!' -f package.json ']'
+ cp package.json /twcr/mnt/results/extract-raw-package.json
++ /twcr/worker/../worker/pm-detect.sh /tmp/twcr-a7f178bf13ef
+ package_manager_name=yarn
+ '[' -z yarn ']'
+ '[' -z yarn ']'
+ writetaskstat exec_node_package_manager yarn
+ jq -nc --arg key exec_node_package_manager --arg value yarn '{ key: $key, value: $value }'
+ attempt_mode=squash
+ true
++ date -u +%Y-%m-%dT%H:%M:%SZ
+ writetaskstat timestamp_attempt_squash_begin 2024-03-05T12:56:23Z
+ jq -nc --arg key timestamp_attempt_squash_begin --arg value 2024-03-05T12:56:23Z '{ key: $key, value: $value }'
+ [[ squash == \s\q\u\a\s\h ]]
+ set +e
+ node /twcr/worker/../worker/squash-package.mjs tailwind.config.cjs
+ exitcode=0
+ set -e
+ [[ 0 != \0 ]]
+ cat package.json
+ sed 's/^/>>> /'
+ rm -f package-lock.json pnpm-lock.yaml yarn.lock
>>> {
>>>   "name": "AITU",
>>>   "type": "module",
>>>   "version": "0.0.1",
>>>   "private": true,
>>>   "dependencies": {
>>>     "@astrojs/tailwind": "^2.1.3",
>>>     "@tailwindcss/line-clamp": "^0.4.2",
>>>     "tailwindcss": "^3.0.24"
>>>   },
>>>   "devDependencies": {},
>>>   "config": {
>>>     "commitizen": {
>>>       "path": "./node_modules/cz-conventional-changelog"
>>>     }
>>>   }
>>> }+ '[' ./ '!=' ./ ']'
+ set +e
+ /twcr/worker/../worker/pm-install.sh yarn /tmp/twcr-a7f178bf13ef /twcr/mnt/results
+ package_manager_name=yarn
+ procdir=/tmp/twcr-a7f178bf13ef
+ datadir=/twcr/mnt/results
+ case "${package_manager_name}" in
+ '[' -z http://tid_9e80406637b2:ok@172.18.0.2:3128 ']'
+ yarn config set httpProxy http://tid_9e80406637b2:ok@172.18.0.2:3128
yarn config v1.22.19
success Set "httpProxy" to "http://tid_9e80406637b2:ok@172.18.0.2:3128".
Done in 0.04s.
+ '[' -z http://tid_9e80406637b2:ok@172.18.0.2:3128 ']'
+ yarn config set httpsProxy http://tid_9e80406637b2:ok@172.18.0.2:3128
yarn config v1.22.19
success Set "httpsProxy" to "http://tid_9e80406637b2:ok@172.18.0.2:3128".
Done in 0.04s.
+ yarn install
yarn install v1.22.19
info No lockfile found.
[1/4] Resolving packages...
(node:131) [DEP0040] DeprecationWarning: The `punycode` module is deprecated. Please use a userland alternative instead.
(Use `node --trace-deprecation ...` to show where the warning was created)
[2/4] Fetching packages...
[3/4] Linking dependencies...
[4/4] Building fresh packages...
success Saved lockfile.
Done in 7.86s.
+ yarn list --depth=0 --json --non-interactive --no-progress
+ jq -cr '
        [.. | .name?]
        | map(select(.))
        | map(capture("^(?<name>@?[^@]+)@(?<version>.+)$"))
        | sort_by(.name)[]'
+ exitcode=0
+ set -e
+ [[ 0 != \0 ]]
++ jq -sr 'map(select(.name == "tailwindcss")) | first | .version'
+ tailwind_package_version=3.4.1
+ tailwind_config_exporter=tailwind.config.exporter2.cjs
+ '[' -f node_modules/tailwindcss/lib/lib/load-config.js ']'
+ tailwind_config_exporter=tailwind.config.exporter3.mjs
+ cp /twcr/worker/../worker/tailwind.config.exporter3.mjs ./
+ set +e
+ node ./tailwind.config.exporter3.mjs tailwind.config.cjs
+ exitcode=0
+ set -e
+ [[ 0 != \0 ]]
+ echo 'module.exports={plugins:['
+ jq -rs '
        map(select(.name | startswith("@tailwindcss/")))
        | map("require(" + ( .name | tojson ) + "),")[]
      '
+ grep -Ev '"@tailwindcss/postcss7-compat"'
+ echo ']}'
+ cat tailwind.config.cjs
+ sed 's/^/>>> /'
>>> module.exports={plugins:[
>>> require("@tailwindcss/line-clamp"),
>>> ]}
+ node ./tailwind.config.exporter3.mjs tailwind.config.cjs
++ date -u +%Y-%m-%dT%H:%M:%SZ
+ writetaskstat timestamp_attempt_squash_end 2024-03-05T12:56:32Z
+ jq -nc --arg key timestamp_attempt_squash_end --arg value 2024-03-05T12:56:32Z '{ key: $key, value: $value }'
+ break
++ date -u +%Y-%m-%dT%H:%M:%SZ
+ writetaskstat timestamp_end 2024-03-05T12:56:32Z
+ jq -nc --arg key timestamp_end --arg value 2024-03-05T12:56:32Z '{ key: $key, value: $value }'
+ rm /twcr/mnt/results/extract-failed
+ touch /twcr/mnt/results/extract-completed
