==== RUN-DOCKER
+++ dirname -- ./worker/run.sh
++ cd -- ./worker
++ pwd
+ twcrdir=/twcr/worker/..
+ repo=github.com/gitsindonesia/ui-component
+ reporef=main
+ repopath=./starter/kitchen-sink
+ '[' true == true ']'
+ grep -q '^././'
++ echo github.com/gitsindonesia/ui-component
++ sha256sum
++ awk '{ print $1 }'
++ cut -c1-12
+ procdir=/tmp/twcr-88bc26222e11
++ echo 'github.com/gitsindonesia/ui-component;main;./starter/kitchen-sink'
++ sha256sum
++ awk '{ print $1 }'
++ cut -c1-12
+ datadir=/twcr/worker/../mnt/dataset/data/07160ae968f6
+ '[' '!' -z /twcr/mnt/results ']'
+ datadir=/twcr/mnt/results
+ touch /twcr/mnt/results/extract-failed
++ base64
++ tr -d =
++ tr /+ _-
++ base64
++ tr -d =
++ tr /+ _-
+ writetaskstat analysis_key github.com/gitsindonesia/ui-component/bWFpbgo/Li9zdGFydGVyL2tpdGNoZW4tc2luawo
+ jq -nc --arg key analysis_key --arg value github.com/gitsindonesia/ui-component/bWFpbgo/Li9zdGFydGVyL2tpdGNoZW4tc2luawo '{ key: $key, value: $value }'
++ date -u +%Y%m%d%H%M%S
++ sha256sum
++ awk '{ print $1 }'
++ cut -c1-16
++ head -c 32 /dev/urandom
+ writetaskstat analysis_nonce da48ee8fce4f0381
+ jq -nc --arg key analysis_nonce --arg value da48ee8fce4f0381 '{ key: $key, value: $value }'
+ writetaskstat input_repo_name github.com/gitsindonesia/ui-component
+ jq -nc --arg key input_repo_name --arg value github.com/gitsindonesia/ui-component '{ key: $key, value: $value }'
+ writetaskstat input_repo_ref main
+ jq -nc --arg key input_repo_ref --arg value main '{ key: $key, value: $value }'
+ writetaskstat input_repo_path ./starter/kitchen-sink
+ jq -nc --arg key input_repo_path --arg value ./starter/kitchen-sink '{ key: $key, value: $value }'
++ date -u +%Y-%m-%dT%H:%M:%SZ
+ writetaskstat timestamp_begin 2024-03-05T04:53:11Z
+ jq -nc --arg key timestamp_begin --arg value 2024-03-05T04:53:11Z '{ key: $key, value: $value }'
+ mkdir -p /tmp/twcr-88bc26222e11
/tmp/twcr-88bc26222e11 /twcr
+ pushd /tmp/twcr-88bc26222e11
+ '[' -d .git ']'
+ git clone --depth=1 -b main https://github.com/gitsindonesia/ui-component.git .
Cloning into '.'...
++ date -u +%Y-%m-%dT%H:%M:%SZ
+ writetaskstat timestamp_git_clone_complete 2024-03-05T04:53:13Z
+ jq -nc --arg key timestamp_git_clone_complete --arg value 2024-03-05T04:53:13Z '{ key: $key, value: $value }'
++ git rev-parse HEAD
+ writetaskstat exec_repo_commit_sha 19eecbd1d984891c45ffbaa989cd88106f657b51
+ jq -nc --arg key exec_repo_commit_sha --arg value 19eecbd1d984891c45ffbaa989cd88106f657b51 '{ key: $key, value: $value }'
+++ git show --no-patch --format=%ci
++ date -u --date '2024-01-16 16:41:20 +0700' +%Y-%m-%dT%H:%M:%SZ
+ writetaskstat exec_repo_commit_date 2024-01-16T09:41:20Z
+ jq -nc --arg key exec_repo_commit_date --arg value 2024-01-16T09:41:20Z '{ key: $key, value: $value }'
+ '[' -z ./starter/kitchen-sink ']'
+ pushd ./starter/kitchen-sink
+ tailwind_config_file_name=
+ '[' -f tailwind.config.js ']'
+ tailwind_config_file_name=tailwind.config.js
+ writetaskstat exec_tailwind_config_file tailwind.config.js
+ jq -nc --arg key exec_tailwind_config_file --arg value tailwind.config.js '{ key: $key, value: $value }'
/tmp/twcr-88bc26222e11/starter/kitchen-sink /tmp/twcr-88bc26222e11 /twcr
+ cp tailwind.config.js /twcr/mnt/results/extract-raw-tailwind-config.js
+ '[' '!' -f package.json ']'
+ cp package.json /twcr/mnt/results/extract-raw-package.json
++ /twcr/worker/../worker/pm-detect.sh /tmp/twcr-88bc26222e11/starter/kitchen-sink
+ package_manager_name=pnpm
+ '[' -z pnpm ']'
+ '[' -z pnpm ']'
+ writetaskstat exec_node_package_manager pnpm
+ jq -nc --arg key exec_node_package_manager --arg value pnpm '{ key: $key, value: $value }'
+ attempt_mode=squash
+ true
++ date -u +%Y-%m-%dT%H:%M:%SZ
+ writetaskstat timestamp_attempt_squash_begin 2024-03-05T04:53:13Z
+ jq -nc --arg key timestamp_attempt_squash_begin --arg value 2024-03-05T04:53:13Z '{ key: $key, value: $value }'
+ [[ squash == \s\q\u\a\s\h ]]
+ set +e
+ node /twcr/worker/../worker/squash-package.mjs tailwind.config.js
[squash-package] ERROR: failed to find any match for import path (@morpheme/tailwind-config/preset)
+ exitcode=1
+ set -e
+ [[ 1 != \0 ]]
+ echo '[worker] WARN: squash failed; retrying with full install'
[worker] WARN: squash failed; retrying with full install
+ attempt_mode=full
+ continue
+ true
++ date -u +%Y-%m-%dT%H:%M:%SZ
+ writetaskstat timestamp_attempt_full_begin 2024-03-05T04:53:13Z
+ jq -nc --arg key timestamp_attempt_full_begin --arg value 2024-03-05T04:53:13Z '{ key: $key, value: $value }'
+ [[ full == \s\q\u\a\s\h ]]
+ git clean -fdx
+ git reset --hard
HEAD is now at 19eecbd v1.0.0-rc.9
+ set +e
+ /twcr/worker/../worker/pm-install.sh pnpm /tmp/twcr-88bc26222e11 /twcr/mnt/results
+ package_manager_name=pnpm
+ procdir=/tmp/twcr-88bc26222e11
+ datadir=/twcr/mnt/results
+ case "${package_manager_name}" in
+ '[' '!' -f /tmp/twcr-88bc26222e11/package.json ']'
++ pnpm -v
+ sed -Ei 's/("pnpm": ")(.+)(")/\18.15.4\3/' /tmp/twcr-88bc26222e11/package.json
+ '[' '!' -f package.json ']'
++ pnpm -v
+ sed -Ei 's/("pnpm": ")(.+)(")/\18.15.4\3/' package.json
+ pnpm install
Lockfile is up to date, resolution step is skipped
Progress: resolved 1, reused 0, downloaded 0, added 0
Packages: +1113
++++++++++++++++++++++++++++++++++++++++++++++++++++++++++++++++++++++++++++++++
Progress: resolved 1113, reused 0, downloaded 23, added 22
Progress: resolved 1113, reused 0, downloaded 85, added 86
Progress: resolved 1113, reused 0, downloaded 135, added 136
Progress: resolved 1113, reused 0, downloaded 195, added 196
Progress: resolved 1113, reused 0, downloaded 256, added 257
Progress: resolved 1113, reused 0, downloaded 282, added 283
Progress: resolved 1113, reused 0, downloaded 321, added 320
Progress: resolved 1113, reused 0, downloaded 361, added 360
Progress: resolved 1113, reused 0, downloaded 412, added 413
Progress: resolved 1113, reused 0, downloaded 464, added 465
Progress: resolved 1113, reused 0, downloaded 512, added 513
Progress: resolved 1113, reused 0, downloaded 569, added 571
Progress: resolved 1113, reused 0, downloaded 631, added 633
Progress: resolved 1113, reused 0, downloaded 676, added 678
Progress: resolved 1113, reused 0, downloaded 733, added 735
Progress: resolved 1113, reused 0, downloaded 786, added 788
Progress: resolved 1113, reused 0, downloaded 844, added 846
Progress: resolved 1113, reused 0, downloaded 905, added 907
Progress: resolved 1113, reused 0, downloaded 958, added 959
Progress: resolved 1113, reused 0, downloaded 1013, added 1015
Progress: resolved 1113, reused 0, downloaded 1073, added 1075
Progress: resolved 1113, reused 0, downloaded 1109, added 1111
Progress: resolved 1113, reused 0, downloaded 1110, added 1112
Progress: resolved 1113, reused 0, downloaded 1111, added 1112
Progress: resolved 1113, reused 0, downloaded 1111, added 1113
Progress: resolved 1113, reused 0, downloaded 1111, added 1113, done
.../node_modules/vue-demi postinstall$ node ./scripts/postinstall.js
.../node_modules/vue-demi postinstall$ node ./scripts/postinstall.js
.../node_modules/vue-demi postinstall: Done
.../node_modules/vue-demi postinstall: Done
.../esbuild@0.18.17/node_modules/esbuild postinstall$ node install.js
.../esbuild@0.19.2/node_modules/esbuild postinstall$ node install.js
.../esbuild@0.17.19/node_modules/esbuild postinstall$ node install.js
.../esbuild@0.18.17/node_modules/esbuild postinstall: Done
.../esbuild@0.19.2/node_modules/esbuild postinstall: Done
.../esbuild@0.17.19/node_modules/esbuild postinstall: Done

dependencies:
+ @morpheme/design-tokens 1.0.0
+ @morpheme/nuxt 1.0.0-rc.6
+ apexcharts 3.37.3
+ vue3-apexcharts 1.4.4

devDependencies:
+ @nuxt/devtools 0.8.3
+ @nuxtjs/color-mode 3.3.0
+ @nuxtjs/tailwindcss 6.8.0
+ nuxt 3.7.1
+ sass 1.64.1


> @morpheme/kitchen-sink@0.0.0 postinstall /tmp/twcr-88bc26222e11/starter/kitchen-sink
> nuxt prepare

[nuxt:tailwindcss] ℹ Using default Tailwind CSS file
✔ Types generated in .nuxt
Done in 32.6s
+ pnpm ls --json
+ jq -cr '
        .[]
        | [.dependencies, .devDependencies, .optionalDependencies]
        | map(select(.))[]
        | to_entries
        | map({ name: .key, version: .value.version })
        | sort_by(.name)[]
      '
+ exitcode=0
+ set -e
+ [[ 0 != \0 ]]
++ jq -sr 'map(select(.name == "tailwindcss")) | first | .version'
+ tailwind_package_version=null
+ tailwind_config_exporter=tailwind.config.exporter2.cjs
+ '[' -f node_modules/tailwindcss/lib/lib/load-config.js ']'
+ tailwind_config_exporter=tailwind.config.exporter3.mjs
+ cp /twcr/worker/../worker/tailwind.config.exporter3.mjs ./
+ set +e
+ node ./tailwind.config.exporter3.mjs tailwind.config.js
+ exitcode=0
+ set -e
+ [[ 0 != \0 ]]
+ echo 'module.exports={plugins:['
+ jq -rs '
        map(select(.name | startswith("@tailwindcss/")))
        | map("require(" + ( .name | tojson ) + "),")[]
      '
+ grep -Ev '"@tailwindcss/postcss7-compat"'
+ true
+ echo ']}'
+ cat tailwind.config.js
+ sed 's/^/>>> /'
>>> module.exports={plugins:[
>>> ]}
+ node ./tailwind.config.exporter3.mjs tailwind.config.js
++ date -u +%Y-%m-%dT%H:%M:%SZ
+ writetaskstat timestamp_attempt_full_end 2024-03-05T04:53:48Z
+ jq -nc --arg key timestamp_attempt_full_end --arg value 2024-03-05T04:53:48Z '{ key: $key, value: $value }'
+ break
++ date -u +%Y-%m-%dT%H:%M:%SZ
+ writetaskstat timestamp_end 2024-03-05T04:53:48Z
+ jq -nc --arg key timestamp_end --arg value 2024-03-05T04:53:48Z '{ key: $key, value: $value }'
+ rm /twcr/mnt/results/extract-failed
+ touch /twcr/mnt/results/extract-completed
