==== RUN-DOCKER
+++ dirname -- ./worker/run.sh
++ cd -- ./worker
++ pwd
+ twcrdir=/twcr/worker/..
+ repo=github.com/saleor/storefront
+ reporef=main
+ repopath=./
+ '[' true == true ']'
+ grep -q '^././'
++ echo github.com/saleor/storefront
++ sha256sum
++ awk '{ print $1 }'
++ cut -c1-12
+ procdir=/tmp/twcr-2a8104562763
++ echo 'github.com/saleor/storefront;main;./'
++ sha256sum
++ awk '{ print $1 }'
++ cut -c1-12
+ datadir=/twcr/worker/../mnt/dataset/data/94784cfc4a43
+ '[' '!' -z /twcr/mnt/results ']'
+ datadir=/twcr/mnt/results
+ touch /twcr/mnt/results/extract-failed
++ base64
++ tr -d =
++ tr /+ _-
++ base64
++ tr -d =
++ tr /+ _-
+ writetaskstat analysis_key github.com/saleor/storefront/bWFpbgo/Li8K
+ jq -nc --arg key analysis_key --arg value github.com/saleor/storefront/bWFpbgo/Li8K '{ key: $key, value: $value }'
++ date -u +%Y%m%d%H%M%S
++ sha256sum
++ awk '{ print $1 }'
++ cut -c1-16
++ head -c 32 /dev/urandom
+ writetaskstat analysis_nonce 1cddd978ab93c665
+ jq -nc --arg key analysis_nonce --arg value 1cddd978ab93c665 '{ key: $key, value: $value }'
+ writetaskstat input_repo_name github.com/saleor/storefront
+ jq -nc --arg key input_repo_name --arg value github.com/saleor/storefront '{ key: $key, value: $value }'
+ writetaskstat input_repo_ref main
+ jq -nc --arg key input_repo_ref --arg value main '{ key: $key, value: $value }'
+ writetaskstat input_repo_path ./
+ jq -nc --arg key input_repo_path --arg value ./ '{ key: $key, value: $value }'
++ date -u +%Y-%m-%dT%H:%M:%SZ
+ writetaskstat timestamp_begin 2024-03-05T00:10:47Z
+ jq -nc --arg key timestamp_begin --arg value 2024-03-05T00:10:47Z '{ key: $key, value: $value }'
+ mkdir -p /tmp/twcr-2a8104562763
/tmp/twcr-2a8104562763 /twcr
+ pushd /tmp/twcr-2a8104562763
+ '[' -d .git ']'
+ git clone --depth=1 -b main https://github.com/saleor/storefront.git .
Cloning into '.'...
++ date -u +%Y-%m-%dT%H:%M:%SZ
+ writetaskstat timestamp_git_clone_complete 2024-03-05T00:10:48Z
+ jq -nc --arg key timestamp_git_clone_complete --arg value 2024-03-05T00:10:48Z '{ key: $key, value: $value }'
++ git rev-parse HEAD
+ writetaskstat exec_repo_commit_sha b5ce60693d9015a12d3001ea4a067a4fb037c14d
+ jq -nc --arg key exec_repo_commit_sha --arg value b5ce60693d9015a12d3001ea4a067a4fb037c14d '{ key: $key, value: $value }'
+++ git show --no-patch --format=%ci
++ date -u --date '2024-01-03 11:12:30 +0100' +%Y-%m-%dT%H:%M:%SZ
+ writetaskstat exec_repo_commit_date 2024-01-03T10:12:30Z
+ jq -nc --arg key exec_repo_commit_date --arg value 2024-01-03T10:12:30Z '{ key: $key, value: $value }'
/tmp/twcr-2a8104562763 /tmp/twcr-2a8104562763 /twcr
+ '[' -z ./ ']'
+ pushd ./
+ tailwind_config_file_name=
+ '[' -f tailwind.config.js ']'
+ '[' -f tailwind.config.cjs ']'
+ '[' -f tailwind.config.mjs ']'
+ '[' -f tailwind.config.ts ']'
+ tailwind_config_file_name=tailwind.config.ts
+ writetaskstat exec_tailwind_config_file tailwind.config.ts
+ jq -nc --arg key exec_tailwind_config_file --arg value tailwind.config.ts '{ key: $key, value: $value }'
+ cp tailwind.config.ts /twcr/mnt/results/extract-raw-tailwind-config.js
+ '[' '!' -f package.json ']'
+ cp package.json /twcr/mnt/results/extract-raw-package.json
++ /twcr/worker/../worker/pm-detect.sh /tmp/twcr-2a8104562763
+ package_manager_name=pnpm
+ '[' -z pnpm ']'
+ '[' -z pnpm ']'
+ writetaskstat exec_node_package_manager pnpm
+ jq -nc --arg key exec_node_package_manager --arg value pnpm '{ key: $key, value: $value }'
+ attempt_mode=squash
+ true
++ date -u +%Y-%m-%dT%H:%M:%SZ
+ writetaskstat timestamp_attempt_squash_begin 2024-03-05T00:10:48Z
+ jq -nc --arg key timestamp_attempt_squash_begin --arg value 2024-03-05T00:10:48Z '{ key: $key, value: $value }'
+ [[ squash == \s\q\u\a\s\h ]]
+ set +e
+ node /twcr/worker/../worker/squash-package.mjs tailwind.config.ts
+ exitcode=0
+ set -e
+ [[ 0 != \0 ]]
+ cat package.json
+ sed 's/^/>>> /'
>>> {
>>>   "name": "saleor-storefront",
>>>   "version": "0.1.0",
>>>   "private": true,
>>>   "type": "module",
>>>   "dependencies": {
>>>     "@tailwindcss/container-queries": "0.1.1"
>>>   },
>>>   "devDependencies": {
>>>     "@tailwindcss/forms": "0.5.7",
>>>     "@tailwindcss/typography": "0.5.10",
>>>     "tailwindcss": "3.4.0"
>>>   },
>>>   "resolutions": {
>>>     "graphql": "16.8.1"
>>>   },
>>>   "packageManager": "pnpm@8.9.0",
>>>   "engines": {
>>>     "pnpm": ">=8.9.0",
>>>     "node": ">=18"
>>>   }
>>> }+ rm -f package-lock.json pnpm-lock.yaml yarn.lock
+ '[' ./ '!=' ./ ']'
+ set +e
+ /twcr/worker/../worker/pm-install.sh pnpm /tmp/twcr-2a8104562763 /twcr/mnt/results
+ package_manager_name=pnpm
+ procdir=/tmp/twcr-2a8104562763
+ datadir=/twcr/mnt/results
+ case "${package_manager_name}" in
+ '[' '!' -f /tmp/twcr-2a8104562763/package.json ']'
++ pnpm -v
+ sed -Ei 's/("pnpm": ")(.+)(")/\18.15.4\3/' /tmp/twcr-2a8104562763/package.json
+ '[' '!' -f package.json ']'
++ pnpm -v
+ sed -Ei 's/("pnpm": ")(.+)(")/\18.15.4\3/' package.json
+ pnpm install
Progress: resolved 1, reused 0, downloaded 0, added 0
Progress: resolved 23, reused 0, downloaded 19, added 0
Progress: resolved 55, reused 0, downloaded 47, added 0
Progress: resolved 87, reused 0, downloaded 79, added 0
Packages: +113
++++++++++++++++++++++++++++++++++++++++++++++++++++++++++++++++++++++++++++++++
Progress: resolved 114, reused 0, downloaded 112, added 1
Progress: resolved 114, reused 0, downloaded 113, added 113, done

dependencies:
+ @tailwindcss/container-queries 0.1.1

devDependencies:
+ @tailwindcss/forms 0.5.7
+ @tailwindcss/typography 0.5.10
+ tailwindcss 3.4.0 (3.4.1 is available)

Done in 5.3s
+ pnpm ls --json
+ jq -cr '
        .[]
        | [.dependencies, .devDependencies, .optionalDependencies]
        | map(select(.))[]
        | to_entries
        | map({ name: .key, version: .value.version })
        | sort_by(.name)[]
      '
+ exitcode=0
+ set -e
+ [[ 0 != \0 ]]
++ jq -sr 'map(select(.name == "tailwindcss")) | first | .version'
+ tailwind_package_version=3.4.0
+ tailwind_config_exporter=tailwind.config.exporter2.cjs
+ '[' -f node_modules/tailwindcss/lib/lib/load-config.js ']'
+ tailwind_config_exporter=tailwind.config.exporter3.mjs
+ cp /twcr/worker/../worker/tailwind.config.exporter3.mjs ./
+ set +e
+ node ./tailwind.config.exporter3.mjs tailwind.config.ts
+ exitcode=0
+ set -e
+ [[ 0 != \0 ]]
+ echo 'module.exports={plugins:['
+ jq -rs '
        map(select(.name | startswith("@tailwindcss/")))
        | map("require(" + ( .name | tojson ) + "),")[]
      '
+ grep -Ev '"@tailwindcss/postcss7-compat"'
+ echo ']}'
+ cat tailwind.config.ts
+ sed 's/^/>>> /'
>>> module.exports={plugins:[
>>> require("@tailwindcss/container-queries"),
>>> require("@tailwindcss/forms"),
>>> require("@tailwindcss/typography"),
>>> ]}
+ node ./tailwind.config.exporter3.mjs tailwind.config.ts
++ date -u +%Y-%m-%dT%H:%M:%SZ
+ writetaskstat timestamp_attempt_squash_end 2024-03-05T00:10:56Z
+ jq -nc --arg key timestamp_attempt_squash_end --arg value 2024-03-05T00:10:56Z '{ key: $key, value: $value }'
+ break
++ date -u +%Y-%m-%dT%H:%M:%SZ
+ writetaskstat timestamp_end 2024-03-05T00:10:56Z
+ jq -nc --arg key timestamp_end --arg value 2024-03-05T00:10:56Z '{ key: $key, value: $value }'
+ rm /twcr/mnt/results/extract-failed
+ touch /twcr/mnt/results/extract-completed
