==== RUN-DOCKER
+++ dirname -- ./worker/run.sh
++ cd -- ./worker
++ pwd
+ twcrdir=/twcr/worker/..
+ repo=github.com/yehezkielgunawan/yehezgun-v3
+ reporef=main
+ repopath=./
+ '[' true == true ']'
+ grep -q '^././'
++ echo github.com/yehezkielgunawan/yehezgun-v3
++ sha256sum
++ awk '{ print $1 }'
++ cut -c1-12
+ procdir=/tmp/twcr-e53381587a8b
++ echo 'github.com/yehezkielgunawan/yehezgun-v3;main;./'
++ sha256sum
++ awk '{ print $1 }'
++ cut -c1-12
+ datadir=/twcr/worker/../mnt/dataset/data/c45032763c6d
+ '[' '!' -z /twcr/mnt/results ']'
+ datadir=/twcr/mnt/results
+ touch /twcr/mnt/results/extract-failed
++ base64
++ tr -d =
++ tr /+ _-
++ base64
++ tr -d =
++ tr /+ _-
+ writetaskstat analysis_key github.com/yehezkielgunawan/yehezgun-v3/bWFpbgo/Li8K
+ jq -nc --arg key analysis_key --arg value github.com/yehezkielgunawan/yehezgun-v3/bWFpbgo/Li8K '{ key: $key, value: $value }'
++ date -u +%Y%m%d%H%M%S
++ sha256sum
++ awk '{ print $1 }'
++ cut -c1-16
++ head -c 32 /dev/urandom
+ writetaskstat analysis_nonce 1ddca0f8a1f171f6
+ jq -nc --arg key analysis_nonce --arg value 1ddca0f8a1f171f6 '{ key: $key, value: $value }'
+ writetaskstat input_repo_name github.com/yehezkielgunawan/yehezgun-v3
+ jq -nc --arg key input_repo_name --arg value github.com/yehezkielgunawan/yehezgun-v3 '{ key: $key, value: $value }'
+ writetaskstat input_repo_ref main
+ jq -nc --arg key input_repo_ref --arg value main '{ key: $key, value: $value }'
+ writetaskstat input_repo_path ./
+ jq -nc --arg key input_repo_path --arg value ./ '{ key: $key, value: $value }'
++ date -u +%Y-%m-%dT%H:%M:%SZ
+ writetaskstat timestamp_begin 2024-03-05T04:25:07Z
+ jq -nc --arg key timestamp_begin --arg value 2024-03-05T04:25:07Z '{ key: $key, value: $value }'
+ mkdir -p /tmp/twcr-e53381587a8b
+ pushd /tmp/twcr-e53381587a8b
+ '[' -d .git ']'
+ git clone --depth=1 -b main https://github.com/yehezkielgunawan/yehezgun-v3.git .
/tmp/twcr-e53381587a8b /twcr
Cloning into '.'...
++ date -u +%Y-%m-%dT%H:%M:%SZ
+ writetaskstat timestamp_git_clone_complete 2024-03-05T04:25:08Z
+ jq -nc --arg key timestamp_git_clone_complete --arg value 2024-03-05T04:25:08Z '{ key: $key, value: $value }'
++ git rev-parse HEAD
+ writetaskstat exec_repo_commit_sha c7a476b05de5181905187f4396ea9531c68bbedf
+ jq -nc --arg key exec_repo_commit_sha --arg value c7a476b05de5181905187f4396ea9531c68bbedf '{ key: $key, value: $value }'
+++ git show --no-patch --format=%ci
++ date -u --date '2024-01-18 10:57:22 +0700' +%Y-%m-%dT%H:%M:%SZ
+ writetaskstat exec_repo_commit_date 2024-01-18T03:57:22Z
+ jq -nc --arg key exec_repo_commit_date --arg value 2024-01-18T03:57:22Z '{ key: $key, value: $value }'
/tmp/twcr-e53381587a8b /tmp/twcr-e53381587a8b /twcr
+ '[' -z ./ ']'
+ pushd ./
+ tailwind_config_file_name=
+ '[' -f tailwind.config.js ']'
+ tailwind_config_file_name=tailwind.config.js
+ writetaskstat exec_tailwind_config_file tailwind.config.js
+ jq -nc --arg key exec_tailwind_config_file --arg value tailwind.config.js '{ key: $key, value: $value }'
+ cp tailwind.config.js /twcr/mnt/results/extract-raw-tailwind-config.js
+ '[' '!' -f package.json ']'
+ cp package.json /twcr/mnt/results/extract-raw-package.json
++ /twcr/worker/../worker/pm-detect.sh /tmp/twcr-e53381587a8b
+ package_manager_name=yarn
+ '[' -z yarn ']'
+ '[' -z yarn ']'
+ writetaskstat exec_node_package_manager yarn
+ jq -nc --arg key exec_node_package_manager --arg value yarn '{ key: $key, value: $value }'
+ attempt_mode=squash
+ true
++ date -u +%Y-%m-%dT%H:%M:%SZ
+ writetaskstat timestamp_attempt_squash_begin 2024-03-05T04:25:09Z
+ jq -nc --arg key timestamp_attempt_squash_begin --arg value 2024-03-05T04:25:09Z '{ key: $key, value: $value }'
+ [[ squash == \s\q\u\a\s\h ]]
+ set +e
+ node /twcr/worker/../worker/squash-package.mjs tailwind.config.js
+ exitcode=0
+ set -e
+ [[ 0 != \0 ]]
+ cat package.json
+ sed 's/^/>>> /'
>>> {
>>>   "name": "yehezgun-v3",
>>>   "private": true,
>>>   "version": "0.2.2",
>>>   "engines": {
>>>     "node": "^14.18.0 || >=16.0.0"
>>>   },
>>>   "dependencies": {
>>>     "@tailwindcss/forms": "^0.4.1"
>>>   },
>>>   "devDependencies": {
>>>     "tailwindcss": "^3.3.2"
>>>   },
>>>   "resolutions": {
>>>     "autoprefixer": "10.4.14"
>>>   },
>>>   "lint-staged": {
>>>     "*.{js,jsx,ts,tsx}": [
>>>       "eslint --fix --max-warnings=0",
>>>       "prettier --write"
>>>     ],
>>>     "*.{json,css,scss,md}": [
>>>       "prettier --write"
>>>     ]
>>>   }
>>> }+ rm -f package-lock.json pnpm-lock.yaml yarn.lock
+ '[' ./ '!=' ./ ']'
+ set +e
+ /twcr/worker/../worker/pm-install.sh yarn /tmp/twcr-e53381587a8b /twcr/mnt/results
+ package_manager_name=yarn
+ procdir=/tmp/twcr-e53381587a8b
+ datadir=/twcr/mnt/results
+ case "${package_manager_name}" in
+ '[' -z http://tid_b644528b196b:ok@172.18.0.2:3128 ']'
+ yarn config set httpProxy http://tid_b644528b196b:ok@172.18.0.2:3128
yarn config v1.22.19
success Set "httpProxy" to "http://tid_b644528b196b:ok@172.18.0.2:3128".
Done in 0.04s.
+ '[' -z http://tid_b644528b196b:ok@172.18.0.2:3128 ']'
+ yarn config set httpsProxy http://tid_b644528b196b:ok@172.18.0.2:3128
yarn config v1.22.19
success Set "httpsProxy" to "http://tid_b644528b196b:ok@172.18.0.2:3128".
Done in 0.04s.
+ yarn install
yarn install v1.22.19
info No lockfile found.
[1/5] Validating package.json...
[2/5] Resolving packages...
(node:131) [DEP0040] DeprecationWarning: The `punycode` module is deprecated. Please use a userland alternative instead.
(Use `node --trace-deprecation ...` to show where the warning was created)
[3/5] Fetching packages...
[4/5] Linking dependencies...
warning " > autoprefixer@10.4.14" has unmet peer dependency "postcss@^8.1.0".
[5/5] Building fresh packages...
success Saved lockfile.
Done in 8.50s.
+ yarn list --depth=0 --json --non-interactive --no-progress
+ jq -cr '
        [.. | .name?]
        | map(select(.))
        | map(capture("^(?<name>@?[^@]+)@(?<version>.+)$"))
        | sort_by(.name)[]'
+ exitcode=0
+ set -e
+ [[ 0 != \0 ]]
++ jq -sr 'map(select(.name == "tailwindcss")) | first | .version'
+ tailwind_package_version=3.4.1
+ tailwind_config_exporter=tailwind.config.exporter2.cjs
+ '[' -f node_modules/tailwindcss/lib/lib/load-config.js ']'
+ tailwind_config_exporter=tailwind.config.exporter3.mjs
+ cp /twcr/worker/../worker/tailwind.config.exporter3.mjs ./
+ set +e
+ node ./tailwind.config.exporter3.mjs tailwind.config.js
+ exitcode=0
+ set -e
+ [[ 0 != \0 ]]
+ echo 'module.exports={plugins:['
+ jq -rs '
        map(select(.name | startswith("@tailwindcss/")))
        | map("require(" + ( .name | tojson ) + "),")[]
      '
+ grep -Ev '"@tailwindcss/postcss7-compat"'
+ echo ']}'
+ cat tailwind.config.js
+ sed 's/^/>>> /'
>>> module.exports={plugins:[
>>> require("@tailwindcss/forms"),
>>> ]}
+ node ./tailwind.config.exporter3.mjs tailwind.config.js
++ date -u +%Y-%m-%dT%H:%M:%SZ
+ writetaskstat timestamp_attempt_squash_end 2024-03-05T04:25:19Z
+ jq -nc --arg key timestamp_attempt_squash_end --arg value 2024-03-05T04:25:19Z '{ key: $key, value: $value }'
+ break
++ date -u +%Y-%m-%dT%H:%M:%SZ
+ writetaskstat timestamp_end 2024-03-05T04:25:19Z
+ jq -nc --arg key timestamp_end --arg value 2024-03-05T04:25:19Z '{ key: $key, value: $value }'
+ rm /twcr/mnt/results/extract-failed
+ touch /twcr/mnt/results/extract-completed
