==== RUN-DOCKER
+++ dirname -- ./worker/run.sh
++ cd -- ./worker
++ pwd
+ twcrdir=/twcr/worker/..
+ repo=github.com/webiny/write-with-webiny
+ reporef=main
+ repopath=./tutorials/nuxt-photo-sharing-app
+ '[' true == true ']'
+ grep -q '^././'
++ echo github.com/webiny/write-with-webiny
++ sha256sum
++ awk '{ print $1 }'
++ cut -c1-12
+ procdir=/tmp/twcr-5cd3a3ccaa75
++ echo 'github.com/webiny/write-with-webiny;main;./tutorials/nuxt-photo-sharing-app'
++ sha256sum
++ awk '{ print $1 }'
++ cut -c1-12
+ datadir=/twcr/worker/../mnt/dataset/data/b3d614b21c11
+ '[' '!' -z /twcr/mnt/results ']'
+ datadir=/twcr/mnt/results
+ touch /twcr/mnt/results/extract-failed
++ base64
++ tr -d =
++ tr /+ _-
++ base64
++ tr -d =
++ tr /+ _-
+ writetaskstat analysis_key github.com/webiny/write-with-webiny/bWFpbgo/Li90dXRvcmlhbHMvbnV4dC1waG90by1zaGFyaW5nLWFwcAo
+ jq -nc --arg key analysis_key --arg value github.com/webiny/write-with-webiny/bWFpbgo/Li90dXRvcmlhbHMvbnV4dC1waG90by1zaGFyaW5nLWFwcAo '{ key: $key, value: $value }'
++ date -u +%Y%m%d%H%M%S
++ sha256sum
++ awk '{ print $1 }'
++ cut -c1-16
++ head -c 32 /dev/urandom
+ writetaskstat analysis_nonce 0ede9d8158c2b191
+ jq -nc --arg key analysis_nonce --arg value 0ede9d8158c2b191 '{ key: $key, value: $value }'
+ writetaskstat input_repo_name github.com/webiny/write-with-webiny
+ jq -nc --arg key input_repo_name --arg value github.com/webiny/write-with-webiny '{ key: $key, value: $value }'
+ writetaskstat input_repo_ref main
+ jq -nc --arg key input_repo_ref --arg value main '{ key: $key, value: $value }'
+ writetaskstat input_repo_path ./tutorials/nuxt-photo-sharing-app
+ jq -nc --arg key input_repo_path --arg value ./tutorials/nuxt-photo-sharing-app '{ key: $key, value: $value }'
++ date -u +%Y-%m-%dT%H:%M:%SZ
+ writetaskstat timestamp_begin 2024-03-05T06:10:56Z
+ jq -nc --arg key timestamp_begin --arg value 2024-03-05T06:10:56Z '{ key: $key, value: $value }'
+ mkdir -p /tmp/twcr-5cd3a3ccaa75
+ pushd /tmp/twcr-5cd3a3ccaa75
+ '[' -d .git ']'
+ git clone --depth=1 -b main https://github.com/webiny/write-with-webiny.git .
/tmp/twcr-5cd3a3ccaa75 /twcr
Cloning into '.'...
++ date -u +%Y-%m-%dT%H:%M:%SZ
+ writetaskstat timestamp_git_clone_complete 2024-03-05T06:10:58Z
+ jq -nc --arg key timestamp_git_clone_complete --arg value 2024-03-05T06:10:58Z '{ key: $key, value: $value }'
++ git rev-parse HEAD
+ writetaskstat exec_repo_commit_sha 3b57c3cbb3ad6576e3a8ac07ae8a1bc43c5c8f16
+ jq -nc --arg key exec_repo_commit_sha --arg value 3b57c3cbb3ad6576e3a8ac07ae8a1bc43c5c8f16 '{ key: $key, value: $value }'
+++ git show --no-patch --format=%ci
++ date -u --date '2024-02-09 15:09:46 +0530' +%Y-%m-%dT%H:%M:%SZ
+ writetaskstat exec_repo_commit_date 2024-02-09T09:39:46Z
+ jq -nc --arg key exec_repo_commit_date --arg value 2024-02-09T09:39:46Z '{ key: $key, value: $value }'
+ '[' -z ./tutorials/nuxt-photo-sharing-app ']'
+ pushd ./tutorials/nuxt-photo-sharing-app
+ tailwind_config_file_name=
+ '[' -f tailwind.config.js ']'
+ tailwind_config_file_name=tailwind.config.js
+ writetaskstat exec_tailwind_config_file tailwind.config.js
+ jq -nc --arg key exec_tailwind_config_file --arg value tailwind.config.js '{ key: $key, value: $value }'
/tmp/twcr-5cd3a3ccaa75/tutorials/nuxt-photo-sharing-app /tmp/twcr-5cd3a3ccaa75 /twcr
+ cp tailwind.config.js /twcr/mnt/results/extract-raw-tailwind-config.js
+ '[' '!' -f package.json ']'
+ cp package.json /twcr/mnt/results/extract-raw-package.json
++ /twcr/worker/../worker/pm-detect.sh /tmp/twcr-5cd3a3ccaa75/tutorials/nuxt-photo-sharing-app
+ package_manager_name=pnpm
+ '[' -z pnpm ']'
+ '[' -z pnpm ']'
+ writetaskstat exec_node_package_manager pnpm
+ jq -nc --arg key exec_node_package_manager --arg value pnpm '{ key: $key, value: $value }'
+ attempt_mode=squash
+ true
++ date -u +%Y-%m-%dT%H:%M:%SZ
+ writetaskstat timestamp_attempt_squash_begin 2024-03-05T06:10:58Z
+ jq -nc --arg key timestamp_attempt_squash_begin --arg value 2024-03-05T06:10:58Z '{ key: $key, value: $value }'
+ [[ squash == \s\q\u\a\s\h ]]
+ set +e
+ node /twcr/worker/../worker/squash-package.mjs tailwind.config.js
+ exitcode=0
+ set -e
+ [[ 0 != \0 ]]
+ cat package.json
+ sed 's/^/>>> /'
>>> {
>>>   "private": true,
>>>   "devDependencies": {},
>>>   "dependencies": {
>>>     "@tailwindcss/forms": "^0.5.3",
>>>     "tailwindcss": "^3.1.8"
>>>   }
>>> }+ rm -f package-lock.json pnpm-lock.yaml yarn.lock
+ '[' ./tutorials/nuxt-photo-sharing-app '!=' ./ ']'
+ rm -f /tmp/twcr-5cd3a3ccaa75/package.json /tmp/twcr-5cd3a3ccaa75/package-lock.json /tmp/twcr-5cd3a3ccaa75/pnpm-lock.yaml /tmp/twcr-5cd3a3ccaa75/yarn.lock
+ set +e
+ /twcr/worker/../worker/pm-install.sh pnpm /tmp/twcr-5cd3a3ccaa75 /twcr/mnt/results
+ package_manager_name=pnpm
+ procdir=/tmp/twcr-5cd3a3ccaa75
+ datadir=/twcr/mnt/results
+ case "${package_manager_name}" in
+ '[' '!' -f /tmp/twcr-5cd3a3ccaa75/package.json ']'
+ '[' '!' -f package.json ']'
++ pnpm -v
+ sed -Ei 's/("pnpm": ")(.+)(")/\18.15.4\3/' package.json
+ pnpm install
Progress: resolved 1, reused 0, downloaded 0, added 0
Progress: resolved 28, reused 0, downloaded 24, added 0
Progress: resolved 72, reused 0, downloaded 61, added 0
Progress: resolved 106, reused 0, downloaded 96, added 0
Packages: +107
++++++++++++++++++++++++++++++++++++++++++++++++++++++++++++++++++++++++++++++++
Progress: resolved 108, reused 0, downloaded 107, added 107, done

dependencies:
+ @tailwindcss/forms 0.5.7
+ tailwindcss 3.4.1

Done in 4.3s
+ pnpm ls --json
+ jq -cr '
        .[]
        | [.dependencies, .devDependencies, .optionalDependencies]
        | map(select(.))[]
        | to_entries
        | map({ name: .key, version: .value.version })
        | sort_by(.name)[]
      '
+ exitcode=0
+ set -e
+ [[ 0 != \0 ]]
++ jq -sr 'map(select(.name == "tailwindcss")) | first | .version'
+ tailwind_package_version=3.4.1
+ tailwind_config_exporter=tailwind.config.exporter2.cjs
+ '[' -f node_modules/tailwindcss/lib/lib/load-config.js ']'
+ tailwind_config_exporter=tailwind.config.exporter3.mjs
+ cp /twcr/worker/../worker/tailwind.config.exporter3.mjs ./
+ set +e
+ node ./tailwind.config.exporter3.mjs tailwind.config.js
+ exitcode=0
+ set -e
+ [[ 0 != \0 ]]
+ echo 'module.exports={plugins:['
+ jq -rs '
        map(select(.name | startswith("@tailwindcss/")))
        | map("require(" + ( .name | tojson ) + "),")[]
      '
+ grep -Ev '"@tailwindcss/postcss7-compat"'
+ echo ']}'
+ cat tailwind.config.js
+ sed 's/^/>>> /'
>>> module.exports={plugins:[
>>> require("@tailwindcss/forms"),
>>> ]}
+ node ./tailwind.config.exporter3.mjs tailwind.config.js
++ date -u +%Y-%m-%dT%H:%M:%SZ
+ writetaskstat timestamp_attempt_squash_end 2024-03-05T06:11:04Z
+ jq -nc --arg key timestamp_attempt_squash_end --arg value 2024-03-05T06:11:04Z '{ key: $key, value: $value }'
+ break
++ date -u +%Y-%m-%dT%H:%M:%SZ
+ writetaskstat timestamp_end 2024-03-05T06:11:04Z
+ jq -nc --arg key timestamp_end --arg value 2024-03-05T06:11:04Z '{ key: $key, value: $value }'
+ rm /twcr/mnt/results/extract-failed
+ touch /twcr/mnt/results/extract-completed
