==== RUN-DOCKER
+++ dirname -- ./worker/run.sh
++ cd -- ./worker
++ pwd
+ twcrdir=/twcr/worker/..
+ repo=github.com/Svelte-Sirens/svelte-sirens
+ reporef=main
+ repopath=./
+ '[' true == true ']'
+ grep -q '^././'
++ echo github.com/Svelte-Sirens/svelte-sirens
++ sha256sum
++ awk '{ print $1 }'
++ cut -c1-12
+ procdir=/tmp/twcr-0525869badb1
++ echo 'github.com/Svelte-Sirens/svelte-sirens;main;./'
++ sha256sum
++ awk '{ print $1 }'
++ cut -c1-12
+ datadir=/twcr/worker/../mnt/dataset/data/e4298b9adaff
+ '[' '!' -z /twcr/mnt/results ']'
+ datadir=/twcr/mnt/results
+ touch /twcr/mnt/results/extract-failed
++ base64
++ tr -d =
++ tr /+ _-
++ base64
++ tr -d =
++ tr /+ _-
+ writetaskstat analysis_key github.com/Svelte-Sirens/svelte-sirens/bWFpbgo/Li8K
+ jq -nc --arg key analysis_key --arg value github.com/Svelte-Sirens/svelte-sirens/bWFpbgo/Li8K '{ key: $key, value: $value }'
++ date -u +%Y%m%d%H%M%S
++ sha256sum
++ awk '{ print $1 }'
++ cut -c1-16
++ head -c 32 /dev/urandom
+ writetaskstat analysis_nonce 3e18bd3c064939aa
+ jq -nc --arg key analysis_nonce --arg value 3e18bd3c064939aa '{ key: $key, value: $value }'
+ writetaskstat input_repo_name github.com/Svelte-Sirens/svelte-sirens
+ jq -nc --arg key input_repo_name --arg value github.com/Svelte-Sirens/svelte-sirens '{ key: $key, value: $value }'
+ writetaskstat input_repo_ref main
+ jq -nc --arg key input_repo_ref --arg value main '{ key: $key, value: $value }'
+ writetaskstat input_repo_path ./
+ jq -nc --arg key input_repo_path --arg value ./ '{ key: $key, value: $value }'
++ date -u +%Y-%m-%dT%H:%M:%SZ
+ writetaskstat timestamp_begin 2024-03-05T06:07:08Z
+ jq -nc --arg key timestamp_begin --arg value 2024-03-05T06:07:08Z '{ key: $key, value: $value }'
+ mkdir -p /tmp/twcr-0525869badb1
/tmp/twcr-0525869badb1 /twcr
+ pushd /tmp/twcr-0525869badb1
+ '[' -d .git ']'
+ git clone --depth=1 -b main https://github.com/Svelte-Sirens/svelte-sirens.git .
Cloning into '.'...
++ date -u +%Y-%m-%dT%H:%M:%SZ
+ writetaskstat timestamp_git_clone_complete 2024-03-05T06:07:09Z
+ jq -nc --arg key timestamp_git_clone_complete --arg value 2024-03-05T06:07:09Z '{ key: $key, value: $value }'
++ git rev-parse HEAD
+ writetaskstat exec_repo_commit_sha f916f1216fea100d85a8d8e93dc52a4d3e15c970
+ jq -nc --arg key exec_repo_commit_sha --arg value f916f1216fea100d85a8d8e93dc52a4d3e15c970 '{ key: $key, value: $value }'
+++ git show --no-patch --format=%ci
++ date -u --date '2023-08-30 02:41:43 +0100' +%Y-%m-%dT%H:%M:%SZ
+ writetaskstat exec_repo_commit_date 2023-08-30T01:41:43Z
+ jq -nc --arg key exec_repo_commit_date --arg value 2023-08-30T01:41:43Z '{ key: $key, value: $value }'
+ '[' -z ./ ']'
+ pushd ./
+ tailwind_config_file_name=
+ '[' -f tailwind.config.js ']'
+ '[' -f tailwind.config.cjs ']'
+ '[' -f tailwind.config.mjs ']'
+ '[' -f tailwind.config.ts ']'
+ tailwind_config_file_name=tailwind.config.ts
+ writetaskstat exec_tailwind_config_file tailwind.config.ts
+ jq -nc --arg key exec_tailwind_config_file --arg value tailwind.config.ts '{ key: $key, value: $value }'
/tmp/twcr-0525869badb1 /tmp/twcr-0525869badb1 /twcr
+ cp tailwind.config.ts /twcr/mnt/results/extract-raw-tailwind-config.js
+ '[' '!' -f package.json ']'
+ cp package.json /twcr/mnt/results/extract-raw-package.json
++ /twcr/worker/../worker/pm-detect.sh /tmp/twcr-0525869badb1
+ package_manager_name=pnpm
+ '[' -z pnpm ']'
+ '[' -z pnpm ']'
+ writetaskstat exec_node_package_manager pnpm
+ jq -nc --arg key exec_node_package_manager --arg value pnpm '{ key: $key, value: $value }'
+ attempt_mode=squash
+ true
++ date -u +%Y-%m-%dT%H:%M:%SZ
+ writetaskstat timestamp_attempt_squash_begin 2024-03-05T06:07:09Z
+ jq -nc --arg key timestamp_attempt_squash_begin --arg value 2024-03-05T06:07:09Z '{ key: $key, value: $value }'
+ [[ squash == \s\q\u\a\s\h ]]
+ set +e
+ node /twcr/worker/../worker/squash-package.mjs tailwind.config.ts
+ exitcode=0
+ set -e
+ [[ 0 != \0 ]]
+ cat package.json
+ sed 's/^/>>> /'
>>> {
>>>   "name": "svelte-sirens",
>>>   "license": "GNU General Public License v3.0",
>>>   "private": true,
>>>   "version": "0.0.1",
>>>   "devDependencies": {
>>>     "@skeletonlabs/tw-plugin": "^0.1.0",
>>>     "@tailwindcss/forms": "^0.5.4",
>>>     "tailwindcss": "^3.3.3",
>>>     "tailwindcss-fluid-type": "^2.0.3"
>>>   },
>>>   "type": "module"
>>> }+ rm -f package-lock.json pnpm-lock.yaml yarn.lock
+ '[' ./ '!=' ./ ']'
+ set +e
+ /twcr/worker/../worker/pm-install.sh pnpm /tmp/twcr-0525869badb1 /twcr/mnt/results
+ package_manager_name=pnpm
+ procdir=/tmp/twcr-0525869badb1
+ datadir=/twcr/mnt/results
+ case "${package_manager_name}" in
+ '[' '!' -f /tmp/twcr-0525869badb1/package.json ']'
++ pnpm -v
+ sed -Ei 's/("pnpm": ")(.+)(")/\18.15.4\3/' /tmp/twcr-0525869badb1/package.json
+ '[' '!' -f package.json ']'
++ pnpm -v
+ sed -Ei 's/("pnpm": ")(.+)(")/\18.15.4\3/' package.json
+ pnpm install
Progress: resolved 1, reused 0, downloaded 0, added 0
Progress: resolved 20, reused 0, downloaded 4, added 0
Progress: resolved 53, reused 0, downloaded 42, added 0
Progress: resolved 91, reused 0, downloaded 81, added 0
Packages: +109
++++++++++++++++++++++++++++++++++++++++++++++++++++++++++++++++++++++++++++++++
Progress: resolved 110, reused 0, downloaded 109, added 109, done

devDependencies:
+ @skeletonlabs/tw-plugin 0.1.0 (0.3.1 is available)
+ @tailwindcss/forms 0.5.7
+ tailwindcss 3.4.1
+ tailwindcss-fluid-type 2.0.3

Done in 4.6s
+ pnpm ls --json
+ jq -cr '
        .[]
        | [.dependencies, .devDependencies, .optionalDependencies]
        | map(select(.))[]
        | to_entries
        | map({ name: .key, version: .value.version })
        | sort_by(.name)[]
      '
+ exitcode=0
+ set -e
+ [[ 0 != \0 ]]
++ jq -sr 'map(select(.name == "tailwindcss")) | first | .version'
+ tailwind_package_version=3.4.1
+ tailwind_config_exporter=tailwind.config.exporter2.cjs
+ '[' -f node_modules/tailwindcss/lib/lib/load-config.js ']'
+ tailwind_config_exporter=tailwind.config.exporter3.mjs
+ cp /twcr/worker/../worker/tailwind.config.exporter3.mjs ./
+ set +e
+ node ./tailwind.config.exporter3.mjs tailwind.config.ts
node:internal/modules/cjs/loader:1149
  const err = new Error(message);
              ^

Error: Cannot find module '@skeletonlabs/skeleton'
Require stack:
- /tmp/twcr-0525869badb1/tailwind.config.ts
    at Module._resolveFilename (node:internal/modules/cjs/loader:1149:15)
    at Function.resolve (node:internal/modules/helpers:187:19)
    at Function._resolve [as resolve] (/tmp/twcr-0525869badb1/node_modules/.pnpm/jiti@1.21.0/node_modules/jiti/dist/jiti.js:1:251148)
    at /tmp/twcr-0525869badb1/tailwind.config.ts:12:35
    at evalModule (/tmp/twcr-0525869badb1/node_modules/.pnpm/jiti@1.21.0/node_modules/jiti/dist/jiti.js:1:256443)
    at jiti (/tmp/twcr-0525869badb1/node_modules/.pnpm/jiti@1.21.0/node_modules/jiti/dist/jiti.js:1:254371)
    at /tmp/twcr-0525869badb1/node_modules/.pnpm/tailwindcss@3.4.1/node_modules/tailwindcss/lib/lib/load-config.js:48:30
    at Object.loadConfig (/tmp/twcr-0525869badb1/node_modules/.pnpm/tailwindcss@3.4.1/node_modules/tailwindcss/lib/lib/load-config.js:50:6)
    at file:///tmp/twcr-0525869badb1/tailwind.config.exporter3.mjs:5:28
    at ModuleJob.run (node:internal/modules/esm/module_job:218:25) {
  code: 'MODULE_NOT_FOUND',
  requireStack: [ '/tmp/twcr-0525869badb1/tailwind.config.ts' ]
}

Node.js v21.6.2
+ exitcode=1
+ set -e
+ [[ 1 != \0 ]]
+ [[ squash == \s\q\u\a\s\h ]]
+ echo '[worker] WARN: exporter failed; retrying with full install'
[worker] WARN: exporter failed; retrying with full install
+ attempt_mode=full
+ continue
+ true
++ date -u +%Y-%m-%dT%H:%M:%SZ
+ writetaskstat timestamp_attempt_full_begin 2024-03-05T06:07:16Z
+ jq -nc --arg key timestamp_attempt_full_begin --arg value 2024-03-05T06:07:16Z '{ key: $key, value: $value }'
+ [[ full == \s\q\u\a\s\h ]]
+ git clean -fdx
Removing node_modules/
Removing tailwind.config.exporter3.mjs
+ git reset --hard
HEAD is now at f916f12 Merge pull request #96 from Svelte-Sirens/skeleton-v2
+ set +e
+ /twcr/worker/../worker/pm-install.sh pnpm /tmp/twcr-0525869badb1 /twcr/mnt/results
+ package_manager_name=pnpm
+ procdir=/tmp/twcr-0525869badb1
+ datadir=/twcr/mnt/results
+ case "${package_manager_name}" in
+ '[' '!' -f /tmp/twcr-0525869badb1/package.json ']'
++ pnpm -v
+ sed -Ei 's/("pnpm": ")(.+)(")/\18.15.4\3/' /tmp/twcr-0525869badb1/package.json
+ '[' '!' -f package.json ']'
++ pnpm -v
+ sed -Ei 's/("pnpm": ")(.+)(")/\18.15.4\3/' package.json
+ pnpm install
Lockfile is up to date, resolution step is skipped
Progress: resolved 1, reused 0, downloaded 0, added 0
Packages: +476
++++++++++++++++++++++++++++++++++++++++++++++++++++++++++++++++++++++++++++++++
Progress: resolved 476, reused 70, downloaded 44, added 114
Progress: resolved 476, reused 70, downloaded 105, added 175
Progress: resolved 476, reused 70, downloaded 176, added 246
Progress: resolved 476, reused 70, downloaded 229, added 299
Progress: resolved 476, reused 70, downloaded 295, added 364
Progress: resolved 476, reused 70, downloaded 353, added 423
Progress: resolved 476, reused 70, downloaded 405, added 475
Progress: resolved 476, reused 70, downloaded 406, added 476, done
.../node_modules/puppeteer postinstall$ node install.js
.../node_modules/svelte-preprocess postinstall$ echo "[svelte-preprocess] Don't forget to install the preprocessors packages that will be used: sass, stylus, less, postcss & postcss-load-config, coffeescript, pug, etc..."
.../node_modules/svelte-preprocess postinstall: [svelte-preprocess] Don't forget to install the preprocessors packages that will be used: sass, stylus, less, postcss & postcss-load-config, coffeescript, pug, etc...
.../node_modules/svelte-preprocess postinstall: Done
.../node_modules/puppeteer postinstall: **INFO** Skipping browser download. "PUPPETEER_SKIP_DOWNLOAD" environment variable was found.
.../node_modules/puppeteer postinstall: Done
.../esbuild@0.18.20/node_modules/esbuild postinstall$ node install.js
.../esbuild@0.18.20/node_modules/esbuild postinstall: Done
.../node_modules/@sveltejs/kit postinstall$ node postinstall.js
.../node_modules/@sveltejs/kit postinstall: Done

devDependencies:
+ @netlify/plugin-lighthouse 5.0.0
+ @skeletonlabs/skeleton 2.0.0
+ @skeletonlabs/tw-plugin 0.1.0
+ @sveltejs/adapter-netlify 2.0.8
+ @sveltejs/kit 1.22.6
+ @tailwindcss/forms 0.5.4
+ @types/js-cookie 3.0.3
+ autoprefixer 10.4.15
+ cssnano 6.0.1
+ eslint 8.47.0
+ eslint-config-prettier 8.10.0
+ eslint-plugin-svelte 2.32.4
+ js-cookie 3.0.5
+ marked 7.0.3
+ postcss 8.4.28
+ postcss-load-config 4.0.1
+ prettier 2.8.8
+ prettier-plugin-svelte 2.10.1
+ svelte 4.2.0
+ svelte-local-storage-store 0.6.0
+ svelte-preprocess 5.0.4
+ tailwindcss 3.3.3
+ tailwindcss-fluid-type 2.0.3
+ typescript 5.1.6
+ vite 4.4.9
+ zod 3.22.1

Done in 9.3s
+ pnpm ls --json
+ jq -cr '
        .[]
        | [.dependencies, .devDependencies, .optionalDependencies]
        | map(select(.))[]
        | to_entries
        | map({ name: .key, version: .value.version })
        | sort_by(.name)[]
      '
+ exitcode=0
+ set -e
+ [[ 0 != \0 ]]
++ jq -sr 'map(select(.name == "tailwindcss")) | first | .version'
+ tailwind_package_version=3.3.3
+ tailwind_config_exporter=tailwind.config.exporter2.cjs
+ '[' -f node_modules/tailwindcss/lib/lib/load-config.js ']'
+ tailwind_config_exporter=tailwind.config.exporter3.mjs
+ cp /twcr/worker/../worker/tailwind.config.exporter3.mjs ./
+ set +e
+ node ./tailwind.config.exporter3.mjs tailwind.config.ts
+ exitcode=0
+ set -e
+ [[ 0 != \0 ]]
+ echo 'module.exports={plugins:['
+ jq -rs '
        map(select(.name | startswith("@tailwindcss/")))
        | map("require(" + ( .name | tojson ) + "),")[]
      '
+ grep -Ev '"@tailwindcss/postcss7-compat"'
+ echo ']}'
+ cat tailwind.config.ts
+ sed 's/^/>>> /'
>>> module.exports={plugins:[
>>> require("@tailwindcss/forms"),
>>> ]}
+ node ./tailwind.config.exporter3.mjs tailwind.config.ts
++ date -u +%Y-%m-%dT%H:%M:%SZ
+ writetaskstat timestamp_attempt_full_end 2024-03-05T06:07:27Z
+ jq -nc --arg key timestamp_attempt_full_end --arg value 2024-03-05T06:07:27Z '{ key: $key, value: $value }'
+ break
++ date -u +%Y-%m-%dT%H:%M:%SZ
+ writetaskstat timestamp_end 2024-03-05T06:07:27Z
+ jq -nc --arg key timestamp_end --arg value 2024-03-05T06:07:27Z '{ key: $key, value: $value }'
+ rm /twcr/mnt/results/extract-failed
+ touch /twcr/mnt/results/extract-completed
