==== RUN-DOCKER
+++ dirname -- ./worker/run.sh
++ cd -- ./worker
++ pwd
+ twcrdir=/twcr/worker/..
+ repo=github.com/ballerine-io/ballerine
+ reporef=dev
+ repopath=./packages/react-pdf-toolkit
+ '[' true == true ']'
+ grep -q '^././'
++ echo github.com/ballerine-io/ballerine
++ sha256sum
++ awk '{ print $1 }'
++ cut -c1-12
+ procdir=/tmp/twcr-e68aca823e53
++ echo 'github.com/ballerine-io/ballerine;dev;./packages/react-pdf-toolkit'
++ sha256sum
++ awk '{ print $1 }'
++ cut -c1-12
+ datadir=/twcr/worker/../mnt/dataset/data/31cfa63ac6c1
+ '[' '!' -z /twcr/mnt/results ']'
+ datadir=/twcr/mnt/results
+ touch /twcr/mnt/results/extract-failed
++ base64
++ tr -d =
++ tr /+ _-
++ base64
++ tr -d =
++ tr /+ _-
+ writetaskstat analysis_key github.com/ballerine-io/ballerine/ZGV2Cg/Li9wYWNrYWdlcy9yZWFjdC1wZGYtdG9vbGtpdAo
+ jq -nc --arg key analysis_key --arg value github.com/ballerine-io/ballerine/ZGV2Cg/Li9wYWNrYWdlcy9yZWFjdC1wZGYtdG9vbGtpdAo '{ key: $key, value: $value }'
++ date -u +%Y%m%d%H%M%S
++ sha256sum
++ awk '{ print $1 }'
++ cut -c1-16
++ head -c 32 /dev/urandom
+ writetaskstat analysis_nonce 4c992ff601f556bc
+ jq -nc --arg key analysis_nonce --arg value 4c992ff601f556bc '{ key: $key, value: $value }'
+ writetaskstat input_repo_name github.com/ballerine-io/ballerine
+ jq -nc --arg key input_repo_name --arg value github.com/ballerine-io/ballerine '{ key: $key, value: $value }'
+ writetaskstat input_repo_ref dev
+ jq -nc --arg key input_repo_ref --arg value dev '{ key: $key, value: $value }'
+ writetaskstat input_repo_path ./packages/react-pdf-toolkit
+ jq -nc --arg key input_repo_path --arg value ./packages/react-pdf-toolkit '{ key: $key, value: $value }'
++ date -u +%Y-%m-%dT%H:%M:%SZ
+ writetaskstat timestamp_begin 2024-03-04T02:36:15Z
+ jq -nc --arg key timestamp_begin --arg value 2024-03-04T02:36:15Z '{ key: $key, value: $value }'
+ mkdir -p /tmp/twcr-e68aca823e53
/tmp/twcr-e68aca823e53 /twcr
+ pushd /tmp/twcr-e68aca823e53
+ '[' -d .git ']'
+ git clone --depth=1 -b dev https://github.com/ballerine-io/ballerine.git .
Cloning into '.'...
++ date -u +%Y-%m-%dT%H:%M:%SZ
+ writetaskstat timestamp_git_clone_complete 2024-03-04T02:36:19Z
+ jq -nc --arg key timestamp_git_clone_complete --arg value 2024-03-04T02:36:19Z '{ key: $key, value: $value }'
++ git rev-parse HEAD
+ writetaskstat exec_repo_commit_sha 4187b9c8b91c10a52de84f5316ccec6b1d54165a
+ jq -nc --arg key exec_repo_commit_sha --arg value 4187b9c8b91c10a52de84f5316ccec6b1d54165a '{ key: $key, value: $value }'
+++ git show --no-patch --format=%ci
++ date -u --date '2024-02-29 15:07:50 +0200' +%Y-%m-%dT%H:%M:%SZ
+ writetaskstat exec_repo_commit_date 2024-02-29T13:07:50Z
+ jq -nc --arg key exec_repo_commit_date --arg value 2024-02-29T13:07:50Z '{ key: $key, value: $value }'
/tmp/twcr-e68aca823e53/packages/react-pdf-toolkit /tmp/twcr-e68aca823e53 /twcr
+ '[' -z ./packages/react-pdf-toolkit ']'
+ pushd ./packages/react-pdf-toolkit
+ tailwind_config_file_name=
+ '[' -f tailwind.config.js ']'
+ '[' -f tailwind.config.cjs ']'
+ tailwind_config_file_name=tailwind.config.cjs
+ writetaskstat exec_tailwind_config_file tailwind.config.cjs
+ jq -nc --arg key exec_tailwind_config_file --arg value tailwind.config.cjs '{ key: $key, value: $value }'
+ cp tailwind.config.cjs /twcr/mnt/results/extract-raw-tailwind-config.js
+ '[' '!' -f package.json ']'
+ cp package.json /twcr/mnt/results/extract-raw-package.json
++ /twcr/worker/../worker/pm-detect.sh /tmp/twcr-e68aca823e53/packages/react-pdf-toolkit
+ package_manager_name=
+ '[' -z '' ']'
+ '[' ./packages/react-pdf-toolkit '!=' ./ ']'
++ /twcr/worker/../worker/pm-detect.sh /tmp/twcr-e68aca823e53
+ package_manager_name=pnpm
+ '[' -z pnpm ']'
+ writetaskstat exec_node_package_manager pnpm
+ jq -nc --arg key exec_node_package_manager --arg value pnpm '{ key: $key, value: $value }'
+ attempt_mode=squash
+ true
++ date -u +%Y-%m-%dT%H:%M:%SZ
+ writetaskstat timestamp_attempt_squash_begin 2024-03-04T02:36:19Z
+ jq -nc --arg key timestamp_attempt_squash_begin --arg value 2024-03-04T02:36:19Z '{ key: $key, value: $value }'
+ [[ squash == \s\q\u\a\s\h ]]
+ set +e
+ node /twcr/worker/../worker/squash-package.mjs tailwind.config.cjs
[squash-package] ERROR: failed to find any match for import path (tailwindcss-animate)
+ exitcode=1
+ set -e
+ [[ 1 != \0 ]]
+ echo '[worker] WARN: squash failed; retrying with full install'
[worker] WARN: squash failed; retrying with full install
+ attempt_mode=full
+ continue
+ true
++ date -u +%Y-%m-%dT%H:%M:%SZ
+ writetaskstat timestamp_attempt_full_begin 2024-03-04T02:36:19Z
+ jq -nc --arg key timestamp_attempt_full_begin --arg value 2024-03-04T02:36:19Z '{ key: $key, value: $value }'
+ [[ full == \s\q\u\a\s\h ]]
+ git clean -fdx
+ git reset --hard
HEAD is now at 4187b9c updated common enums (#2140)
+ set +e
+ /twcr/worker/../worker/pm-install.sh pnpm /tmp/twcr-e68aca823e53 /twcr/mnt/results
+ package_manager_name=pnpm
+ procdir=/tmp/twcr-e68aca823e53
+ datadir=/twcr/mnt/results
+ case "${package_manager_name}" in
+ '[' '!' -f /tmp/twcr-e68aca823e53/package.json ']'
++ pnpm -v
+ sed -Ei 's/("pnpm": ")(.+)(")/\18.15.4\3/' /tmp/twcr-e68aca823e53/package.json
+ '[' '!' -f package.json ']'
++ pnpm -v
+ sed -Ei 's/("pnpm": ")(.+)(")/\18.15.4\3/' package.json
+ pnpm install
Scope: all 21 workspace projects
../..                                    | Progress: resolved 1, reused 0, downloaded 0, added 0
../..                                    |    +3233 ++++++++++++++++++++++++++++
../..                                    | Progress: resolved 3233, reused 1, downloaded 0, added 0
../..                                    | Progress: resolved 3233, reused 1, downloaded 48, added 50
../..                                    | Progress: resolved 3233, reused 1, downloaded 112, added 114
../..                                    | Progress: resolved 3233, reused 1, downloaded 176, added 179
../..                                    | Progress: resolved 3233, reused 1, downloaded 247, added 254
../..                                    | Progress: resolved 3233, reused 1, downloaded 299, added 315
../..                                    | Progress: resolved 3233, reused 1, downloaded 370, added 386
../..                                    | Progress: resolved 3233, reused 1, downloaded 428, added 446
../..                                    | Progress: resolved 3233, reused 1, downloaded 499, added 518
../..                                    | Progress: resolved 3233, reused 1, downloaded 559, added 582
../..                                    | Progress: resolved 3233, reused 1, downloaded 564, added 589
../..                                    | Progress: resolved 3233, reused 1, downloaded 569, added 593
../..                                    | Progress: resolved 3233, reused 1, downloaded 590, added 621
../..                                    | Progress: resolved 3233, reused 1, downloaded 614, added 646
../..                                    | Progress: resolved 3233, reused 1, downloaded 639, added 677
../..                                    | Progress: resolved 3233, reused 1, downloaded 651, added 689
../..                                    | Progress: resolved 3233, reused 1, downloaded 652, added 689
../..                                    | Progress: resolved 3233, reused 1, downloaded 666, added 701
../..                                    | Progress: resolved 3233, reused 1, downloaded 686, added 725
../..                                    | Progress: resolved 3233, reused 1, downloaded 688, added 727
../..                                    | Progress: resolved 3233, reused 1, downloaded 701, added 741
../..                                    | Progress: resolved 3233, reused 1, downloaded 730, added 771
../..                                    | Progress: resolved 3233, reused 1, downloaded 774, added 814
../..                                    | Progress: resolved 3233, reused 1, downloaded 809, added 850
../..                                    | Progress: resolved 3233, reused 1, downloaded 843, added 884
../..                                    | Progress: resolved 3233, reused 1, downloaded 867, added 908
../..                                    | Progress: resolved 3233, reused 1, downloaded 890, added 931
../..                                    | Progress: resolved 3233, reused 1, downloaded 920, added 963
../..                                    | Progress: resolved 3233, reused 1, downloaded 946, added 989
../..                                    | Progress: resolved 3233, reused 1, downloaded 970, added 1014
../..                                    | Progress: resolved 3233, reused 1, downloaded 999, added 1048
../..                                    | Progress: resolved 3233, reused 1, downloaded 1036, added 1102
../..                                    | Progress: resolved 3233, reused 1, downloaded 1078, added 1168
../..                                    | Progress: resolved 3233, reused 1, downloaded 1111, added 1201
../..                                    | Progress: resolved 3233, reused 1, downloaded 1154, added 1244
../..                                    | Progress: resolved 3233, reused 1, downloaded 1200, added 1289
../..                                    | Progress: resolved 3233, reused 1, downloaded 1255, added 1350
../..                                    | Progress: resolved 3233, reused 1, downloaded 1297, added 1394
../..                                    | Progress: resolved 3233, reused 1, downloaded 1341, added 1447
../..                                    | Progress: resolved 3233, reused 1, downloaded 1391, added 1499
../..                                    | Progress: resolved 3233, reused 1, downloaded 1443, added 1551
../..                                    | Progress: resolved 3233, reused 1, downloaded 1495, added 1603
../..                                    | Progress: resolved 3233, reused 1, downloaded 1544, added 1652
../..                                    | Progress: resolved 3233, reused 1, downloaded 1597, added 1708
../..                                    | Progress: resolved 3233, reused 1, downloaded 1636, added 1752
../..                                    | Progress: resolved 3233, reused 1, downloaded 1675, added 1791
../..                                    | Progress: resolved 3233, reused 1, downloaded 1710, added 1829
../..                                    | Progress: resolved 3233, reused 1, downloaded 1740, added 1859
../..                                    | Progress: resolved 3233, reused 1, downloaded 1773, added 1890
../..                                    | Progress: resolved 3233, reused 1, downloaded 1807, added 1927
../..                                    | Progress: resolved 3233, reused 1, downloaded 1833, added 1954
../..                                    | Progress: resolved 3233, reused 1, downloaded 1865, added 1985
../..                                    | Progress: resolved 3233, reused 1, downloaded 1889, added 2008
../..                                    | Progress: resolved 3233, reused 1, downloaded 1916, added 2036
../..                                    | Progress: resolved 3233, reused 1, downloaded 1956, added 2078
../..                                    | Progress: resolved 3233, reused 1, downloaded 2005, added 2127
../..                                    | Progress: resolved 3233, reused 1, downloaded 2058, added 2180
../..                                    | Progress: resolved 3233, reused 1, downloaded 2108, added 2229
../..                                    | Progress: resolved 3233, reused 1, downloaded 2151, added 2273
../..                                    | Progress: resolved 3233, reused 1, downloaded 2177, added 2299
../..                                    | Progress: resolved 3233, reused 1, downloaded 2199, added 2321
../..                                    | Progress: resolved 3233, reused 1, downloaded 2238, added 2360
../..                                    | Progress: resolved 3233, reused 1, downloaded 2285, added 2407
../..                                    | Progress: resolved 3233, reused 1, downloaded 2334, added 2456
../..                                    | Progress: resolved 3233, reused 1, downloaded 2363, added 2485
../..                                    | Progress: resolved 3233, reused 1, downloaded 2405, added 2527
../..                                    | Progress: resolved 3233, reused 1, downloaded 2449, added 2571
../..                                    | Progress: resolved 3233, reused 1, downloaded 2490, added 2612
../..                                    | Progress: resolved 3233, reused 1, downloaded 2528, added 2650
../..                                    | Progress: resolved 3233, reused 1, downloaded 2573, added 2695
../..                                    | Progress: resolved 3233, reused 1, downloaded 2617, added 2737
../..                                    | Progress: resolved 3233, reused 1, downloaded 2661, added 2783
../..                                    | Progress: resolved 3233, reused 1, downloaded 2708, added 2829
../..                                    | Progress: resolved 3233, reused 1, downloaded 2744, added 2865
../..                                    | Progress: resolved 3233, reused 1, downloaded 2788, added 2909
../..                                    | Progress: resolved 3233, reused 1, downloaded 2824, added 2946
../..                                    | Progress: resolved 3233, reused 1, downloaded 2853, added 2975
../..                                    | Progress: resolved 3233, reused 1, downloaded 2871, added 2992
../..                                    | Progress: resolved 3233, reused 1, downloaded 2897, added 3019
../..                                    | Progress: resolved 3233, reused 1, downloaded 2931, added 3055
../..                                    | Progress: resolved 3233, reused 1, downloaded 2963, added 3090
../..                                    | Progress: resolved 3233, reused 1, downloaded 2999, added 3129
../..                                    | Progress: resolved 3233, reused 1, downloaded 3033, added 3165
../..                                    | Progress: resolved 3233, reused 1, downloaded 3076, added 3208
../..                                    | Progress: resolved 3233, reused 1, downloaded 3097, added 3229
../..                                    | Progress: resolved 3233, reused 1, downloaded 3098, added 3230
../..                                    | Progress: resolved 3233, reused 1, downloaded 3100, added 3232
../..                                    | Progress: resolved 3233, reused 1, downloaded 3101, added 3232
../..                                    | Progress: resolved 3233, reused 1, downloaded 3101, added 3233, done
.../core-js@3.33.2/node_modules/core-js postinstall$ node -e "try{require('./postinstall')}catch(e){}"
.../node_modules/@parcel/watcher install$ node-gyp-build
.../node_modules/@sentry/cli install$ node ./scripts/install.js
.../node_modules/tesseract.js postinstall$ opencollective-postinstall || true
.../node_modules/svelte-preprocess postinstall$ echo "[svelte-preprocess] Don't forget to install the preprocessors packages that will be used: node-sass/sass, stylus, less, postcss & postcss-load-config, coffeescript, pug, etc..."
.../core-js@3.33.2/node_modules/core-js postinstall: Thank you for using core-js ( https://github.com/zloirock/core-js ) for polyfilling JavaScript standard library!
.../core-js@3.33.2/node_modules/core-js postinstall: The project needs your help! Please consider supporting core-js:
.../core-js@3.33.2/node_modules/core-js postinstall: > https://opencollective.com/core-js 
.../core-js@3.33.2/node_modules/core-js postinstall: > https://patreon.com/zloirock 
.../core-js@3.33.2/node_modules/core-js postinstall: > https://boosty.to/zloirock 
.../core-js@3.33.2/node_modules/core-js postinstall: > bitcoin: bc1qlea7544qtsmj2rayg0lthvza9fau63ux0fstcz 
.../core-js@3.33.2/node_modules/core-js postinstall: I highly recommend reading this: https://github.com/zloirock/core-js/blob/master/docs/2023-02-14-so-whats-next.md 
.../core-js@3.33.2/node_modules/core-js postinstall: Done
.../node_modules/svelte-preprocess postinstall: [svelte-preprocess] Don't forget to install the preprocessors packages that will be used: node-sass/sass, stylus, less, postcss & postcss-load-config, coffeescript, pug, etc...
.../node_modules/svelte-preprocess postinstall: Done
.../node_modules/tesseract.js postinstall: [96m[1mThank you for using tesseract.js![96m[1m
.../node_modules/tesseract.js postinstall: [0m[96mIf you rely on this package, please consider supporting our open collective:[22m[39m
.../node_modules/tesseract.js postinstall: > [94mhttps://opencollective.com/tesseractjs/donate[0m
.../node_modules/@nestjs/core postinstall$ opencollective || exit 0
.../node_modules/@sentry/cli install: [sentry-cli] Downloading from https://downloads.sentry-cdn.com/sentry-cli/2.21.5/sentry-cli-Linux-x86_64
.../node_modules/@sentry/cli install: [sentry-cli] Using proxy URL: http://tid_82ca9839a92f:ok@172.18.0.2:3128
.../node_modules/@sentry/cli install: (node:152) [DEP0040] DeprecationWarning: The `punycode` module is deprecated. Please use a userland alternative instead.
.../node_modules/@sentry/cli install: (Use `node --trace-deprecation ...` to show where the warning was created)
.../node_modules/tesseract.js postinstall: Done
.../node_modules/@parcel/watcher install: Done
.../es5-ext@0.10.62/node_modules/es5-ext postinstall$  node -e "try{require('./_postinstall')}catch(e){}" || exit 0
.../node_modules/@prisma/engines postinstall$ node scripts/postinstall.js
.../node_modules/@nestjs/core postinstall: (node:194) [DEP0040] DeprecationWarning: The `punycode` module is deprecated. Please use a userland alternative instead.
.../node_modules/@nestjs/core postinstall: (Use `node --trace-deprecation ...` to show where the warning was created)
.../es5-ext@0.10.62/node_modules/es5-ext postinstall: Done
.../node_modules/@prisma/engines postinstall: (node:209) [DEP0040] DeprecationWarning: The `punycode` module is deprecated. Please use a userland alternative instead.
.../node_modules/@prisma/engines postinstall: (Use `node --trace-deprecation ...` to show where the warning was created)
.../bcrypt@5.1.0/node_modules/bcrypt install$ node-pre-gyp install --fallback-to-build
.../sharp@0.32.6/node_modules/sharp install$ (node install/libvips && node install/dll-copy && prebuild-install) || (node install/can-compile && node-gyp rebuild && node install/dll-copy)
.../bcrypt@5.1.0/node_modules/bcrypt install: node-pre-gyp info it worked if it ends with ok
.../bcrypt@5.1.0/node_modules/bcrypt install: node-pre-gyp info using node-pre-gyp@1.0.11
.../bcrypt@5.1.0/node_modules/bcrypt install: node-pre-gyp info using node@21.6.2 | linux | x64
.../sharp@0.32.6/node_modules/sharp install: sharp: Downloading https://github.com/lovell/sharp-libvips/releases/download/v8.14.5/libvips-8.14.5-linux-x64.tar.br
.../sharp@0.32.6/node_modules/sharp install: sharp: Via proxy http://172.18.0.2:3128 with credentials
.../bcrypt@5.1.0/node_modules/bcrypt install: (node:245) [DEP0040] DeprecationWarning: The `punycode` module is deprecated. Please use a userland alternative instead.
.../bcrypt@5.1.0/node_modules/bcrypt install: (Use `node --trace-deprecation ...` to show where the warning was created)
.../bcrypt@5.1.0/node_modules/bcrypt install: node-pre-gyp info check checked for "/tmp/twcr-e68aca823e53/node_modules/.pnpm/bcrypt@5.1.0/node_modules/bcrypt/lib/binding/napi-v3/bcrypt_lib.node" (not found)
.../bcrypt@5.1.0/node_modules/bcrypt install: node-pre-gyp http GET https://github.com/kelektiv/node.bcrypt.js/releases/download/v5.1.0/bcrypt_lib-v5.1.0-napi-v3-linux-x64-glibc.tar.gz
.../bcrypt@5.1.0/node_modules/bcrypt install: node-pre-gyp http download proxy agent configured using: "http://tid_82ca9839a92f:ok@172.18.0.2:3128"
.../bcrypt@5.1.0/node_modules/bcrypt install: node-pre-gyp info install unpacking napi-v3/bcrypt_lib.node
.../bcrypt@5.1.0/node_modules/bcrypt install: node-pre-gyp info extracted file count: 1 
.../bcrypt@5.1.0/node_modules/bcrypt install: node-pre-gyp info ok 
.../bcrypt@5.1.0/node_modules/bcrypt install: [bcrypt] Success: "/tmp/twcr-e68aca823e53/node_modules/.pnpm/bcrypt@5.1.0/node_modules/bcrypt/lib/binding/napi-v3/bcrypt_lib.node" is installed via remote
.../bcrypt@5.1.0/node_modules/bcrypt install: Done
.../node_modules/@sentry/cli install: [sentry-cli] Checksum validation passed.
.../node_modules/@sentry/cli install: Done
.../sharp@0.32.6/node_modules/sharp install: sharp: Integrity check passed for linux-x64
.../node_modules/@prisma/engines postinstall: Done
.../sharp@0.32.6/node_modules/sharp install: Done
.../node_modules/@nestjs/core postinstall:                            Thanks for installing nest 
.../node_modules/@nestjs/core postinstall:                  Please consider donating to our open collective
.../node_modules/@nestjs/core postinstall:                         to help us maintain this package.
.../node_modules/@nestjs/core postinstall:                                          
.../node_modules/@nestjs/core postinstall:                                          
.../node_modules/@nestjs/core postinstall:              Become a partner: https://opencollective.com/nest/donate
.../node_modules/@nestjs/core postinstall:                                          
.../node_modules/@nestjs/core postinstall: Done
.../node_modules/@swc/core postinstall$ node postinstall.js
.../esbuild@0.18.20/node_modules/esbuild postinstall$ node install.js
.../esbuild@0.19.6/node_modules/esbuild postinstall$ node install.js
.../.pnpm/nx@15.0.2/node_modules/nx postinstall$ node ./bin/compute-project-graph
.../esbuild@0.16.17/node_modules/esbuild postinstall$ node install.js
.../node_modules/@swc/core postinstall: Done
.../esbuild@0.18.20/node_modules/esbuild postinstall: Done
.../esbuild@0.15.18/node_modules/esbuild postinstall$ node install.js
.../esbuild@0.19.6/node_modules/esbuild postinstall: Done
.../esbuild@0.16.17/node_modules/esbuild postinstall: Done
.../node_modules/cpu-features install$ node buildcheck.js > buildcheck.gypi && node-gyp rebuild
.../esbuild@0.15.18/node_modules/esbuild postinstall: Done
.../prisma@4.13.0/node_modules/prisma preinstall$ node scripts/preinstall-entry.js
.../prisma@4.13.0/node_modules/prisma preinstall: Done
.../node_modules/cpu-features install: gyp info it worked if it ends with ok
.../node_modules/cpu-features install: gyp info using node-gyp@9.4.1
.../node_modules/cpu-features install: gyp info using node@21.6.2 | linux | x64
.../node_modules/cpu-features install: gyp info find Python using Python version 3.11.2 found at "/usr/bin/python3"
.../.pnpm/nx@15.0.2/node_modules/nx postinstall:  >  NX   Daemon Server - Stopped
.../node_modules/cpu-features install: gyp http GET https://nodejs.org/download/release/v21.6.2/node-v21.6.2-headers.tar.gz
.../node_modules/cpu-features install: gyp http 200 https://nodejs.org/download/release/v21.6.2/node-v21.6.2-headers.tar.gz
.../.pnpm/nx@15.0.2/node_modules/nx postinstall: Done
.../node_modules/cpu-features install: gyp http GET https://nodejs.org/download/release/v21.6.2/SHASUMS256.txt
.../node_modules/cpu-features install: gyp http 200 https://nodejs.org/download/release/v21.6.2/SHASUMS256.txt
.../node_modules/cpu-features install: gyp info spawn /usr/bin/python3
.../node_modules/cpu-features install: gyp info spawn args [
.../node_modules/cpu-features install: gyp info spawn args   '/usr/local/lib/node_modules/pnpm/dist/node_modules/node-gyp/gyp/gyp_main.py',
.../node_modules/cpu-features install: gyp info spawn args   'binding.gyp',
.../node_modules/cpu-features install: gyp info spawn args   '-f',
.../node_modules/cpu-features install: gyp info spawn args   'make',
.../node_modules/cpu-features install: gyp info spawn args   '-I',
.../node_modules/cpu-features install: gyp info spawn args   '/tmp/twcr-e68aca823e53/node_modules/.pnpm/cpu-features@0.0.9/node_modules/cpu-features/build/config.gypi',
.../node_modules/cpu-features install: gyp info spawn args   '-I',
.../node_modules/cpu-features install: gyp info spawn args   '/usr/local/lib/node_modules/pnpm/dist/node_modules/node-gyp/addon.gypi',
.../node_modules/cpu-features install: gyp info spawn args   '-I',
.../node_modules/cpu-features install: gyp info spawn args   '/home/node/.cache/node-gyp/21.6.2/include/node/common.gypi',
.../node_modules/cpu-features install: gyp info spawn args   '-Dlibrary=shared_library',
.../node_modules/cpu-features install: gyp info spawn args   '-Dvisibility=default',
.../node_modules/cpu-features install: gyp info spawn args   '-Dnode_root_dir=/home/node/.cache/node-gyp/21.6.2',
.../node_modules/cpu-features install: gyp info spawn args   '-Dnode_gyp_dir=/usr/local/lib/node_modules/pnpm/dist/node_modules/node-gyp',
.../node_modules/cpu-features install: gyp info spawn args   '-Dnode_lib_file=/home/node/.cache/node-gyp/21.6.2/<(target_arch)/node.lib',
.../node_modules/cpu-features install: gyp info spawn args   '-Dmodule_root_dir=/tmp/twcr-e68aca823e53/node_modules/.pnpm/cpu-features@0.0.9/node_modules/cpu-features',
.../node_modules/cpu-features install: gyp info spawn args   '-Dnode_engine=v8',
.../node_modules/cpu-features install: gyp info spawn args   '--depth=.',
.../node_modules/cpu-features install: gyp info spawn args   '--no-parallel',
.../node_modules/cpu-features install: gyp info spawn args   '--generator-output',
.../node_modules/cpu-features install: gyp info spawn args   'build',
.../node_modules/cpu-features install: gyp info spawn args   '-Goutput_dir=.'
.../node_modules/cpu-features install: gyp info spawn args ]
.../node_modules/cpu-features install: gyp info spawn make
.../node_modules/cpu-features install: gyp info spawn args [ 'BUILDTYPE=Release', '-C', 'build' ]
.../node_modules/cpu-features install: make: Entering directory '/tmp/twcr-e68aca823e53/node_modules/.pnpm/cpu-features@0.0.9/node_modules/cpu-features/build'
.../node_modules/cpu-features install:   CC(target) Release/obj.target/cpu_features/deps/cpu_features/src/impl_aarch64_linux_or_android.o
.../node_modules/cpu-features install:   CC(target) Release/obj.target/cpu_features/deps/cpu_features/src/impl_aarch64_macos_or_iphone.o
.../node_modules/cpu-features install:   CC(target) Release/obj.target/cpu_features/deps/cpu_features/src/impl_arm_linux_or_android.o
.../node_modules/cpu-features install:   CC(target) Release/obj.target/cpu_features/deps/cpu_features/src/impl_mips_linux_or_android.o
.../node_modules/cpu-features install:   CC(target) Release/obj.target/cpu_features/deps/cpu_features/src/impl_ppc_linux.o
.../node_modules/cpu-features install:   CC(target) Release/obj.target/cpu_features/deps/cpu_features/src/impl_x86_freebsd.o
.../node_modules/cpu-features install:   CC(target) Release/obj.target/cpu_features/deps/cpu_features/src/impl_x86_linux_or_android.o
.../node_modules/cpu-features install:   CC(target) Release/obj.target/cpu_features/deps/cpu_features/src/impl_x86_macos.o
.../node_modules/cpu-features install:   CC(target) Release/obj.target/cpu_features/deps/cpu_features/src/impl_x86_windows.o
.../node_modules/cpu-features install:   CC(target) Release/obj.target/cpu_features/deps/cpu_features/src/filesystem.o
.../node_modules/cpu-features install:   CC(target) Release/obj.target/cpu_features/deps/cpu_features/src/stack_line_reader.o
.../node_modules/cpu-features install:   CC(target) Release/obj.target/cpu_features/deps/cpu_features/src/string_view.o
.../node_modules/cpu-features install: rm -f Release/obj.target/deps/cpu_features/cpu_features.a Release/obj.target/deps/cpu_features/cpu_features.a.ar-file-list; mkdir -p `dirname Release/obj.target/deps/cpu_features/cpu_features.a`
.../node_modules/cpu-features install: ar crs Release/obj.target/deps/cpu_features/cpu_features.a @Release/obj.target/deps/cpu_features/cpu_features.a.ar-file-list
.../node_modules/cpu-features install:   COPY Release/cpu_features.a
.../node_modules/cpu-features install:   CXX(target) Release/obj.target/cpufeatures/src/binding.o
.../node_modules/cpu-features install: In file included from ../src/binding.cc:1:
.../node_modules/cpu-features install: /home/node/.cache/node-gyp/21.6.2/include/node/node.h:1202:7: warning: cast between incompatible function types from 'void (*)(Nan::ADDON_REGISTER_FUNCTION_ARGS_TYPE)' {aka 'void (*)(v8::Local<v8::Object>)'} to 'node::addon_register_func' {aka 'void (*)(v8::Local<v8::Object>, v8::Local<v8::Value>, void*)'} [-Wcast-function-type]
.../node_modules/cpu-features install:  1202 |       (node::addon_register_func) (regfunc),                          \
.../node_modules/cpu-features install:       |       ^~~~~~~~~~~~~~~~~~~~~~~~~~~~~~~~~~~~~
.../node_modules/cpu-features install: /home/node/.cache/node-gyp/21.6.2/include/node/node.h:1236:3: note: in expansion of macro 'NODE_MODULE_X'
.../node_modules/cpu-features install:  1236 |   NODE_MODULE_X(modname, regfunc, NULL, 0)  // NOLINT (readability/null_usage)
.../node_modules/cpu-features install:       |   ^~~~~~~~~~~~~
.../node_modules/cpu-features install: ../src/binding.cc:151:1: note: in expansion of macro 'NODE_MODULE'
.../node_modules/cpu-features install:   151 | NODE_MODULE(cpufeatures, init)
.../node_modules/cpu-features install:       | ^~~~~~~~~~~
.../node_modules/cpu-features install:   SOLINK_MODULE(target) Release/obj.target/cpufeatures.node
.../node_modules/cpu-features install:   COPY Release/cpufeatures.node
.../node_modules/cpu-features install: make: Leaving directory '/tmp/twcr-e68aca823e53/node_modules/.pnpm/cpu-features@0.0.9/node_modules/cpu-features/build'
.../node_modules/cpu-features install: gyp info ok 
.../node_modules/cpu-features install: Done
.../.pnpm/ssh2@1.14.0/node_modules/ssh2 install$ node install.js
.../node_modules/@prisma/client postinstall$ node scripts/postinstall.js
.../.pnpm/ssh2@1.14.0/node_modules/ssh2 install: gyp info it worked if it ends with ok
.../.pnpm/ssh2@1.14.0/node_modules/ssh2 install: gyp info using node-gyp@9.4.1
.../.pnpm/ssh2@1.14.0/node_modules/ssh2 install: gyp info using node@21.6.2 | linux | x64
.../.pnpm/ssh2@1.14.0/node_modules/ssh2 install: gyp info find Python using Python version 3.11.2 found at "/usr/bin/python3"
.../.pnpm/ssh2@1.14.0/node_modules/ssh2 install: gyp info spawn /usr/bin/python3
.../.pnpm/ssh2@1.14.0/node_modules/ssh2 install: gyp info spawn args [
.../.pnpm/ssh2@1.14.0/node_modules/ssh2 install: gyp info spawn args   '/usr/local/lib/node_modules/pnpm/dist/node_modules/node-gyp/gyp/gyp_main.py',
.../.pnpm/ssh2@1.14.0/node_modules/ssh2 install: gyp info spawn args   'binding.gyp',
.../.pnpm/ssh2@1.14.0/node_modules/ssh2 install: gyp info spawn args   '-f',
.../.pnpm/ssh2@1.14.0/node_modules/ssh2 install: gyp info spawn args   'make',
.../.pnpm/ssh2@1.14.0/node_modules/ssh2 install: gyp info spawn args   '-I',
.../.pnpm/ssh2@1.14.0/node_modules/ssh2 install: gyp info spawn args   '/tmp/twcr-e68aca823e53/node_modules/.pnpm/ssh2@1.14.0/node_modules/ssh2/lib/protocol/crypto/build/config.gypi',
.../.pnpm/ssh2@1.14.0/node_modules/ssh2 install: gyp info spawn args   '-I',
.../.pnpm/ssh2@1.14.0/node_modules/ssh2 install: gyp info spawn args   '/usr/local/lib/node_modules/pnpm/dist/node_modules/node-gyp/addon.gypi',
.../.pnpm/ssh2@1.14.0/node_modules/ssh2 install: gyp info spawn args   '-I',
.../.pnpm/ssh2@1.14.0/node_modules/ssh2 install: gyp info spawn args   '/home/node/.cache/node-gyp/21.6.2/include/node/common.gypi',
.../.pnpm/ssh2@1.14.0/node_modules/ssh2 install: gyp info spawn args   '-Dlibrary=shared_library',
.../.pnpm/ssh2@1.14.0/node_modules/ssh2 install: gyp info spawn args   '-Dvisibility=default',
.../.pnpm/ssh2@1.14.0/node_modules/ssh2 install: gyp info spawn args   '-Dnode_root_dir=/home/node/.cache/node-gyp/21.6.2',
.../.pnpm/ssh2@1.14.0/node_modules/ssh2 install: gyp info spawn args   '-Dnode_gyp_dir=/usr/local/lib/node_modules/pnpm/dist/node_modules/node-gyp',
.../.pnpm/ssh2@1.14.0/node_modules/ssh2 install: gyp info spawn args   '-Dnode_lib_file=/home/node/.cache/node-gyp/21.6.2/<(target_arch)/node.lib',
.../.pnpm/ssh2@1.14.0/node_modules/ssh2 install: gyp info spawn args   '-Dmodule_root_dir=/tmp/twcr-e68aca823e53/node_modules/.pnpm/ssh2@1.14.0/node_modules/ssh2/lib/protocol/crypto',
.../.pnpm/ssh2@1.14.0/node_modules/ssh2 install: gyp info spawn args   '-Dnode_engine=v8',
.../.pnpm/ssh2@1.14.0/node_modules/ssh2 install: gyp info spawn args   '--depth=.',
.../.pnpm/ssh2@1.14.0/node_modules/ssh2 install: gyp info spawn args   '--no-parallel',
.../.pnpm/ssh2@1.14.0/node_modules/ssh2 install: gyp info spawn args   '--generator-output',
.../.pnpm/ssh2@1.14.0/node_modules/ssh2 install: gyp info spawn args   'build',
.../.pnpm/ssh2@1.14.0/node_modules/ssh2 install: gyp info spawn args   '-Goutput_dir=.'
.../.pnpm/ssh2@1.14.0/node_modules/ssh2 install: gyp info spawn args ]
.../.pnpm/ssh2@1.14.0/node_modules/ssh2 install: gyp info spawn make
.../.pnpm/ssh2@1.14.0/node_modules/ssh2 install: gyp info spawn args [ 'BUILDTYPE=Release', '-C', 'build' ]
.../.pnpm/ssh2@1.14.0/node_modules/ssh2 install: make: Entering directory '/tmp/twcr-e68aca823e53/node_modules/.pnpm/ssh2@1.14.0/node_modules/ssh2/lib/protocol/crypto/build'
.../.pnpm/ssh2@1.14.0/node_modules/ssh2 install:   CXX(target) Release/obj.target/sshcrypto/src/binding.o
.../node_modules/@prisma/client postinstall: prisma:warn The postinstall script automatically ran `prisma generate` and did not find your `prisma/schema.prisma`.
.../node_modules/@prisma/client postinstall: If you have a Prisma schema file in a custom path, you will need to run
.../node_modules/@prisma/client postinstall: `prisma generate --schema=./path/to/your/schema.prisma` to generate Prisma Client.
.../node_modules/@prisma/client postinstall: If you do not have a Prisma schema file yet, you can ignore this message.
.../node_modules/@prisma/client postinstall: Done
.../.pnpm/ssh2@1.14.0/node_modules/ssh2 install:   SOLINK_MODULE(target) Release/obj.target/sshcrypto.node
.../.pnpm/ssh2@1.14.0/node_modules/ssh2 install:   COPY Release/sshcrypto.node
.../.pnpm/ssh2@1.14.0/node_modules/ssh2 install: make: Leaving directory '/tmp/twcr-e68aca823e53/node_modules/.pnpm/ssh2@1.14.0/node_modules/ssh2/lib/protocol/crypto/build'
.../.pnpm/ssh2@1.14.0/node_modules/ssh2 install: gyp info ok 
.../.pnpm/ssh2@1.14.0/node_modules/ssh2 install: Succeeded in building optional crypto binding
.../.pnpm/ssh2@1.14.0/node_modules/ssh2 install: Done
.../node_modules/msw postinstall$ node -e "try{require('./config/scripts/postinstall')}catch(e){}"
.../node_modules/msw postinstall$ node -e "try{require('./config/scripts/postinstall')}catch(e){}"
.../node_modules/msw postinstall: Done
.../node_modules/msw postinstall: Done

dependencies:
+ @ballerine/config 1.0.6 <- ../config
+ @ballerine/ui 0.3.29 <- ../ui
+ @react-pdf/renderer 3.1.14
+ @sinclair/typebox 0.31.26
+ class-variance-authority 0.7.0
+ react 18.2.0
+ react-dom 18.2.0
+ react-pdf-tailwind 2.2.1
+ tailwindcss 3.4.0
+ vite-plugin-dts 1.7.3

devDependencies:
+ @types/react 18.2.43
+ @types/react-dom 18.2.17
+ @typescript-eslint/eslint-plugin 6.14.0
+ @typescript-eslint/parser 6.14.0
+ @vitejs/plugin-react 4.2.1
+ eslint 8.55.0
+ eslint-plugin-react-hooks 4.6.0
+ eslint-plugin-react-refresh 0.4.5
+ typescript 5.2.2
+ vite 5.0.8

../.. prepare$ husky install
../.. prepare: husky - Git hooks installed
../.. prepare: Done
../../services/workflows-service prepare$ npm run prisma:generate
../../services/workflows-service prepare: > @ballerine/workflows-service@0.5.45 prisma:generate
../../services/workflows-service prepare: > prisma generate
../../services/workflows-service prepare: Prisma schema loaded from prisma/schema.prisma
../../services/workflows-service prepare: ✔ Generated Prisma Client (4.16.2 | library) to ./../../node_modules/.pnpm/@prisma+client@4.16.2_prisma@4.13.0/node_modules/@prisma/client in 399ms
../../services/workflows-service prepare: You can now start using Prisma Client in your code. Reference: https://pris.ly/d/client
../../services/workflows-service prepare: ```
../../services/workflows-service prepare: import { PrismaClient } from '@prisma/client'
../../services/workflows-service prepare: const prisma = new PrismaClient()
../../services/workflows-service prepare: ```
../../services/workflows-service prepare: warn Versions of prisma@4.13.0 and @prisma/client@4.16.2 don't match.
../../services/workflows-service prepare: This might lead to unexpected behavior.
../../services/workflows-service prepare: Please make sure they have the same version.
../../services/workflows-service prepare: npm notice 
../../services/workflows-service prepare: npm notice New minor version of npm available! 10.2.4 -> 10.5.0
../../services/workflows-service prepare: npm notice Changelog: <https://github.com/npm/cli/releases/tag/v10.5.0>
../../services/workflows-service prepare: npm notice Run `npm install -g npm@10.5.0` to update!
../../services/workflows-service prepare: npm notice 
../../services/workflows-service prepare: Done
Done in 2m 12.1s
+ pnpm ls --json
+ jq -cr '
        .[]
        | [.dependencies, .devDependencies, .optionalDependencies]
        | map(select(.))[]
        | to_entries
        | map({ name: .key, version: .value.version })
        | sort_by(.name)[]
      '
+ exitcode=0
+ set -e
+ [[ 0 != \0 ]]
++ jq -sr 'map(select(.name == "tailwindcss")) | first | .version'
+ tailwind_package_version=3.4.0
+ tailwind_config_exporter=tailwind.config.exporter2.cjs
+ '[' -f node_modules/tailwindcss/lib/lib/load-config.js ']'
+ tailwind_config_exporter=tailwind.config.exporter3.mjs
+ cp /twcr/worker/../worker/tailwind.config.exporter3.mjs ./
+ set +e
+ node ./tailwind.config.exporter3.mjs tailwind.config.cjs
node:internal/modules/cjs/loader:1149
  const err = new Error(message);
              ^

Error: Cannot find module 'tailwindcss-animate'
Require stack:
- /tmp/twcr-e68aca823e53/packages/react-pdf-toolkit/tailwind.config.cjs
    at Module._resolveFilename (node:internal/modules/cjs/loader:1149:15)
    at Function.resolve (node:internal/modules/helpers:187:19)
    at _resolve (/tmp/twcr-e68aca823e53/node_modules/.pnpm/jiti@1.21.0/node_modules/jiti/dist/jiti.js:1:251148)
    at jiti (/tmp/twcr-e68aca823e53/node_modules/.pnpm/jiti@1.21.0/node_modules/jiti/dist/jiti.js:1:253746)
    at /tmp/twcr-e68aca823e53/packages/react-pdf-toolkit/tailwind.config.cjs:81:13
    at evalModule (/tmp/twcr-e68aca823e53/node_modules/.pnpm/jiti@1.21.0/node_modules/jiti/dist/jiti.js:1:256443)
    at jiti (/tmp/twcr-e68aca823e53/node_modules/.pnpm/jiti@1.21.0/node_modules/jiti/dist/jiti.js:1:254371)
    at /tmp/twcr-e68aca823e53/node_modules/.pnpm/tailwindcss@3.4.0_ts-node@10.9.1/node_modules/tailwindcss/lib/lib/load-config.js:48:30
    at Object.loadConfig (/tmp/twcr-e68aca823e53/node_modules/.pnpm/tailwindcss@3.4.0_ts-node@10.9.1/node_modules/tailwindcss/lib/lib/load-config.js:50:6)
    at file:///tmp/twcr-e68aca823e53/packages/react-pdf-toolkit/tailwind.config.exporter3.mjs:5:28 {
  code: 'MODULE_NOT_FOUND',
  requireStack: [
    '/tmp/twcr-e68aca823e53/packages/react-pdf-toolkit/tailwind.config.cjs'
  ]
}

Node.js v21.6.2
+ exitcode=1
+ set -e
+ [[ 1 != \0 ]]
+ [[ full == \s\q\u\a\s\h ]]
+ exit 1
