==== RUN-DOCKER
+++ dirname -- ./worker/run.sh
++ cd -- ./worker
++ pwd
+ twcrdir=/twcr/worker/..
+ repo=github.com/mgtourney/bocchi
+ reporef=dev
+ repopath=./web
+ '[' true == true ']'
+ grep -q '^././'
++ echo github.com/mgtourney/bocchi
++ sha256sum
++ awk '{ print $1 }'
++ cut -c1-12
+ procdir=/tmp/twcr-34fb06700777
++ echo 'github.com/mgtourney/bocchi;dev;./web'
++ sha256sum
++ awk '{ print $1 }'
++ cut -c1-12
+ datadir=/twcr/worker/../mnt/dataset/data/180e0d68c6e6
+ '[' '!' -z /twcr/mnt/results ']'
+ datadir=/twcr/mnt/results
+ touch /twcr/mnt/results/extract-failed
++ base64
++ tr -d =
++ tr /+ _-
++ base64
++ tr -d =
++ tr /+ _-
+ writetaskstat analysis_key github.com/mgtourney/bocchi/ZGV2Cg/Li93ZWIK
+ jq -nc --arg key analysis_key --arg value github.com/mgtourney/bocchi/ZGV2Cg/Li93ZWIK '{ key: $key, value: $value }'
++ date -u +%Y%m%d%H%M%S
++ sha256sum
++ awk '{ print $1 }'
++ cut -c1-16
++ head -c 32 /dev/urandom
+ writetaskstat analysis_nonce f417d5a9eb14c3b7
+ jq -nc --arg key analysis_nonce --arg value f417d5a9eb14c3b7 '{ key: $key, value: $value }'
+ writetaskstat input_repo_name github.com/mgtourney/bocchi
+ jq -nc --arg key input_repo_name --arg value github.com/mgtourney/bocchi '{ key: $key, value: $value }'
+ writetaskstat input_repo_ref dev
+ jq -nc --arg key input_repo_ref --arg value dev '{ key: $key, value: $value }'
+ writetaskstat input_repo_path ./web
+ jq -nc --arg key input_repo_path --arg value ./web '{ key: $key, value: $value }'
++ date -u +%Y-%m-%dT%H:%M:%SZ
+ writetaskstat timestamp_begin 2024-03-05T10:45:56Z
+ jq -nc --arg key timestamp_begin --arg value 2024-03-05T10:45:56Z '{ key: $key, value: $value }'
+ mkdir -p /tmp/twcr-34fb06700777
+ pushd /tmp/twcr-34fb06700777
+ '[' -d .git ']'
+ git clone --depth=1 -b dev https://github.com/mgtourney/bocchi.git .
/tmp/twcr-34fb06700777 /twcr
Cloning into '.'...
++ date -u +%Y-%m-%dT%H:%M:%SZ
+ writetaskstat timestamp_git_clone_complete 2024-03-05T10:45:58Z
+ jq -nc --arg key timestamp_git_clone_complete --arg value 2024-03-05T10:45:58Z '{ key: $key, value: $value }'
++ git rev-parse HEAD
+ writetaskstat exec_repo_commit_sha d307d8f0c05a98f91ab826deb845d8e1ac07b4f1
+ jq -nc --arg key exec_repo_commit_sha --arg value d307d8f0c05a98f91ab826deb845d8e1ac07b4f1 '{ key: $key, value: $value }'
+++ git show --no-patch --format=%ci
++ date -u --date '2023-04-10 08:04:12 -0700' +%Y-%m-%dT%H:%M:%SZ
+ writetaskstat exec_repo_commit_date 2023-04-10T15:04:12Z
+ jq -nc --arg key exec_repo_commit_date --arg value 2023-04-10T15:04:12Z '{ key: $key, value: $value }'
/tmp/twcr-34fb06700777/web /tmp/twcr-34fb06700777 /twcr
+ '[' -z ./web ']'
+ pushd ./web
+ tailwind_config_file_name=
+ '[' -f tailwind.config.js ']'
+ '[' -f tailwind.config.cjs ']'
+ tailwind_config_file_name=tailwind.config.cjs
+ writetaskstat exec_tailwind_config_file tailwind.config.cjs
+ jq -nc --arg key exec_tailwind_config_file --arg value tailwind.config.cjs '{ key: $key, value: $value }'
+ cp tailwind.config.cjs /twcr/mnt/results/extract-raw-tailwind-config.js
+ '[' '!' -f package.json ']'
+ cp package.json /twcr/mnt/results/extract-raw-package.json
++ /twcr/worker/../worker/pm-detect.sh /tmp/twcr-34fb06700777/web
+ package_manager_name=
+ '[' -z '' ']'
+ '[' ./web '!=' ./ ']'
++ /twcr/worker/../worker/pm-detect.sh /tmp/twcr-34fb06700777
grep: /tmp/twcr-34fb06700777/package.json: No such file or directory
grep: /tmp/twcr-34fb06700777/package.json: No such file or directory
grep: /tmp/twcr-34fb06700777/package.json: No such file or directory
/twcr/worker/../worker/pm-detect.sh: line 17: /tmp/twcr-34fb06700777/package.json: No such file or directory
+ package_manager_name=
+ '[' -z '' ']'
+ package_manager_name=npm
+ writetaskstat exec_node_package_manager npm
+ jq -nc --arg key exec_node_package_manager --arg value npm '{ key: $key, value: $value }'
+ attempt_mode=squash
+ true
++ date -u +%Y-%m-%dT%H:%M:%SZ
+ writetaskstat timestamp_attempt_squash_begin 2024-03-05T10:45:58Z
+ jq -nc --arg key timestamp_attempt_squash_begin --arg value 2024-03-05T10:45:58Z '{ key: $key, value: $value }'
+ [[ squash == \s\q\u\a\s\h ]]
+ set +e
+ node /twcr/worker/../worker/squash-package.mjs tailwind.config.cjs
+ exitcode=0
+ set -e
+ [[ 0 != \0 ]]
+ cat package.json
+ sed 's/^/>>> /'
>>> {
>>>   "name": "bocchi",
>>>   "type": "module",
>>>   "private": true,
>>>   "version": "0.0.1",
>>>   "dependencies": {},
>>>   "devDependencies": {
>>>     "tailwindcss": "^3.2.7"
>>>   }
>>> }+ rm -f package-lock.json pnpm-lock.yaml yarn.lock
+ '[' ./web '!=' ./ ']'
+ rm -f /tmp/twcr-34fb06700777/package.json /tmp/twcr-34fb06700777/package-lock.json /tmp/twcr-34fb06700777/pnpm-lock.yaml /tmp/twcr-34fb06700777/yarn.lock
+ set +e
+ /twcr/worker/../worker/pm-install.sh npm /tmp/twcr-34fb06700777 /twcr/mnt/results
+ package_manager_name=npm
+ procdir=/tmp/twcr-34fb06700777
+ datadir=/twcr/mnt/results
+ case "${package_manager_name}" in
++ '[' -f package-lock.json ']'
++ echo install
+ npm install --ignore-engines

added 112 packages, and audited 113 packages in 6s

28 packages are looking for funding
  run `npm fund` for details

found 0 vulnerabilities
npm notice 
npm notice New minor version of npm available! 10.2.4 -> 10.5.0
npm notice Changelog: <https://github.com/npm/cli/releases/tag/v10.5.0>
npm notice Run `npm install -g npm@10.5.0` to update!
npm notice 
+ npm query '*'
+ jq -cr '
        map({ name: .name, version: .version })
        | map(select(.name))
        | sort_by(.name)[]
      '
+ exitcode=0
+ set -e
+ [[ 0 != \0 ]]
++ jq -sr 'map(select(.name == "tailwindcss")) | first | .version'
+ tailwind_package_version=3.4.1
+ tailwind_config_exporter=tailwind.config.exporter2.cjs
+ '[' -f node_modules/tailwindcss/lib/lib/load-config.js ']'
+ tailwind_config_exporter=tailwind.config.exporter3.mjs
+ cp /twcr/worker/../worker/tailwind.config.exporter3.mjs ./
+ set +e
+ node ./tailwind.config.exporter3.mjs tailwind.config.cjs
+ exitcode=0
+ set -e
+ [[ 0 != \0 ]]
+ echo 'module.exports={plugins:['
+ jq -rs '
        map(select(.name | startswith("@tailwindcss/")))
        | map("require(" + ( .name | tojson ) + "),")[]
      '
+ grep -Ev '"@tailwindcss/postcss7-compat"'
+ true
+ echo ']}'
+ cat tailwind.config.cjs
+ sed 's/^/>>> /'
>>> module.exports={plugins:[
>>> ]}
+ node ./tailwind.config.exporter3.mjs tailwind.config.cjs
++ date -u +%Y-%m-%dT%H:%M:%SZ
+ writetaskstat timestamp_attempt_squash_end 2024-03-05T10:46:06Z
+ jq -nc --arg key timestamp_attempt_squash_end --arg value 2024-03-05T10:46:06Z '{ key: $key, value: $value }'
+ break
++ date -u +%Y-%m-%dT%H:%M:%SZ
+ writetaskstat timestamp_end 2024-03-05T10:46:06Z
+ jq -nc --arg key timestamp_end --arg value 2024-03-05T10:46:06Z '{ key: $key, value: $value }'
+ rm /twcr/mnt/results/extract-failed
+ touch /twcr/mnt/results/extract-completed
