==== RUN-DOCKER
+++ dirname -- ./worker/run.sh
++ cd -- ./worker
++ pwd
+ twcrdir=/twcr/worker/..
+ repo=github.com/trpc/trpc
+ reporef=next
+ repopath=./www
+ '[' true == true ']'
+ grep -q '^././'
++ echo github.com/trpc/trpc
++ sha256sum
++ awk '{ print $1 }'
++ cut -c1-12
+ procdir=/tmp/twcr-5bb6d56c0eca
++ echo 'github.com/trpc/trpc;next;./www'
++ sha256sum
++ awk '{ print $1 }'
++ cut -c1-12
+ datadir=/twcr/worker/../mnt/dataset/data/0262cc11c6d3
+ '[' '!' -z /twcr/mnt/results ']'
+ datadir=/twcr/mnt/results
+ touch /twcr/mnt/results/extract-failed
++ base64
++ tr -d =
++ tr /+ _-
++ base64
++ tr -d =
++ tr /+ _-
+ writetaskstat analysis_key github.com/trpc/trpc/bmV4dAo/Li93d3cK
+ jq -nc --arg key analysis_key --arg value github.com/trpc/trpc/bmV4dAo/Li93d3cK '{ key: $key, value: $value }'
++ date -u +%Y%m%d%H%M%S
++ sha256sum
++ awk '{ print $1 }'
++ cut -c1-16
++ head -c 32 /dev/urandom
+ writetaskstat analysis_nonce 6fc4b8029153d9fd
+ jq -nc --arg key analysis_nonce --arg value 6fc4b8029153d9fd '{ key: $key, value: $value }'
+ writetaskstat input_repo_name github.com/trpc/trpc
+ jq -nc --arg key input_repo_name --arg value github.com/trpc/trpc '{ key: $key, value: $value }'
+ writetaskstat input_repo_ref next
+ jq -nc --arg key input_repo_ref --arg value next '{ key: $key, value: $value }'
+ writetaskstat input_repo_path ./www
+ jq -nc --arg key input_repo_path --arg value ./www '{ key: $key, value: $value }'
++ date -u +%Y-%m-%dT%H:%M:%SZ
+ writetaskstat timestamp_begin 2024-03-04T20:04:00Z
+ jq -nc --arg key timestamp_begin --arg value 2024-03-04T20:04:00Z '{ key: $key, value: $value }'
+ mkdir -p /tmp/twcr-5bb6d56c0eca
+ pushd /tmp/twcr-5bb6d56c0eca
+ '[' -d .git ']'
+ git clone --depth=1 -b next https://github.com/trpc/trpc.git .
/tmp/twcr-5bb6d56c0eca /twcr
Cloning into '.'...
++ date -u +%Y-%m-%dT%H:%M:%SZ
+ writetaskstat timestamp_git_clone_complete 2024-03-04T20:04:01Z
+ jq -nc --arg key timestamp_git_clone_complete --arg value 2024-03-04T20:04:01Z '{ key: $key, value: $value }'
++ git rev-parse HEAD
+ writetaskstat exec_repo_commit_sha 955edd79adaf441bfabc1f45bb83fc74355568b5
+ jq -nc --arg key exec_repo_commit_sha --arg value 955edd79adaf441bfabc1f45bb83fc74355568b5 '{ key: $key, value: $value }'
+++ git show --no-patch --format=%ci
++ date -u --date '2024-03-04 15:40:36 +0000' +%Y-%m-%dT%H:%M:%SZ
+ writetaskstat exec_repo_commit_date 2024-03-04T15:40:36Z
+ jq -nc --arg key exec_repo_commit_date --arg value 2024-03-04T15:40:36Z '{ key: $key, value: $value }'
/tmp/twcr-5bb6d56c0eca/www /tmp/twcr-5bb6d56c0eca /twcr
+ '[' -z ./www ']'
+ pushd ./www
+ tailwind_config_file_name=
+ '[' -f tailwind.config.js ']'
+ '[' -f tailwind.config.cjs ']'
+ '[' -f tailwind.config.mjs ']'
+ '[' -f tailwind.config.ts ']'
+ tailwind_config_file_name=tailwind.config.ts
+ writetaskstat exec_tailwind_config_file tailwind.config.ts
+ jq -nc --arg key exec_tailwind_config_file --arg value tailwind.config.ts '{ key: $key, value: $value }'
+ cp tailwind.config.ts /twcr/mnt/results/extract-raw-tailwind-config.js
+ '[' '!' -f package.json ']'
+ cp package.json /twcr/mnt/results/extract-raw-package.json
++ /twcr/worker/../worker/pm-detect.sh /tmp/twcr-5bb6d56c0eca/www
+ package_manager_name=pnpm
+ '[' -z pnpm ']'
+ '[' -z pnpm ']'
+ writetaskstat exec_node_package_manager pnpm
+ jq -nc --arg key exec_node_package_manager --arg value pnpm '{ key: $key, value: $value }'
+ attempt_mode=squash
+ true
++ date -u +%Y-%m-%dT%H:%M:%SZ
+ writetaskstat timestamp_attempt_squash_begin 2024-03-04T20:04:02Z
+ jq -nc --arg key timestamp_attempt_squash_begin --arg value 2024-03-04T20:04:02Z '{ key: $key, value: $value }'
+ [[ squash == \s\q\u\a\s\h ]]
+ set +e
+ node /twcr/worker/../worker/squash-package.mjs tailwind.config.ts
+ exitcode=0
+ set -e
+ [[ 0 != \0 ]]
+ cat package.json
+ sed 's/^/>>> /'
>>> {
>>>   "name": "www",
>>>   "private": true,
>>>   "dependencies": {},
>>>   "browserslist": {
>>>     "production": [
>>>       ">0.5%",
>>>       "not dead",
>>>       "not op_mini all"
>>>     ],
>>>     "development": [
>>>       "last 1 chrome version",
>>>       "last 1 firefox version",
>>>       "last 1 safari version"
>>>     ]
>>>   },
>>>   "devDependencies": {
>>>     "tailwindcss": "^3.3.0",
>>>     "tailwindcss-elevation": "^2.0.0"
>>>   }
>>> }+ rm -f package-lock.json pnpm-lock.yaml yarn.lock
+ '[' ./www '!=' ./ ']'
+ rm -f /tmp/twcr-5bb6d56c0eca/package.json /tmp/twcr-5bb6d56c0eca/package-lock.json /tmp/twcr-5bb6d56c0eca/pnpm-lock.yaml /tmp/twcr-5bb6d56c0eca/yarn.lock
+ set +e
+ /twcr/worker/../worker/pm-install.sh pnpm /tmp/twcr-5bb6d56c0eca /twcr/mnt/results
+ package_manager_name=pnpm
+ procdir=/tmp/twcr-5bb6d56c0eca
+ datadir=/twcr/mnt/results
+ case "${package_manager_name}" in
+ '[' '!' -f /tmp/twcr-5bb6d56c0eca/package.json ']'
+ '[' '!' -f package.json ']'
++ pnpm -v
+ sed -Ei 's/("pnpm": ")(.+)(")/\18.15.4\3/' package.json
+ pnpm install
Scope: all 32 workspace projects
..                                       | Progress: resolved 1, reused 0, downloaded 0, added 0
../examples/.experimental/next-app-dir   |  WARN  deprecated start-server-and-test@1.15.5
..                                       | Progress: resolved 8, reused 0, downloaded 6, added 0
..                                       | Progress: resolved 20, reused 0, downloaded 17, added 0
../examples/.test/internal-types-export  |  WARN  deprecated @tsconfig/esm@1.0.5
..                                       | Progress: resolved 28, reused 0, downloaded 21, added 0
..                                       | Progress: resolved 37, reused 0, downloaded 30, added 0
..                                       | Progress: resolved 53, reused 0, downloaded 42, added 0
..                                       | Progress: resolved 67, reused 0, downloaded 57, added 0
..                                       | Progress: resolved 78, reused 0, downloaded 65, added 0
..                                       | Progress: resolved 95, reused 0, downloaded 85, added 0
..                                       | Progress: resolved 107, reused 0, downloaded 98, added 0
..                                       | Progress: resolved 125, reused 0, downloaded 117, added 0
..                                       | Progress: resolved 153, reused 0, downloaded 136, added 0
..                                       | Progress: resolved 180, reused 0, downloaded 159, added 0
..                                       | Progress: resolved 203, reused 0, downloaded 182, added 0
..                                       | Progress: resolved 245, reused 0, downloaded 198, added 0
..                                       | Progress: resolved 264, reused 0, downloaded 220, added 0
..                                       | Progress: resolved 290, reused 0, downloaded 242, added 0
..                                       | Progress: resolved 317, reused 0, downloaded 265, added 0
..                                       | Progress: resolved 340, reused 0, downloaded 289, added 0
..                                       | Progress: resolved 357, reused 0, downloaded 304, added 0
..                                       | Progress: resolved 374, reused 0, downloaded 320, added 0
..                                       | Progress: resolved 407, reused 0, downloaded 343, added 0
..                                       | Progress: resolved 435, reused 0, downloaded 367, added 0
..                                       | Progress: resolved 456, reused 0, downloaded 388, added 0
..                                       | Progress: resolved 475, reused 0, downloaded 408, added 0
..                                       | Progress: resolved 502, reused 0, downloaded 433, added 0
..                                       | Progress: resolved 530, reused 0, downloaded 456, added 0
..                                       | Progress: resolved 563, reused 0, downloaded 485, added 0
..                                       | Progress: resolved 628, reused 0, downloaded 511, added 0
..                                       | Progress: resolved 654, reused 0, downloaded 536, added 0
..                                       | Progress: resolved 689, reused 0, downloaded 562, added 0
..                                       | Progress: resolved 719, reused 0, downloaded 591, added 0
..                                       | Progress: resolved 749, reused 0, downloaded 620, added 0
..                                       | Progress: resolved 777, reused 0, downloaded 649, added 0
..                                       | Progress: resolved 807, reused 0, downloaded 681, added 0
..                                       | Progress: resolved 830, reused 0, downloaded 702, added 0
..                                       | Progress: resolved 864, reused 0, downloaded 730, added 0
..                                       | Progress: resolved 895, reused 0, downloaded 759, added 0
..                                       | Progress: resolved 921, reused 0, downloaded 783, added 0
..                                       | Progress: resolved 947, reused 0, downloaded 807, added 0
..                                       | Progress: resolved 979, reused 0, downloaded 841, added 0
..                                       | Progress: resolved 1019, reused 0, downloaded 877, added 0
..                                       | Progress: resolved 1055, reused 0, downloaded 906, added 0
..                                       | Progress: resolved 1088, reused 0, downloaded 938, added 0
..                                       | Progress: resolved 1122, reused 0, downloaded 973, added 0
..                                       | Progress: resolved 1157, reused 0, downloaded 1001, added 0
..                                       | Progress: resolved 1194, reused 0, downloaded 1041, added 0
..                                       | Progress: resolved 1228, reused 0, downloaded 1068, added 0
..                                       | Progress: resolved 1265, reused 0, downloaded 1106, added 0
..                                       | Progress: resolved 1299, reused 0, downloaded 1137, added 0
..                                       | Progress: resolved 1338, reused 0, downloaded 1174, added 0
..                                       | Progress: resolved 1366, reused 0, downloaded 1201, added 0
..                                       | Progress: resolved 1384, reused 0, downloaded 1249, added 0
 WARN  5 deprecated subdependencies found: querystring@0.2.0, querystring@0.2.1, rollup-plugin-inject@3.0.2, sourcemap-codec@1.4.8, superagent@7.1.6
..                                       |    +1302 ++++++++++++++++++++++++++++
..                                       | Progress: resolved 1385, reused 0, downloaded 1269, added 90
..                                       | Progress: resolved 1385, reused 0, downloaded 1288, added 1288
..                                       | Progress: resolved 1385, reused 0, downloaded 1301, added 1302, done
.../core-js@3.36.0/node_modules/core-js postinstall$ node -e "try{require('./postinstall')}catch(e){}"
.../es5-ext@0.10.64/node_modules/es5-ext postinstall$  node -e "try{require('./_postinstall')}catch(e){}" || exit 0
.../node_modules/@prisma/engines postinstall$ node scripts/postinstall.js
.../core-js@3.36.0/node_modules/core-js postinstall: Thank you for using core-js ( https://github.com/zloirock/core-js ) for polyfilling JavaScript standard library!
.../core-js@3.36.0/node_modules/core-js postinstall: The project needs your help! Please consider supporting core-js:
.../core-js@3.36.0/node_modules/core-js postinstall: > https://opencollective.com/core-js 
.../core-js@3.36.0/node_modules/core-js postinstall: > https://patreon.com/zloirock 
.../core-js@3.36.0/node_modules/core-js postinstall: > https://boosty.to/zloirock 
.../core-js@3.36.0/node_modules/core-js postinstall: > bitcoin: bc1qlea7544qtsmj2rayg0lthvza9fau63ux0fstcz 
.../core-js@3.36.0/node_modules/core-js postinstall: I highly recommend reading this: https://github.com/zloirock/core-js/blob/master/docs/2023-02-14-so-whats-next.md 
.../core-js@3.36.0/node_modules/core-js postinstall: Done
.../es5-ext@0.10.64/node_modules/es5-ext postinstall: Done
.../node_modules/@prisma/engines postinstall: (node:124) [DEP0040] DeprecationWarning: The `punycode` module is deprecated. Please use a userland alternative instead.
.../node_modules/@prisma/engines postinstall: (Use `node --trace-deprecation ...` to show where the warning was created)
.../node_modules/@prisma/engines postinstall: Done
.../esbuild@0.19.12/node_modules/esbuild postinstall$ node install.js
.../esbuild@0.16.3/node_modules/esbuild postinstall$ node install.js
.../esbuild@0.17.19/node_modules/esbuild postinstall$ node install.js
.../prisma@5.10.2/node_modules/prisma preinstall$ node scripts/preinstall-entry.js
.../esbuild@0.19.12/node_modules/esbuild postinstall: Done
.../esbuild@0.16.3/node_modules/esbuild postinstall: Done
.../esbuild@0.17.19/node_modules/esbuild postinstall: Done
.../prisma@5.10.2/node_modules/prisma preinstall: Done
.../node_modules/@prisma/client postinstall$ node scripts/postinstall.js
.../node_modules/@prisma/client postinstall: prisma:warn We could not find your Prisma schema at `prisma/schema.prisma`.
.../node_modules/@prisma/client postinstall: If you have a Prisma schema file in a custom path, you will need to run
.../node_modules/@prisma/client postinstall: `prisma generate --schema=./path/to/your/schema.prisma` to generate Prisma Client.
.../node_modules/@prisma/client postinstall: If you do not have a Prisma schema file yet, you can ignore this message.
.../node_modules/@prisma/client postinstall: Done
.../node_modules/serverless postinstall$ node ./scripts/postinstall.js
.../node_modules/serverless postinstall: Serverless Framework successfully installed!
.../node_modules/serverless postinstall: To start your first project run “serverless”.
.../node_modules/serverless postinstall: Done
../examples/.test/diagnostics-big-router postinstall$ tsx scripts/codegen
../examples/.test/diagnostics-big-router postinstall: Done
../examples/next-big-router postinstall$ tsx scripts/codegen
../examples/next-prisma-todomvc postinstall$ prisma generate
../examples/next-prisma-starter postinstall$ pnpm generate
.../next-prisma-websockets-starter postinstall$ prisma generate
../examples/next-big-router postinstall: Done
../examples/next-prisma-todomvc postinstall: Environment variables loaded from .env
../examples/next-prisma-todomvc postinstall: Prisma schema loaded from prisma/schema.prisma
../examples/next-prisma-starter postinstall: > @examples/trpc-next-prisma-starter@ generate /tmp/twcr-5bb6d56c0eca/examples/next-prisma-starter
../examples/next-prisma-starter postinstall: > prisma generate
.../next-prisma-websockets-starter postinstall: Environment variables loaded from .env
.../next-prisma-websockets-starter postinstall: Prisma schema loaded from prisma/schema.prisma
../examples/next-prisma-todomvc postinstall: ✔ Generated Prisma Client (v5.10.2) to ./../../node_modules/.pnpm/@prisma+client@5.10.2_prisma@5.10.2/node_modules/@prisma/client in 105ms
../examples/next-prisma-todomvc postinstall: Start using Prisma Client in Node.js (See: https://pris.ly/d/client)
../examples/next-prisma-todomvc postinstall: ```
../examples/next-prisma-todomvc postinstall: import { PrismaClient } from '@prisma/client'
../examples/next-prisma-todomvc postinstall: const prisma = new PrismaClient()
../examples/next-prisma-todomvc postinstall: ```
../examples/next-prisma-todomvc postinstall: or start using Prisma Client at the edge (See: https://pris.ly/d/accelerate)
../examples/next-prisma-todomvc postinstall: ```
../examples/next-prisma-todomvc postinstall: import { PrismaClient } from '@prisma/client/edge'
../examples/next-prisma-todomvc postinstall: const prisma = new PrismaClient()
../examples/next-prisma-todomvc postinstall: ```
../examples/next-prisma-todomvc postinstall: See other ways of importing Prisma Client: http://pris.ly/d/importing-client
../examples/next-prisma-todomvc postinstall: ┌─────────────────────────────────────────────────────────────┐
../examples/next-prisma-todomvc postinstall: │  Deploying your app to serverless or edge functions?        │
../examples/next-prisma-todomvc postinstall: │  Try Prisma Accelerate for connection pooling and caching.  │
../examples/next-prisma-todomvc postinstall: │  https://pris.ly/cli/accelerate                             │
../examples/next-prisma-todomvc postinstall: └─────────────────────────────────────────────────────────────┘
../examples/next-prisma-todomvc postinstall: Done
.../next-prisma-websockets-starter postinstall: ✔ Generated Prisma Client (v5.10.2) to ./../../node_modules/.pnpm/@prisma+client@5.10.2_prisma@5.10.2/node_modules/@prisma/client in 67ms
.../next-prisma-websockets-starter postinstall: Start using Prisma Client in Node.js (See: https://pris.ly/d/client)
.../next-prisma-websockets-starter postinstall: ```
.../next-prisma-websockets-starter postinstall: import { PrismaClient } from '@prisma/client'
.../next-prisma-websockets-starter postinstall: const prisma = new PrismaClient()
.../next-prisma-websockets-starter postinstall: ```
.../next-prisma-websockets-starter postinstall: or start using Prisma Client at the edge (See: https://pris.ly/d/accelerate)
.../next-prisma-websockets-starter postinstall: ```
.../next-prisma-websockets-starter postinstall: import { PrismaClient } from '@prisma/client/edge'
.../next-prisma-websockets-starter postinstall: const prisma = new PrismaClient()
.../next-prisma-websockets-starter postinstall: ```
.../next-prisma-websockets-starter postinstall: See other ways of importing Prisma Client: http://pris.ly/d/importing-client
.../next-prisma-websockets-starter postinstall: ┌─────────────────────────────────────────────────────────────┐
.../next-prisma-websockets-starter postinstall: │  Deploying your app to serverless or edge functions?        │
.../next-prisma-websockets-starter postinstall: │  Try Prisma Accelerate for connection pooling and caching.  │
.../next-prisma-websockets-starter postinstall: │  https://pris.ly/cli/accelerate                             │
.../next-prisma-websockets-starter postinstall: └─────────────────────────────────────────────────────────────┘
../examples/next-prisma-starter postinstall: Environment variables loaded from .env
../examples/next-prisma-starter postinstall: Prisma schema loaded from prisma/schema.prisma
.../next-prisma-websockets-starter postinstall: Done
../examples/next-prisma-starter postinstall: ✔ Generated Prisma Client (v5.10.2) to ./../../node_modules/.pnpm/@prisma+client@5.10.2_prisma@5.10.2/node_modules/@prisma/client in 62ms
../examples/next-prisma-starter postinstall: Start using Prisma Client in Node.js (See: https://pris.ly/d/client)
../examples/next-prisma-starter postinstall: ```
../examples/next-prisma-starter postinstall: import { PrismaClient } from '@prisma/client'
../examples/next-prisma-starter postinstall: const prisma = new PrismaClient()
../examples/next-prisma-starter postinstall: ```
../examples/next-prisma-starter postinstall: or start using Prisma Client at the edge (See: https://pris.ly/d/accelerate)
../examples/next-prisma-starter postinstall: ```
../examples/next-prisma-starter postinstall: import { PrismaClient } from '@prisma/client/edge'
../examples/next-prisma-starter postinstall: const prisma = new PrismaClient()
../examples/next-prisma-starter postinstall: ```
../examples/next-prisma-starter postinstall: See other ways of importing Prisma Client: http://pris.ly/d/importing-client
../examples/next-prisma-starter postinstall: ┌─────────────────────────────────────────────────────────────┐
../examples/next-prisma-starter postinstall: │  Deploying your app to serverless or edge functions?        │
../examples/next-prisma-starter postinstall: │  Try Prisma Accelerate for connection pooling and caching.  │
../examples/next-prisma-starter postinstall: │  https://pris.ly/cli/accelerate                             │
../examples/next-prisma-starter postinstall: └─────────────────────────────────────────────────────────────┘
../examples/next-prisma-starter postinstall: Done

devDependencies:
+ tailwindcss 3.4.1
+ tailwindcss-elevation 2.0.0

 WARN  Issues with peer dependencies found
examples/minimal-react/client
└─┬ @vitejs/plugin-react 3.1.0
  └── ✕ unmet peer vite@^4.1.0-beta.0: found 5.1.4

examples/next-prisma-todomvc
└─┬ @tanstack/react-query-devtools 5.24.8
  └── ✕ unmet peer @tanstack/react-query@^5.24.8: found 5.24.6

examples/next-prisma-websockets-starter
└─┬ @tanstack/react-query-devtools 5.24.8
  └── ✕ unmet peer @tanstack/react-query@^5.24.8: found 5.24.6

Done in 1m 8s
+ pnpm ls --json
+ jq -cr '
        .[]
        | [.dependencies, .devDependencies, .optionalDependencies]
        | map(select(.))[]
        | to_entries
        | map({ name: .key, version: .value.version })
        | sort_by(.name)[]
      '
+ exitcode=0
+ set -e
+ [[ 0 != \0 ]]
++ jq -sr 'map(select(.name == "tailwindcss")) | first | .version'
+ tailwind_package_version=3.4.1
+ tailwind_config_exporter=tailwind.config.exporter2.cjs
+ '[' -f node_modules/tailwindcss/lib/lib/load-config.js ']'
+ tailwind_config_exporter=tailwind.config.exporter3.mjs
+ cp /twcr/worker/../worker/tailwind.config.exporter3.mjs ./
+ set +e
+ node ./tailwind.config.exporter3.mjs tailwind.config.ts
+ exitcode=0
+ set -e
+ [[ 0 != \0 ]]
+ echo 'module.exports={plugins:['
+ jq -rs '
        map(select(.name | startswith("@tailwindcss/")))
        | map("require(" + ( .name | tojson ) + "),")[]
      '
+ grep -Ev '"@tailwindcss/postcss7-compat"'
+ true
+ echo ']}'
+ cat tailwind.config.ts
+ sed 's/^/>>> /'
>>> module.exports={plugins:[
>>> ]}
+ node ./tailwind.config.exporter3.mjs tailwind.config.ts
++ date -u +%Y-%m-%dT%H:%M:%SZ
+ writetaskstat timestamp_attempt_squash_end 2024-03-04T20:05:12Z
+ jq -nc --arg key timestamp_attempt_squash_end --arg value 2024-03-04T20:05:12Z '{ key: $key, value: $value }'
+ break
++ date -u +%Y-%m-%dT%H:%M:%SZ
+ writetaskstat timestamp_end 2024-03-04T20:05:12Z
+ jq -nc --arg key timestamp_end --arg value 2024-03-04T20:05:12Z '{ key: $key, value: $value }'
+ rm /twcr/mnt/results/extract-failed
+ touch /twcr/mnt/results/extract-completed
