==== RUN-DOCKER
+++ dirname -- ./worker/run.sh
++ cd -- ./worker
++ pwd
+ twcrdir=/twcr/worker/..
+ repo=github.com/a11yphant/a11yphant
+ reporef=develop
+ repopath=./services/site
+ '[' true == true ']'
+ grep -q '^././'
++ echo github.com/a11yphant/a11yphant
++ sha256sum
++ awk '{ print $1 }'
++ cut -c1-12
+ procdir=/tmp/twcr-38cbeef036ce
++ echo 'github.com/a11yphant/a11yphant;develop;./services/site'
++ sha256sum
++ awk '{ print $1 }'
++ cut -c1-12
+ datadir=/twcr/worker/../mnt/dataset/data/e8662b7170ac
+ '[' '!' -z /twcr/mnt/results ']'
+ datadir=/twcr/mnt/results
+ touch /twcr/mnt/results/extract-failed
++ base64
++ tr -d =
++ tr /+ _-
++ base64
++ tr -d =
++ tr /+ _-
+ writetaskstat analysis_key github.com/a11yphant/a11yphant/ZGV2ZWxvcAo/Li9zZXJ2aWNlcy9zaXRlCg
+ jq -nc --arg key analysis_key --arg value github.com/a11yphant/a11yphant/ZGV2ZWxvcAo/Li9zZXJ2aWNlcy9zaXRlCg '{ key: $key, value: $value }'
++ date -u +%Y%m%d%H%M%S
++ sha256sum
++ awk '{ print $1 }'
++ cut -c1-16
++ head -c 32 /dev/urandom
+ writetaskstat analysis_nonce 80a643074db01cab
+ jq -nc --arg key analysis_nonce --arg value 80a643074db01cab '{ key: $key, value: $value }'
+ writetaskstat input_repo_name github.com/a11yphant/a11yphant
+ jq -nc --arg key input_repo_name --arg value github.com/a11yphant/a11yphant '{ key: $key, value: $value }'
+ writetaskstat input_repo_ref develop
+ jq -nc --arg key input_repo_ref --arg value develop '{ key: $key, value: $value }'
+ writetaskstat input_repo_path ./services/site
+ jq -nc --arg key input_repo_path --arg value ./services/site '{ key: $key, value: $value }'
++ date -u +%Y-%m-%dT%H:%M:%SZ
+ writetaskstat timestamp_begin 2024-03-04T10:48:25Z
+ jq -nc --arg key timestamp_begin --arg value 2024-03-04T10:48:25Z '{ key: $key, value: $value }'
+ mkdir -p /tmp/twcr-38cbeef036ce
+ pushd /tmp/twcr-38cbeef036ce
+ '[' -d .git ']'
+ git clone --depth=1 -b develop https://github.com/a11yphant/a11yphant.git .
/tmp/twcr-38cbeef036ce /twcr
Cloning into '.'...
++ date -u +%Y-%m-%dT%H:%M:%SZ
+ writetaskstat timestamp_git_clone_complete 2024-03-04T10:48:26Z
+ jq -nc --arg key timestamp_git_clone_complete --arg value 2024-03-04T10:48:26Z '{ key: $key, value: $value }'
++ git rev-parse HEAD
+ writetaskstat exec_repo_commit_sha 38791d1ea9dc42d66e7afbdf93877a63afe5f278
+ jq -nc --arg key exec_repo_commit_sha --arg value 38791d1ea9dc42d66e7afbdf93877a63afe5f278 '{ key: $key, value: $value }'
+++ git show --no-patch --format=%ci
++ date -u --date '2024-03-01 19:10:54 +0100' +%Y-%m-%dT%H:%M:%SZ
+ writetaskstat exec_repo_commit_date 2024-03-01T18:10:54Z
+ jq -nc --arg key exec_repo_commit_date --arg value 2024-03-01T18:10:54Z '{ key: $key, value: $value }'
+ '[' -z ./services/site ']'
+ pushd ./services/site
+ tailwind_config_file_name=
+ '[' -f tailwind.config.js ']'
+ tailwind_config_file_name=tailwind.config.js
+ writetaskstat exec_tailwind_config_file tailwind.config.js
+ jq -nc --arg key exec_tailwind_config_file --arg value tailwind.config.js '{ key: $key, value: $value }'
/tmp/twcr-38cbeef036ce/services/site /tmp/twcr-38cbeef036ce /twcr
+ cp tailwind.config.js /twcr/mnt/results/extract-raw-tailwind-config.js
+ '[' '!' -f package.json ']'
+ cp package.json /twcr/mnt/results/extract-raw-package.json
++ /twcr/worker/../worker/pm-detect.sh /tmp/twcr-38cbeef036ce/services/site
+ package_manager_name=
+ '[' -z '' ']'
+ '[' ./services/site '!=' ./ ']'
++ /twcr/worker/../worker/pm-detect.sh /tmp/twcr-38cbeef036ce
+ package_manager_name=
+ '[' -z '' ']'
+ package_manager_name=npm
+ writetaskstat exec_node_package_manager npm
+ jq -nc --arg key exec_node_package_manager --arg value npm '{ key: $key, value: $value }'
+ attempt_mode=squash
+ true
++ date -u +%Y-%m-%dT%H:%M:%SZ
+ writetaskstat timestamp_attempt_squash_begin 2024-03-04T10:48:27Z
+ jq -nc --arg key timestamp_attempt_squash_begin --arg value 2024-03-04T10:48:27Z '{ key: $key, value: $value }'
+ [[ squash == \s\q\u\a\s\h ]]
+ set +e
+ node /twcr/worker/../worker/squash-package.mjs tailwind.config.js
+ exitcode=0
+ set -e
+ [[ 0 != \0 ]]
+ cat package.json
+ sed 's/^/>>> /'
>>> {
>>>   "name": "@a11yphant/site",
>>>   "version": "0.0.1",
>>>   "description": "",
>>>   "author": "Michael Hinterhofer | Thomas Dax | Daniela Kubesch | Luca Pircher",
>>>   "private": true,
>>>   "license": "AGPL-3.0-or-later",
>>>   "dependencies": {},
>>>   "devDependencies": {
>>>     "@tailwindcss/typography": "0.5.10",
>>>     "tailwindcss": "3.4.1"
>>>   }
>>> }+ rm -f package-lock.json pnpm-lock.yaml yarn.lock
+ '[' ./services/site '!=' ./ ']'
+ rm -f /tmp/twcr-38cbeef036ce/package.json /tmp/twcr-38cbeef036ce/package-lock.json /tmp/twcr-38cbeef036ce/pnpm-lock.yaml /tmp/twcr-38cbeef036ce/yarn.lock
+ set +e
+ /twcr/worker/../worker/pm-install.sh npm /tmp/twcr-38cbeef036ce /twcr/mnt/results
+ package_manager_name=npm
+ procdir=/tmp/twcr-38cbeef036ce
+ datadir=/twcr/mnt/results
+ case "${package_manager_name}" in
++ '[' -f package-lock.json ']'
++ echo install
+ npm install --ignore-engines

added 118 packages, and audited 119 packages in 3s

28 packages are looking for funding
  run `npm fund` for details

found 0 vulnerabilities
npm notice 
npm notice New minor version of npm available! 10.2.4 -> 10.5.0
npm notice Changelog: <https://github.com/npm/cli/releases/tag/v10.5.0>
npm notice Run `npm install -g npm@10.5.0` to update!
npm notice 
+ npm query '*'
+ jq -cr '
        map({ name: .name, version: .version })
        | map(select(.name))
        | sort_by(.name)[]
      '
+ exitcode=0
+ set -e
+ [[ 0 != \0 ]]
++ jq -sr 'map(select(.name == "tailwindcss")) | first | .version'
+ tailwind_package_version=3.4.1
+ tailwind_config_exporter=tailwind.config.exporter2.cjs
+ '[' -f node_modules/tailwindcss/lib/lib/load-config.js ']'
+ tailwind_config_exporter=tailwind.config.exporter3.mjs
+ cp /twcr/worker/../worker/tailwind.config.exporter3.mjs ./
+ set +e
+ node ./tailwind.config.exporter3.mjs tailwind.config.js
+ exitcode=0
+ set -e
+ [[ 0 != \0 ]]
+ echo 'module.exports={plugins:['
+ jq -rs '
        map(select(.name | startswith("@tailwindcss/")))
        | map("require(" + ( .name | tojson ) + "),")[]
      '
+ grep -Ev '"@tailwindcss/postcss7-compat"'
+ echo ']}'
+ cat tailwind.config.js
+ sed 's/^/>>> /'
>>> module.exports={plugins:[
>>> require("@tailwindcss/typography"),
>>> ]}
+ node ./tailwind.config.exporter3.mjs tailwind.config.js
++ date -u +%Y-%m-%dT%H:%M:%SZ
+ writetaskstat timestamp_attempt_squash_end 2024-03-04T10:48:31Z
+ jq -nc --arg key timestamp_attempt_squash_end --arg value 2024-03-04T10:48:31Z '{ key: $key, value: $value }'
+ break
++ date -u +%Y-%m-%dT%H:%M:%SZ
+ writetaskstat timestamp_end 2024-03-04T10:48:31Z
+ jq -nc --arg key timestamp_end --arg value 2024-03-04T10:48:31Z '{ key: $key, value: $value }'
+ rm /twcr/mnt/results/extract-failed
+ touch /twcr/mnt/results/extract-completed
