==== RUN-DOCKER
+++ dirname -- ./worker/run.sh
++ cd -- ./worker
++ pwd
+ twcrdir=/twcr/worker/..
+ repo=github.com/Frontify/brand-sdk
+ reporef=main
+ repopath=./packages/guideline-blocks-settings
+ '[' true == true ']'
+ grep -q '^././'
++ echo github.com/Frontify/brand-sdk
++ sha256sum
++ awk '{ print $1 }'
++ cut -c1-12
+ procdir=/tmp/twcr-11856dc6727f
++ echo 'github.com/Frontify/brand-sdk;main;./packages/guideline-blocks-settings'
++ sha256sum
++ awk '{ print $1 }'
++ cut -c1-12
+ datadir=/twcr/worker/../mnt/dataset/data/e9e924dc3874
+ '[' '!' -z /twcr/mnt/results ']'
+ datadir=/twcr/mnt/results
+ touch /twcr/mnt/results/extract-failed
++ base64
++ tr -d =
++ tr /+ _-
++ base64
++ tr -d =
++ tr /+ _-
+ writetaskstat analysis_key github.com/Frontify/brand-sdk/bWFpbgo/Li9wYWNrYWdlcy9ndWlkZWxpbmUtYmxvY2tzLXNldHRpbmdzCg
+ jq -nc --arg key analysis_key --arg value github.com/Frontify/brand-sdk/bWFpbgo/Li9wYWNrYWdlcy9ndWlkZWxpbmUtYmxvY2tzLXNldHRpbmdzCg '{ key: $key, value: $value }'
++ date -u +%Y%m%d%H%M%S
++ sha256sum
++ awk '{ print $1 }'
++ cut -c1-16
++ head -c 32 /dev/urandom
+ writetaskstat analysis_nonce b52addb0ac7bf9ff
+ jq -nc --arg key analysis_nonce --arg value b52addb0ac7bf9ff '{ key: $key, value: $value }'
+ writetaskstat input_repo_name github.com/Frontify/brand-sdk
+ jq -nc --arg key input_repo_name --arg value github.com/Frontify/brand-sdk '{ key: $key, value: $value }'
+ writetaskstat input_repo_ref main
+ jq -nc --arg key input_repo_ref --arg value main '{ key: $key, value: $value }'
+ writetaskstat input_repo_path ./packages/guideline-blocks-settings
+ jq -nc --arg key input_repo_path --arg value ./packages/guideline-blocks-settings '{ key: $key, value: $value }'
++ date -u +%Y-%m-%dT%H:%M:%SZ
+ writetaskstat timestamp_begin 2024-03-05T12:26:09Z
+ jq -nc --arg key timestamp_begin --arg value 2024-03-05T12:26:09Z '{ key: $key, value: $value }'
+ mkdir -p /tmp/twcr-11856dc6727f
+ pushd /tmp/twcr-11856dc6727f
+ '[' -d .git ']'
+ git clone --depth=1 -b main https://github.com/Frontify/brand-sdk.git .
/tmp/twcr-11856dc6727f /twcr
Cloning into '.'...
++ date -u +%Y-%m-%dT%H:%M:%SZ
+ writetaskstat timestamp_git_clone_complete 2024-03-05T12:26:10Z
+ jq -nc --arg key timestamp_git_clone_complete --arg value 2024-03-05T12:26:10Z '{ key: $key, value: $value }'
++ git rev-parse HEAD
+ writetaskstat exec_repo_commit_sha b4a72a23c7ea5aa65beb1b264fb36930c0493ba1
+ jq -nc --arg key exec_repo_commit_sha --arg value b4a72a23c7ea5aa65beb1b264fb36930c0493ba1 '{ key: $key, value: $value }'
+++ git show --no-patch --format=%ci
++ date -u --date '2024-03-05 19:12:11 +0700' +%Y-%m-%dT%H:%M:%SZ
+ writetaskstat exec_repo_commit_date 2024-03-05T12:12:11Z
+ jq -nc --arg key exec_repo_commit_date --arg value 2024-03-05T12:12:11Z '{ key: $key, value: $value }'
+ '[' -z ./packages/guideline-blocks-settings ']'
+ pushd ./packages/guideline-blocks-settings
+ tailwind_config_file_name=
+ '[' -f tailwind.config.js ']'
+ '[' -f tailwind.config.cjs ']'
+ '[' -f tailwind.config.mjs ']'
+ '[' -f tailwind.config.ts ']'
+ tailwind_config_file_name=tailwind.config.ts
+ writetaskstat exec_tailwind_config_file tailwind.config.ts
+ jq -nc --arg key exec_tailwind_config_file --arg value tailwind.config.ts '{ key: $key, value: $value }'
/tmp/twcr-11856dc6727f/packages/guideline-blocks-settings /tmp/twcr-11856dc6727f /twcr
+ cp tailwind.config.ts /twcr/mnt/results/extract-raw-tailwind-config.js
+ '[' '!' -f package.json ']'
+ cp package.json /twcr/mnt/results/extract-raw-package.json
++ /twcr/worker/../worker/pm-detect.sh /tmp/twcr-11856dc6727f/packages/guideline-blocks-settings
+ package_manager_name=
+ '[' -z '' ']'
+ '[' ./packages/guideline-blocks-settings '!=' ./ ']'
++ /twcr/worker/../worker/pm-detect.sh /tmp/twcr-11856dc6727f
+ package_manager_name=pnpm
+ '[' -z pnpm ']'
+ writetaskstat exec_node_package_manager pnpm
+ jq -nc --arg key exec_node_package_manager --arg value pnpm '{ key: $key, value: $value }'
+ attempt_mode=squash
+ true
++ date -u +%Y-%m-%dT%H:%M:%SZ
+ writetaskstat timestamp_attempt_squash_begin 2024-03-05T12:26:10Z
+ jq -nc --arg key timestamp_attempt_squash_begin --arg value 2024-03-05T12:26:10Z '{ key: $key, value: $value }'
+ [[ squash == \s\q\u\a\s\h ]]
+ set +e
+ node /twcr/worker/../worker/squash-package.mjs tailwind.config.ts
+ exitcode=0
+ set -e
+ [[ 0 != \0 ]]
+ cat package.json
+ sed 's/^/>>> /'
+ rm -f package-lock.json pnpm-lock.yaml yarn.lock
>>> {
>>>   "name": "@frontify/guideline-blocks-settings",
>>>   "type": "module",
>>>   "version": "0.34.2",
>>>   "description": "Provides types and helpers for the guideline block development",
>>>   "author": "Frontify Developers <developers@frontify.com>",
>>>   "repository": {
>>>     "type": "git",
>>>     "url": "https://github.com/Frontify/brand-sdk",
>>>     "directory": "packages/guideline-blocks-settings"
>>>   },
>>>   "sideEffects": false,
>>>   "publishConfig": {
>>>     "access": "public"
>>>   },
>>>   "files": [
>>>     "dist"
>>>   ],
>>>   "exports": {
>>>     ".": {
>>>       "types": "./dist/index.d.ts",
>>>       "require": "./dist/index.umd.js",
>>>       "import": "./dist/index.es.js"
>>>     },
>>>     "./styles": "./dist/styles.css"
>>>   },
>>>   "main": "./dist/index.es.js",
>>>   "types": "./dist/index.d.ts",
>>>   "peerDependencies": {},
>>>   "dependencies": {
>>>     "@frontify/fondue": "12.0.0-beta.411"
>>>   },
>>>   "devDependencies": {
>>>     "tailwindcss": "^3.4.1"
>>>   }
>>> }+ '[' ./packages/guideline-blocks-settings '!=' ./ ']'
+ rm -f /tmp/twcr-11856dc6727f/package.json /tmp/twcr-11856dc6727f/package-lock.json /tmp/twcr-11856dc6727f/pnpm-lock.yaml /tmp/twcr-11856dc6727f/yarn.lock
+ set +e
+ /twcr/worker/../worker/pm-install.sh pnpm /tmp/twcr-11856dc6727f /twcr/mnt/results
+ package_manager_name=pnpm
+ procdir=/tmp/twcr-11856dc6727f
+ datadir=/twcr/mnt/results
+ case "${package_manager_name}" in
+ '[' '!' -f /tmp/twcr-11856dc6727f/package.json ']'
+ '[' '!' -f package.json ']'
++ pnpm -v
+ sed -Ei 's/("pnpm": ")(.+)(")/\18.15.4\3/' package.json
+ pnpm install
Scope: all 5 workspace projects
../..                                    | Progress: resolved 1, reused 0, downloaded 0, added 0
../..                                    | Progress: resolved 26, reused 0, downloaded 15, added 0
../..                                    | Progress: resolved 46, reused 0, downloaded 35, added 0
../..                                    | Progress: resolved 55, reused 0, downloaded 49, added 0
../..                                    | Progress: resolved 76, reused 0, downloaded 63, added 0
../..                                    | Progress: resolved 108, reused 0, downloaded 93, added 0
../..                                    | Progress: resolved 140, reused 0, downloaded 126, added 0
../..                                    | Progress: resolved 167, reused 0, downloaded 155, added 0
../..                                    | Progress: resolved 201, reused 0, downloaded 180, added 0
../..                                    | Progress: resolved 229, reused 0, downloaded 212, added 0
../..                                    | Progress: resolved 260, reused 0, downloaded 239, added 0
../..                                    | Progress: resolved 283, reused 0, downloaded 263, added 0
../..                                    | Progress: resolved 313, reused 0, downloaded 287, added 0
../..                                    | Progress: resolved 345, reused 0, downloaded 318, added 0
../..                                    | Progress: resolved 370, reused 0, downloaded 342, added 0
../..                                    | Progress: resolved 402, reused 0, downloaded 374, added 0
../..                                    | Progress: resolved 431, reused 0, downloaded 403, added 0
../..                                    | Progress: resolved 470, reused 0, downloaded 437, added 0
../..                                    | Progress: resolved 509, reused 0, downloaded 470, added 0
../..                                    | Progress: resolved 577, reused 0, downloaded 495, added 0
../..                                    | Progress: resolved 618, reused 0, downloaded 522, added 0
../..                                    | Progress: resolved 652, reused 0, downloaded 555, added 0
../..                                    | Progress: resolved 684, reused 0, downloaded 580, added 0
../..                                    | Progress: resolved 715, reused 0, downloaded 615, added 0
../..                                    | Progress: resolved 743, reused 0, downloaded 640, added 0
../..                                    | Progress: resolved 773, reused 0, downloaded 666, added 0
../..                                    | Progress: resolved 797, reused 0, downloaded 691, added 0
../..                                    | Progress: resolved 826, reused 0, downloaded 715, added 0
../..                                    | Progress: resolved 863, reused 0, downloaded 748, added 0
../..                                    | Progress: resolved 894, reused 0, downloaded 781, added 0
../..                                    | Progress: resolved 930, reused 0, downloaded 812, added 0
../..                                    | Progress: resolved 962, reused 0, downloaded 842, added 0
../..                                    | Progress: resolved 997, reused 0, downloaded 876, added 0
../..                                    | Progress: resolved 1027, reused 0, downloaded 904, added 0
../..                                    | Progress: resolved 1063, reused 0, downloaded 939, added 0
../..                                    | Progress: resolved 1100, reused 0, downloaded 976, added 0
../..                                    | Progress: resolved 1137, reused 0, downloaded 1013, added 0
../..                                    | Progress: resolved 1181, reused 0, downloaded 1052, added 0
../..                                    | Progress: resolved 1199, reused 0, downloaded 1090, added 0
 WARN  1 deprecated subdependencies found: sourcemap-codec@1.4.8
../..                                    |    +1145 ++++++++++++++++++++++++++++
../..                                    | Progress: resolved 1199, reused 0, downloaded 1107, added 218
../..                                    | Progress: resolved 1199, reused 0, downloaded 1144, added 1145, done
.../esbuild@0.18.20/node_modules/esbuild postinstall$ node install.js
.../esbuild@0.19.12/node_modules/esbuild postinstall$ node install.js
.../esbuild@0.18.20/node_modules/esbuild postinstall: Done
.../esbuild@0.19.12/node_modules/esbuild postinstall: Done
.../node_modules/msw postinstall$ node -e "try{require('./config/scripts/postinstall')}catch(e){}"
.../node_modules/msw postinstall: Done

dependencies:
+ @frontify/fondue 12.0.0-beta.411

devDependencies:
+ tailwindcss 3.4.1

 WARN  Issues with peer dependencies found
packages/app-bridge
└─┬ msw 1.3.2
  └── ✕ unmet peer typescript@">= 4.4.x <= 5.2.x": found 5.3.3

packages/guideline-blocks-settings
└─┬ @frontify/fondue 12.0.0-beta.411
  ├─┬ @xstate/immer 0.3.1
  │ └── ✕ unmet peer xstate@^4.29.0: found 4.28.1
  └─┬ @xstate/react 1.6.3
    └── ✕ unmet peer react@"^16.8.0 || ^17.0.0": found 18.2.0

packages/sidebar-settings
└─┬ @frontify/fondue 12.0.0-beta.411
  ├─┬ @xstate/immer 0.3.1
  │ └── ✕ unmet peer xstate@^4.29.0: found 4.28.1 in @frontify/fondue
  └─┬ @xstate/react 1.6.3
    └── ✕ unmet peer react@"^16.8.0 || ^17.0.0": found 18.2.0

Done in 44s
+ pnpm ls --json
+ jq -cr '
        .[]
        | [.dependencies, .devDependencies, .optionalDependencies]
        | map(select(.))[]
        | to_entries
        | map({ name: .key, version: .value.version })
        | sort_by(.name)[]
      '
+ exitcode=0
+ set -e
+ [[ 0 != \0 ]]
++ jq -sr 'map(select(.name == "tailwindcss")) | first | .version'
+ tailwind_package_version=3.4.1
+ tailwind_config_exporter=tailwind.config.exporter2.cjs
+ '[' -f node_modules/tailwindcss/lib/lib/load-config.js ']'
+ tailwind_config_exporter=tailwind.config.exporter3.mjs
+ cp /twcr/worker/../worker/tailwind.config.exporter3.mjs ./
+ set +e
+ node ./tailwind.config.exporter3.mjs tailwind.config.ts
+ exitcode=0
+ set -e
+ [[ 0 != \0 ]]
+ echo 'module.exports={plugins:['
+ jq -rs '
        map(select(.name | startswith("@tailwindcss/")))
        | map("require(" + ( .name | tojson ) + "),")[]
      '
+ grep -Ev '"@tailwindcss/postcss7-compat"'
+ true
+ echo ']}'
+ cat tailwind.config.ts
+ sed 's/^/>>> /'
>>> module.exports={plugins:[
>>> ]}
+ node ./tailwind.config.exporter3.mjs tailwind.config.ts
++ date -u +%Y-%m-%dT%H:%M:%SZ
+ writetaskstat timestamp_attempt_squash_end 2024-03-05T12:26:56Z
+ jq -nc --arg key timestamp_attempt_squash_end --arg value 2024-03-05T12:26:56Z '{ key: $key, value: $value }'
+ break
++ date -u +%Y-%m-%dT%H:%M:%SZ
+ writetaskstat timestamp_end 2024-03-05T12:26:56Z
+ jq -nc --arg key timestamp_end --arg value 2024-03-05T12:26:56Z '{ key: $key, value: $value }'
+ rm /twcr/mnt/results/extract-failed
+ touch /twcr/mnt/results/extract-completed
