==== RUN-DOCKER
+++ dirname -- ./worker/run.sh
++ cd -- ./worker
++ pwd
+ twcrdir=/twcr/worker/..
+ repo=github.com/themesberg/tailwind-typescript-starter
+ reporef=main
+ repopath=./
+ '[' true == true ']'
+ grep -q '^././'
++ echo github.com/themesberg/tailwind-typescript-starter
++ sha256sum
++ awk '{ print $1 }'
++ cut -c1-12
+ procdir=/tmp/twcr-2ccb1415bc37
++ echo 'github.com/themesberg/tailwind-typescript-starter;main;./'
++ sha256sum
++ awk '{ print $1 }'
++ cut -c1-12
+ datadir=/twcr/worker/../mnt/dataset/data/b0eaf84abb55
+ '[' '!' -z /twcr/mnt/results ']'
+ datadir=/twcr/mnt/results
+ touch /twcr/mnt/results/extract-failed
++ base64
++ tr -d =
++ tr /+ _-
++ base64
++ tr -d =
++ tr /+ _-
+ writetaskstat analysis_key github.com/themesberg/tailwind-typescript-starter/bWFpbgo/Li8K
+ jq -nc --arg key analysis_key --arg value github.com/themesberg/tailwind-typescript-starter/bWFpbgo/Li8K '{ key: $key, value: $value }'
++ date -u +%Y%m%d%H%M%S
++ sha256sum
++ awk '{ print $1 }'
++ cut -c1-16
++ head -c 32 /dev/urandom
+ writetaskstat analysis_nonce b2997ff6eaa71a2f
+ jq -nc --arg key analysis_nonce --arg value b2997ff6eaa71a2f '{ key: $key, value: $value }'
+ writetaskstat input_repo_name github.com/themesberg/tailwind-typescript-starter
+ jq -nc --arg key input_repo_name --arg value github.com/themesberg/tailwind-typescript-starter '{ key: $key, value: $value }'
+ writetaskstat input_repo_ref main
+ jq -nc --arg key input_repo_ref --arg value main '{ key: $key, value: $value }'
+ writetaskstat input_repo_path ./
+ jq -nc --arg key input_repo_path --arg value ./ '{ key: $key, value: $value }'
++ date -u +%Y-%m-%dT%H:%M:%SZ
+ writetaskstat timestamp_begin 2024-03-05T07:46:11Z
+ jq -nc --arg key timestamp_begin --arg value 2024-03-05T07:46:11Z '{ key: $key, value: $value }'
+ mkdir -p /tmp/twcr-2ccb1415bc37
/tmp/twcr-2ccb1415bc37 /twcr
+ pushd /tmp/twcr-2ccb1415bc37
+ '[' -d .git ']'
+ git clone --depth=1 -b main https://github.com/themesberg/tailwind-typescript-starter.git .
Cloning into '.'...
++ date -u +%Y-%m-%dT%H:%M:%SZ
+ writetaskstat timestamp_git_clone_complete 2024-03-05T07:46:12Z
+ jq -nc --arg key timestamp_git_clone_complete --arg value 2024-03-05T07:46:12Z '{ key: $key, value: $value }'
++ git rev-parse HEAD
+ writetaskstat exec_repo_commit_sha f6eb64c9952ae49824cd3847a620c96772cfa773
+ jq -nc --arg key exec_repo_commit_sha --arg value f6eb64c9952ae49824cd3847a620c96772cfa773 '{ key: $key, value: $value }'
+++ git show --no-patch --format=%ci
++ date -u --date '2023-11-22 13:33:39 +0200' +%Y-%m-%dT%H:%M:%SZ
+ writetaskstat exec_repo_commit_date 2023-11-22T11:33:39Z
+ jq -nc --arg key exec_repo_commit_date --arg value 2023-11-22T11:33:39Z '{ key: $key, value: $value }'
+ '[' -z ./ ']'
+ pushd ./
+ tailwind_config_file_name=
+ '[' -f tailwind.config.js ']'
+ tailwind_config_file_name=tailwind.config.js
+ writetaskstat exec_tailwind_config_file tailwind.config.js
+ jq -nc --arg key exec_tailwind_config_file --arg value tailwind.config.js '{ key: $key, value: $value }'
/tmp/twcr-2ccb1415bc37 /tmp/twcr-2ccb1415bc37 /twcr
+ cp tailwind.config.js /twcr/mnt/results/extract-raw-tailwind-config.js
+ '[' '!' -f package.json ']'
+ cp package.json /twcr/mnt/results/extract-raw-package.json
++ /twcr/worker/../worker/pm-detect.sh /tmp/twcr-2ccb1415bc37
+ package_manager_name=
+ '[' -z '' ']'
+ '[' ./ '!=' ./ ']'
+ '[' -z '' ']'
+ package_manager_name=npm
+ writetaskstat exec_node_package_manager npm
+ jq -nc --arg key exec_node_package_manager --arg value npm '{ key: $key, value: $value }'
+ attempt_mode=squash
+ true
++ date -u +%Y-%m-%dT%H:%M:%SZ
+ writetaskstat timestamp_attempt_squash_begin 2024-03-05T07:46:12Z
+ jq -nc --arg key timestamp_attempt_squash_begin --arg value 2024-03-05T07:46:12Z '{ key: $key, value: $value }'
+ [[ squash == \s\q\u\a\s\h ]]
+ set +e
+ node /twcr/worker/../worker/squash-package.mjs tailwind.config.js
+ exitcode=0
+ set -e
+ [[ 0 != \0 ]]
+ cat package.json
+ sed 's/^/>>> /'
>>> {
>>>   "name": "tailwind-typescript-starter",
>>>   "version": "1.0.0",
>>>   "description": "A starter project using Tailwind CSS, TypeScript, and Flowbite to help you get started with your applications.",
>>>   "main": "index.js",
>>>   "repository": {
>>>     "type": "git",
>>>     "url": "git+https://github.com/themesberg/tailwind-typescript-starter.git"
>>>   },
>>>   "keywords": [
>>>     "typescript",
>>>     "tailwind",
>>>     "tailwind",
>>>     "css",
>>>     "flowbite"
>>>   ],
>>>   "author": "Bergside Inc.",
>>>   "license": "MIT",
>>>   "bugs": {
>>>     "url": "https://github.com/themesberg/tailwind-typescript-starter/issues"
>>>   },
>>>   "homepage": "https://github.com/themesberg/tailwind-typescript-starter#readme",
>>>   "devDependencies": {
>>>     "tailwindcss": "^3.2.4"
>>>   },
>>>   "dependencies": {
>>>     "flowbite": "^2.2.0"
>>>   }
>>> }+ rm -f package-lock.json pnpm-lock.yaml yarn.lock
+ '[' ./ '!=' ./ ']'
+ set +e
+ /twcr/worker/../worker/pm-install.sh npm /tmp/twcr-2ccb1415bc37 /twcr/mnt/results
+ package_manager_name=npm
+ procdir=/tmp/twcr-2ccb1415bc37
+ datadir=/twcr/mnt/results
+ case "${package_manager_name}" in
++ '[' -f package-lock.json ']'
++ echo install
+ npm install --ignore-engines

added 115 packages, and audited 116 packages in 6s

29 packages are looking for funding
  run `npm fund` for details

found 0 vulnerabilities
npm notice 
npm notice New minor version of npm available! 10.2.4 -> 10.5.0
npm notice Changelog: <https://github.com/npm/cli/releases/tag/v10.5.0>
npm notice Run `npm install -g npm@10.5.0` to update!
npm notice 
+ npm query '*'
+ jq -cr '
        map({ name: .name, version: .version })
        | map(select(.name))
        | sort_by(.name)[]
      '
+ exitcode=0
+ set -e
+ [[ 0 != \0 ]]
++ jq -sr 'map(select(.name == "tailwindcss")) | first | .version'
+ tailwind_package_version=3.4.1
+ tailwind_config_exporter=tailwind.config.exporter2.cjs
+ '[' -f node_modules/tailwindcss/lib/lib/load-config.js ']'
+ tailwind_config_exporter=tailwind.config.exporter3.mjs
+ cp /twcr/worker/../worker/tailwind.config.exporter3.mjs ./
+ set +e
+ node ./tailwind.config.exporter3.mjs tailwind.config.js
+ exitcode=0
+ set -e
+ [[ 0 != \0 ]]
+ echo 'module.exports={plugins:['
+ jq -rs '
        map(select(.name | startswith("@tailwindcss/")))
        | map("require(" + ( .name | tojson ) + "),")[]
      '
+ grep -Ev '"@tailwindcss/postcss7-compat"'
+ true
+ echo ']}'
+ cat tailwind.config.js
+ sed 's/^/>>> /'
>>> module.exports={plugins:[
>>> ]}
+ node ./tailwind.config.exporter3.mjs tailwind.config.js
++ date -u +%Y-%m-%dT%H:%M:%SZ
+ writetaskstat timestamp_attempt_squash_end 2024-03-05T07:46:19Z
+ jq -nc --arg key timestamp_attempt_squash_end --arg value 2024-03-05T07:46:19Z '{ key: $key, value: $value }'
+ break
++ date -u +%Y-%m-%dT%H:%M:%SZ
+ writetaskstat timestamp_end 2024-03-05T07:46:19Z
+ jq -nc --arg key timestamp_end --arg value 2024-03-05T07:46:19Z '{ key: $key, value: $value }'
+ rm /twcr/mnt/results/extract-failed
+ touch /twcr/mnt/results/extract-completed
