==== RUN-DOCKER
+++ dirname -- ./worker/run.sh
++ cd -- ./worker
++ pwd
+ twcrdir=/twcr/worker/..
+ repo=github.com/maxjerry0107/sveltekit-weather-app
+ reporef=main
+ repopath=./
+ '[' true == true ']'
+ grep -q '^././'
++ echo github.com/maxjerry0107/sveltekit-weather-app
++ sha256sum
++ awk '{ print $1 }'
++ cut -c1-12
+ procdir=/tmp/twcr-de6ac66aff58
++ echo 'github.com/maxjerry0107/sveltekit-weather-app;main;./'
++ sha256sum
++ awk '{ print $1 }'
++ cut -c1-12
+ datadir=/twcr/worker/../mnt/dataset/data/fa756117c461
+ '[' '!' -z /twcr/mnt/results ']'
+ datadir=/twcr/mnt/results
+ touch /twcr/mnt/results/extract-failed
++ base64
++ tr -d =
++ tr /+ _-
++ base64
++ tr -d =
++ tr /+ _-
+ writetaskstat analysis_key github.com/maxjerry0107/sveltekit-weather-app/bWFpbgo/Li8K
+ jq -nc --arg key analysis_key --arg value github.com/maxjerry0107/sveltekit-weather-app/bWFpbgo/Li8K '{ key: $key, value: $value }'
++ date -u +%Y%m%d%H%M%S
++ sha256sum
++ awk '{ print $1 }'
++ cut -c1-16
++ head -c 32 /dev/urandom
+ writetaskstat analysis_nonce 6364011f4cc2701e
+ jq -nc --arg key analysis_nonce --arg value 6364011f4cc2701e '{ key: $key, value: $value }'
+ writetaskstat input_repo_name github.com/maxjerry0107/sveltekit-weather-app
+ jq -nc --arg key input_repo_name --arg value github.com/maxjerry0107/sveltekit-weather-app '{ key: $key, value: $value }'
+ writetaskstat input_repo_ref main
+ jq -nc --arg key input_repo_ref --arg value main '{ key: $key, value: $value }'
+ writetaskstat input_repo_path ./
+ jq -nc --arg key input_repo_path --arg value ./ '{ key: $key, value: $value }'
++ date -u +%Y-%m-%dT%H:%M:%SZ
+ writetaskstat timestamp_begin 2024-03-04T09:57:10Z
+ jq -nc --arg key timestamp_begin --arg value 2024-03-04T09:57:10Z '{ key: $key, value: $value }'
+ mkdir -p /tmp/twcr-de6ac66aff58
+ pushd /tmp/twcr-de6ac66aff58
+ '[' -d .git ']'
+ git clone --depth=1 -b main https://github.com/maxjerry0107/sveltekit-weather-app.git .
/tmp/twcr-de6ac66aff58 /twcr
Cloning into '.'...
++ date -u +%Y-%m-%dT%H:%M:%SZ
+ writetaskstat timestamp_git_clone_complete 2024-03-04T09:57:11Z
+ jq -nc --arg key timestamp_git_clone_complete --arg value 2024-03-04T09:57:11Z '{ key: $key, value: $value }'
++ git rev-parse HEAD
+ writetaskstat exec_repo_commit_sha f3e8173eef10e809c1d159e33fc3b5bc8f1b4d46
+ jq -nc --arg key exec_repo_commit_sha --arg value f3e8173eef10e809c1d159e33fc3b5bc8f1b4d46 '{ key: $key, value: $value }'
+++ git show --no-patch --format=%ci
++ date -u --date '2024-02-26 02:03:42 -0500' +%Y-%m-%dT%H:%M:%SZ
+ writetaskstat exec_repo_commit_date 2024-02-26T07:03:42Z
+ jq -nc --arg key exec_repo_commit_date --arg value 2024-02-26T07:03:42Z '{ key: $key, value: $value }'
/tmp/twcr-de6ac66aff58 /tmp/twcr-de6ac66aff58 /twcr
+ '[' -z ./ ']'
+ pushd ./
+ tailwind_config_file_name=
+ '[' -f tailwind.config.js ']'
+ tailwind_config_file_name=tailwind.config.js
+ writetaskstat exec_tailwind_config_file tailwind.config.js
+ jq -nc --arg key exec_tailwind_config_file --arg value tailwind.config.js '{ key: $key, value: $value }'
+ cp tailwind.config.js /twcr/mnt/results/extract-raw-tailwind-config.js
+ '[' '!' -f package.json ']'
+ cp package.json /twcr/mnt/results/extract-raw-package.json
++ /twcr/worker/../worker/pm-detect.sh /tmp/twcr-de6ac66aff58
+ package_manager_name=pnpm
+ '[' -z pnpm ']'
+ '[' -z pnpm ']'
+ writetaskstat exec_node_package_manager pnpm
+ jq -nc --arg key exec_node_package_manager --arg value pnpm '{ key: $key, value: $value }'
+ attempt_mode=squash
+ true
++ date -u +%Y-%m-%dT%H:%M:%SZ
+ writetaskstat timestamp_attempt_squash_begin 2024-03-04T09:57:11Z
+ jq -nc --arg key timestamp_attempt_squash_begin --arg value 2024-03-04T09:57:11Z '{ key: $key, value: $value }'
+ [[ squash == \s\q\u\a\s\h ]]
+ set +e
+ node /twcr/worker/../worker/squash-package.mjs tailwind.config.js
+ exitcode=0
+ set -e
+ [[ 0 != \0 ]]
+ cat package.json
+ sed 's/^/>>> /'
>>> {
>>>   "name": "sveltekit-weather-app",
>>>   "version": "0.0.1",
>>>   "private": true,
>>>   "devDependencies": {
>>>     "@tailwindcss/aspect-ratio": "^0.4.2",
>>>     "tailwind-scrollbar-hide": "^1.1.7",
>>>     "tailwindcss": "^3.4.1",
>>>     "tailwindcss-animate": "^1.0.7"
>>>   },
>>>   "type": "module",
>>>   "dependencies": {}
>>> }+ rm -f package-lock.json pnpm-lock.yaml yarn.lock
+ '[' ./ '!=' ./ ']'
+ set +e
+ /twcr/worker/../worker/pm-install.sh pnpm /tmp/twcr-de6ac66aff58 /twcr/mnt/results
+ package_manager_name=pnpm
+ procdir=/tmp/twcr-de6ac66aff58
+ datadir=/twcr/mnt/results
+ case "${package_manager_name}" in
+ '[' '!' -f /tmp/twcr-de6ac66aff58/package.json ']'
++ pnpm -v
+ sed -Ei 's/("pnpm": ")(.+)(")/\18.15.4\3/' /tmp/twcr-de6ac66aff58/package.json
+ '[' '!' -f package.json ']'
++ pnpm -v
+ sed -Ei 's/("pnpm": ")(.+)(")/\18.15.4\3/' package.json
+ pnpm install
Progress: resolved 1, reused 0, downloaded 0, added 0
Progress: resolved 27, reused 0, downloaded 22, added 0
Progress: resolved 62, reused 0, downloaded 52, added 0
Progress: resolved 96, reused 0, downloaded 84, added 0
Packages: +108
++++++++++++++++++++++++++++++++++++++++++++++++++++++++++++++++++++++++++++++++
Progress: resolved 109, reused 0, downloaded 108, added 108, done

devDependencies:
+ @tailwindcss/aspect-ratio 0.4.2
+ tailwind-scrollbar-hide 1.1.7
+ tailwindcss 3.4.1
+ tailwindcss-animate 1.0.7

Done in 4.8s
+ pnpm ls --json
+ jq -cr '
        .[]
        | [.dependencies, .devDependencies, .optionalDependencies]
        | map(select(.))[]
        | to_entries
        | map({ name: .key, version: .value.version })
        | sort_by(.name)[]
      '
+ exitcode=0
+ set -e
+ [[ 0 != \0 ]]
++ jq -sr 'map(select(.name == "tailwindcss")) | first | .version'
+ tailwind_package_version=3.4.1
+ tailwind_config_exporter=tailwind.config.exporter2.cjs
+ '[' -f node_modules/tailwindcss/lib/lib/load-config.js ']'
+ tailwind_config_exporter=tailwind.config.exporter3.mjs
+ cp /twcr/worker/../worker/tailwind.config.exporter3.mjs ./
+ set +e
+ node ./tailwind.config.exporter3.mjs tailwind.config.js
+ exitcode=0
+ set -e
+ [[ 0 != \0 ]]
+ echo 'module.exports={plugins:['
+ jq -rs '
        map(select(.name | startswith("@tailwindcss/")))
        | map("require(" + ( .name | tojson ) + "),")[]
      '
+ grep -Ev '"@tailwindcss/postcss7-compat"'
+ echo ']}'
+ cat tailwind.config.js
+ sed 's/^/>>> /'
>>> module.exports={plugins:[
>>> require("@tailwindcss/aspect-ratio"),
>>> ]}
+ node ./tailwind.config.exporter3.mjs tailwind.config.js
++ date -u +%Y-%m-%dT%H:%M:%SZ
+ writetaskstat timestamp_attempt_squash_end 2024-03-04T09:57:18Z
+ jq -nc --arg key timestamp_attempt_squash_end --arg value 2024-03-04T09:57:18Z '{ key: $key, value: $value }'
+ break
++ date -u +%Y-%m-%dT%H:%M:%SZ
+ writetaskstat timestamp_end 2024-03-04T09:57:18Z
+ jq -nc --arg key timestamp_end --arg value 2024-03-04T09:57:18Z '{ key: $key, value: $value }'
+ rm /twcr/mnt/results/extract-failed
+ touch /twcr/mnt/results/extract-completed
