==== RUN-DOCKER
+++ dirname -- ./worker/run.sh
++ cd -- ./worker
++ pwd
+ twcrdir=/twcr/worker/..
+ repo=github.com/cvrlnolan/turborepo-tailwindcss
+ reporef=main
+ repopath=./packages/config
+ '[' true == true ']'
+ grep -q '^././'
++ echo github.com/cvrlnolan/turborepo-tailwindcss
++ sha256sum
++ awk '{ print $1 }'
++ cut -c1-12
+ procdir=/tmp/twcr-48331a9bd7ae
++ echo 'github.com/cvrlnolan/turborepo-tailwindcss;main;./packages/config'
++ sha256sum
++ awk '{ print $1 }'
++ cut -c1-12
+ datadir=/twcr/worker/../mnt/dataset/data/97d8640f36ed
+ '[' '!' -z /twcr/mnt/results ']'
+ datadir=/twcr/mnt/results
+ touch /twcr/mnt/results/extract-failed
++ base64
++ tr -d =
++ tr /+ _-
++ base64
++ tr -d =
++ tr /+ _-
+ writetaskstat analysis_key github.com/cvrlnolan/turborepo-tailwindcss/bWFpbgo/Li9wYWNrYWdlcy9jb25maWcK
+ jq -nc --arg key analysis_key --arg value github.com/cvrlnolan/turborepo-tailwindcss/bWFpbgo/Li9wYWNrYWdlcy9jb25maWcK '{ key: $key, value: $value }'
++ date -u +%Y%m%d%H%M%S
++ sha256sum
++ awk '{ print $1 }'
++ cut -c1-16
++ head -c 32 /dev/urandom
+ writetaskstat analysis_nonce 3c1b0dfc4cf45f24
+ jq -nc --arg key analysis_nonce --arg value 3c1b0dfc4cf45f24 '{ key: $key, value: $value }'
+ writetaskstat input_repo_name github.com/cvrlnolan/turborepo-tailwindcss
+ jq -nc --arg key input_repo_name --arg value github.com/cvrlnolan/turborepo-tailwindcss '{ key: $key, value: $value }'
+ writetaskstat input_repo_ref main
+ jq -nc --arg key input_repo_ref --arg value main '{ key: $key, value: $value }'
+ writetaskstat input_repo_path ./packages/config
+ jq -nc --arg key input_repo_path --arg value ./packages/config '{ key: $key, value: $value }'
++ date -u +%Y-%m-%dT%H:%M:%SZ
+ writetaskstat timestamp_begin 2024-03-04T07:13:58Z
+ jq -nc --arg key timestamp_begin --arg value 2024-03-04T07:13:58Z '{ key: $key, value: $value }'
+ mkdir -p /tmp/twcr-48331a9bd7ae
/tmp/twcr-48331a9bd7ae /twcr
+ pushd /tmp/twcr-48331a9bd7ae
+ '[' -d .git ']'
+ git clone --depth=1 -b main https://github.com/cvrlnolan/turborepo-tailwindcss.git .
Cloning into '.'...
++ date -u +%Y-%m-%dT%H:%M:%SZ
+ writetaskstat timestamp_git_clone_complete 2024-03-04T07:13:59Z
+ jq -nc --arg key timestamp_git_clone_complete --arg value 2024-03-04T07:13:59Z '{ key: $key, value: $value }'
++ git rev-parse HEAD
+ writetaskstat exec_repo_commit_sha 3e58e60ffbbe1bf0fc5d145cc0ec71a7374fd1c9
+ jq -nc --arg key exec_repo_commit_sha --arg value 3e58e60ffbbe1bf0fc5d145cc0ec71a7374fd1c9 '{ key: $key, value: $value }'
+++ git show --no-patch --format=%ci
++ date -u --date '2023-07-19 17:29:47 +0100' +%Y-%m-%dT%H:%M:%SZ
+ writetaskstat exec_repo_commit_date 2023-07-19T16:29:47Z
+ jq -nc --arg key exec_repo_commit_date --arg value 2023-07-19T16:29:47Z '{ key: $key, value: $value }'
+ '[' -z ./packages/config ']'
+ pushd ./packages/config
+ tailwind_config_file_name=
+ '[' -f tailwind.config.js ']'
+ tailwind_config_file_name=tailwind.config.js
+ writetaskstat exec_tailwind_config_file tailwind.config.js
+ jq -nc --arg key exec_tailwind_config_file --arg value tailwind.config.js '{ key: $key, value: $value }'
/tmp/twcr-48331a9bd7ae/packages/config /tmp/twcr-48331a9bd7ae /twcr
+ cp tailwind.config.js /twcr/mnt/results/extract-raw-tailwind-config.js
+ '[' '!' -f package.json ']'
+ cp package.json /twcr/mnt/results/extract-raw-package.json
++ /twcr/worker/../worker/pm-detect.sh /tmp/twcr-48331a9bd7ae/packages/config
+ package_manager_name=
+ '[' -z '' ']'
+ '[' ./packages/config '!=' ./ ']'
++ /twcr/worker/../worker/pm-detect.sh /tmp/twcr-48331a9bd7ae
+ package_manager_name=yarn
+ '[' -z yarn ']'
+ writetaskstat exec_node_package_manager yarn
+ jq -nc --arg key exec_node_package_manager --arg value yarn '{ key: $key, value: $value }'
+ attempt_mode=squash
+ true
++ date -u +%Y-%m-%dT%H:%M:%SZ
+ writetaskstat timestamp_attempt_squash_begin 2024-03-04T07:13:59Z
+ jq -nc --arg key timestamp_attempt_squash_begin --arg value 2024-03-04T07:13:59Z '{ key: $key, value: $value }'
+ [[ squash == \s\q\u\a\s\h ]]
+ set +e
+ node /twcr/worker/../worker/squash-package.mjs tailwind.config.js
[squash-package] ERROR: failed to find any match for import path (tailwindcss/defaultTheme)
+ exitcode=1
+ set -e
+ [[ 1 != \0 ]]
+ echo '[worker] WARN: squash failed; retrying with full install'
[worker] WARN: squash failed; retrying with full install
+ attempt_mode=full
+ continue
+ true
++ date -u +%Y-%m-%dT%H:%M:%SZ
+ writetaskstat timestamp_attempt_full_begin 2024-03-04T07:13:59Z
+ jq -nc --arg key timestamp_attempt_full_begin --arg value 2024-03-04T07:13:59Z '{ key: $key, value: $value }'
+ [[ full == \s\q\u\a\s\h ]]
+ git clean -fdx
+ git reset --hard
HEAD is now at 3e58e60 fix(ui): mobile view layout width
+ set +e
+ /twcr/worker/../worker/pm-install.sh yarn /tmp/twcr-48331a9bd7ae /twcr/mnt/results
+ package_manager_name=yarn
+ procdir=/tmp/twcr-48331a9bd7ae
+ datadir=/twcr/mnt/results
+ case "${package_manager_name}" in
+ '[' -z http://tid_dcd7f17f79ee:ok@172.18.0.2:3128 ']'
+ yarn config set httpProxy http://tid_dcd7f17f79ee:ok@172.18.0.2:3128
yarn config v1.22.19
success Set "httpProxy" to "http://tid_dcd7f17f79ee:ok@172.18.0.2:3128".
Done in 0.04s.
+ '[' -z http://tid_dcd7f17f79ee:ok@172.18.0.2:3128 ']'
+ yarn config set httpsProxy http://tid_dcd7f17f79ee:ok@172.18.0.2:3128
yarn config v1.22.19
success Set "httpsProxy" to "http://tid_dcd7f17f79ee:ok@172.18.0.2:3128".
Done in 0.04s.
+ yarn install
yarn install v1.22.19
[1/5] Validating package.json...
[2/5] Resolving packages...
[3/5] Fetching packages...
(node:145) [DEP0040] DeprecationWarning: The `punycode` module is deprecated. Please use a userland alternative instead.
(Use `node --trace-deprecation ...` to show where the warning was created)
[4/5] Linking dependencies...
warning " > @vitejs/plugin-react@4.0.3" has unmet peer dependency "vite@^4.2.0".
[5/5] Building fresh packages...
Done in 79.44s.
+ yarn list --depth=0 --json --non-interactive --no-progress
+ jq -cr '
        [.. | .name?]
        | map(select(.))
        | map(capture("^(?<name>@?[^@]+)@(?<version>.+)$"))
        | sort_by(.name)[]'
+ exitcode=0
+ set -e
+ [[ 0 != \0 ]]
++ jq -sr 'map(select(.name == "tailwindcss")) | first | .version'
+ tailwind_package_version=3.3.2
+ tailwind_config_exporter=tailwind.config.exporter2.cjs
+ '[' -f node_modules/tailwindcss/lib/lib/load-config.js ']'
+ cp /twcr/worker/../worker/tailwind.config.exporter2.cjs ./
+ set +e
+ node ./tailwind.config.exporter2.cjs tailwind.config.js
+ exitcode=0
+ set -e
+ [[ 0 != \0 ]]
+ echo 'module.exports={plugins:['
+ jq -rs '
        map(select(.name | startswith("@tailwindcss/")))
        | map("require(" + ( .name | tojson ) + "),")[]
      '
+ grep -Ev '"@tailwindcss/postcss7-compat"'
+ true
+ echo ']}'
+ cat tailwind.config.js
+ sed 's/^/>>> /'
>>> module.exports={plugins:[
>>> ]}
+ node ./tailwind.config.exporter2.cjs tailwind.config.js
++ date -u +%Y-%m-%dT%H:%M:%SZ
+ writetaskstat timestamp_attempt_full_end 2024-03-04T07:15:20Z
+ jq -nc --arg key timestamp_attempt_full_end --arg value 2024-03-04T07:15:20Z '{ key: $key, value: $value }'
+ break
++ date -u +%Y-%m-%dT%H:%M:%SZ
+ writetaskstat timestamp_end 2024-03-04T07:15:20Z
+ jq -nc --arg key timestamp_end --arg value 2024-03-04T07:15:20Z '{ key: $key, value: $value }'
+ rm /twcr/mnt/results/extract-failed
+ touch /twcr/mnt/results/extract-completed
