==== RUN-DOCKER
+++ dirname -- ./worker/run.sh
++ cd -- ./worker
++ pwd
+ twcrdir=/twcr/worker/..
+ repo=github.com/conceptadev/mix
+ reporef=main
+ repopath=./website
+ '[' true == true ']'
+ grep -q '^././'
++ echo github.com/conceptadev/mix
++ sha256sum
++ awk '{ print $1 }'
++ cut -c1-12
+ procdir=/tmp/twcr-2a9a3bc3413f
++ echo 'github.com/conceptadev/mix;main;./website'
++ sha256sum
++ awk '{ print $1 }'
++ cut -c1-12
+ datadir=/twcr/worker/../mnt/dataset/data/d02495bd2a08
+ '[' '!' -z /twcr/mnt/results ']'
+ datadir=/twcr/mnt/results
+ touch /twcr/mnt/results/extract-failed
++ base64
++ tr -d =
++ tr /+ _-
++ base64
++ tr -d =
++ tr /+ _-
+ writetaskstat analysis_key github.com/conceptadev/mix/bWFpbgo/Li93ZWJzaXRlCg
+ jq -nc --arg key analysis_key --arg value github.com/conceptadev/mix/bWFpbgo/Li93ZWJzaXRlCg '{ key: $key, value: $value }'
++ date -u +%Y%m%d%H%M%S
++ sha256sum
++ awk '{ print $1 }'
++ cut -c1-16
++ head -c 32 /dev/urandom
+ writetaskstat analysis_nonce 796698aad34b4c89
+ jq -nc --arg key analysis_nonce --arg value 796698aad34b4c89 '{ key: $key, value: $value }'
+ writetaskstat input_repo_name github.com/conceptadev/mix
+ jq -nc --arg key input_repo_name --arg value github.com/conceptadev/mix '{ key: $key, value: $value }'
+ writetaskstat input_repo_ref main
+ jq -nc --arg key input_repo_ref --arg value main '{ key: $key, value: $value }'
+ writetaskstat input_repo_path ./website
+ jq -nc --arg key input_repo_path --arg value ./website '{ key: $key, value: $value }'
++ date -u +%Y-%m-%dT%H:%M:%SZ
+ writetaskstat timestamp_begin 2024-03-05T01:04:10Z
+ jq -nc --arg key timestamp_begin --arg value 2024-03-05T01:04:10Z '{ key: $key, value: $value }'
+ mkdir -p /tmp/twcr-2a9a3bc3413f
+ pushd /tmp/twcr-2a9a3bc3413f
+ '[' -d .git ']'
+ git clone --depth=1 -b main https://github.com/conceptadev/mix.git .
/tmp/twcr-2a9a3bc3413f /twcr
Cloning into '.'...
++ date -u +%Y-%m-%dT%H:%M:%SZ
+ writetaskstat timestamp_git_clone_complete 2024-03-05T01:04:11Z
+ jq -nc --arg key timestamp_git_clone_complete --arg value 2024-03-05T01:04:11Z '{ key: $key, value: $value }'
++ git rev-parse HEAD
+ writetaskstat exec_repo_commit_sha 3dccdebe4a6adfd0e79e8dc232c688ee74a3aebe
+ jq -nc --arg key exec_repo_commit_sha --arg value 3dccdebe4a6adfd0e79e8dc232c688ee74a3aebe '{ key: $key, value: $value }'
+++ git show --no-patch --format=%ci
++ date -u --date '2024-03-04 14:50:08 -0500' +%Y-%m-%dT%H:%M:%SZ
+ writetaskstat exec_repo_commit_date 2024-03-04T19:50:08Z
+ jq -nc --arg key exec_repo_commit_date --arg value 2024-03-04T19:50:08Z '{ key: $key, value: $value }'
+ '[' -z ./website ']'
+ pushd ./website
+ tailwind_config_file_name=
+ '[' -f tailwind.config.js ']'
+ '[' -f tailwind.config.cjs ']'
+ '[' -f tailwind.config.mjs ']'
+ '[' -f tailwind.config.ts ']'
+ tailwind_config_file_name=tailwind.config.ts
+ writetaskstat exec_tailwind_config_file tailwind.config.ts
+ jq -nc --arg key exec_tailwind_config_file --arg value tailwind.config.ts '{ key: $key, value: $value }'
/tmp/twcr-2a9a3bc3413f/website /tmp/twcr-2a9a3bc3413f /twcr
+ cp tailwind.config.ts /twcr/mnt/results/extract-raw-tailwind-config.js
+ '[' '!' -f package.json ']'
+ cp package.json /twcr/mnt/results/extract-raw-package.json
++ /twcr/worker/../worker/pm-detect.sh /tmp/twcr-2a9a3bc3413f/website
+ package_manager_name=
+ '[' -z '' ']'
+ '[' ./website '!=' ./ ']'
++ /twcr/worker/../worker/pm-detect.sh /tmp/twcr-2a9a3bc3413f
grep: /tmp/twcr-2a9a3bc3413f/package.json: No such file or directory
grep: /tmp/twcr-2a9a3bc3413f/package.json: No such file or directory
grep: /tmp/twcr-2a9a3bc3413f/package.json: No such file or directory
/twcr/worker/../worker/pm-detect.sh: line 17: /tmp/twcr-2a9a3bc3413f/package.json: No such file or directory
+ package_manager_name=
+ '[' -z '' ']'
+ package_manager_name=npm
+ writetaskstat exec_node_package_manager npm
+ jq -nc --arg key exec_node_package_manager --arg value npm '{ key: $key, value: $value }'
+ attempt_mode=squash
+ true
++ date -u +%Y-%m-%dT%H:%M:%SZ
+ writetaskstat timestamp_attempt_squash_begin 2024-03-05T01:04:11Z
+ jq -nc --arg key timestamp_attempt_squash_begin --arg value 2024-03-05T01:04:11Z '{ key: $key, value: $value }'
+ [[ squash == \s\q\u\a\s\h ]]
+ set +e
+ node /twcr/worker/../worker/squash-package.mjs tailwind.config.ts
+ exitcode=0
+ set -e
+ [[ 0 != \0 ]]
+ cat package.json
+ sed 's/^/>>> /'
>>> {
>>>   "name": "mix-docs",
>>>   "version": "1.0.0",
>>>   "description": "",
>>>   "main": "index.js",
>>>   "dependencies": {},
>>>   "devDependencies": {
>>>     "tailwindcss": "^3.3.6"
>>>   }
>>> }+ rm -f package-lock.json pnpm-lock.yaml yarn.lock
+ '[' ./website '!=' ./ ']'
+ rm -f /tmp/twcr-2a9a3bc3413f/package.json /tmp/twcr-2a9a3bc3413f/package-lock.json /tmp/twcr-2a9a3bc3413f/pnpm-lock.yaml /tmp/twcr-2a9a3bc3413f/yarn.lock
+ set +e
+ /twcr/worker/../worker/pm-install.sh npm /tmp/twcr-2a9a3bc3413f /twcr/mnt/results
+ package_manager_name=npm
+ procdir=/tmp/twcr-2a9a3bc3413f
+ datadir=/twcr/mnt/results
+ case "${package_manager_name}" in
++ '[' -f package-lock.json ']'
++ echo install
+ npm install --ignore-engines

added 112 packages, and audited 113 packages in 4s

28 packages are looking for funding
  run `npm fund` for details

found 0 vulnerabilities
npm notice 
npm notice New minor version of npm available! 10.2.4 -> 10.5.0
npm notice Changelog: <https://github.com/npm/cli/releases/tag/v10.5.0>
npm notice Run `npm install -g npm@10.5.0` to update!
npm notice 
+ npm query '*'
+ jq -cr '
        map({ name: .name, version: .version })
        | map(select(.name))
        | sort_by(.name)[]
      '
+ exitcode=0
+ set -e
+ [[ 0 != \0 ]]
++ jq -sr 'map(select(.name == "tailwindcss")) | first | .version'
+ tailwind_package_version=3.4.1
+ tailwind_config_exporter=tailwind.config.exporter2.cjs
+ '[' -f node_modules/tailwindcss/lib/lib/load-config.js ']'
+ tailwind_config_exporter=tailwind.config.exporter3.mjs
+ cp /twcr/worker/../worker/tailwind.config.exporter3.mjs ./
+ set +e
+ node ./tailwind.config.exporter3.mjs tailwind.config.ts
+ exitcode=0
+ set -e
+ [[ 0 != \0 ]]
+ echo 'module.exports={plugins:['
+ jq -rs '
        map(select(.name | startswith("@tailwindcss/")))
        | map("require(" + ( .name | tojson ) + "),")[]
      '
+ grep -Ev '"@tailwindcss/postcss7-compat"'
+ true
+ echo ']}'
+ cat tailwind.config.ts
+ sed 's/^/>>> /'
>>> module.exports={plugins:[
>>> ]}
+ node ./tailwind.config.exporter3.mjs tailwind.config.ts
++ date -u +%Y-%m-%dT%H:%M:%SZ
+ writetaskstat timestamp_attempt_squash_end 2024-03-05T01:04:17Z
+ jq -nc --arg key timestamp_attempt_squash_end --arg value 2024-03-05T01:04:17Z '{ key: $key, value: $value }'
+ break
++ date -u +%Y-%m-%dT%H:%M:%SZ
+ writetaskstat timestamp_end 2024-03-05T01:04:17Z
+ jq -nc --arg key timestamp_end --arg value 2024-03-05T01:04:17Z '{ key: $key, value: $value }'
+ rm /twcr/mnt/results/extract-failed
+ touch /twcr/mnt/results/extract-completed
