==== RUN-DOCKER
+++ dirname -- ./worker/run.sh
++ cd -- ./worker
++ pwd
+ twcrdir=/twcr/worker/..
+ repo=github.com/viandwi24/nuxt3-awesome-starter
+ reporef=v2
+ repopath=./
+ '[' true == true ']'
+ grep -q '^././'
++ echo github.com/viandwi24/nuxt3-awesome-starter
++ sha256sum
++ awk '{ print $1 }'
++ cut -c1-12
+ procdir=/tmp/twcr-c6e78a7fb603
++ echo 'github.com/viandwi24/nuxt3-awesome-starter;v2;./'
++ awk '{ print $1 }'
++ sha256sum
++ cut -c1-12
+ datadir=/twcr/worker/../mnt/dataset/data/2cb9da76168b
+ '[' '!' -z /twcr/mnt/results ']'
+ datadir=/twcr/mnt/results
+ touch /twcr/mnt/results/extract-failed
++ base64
++ tr -d =
++ tr /+ _-
++ base64
++ tr -d =
++ tr /+ _-
+ writetaskstat analysis_key github.com/viandwi24/nuxt3-awesome-starter/djIK/Li8K
+ jq -nc --arg key analysis_key --arg value github.com/viandwi24/nuxt3-awesome-starter/djIK/Li8K '{ key: $key, value: $value }'
++ date -u +%Y%m%d%H%M%S
++ sha256sum
++ awk '{ print $1 }'
++ cut -c1-16
++ head -c 32 /dev/urandom
+ writetaskstat analysis_nonce 2d84df788dd031d3
+ jq -nc --arg key analysis_nonce --arg value 2d84df788dd031d3 '{ key: $key, value: $value }'
+ writetaskstat input_repo_name github.com/viandwi24/nuxt3-awesome-starter
+ jq -nc --arg key input_repo_name --arg value github.com/viandwi24/nuxt3-awesome-starter '{ key: $key, value: $value }'
+ writetaskstat input_repo_ref v2
+ jq -nc --arg key input_repo_ref --arg value v2 '{ key: $key, value: $value }'
+ writetaskstat input_repo_path ./
+ jq -nc --arg key input_repo_path --arg value ./ '{ key: $key, value: $value }'
++ date -u +%Y-%m-%dT%H:%M:%SZ
+ writetaskstat timestamp_begin 2024-03-04T02:57:53Z
+ jq -nc --arg key timestamp_begin --arg value 2024-03-04T02:57:53Z '{ key: $key, value: $value }'
+ mkdir -p /tmp/twcr-c6e78a7fb603
/tmp/twcr-c6e78a7fb603 /twcr
+ pushd /tmp/twcr-c6e78a7fb603
+ '[' -d .git ']'
+ git clone --depth=1 -b v2 https://github.com/viandwi24/nuxt3-awesome-starter.git .
Cloning into '.'...
++ date -u +%Y-%m-%dT%H:%M:%SZ
+ writetaskstat timestamp_git_clone_complete 2024-03-04T02:57:54Z
+ jq -nc --arg key timestamp_git_clone_complete --arg value 2024-03-04T02:57:54Z '{ key: $key, value: $value }'
++ git rev-parse HEAD
+ writetaskstat exec_repo_commit_sha 8316aadf692c7514b46a220f1165b4f7d9d79c18
+ jq -nc --arg key exec_repo_commit_sha --arg value 8316aadf692c7514b46a220f1165b4f7d9d79c18 '{ key: $key, value: $value }'
+++ git show --no-patch --format=%ci
++ date -u --date '2023-11-02 00:08:27 +0700' +%Y-%m-%dT%H:%M:%SZ
+ writetaskstat exec_repo_commit_date 2023-11-01T17:08:27Z
+ jq -nc --arg key exec_repo_commit_date --arg value 2023-11-01T17:08:27Z '{ key: $key, value: $value }'
/tmp/twcr-c6e78a7fb603 /tmp/twcr-c6e78a7fb603 /twcr
+ '[' -z ./ ']'
+ pushd ./
+ tailwind_config_file_name=
+ '[' -f tailwind.config.js ']'
+ '[' -f tailwind.config.cjs ']'
+ '[' -f tailwind.config.mjs ']'
+ '[' -f tailwind.config.ts ']'
+ tailwind_config_file_name=tailwind.config.ts
+ writetaskstat exec_tailwind_config_file tailwind.config.ts
+ jq -nc --arg key exec_tailwind_config_file --arg value tailwind.config.ts '{ key: $key, value: $value }'
+ cp tailwind.config.ts /twcr/mnt/results/extract-raw-tailwind-config.js
+ '[' '!' -f package.json ']'
+ cp package.json /twcr/mnt/results/extract-raw-package.json
++ /twcr/worker/../worker/pm-detect.sh /tmp/twcr-c6e78a7fb603
+ package_manager_name=pnpm
+ '[' -z pnpm ']'
+ '[' -z pnpm ']'
+ writetaskstat exec_node_package_manager pnpm
+ jq -nc --arg key exec_node_package_manager --arg value pnpm '{ key: $key, value: $value }'
+ attempt_mode=squash
+ true
++ date -u +%Y-%m-%dT%H:%M:%SZ
+ writetaskstat timestamp_attempt_squash_begin 2024-03-04T02:57:54Z
+ jq -nc --arg key timestamp_attempt_squash_begin --arg value 2024-03-04T02:57:54Z '{ key: $key, value: $value }'
+ [[ squash == \s\q\u\a\s\h ]]
+ set +e
+ node /twcr/worker/../worker/squash-package.mjs tailwind.config.ts
+ exitcode=0
+ set -e
+ [[ 0 != \0 ]]
+ cat package.json
+ sed 's/^/>>> /'
>>> {
>>>   "name": "@nuxt-awesome/theme",
>>>   "version": "2.0.12",
>>>   "description": "a Nuxt 3 template and boilerplate with a lot of useful features. Nuxt 3 + Tailwindcss + Nuxt Layer",
>>>   "author": "viandwi24",
>>>   "private": false,
>>>   "license": "MIT",
>>>   "type": "module",
>>>   "main": "./nuxt.config.ts",
>>>   "repository": {
>>>     "type": "git",
>>>     "url": "git://github.com/viandwi24/nuxt3-awesome-starter"
>>>   },
>>>   "files": [
>>>     "assets",
>>>     "components",
>>>     "composables",
>>>     "layouts",
>>>     "modules",
>>>     "pages",
>>>     "public",
>>>     "stores",
>>>     "app.config.ts",
>>>     "app.vue",
>>>     "nuxt.config.ts",
>>>     "nuxt.schema.ts",
>>>     "tailwind.config.ts",
>>>     "tsconfig.json"
>>>   ],
>>>   "dependencies": {
>>>     "@nuxtjs/tailwindcss": "^6.8.1",
>>>     "tailwindcss": "^3.3.5"
>>>   },
>>>   "devDependencies": {},
>>>   "release-it": {
>>>     "github": {
>>>       "release": true,
>>>       "releaseName": "v${version}"
>>>     },
>>>     "git": {
>>>       "commitMessage": "chore(release): release v${version}"
>>>     }
>>>   }
>>> }+ rm -f package-lock.json pnpm-lock.yaml yarn.lock
+ '[' ./ '!=' ./ ']'
+ set +e
+ /twcr/worker/../worker/pm-install.sh pnpm /tmp/twcr-c6e78a7fb603 /twcr/mnt/results
+ package_manager_name=pnpm
+ procdir=/tmp/twcr-c6e78a7fb603
+ datadir=/twcr/mnt/results
+ case "${package_manager_name}" in
+ '[' '!' -f /tmp/twcr-c6e78a7fb603/package.json ']'
++ pnpm -v
+ sed -Ei 's/("pnpm": ")(.+)(")/\18.15.4\3/' /tmp/twcr-c6e78a7fb603/package.json
+ '[' '!' -f package.json ']'
++ pnpm -v
+ sed -Ei 's/("pnpm": ")(.+)(")/\18.15.4\3/' package.json
+ pnpm install
Scope: all 2 workspace projects
Progress: resolved 1, reused 0, downloaded 0, added 0
Progress: resolved 19, reused 0, downloaded 4, added 0
Progress: resolved 38, reused 0, downloaded 30, added 0
Progress: resolved 65, reused 0, downloaded 51, added 0
Progress: resolved 88, reused 0, downloaded 74, added 0
Progress: resolved 115, reused 0, downloaded 100, added 0
Progress: resolved 148, reused 0, downloaded 126, added 0
Progress: resolved 171, reused 0, downloaded 156, added 0
Progress: resolved 207, reused 0, downloaded 163, added 0
Progress: resolved 232, reused 0, downloaded 186, added 0
Progress: resolved 251, reused 0, downloaded 209, added 0
Progress: resolved 280, reused 0, downloaded 229, added 0
Progress: resolved 313, reused 0, downloaded 264, added 0
Progress: resolved 343, reused 0, downloaded 292, added 0
Progress: resolved 379, reused 0, downloaded 321, added 0
Progress: resolved 406, reused 0, downloaded 351, added 0
Progress: resolved 443, reused 0, downloaded 372, added 0
Progress: resolved 472, reused 0, downloaded 404, added 0
Progress: resolved 504, reused 0, downloaded 434, added 0
Progress: resolved 537, reused 0, downloaded 465, added 0
Progress: resolved 565, reused 0, downloaded 492, added 0
Progress: resolved 595, reused 0, downloaded 519, added 0
Progress: resolved 651, reused 0, downloaded 542, added 0
Progress: resolved 679, reused 0, downloaded 567, added 0
Progress: resolved 713, reused 0, downloaded 598, added 0
Progress: resolved 739, reused 0, downloaded 624, added 0
Progress: resolved 777, reused 0, downloaded 653, added 0
Progress: resolved 807, reused 0, downloaded 687, added 0
Progress: resolved 823, reused 0, downloaded 722, added 0
Packages: +757
++++++++++++++++++++++++++++++++++++++++++++++++++++++++++++++++++++++++++++++++
Progress: resolved 823, reused 0, downloaded 757, added 757, done
.../esbuild@0.19.12/node_modules/esbuild postinstall$ node install.js
.../esbuild@0.20.1/node_modules/esbuild postinstall$ node install.js
.../esbuild@0.19.12/node_modules/esbuild postinstall: Done
.../esbuild@0.20.1/node_modules/esbuild postinstall: Done
.demo postinstall$ nuxt prepare
.demo postinstall:  ERROR  Error while requiring module @nuxtjs/eslint-module: Error: Cannot find module '/tmp/twcr-c6e78a7fb603/.demo/@nuxtjs/eslint-module'
.demo postinstall: Require stack:
.demo postinstall: - /tmp/twcr-c6e78a7fb603/.demo/index.js
.demo postinstall:  ERROR  Cannot find module '/tmp/twcr-c6e78a7fb603/.demo/@nuxtjs/eslint-module'
.demo postinstall: Require stack:
.demo postinstall: - /tmp/twcr-c6e78a7fb603/.demo/index.js
.demo postinstall:   Require stack:
.demo postinstall:   - index.js
.demo postinstall:   at Module._resolveFilename (node:internal/modules/cjs/loader:1149:15)
.demo postinstall:   at Function.resolve (node:internal/modules/helpers:187:19)
.demo postinstall:   at Function._resolve [as resolve] (/tmp/twcr-c6e78a7fb603/node_modules/.pnpm/jiti@1.21.0/node_modules/jiti/dist/jiti.js:1:251148)
.demo postinstall:   at resolveModule (/tmp/twcr-c6e78a7fb603/node_modules/.pnpm/@nuxt+kit@3.10.3/node_modules/@nuxt/kit/dist/index.mjs:2210:29)
.demo postinstall:   at requireModule (/tmp/twcr-c6e78a7fb603/node_modules/.pnpm/@nuxt+kit@3.10.3/node_modules/@nuxt/kit/dist/index.mjs:2215:24)
.demo postinstall:   at loadNuxtModuleInstance (/tmp/twcr-c6e78a7fb603/node_modules/.pnpm/@nuxt+kit@3.10.3/node_modules/@nuxt/kit/dist/index.mjs:2451:92)
.demo postinstall:   at async installModule (/tmp/twcr-c6e78a7fb603/node_modules/.pnpm/@nuxt+kit@3.10.3/node_modules/@nuxt/kit/dist/index.mjs:2407:47)
.demo postinstall:   at async initNuxt (/tmp/twcr-c6e78a7fb603/node_modules/.pnpm/nuxt@3.10.3_vite@5.1.4/node_modules/nuxt/dist/index.mjs:4023:7)
.demo postinstall:   at async loadNuxt (/tmp/twcr-c6e78a7fb603/node_modules/.pnpm/nuxt@3.10.3_vite@5.1.4/node_modules/nuxt/dist/index.mjs:4121:5)
.demo postinstall:   at async loadNuxt (/tmp/twcr-c6e78a7fb603/node_modules/.pnpm/@nuxt+kit@3.10.3/node_modules/@nuxt/kit/dist/index.mjs:2570:19)
.demo postinstall:   at async Object.run (/tmp/twcr-c6e78a7fb603/node_modules/.pnpm/nuxi@3.10.1/node_modules/nuxi/dist/chunks/prepare.mjs:53:18)
.demo postinstall:   at async runCommand$1 (/tmp/twcr-c6e78a7fb603/node_modules/.pnpm/nuxi@3.10.1/node_modules/nuxi/dist/shared/nuxi.a9f3bca7.mjs:1648:16)
.demo postinstall:   at async runCommand$1 (/tmp/twcr-c6e78a7fb603/node_modules/.pnpm/nuxi@3.10.1/node_modules/nuxi/dist/shared/nuxi.a9f3bca7.mjs:1639:11)
.demo postinstall:   at async runMain$1 (/tmp/twcr-c6e78a7fb603/node_modules/.pnpm/nuxi@3.10.1/node_modules/nuxi/dist/shared/nuxi.a9f3bca7.mjs:1777:7) 
.demo postinstall:  ERROR  Cannot find module '/tmp/twcr-c6e78a7fb603/.demo/@nuxtjs/eslint-module'
.demo postinstall: Require stack:
.demo postinstall: - /tmp/twcr-c6e78a7fb603/.demo/index.js
.demo postinstall: Failed
 ELIFECYCLE  Command failed with exit code 1.
+ exitcode=1
+ set -e
+ [[ 1 != \0 ]]
+ [[ squash == \s\q\u\a\s\h ]]
+ echo '[worker] WARN: package manager failed; retrying with full install'
[worker] WARN: package manager failed; retrying with full install
+ attempt_mode=full
+ continue
+ true
++ date -u +%Y-%m-%dT%H:%M:%SZ
+ writetaskstat timestamp_attempt_full_begin 2024-03-04T02:58:32Z
+ jq -nc --arg key timestamp_attempt_full_begin --arg value 2024-03-04T02:58:32Z '{ key: $key, value: $value }'
+ [[ full == \s\q\u\a\s\h ]]
+ git clean -fdx
Removing .demo/node_modules/
Removing node_modules/
+ git reset --hard
HEAD is now at 8316aad chore(release): release v2.0.12
+ set +e
+ /twcr/worker/../worker/pm-install.sh pnpm /tmp/twcr-c6e78a7fb603 /twcr/mnt/results
+ package_manager_name=pnpm
+ procdir=/tmp/twcr-c6e78a7fb603
+ datadir=/twcr/mnt/results
+ case "${package_manager_name}" in
+ '[' '!' -f /tmp/twcr-c6e78a7fb603/package.json ']'
++ pnpm -v
+ sed -Ei 's/("pnpm": ")(.+)(")/\18.15.4\3/' /tmp/twcr-c6e78a7fb603/package.json
+ '[' '!' -f package.json ']'
++ pnpm -v
+ sed -Ei 's/("pnpm": ")(.+)(")/\18.15.4\3/' package.json
+ pnpm install
Scope: all 2 workspace projects
Progress: resolved 0, reused 1, downloaded 0, added 0
Progress: resolved 25, reused 1, downloaded 24, added 0
Progress: resolved 117, reused 62, downloaded 55, added 0
Progress: resolved 183, reused 87, downloaded 96, added 0
Progress: resolved 217, reused 87, downloaded 130, added 0
Progress: resolved 266, reused 90, downloaded 176, added 0
Progress: resolved 355, reused 134, downloaded 220, added 0
Progress: resolved 480, reused 230, downloaded 249, added 0
Progress: resolved 541, reused 236, downloaded 304, added 0
Progress: resolved 630, reused 277, downloaded 352, added 0
Progress: resolved 679, reused 286, downloaded 392, added 0
Progress: resolved 734, reused 293, downloaded 440, added 0
Progress: resolved 802, reused 334, downloaded 467, added 0
Progress: resolved 850, reused 335, downloaded 514, added 0
Progress: resolved 918, reused 360, downloaded 557, added 0
Progress: resolved 976, reused 369, downloaded 606, added 0
Progress: resolved 1062, reused 379, downloaded 638, added 0
Progress: resolved 1116, reused 408, downloaded 663, added 0
Progress: resolved 1196, reused 444, downloaded 707, added 0
Progress: resolved 1245, reused 445, downloaded 757, added 0
Progress: resolved 1312, reused 445, downloaded 814, added 0
Progress: resolved 1392, reused 472, downloaded 867, added 0
Progress: resolved 1458, reused 487, downloaded 918, added 0
Progress: resolved 1480, reused 487, downloaded 928, added 0
Progress: resolved 1495, reused 487, downloaded 946, added 0
Packages: +1446
++++++++++++++++++++++++++++++++++++++++++++++++++++++++++++++++++++++++++++++++
Progress: resolved 1499, reused 487, downloaded 959, added 117
Progress: resolved 1499, reused 487, downloaded 959, added 1446, done
.../node_modules/vue-demi postinstall$ node ./scripts/postinstall.js
.../node_modules/vue-demi postinstall: Done
.../esbuild@0.19.5/node_modules/esbuild postinstall$ node install.js
.../esbuild@0.18.20/node_modules/esbuild postinstall$ node install.js
.../esbuild@0.19.5/node_modules/esbuild postinstall: Done
.../esbuild@0.18.20/node_modules/esbuild postinstall: Done
.demo postinstall$ nuxt prepare
. postinstall$ nuxt prepare ./app
.demo postinstall: [nuxt:tailwindcss] ℹ Using default Tailwind CSS file
. postinstall: [nuxt:tailwindcss] ℹ Using default Tailwind CSS file
.demo postinstall: ✔ Types generated in .nuxt
. postinstall: ✔ Types generated in app/.nuxt
.demo postinstall: Done
. postinstall: Done

dependencies:
+ @nuxt/content 2.9.0
+ @nuxt/devtools 1.0.0
+ @nuxtjs/color-mode 3.3.0
+ @nuxtjs/tailwindcss 6.8.1
+ @pinia/nuxt 0.5.1
+ @vueuse/core 10.5.0
+ @vueuse/nuxt 10.5.0
+ nuxt-headlessui 1.1.4
+ nuxt-icon 0.6.1
+ pinia 2.1.7
+ sass 1.69.5
+ stringify 5.2.0
+ tailwindcss 3.3.5
+ unplugin-vue-components 0.25.2

devDependencies:
+ @nuxtjs/eslint-config-typescript 12.1.0
+ @nuxtjs/eslint-module 4.1.0
+ consola 3.2.3
+ eslint 8.52.0
+ eslint-config-prettier 9.0.0
+ eslint-plugin-prettier 5.0.1
+ nuxt 3.8.0
+ prettier 3.0.3
+ release-it 16.2.1
+ serve 14.2.1
+ typescript 5.2.2
+ vue-tsc 1.8.22

Done in 39.1s
+ pnpm ls --json
+ jq -cr '
        .[]
        | [.dependencies, .devDependencies, .optionalDependencies]
        | map(select(.))[]
        | to_entries
        | map({ name: .key, version: .value.version })
        | sort_by(.name)[]
      '
+ exitcode=0
+ set -e
+ [[ 0 != \0 ]]
++ jq -sr 'map(select(.name == "tailwindcss")) | first | .version'
+ tailwind_package_version=3.3.5
+ tailwind_config_exporter=tailwind.config.exporter2.cjs
+ '[' -f node_modules/tailwindcss/lib/lib/load-config.js ']'
+ tailwind_config_exporter=tailwind.config.exporter3.mjs
+ cp /twcr/worker/../worker/tailwind.config.exporter3.mjs ./
+ set +e
+ node ./tailwind.config.exporter3.mjs tailwind.config.ts
+ exitcode=0
+ set -e
+ [[ 0 != \0 ]]
+ echo 'module.exports={plugins:['
+ jq -rs '
        map(select(.name | startswith("@tailwindcss/")))
        | map("require(" + ( .name | tojson ) + "),")[]
      '
+ grep -Ev '"@tailwindcss/postcss7-compat"'
+ true
+ echo ']}'
+ cat tailwind.config.ts
+ sed 's/^/>>> /'
>>> module.exports={plugins:[
>>> ]}
+ node ./tailwind.config.exporter3.mjs tailwind.config.ts
++ date -u +%Y-%m-%dT%H:%M:%SZ
+ writetaskstat timestamp_attempt_full_end 2024-03-04T02:59:15Z
+ jq -nc --arg key timestamp_attempt_full_end --arg value 2024-03-04T02:59:15Z '{ key: $key, value: $value }'
+ break
++ date -u +%Y-%m-%dT%H:%M:%SZ
+ writetaskstat timestamp_end 2024-03-04T02:59:15Z
+ jq -nc --arg key timestamp_end --arg value 2024-03-04T02:59:15Z '{ key: $key, value: $value }'
+ rm /twcr/mnt/results/extract-failed
+ touch /twcr/mnt/results/extract-completed
