==== RUN-DOCKER
+++ dirname -- ./worker/run.sh
++ cd -- ./worker
++ pwd
+ twcrdir=/twcr/worker/..
+ repo=github.com/yesmore/inke
+ reporef=web
+ repopath=./packages/tailwind-config
+ '[' true == true ']'
+ grep -q '^././'
++ echo github.com/yesmore/inke
++ sha256sum
++ awk '{ print $1 }'
++ cut -c1-12
+ procdir=/tmp/twcr-910ef889d228
++ echo 'github.com/yesmore/inke;web;./packages/tailwind-config'
++ sha256sum
++ awk '{ print $1 }'
++ cut -c1-12
+ datadir=/twcr/worker/../mnt/dataset/data/6681421371c7
+ '[' '!' -z /twcr/mnt/results ']'
+ datadir=/twcr/mnt/results
+ touch /twcr/mnt/results/extract-failed
++ base64
++ tr -d =
++ tr /+ _-
++ base64
++ tr -d =
++ tr /+ _-
+ writetaskstat analysis_key github.com/yesmore/inke/d2ViCg/Li9wYWNrYWdlcy90YWlsd2luZC1jb25maWcK
+ jq -nc --arg key analysis_key --arg value github.com/yesmore/inke/d2ViCg/Li9wYWNrYWdlcy90YWlsd2luZC1jb25maWcK '{ key: $key, value: $value }'
++ date -u +%Y%m%d%H%M%S
++ sha256sum
++ awk '{ print $1 }'
++ cut -c1-16
++ head -c 32 /dev/urandom
+ writetaskstat analysis_nonce af764a713d120d3c
+ jq -nc --arg key analysis_nonce --arg value af764a713d120d3c '{ key: $key, value: $value }'
+ writetaskstat input_repo_name github.com/yesmore/inke
+ jq -nc --arg key input_repo_name --arg value github.com/yesmore/inke '{ key: $key, value: $value }'
+ writetaskstat input_repo_ref web
+ jq -nc --arg key input_repo_ref --arg value web '{ key: $key, value: $value }'
+ writetaskstat input_repo_path ./packages/tailwind-config
+ jq -nc --arg key input_repo_path --arg value ./packages/tailwind-config '{ key: $key, value: $value }'
++ date -u +%Y-%m-%dT%H:%M:%SZ
+ writetaskstat timestamp_begin 2024-03-04T05:15:11Z
+ jq -nc --arg key timestamp_begin --arg value 2024-03-04T05:15:11Z '{ key: $key, value: $value }'
+ mkdir -p /tmp/twcr-910ef889d228
+ pushd /tmp/twcr-910ef889d228
+ '[' -d .git ']'
+ git clone --depth=1 -b web https://github.com/yesmore/inke.git .
/tmp/twcr-910ef889d228 /twcr
Cloning into '.'...
++ date -u +%Y-%m-%dT%H:%M:%SZ
+ writetaskstat timestamp_git_clone_complete 2024-03-04T05:15:12Z
+ jq -nc --arg key timestamp_git_clone_complete --arg value 2024-03-04T05:15:12Z '{ key: $key, value: $value }'
++ git rev-parse HEAD
+ writetaskstat exec_repo_commit_sha cc9d71acd2c8c9bc5b1c49adc2205be0b8733463
+ jq -nc --arg key exec_repo_commit_sha --arg value cc9d71acd2c8c9bc5b1c49adc2205be0b8733463 '{ key: $key, value: $value }'
+++ git show --no-patch --format=%ci
++ date -u --date '2024-02-28 14:06:46 +0800' +%Y-%m-%dT%H:%M:%SZ
+ writetaskstat exec_repo_commit_date 2024-02-28T06:06:46Z
+ jq -nc --arg key exec_repo_commit_date --arg value 2024-02-28T06:06:46Z '{ key: $key, value: $value }'
+ '[' -z ./packages/tailwind-config ']'
+ pushd ./packages/tailwind-config
+ tailwind_config_file_name=
+ '[' -f tailwind.config.js ']'
+ tailwind_config_file_name=tailwind.config.js
+ writetaskstat exec_tailwind_config_file tailwind.config.js
+ jq -nc --arg key exec_tailwind_config_file --arg value tailwind.config.js '{ key: $key, value: $value }'
/tmp/twcr-910ef889d228/packages/tailwind-config /tmp/twcr-910ef889d228 /twcr
+ cp tailwind.config.js /twcr/mnt/results/extract-raw-tailwind-config.js
+ '[' '!' -f package.json ']'
+ cp package.json /twcr/mnt/results/extract-raw-package.json
++ /twcr/worker/../worker/pm-detect.sh /tmp/twcr-910ef889d228/packages/tailwind-config
+ package_manager_name=
+ '[' -z '' ']'
+ '[' ./packages/tailwind-config '!=' ./ ']'
++ /twcr/worker/../worker/pm-detect.sh /tmp/twcr-910ef889d228
+ package_manager_name=pnpm
+ '[' -z pnpm ']'
+ writetaskstat exec_node_package_manager pnpm
+ jq -nc --arg key exec_node_package_manager --arg value pnpm '{ key: $key, value: $value }'
+ attempt_mode=squash
+ true
++ date -u +%Y-%m-%dT%H:%M:%SZ
+ writetaskstat timestamp_attempt_squash_begin 2024-03-04T05:15:12Z
+ jq -nc --arg key timestamp_attempt_squash_begin --arg value 2024-03-04T05:15:12Z '{ key: $key, value: $value }'
+ [[ squash == \s\q\u\a\s\h ]]
+ set +e
+ node /twcr/worker/../worker/squash-package.mjs tailwind.config.js
+ exitcode=0
+ set -e
+ [[ 0 != \0 ]]
+ cat package.json
+ sed 's/^/>>> /'
>>> {
>>>   "name": "tailwind-config",
>>>   "version": "0.0.0",
>>>   "private": true,
>>>   "main": "index.js",
>>>   "devDependencies": {
>>>     "@tailwindcss/typography": "^0.5.9",
>>>     "tailwindcss": "^3.2.7",
>>>     "tailwindcss-animate": "^1.0.6"
>>>   }
>>> }+ rm -f package-lock.json pnpm-lock.yaml yarn.lock
+ '[' ./packages/tailwind-config '!=' ./ ']'
+ rm -f /tmp/twcr-910ef889d228/package.json /tmp/twcr-910ef889d228/package-lock.json /tmp/twcr-910ef889d228/pnpm-lock.yaml /tmp/twcr-910ef889d228/yarn.lock
+ set +e
+ /twcr/worker/../worker/pm-install.sh pnpm /tmp/twcr-910ef889d228 /twcr/mnt/results
+ package_manager_name=pnpm
+ procdir=/tmp/twcr-910ef889d228
+ datadir=/twcr/mnt/results
+ case "${package_manager_name}" in
+ '[' '!' -f /tmp/twcr-910ef889d228/package.json ']'
+ '[' '!' -f package.json ']'
++ pnpm -v
+ sed -Ei 's/("pnpm": ")(.+)(")/\18.15.4\3/' package.json
+ pnpm install
Scope: all 4 workspace projects
../..                                    | Progress: resolved 1, reused 0, downloaded 0, added 0
../core                                  |  WARN  deprecated tsup@7.3.0
../..                                    | Progress: resolved 37, reused 0, downloaded 23, added 0
../..                                    | Progress: resolved 63, reused 0, downloaded 52, added 0
../../apps/web                           |  WARN  deprecated shortid@2.2.16
../..                                    | Progress: resolved 86, reused 0, downloaded 76, added 0
../..                                    | Progress: resolved 88, reused 0, downloaded 85, added 0
../..                                    | Progress: resolved 122, reused 0, downloaded 106, added 0
../..                                    | Progress: resolved 158, reused 0, downloaded 142, added 0
../..                                    | Progress: resolved 187, reused 0, downloaded 172, added 0
../..                                    | Progress: resolved 225, reused 0, downloaded 207, added 0
../..                                    | Progress: resolved 255, reused 0, downloaded 226, added 0
../..                                    | Progress: resolved 271, reused 0, downloaded 245, added 0
../..                                    | Progress: resolved 311, reused 0, downloaded 271, added 0
../..                                    | Progress: resolved 338, reused 0, downloaded 301, added 0
../..                                    | Progress: resolved 369, reused 0, downloaded 328, added 0
../..                                    | Progress: resolved 417, reused 0, downloaded 350, added 0
../..                                    | Progress: resolved 456, reused 0, downloaded 381, added 0
../..                                    | Progress: resolved 497, reused 0, downloaded 417, added 0
../..                                    | Progress: resolved 531, reused 0, downloaded 445, added 0
../..                                    | Progress: resolved 573, reused 0, downloaded 490, added 0
../..                                    | Progress: resolved 609, reused 0, downloaded 516, added 0
../..                                    | Progress: resolved 647, reused 0, downloaded 554, added 0
../..                                    | Progress: resolved 685, reused 0, downloaded 592, added 0
../..                                    | Progress: resolved 725, reused 0, downloaded 631, added 0
../..                                    | Progress: resolved 764, reused 0, downloaded 667, added 0
../..                                    | Progress: resolved 788, reused 0, downloaded 688, added 0
../..                                    | Progress: resolved 824, reused 0, downloaded 722, added 0
../..                                    | Progress: resolved 863, reused 0, downloaded 763, added 0
../..                                    | Progress: resolved 897, reused 0, downloaded 808, added 0
../..                                    | Progress: resolved 922, reused 0, downloaded 853, added 0
../..                                    | Progress: resolved 958, reused 0, downloaded 884, added 0
../..                                    | Progress: resolved 992, reused 0, downloaded 921, added 0
 WARN  5 deprecated subdependencies found: abab@2.0.6, domexception@4.0.0, har-validator@5.1.5, request@2.88.2, uuid@3.4.0
../..                                    | +966 ++++++++++++++++++++++++++++++++
../..                                    | Progress: resolved 1014, reused 0, downloaded 963, added 22
../..                                    | Progress: resolved 1014, reused 0, downloaded 966, added 966, done
.../node_modules/@prisma/engines postinstall$ node scripts/postinstall.js
.../core-js@3.36.0/node_modules/core-js postinstall$ node -e "try{require('./postinstall')}catch(e){}"
.../core-js@3.36.0/node_modules/core-js postinstall: Thank you for using core-js ( https://github.com/zloirock/core-js ) for polyfilling JavaScript standard library!
.../core-js@3.36.0/node_modules/core-js postinstall: The project needs your help! Please consider supporting core-js:
.../core-js@3.36.0/node_modules/core-js postinstall: > https://opencollective.com/core-js 
.../core-js@3.36.0/node_modules/core-js postinstall: > https://patreon.com/zloirock 
.../core-js@3.36.0/node_modules/core-js postinstall: > https://boosty.to/zloirock 
.../core-js@3.36.0/node_modules/core-js postinstall: > bitcoin: bc1qlea7544qtsmj2rayg0lthvza9fau63ux0fstcz 
.../core-js@3.36.0/node_modules/core-js postinstall: I highly recommend reading this: https://github.com/zloirock/core-js/blob/master/docs/2023-02-14-so-whats-next.md 
.../core-js@3.36.0/node_modules/core-js postinstall: Done
.../node_modules/@prisma/engines postinstall: Done
.../esbuild@0.19.12/node_modules/esbuild postinstall$ node install.js
.../prisma@4.16.2/node_modules/prisma preinstall$ node scripts/preinstall-entry.js
.../esbuild@0.19.12/node_modules/esbuild postinstall: Done
.../prisma@4.16.2/node_modules/prisma preinstall: Done
.../node_modules/@prisma/client postinstall$ node scripts/postinstall.js
.../node_modules/@prisma/client postinstall: prisma:warn We could not find your Prisma schema at `prisma/schema.prisma`.
.../node_modules/@prisma/client postinstall: If you have a Prisma schema file in a custom path, you will need to run
.../node_modules/@prisma/client postinstall: `prisma generate --schema=./path/to/your/schema.prisma` to generate Prisma Client.
.../node_modules/@prisma/client postinstall: If you do not have a Prisma schema file yet, you can ignore this message.
.../node_modules/@prisma/client postinstall: Done

devDependencies:
+ @tailwindcss/typography 0.5.10
+ tailwindcss 3.4.1
+ tailwindcss-animate 1.0.7

Done in 37s
+ pnpm ls --json
+ jq -cr '
        .[]
        | [.dependencies, .devDependencies, .optionalDependencies]
        | map(select(.))[]
        | to_entries
        | map({ name: .key, version: .value.version })
        | sort_by(.name)[]
      '
+ exitcode=0
+ set -e
+ [[ 0 != \0 ]]
++ jq -sr 'map(select(.name == "tailwindcss")) | first | .version'
+ tailwind_package_version=3.4.1
+ tailwind_config_exporter=tailwind.config.exporter2.cjs
+ '[' -f node_modules/tailwindcss/lib/lib/load-config.js ']'
+ tailwind_config_exporter=tailwind.config.exporter3.mjs
+ cp /twcr/worker/../worker/tailwind.config.exporter3.mjs ./
+ set +e
+ node ./tailwind.config.exporter3.mjs tailwind.config.js
+ exitcode=0
+ set -e
+ [[ 0 != \0 ]]
+ echo 'module.exports={plugins:['
+ jq -rs '
        map(select(.name | startswith("@tailwindcss/")))
        | map("require(" + ( .name | tojson ) + "),")[]
      '
+ grep -Ev '"@tailwindcss/postcss7-compat"'
+ echo ']}'
+ cat tailwind.config.js
+ sed 's/^/>>> /'
>>> module.exports={plugins:[
>>> require("@tailwindcss/typography"),
>>> ]}
+ node ./tailwind.config.exporter3.mjs tailwind.config.js
++ date -u +%Y-%m-%dT%H:%M:%SZ
+ writetaskstat timestamp_attempt_squash_end 2024-03-04T05:15:50Z
+ jq -nc --arg key timestamp_attempt_squash_end --arg value 2024-03-04T05:15:50Z '{ key: $key, value: $value }'
+ break
++ date -u +%Y-%m-%dT%H:%M:%SZ
+ writetaskstat timestamp_end 2024-03-04T05:15:50Z
+ jq -nc --arg key timestamp_end --arg value 2024-03-04T05:15:50Z '{ key: $key, value: $value }'
+ rm /twcr/mnt/results/extract-failed
+ touch /twcr/mnt/results/extract-completed
