==== RUN-DOCKER
+++ dirname -- ./worker/run.sh
++ cd -- ./worker
++ pwd
+ twcrdir=/twcr/worker/..
+ repo=github.com/anonaddy/anonaddy
+ reporef=master
+ repopath=./
++ echo github.com/anonaddy/anonaddy
++ sha256sum
++ awk '{ print $1 }'
++ cut -c1-12
+ procdir=/tmp/twcr-db700c208542
++ echo 'github.com/anonaddy/anonaddy;master;./'
++ sha256sum
++ awk '{ print $1 }'
++ cut -c1-12
+ datadir=/twcr/worker/../mnt/dataset/data/f8418d0b8767
+ '[' '!' -z /twcr/mnt/results ']'
+ datadir=/twcr/mnt/results
+ touch /twcr/mnt/results/extract-failed
++ base64
++ tr -d =
++ tr /+ _-
++ base64
++ tr -d =
++ tr /+ _-
+ writetaskstat analysis_key github.com/anonaddy/anonaddy/bWFzdGVyCg/Li8K
+ jq -nc --arg key analysis_key --arg value github.com/anonaddy/anonaddy/bWFzdGVyCg/Li8K '{ key: $key, value: $value }'
++ sha256sum
++ date -u +%Y%m%d%H%M%S
++ awk '{ print $1 }'
++ cut -c1-16
++ head -c 32 /dev/urandom
+ writetaskstat analysis_nonce 7ddbc4ba214e4dc0
+ jq -nc --arg key analysis_nonce --arg value 7ddbc4ba214e4dc0 '{ key: $key, value: $value }'
+ writetaskstat input_repo_name github.com/anonaddy/anonaddy
+ jq -nc --arg key input_repo_name --arg value github.com/anonaddy/anonaddy '{ key: $key, value: $value }'
+ writetaskstat input_repo_ref master
+ jq -nc --arg key input_repo_ref --arg value master '{ key: $key, value: $value }'
+ writetaskstat input_repo_path ./
+ jq -nc --arg key input_repo_path --arg value ./ '{ key: $key, value: $value }'
++ date -u +%Y-%m-%dT%H:%M:%SZ
+ writetaskstat timestamp_begin 2024-03-02T22:59:35Z
+ jq -nc --arg key timestamp_begin --arg value 2024-03-02T22:59:35Z '{ key: $key, value: $value }'
+ mkdir -p /tmp/twcr-db700c208542
/tmp/twcr-db700c208542 /twcr
+ pushd /tmp/twcr-db700c208542
+ '[' -d .git ']'
+ git clone --depth=1 -b master https://github.com/anonaddy/anonaddy.git .
Cloning into '.'...
++ date -u +%Y-%m-%dT%H:%M:%SZ
+ writetaskstat timestamp_git_clone_complete 2024-03-02T22:59:36Z
+ jq -nc --arg key timestamp_git_clone_complete --arg value 2024-03-02T22:59:36Z '{ key: $key, value: $value }'
++ git rev-parse HEAD
+ writetaskstat exec_repo_commit_sha 7becf1ac87f7676b44050dd2c0b7cb2b9db2521f
+ jq -nc --arg key exec_repo_commit_sha --arg value 7becf1ac87f7676b44050dd2c0b7cb2b9db2521f '{ key: $key, value: $value }'
+++ git show --no-patch --format=%ci
++ date -u --date '2024-03-01 12:52:43 +0000' +%Y-%m-%dT%H:%M:%SZ
+ writetaskstat exec_repo_commit_date 2024-03-01T12:52:43Z
+ jq -nc --arg key exec_repo_commit_date --arg value 2024-03-01T12:52:43Z '{ key: $key, value: $value }'
+ '[' -z ./ ']'
+ pushd ./
+ tailwind_config_file_name=
+ '[' -f tailwind.config.js ']'
+ tailwind_config_file_name=tailwind.config.js
+ writetaskstat exec_tailwind_config_file tailwind.config.js
+ jq -nc --arg key exec_tailwind_config_file --arg value tailwind.config.js '{ key: $key, value: $value }'
/tmp/twcr-db700c208542 /tmp/twcr-db700c208542 /twcr
+ cp tailwind.config.js /twcr/mnt/results/extract-raw-tailwind-config.js
+ '[' '!' -f package.json ']'
+ cp package.json /twcr/mnt/results/extract-raw-package.json
+ package_manager_name=npm
+ grep -q '"packageManager":[^"]+"pnpm@"' package.json
+ '[' -f pnpm-lock.yaml ']'
+ '[' -f pnpm-workspace.yaml ']'
+ '[' -f /tmp/twcr-db700c208542/pnpm-workspace.yaml ']'
+ cat README.md
+ grep -q 'pnpm install'
+ grep -q '"packageManager":[^"]+"yarn@"' package.json
+ '[' -f yarn.lock ']'
+ grep -q '":[^"]+"workspace:' package.json
+ cat README.md
+ grep -q 'yarn install'
+ writetaskstat exec_node_package_manager npm
+ jq -nc --arg key exec_node_package_manager --arg value npm '{ key: $key, value: $value }'
+ attempt_mode=squash
+ true
++ date -u +%Y-%m-%dT%H:%M:%SZ
+ writetaskstat timestamp_attempt_squash_begin 2024-03-02T22:59:36Z
+ jq -nc --arg key timestamp_attempt_squash_begin --arg value 2024-03-02T22:59:36Z '{ key: $key, value: $value }'
+ [[ squash == \s\q\u\a\s\h ]]
+ set +e
+ node /twcr/worker/../worker/squash-package.mjs tailwind.config.js
+ exitcode=0
+ set -e
+ [[ 0 != \0 ]]
+ cat package.json
+ sed 's/^/>>> /'
+ set +e
+ /twcr/worker/../worker/pm-install.sh npm /tmp/twcr-db700c208542 /twcr/mnt/results
>>> {
>>>   "private": true,
>>>   "dependencies": {
>>>     "@tailwindcss/forms": "^0.5.3",
>>>     "mini-svg-data-uri": "^1.4.4",
>>>     "tailwindcss": "^3.0.11"
>>>   },
>>>   "devDependencies": {},
>>>   "overrides": {
>>>     "vite": {
>>>       "rollup": "npm:@rollup/wasm-node"
>>>     }
>>>   },
>>>   "lint-staged": {
>>>     "*.{css,js,vue}": [
>>>       "prettier --write"
>>>     ],
>>>     "*.php": [
>>>       "composer format"
>>>     ]
>>>   }
>>> }+ package_manager_name=npm
+ procdir=/tmp/twcr-db700c208542
+ datadir=/twcr/mnt/results
+ case "${package_manager_name}" in
++ '[' -f package-lock.json ']'
++ echo ci
+ npm ci --ignore-engines

added 115 packages, and audited 116 packages in 3s

27 packages are looking for funding
  run `npm fund` for details

found 0 vulnerabilities
npm notice 
npm notice New minor version of npm available! 10.2.4 -> 10.5.0
npm notice Changelog: <https://github.com/npm/cli/releases/tag/v10.5.0>
npm notice Run `npm install -g npm@10.5.0` to update!
npm notice 
+ npm query '*'
+ jq -cr '
        map({ name: .name, version: .version })
        | map(select(.name))
        | sort_by(.name)[]
      '
+ exitcode=0
+ set -e
+ [[ 0 != \0 ]]
++ jq -sr 'map(select(.name == "tailwindcss")) | first | .version'
+ tailwind_package_version=3.4.1
+ tailwind_config_exporter=tailwind.config.exporter3.mjs
+ true
+ cp /twcr/worker/../worker/tailwind.config.exporter3.mjs ./
+ set +e
+ node ./tailwind.config.exporter3.mjs tailwind.config.js
+ exitcode=0
+ set -e
+ [[ 0 != \0 ]]
+ break
+ echo 'module.exports={plugins:['
+ jq -rs '
        map(select(.name | startswith("@tailwindcss/")))
        | map("require(" + ( .name | tojson ) + "),")[]
      '
+ echo ']}'
+ cat tailwind.config.js
+ sed 's/^/>>> /'
>>> module.exports={plugins:[
>>> require("@tailwindcss/forms"),
>>> ]}
+ node ./tailwind.config.exporter3.mjs tailwind.config.js
++ date -u +%Y-%m-%dT%H:%M:%SZ
+ writetaskstat timestamp_attempt_squash_end 2024-03-02T22:59:40Z
+ jq -nc --arg key timestamp_attempt_squash_end --arg value 2024-03-02T22:59:40Z '{ key: $key, value: $value }'
+ break
++ date -u +%Y-%m-%dT%H:%M:%SZ
+ writetaskstat timestamp_end 2024-03-02T22:59:40Z
+ jq -nc --arg key timestamp_end --arg value 2024-03-02T22:59:40Z '{ key: $key, value: $value }'
+ rm /twcr/mnt/results/extract-failed
+ touch /twcr/mnt/results/extract-completed
