==== RUN-DOCKER
+++ dirname -- ./worker/run.sh
++ cd -- ./worker
++ pwd
+ twcrdir=/twcr/worker/..
+ repo=github.com/ilkome/finapp
+ reporef=main
+ repopath=./
+ '[' true == true ']'
+ grep -q '^././'
++ echo github.com/ilkome/finapp
++ sha256sum
++ awk '{ print $1 }'
++ cut -c1-12
+ procdir=/tmp/twcr-7c06f10356c3
++ echo 'github.com/ilkome/finapp;main;./'
++ sha256sum
++ awk '{ print $1 }'
++ cut -c1-12
+ datadir=/twcr/worker/../mnt/dataset/data/d77b492c685c
+ '[' '!' -z /twcr/mnt/results ']'
+ datadir=/twcr/mnt/results
+ touch /twcr/mnt/results/extract-failed
++ base64
++ tr -d =
++ tr /+ _-
++ base64
++ tr -d =
++ tr /+ _-
+ writetaskstat analysis_key github.com/ilkome/finapp/bWFpbgo/Li8K
+ jq -nc --arg key analysis_key --arg value github.com/ilkome/finapp/bWFpbgo/Li8K '{ key: $key, value: $value }'
++ date -u +%Y%m%d%H%M%S
++ sha256sum
++ awk '{ print $1 }'
++ cut -c1-16
++ head -c 32 /dev/urandom
+ writetaskstat analysis_nonce 1c4bbc806b5b31e0
+ jq -nc --arg key analysis_nonce --arg value 1c4bbc806b5b31e0 '{ key: $key, value: $value }'
+ writetaskstat input_repo_name github.com/ilkome/finapp
+ jq -nc --arg key input_repo_name --arg value github.com/ilkome/finapp '{ key: $key, value: $value }'
+ writetaskstat input_repo_ref main
+ jq -nc --arg key input_repo_ref --arg value main '{ key: $key, value: $value }'
+ writetaskstat input_repo_path ./
+ jq -nc --arg key input_repo_path --arg value ./ '{ key: $key, value: $value }'
++ date -u +%Y-%m-%dT%H:%M:%SZ
+ writetaskstat timestamp_begin 2024-03-04T07:06:50Z
+ jq -nc --arg key timestamp_begin --arg value 2024-03-04T07:06:50Z '{ key: $key, value: $value }'
+ mkdir -p /tmp/twcr-7c06f10356c3
/tmp/twcr-7c06f10356c3 /twcr
+ pushd /tmp/twcr-7c06f10356c3
+ '[' -d .git ']'
+ git clone --depth=1 -b main https://github.com/ilkome/finapp.git .
Cloning into '.'...
++ date -u +%Y-%m-%dT%H:%M:%SZ
+ writetaskstat timestamp_git_clone_complete 2024-03-04T07:06:51Z
+ jq -nc --arg key timestamp_git_clone_complete --arg value 2024-03-04T07:06:51Z '{ key: $key, value: $value }'
++ git rev-parse HEAD
+ writetaskstat exec_repo_commit_sha 867cdd6f922df85684de71a71ef8816abfd8153c
+ jq -nc --arg key exec_repo_commit_sha --arg value 867cdd6f922df85684de71a71ef8816abfd8153c '{ key: $key, value: $value }'
+++ git show --no-patch --format=%ci
++ date -u --date '2024-03-03 14:20:44 +0300' +%Y-%m-%dT%H:%M:%SZ
+ writetaskstat exec_repo_commit_date 2024-03-03T11:20:44Z
+ jq -nc --arg key exec_repo_commit_date --arg value 2024-03-03T11:20:44Z '{ key: $key, value: $value }'
+ '[' -z ./ ']'
+ pushd ./
+ tailwind_config_file_name=
+ '[' -f tailwind.config.js ']'
+ tailwind_config_file_name=tailwind.config.js
+ writetaskstat exec_tailwind_config_file tailwind.config.js
+ jq -nc --arg key exec_tailwind_config_file --arg value tailwind.config.js '{ key: $key, value: $value }'
/tmp/twcr-7c06f10356c3 /tmp/twcr-7c06f10356c3 /twcr
+ cp tailwind.config.js /twcr/mnt/results/extract-raw-tailwind-config.js
+ '[' '!' -f package.json ']'
+ cp package.json /twcr/mnt/results/extract-raw-package.json
++ /twcr/worker/../worker/pm-detect.sh /tmp/twcr-7c06f10356c3
+ package_manager_name=yarn
+ '[' -z yarn ']'
+ '[' -z yarn ']'
+ writetaskstat exec_node_package_manager yarn
+ jq -nc --arg key exec_node_package_manager --arg value yarn '{ key: $key, value: $value }'
+ attempt_mode=squash
+ true
++ date -u +%Y-%m-%dT%H:%M:%SZ
+ writetaskstat timestamp_attempt_squash_begin 2024-03-04T07:06:51Z
+ jq -nc --arg key timestamp_attempt_squash_begin --arg value 2024-03-04T07:06:51Z '{ key: $key, value: $value }'
+ [[ squash == \s\q\u\a\s\h ]]
+ set +e
+ node /twcr/worker/../worker/squash-package.mjs tailwind.config.js
[squash-package] ERROR: failed to find any match for import path (tailwindcss/plugin)
+ exitcode=1
+ set -e
+ [[ 1 != \0 ]]
+ echo '[worker] WARN: squash failed; retrying with full install'
[worker] WARN: squash failed; retrying with full install
+ attempt_mode=full
+ continue
+ true
++ date -u +%Y-%m-%dT%H:%M:%SZ
+ writetaskstat timestamp_attempt_full_begin 2024-03-04T07:06:51Z
+ jq -nc --arg key timestamp_attempt_full_begin --arg value 2024-03-04T07:06:51Z '{ key: $key, value: $value }'
+ [[ full == \s\q\u\a\s\h ]]
+ git clean -fdx
+ git reset --hard
HEAD is now at 867cdd6 feat(Gulp): remove
+ set +e
+ /twcr/worker/../worker/pm-install.sh yarn /tmp/twcr-7c06f10356c3 /twcr/mnt/results
+ package_manager_name=yarn
+ procdir=/tmp/twcr-7c06f10356c3
+ datadir=/twcr/mnt/results
+ case "${package_manager_name}" in
+ '[' -z http://tid_b609fd52455d:ok@172.18.0.2:3128 ']'
+ yarn config set httpProxy http://tid_b609fd52455d:ok@172.18.0.2:3128
yarn config v1.22.19
success Set "httpProxy" to "http://tid_b609fd52455d:ok@172.18.0.2:3128".
Done in 0.04s.
+ '[' -z http://tid_b609fd52455d:ok@172.18.0.2:3128 ']'
+ yarn config set httpsProxy http://tid_b609fd52455d:ok@172.18.0.2:3128
yarn config v1.22.19
success Set "httpsProxy" to "http://tid_b609fd52455d:ok@172.18.0.2:3128".
Done in 0.04s.
+ yarn install
yarn install v1.22.19
[1/4] Resolving packages...
[2/4] Fetching packages...
(node:132) [DEP0040] DeprecationWarning: The `punycode` module is deprecated. Please use a userland alternative instead.
(Use `node --trace-deprecation ...` to show where the warning was created)
[3/4] Linking dependencies...
warning "nuxt > @nuxt/components@2.2.1" has unmet peer dependency "consola@*".
warning "@nuxt/bridge > @babel/plugin-proposal-nullish-coalescing-operator@7.18.6" has unmet peer dependency "@babel/core@^7.0.0-0".
warning "@nuxt/bridge > @babel/plugin-proposal-optional-chaining@7.21.0" has unmet peer dependency "@babel/core@^7.0.0-0".
warning "@nuxt/bridge > @babel/plugin-transform-typescript > @babel/helper-create-class-features-plugin@7.22.15" has unmet peer dependency "@babel/core@^7.0.0".
warning " > autoprefixer@10.4.16" has unmet peer dependency "postcss@^8.1.0".
warning " > @babel/eslint-parser@7.22.15" has unmet peer dependency "@babel/core@^7.11.0".
warning "@nuxt/bridge > @babel/plugin-transform-typescript@7.22.15" has unmet peer dependency "@babel/core@^7.0.0-0".
warning "@nuxt/bridge > @babel/plugin-transform-typescript > @babel/plugin-syntax-typescript@7.22.5" has unmet peer dependency "@babel/core@^7.0.0-0".
warning "@nuxtjs/eslint-module > eslint-webpack-plugin@4.0.1" has incorrect peer dependency "webpack@^5.0.0".
warning "@nuxtjs/eslint-module > vite-plugin-eslint@1.8.1" has unmet peer dependency "vite@>=2".
warning "eslint-plugin-vue-pug > vue-eslint-parser-template-tokenizer-pug@0.4.10" has unmet peer dependency "vue-eslint-parser@^9.0.0".
warning Workspaces can only be enabled in private projects.
[4/4] Building fresh packages...
success Saved lockfile.
Done in 125.13s.
+ yarn list --depth=0 --json --non-interactive --no-progress
+ jq -cr '
        [.. | .name?]
        | map(select(.))
        | map(capture("^(?<name>@?[^@]+)@(?<version>.+)$"))
        | sort_by(.name)[]'
+ exitcode=0
+ set -e
+ [[ 0 != \0 ]]
++ jq -sr 'map(select(.name == "tailwindcss")) | first | .version'
+ tailwind_package_version=3.3.3
+ tailwind_config_exporter=tailwind.config.exporter2.cjs
+ '[' -f node_modules/tailwindcss/lib/lib/load-config.js ']'
+ tailwind_config_exporter=tailwind.config.exporter3.mjs
+ cp /twcr/worker/../worker/tailwind.config.exporter3.mjs ./
+ set +e
+ node ./tailwind.config.exporter3.mjs tailwind.config.js
+ exitcode=0
+ set -e
+ [[ 0 != \0 ]]
+ echo 'module.exports={plugins:['
+ jq -rs '
        map(select(.name | startswith("@tailwindcss/")))
        | map("require(" + ( .name | tojson ) + "),")[]
      '
+ grep -Ev '"@tailwindcss/postcss7-compat"'
+ true
+ echo ']}'
+ cat tailwind.config.js
+ sed 's/^/>>> /'
>>> module.exports={plugins:[
>>> ]}
+ node ./tailwind.config.exporter3.mjs tailwind.config.js
++ date -u +%Y-%m-%dT%H:%M:%SZ
+ writetaskstat timestamp_attempt_full_end 2024-03-04T07:08:59Z
+ jq -nc --arg key timestamp_attempt_full_end --arg value 2024-03-04T07:08:59Z '{ key: $key, value: $value }'
+ break
++ date -u +%Y-%m-%dT%H:%M:%SZ
+ writetaskstat timestamp_end 2024-03-04T07:08:59Z
+ jq -nc --arg key timestamp_end --arg value 2024-03-04T07:08:59Z '{ key: $key, value: $value }'
+ rm /twcr/mnt/results/extract-failed
+ touch /twcr/mnt/results/extract-completed
