==== RUN-DOCKER
+++ dirname -- ./worker/run.sh
++ cd -- ./worker
++ pwd
+ twcrdir=/twcr/worker/..
+ repo=github.com/unstubbable/mfng
+ reporef=main
+ repopath=./apps/shared-app
+ '[' true == true ']'
+ grep -q '^././'
++ echo github.com/unstubbable/mfng
++ sha256sum
++ awk '{ print $1 }'
++ cut -c1-12
+ procdir=/tmp/twcr-bff88096ae58
++ echo 'github.com/unstubbable/mfng;main;./apps/shared-app'
++ sha256sum
++ awk '{ print $1 }'
++ cut -c1-12
+ datadir=/twcr/worker/../mnt/dataset/data/4b0d4f1cb06d
+ '[' '!' -z /twcr/mnt/results ']'
+ datadir=/twcr/mnt/results
+ touch /twcr/mnt/results/extract-failed
++ base64
++ tr -d =
++ tr /+ _-
++ base64
++ tr -d =
++ tr /+ _-
+ writetaskstat analysis_key github.com/unstubbable/mfng/bWFpbgo/Li9hcHBzL3NoYXJlZC1hcHAK
+ jq -nc --arg key analysis_key --arg value github.com/unstubbable/mfng/bWFpbgo/Li9hcHBzL3NoYXJlZC1hcHAK '{ key: $key, value: $value }'
++ date -u +%Y%m%d%H%M%S
++ sha256sum
++ awk '{ print $1 }'
++ cut -c1-16
++ head -c 32 /dev/urandom
+ writetaskstat analysis_nonce 94a02fa52008f68a
+ jq -nc --arg key analysis_nonce --arg value 94a02fa52008f68a '{ key: $key, value: $value }'
+ writetaskstat input_repo_name github.com/unstubbable/mfng
+ jq -nc --arg key input_repo_name --arg value github.com/unstubbable/mfng '{ key: $key, value: $value }'
+ writetaskstat input_repo_ref main
+ jq -nc --arg key input_repo_ref --arg value main '{ key: $key, value: $value }'
+ writetaskstat input_repo_path ./apps/shared-app
+ jq -nc --arg key input_repo_path --arg value ./apps/shared-app '{ key: $key, value: $value }'
++ date -u +%Y-%m-%dT%H:%M:%SZ
+ writetaskstat timestamp_begin 2024-03-05T01:02:41Z
+ jq -nc --arg key timestamp_begin --arg value 2024-03-05T01:02:41Z '{ key: $key, value: $value }'
+ mkdir -p /tmp/twcr-bff88096ae58
/tmp/twcr-bff88096ae58 /twcr
+ pushd /tmp/twcr-bff88096ae58
+ '[' -d .git ']'
+ git clone --depth=1 -b main https://github.com/unstubbable/mfng.git .
Cloning into '.'...
++ date -u +%Y-%m-%dT%H:%M:%SZ
+ writetaskstat timestamp_git_clone_complete 2024-03-05T01:02:42Z
+ jq -nc --arg key timestamp_git_clone_complete --arg value 2024-03-05T01:02:42Z '{ key: $key, value: $value }'
++ git rev-parse HEAD
+ writetaskstat exec_repo_commit_sha 562d785263df821cb731814188ab4640a97ee8c0
+ jq -nc --arg key exec_repo_commit_sha --arg value 562d785263df821cb731814188ab4640a97ee8c0 '{ key: $key, value: $value }'
+++ git show --no-patch --format=%ci
++ date -u --date '2024-03-04 12:07:57 +0100' +%Y-%m-%dT%H:%M:%SZ
+ writetaskstat exec_repo_commit_date 2024-03-04T11:07:57Z
+ jq -nc --arg key exec_repo_commit_date --arg value 2024-03-04T11:07:57Z '{ key: $key, value: $value }'
+ '[' -z ./apps/shared-app ']'
+ pushd ./apps/shared-app
+ tailwind_config_file_name=
+ '[' -f tailwind.config.js ']'
+ '[' -f tailwind.config.cjs ']'
+ tailwind_config_file_name=tailwind.config.cjs
+ writetaskstat exec_tailwind_config_file tailwind.config.cjs
+ jq -nc --arg key exec_tailwind_config_file --arg value tailwind.config.cjs '{ key: $key, value: $value }'
/tmp/twcr-bff88096ae58/apps/shared-app /tmp/twcr-bff88096ae58 /twcr
+ cp tailwind.config.cjs /twcr/mnt/results/extract-raw-tailwind-config.js
+ '[' '!' -f package.json ']'
+ cp package.json /twcr/mnt/results/extract-raw-package.json
++ /twcr/worker/../worker/pm-detect.sh /tmp/twcr-bff88096ae58/apps/shared-app
+ package_manager_name=
+ '[' -z '' ']'
+ '[' ./apps/shared-app '!=' ./ ']'
++ /twcr/worker/../worker/pm-detect.sh /tmp/twcr-bff88096ae58
+ package_manager_name=
+ '[' -z '' ']'
+ package_manager_name=npm
+ writetaskstat exec_node_package_manager npm
+ jq -nc --arg key exec_node_package_manager --arg value npm '{ key: $key, value: $value }'
+ attempt_mode=squash
+ true
++ date -u +%Y-%m-%dT%H:%M:%SZ
+ writetaskstat timestamp_attempt_squash_begin 2024-03-05T01:02:42Z
+ jq -nc --arg key timestamp_attempt_squash_begin --arg value 2024-03-05T01:02:42Z '{ key: $key, value: $value }'
+ [[ squash == \s\q\u\a\s\h ]]
+ set +e
+ node /twcr/worker/../worker/squash-package.mjs tailwind.config.cjs
+ exitcode=0
+ set -e
+ [[ 0 != \0 ]]
+ cat package.json
+ sed 's/^/>>> /'
>>> {
>>>   "name": "@mfng/shared-app",
>>>   "version": "1.0.0",
>>>   "private": true,
>>>   "license": "MIT",
>>>   "author": "Hendrik Liebau <mail@hendrik-liebau.de>",
>>>   "type": "module",
>>>   "exports": {
>>>     "./app.js": {
>>>       "@mfng:internal": "./src/server/app.tsx",
>>>       "default": "./lib/src/server/app.js"
>>>     },
>>>     "./package.json": "./package.json",
>>>     "./tailwind.config.cjs": {
>>>       "@mfng:internal": "./tailwind.config.cjs",
>>>       "default": "./lib/tailwind.config.cjs"
>>>     }
>>>   },
>>>   "files": [
>>>     "lib",
>>>     "static",
>>>     "tailwind.config.cjs"
>>>   ],
>>>   "dependencies": {},
>>>   "devDependencies": {
>>>     "tailwindcss": "^3.2.7"
>>>   }
>>> }+ rm -f package-lock.json pnpm-lock.yaml yarn.lock
+ '[' ./apps/shared-app '!=' ./ ']'
+ rm -f /tmp/twcr-bff88096ae58/package.json /tmp/twcr-bff88096ae58/package-lock.json /tmp/twcr-bff88096ae58/pnpm-lock.yaml /tmp/twcr-bff88096ae58/yarn.lock
+ set +e
+ /twcr/worker/../worker/pm-install.sh npm /tmp/twcr-bff88096ae58 /twcr/mnt/results
+ package_manager_name=npm
+ procdir=/tmp/twcr-bff88096ae58
+ datadir=/twcr/mnt/results
+ case "${package_manager_name}" in
++ '[' -f package-lock.json ']'
++ echo install
+ npm install --ignore-engines

added 112 packages, and audited 113 packages in 4s

28 packages are looking for funding
  run `npm fund` for details

found 0 vulnerabilities
npm notice 
npm notice New minor version of npm available! 10.2.4 -> 10.5.0
npm notice Changelog: <https://github.com/npm/cli/releases/tag/v10.5.0>
npm notice Run `npm install -g npm@10.5.0` to update!
npm notice 
+ npm query '*'
+ jq -cr '
        map({ name: .name, version: .version })
        | map(select(.name))
        | sort_by(.name)[]
      '
+ exitcode=0
+ set -e
+ [[ 0 != \0 ]]
++ jq -sr 'map(select(.name == "tailwindcss")) | first | .version'
+ tailwind_package_version=3.4.1
+ tailwind_config_exporter=tailwind.config.exporter2.cjs
+ '[' -f node_modules/tailwindcss/lib/lib/load-config.js ']'
+ tailwind_config_exporter=tailwind.config.exporter3.mjs
+ cp /twcr/worker/../worker/tailwind.config.exporter3.mjs ./
+ set +e
+ node ./tailwind.config.exporter3.mjs tailwind.config.cjs
+ exitcode=0
+ set -e
+ [[ 0 != \0 ]]
+ echo 'module.exports={plugins:['
+ jq -rs '
        map(select(.name | startswith("@tailwindcss/")))
        | map("require(" + ( .name | tojson ) + "),")[]
      '
+ grep -Ev '"@tailwindcss/postcss7-compat"'
+ true
+ echo ']}'
+ cat tailwind.config.cjs
+ sed 's/^/>>> /'
>>> module.exports={plugins:[
>>> ]}
+ node ./tailwind.config.exporter3.mjs tailwind.config.cjs
++ date -u +%Y-%m-%dT%H:%M:%SZ
+ writetaskstat timestamp_attempt_squash_end 2024-03-05T01:02:47Z
+ jq -nc --arg key timestamp_attempt_squash_end --arg value 2024-03-05T01:02:47Z '{ key: $key, value: $value }'
+ break
++ date -u +%Y-%m-%dT%H:%M:%SZ
+ writetaskstat timestamp_end 2024-03-05T01:02:47Z
+ jq -nc --arg key timestamp_end --arg value 2024-03-05T01:02:47Z '{ key: $key, value: $value }'
+ rm /twcr/mnt/results/extract-failed
+ touch /twcr/mnt/results/extract-completed
