==== RUN-DOCKER
+++ dirname -- ./worker/run.sh
++ cd -- ./worker
++ pwd
+ twcrdir=/twcr/worker/..
+ repo=github.com/ad-aures/castopod
+ reporef=develop
+ repopath=./docs
+ '[' true == true ']'
+ grep -q '^././'
++ echo github.com/ad-aures/castopod
++ sha256sum
++ awk '{ print $1 }'
++ cut -c1-12
+ procdir=/tmp/twcr-885fa144fad4
++ echo 'github.com/ad-aures/castopod;develop;./docs'
++ sha256sum
++ awk '{ print $1 }'
++ cut -c1-12
+ datadir=/twcr/worker/../mnt/dataset/data/a915e058a9c1
+ '[' '!' -z /twcr/mnt/results ']'
+ datadir=/twcr/mnt/results
+ touch /twcr/mnt/results/extract-failed
++ base64
++ tr -d =
++ tr /+ _-
++ base64
++ tr -d =
++ tr /+ _-
+ writetaskstat analysis_key github.com/ad-aures/castopod/ZGV2ZWxvcAo/Li9kb2NzCg
+ jq -nc --arg key analysis_key --arg value github.com/ad-aures/castopod/ZGV2ZWxvcAo/Li9kb2NzCg '{ key: $key, value: $value }'
++ date -u +%Y%m%d%H%M%S
++ sha256sum
++ awk '{ print $1 }'
++ cut -c1-16
++ head -c 32 /dev/urandom
+ writetaskstat analysis_nonce ad1ce431f56882ec
+ jq -nc --arg key analysis_nonce --arg value ad1ce431f56882ec '{ key: $key, value: $value }'
+ writetaskstat input_repo_name github.com/ad-aures/castopod
+ jq -nc --arg key input_repo_name --arg value github.com/ad-aures/castopod '{ key: $key, value: $value }'
+ writetaskstat input_repo_ref develop
+ jq -nc --arg key input_repo_ref --arg value develop '{ key: $key, value: $value }'
+ writetaskstat input_repo_path ./docs
+ jq -nc --arg key input_repo_path --arg value ./docs '{ key: $key, value: $value }'
++ date -u +%Y-%m-%dT%H:%M:%SZ
+ writetaskstat timestamp_begin 2024-03-05T00:27:50Z
+ jq -nc --arg key timestamp_begin --arg value 2024-03-05T00:27:50Z '{ key: $key, value: $value }'
+ mkdir -p /tmp/twcr-885fa144fad4
/tmp/twcr-885fa144fad4 /twcr
+ pushd /tmp/twcr-885fa144fad4
+ '[' -d .git ']'
+ git clone --depth=1 -b develop https://github.com/ad-aures/castopod.git .
Cloning into '.'...
++ date -u +%Y-%m-%dT%H:%M:%SZ
+ writetaskstat timestamp_git_clone_complete 2024-03-05T00:27:52Z
+ jq -nc --arg key timestamp_git_clone_complete --arg value 2024-03-05T00:27:52Z '{ key: $key, value: $value }'
++ git rev-parse HEAD
+ writetaskstat exec_repo_commit_sha 96cbd9cc0fe2be7fcb9a60882e06b251d2ab51d8
+ jq -nc --arg key exec_repo_commit_sha --arg value 96cbd9cc0fe2be7fcb9a60882e06b251d2ab51d8 '{ key: $key, value: $value }'
+++ git show --no-patch --format=%ci
++ date -u --date '2024-03-01 11:40:34 +0000' +%Y-%m-%dT%H:%M:%SZ
+ writetaskstat exec_repo_commit_date 2024-03-01T11:40:34Z
+ jq -nc --arg key exec_repo_commit_date --arg value 2024-03-01T11:40:34Z '{ key: $key, value: $value }'
+ '[' -z ./docs ']'
+ pushd ./docs
+ tailwind_config_file_name=
+ '[' -f tailwind.config.js ']'
+ tailwind_config_file_name=tailwind.config.js
+ writetaskstat exec_tailwind_config_file tailwind.config.js
+ jq -nc --arg key exec_tailwind_config_file --arg value tailwind.config.js '{ key: $key, value: $value }'
/tmp/twcr-885fa144fad4/docs /tmp/twcr-885fa144fad4 /twcr
+ cp tailwind.config.js /twcr/mnt/results/extract-raw-tailwind-config.js
+ '[' '!' -f package.json ']'
+ cp package.json /twcr/mnt/results/extract-raw-package.json
++ /twcr/worker/../worker/pm-detect.sh /tmp/twcr-885fa144fad4/docs
+ package_manager_name=
+ '[' -z '' ']'
+ '[' ./docs '!=' ./ ']'
++ /twcr/worker/../worker/pm-detect.sh /tmp/twcr-885fa144fad4
+ package_manager_name=pnpm
+ '[' -z pnpm ']'
+ writetaskstat exec_node_package_manager pnpm
+ jq -nc --arg key exec_node_package_manager --arg value pnpm '{ key: $key, value: $value }'
+ attempt_mode=squash
+ true
++ date -u +%Y-%m-%dT%H:%M:%SZ
+ writetaskstat timestamp_attempt_squash_begin 2024-03-05T00:27:52Z
+ jq -nc --arg key timestamp_attempt_squash_begin --arg value 2024-03-05T00:27:52Z '{ key: $key, value: $value }'
+ [[ squash == \s\q\u\a\s\h ]]
+ set +e
+ node /twcr/worker/../worker/squash-package.mjs tailwind.config.js
+ exitcode=0
+ set -e
+ [[ 0 != \0 ]]
+ cat package.json
+ sed 's/^/>>> /'
>>> {
>>>   "name": "castopod-docs",
>>>   "version": "0.0.0-development",
>>>   "description": "Castopod documentation using vitepress",
>>>   "main": "index.js",
>>>   "author": {
>>>     "name": "Yassine Doghri",
>>>     "email": "yassine@doghri.fr",
>>>     "url": "https://code.castopod.org/yassine"
>>>   },
>>>   "license": "AGPL-3.0-or-later",
>>>   "devDependencies": {
>>>     "tailwindcss": "^3.2.7"
>>>   }
>>> }+ rm -f package-lock.json pnpm-lock.yaml yarn.lock
+ '[' ./docs '!=' ./ ']'
+ rm -f /tmp/twcr-885fa144fad4/package.json /tmp/twcr-885fa144fad4/package-lock.json /tmp/twcr-885fa144fad4/pnpm-lock.yaml /tmp/twcr-885fa144fad4/yarn.lock
+ set +e
+ /twcr/worker/../worker/pm-install.sh pnpm /tmp/twcr-885fa144fad4 /twcr/mnt/results
+ package_manager_name=pnpm
+ procdir=/tmp/twcr-885fa144fad4
+ datadir=/twcr/mnt/results
+ case "${package_manager_name}" in
+ '[' '!' -f /tmp/twcr-885fa144fad4/package.json ']'
+ '[' '!' -f package.json ']'
++ pnpm -v
+ sed -Ei 's/("pnpm": ")(.+)(")/\18.15.4\3/' package.json
+ pnpm install
Progress: resolved 1, reused 0, downloaded 0, added 0
Progress: resolved 30, reused 0, downloaded 21, added 0
Progress: resolved 64, reused 0, downloaded 58, added 0
Progress: resolved 91, reused 0, downloaded 77, added 0
Packages: +105
++++++++++++++++++++++++++++++++++++++++++++++++++++++++++++++++++++++++++++++++
Progress: resolved 106, reused 0, downloaded 105, added 105, done

devDependencies:
+ tailwindcss 3.4.1

Done in 4.9s
+ pnpm ls --json
+ jq -cr '
        .[]
        | [.dependencies, .devDependencies, .optionalDependencies]
        | map(select(.))[]
        | to_entries
        | map({ name: .key, version: .value.version })
        | sort_by(.name)[]
      '
+ exitcode=0
+ set -e
+ [[ 0 != \0 ]]
++ jq -sr 'map(select(.name == "tailwindcss")) | first | .version'
+ tailwind_package_version=3.4.1
+ tailwind_config_exporter=tailwind.config.exporter2.cjs
+ '[' -f node_modules/tailwindcss/lib/lib/load-config.js ']'
+ tailwind_config_exporter=tailwind.config.exporter3.mjs
+ cp /twcr/worker/../worker/tailwind.config.exporter3.mjs ./
+ set +e
+ node ./tailwind.config.exporter3.mjs tailwind.config.js
+ exitcode=0
+ set -e
+ [[ 0 != \0 ]]
+ echo 'module.exports={plugins:['
+ jq -rs '
        map(select(.name | startswith("@tailwindcss/")))
        | map("require(" + ( .name | tojson ) + "),")[]
      '
+ grep -Ev '"@tailwindcss/postcss7-compat"'
+ true
+ echo ']}'
+ cat tailwind.config.js
+ sed 's/^/>>> /'
>>> module.exports={plugins:[
>>> ]}
+ node ./tailwind.config.exporter3.mjs tailwind.config.js
++ date -u +%Y-%m-%dT%H:%M:%SZ
+ writetaskstat timestamp_attempt_squash_end 2024-03-05T00:27:58Z
+ jq -nc --arg key timestamp_attempt_squash_end --arg value 2024-03-05T00:27:58Z '{ key: $key, value: $value }'
+ break
++ date -u +%Y-%m-%dT%H:%M:%SZ
+ writetaskstat timestamp_end 2024-03-05T00:27:58Z
+ jq -nc --arg key timestamp_end --arg value 2024-03-05T00:27:58Z '{ key: $key, value: $value }'
+ rm /twcr/mnt/results/extract-failed
+ touch /twcr/mnt/results/extract-completed
