==== RUN-DOCKER
+++ dirname -- ./worker/run.sh
++ cd -- ./worker
++ pwd
+ twcrdir=/twcr/worker/..
+ repo=github.com/dust-tt/dust
+ reporef=main
+ repopath=./front
+ '[' true == true ']'
+ grep -q '^././'
++ echo github.com/dust-tt/dust
++ awk '{ print $1 }'
++ cut -c1-12
++ sha256sum
+ procdir=/tmp/twcr-6ecec99b0634
++ echo 'github.com/dust-tt/dust;main;./front'
++ sha256sum
++ awk '{ print $1 }'
++ cut -c1-12
+ datadir=/twcr/worker/../mnt/dataset/data/b25cfa818aa0
+ '[' '!' -z /twcr/mnt/results ']'
+ datadir=/twcr/mnt/results
+ touch /twcr/mnt/results/extract-failed
++ base64
++ tr -d =
++ tr /+ _-
++ base64
++ tr -d =
++ tr /+ _-
+ writetaskstat analysis_key github.com/dust-tt/dust/bWFpbgo/Li9mcm9udAo
+ jq -nc --arg key analysis_key --arg value github.com/dust-tt/dust/bWFpbgo/Li9mcm9udAo '{ key: $key, value: $value }'
++ date -u +%Y%m%d%H%M%S
++ sha256sum
++ awk '{ print $1 }'
++ cut -c1-16
++ head -c 32 /dev/urandom
+ writetaskstat analysis_nonce 9b769183b9855d0d
+ jq -nc --arg key analysis_nonce --arg value 9b769183b9855d0d '{ key: $key, value: $value }'
+ writetaskstat input_repo_name github.com/dust-tt/dust
+ jq -nc --arg key input_repo_name --arg value github.com/dust-tt/dust '{ key: $key, value: $value }'
+ writetaskstat input_repo_ref main
+ jq -nc --arg key input_repo_ref --arg value main '{ key: $key, value: $value }'
+ writetaskstat input_repo_path ./front
+ jq -nc --arg key input_repo_path --arg value ./front '{ key: $key, value: $value }'
++ date -u +%Y-%m-%dT%H:%M:%SZ
+ writetaskstat timestamp_begin 2024-03-04T03:28:57Z
+ jq -nc --arg key timestamp_begin --arg value 2024-03-04T03:28:57Z '{ key: $key, value: $value }'
+ mkdir -p /tmp/twcr-6ecec99b0634
/tmp/twcr-6ecec99b0634 /twcr
+ pushd /tmp/twcr-6ecec99b0634
+ '[' -d .git ']'
+ git clone --depth=1 -b main https://github.com/dust-tt/dust.git .
Cloning into '.'...
++ date -u +%Y-%m-%dT%H:%M:%SZ
+ writetaskstat timestamp_git_clone_complete 2024-03-04T03:29:00Z
+ jq -nc --arg key timestamp_git_clone_complete --arg value 2024-03-04T03:29:00Z '{ key: $key, value: $value }'
++ git rev-parse HEAD
+ writetaskstat exec_repo_commit_sha 3b79646cfd7384e95c3b171915830541336b5bcc
+ jq -nc --arg key exec_repo_commit_sha --arg value 3b79646cfd7384e95c3b171915830541336b5bcc '{ key: $key, value: $value }'
+++ git show --no-patch --format=%ci
++ date -u --date '2024-03-02 01:34:08 +0100' +%Y-%m-%dT%H:%M:%SZ
+ writetaskstat exec_repo_commit_date 2024-03-02T00:34:08Z
+ jq -nc --arg key exec_repo_commit_date --arg value 2024-03-02T00:34:08Z '{ key: $key, value: $value }'
/tmp/twcr-6ecec99b0634/front /tmp/twcr-6ecec99b0634 /twcr
+ '[' -z ./front ']'
+ pushd ./front
+ tailwind_config_file_name=
+ '[' -f tailwind.config.js ']'
+ tailwind_config_file_name=tailwind.config.js
+ writetaskstat exec_tailwind_config_file tailwind.config.js
+ jq -nc --arg key exec_tailwind_config_file --arg value tailwind.config.js '{ key: $key, value: $value }'
+ cp tailwind.config.js /twcr/mnt/results/extract-raw-tailwind-config.js
+ '[' '!' -f package.json ']'
+ cp package.json /twcr/mnt/results/extract-raw-package.json
++ /twcr/worker/../worker/pm-detect.sh /tmp/twcr-6ecec99b0634/front
+ package_manager_name=
+ '[' -z '' ']'
+ '[' ./front '!=' ./ ']'
++ /twcr/worker/../worker/pm-detect.sh /tmp/twcr-6ecec99b0634
grep: /tmp/twcr-6ecec99b0634/package.json: No such file or directory
grep: /tmp/twcr-6ecec99b0634/package.json: No such file or directory
grep: /tmp/twcr-6ecec99b0634/package.json: No such file or directory
/twcr/worker/../worker/pm-detect.sh: line 17: /tmp/twcr-6ecec99b0634/package.json: No such file or directory
+ package_manager_name=
+ '[' -z '' ']'
+ package_manager_name=npm
+ writetaskstat exec_node_package_manager npm
+ jq -nc --arg key exec_node_package_manager --arg value npm '{ key: $key, value: $value }'
+ attempt_mode=squash
+ true
++ date -u +%Y-%m-%dT%H:%M:%SZ
+ writetaskstat timestamp_attempt_squash_begin 2024-03-04T03:29:00Z
+ jq -nc --arg key timestamp_attempt_squash_begin --arg value 2024-03-04T03:29:00Z '{ key: $key, value: $value }'
+ [[ squash == \s\q\u\a\s\h ]]
+ set +e
+ node /twcr/worker/../worker/squash-package.mjs tailwind.config.js
+ exitcode=0
+ set -e
+ [[ 0 != \0 ]]
+ cat package.json
+ sed 's/^/>>> /'
>>> {
>>>   "dependencies": {
>>>     "@tailwindcss/forms": "^0.5.3",
>>>     "tailwind-scrollbar-hide": "^1.1.7",
>>>     "tailwindcss": "^3.2.4"
>>>   },
>>>   "devDependencies": {},
>>>   "browser": {
>>>     "net": false,
>>>     "tls": false,
>>>     "fs": false,
>>>     "dgram": false
>>>   }
>>> }+ rm -f package-lock.json pnpm-lock.yaml yarn.lock
+ '[' ./front '!=' ./ ']'
+ rm -f /tmp/twcr-6ecec99b0634/package.json /tmp/twcr-6ecec99b0634/package-lock.json /tmp/twcr-6ecec99b0634/pnpm-lock.yaml /tmp/twcr-6ecec99b0634/yarn.lock
+ set +e
+ /twcr/worker/../worker/pm-install.sh npm /tmp/twcr-6ecec99b0634 /twcr/mnt/results
+ package_manager_name=npm
+ procdir=/tmp/twcr-6ecec99b0634
+ datadir=/twcr/mnt/results
+ case "${package_manager_name}" in
++ '[' -f package-lock.json ']'
++ echo install
+ npm install --ignore-engines

added 115 packages, and audited 116 packages in 6s

28 packages are looking for funding
  run `npm fund` for details

found 0 vulnerabilities
npm notice 
npm notice New minor version of npm available! 10.2.4 -> 10.5.0
npm notice Changelog: <https://github.com/npm/cli/releases/tag/v10.5.0>
npm notice Run `npm install -g npm@10.5.0` to update!
npm notice 
+ npm query '*'
+ jq -cr '
        map({ name: .name, version: .version })
        | map(select(.name))
        | sort_by(.name)[]
      '
+ exitcode=0
+ set -e
+ [[ 0 != \0 ]]
++ jq -sr 'map(select(.name == "tailwindcss")) | first | .version'
+ tailwind_package_version=3.4.1
+ tailwind_config_exporter=tailwind.config.exporter2.cjs
+ '[' -f node_modules/tailwindcss/lib/lib/load-config.js ']'
+ tailwind_config_exporter=tailwind.config.exporter3.mjs
+ cp /twcr/worker/../worker/tailwind.config.exporter3.mjs ./
+ set +e
+ node ./tailwind.config.exporter3.mjs tailwind.config.js
+ exitcode=0
+ set -e
+ [[ 0 != \0 ]]
+ echo 'module.exports={plugins:['
+ jq -rs '
        map(select(.name | startswith("@tailwindcss/")))
        | map("require(" + ( .name | tojson ) + "),")[]
      '
+ grep -Ev '"@tailwindcss/postcss7-compat"'
+ echo ']}'
+ cat tailwind.config.js
+ sed 's/^/>>> /'
>>> module.exports={plugins:[
>>> require("@tailwindcss/forms"),
>>> ]}
+ node ./tailwind.config.exporter3.mjs tailwind.config.js
++ date -u +%Y-%m-%dT%H:%M:%SZ
+ writetaskstat timestamp_attempt_squash_end 2024-03-04T03:29:08Z
+ jq -nc --arg key timestamp_attempt_squash_end --arg value 2024-03-04T03:29:08Z '{ key: $key, value: $value }'
+ break
++ date -u +%Y-%m-%dT%H:%M:%SZ
+ writetaskstat timestamp_end 2024-03-04T03:29:08Z
+ jq -nc --arg key timestamp_end --arg value 2024-03-04T03:29:08Z '{ key: $key, value: $value }'
+ rm /twcr/mnt/results/extract-failed
+ touch /twcr/mnt/results/extract-completed
