==== RUN-DOCKER
+++ dirname -- ./worker/run.sh
++ cd -- ./worker
++ pwd
+ twcrdir=/twcr/worker/..
+ repo=github.com/imiphp/imi-ai
+ reporef=master
+ repopath=./admin
+ '[' true == true ']'
+ grep -q '^././'
++ echo github.com/imiphp/imi-ai
++ sha256sum
++ awk '{ print $1 }'
++ cut -c1-12
+ procdir=/tmp/twcr-ac2bd5ed27b6
++ echo 'github.com/imiphp/imi-ai;master;./admin'
++ sha256sum
++ awk '{ print $1 }'
++ cut -c1-12
+ datadir=/twcr/worker/../mnt/dataset/data/e28afab5be4f
+ '[' '!' -z /twcr/mnt/results ']'
+ datadir=/twcr/mnt/results
+ touch /twcr/mnt/results/extract-failed
++ base64
++ tr -d =
++ tr /+ _-
++ base64
++ tr -d =
++ tr /+ _-
+ writetaskstat analysis_key github.com/imiphp/imi-ai/bWFzdGVyCg/Li9hZG1pbgo
+ jq -nc --arg key analysis_key --arg value github.com/imiphp/imi-ai/bWFzdGVyCg/Li9hZG1pbgo '{ key: $key, value: $value }'
++ date -u +%Y%m%d%H%M%S
++ sha256sum
++ awk '{ print $1 }'
++ cut -c1-16
++ head -c 32 /dev/urandom
+ writetaskstat analysis_nonce 2f9ced52f5b68f52
+ jq -nc --arg key analysis_nonce --arg value 2f9ced52f5b68f52 '{ key: $key, value: $value }'
+ writetaskstat input_repo_name github.com/imiphp/imi-ai
+ jq -nc --arg key input_repo_name --arg value github.com/imiphp/imi-ai '{ key: $key, value: $value }'
+ writetaskstat input_repo_ref master
+ jq -nc --arg key input_repo_ref --arg value master '{ key: $key, value: $value }'
+ writetaskstat input_repo_path ./admin
+ jq -nc --arg key input_repo_path --arg value ./admin '{ key: $key, value: $value }'
++ date -u +%Y-%m-%dT%H:%M:%SZ
+ writetaskstat timestamp_begin 2024-03-05T04:22:08Z
+ jq -nc --arg key timestamp_begin --arg value 2024-03-05T04:22:08Z '{ key: $key, value: $value }'
+ mkdir -p /tmp/twcr-ac2bd5ed27b6
/tmp/twcr-ac2bd5ed27b6 /twcr
+ pushd /tmp/twcr-ac2bd5ed27b6
+ '[' -d .git ']'
+ git clone --depth=1 -b master https://github.com/imiphp/imi-ai.git .
Cloning into '.'...
++ date -u +%Y-%m-%dT%H:%M:%SZ
+ writetaskstat timestamp_git_clone_complete 2024-03-05T04:22:09Z
+ jq -nc --arg key timestamp_git_clone_complete --arg value 2024-03-05T04:22:09Z '{ key: $key, value: $value }'
++ git rev-parse HEAD
+ writetaskstat exec_repo_commit_sha cfacf7bdaf78c7c063ce987f268c06860c08d419
+ jq -nc --arg key exec_repo_commit_sha --arg value cfacf7bdaf78c7c063ce987f268c06860c08d419 '{ key: $key, value: $value }'
+++ git show --no-patch --format=%ci
++ date -u --date '2024-02-28 19:17:03 +0800' +%Y-%m-%dT%H:%M:%SZ
+ writetaskstat exec_repo_commit_date 2024-02-28T11:17:03Z
+ jq -nc --arg key exec_repo_commit_date --arg value 2024-02-28T11:17:03Z '{ key: $key, value: $value }'
/tmp/twcr-ac2bd5ed27b6/admin /tmp/twcr-ac2bd5ed27b6 /twcr
+ '[' -z ./admin ']'
+ pushd ./admin
+ tailwind_config_file_name=
+ '[' -f tailwind.config.js ']'
+ tailwind_config_file_name=tailwind.config.js
+ writetaskstat exec_tailwind_config_file tailwind.config.js
+ jq -nc --arg key exec_tailwind_config_file --arg value tailwind.config.js '{ key: $key, value: $value }'
+ cp tailwind.config.js /twcr/mnt/results/extract-raw-tailwind-config.js
+ '[' '!' -f package.json ']'
+ cp package.json /twcr/mnt/results/extract-raw-package.json
++ /twcr/worker/../worker/pm-detect.sh /tmp/twcr-ac2bd5ed27b6/admin
+ package_manager_name=
+ '[' -z '' ']'
+ '[' ./admin '!=' ./ ']'
++ /twcr/worker/../worker/pm-detect.sh /tmp/twcr-ac2bd5ed27b6
grep: /tmp/twcr-ac2bd5ed27b6/package.json: No such file or directory
grep: /tmp/twcr-ac2bd5ed27b6/package.json: No such file or directory
grep: /tmp/twcr-ac2bd5ed27b6/package.json: No such file or directory
/twcr/worker/../worker/pm-detect.sh: line 17: /tmp/twcr-ac2bd5ed27b6/package.json: No such file or directory
+ package_manager_name=
+ '[' -z '' ']'
+ package_manager_name=npm
+ writetaskstat exec_node_package_manager npm
+ jq -nc --arg key exec_node_package_manager --arg value npm '{ key: $key, value: $value }'
+ attempt_mode=squash
+ true
++ date -u +%Y-%m-%dT%H:%M:%SZ
+ writetaskstat timestamp_attempt_squash_begin 2024-03-05T04:22:09Z
+ jq -nc --arg key timestamp_attempt_squash_begin --arg value 2024-03-05T04:22:09Z '{ key: $key, value: $value }'
+ [[ squash == \s\q\u\a\s\h ]]
+ set +e
+ node /twcr/worker/../worker/squash-package.mjs tailwind.config.js
+ exitcode=0
+ set -e
+ [[ 0 != \0 ]]
+ cat package.json
+ sed 's/^/>>> /'
+ rm -f package-lock.json pnpm-lock.yaml yarn.lock
>>> {
>>>   "name": "imi-ai-admin",
>>>   "version": "1.0.0",
>>>   "description": "imi AI 后台",
>>>   "author": "Yurun <yurun@yurunsoft.com>",
>>>   "license": "MIT",
>>>   "keywords": [
>>>     "Vue",
>>>     "Vue3",
>>>     "admin",
>>>     "admin-template",
>>>     "vue-admin",
>>>     "vue-admin-template",
>>>     "Vite3",
>>>     "Vite",
>>>     "vite-admin",
>>>     "TypeScript",
>>>     "TS",
>>>     "NaiveUI",
>>>     "naive-ui",
>>>     "naive-admin",
>>>     "NaiveUI-Admin",
>>>     "naive-ui-admin",
>>>     "UnoCSS"
>>>   ],
>>>   "dependencies": {},
>>>   "devDependencies": {
>>>     "tailwindcss": "^3.3.3"
>>>   },
>>>   "simple-git-hooks": {
>>>     "commit-msg": "pnpm soy git-commit-verify",
>>>     "pre-commit": "pnpm typecheck && pnpm soy lint-staged"
>>>   },
>>>   "soybean": {
>>>     "useSoybeanToken": true
>>>   }
>>> }+ '[' ./admin '!=' ./ ']'
+ rm -f /tmp/twcr-ac2bd5ed27b6/package.json /tmp/twcr-ac2bd5ed27b6/package-lock.json /tmp/twcr-ac2bd5ed27b6/pnpm-lock.yaml /tmp/twcr-ac2bd5ed27b6/yarn.lock
+ set +e
+ /twcr/worker/../worker/pm-install.sh npm /tmp/twcr-ac2bd5ed27b6 /twcr/mnt/results
+ package_manager_name=npm
+ procdir=/tmp/twcr-ac2bd5ed27b6
+ datadir=/twcr/mnt/results
+ case "${package_manager_name}" in
++ '[' -f package-lock.json ']'
++ echo install
+ npm install --ignore-engines

added 112 packages in 13s
npm notice 
npm notice New minor version of npm available! 10.2.4 -> 10.5.0
npm notice Changelog: <https://github.com/npm/cli/releases/tag/v10.5.0>
npm notice Run `npm install -g npm@10.5.0` to update!
npm notice 
+ npm query '*'
+ jq -cr '
        map({ name: .name, version: .version })
        | map(select(.name))
        | sort_by(.name)[]
      '
+ exitcode=0
+ set -e
+ [[ 0 != \0 ]]
++ jq -sr 'map(select(.name == "tailwindcss")) | first | .version'
+ tailwind_package_version=3.4.1
+ tailwind_config_exporter=tailwind.config.exporter2.cjs
+ '[' -f node_modules/tailwindcss/lib/lib/load-config.js ']'
+ tailwind_config_exporter=tailwind.config.exporter3.mjs
+ cp /twcr/worker/../worker/tailwind.config.exporter3.mjs ./
+ set +e
+ node ./tailwind.config.exporter3.mjs tailwind.config.js
+ exitcode=0
+ set -e
+ [[ 0 != \0 ]]
+ echo 'module.exports={plugins:['
+ jq -rs '
        map(select(.name | startswith("@tailwindcss/")))
        | map("require(" + ( .name | tojson ) + "),")[]
      '
+ grep -Ev '"@tailwindcss/postcss7-compat"'
+ true
+ echo ']}'
+ cat tailwind.config.js
+ sed 's/^/>>> /'
>>> module.exports={plugins:[
>>> ]}
+ node ./tailwind.config.exporter3.mjs tailwind.config.js
++ date -u +%Y-%m-%dT%H:%M:%SZ
+ writetaskstat timestamp_attempt_squash_end 2024-03-05T04:22:24Z
+ jq -nc --arg key timestamp_attempt_squash_end --arg value 2024-03-05T04:22:24Z '{ key: $key, value: $value }'
+ break
++ date -u +%Y-%m-%dT%H:%M:%SZ
+ writetaskstat timestamp_end 2024-03-05T04:22:24Z
+ jq -nc --arg key timestamp_end --arg value 2024-03-05T04:22:24Z '{ key: $key, value: $value }'
+ rm /twcr/mnt/results/extract-failed
+ touch /twcr/mnt/results/extract-completed
