==== RUN-DOCKER
+++ dirname -- ./worker/run.sh
++ cd -- ./worker
++ pwd
+ twcrdir=/twcr/worker/..
+ repo=github.com/everythingsvelte/dollarholler
+ reporef=main
+ repopath=./30__INLINE-CLIENT-FORM/dollarholler
+ '[' true == true ']'
+ grep -q '^././'
++ echo github.com/everythingsvelte/dollarholler
++ sha256sum
++ awk '{ print $1 }'
++ cut -c1-12
+ procdir=/tmp/twcr-3c7a994c0ec9
++ echo 'github.com/everythingsvelte/dollarholler;main;./30__INLINE-CLIENT-FORM/dollarholler'
++ sha256sum
++ awk '{ print $1 }'
++ cut -c1-12
+ datadir=/twcr/worker/../mnt/dataset/data/a6d6c336a031
+ '[' '!' -z /twcr/mnt/results ']'
+ datadir=/twcr/mnt/results
+ touch /twcr/mnt/results/extract-failed
++ base64
++ tr -d =
++ tr /+ _-
++ base64
++ tr -d =
++ tr /+ _-
+ writetaskstat analysis_key github.com/everythingsvelte/dollarholler/bWFpbgo/Li8zMF9fSU5MSU5FLUNMSUVOVC1GT1JNL2RvbGxhcmhvbGxlcgo
+ jq -nc --arg key analysis_key --arg value github.com/everythingsvelte/dollarholler/bWFpbgo/Li8zMF9fSU5MSU5FLUNMSUVOVC1GT1JNL2RvbGxhcmhvbGxlcgo '{ key: $key, value: $value }'
++ date -u +%Y%m%d%H%M%S
++ sha256sum
++ awk '{ print $1 }'
++ cut -c1-16
++ head -c 32 /dev/urandom
+ writetaskstat analysis_nonce 07882c75a766bfd3
+ jq -nc --arg key analysis_nonce --arg value 07882c75a766bfd3 '{ key: $key, value: $value }'
+ writetaskstat input_repo_name github.com/everythingsvelte/dollarholler
+ jq -nc --arg key input_repo_name --arg value github.com/everythingsvelte/dollarholler '{ key: $key, value: $value }'
+ writetaskstat input_repo_ref main
+ jq -nc --arg key input_repo_ref --arg value main '{ key: $key, value: $value }'
+ writetaskstat input_repo_path ./30__INLINE-CLIENT-FORM/dollarholler
+ jq -nc --arg key input_repo_path --arg value ./30__INLINE-CLIENT-FORM/dollarholler '{ key: $key, value: $value }'
++ date -u +%Y-%m-%dT%H:%M:%SZ
+ writetaskstat timestamp_begin 2024-03-05T05:50:01Z
+ jq -nc --arg key timestamp_begin --arg value 2024-03-05T05:50:01Z '{ key: $key, value: $value }'
+ mkdir -p /tmp/twcr-3c7a994c0ec9
/tmp/twcr-3c7a994c0ec9 /twcr
+ pushd /tmp/twcr-3c7a994c0ec9
+ '[' -d .git ']'
+ git clone --depth=1 -b main https://github.com/everythingsvelte/dollarholler.git .
Cloning into '.'...
++ date -u +%Y-%m-%dT%H:%M:%SZ
+ writetaskstat timestamp_git_clone_complete 2024-03-05T05:50:03Z
+ jq -nc --arg key timestamp_git_clone_complete --arg value 2024-03-05T05:50:03Z '{ key: $key, value: $value }'
++ git rev-parse HEAD
+ writetaskstat exec_repo_commit_sha d6594f3173d4d4a6b7e08e267bf3b7697718eab6
+ jq -nc --arg key exec_repo_commit_sha --arg value d6594f3173d4d4a6b7e08e267bf3b7697718eab6 '{ key: $key, value: $value }'
+++ git show --no-patch --format=%ci
++ date -u --date '2023-09-01 10:18:21 -0500' +%Y-%m-%dT%H:%M:%SZ
+ writetaskstat exec_repo_commit_date 2023-09-01T15:18:21Z
+ jq -nc --arg key exec_repo_commit_date --arg value 2023-09-01T15:18:21Z '{ key: $key, value: $value }'
/tmp/twcr-3c7a994c0ec9/30__INLINE-CLIENT-FORM/dollarholler /tmp/twcr-3c7a994c0ec9 /twcr
+ '[' -z ./30__INLINE-CLIENT-FORM/dollarholler ']'
+ pushd ./30__INLINE-CLIENT-FORM/dollarholler
+ tailwind_config_file_name=
+ '[' -f tailwind.config.js ']'
+ '[' -f tailwind.config.cjs ']'
+ tailwind_config_file_name=tailwind.config.cjs
+ writetaskstat exec_tailwind_config_file tailwind.config.cjs
+ jq -nc --arg key exec_tailwind_config_file --arg value tailwind.config.cjs '{ key: $key, value: $value }'
+ cp tailwind.config.cjs /twcr/mnt/results/extract-raw-tailwind-config.js
+ '[' '!' -f package.json ']'
+ cp package.json /twcr/mnt/results/extract-raw-package.json
++ /twcr/worker/../worker/pm-detect.sh /tmp/twcr-3c7a994c0ec9/30__INLINE-CLIENT-FORM/dollarholler
+ package_manager_name=pnpm
+ '[' -z pnpm ']'
+ '[' -z pnpm ']'
+ writetaskstat exec_node_package_manager pnpm
+ jq -nc --arg key exec_node_package_manager --arg value pnpm '{ key: $key, value: $value }'
+ attempt_mode=squash
+ true
++ date -u +%Y-%m-%dT%H:%M:%SZ
+ writetaskstat timestamp_attempt_squash_begin 2024-03-05T05:50:03Z
+ jq -nc --arg key timestamp_attempt_squash_begin --arg value 2024-03-05T05:50:03Z '{ key: $key, value: $value }'
+ [[ squash == \s\q\u\a\s\h ]]
+ set +e
+ node /twcr/worker/../worker/squash-package.mjs tailwind.config.cjs
+ exitcode=0
+ set -e
+ [[ 0 != \0 ]]
+ cat package.json
+ sed 's/^/>>> /'
>>> {
>>>   "name": "dollarholler",
>>>   "version": "0.0.1",
>>>   "private": true,
>>>   "devDependencies": {
>>>     "tailwindcss": "^3.1.8"
>>>   },
>>>   "type": "module",
>>>   "dependencies": {}
>>> }+ rm -f package-lock.json pnpm-lock.yaml yarn.lock
+ '[' ./30__INLINE-CLIENT-FORM/dollarholler '!=' ./ ']'
+ rm -f /tmp/twcr-3c7a994c0ec9/package.json /tmp/twcr-3c7a994c0ec9/package-lock.json /tmp/twcr-3c7a994c0ec9/pnpm-lock.yaml /tmp/twcr-3c7a994c0ec9/yarn.lock
+ set +e
+ /twcr/worker/../worker/pm-install.sh pnpm /tmp/twcr-3c7a994c0ec9 /twcr/mnt/results
+ package_manager_name=pnpm
+ procdir=/tmp/twcr-3c7a994c0ec9
+ datadir=/twcr/mnt/results
+ case "${package_manager_name}" in
+ '[' '!' -f /tmp/twcr-3c7a994c0ec9/package.json ']'
+ '[' '!' -f package.json ']'
++ pnpm -v
+ sed -Ei 's/("pnpm": ")(.+)(")/\18.15.4\3/' package.json
+ pnpm install
Progress: resolved 1, reused 0, downloaded 0, added 0
Progress: resolved 24, reused 0, downloaded 13, added 0
Progress: resolved 49, reused 0, downloaded 41, added 0
Progress: resolved 81, reused 0, downloaded 73, added 0
Packages: +105
++++++++++++++++++++++++++++++++++++++++++++++++++++++++++++++++++++++++++++++++
Progress: resolved 106, reused 0, downloaded 104, added 0
Progress: resolved 106, reused 0, downloaded 105, added 105, done

devDependencies:
+ tailwindcss 3.4.1

Done in 5.3s
+ pnpm ls --json
+ jq -cr '
        .[]
        | [.dependencies, .devDependencies, .optionalDependencies]
        | map(select(.))[]
        | to_entries
        | map({ name: .key, version: .value.version })
        | sort_by(.name)[]
      '
+ exitcode=0
+ set -e
+ [[ 0 != \0 ]]
++ jq -sr 'map(select(.name == "tailwindcss")) | first | .version'
+ tailwind_package_version=3.4.1
+ tailwind_config_exporter=tailwind.config.exporter2.cjs
+ '[' -f node_modules/tailwindcss/lib/lib/load-config.js ']'
+ tailwind_config_exporter=tailwind.config.exporter3.mjs
+ cp /twcr/worker/../worker/tailwind.config.exporter3.mjs ./
+ set +e
+ node ./tailwind.config.exporter3.mjs tailwind.config.cjs
+ exitcode=0
+ set -e
+ [[ 0 != \0 ]]
+ echo 'module.exports={plugins:['
+ jq -rs '
        map(select(.name | startswith("@tailwindcss/")))
        | map("require(" + ( .name | tojson ) + "),")[]
      '
+ grep -Ev '"@tailwindcss/postcss7-compat"'
+ true
+ echo ']}'
+ cat tailwind.config.cjs
+ sed 's/^/>>> /'
>>> module.exports={plugins:[
>>> ]}
+ node ./tailwind.config.exporter3.mjs tailwind.config.cjs
++ date -u +%Y-%m-%dT%H:%M:%SZ
+ writetaskstat timestamp_attempt_squash_end 2024-03-05T05:50:10Z
+ jq -nc --arg key timestamp_attempt_squash_end --arg value 2024-03-05T05:50:10Z '{ key: $key, value: $value }'
+ break
++ date -u +%Y-%m-%dT%H:%M:%SZ
+ writetaskstat timestamp_end 2024-03-05T05:50:10Z
+ jq -nc --arg key timestamp_end --arg value 2024-03-05T05:50:10Z '{ key: $key, value: $value }'
+ rm /twcr/mnt/results/extract-failed
+ touch /twcr/mnt/results/extract-completed
