==== RUN-DOCKER
+++ dirname -- ./worker/run.sh
++ cd -- ./worker
++ pwd
+ twcrdir=/twcr/worker/..
+ repo=github.com/jherr/clerk-5-roles-and-perms
+ reporef=main
+ repopath=./clerk-5-roles-and-perms
+ '[' true == true ']'
+ grep -q '^././'
++ echo github.com/jherr/clerk-5-roles-and-perms
++ sha256sum
++ awk '{ print $1 }'
++ cut -c1-12
+ procdir=/tmp/twcr-e718b59e2428
++ echo 'github.com/jherr/clerk-5-roles-and-perms;main;./clerk-5-roles-and-perms'
++ sha256sum
++ awk '{ print $1 }'
++ cut -c1-12
+ datadir=/twcr/worker/../mnt/dataset/data/0b860fbc8dbc
+ '[' '!' -z /twcr/mnt/results ']'
+ datadir=/twcr/mnt/results
+ touch /twcr/mnt/results/extract-failed
++ base64
++ tr -d =
++ tr /+ _-
++ base64
++ tr -d =
++ tr /+ _-
+ writetaskstat analysis_key github.com/jherr/clerk-5-roles-and-perms/bWFpbgo/Li9jbGVyay01LXJvbGVzLWFuZC1wZXJtcwo
+ jq -nc --arg key analysis_key --arg value github.com/jherr/clerk-5-roles-and-perms/bWFpbgo/Li9jbGVyay01LXJvbGVzLWFuZC1wZXJtcwo '{ key: $key, value: $value }'
++ date -u +%Y%m%d%H%M%S
++ sha256sum
++ awk '{ print $1 }'
++ cut -c1-16
++ head -c 32 /dev/urandom
+ writetaskstat analysis_nonce fca22d18420ab098
+ jq -nc --arg key analysis_nonce --arg value fca22d18420ab098 '{ key: $key, value: $value }'
+ writetaskstat input_repo_name github.com/jherr/clerk-5-roles-and-perms
+ jq -nc --arg key input_repo_name --arg value github.com/jherr/clerk-5-roles-and-perms '{ key: $key, value: $value }'
+ writetaskstat input_repo_ref main
+ jq -nc --arg key input_repo_ref --arg value main '{ key: $key, value: $value }'
+ writetaskstat input_repo_path ./clerk-5-roles-and-perms
+ jq -nc --arg key input_repo_path --arg value ./clerk-5-roles-and-perms '{ key: $key, value: $value }'
++ date -u +%Y-%m-%dT%H:%M:%SZ
+ writetaskstat timestamp_begin 2024-03-05T07:29:34Z
+ jq -nc --arg key timestamp_begin --arg value 2024-03-05T07:29:34Z '{ key: $key, value: $value }'
+ mkdir -p /tmp/twcr-e718b59e2428
+ pushd /tmp/twcr-e718b59e2428
+ '[' -d .git ']'
+ git clone --depth=1 -b main https://github.com/jherr/clerk-5-roles-and-perms.git .
/tmp/twcr-e718b59e2428 /twcr
Cloning into '.'...
++ date -u +%Y-%m-%dT%H:%M:%SZ
+ writetaskstat timestamp_git_clone_complete 2024-03-05T07:29:34Z
+ jq -nc --arg key timestamp_git_clone_complete --arg value 2024-03-05T07:29:34Z '{ key: $key, value: $value }'
++ git rev-parse HEAD
+ writetaskstat exec_repo_commit_sha e6b5d55af73da7478b3e4bebe478684218b43aaa
+ jq -nc --arg key exec_repo_commit_sha --arg value e6b5d55af73da7478b3e4bebe478684218b43aaa '{ key: $key, value: $value }'
+++ git show --no-patch --format=%ci
++ date -u --date '2024-01-19 09:47:06 -0800' +%Y-%m-%dT%H:%M:%SZ
+ writetaskstat exec_repo_commit_date 2024-01-19T17:47:06Z
+ jq -nc --arg key exec_repo_commit_date --arg value 2024-01-19T17:47:06Z '{ key: $key, value: $value }'
/tmp/twcr-e718b59e2428/clerk-5-roles-and-perms /tmp/twcr-e718b59e2428 /twcr
+ '[' -z ./clerk-5-roles-and-perms ']'
+ pushd ./clerk-5-roles-and-perms
+ tailwind_config_file_name=
+ '[' -f tailwind.config.js ']'
+ '[' -f tailwind.config.cjs ']'
+ '[' -f tailwind.config.mjs ']'
+ '[' -f tailwind.config.ts ']'
+ tailwind_config_file_name=tailwind.config.ts
+ writetaskstat exec_tailwind_config_file tailwind.config.ts
+ jq -nc --arg key exec_tailwind_config_file --arg value tailwind.config.ts '{ key: $key, value: $value }'
+ cp tailwind.config.ts /twcr/mnt/results/extract-raw-tailwind-config.js
+ '[' '!' -f package.json ']'
+ cp package.json /twcr/mnt/results/extract-raw-package.json
++ /twcr/worker/../worker/pm-detect.sh /tmp/twcr-e718b59e2428/clerk-5-roles-and-perms
+ package_manager_name=pnpm
+ '[' -z pnpm ']'
+ '[' -z pnpm ']'
+ writetaskstat exec_node_package_manager pnpm
+ jq -nc --arg key exec_node_package_manager --arg value pnpm '{ key: $key, value: $value }'
+ attempt_mode=squash
+ true
++ date -u +%Y-%m-%dT%H:%M:%SZ
+ writetaskstat timestamp_attempt_squash_begin 2024-03-05T07:29:34Z
+ jq -nc --arg key timestamp_attempt_squash_begin --arg value 2024-03-05T07:29:34Z '{ key: $key, value: $value }'
+ [[ squash == \s\q\u\a\s\h ]]
+ set +e
+ node /twcr/worker/../worker/squash-package.mjs tailwind.config.ts
+ exitcode=0
+ set -e
+ [[ 0 != \0 ]]
+ cat package.json
+ sed 's/^/>>> /'
>>> {
>>>   "name": "next-rbac",
>>>   "version": "0.1.0",
>>>   "private": true,
>>>   "dependencies": {
>>>     "tailwindcss-animate": "^1.0.7"
>>>   },
>>>   "devDependencies": {
>>>     "tailwindcss": "^3.3.0"
>>>   }
>>> }+ rm -f package-lock.json pnpm-lock.yaml yarn.lock
+ '[' ./clerk-5-roles-and-perms '!=' ./ ']'
+ rm -f /tmp/twcr-e718b59e2428/package.json /tmp/twcr-e718b59e2428/package-lock.json /tmp/twcr-e718b59e2428/pnpm-lock.yaml /tmp/twcr-e718b59e2428/yarn.lock
+ set +e
+ /twcr/worker/../worker/pm-install.sh pnpm /tmp/twcr-e718b59e2428 /twcr/mnt/results
+ package_manager_name=pnpm
+ procdir=/tmp/twcr-e718b59e2428
+ datadir=/twcr/mnt/results
+ case "${package_manager_name}" in
+ '[' '!' -f /tmp/twcr-e718b59e2428/package.json ']'
+ '[' '!' -f package.json ']'
++ pnpm -v
+ sed -Ei 's/("pnpm": ")(.+)(")/\18.15.4\3/' package.json
+ pnpm install
Progress: resolved 1, reused 0, downloaded 0, added 0
Progress: resolved 25, reused 0, downloaded 23, added 0
Progress: resolved 61, reused 0, downloaded 51, added 0
Progress: resolved 103, reused 0, downloaded 90, added 0
Packages: +106
++++++++++++++++++++++++++++++++++++++++++++++++++++++++++++++++++++++++++++++++
Progress: resolved 107, reused 0, downloaded 106, added 106, done

dependencies:
+ tailwindcss-animate 1.0.7

devDependencies:
+ tailwindcss 3.4.1

Done in 4.2s
+ pnpm ls --json
+ jq -cr '
        .[]
        | [.dependencies, .devDependencies, .optionalDependencies]
        | map(select(.))[]
        | to_entries
        | map({ name: .key, version: .value.version })
        | sort_by(.name)[]
      '
+ exitcode=0
+ set -e
+ [[ 0 != \0 ]]
++ jq -sr 'map(select(.name == "tailwindcss")) | first | .version'
+ tailwind_package_version=3.4.1
+ tailwind_config_exporter=tailwind.config.exporter2.cjs
+ '[' -f node_modules/tailwindcss/lib/lib/load-config.js ']'
+ tailwind_config_exporter=tailwind.config.exporter3.mjs
+ cp /twcr/worker/../worker/tailwind.config.exporter3.mjs ./
+ set +e
+ node ./tailwind.config.exporter3.mjs tailwind.config.ts
+ exitcode=0
+ set -e
+ [[ 0 != \0 ]]
+ echo 'module.exports={plugins:['
+ jq -rs '
        map(select(.name | startswith("@tailwindcss/")))
        | map("require(" + ( .name | tojson ) + "),")[]
      '
+ grep -Ev '"@tailwindcss/postcss7-compat"'
+ true
+ echo ']}'
+ cat tailwind.config.ts
+ sed 's/^/>>> /'
>>> module.exports={plugins:[
>>> ]}
+ node ./tailwind.config.exporter3.mjs tailwind.config.ts
++ date -u +%Y-%m-%dT%H:%M:%SZ
+ writetaskstat timestamp_attempt_squash_end 2024-03-05T07:29:40Z
+ jq -nc --arg key timestamp_attempt_squash_end --arg value 2024-03-05T07:29:40Z '{ key: $key, value: $value }'
+ break
++ date -u +%Y-%m-%dT%H:%M:%SZ
+ writetaskstat timestamp_end 2024-03-05T07:29:40Z
+ jq -nc --arg key timestamp_end --arg value 2024-03-05T07:29:40Z '{ key: $key, value: $value }'
+ rm /twcr/mnt/results/extract-failed
+ touch /twcr/mnt/results/extract-completed
