==== RUN-DOCKER
+++ dirname -- ./worker/run.sh
++ cd -- ./worker
++ pwd
+ twcrdir=/twcr/worker/..
+ repo=github.com/xlzy520/uniapp-tailwind-uview-starter
+ reporef=master
+ repopath=./
+ '[' true == true ']'
+ grep -q '^././'
++ echo github.com/xlzy520/uniapp-tailwind-uview-starter
++ sha256sum
++ awk '{ print $1 }'
++ cut -c1-12
+ procdir=/tmp/twcr-036f8958b50d
++ echo 'github.com/xlzy520/uniapp-tailwind-uview-starter;master;./'
++ sha256sum
++ awk '{ print $1 }'
++ cut -c1-12
+ datadir=/twcr/worker/../mnt/dataset/data/87aed15b1294
+ '[' '!' -z /twcr/mnt/results ']'
+ datadir=/twcr/mnt/results
+ touch /twcr/mnt/results/extract-failed
++ base64
++ tr -d =
++ tr /+ _-
++ base64
++ tr -d =
++ tr /+ _-
+ writetaskstat analysis_key github.com/xlzy520/uniapp-tailwind-uview-starter/bWFzdGVyCg/Li8K
+ jq -nc --arg key analysis_key --arg value github.com/xlzy520/uniapp-tailwind-uview-starter/bWFzdGVyCg/Li8K '{ key: $key, value: $value }'
++ date -u +%Y%m%d%H%M%S
++ sha256sum
++ awk '{ print $1 }'
++ cut -c1-16
++ head -c 32 /dev/urandom
+ writetaskstat analysis_nonce c4e77e95f7764a7e
+ jq -nc --arg key analysis_nonce --arg value c4e77e95f7764a7e '{ key: $key, value: $value }'
+ writetaskstat input_repo_name github.com/xlzy520/uniapp-tailwind-uview-starter
+ jq -nc --arg key input_repo_name --arg value github.com/xlzy520/uniapp-tailwind-uview-starter '{ key: $key, value: $value }'
+ writetaskstat input_repo_ref master
+ jq -nc --arg key input_repo_ref --arg value master '{ key: $key, value: $value }'
+ writetaskstat input_repo_path ./
+ jq -nc --arg key input_repo_path --arg value ./ '{ key: $key, value: $value }'
++ date -u +%Y-%m-%dT%H:%M:%SZ
+ writetaskstat timestamp_begin 2024-03-04T07:18:12Z
+ jq -nc --arg key timestamp_begin --arg value 2024-03-04T07:18:12Z '{ key: $key, value: $value }'
+ mkdir -p /tmp/twcr-036f8958b50d
/tmp/twcr-036f8958b50d /twcr
+ pushd /tmp/twcr-036f8958b50d
+ '[' -d .git ']'
+ git clone --depth=1 -b master https://github.com/xlzy520/uniapp-tailwind-uview-starter.git .
Cloning into '.'...
++ date -u +%Y-%m-%dT%H:%M:%SZ
+ writetaskstat timestamp_git_clone_complete 2024-03-04T07:18:13Z
+ jq -nc --arg key timestamp_git_clone_complete --arg value 2024-03-04T07:18:13Z '{ key: $key, value: $value }'
++ git rev-parse HEAD
+ writetaskstat exec_repo_commit_sha db17bf5e4ea20995752d72fc229ae8930652f4ca
+ jq -nc --arg key exec_repo_commit_sha --arg value db17bf5e4ea20995752d72fc229ae8930652f4ca '{ key: $key, value: $value }'
+++ git show --no-patch --format=%ci
++ date -u --date '2022-05-25 17:32:13 +0800' +%Y-%m-%dT%H:%M:%SZ
+ writetaskstat exec_repo_commit_date 2022-05-25T09:32:13Z
+ jq -nc --arg key exec_repo_commit_date --arg value 2022-05-25T09:32:13Z '{ key: $key, value: $value }'
/tmp/twcr-036f8958b50d /tmp/twcr-036f8958b50d /twcr
+ '[' -z ./ ']'
+ pushd ./
+ tailwind_config_file_name=
+ '[' -f tailwind.config.js ']'
+ tailwind_config_file_name=tailwind.config.js
+ writetaskstat exec_tailwind_config_file tailwind.config.js
+ jq -nc --arg key exec_tailwind_config_file --arg value tailwind.config.js '{ key: $key, value: $value }'
+ cp tailwind.config.js /twcr/mnt/results/extract-raw-tailwind-config.js
+ '[' '!' -f package.json ']'
+ cp package.json /twcr/mnt/results/extract-raw-package.json
++ /twcr/worker/../worker/pm-detect.sh /tmp/twcr-036f8958b50d
+ package_manager_name=yarn
+ '[' -z yarn ']'
+ '[' -z yarn ']'
+ writetaskstat exec_node_package_manager yarn
+ jq -nc --arg key exec_node_package_manager --arg value yarn '{ key: $key, value: $value }'
+ attempt_mode=squash
+ true
++ date -u +%Y-%m-%dT%H:%M:%SZ
+ writetaskstat timestamp_attempt_squash_begin 2024-03-04T07:18:13Z
+ jq -nc --arg key timestamp_attempt_squash_begin --arg value 2024-03-04T07:18:13Z '{ key: $key, value: $value }'
+ [[ squash == \s\q\u\a\s\h ]]
+ set +e
+ node /twcr/worker/../worker/squash-package.mjs tailwind.config.js
+ exitcode=0
+ set -e
+ [[ 0 != \0 ]]
+ cat package.json
+ sed 's/^/>>> /'
>>> {
>>>   "name": "uniapp-tailwind-uview-starter",
>>>   "version": "1.0.2",
>>>   "description": "a uniapp-tailwind-uview-starter",
>>>   "author": "执笔看墨花开 <1017866168@qq.com>",
>>>   "license": "MIT",
>>>   "homepage": "https://github.com/xlzy520/uniapp-tailwind-uview-starter",
>>>   "dependencies": {},
>>>   "devDependencies": {
>>>     "tailwindcss": "3.0.22"
>>>   },
>>>   "browserslist": [
>>>     "Android >= 4",
>>>     "ios >= 8"
>>>   ],
>>>   "uni-app": {
>>>     "scripts": {}
>>>   }
>>> }+ rm -f package-lock.json pnpm-lock.yaml yarn.lock
+ '[' ./ '!=' ./ ']'
+ set +e
+ /twcr/worker/../worker/pm-install.sh yarn /tmp/twcr-036f8958b50d /twcr/mnt/results
+ package_manager_name=yarn
+ procdir=/tmp/twcr-036f8958b50d
+ datadir=/twcr/mnt/results
+ case "${package_manager_name}" in
+ '[' -z http://tid_b4833c968f66:ok@172.18.0.2:3128 ']'
+ yarn config set httpProxy http://tid_b4833c968f66:ok@172.18.0.2:3128
yarn config v1.22.19
success Set "httpProxy" to "http://tid_b4833c968f66:ok@172.18.0.2:3128".
Done in 0.04s.
+ '[' -z http://tid_b4833c968f66:ok@172.18.0.2:3128 ']'
+ yarn config set httpsProxy http://tid_b4833c968f66:ok@172.18.0.2:3128
yarn config v1.22.19
success Set "httpsProxy" to "http://tid_b4833c968f66:ok@172.18.0.2:3128".
Done in 0.04s.
+ yarn install
yarn install v1.22.19
info No lockfile found.
[1/4] Resolving packages...
(node:130) [DEP0040] DeprecationWarning: The `punycode` module is deprecated. Please use a userland alternative instead.
(Use `node --trace-deprecation ...` to show where the warning was created)
[2/4] Fetching packages...
[3/4] Linking dependencies...
warning " > tailwindcss@3.0.22" has unmet peer dependency "autoprefixer@^10.0.2".
warning " > tailwindcss@3.0.22" has unmet peer dependency "postcss@^8.0.9".
[4/4] Building fresh packages...
success Saved lockfile.
Done in 4.55s.
+ yarn list --depth=0 --json --non-interactive --no-progress
+ jq -cr '
        [.. | .name?]
        | map(select(.))
        | map(capture("^(?<name>@?[^@]+)@(?<version>.+)$"))
        | sort_by(.name)[]'
+ exitcode=0
+ set -e
+ [[ 0 != \0 ]]
++ jq -sr 'map(select(.name == "tailwindcss")) | first | .version'
+ tailwind_package_version=3.0.22
+ tailwind_config_exporter=tailwind.config.exporter2.cjs
+ '[' -f node_modules/tailwindcss/lib/lib/load-config.js ']'
+ cp /twcr/worker/../worker/tailwind.config.exporter2.cjs ./
+ set +e
+ node ./tailwind.config.exporter2.cjs tailwind.config.js
+ exitcode=0
+ set -e
+ [[ 0 != \0 ]]
+ echo 'module.exports={plugins:['
+ jq -rs '
        map(select(.name | startswith("@tailwindcss/")))
        | map("require(" + ( .name | tojson ) + "),")[]
      '
+ grep -Ev '"@tailwindcss/postcss7-compat"'
+ true
+ echo ']}'
+ cat tailwind.config.js
+ sed 's/^/>>> /'
>>> module.exports={plugins:[
>>> ]}
+ node ./tailwind.config.exporter2.cjs tailwind.config.js

warn - The `content` option in your Tailwind CSS configuration is missing or empty.
warn - Configure your content sources or your generated CSS will be missing styles.
warn - https://tailwindcss.com/docs/content-configuration
++ date -u +%Y-%m-%dT%H:%M:%SZ
+ writetaskstat timestamp_attempt_squash_end 2024-03-04T07:18:19Z
+ jq -nc --arg key timestamp_attempt_squash_end --arg value 2024-03-04T07:18:19Z '{ key: $key, value: $value }'
+ break
++ date -u +%Y-%m-%dT%H:%M:%SZ
+ writetaskstat timestamp_end 2024-03-04T07:18:19Z
+ jq -nc --arg key timestamp_end --arg value 2024-03-04T07:18:19Z '{ key: $key, value: $value }'
+ rm /twcr/mnt/results/extract-failed
+ touch /twcr/mnt/results/extract-completed
