==== RUN-DOCKER
+++ dirname -- ./worker/run.sh
++ cd -- ./worker
++ pwd
+ twcrdir=/twcr/worker/..
+ repo=github.com/FirmanKurniawan/Javascript-Projects
+ reporef=main
+ repopath=./luxspace
+ '[' true == true ']'
+ grep -q '^././'
++ echo github.com/FirmanKurniawan/Javascript-Projects
++ sha256sum
++ awk '{ print $1 }'
++ cut -c1-12
+ procdir=/tmp/twcr-ad69f9b2d494
++ echo 'github.com/FirmanKurniawan/Javascript-Projects;main;./luxspace'
++ sha256sum
++ awk '{ print $1 }'
++ cut -c1-12
+ datadir=/twcr/worker/../mnt/dataset/data/ea995432f346
+ '[' '!' -z /twcr/mnt/results ']'
+ datadir=/twcr/mnt/results
+ touch /twcr/mnt/results/extract-failed
++ base64
++ tr -d =
++ tr /+ _-
++ base64
++ tr -d =
++ tr /+ _-
+ writetaskstat analysis_key github.com/FirmanKurniawan/Javascript-Projects/bWFpbgo/Li9sdXhzcGFjZQo
+ jq -nc --arg key analysis_key --arg value github.com/FirmanKurniawan/Javascript-Projects/bWFpbgo/Li9sdXhzcGFjZQo '{ key: $key, value: $value }'
++ date -u +%Y%m%d%H%M%S
++ sha256sum
++ awk '{ print $1 }'
++ cut -c1-16
++ head -c 32 /dev/urandom
+ writetaskstat analysis_nonce 4a3ca67bcd080f75
+ jq -nc --arg key analysis_nonce --arg value 4a3ca67bcd080f75 '{ key: $key, value: $value }'
+ writetaskstat input_repo_name github.com/FirmanKurniawan/Javascript-Projects
+ jq -nc --arg key input_repo_name --arg value github.com/FirmanKurniawan/Javascript-Projects '{ key: $key, value: $value }'
+ writetaskstat input_repo_ref main
+ jq -nc --arg key input_repo_ref --arg value main '{ key: $key, value: $value }'
+ writetaskstat input_repo_path ./luxspace
+ jq -nc --arg key input_repo_path --arg value ./luxspace '{ key: $key, value: $value }'
++ date -u +%Y-%m-%dT%H:%M:%SZ
+ writetaskstat timestamp_begin 2024-03-04T08:59:25Z
+ jq -nc --arg key timestamp_begin --arg value 2024-03-04T08:59:25Z '{ key: $key, value: $value }'
+ mkdir -p /tmp/twcr-ad69f9b2d494
+ pushd /tmp/twcr-ad69f9b2d494
+ '[' -d .git ']'
+ git clone --depth=1 -b main https://github.com/FirmanKurniawan/Javascript-Projects.git .
/tmp/twcr-ad69f9b2d494 /twcr
Cloning into '.'...
++ date -u +%Y-%m-%dT%H:%M:%SZ
+ writetaskstat timestamp_git_clone_complete 2024-03-04T08:59:36Z
+ jq -nc --arg key timestamp_git_clone_complete --arg value 2024-03-04T08:59:36Z '{ key: $key, value: $value }'
++ git rev-parse HEAD
+ writetaskstat exec_repo_commit_sha d511ce5eafcab9bbd56ac5d754299cbffb9fa191
+ jq -nc --arg key exec_repo_commit_sha --arg value d511ce5eafcab9bbd56ac5d754299cbffb9fa191 '{ key: $key, value: $value }'
+++ git show --no-patch --format=%ci
++ date -u --date '2022-11-01 10:12:54 +0700' +%Y-%m-%dT%H:%M:%SZ
+ writetaskstat exec_repo_commit_date 2022-11-01T03:12:54Z
+ jq -nc --arg key exec_repo_commit_date --arg value 2022-11-01T03:12:54Z '{ key: $key, value: $value }'
+ '[' -z ./luxspace ']'
+ pushd ./luxspace
+ tailwind_config_file_name=
+ '[' -f tailwind.config.js ']'
+ tailwind_config_file_name=tailwind.config.js
+ writetaskstat exec_tailwind_config_file tailwind.config.js
+ jq -nc --arg key exec_tailwind_config_file --arg value tailwind.config.js '{ key: $key, value: $value }'
/tmp/twcr-ad69f9b2d494/luxspace /tmp/twcr-ad69f9b2d494 /twcr
+ cp tailwind.config.js /twcr/mnt/results/extract-raw-tailwind-config.js
+ '[' '!' -f package.json ']'
+ cp package.json /twcr/mnt/results/extract-raw-package.json
++ /twcr/worker/../worker/pm-detect.sh /tmp/twcr-ad69f9b2d494/luxspace
+ package_manager_name=
+ '[' -z '' ']'
+ '[' ./luxspace '!=' ./ ']'
++ /twcr/worker/../worker/pm-detect.sh /tmp/twcr-ad69f9b2d494
grep: /tmp/twcr-ad69f9b2d494/package.json: No such file or directory
grep: /tmp/twcr-ad69f9b2d494/package.json: No such file or directory
grep: /tmp/twcr-ad69f9b2d494/package.json: No such file or directory
/twcr/worker/../worker/pm-detect.sh: line 17: /tmp/twcr-ad69f9b2d494/package.json: No such file or directory
+ package_manager_name=
+ '[' -z '' ']'
+ package_manager_name=npm
+ writetaskstat exec_node_package_manager npm
+ jq -nc --arg key exec_node_package_manager --arg value npm '{ key: $key, value: $value }'
+ attempt_mode=squash
+ true
++ date -u +%Y-%m-%dT%H:%M:%SZ
+ writetaskstat timestamp_attempt_squash_begin 2024-03-04T08:59:36Z
+ jq -nc --arg key timestamp_attempt_squash_begin --arg value 2024-03-04T08:59:36Z '{ key: $key, value: $value }'
+ [[ squash == \s\q\u\a\s\h ]]
+ set +e
+ node /twcr/worker/../worker/squash-package.mjs tailwind.config.js
+ exitcode=0
+ set -e
+ [[ 0 != \0 ]]
+ cat package.json
+ sed 's/^/>>> /'
>>> {
>>>   "name": "luxspace",
>>>   "version": "0.1.0",
>>>   "private": true,
>>>   "dependencies": {},
>>>   "eslintConfig": {
>>>     "extends": [
>>>       "react-app",
>>>       "react-app/jest"
>>>     ]
>>>   },
>>>   "browserslist": {
>>>     "production": [
>>>       ">0.2%",
>>>       "not dead",
>>>       "not op_mini all"
>>>     ],
>>>     "development": [
>>>       "last 1 chrome version",
>>>       "last 1 firefox version",
>>>       "last 1 safari version"
>>>     ]
>>>   },
>>>   "devDependencies": {
>>>     "tailwindcss": "^3.1.8"
>>>   }
>>> }+ rm -f package-lock.json pnpm-lock.yaml yarn.lock
+ '[' ./luxspace '!=' ./ ']'
+ rm -f /tmp/twcr-ad69f9b2d494/package.json /tmp/twcr-ad69f9b2d494/package-lock.json /tmp/twcr-ad69f9b2d494/pnpm-lock.yaml /tmp/twcr-ad69f9b2d494/yarn.lock
+ set +e
+ /twcr/worker/../worker/pm-install.sh npm /tmp/twcr-ad69f9b2d494 /twcr/mnt/results
+ package_manager_name=npm
+ procdir=/tmp/twcr-ad69f9b2d494
+ datadir=/twcr/mnt/results
+ case "${package_manager_name}" in
++ '[' -f package-lock.json ']'
++ echo install
+ npm install --ignore-engines

added 112 packages, and audited 113 packages in 5s

28 packages are looking for funding
  run `npm fund` for details

found 0 vulnerabilities
npm notice 
npm notice New minor version of npm available! 10.2.4 -> 10.5.0
npm notice Changelog: <https://github.com/npm/cli/releases/tag/v10.5.0>
npm notice Run `npm install -g npm@10.5.0` to update!
npm notice 
+ npm query '*'
+ jq -cr '
        map({ name: .name, version: .version })
        | map(select(.name))
        | sort_by(.name)[]
      '
+ exitcode=0
+ set -e
+ [[ 0 != \0 ]]
++ jq -sr 'map(select(.name == "tailwindcss")) | first | .version'
+ tailwind_package_version=3.4.1
+ tailwind_config_exporter=tailwind.config.exporter2.cjs
+ '[' -f node_modules/tailwindcss/lib/lib/load-config.js ']'
+ tailwind_config_exporter=tailwind.config.exporter3.mjs
+ cp /twcr/worker/../worker/tailwind.config.exporter3.mjs ./
+ set +e
+ node ./tailwind.config.exporter3.mjs tailwind.config.js
+ exitcode=0
+ set -e
+ [[ 0 != \0 ]]
+ echo 'module.exports={plugins:['
+ jq -rs '
        map(select(.name | startswith("@tailwindcss/")))
        | map("require(" + ( .name | tojson ) + "),")[]
      '
+ grep -Ev '"@tailwindcss/postcss7-compat"'
+ true
+ echo ']}'
+ cat tailwind.config.js
+ sed 's/^/>>> /'
>>> module.exports={plugins:[
>>> ]}
+ node ./tailwind.config.exporter3.mjs tailwind.config.js
++ date -u +%Y-%m-%dT%H:%M:%SZ
+ writetaskstat timestamp_attempt_squash_end 2024-03-04T08:59:42Z
+ jq -nc --arg key timestamp_attempt_squash_end --arg value 2024-03-04T08:59:42Z '{ key: $key, value: $value }'
+ break
++ date -u +%Y-%m-%dT%H:%M:%SZ
+ writetaskstat timestamp_end 2024-03-04T08:59:42Z
+ jq -nc --arg key timestamp_end --arg value 2024-03-04T08:59:42Z '{ key: $key, value: $value }'
+ rm /twcr/mnt/results/extract-failed
+ touch /twcr/mnt/results/extract-completed
