==== RUN-DOCKER
+++ dirname -- ./worker/run.sh
++ cd -- ./worker
++ pwd
+ twcrdir=/twcr/worker/..
+ repo=github.com/sunwu51/notebook
+ reporef=master
+ repopath=./22.05/tailwind-demo
+ '[' true == true ']'
+ grep -q '^././'
++ echo github.com/sunwu51/notebook
++ sha256sum
++ awk '{ print $1 }'
++ cut -c1-12
+ procdir=/tmp/twcr-2b2109d4c9e2
++ echo 'github.com/sunwu51/notebook;master;./22.05/tailwind-demo'
++ sha256sum
++ awk '{ print $1 }'
++ cut -c1-12
+ datadir=/twcr/worker/../mnt/dataset/data/bba0f1b87fa9
+ '[' '!' -z /twcr/mnt/results ']'
+ datadir=/twcr/mnt/results
+ touch /twcr/mnt/results/extract-failed
++ base64
++ tr -d =
++ tr /+ _-
++ base64
++ tr -d =
++ tr /+ _-
+ writetaskstat analysis_key github.com/sunwu51/notebook/bWFzdGVyCg/Li8yMi4wNS90YWlsd2luZC1kZW1vCg
+ jq -nc --arg key analysis_key --arg value github.com/sunwu51/notebook/bWFzdGVyCg/Li8yMi4wNS90YWlsd2luZC1kZW1vCg '{ key: $key, value: $value }'
++ date -u +%Y%m%d%H%M%S
++ sha256sum
++ awk '{ print $1 }'
++ cut -c1-16
++ head -c 32 /dev/urandom
+ writetaskstat analysis_nonce 9a518b787ce9cea8
+ jq -nc --arg key analysis_nonce --arg value 9a518b787ce9cea8 '{ key: $key, value: $value }'
+ writetaskstat input_repo_name github.com/sunwu51/notebook
+ jq -nc --arg key input_repo_name --arg value github.com/sunwu51/notebook '{ key: $key, value: $value }'
+ writetaskstat input_repo_ref master
+ jq -nc --arg key input_repo_ref --arg value master '{ key: $key, value: $value }'
+ writetaskstat input_repo_path ./22.05/tailwind-demo
+ jq -nc --arg key input_repo_path --arg value ./22.05/tailwind-demo '{ key: $key, value: $value }'
++ date -u +%Y-%m-%dT%H:%M:%SZ
+ writetaskstat timestamp_begin 2024-03-05T00:52:15Z
+ jq -nc --arg key timestamp_begin --arg value 2024-03-05T00:52:15Z '{ key: $key, value: $value }'
+ mkdir -p /tmp/twcr-2b2109d4c9e2
+ pushd /tmp/twcr-2b2109d4c9e2
+ '[' -d .git ']'
+ git clone --depth=1 -b master https://github.com/sunwu51/notebook.git .
/tmp/twcr-2b2109d4c9e2 /twcr
Cloning into '.'...
++ date -u +%Y-%m-%dT%H:%M:%SZ
+ writetaskstat timestamp_git_clone_complete 2024-03-05T00:52:22Z
+ jq -nc --arg key timestamp_git_clone_complete --arg value 2024-03-05T00:52:22Z '{ key: $key, value: $value }'
++ git rev-parse HEAD
+ writetaskstat exec_repo_commit_sha 9d4f5f90854042762dbd7e9db32c377f330c8293
+ jq -nc --arg key exec_repo_commit_sha --arg value 9d4f5f90854042762dbd7e9db32c377f330c8293 '{ key: $key, value: $value }'
+++ git show --no-patch --format=%ci
++ date -u --date '2024-02-24 13:57:25 +0000' +%Y-%m-%dT%H:%M:%SZ
+ writetaskstat exec_repo_commit_date 2024-02-24T13:57:25Z
+ jq -nc --arg key exec_repo_commit_date --arg value 2024-02-24T13:57:25Z '{ key: $key, value: $value }'
+ '[' -z ./22.05/tailwind-demo ']'
+ pushd ./22.05/tailwind-demo
+ tailwind_config_file_name=
+ '[' -f tailwind.config.js ']'
+ tailwind_config_file_name=tailwind.config.js
+ writetaskstat exec_tailwind_config_file tailwind.config.js
+ jq -nc --arg key exec_tailwind_config_file --arg value tailwind.config.js '{ key: $key, value: $value }'
/tmp/twcr-2b2109d4c9e2/22.05/tailwind-demo /tmp/twcr-2b2109d4c9e2 /twcr
+ cp tailwind.config.js /twcr/mnt/results/extract-raw-tailwind-config.js
+ '[' '!' -f package.json ']'
+ cp package.json /twcr/mnt/results/extract-raw-package.json
++ /twcr/worker/../worker/pm-detect.sh /tmp/twcr-2b2109d4c9e2/22.05/tailwind-demo
+ package_manager_name=
+ '[' -z '' ']'
+ '[' ./22.05/tailwind-demo '!=' ./ ']'
++ /twcr/worker/../worker/pm-detect.sh /tmp/twcr-2b2109d4c9e2
grep: /tmp/twcr-2b2109d4c9e2/package.json: No such file or directory
grep: /tmp/twcr-2b2109d4c9e2/package.json: No such file or directory
grep: /tmp/twcr-2b2109d4c9e2/package.json: No such file or directory
/twcr/worker/../worker/pm-detect.sh: line 17: /tmp/twcr-2b2109d4c9e2/package.json: No such file or directory
+ package_manager_name=
+ '[' -z '' ']'
+ package_manager_name=npm
+ writetaskstat exec_node_package_manager npm
+ jq -nc --arg key exec_node_package_manager --arg value npm '{ key: $key, value: $value }'
+ attempt_mode=squash
+ true
++ date -u +%Y-%m-%dT%H:%M:%SZ
+ writetaskstat timestamp_attempt_squash_begin 2024-03-05T00:52:22Z
+ jq -nc --arg key timestamp_attempt_squash_begin --arg value 2024-03-05T00:52:22Z '{ key: $key, value: $value }'
+ [[ squash == \s\q\u\a\s\h ]]
+ set +e
+ node /twcr/worker/../worker/squash-package.mjs tailwind.config.js
+ exitcode=0
+ set -e
+ [[ 0 != \0 ]]
+ cat package.json
+ sed 's/^/>>> /'
>>> {
>>>   "name": "tailwind-demo",
>>>   "version": "1.0.0",
>>>   "description": "",
>>>   "main": "index.js",
>>>   "keywords": [],
>>>   "author": "",
>>>   "license": "ISC",
>>>   "devDependencies": {
>>>     "tailwindcss": "^3.0.24"
>>>   }
>>> }+ rm -f package-lock.json pnpm-lock.yaml yarn.lock
+ '[' ./22.05/tailwind-demo '!=' ./ ']'
+ rm -f /tmp/twcr-2b2109d4c9e2/package.json /tmp/twcr-2b2109d4c9e2/package-lock.json /tmp/twcr-2b2109d4c9e2/pnpm-lock.yaml /tmp/twcr-2b2109d4c9e2/yarn.lock
+ set +e
+ /twcr/worker/../worker/pm-install.sh npm /tmp/twcr-2b2109d4c9e2 /twcr/mnt/results
+ package_manager_name=npm
+ procdir=/tmp/twcr-2b2109d4c9e2
+ datadir=/twcr/mnt/results
+ case "${package_manager_name}" in
++ '[' -f package-lock.json ']'
++ echo install
+ npm install --ignore-engines

added 112 packages, and audited 113 packages in 4s

28 packages are looking for funding
  run `npm fund` for details

found 0 vulnerabilities
npm notice 
npm notice New minor version of npm available! 10.2.4 -> 10.5.0
npm notice Changelog: <https://github.com/npm/cli/releases/tag/v10.5.0>
npm notice Run `npm install -g npm@10.5.0` to update!
npm notice 
+ npm query '*'
+ jq -cr '
        map({ name: .name, version: .version })
        | map(select(.name))
        | sort_by(.name)[]
      '
+ exitcode=0
+ set -e
+ [[ 0 != \0 ]]
++ jq -sr 'map(select(.name == "tailwindcss")) | first | .version'
+ tailwind_package_version=3.4.1
+ tailwind_config_exporter=tailwind.config.exporter2.cjs
+ '[' -f node_modules/tailwindcss/lib/lib/load-config.js ']'
+ tailwind_config_exporter=tailwind.config.exporter3.mjs
+ cp /twcr/worker/../worker/tailwind.config.exporter3.mjs ./
+ set +e
+ node ./tailwind.config.exporter3.mjs tailwind.config.js
+ exitcode=0
+ set -e
+ [[ 0 != \0 ]]
+ echo 'module.exports={plugins:['
+ jq -rs '
        map(select(.name | startswith("@tailwindcss/")))
        | map("require(" + ( .name | tojson ) + "),")[]
      '
+ grep -Ev '"@tailwindcss/postcss7-compat"'
+ true
+ echo ']}'
+ cat tailwind.config.js
+ sed 's/^/>>> /'
>>> module.exports={plugins:[
>>> ]}
+ node ./tailwind.config.exporter3.mjs tailwind.config.js
++ date -u +%Y-%m-%dT%H:%M:%SZ
+ writetaskstat timestamp_attempt_squash_end 2024-03-05T00:52:27Z
+ jq -nc --arg key timestamp_attempt_squash_end --arg value 2024-03-05T00:52:27Z '{ key: $key, value: $value }'
+ break
++ date -u +%Y-%m-%dT%H:%M:%SZ
+ writetaskstat timestamp_end 2024-03-05T00:52:27Z
+ jq -nc --arg key timestamp_end --arg value 2024-03-05T00:52:27Z '{ key: $key, value: $value }'
+ rm /twcr/mnt/results/extract-failed
+ touch /twcr/mnt/results/extract-completed
