==== RUN-DOCKER
+++ dirname -- ./worker/run.sh
++ cd -- ./worker
++ pwd
+ twcrdir=/twcr/worker/..
+ repo=github.com/streamdal/streamdal
+ reporef=main
+ repopath=./apps/docs
+ '[' true == true ']'
+ grep -q '^././'
++ echo github.com/streamdal/streamdal
++ sha256sum
++ awk '{ print $1 }'
++ cut -c1-12
+ procdir=/tmp/twcr-69ee523a5801
++ echo 'github.com/streamdal/streamdal;main;./apps/docs'
++ sha256sum
++ awk '{ print $1 }'
++ cut -c1-12
+ datadir=/twcr/worker/../mnt/dataset/data/2a6c76519958
+ '[' '!' -z /twcr/mnt/results ']'
+ datadir=/twcr/mnt/results
+ touch /twcr/mnt/results/extract-failed
++ base64
++ tr -d =
++ tr /+ _-
++ base64
++ tr -d =
++ tr /+ _-
+ writetaskstat analysis_key github.com/streamdal/streamdal/bWFpbgo/Li9hcHBzL2RvY3MK
+ jq -nc --arg key analysis_key --arg value github.com/streamdal/streamdal/bWFpbgo/Li9hcHBzL2RvY3MK '{ key: $key, value: $value }'
++ date -u +%Y%m%d%H%M%S
++ sha256sum
++ awk '{ print $1 }'
++ cut -c1-16
++ head -c 32 /dev/urandom
+ writetaskstat analysis_nonce 72c4883b31f09894
+ jq -nc --arg key analysis_nonce --arg value 72c4883b31f09894 '{ key: $key, value: $value }'
+ writetaskstat input_repo_name github.com/streamdal/streamdal
+ jq -nc --arg key input_repo_name --arg value github.com/streamdal/streamdal '{ key: $key, value: $value }'
+ writetaskstat input_repo_ref main
+ jq -nc --arg key input_repo_ref --arg value main '{ key: $key, value: $value }'
+ writetaskstat input_repo_path ./apps/docs
+ jq -nc --arg key input_repo_path --arg value ./apps/docs '{ key: $key, value: $value }'
++ date -u +%Y-%m-%dT%H:%M:%SZ
+ writetaskstat timestamp_begin 2024-03-04T05:12:26Z
+ jq -nc --arg key timestamp_begin --arg value 2024-03-04T05:12:26Z '{ key: $key, value: $value }'
+ mkdir -p /tmp/twcr-69ee523a5801
/tmp/twcr-69ee523a5801 /twcr
+ pushd /tmp/twcr-69ee523a5801
+ '[' -d .git ']'
+ git clone --depth=1 -b main https://github.com/streamdal/streamdal.git .
Cloning into '.'...
++ date -u +%Y-%m-%dT%H:%M:%SZ
+ writetaskstat timestamp_git_clone_complete 2024-03-04T05:12:30Z
+ jq -nc --arg key timestamp_git_clone_complete --arg value 2024-03-04T05:12:30Z '{ key: $key, value: $value }'
++ git rev-parse HEAD
+ writetaskstat exec_repo_commit_sha 24c285d248f18995650c30f2c5db0d20a0ef2a55
+ jq -nc --arg key exec_repo_commit_sha --arg value 24c285d248f18995650c30f2c5db0d20a0ef2a55 '{ key: $key, value: $value }'
+++ git show --no-patch --format=%ci
++ date -u --date '2024-03-01 19:54:55 +0000' +%Y-%m-%dT%H:%M:%SZ
+ writetaskstat exec_repo_commit_date 2024-03-01T19:54:55Z
+ jq -nc --arg key exec_repo_commit_date --arg value 2024-03-01T19:54:55Z '{ key: $key, value: $value }'
+ '[' -z ./apps/docs ']'
+ pushd ./apps/docs
+ tailwind_config_file_name=
+ '[' -f tailwind.config.js ']'
+ '[' -f tailwind.config.cjs ']'
+ tailwind_config_file_name=tailwind.config.cjs
+ writetaskstat exec_tailwind_config_file tailwind.config.cjs
+ jq -nc --arg key exec_tailwind_config_file --arg value tailwind.config.cjs '{ key: $key, value: $value }'
/tmp/twcr-69ee523a5801/apps/docs /tmp/twcr-69ee523a5801 /twcr
+ cp tailwind.config.cjs /twcr/mnt/results/extract-raw-tailwind-config.js
+ '[' '!' -f package.json ']'
+ cp package.json /twcr/mnt/results/extract-raw-package.json
++ /twcr/worker/../worker/pm-detect.sh /tmp/twcr-69ee523a5801/apps/docs
+ package_manager_name=
+ '[' -z '' ']'
+ '[' ./apps/docs '!=' ./ ']'
++ /twcr/worker/../worker/pm-detect.sh /tmp/twcr-69ee523a5801
grep: /tmp/twcr-69ee523a5801/package.json: No such file or directory
grep: /tmp/twcr-69ee523a5801/package.json: No such file or directory
grep: /tmp/twcr-69ee523a5801/package.json: No such file or directory
/twcr/worker/../worker/pm-detect.sh: line 17: /tmp/twcr-69ee523a5801/package.json: No such file or directory
+ package_manager_name=
+ '[' -z '' ']'
+ package_manager_name=npm
+ writetaskstat exec_node_package_manager npm
+ jq -nc --arg key exec_node_package_manager --arg value npm '{ key: $key, value: $value }'
+ attempt_mode=squash
+ true
++ date -u +%Y-%m-%dT%H:%M:%SZ
+ writetaskstat timestamp_attempt_squash_begin 2024-03-04T05:12:30Z
+ jq -nc --arg key timestamp_attempt_squash_begin --arg value 2024-03-04T05:12:30Z '{ key: $key, value: $value }'
+ [[ squash == \s\q\u\a\s\h ]]
+ set +e
+ node /twcr/worker/../worker/squash-package.mjs tailwind.config.cjs
+ exitcode=0
+ set -e
+ [[ 0 != \0 ]]
+ cat package.json
+ sed 's/^/>>> /'
>>> {
>>>   "name": "@example/docs",
>>>   "type": "module",
>>>   "version": "0.0.1",
>>>   "private": true,
>>>   "dependencies": {
>>>     "@astrojs/tailwind": "^3.1.1",
>>>     "tailwindcss": "^3.3.1"
>>>   },
>>>   "devDependencies": {
>>>     "@tailwindcss/typography": "^0.5.9"
>>>   }
>>> }+ rm -f package-lock.json pnpm-lock.yaml yarn.lock
+ '[' ./apps/docs '!=' ./ ']'
+ rm -f /tmp/twcr-69ee523a5801/package.json /tmp/twcr-69ee523a5801/package-lock.json /tmp/twcr-69ee523a5801/pnpm-lock.yaml /tmp/twcr-69ee523a5801/yarn.lock
+ set +e
+ /twcr/worker/../worker/pm-install.sh npm /tmp/twcr-69ee523a5801 /twcr/mnt/results
+ package_manager_name=npm
+ procdir=/tmp/twcr-69ee523a5801
+ datadir=/twcr/mnt/results
+ case "${package_manager_name}" in
++ '[' -f package-lock.json ']'
++ echo install
+ npm install --ignore-engines

added 469 packages, and audited 470 packages in 23s

180 packages are looking for funding
  run `npm fund` for details

found 0 vulnerabilities
npm notice 
npm notice New minor version of npm available! 10.2.4 -> 10.5.0
npm notice Changelog: <https://github.com/npm/cli/releases/tag/v10.5.0>
npm notice Run `npm install -g npm@10.5.0` to update!
npm notice 
+ npm query '*'
+ jq -cr '
        map({ name: .name, version: .version })
        | map(select(.name))
        | sort_by(.name)[]
      '
+ exitcode=0
+ set -e
+ [[ 0 != \0 ]]
++ jq -sr 'map(select(.name == "tailwindcss")) | first | .version'
+ tailwind_package_version=3.4.1
+ tailwind_config_exporter=tailwind.config.exporter2.cjs
+ '[' -f node_modules/tailwindcss/lib/lib/load-config.js ']'
+ tailwind_config_exporter=tailwind.config.exporter3.mjs
+ cp /twcr/worker/../worker/tailwind.config.exporter3.mjs ./
+ set +e
+ node ./tailwind.config.exporter3.mjs tailwind.config.cjs
+ exitcode=0
+ set -e
+ [[ 0 != \0 ]]
+ echo 'module.exports={plugins:['
+ jq -rs '
        map(select(.name | startswith("@tailwindcss/")))
        | map("require(" + ( .name | tojson ) + "),")[]
      '
+ grep -Ev '"@tailwindcss/postcss7-compat"'
+ echo ']}'
+ cat tailwind.config.cjs
+ sed 's/^/>>> /'
>>> module.exports={plugins:[
>>> require("@tailwindcss/typography"),
>>> ]}
+ node ./tailwind.config.exporter3.mjs tailwind.config.cjs
++ date -u +%Y-%m-%dT%H:%M:%SZ
+ writetaskstat timestamp_attempt_squash_end 2024-03-04T05:12:55Z
+ jq -nc --arg key timestamp_attempt_squash_end --arg value 2024-03-04T05:12:55Z '{ key: $key, value: $value }'
+ break
++ date -u +%Y-%m-%dT%H:%M:%SZ
+ writetaskstat timestamp_end 2024-03-04T05:12:55Z
+ jq -nc --arg key timestamp_end --arg value 2024-03-04T05:12:55Z '{ key: $key, value: $value }'
+ rm /twcr/mnt/results/extract-failed
+ touch /twcr/mnt/results/extract-completed
