==== RUN-DOCKER
+++ dirname -- ./worker/run.sh
++ cd -- ./worker
++ pwd
+ twcrdir=/twcr/worker/..
+ repo=github.com/microsoft/FluidExamples
+ reporef=main
+ repopath=./item-counter
+ '[' true == true ']'
+ grep -q '^././'
++ sha256sum
++ echo github.com/microsoft/FluidExamples
++ awk '{ print $1 }'
++ cut -c1-12
+ procdir=/tmp/twcr-aaafcbb683b8
++ echo 'github.com/microsoft/FluidExamples;main;./item-counter'
++ sha256sum
++ awk '{ print $1 }'
++ cut -c1-12
+ datadir=/twcr/worker/../mnt/dataset/data/1bd6d05f46b3
+ '[' '!' -z /twcr/mnt/results ']'
+ datadir=/twcr/mnt/results
+ touch /twcr/mnt/results/extract-failed
++ base64
++ tr -d =
++ tr /+ _-
++ base64
++ tr -d =
++ tr /+ _-
+ writetaskstat analysis_key github.com/microsoft/FluidExamples/bWFpbgo/Li9pdGVtLWNvdW50ZXIK
+ jq -nc --arg key analysis_key --arg value github.com/microsoft/FluidExamples/bWFpbgo/Li9pdGVtLWNvdW50ZXIK '{ key: $key, value: $value }'
++ date -u +%Y%m%d%H%M%S
++ sha256sum
++ awk '{ print $1 }'
++ cut -c1-16
++ head -c 32 /dev/urandom
+ writetaskstat analysis_nonce c4dac3febff14f02
+ jq -nc --arg key analysis_nonce --arg value c4dac3febff14f02 '{ key: $key, value: $value }'
+ writetaskstat input_repo_name github.com/microsoft/FluidExamples
+ jq -nc --arg key input_repo_name --arg value github.com/microsoft/FluidExamples '{ key: $key, value: $value }'
+ writetaskstat input_repo_ref main
+ jq -nc --arg key input_repo_ref --arg value main '{ key: $key, value: $value }'
+ writetaskstat input_repo_path ./item-counter
+ jq -nc --arg key input_repo_path --arg value ./item-counter '{ key: $key, value: $value }'
++ date -u +%Y-%m-%dT%H:%M:%SZ
+ writetaskstat timestamp_begin 2024-03-05T01:13:18Z
+ jq -nc --arg key timestamp_begin --arg value 2024-03-05T01:13:18Z '{ key: $key, value: $value }'
+ mkdir -p /tmp/twcr-aaafcbb683b8
/tmp/twcr-aaafcbb683b8 /twcr
+ pushd /tmp/twcr-aaafcbb683b8
+ '[' -d .git ']'
+ git clone --depth=1 -b main https://github.com/microsoft/FluidExamples.git .
Cloning into '.'...
++ date -u +%Y-%m-%dT%H:%M:%SZ
+ writetaskstat timestamp_git_clone_complete 2024-03-05T01:13:19Z
+ jq -nc --arg key timestamp_git_clone_complete --arg value 2024-03-05T01:13:19Z '{ key: $key, value: $value }'
++ git rev-parse HEAD
+ writetaskstat exec_repo_commit_sha 7f019654b3284d574d280ee4f1469e974e67f216
+ jq -nc --arg key exec_repo_commit_sha --arg value 7f019654b3284d574d280ee4f1469e974e67f216 '{ key: $key, value: $value }'
+++ git show --no-patch --format=%ci
++ date -u --date '2024-02-27 08:04:04 -0800' +%Y-%m-%dT%H:%M:%SZ
+ writetaskstat exec_repo_commit_date 2024-02-27T16:04:04Z
+ jq -nc --arg key exec_repo_commit_date --arg value 2024-02-27T16:04:04Z '{ key: $key, value: $value }'
/tmp/twcr-aaafcbb683b8/item-counter /tmp/twcr-aaafcbb683b8 /twcr
+ '[' -z ./item-counter ']'
+ pushd ./item-counter
+ tailwind_config_file_name=
+ '[' -f tailwind.config.js ']'
+ tailwind_config_file_name=tailwind.config.js
+ writetaskstat exec_tailwind_config_file tailwind.config.js
+ jq -nc --arg key exec_tailwind_config_file --arg value tailwind.config.js '{ key: $key, value: $value }'
+ cp tailwind.config.js /twcr/mnt/results/extract-raw-tailwind-config.js
+ '[' '!' -f package.json ']'
+ cp package.json /twcr/mnt/results/extract-raw-package.json
++ /twcr/worker/../worker/pm-detect.sh /tmp/twcr-aaafcbb683b8/item-counter
+ package_manager_name=
+ '[' -z '' ']'
+ '[' ./item-counter '!=' ./ ']'
++ /twcr/worker/../worker/pm-detect.sh /tmp/twcr-aaafcbb683b8
+ package_manager_name=
+ '[' -z '' ']'
+ package_manager_name=npm
+ writetaskstat exec_node_package_manager npm
+ jq -nc --arg key exec_node_package_manager --arg value npm '{ key: $key, value: $value }'
+ attempt_mode=squash
+ true
++ date -u +%Y-%m-%dT%H:%M:%SZ
+ writetaskstat timestamp_attempt_squash_begin 2024-03-05T01:13:19Z
+ jq -nc --arg key timestamp_attempt_squash_begin --arg value 2024-03-05T01:13:19Z '{ key: $key, value: $value }'
+ [[ squash == \s\q\u\a\s\h ]]
+ set +e
+ node /twcr/worker/../worker/squash-package.mjs tailwind.config.js
+ exitcode=0
+ set -e
+ [[ 0 != \0 ]]
+ cat package.json
+ sed 's/^/>>> /'
>>> {
>>>   "name": "item-counter",
>>>   "version": "0.0.1",
>>>   "private": "true",
>>>   "description": "",
>>>   "license": "MIT",
>>>   "engines": {
>>>     "node": ">=18.0.0"
>>>   },
>>>   "dependencies": {},
>>>   "devDependencies": {
>>>     "tailwindcss": "^3.3.2"
>>>   },
>>>   "jest-junit": {
>>>     "outputDirectory": "nyc",
>>>     "outputName": "jest-junit-report.xml"
>>>   }
>>> }+ rm -f package-lock.json pnpm-lock.yaml yarn.lock
+ '[' ./item-counter '!=' ./ ']'
+ rm -f /tmp/twcr-aaafcbb683b8/package.json /tmp/twcr-aaafcbb683b8/package-lock.json /tmp/twcr-aaafcbb683b8/pnpm-lock.yaml /tmp/twcr-aaafcbb683b8/yarn.lock
+ set +e
+ /twcr/worker/../worker/pm-install.sh npm /tmp/twcr-aaafcbb683b8 /twcr/mnt/results
+ package_manager_name=npm
+ procdir=/tmp/twcr-aaafcbb683b8
+ datadir=/twcr/mnt/results
+ case "${package_manager_name}" in
++ '[' -f package-lock.json ']'
++ echo install
+ npm install --ignore-engines

added 112 packages, and audited 113 packages in 4s

28 packages are looking for funding
  run `npm fund` for details

found 0 vulnerabilities
npm notice 
npm notice New minor version of npm available! 10.2.4 -> 10.5.0
npm notice Changelog: <https://github.com/npm/cli/releases/tag/v10.5.0>
npm notice Run `npm install -g npm@10.5.0` to update!
npm notice 
+ npm query '*'
+ jq -cr '
        map({ name: .name, version: .version })
        | map(select(.name))
        | sort_by(.name)[]
      '
+ exitcode=0
+ set -e
+ [[ 0 != \0 ]]
++ jq -sr 'map(select(.name == "tailwindcss")) | first | .version'
+ tailwind_package_version=3.4.1
+ tailwind_config_exporter=tailwind.config.exporter2.cjs
+ '[' -f node_modules/tailwindcss/lib/lib/load-config.js ']'
+ tailwind_config_exporter=tailwind.config.exporter3.mjs
+ cp /twcr/worker/../worker/tailwind.config.exporter3.mjs ./
+ set +e
+ node ./tailwind.config.exporter3.mjs tailwind.config.js
+ exitcode=0
+ set -e
+ [[ 0 != \0 ]]
+ echo 'module.exports={plugins:['
+ jq -rs '
        map(select(.name | startswith("@tailwindcss/")))
        | map("require(" + ( .name | tojson ) + "),")[]
      '
+ grep -Ev '"@tailwindcss/postcss7-compat"'
+ true
+ echo ']}'
+ cat tailwind.config.js
+ sed 's/^/>>> /'
>>> module.exports={plugins:[
>>> ]}
+ node ./tailwind.config.exporter3.mjs tailwind.config.js
++ date -u +%Y-%m-%dT%H:%M:%SZ
+ writetaskstat timestamp_attempt_squash_end 2024-03-05T01:13:24Z
+ jq -nc --arg key timestamp_attempt_squash_end --arg value 2024-03-05T01:13:24Z '{ key: $key, value: $value }'
+ break
++ date -u +%Y-%m-%dT%H:%M:%SZ
+ writetaskstat timestamp_end 2024-03-05T01:13:24Z
+ jq -nc --arg key timestamp_end --arg value 2024-03-05T01:13:24Z '{ key: $key, value: $value }'
+ rm /twcr/mnt/results/extract-failed
+ touch /twcr/mnt/results/extract-completed
