==== RUN-DOCKER
+++ dirname -- ./worker/run.sh
++ cd -- ./worker
++ pwd
+ twcrdir=/twcr/worker/..
+ repo=github.com/EddieHubCommunity/BioDrop
+ reporef=main
+ repopath=./
+ '[' true == true ']'
+ grep -q '^././'
++ echo github.com/EddieHubCommunity/BioDrop
++ sha256sum
++ awk '{ print $1 }'
++ cut -c1-12
+ procdir=/tmp/twcr-f242bfaa94ef
++ echo 'github.com/EddieHubCommunity/BioDrop;main;./'
++ sha256sum
++ awk '{ print $1 }'
++ cut -c1-12
+ datadir=/twcr/worker/../mnt/dataset/data/f2b8d3edfeaa
+ '[' '!' -z /twcr/mnt/results ']'
+ datadir=/twcr/mnt/results
+ touch /twcr/mnt/results/extract-failed
++ base64
++ tr -d =
++ tr /+ _-
++ base64
++ tr -d =
++ tr /+ _-
+ writetaskstat analysis_key github.com/EddieHubCommunity/BioDrop/bWFpbgo/Li8K
+ jq -nc --arg key analysis_key --arg value github.com/EddieHubCommunity/BioDrop/bWFpbgo/Li8K '{ key: $key, value: $value }'
++ date -u +%Y%m%d%H%M%S
++ sha256sum
++ awk '{ print $1 }'
++ cut -c1-16
++ head -c 32 /dev/urandom
+ writetaskstat analysis_nonce 4115daa411cd1075
+ jq -nc --arg key analysis_nonce --arg value 4115daa411cd1075 '{ key: $key, value: $value }'
+ writetaskstat input_repo_name github.com/EddieHubCommunity/BioDrop
+ jq -nc --arg key input_repo_name --arg value github.com/EddieHubCommunity/BioDrop '{ key: $key, value: $value }'
+ writetaskstat input_repo_ref main
+ jq -nc --arg key input_repo_ref --arg value main '{ key: $key, value: $value }'
+ writetaskstat input_repo_path ./
+ jq -nc --arg key input_repo_path --arg value ./ '{ key: $key, value: $value }'
++ date -u +%Y-%m-%dT%H:%M:%SZ
+ writetaskstat timestamp_begin 2024-03-04T21:08:08Z
+ jq -nc --arg key timestamp_begin --arg value 2024-03-04T21:08:08Z '{ key: $key, value: $value }'
+ mkdir -p /tmp/twcr-f242bfaa94ef
/tmp/twcr-f242bfaa94ef /twcr
+ pushd /tmp/twcr-f242bfaa94ef
+ '[' -d .git ']'
+ git clone --depth=1 -b main https://github.com/EddieHubCommunity/BioDrop.git .
Cloning into '.'...
++ date -u +%Y-%m-%dT%H:%M:%SZ
+ writetaskstat timestamp_git_clone_complete 2024-03-04T21:08:10Z
+ jq -nc --arg key timestamp_git_clone_complete --arg value 2024-03-04T21:08:10Z '{ key: $key, value: $value }'
++ git rev-parse HEAD
+ writetaskstat exec_repo_commit_sha d6f016bd8cdb73bb7db00f8a550850ff92a41d05
+ jq -nc --arg key exec_repo_commit_sha --arg value d6f016bd8cdb73bb7db00f8a550850ff92a41d05 '{ key: $key, value: $value }'
+++ git show --no-patch --format=%ci
++ date -u --date '2024-03-02 18:53:28 +0530' +%Y-%m-%dT%H:%M:%SZ
+ writetaskstat exec_repo_commit_date 2024-03-02T13:23:28Z
+ jq -nc --arg key exec_repo_commit_date --arg value 2024-03-02T13:23:28Z '{ key: $key, value: $value }'
+ '[' -z ./ ']'
+ pushd ./
+ tailwind_config_file_name=
+ '[' -f tailwind.config.js ']'
+ tailwind_config_file_name=tailwind.config.js
+ writetaskstat exec_tailwind_config_file tailwind.config.js
+ jq -nc --arg key exec_tailwind_config_file --arg value tailwind.config.js '{ key: $key, value: $value }'
/tmp/twcr-f242bfaa94ef /tmp/twcr-f242bfaa94ef /twcr
+ cp tailwind.config.js /twcr/mnt/results/extract-raw-tailwind-config.js
+ '[' '!' -f package.json ']'
+ cp package.json /twcr/mnt/results/extract-raw-package.json
++ /twcr/worker/../worker/pm-detect.sh /tmp/twcr-f242bfaa94ef
+ package_manager_name=
+ '[' -z '' ']'
+ '[' ./ '!=' ./ ']'
+ '[' -z '' ']'
+ package_manager_name=npm
+ writetaskstat exec_node_package_manager npm
+ jq -nc --arg key exec_node_package_manager --arg value npm '{ key: $key, value: $value }'
+ attempt_mode=squash
+ true
++ date -u +%Y-%m-%dT%H:%M:%SZ
+ writetaskstat timestamp_attempt_squash_begin 2024-03-04T21:08:10Z
+ jq -nc --arg key timestamp_attempt_squash_begin --arg value 2024-03-04T21:08:10Z '{ key: $key, value: $value }'
+ [[ squash == \s\q\u\a\s\h ]]
+ set +e
+ node /twcr/worker/../worker/squash-package.mjs tailwind.config.js
+ exitcode=0
+ set -e
+ [[ 0 != \0 ]]
+ cat package.json
+ sed 's/^/>>> /'
>>> {
>>>   "name": "biodrop",
>>>   "version": "2.99.17",
>>>   "private": false,
>>>   "homepage": "https://biodrop.io",
>>>   "engines": {
>>>     "node": ">=18.17"
>>>   },
>>>   "dependencies": {
>>>     "@tailwindcss/aspect-ratio": "^0.4.2",
>>>     "@tailwindcss/forms": "^0.5.7",
>>>     "@tailwindcss/typography": "^0.5.10",
>>>     "tailwindcss": "^3.3.7"
>>>   },
>>>   "browserslist": {
>>>     "production": [
>>>       ">0.2%",
>>>       "not dead",
>>>       "not op_mini all"
>>>     ],
>>>     "development": [
>>>       "last 1 chrome version",
>>>       "last 1 firefox version",
>>>       "last 1 safari version"
>>>     ]
>>>   },
>>>   "devDependencies": {},
>>>   "description": "BioDrop connects audiences to all of your content with just one link. It is implemented in JavaScript - It was initially created on a YouTube [live stream](https://www.youtube.com/watch?v=Jorl_vcp-Ew).",
>>>   "repository": {
>>>     "type": "git",
>>>     "url": "git+https://github.com/EddieHubCommunity/BioDrop.git"
>>>   },
>>>   "keywords": [
>>>     "javascript",
>>>     "socials",
>>>     "eddiehub",
>>>     "reactjs",
>>>     "react",
>>>     "nextjs"
>>>   ],
>>>   "author": "EddieHubCommunity",
>>>   "license": "MIT",
>>>   "bugs": {
>>>     "url": "https://github.com/EddieHubCommunity/BioDrop/issues"
>>>   }
>>> }+ rm -f package-lock.json pnpm-lock.yaml yarn.lock
+ '[' ./ '!=' ./ ']'
+ set +e
+ /twcr/worker/../worker/pm-install.sh npm /tmp/twcr-f242bfaa94ef /twcr/mnt/results
+ package_manager_name=npm
+ procdir=/tmp/twcr-f242bfaa94ef
+ datadir=/twcr/mnt/results
+ case "${package_manager_name}" in
++ '[' -f package-lock.json ']'
++ echo install
+ npm install --ignore-engines

added 121 packages, and audited 122 packages in 5s

28 packages are looking for funding
  run `npm fund` for details

found 0 vulnerabilities
npm notice 
npm notice New minor version of npm available! 10.2.4 -> 10.5.0
npm notice Changelog: <https://github.com/npm/cli/releases/tag/v10.5.0>
npm notice Run `npm install -g npm@10.5.0` to update!
npm notice 
+ npm query '*'
+ jq -cr '
        map({ name: .name, version: .version })
        | map(select(.name))
        | sort_by(.name)[]
      '
+ exitcode=0
+ set -e
+ [[ 0 != \0 ]]
++ jq -sr 'map(select(.name == "tailwindcss")) | first | .version'
+ tailwind_package_version=3.4.1
+ tailwind_config_exporter=tailwind.config.exporter2.cjs
+ '[' -f node_modules/tailwindcss/lib/lib/load-config.js ']'
+ tailwind_config_exporter=tailwind.config.exporter3.mjs
+ cp /twcr/worker/../worker/tailwind.config.exporter3.mjs ./
+ set +e
+ node ./tailwind.config.exporter3.mjs tailwind.config.js
+ exitcode=0
+ set -e
+ [[ 0 != \0 ]]
+ echo 'module.exports={plugins:['
+ jq -rs '
        map(select(.name | startswith("@tailwindcss/")))
        | map("require(" + ( .name | tojson ) + "),")[]
      '
+ grep -Ev '"@tailwindcss/postcss7-compat"'
+ echo ']}'
+ cat tailwind.config.js
+ sed 's/^/>>> /'
>>> module.exports={plugins:[
>>> require("@tailwindcss/aspect-ratio"),
>>> require("@tailwindcss/forms"),
>>> require("@tailwindcss/typography"),
>>> ]}
+ node ./tailwind.config.exporter3.mjs tailwind.config.js
++ date -u +%Y-%m-%dT%H:%M:%SZ
+ writetaskstat timestamp_attempt_squash_end 2024-03-04T21:08:17Z
+ jq -nc --arg key timestamp_attempt_squash_end --arg value 2024-03-04T21:08:17Z '{ key: $key, value: $value }'
+ break
++ date -u +%Y-%m-%dT%H:%M:%SZ
+ writetaskstat timestamp_end 2024-03-04T21:08:17Z
+ jq -nc --arg key timestamp_end --arg value 2024-03-04T21:08:17Z '{ key: $key, value: $value }'
+ rm /twcr/mnt/results/extract-failed
+ touch /twcr/mnt/results/extract-completed
