==== RUN-DOCKER
+++ dirname -- ./worker/run.sh
++ cd -- ./worker
++ pwd
+ twcrdir=/twcr/worker/..
+ repo=github.com/chingu-x/chingu-dashboard
+ reporef=dev
+ repopath=./
+ '[' true == true ']'
+ grep -q '^././'
++ sha256sum
++ awk '{ print $1 }'
++ echo github.com/chingu-x/chingu-dashboard
++ cut -c1-12
+ procdir=/tmp/twcr-ffd66f4e13c6
++ echo 'github.com/chingu-x/chingu-dashboard;dev;./'
++ sha256sum
++ awk '{ print $1 }'
++ cut -c1-12
+ datadir=/twcr/worker/../mnt/dataset/data/0fe8b87afd86
+ '[' '!' -z /twcr/mnt/results ']'
+ datadir=/twcr/mnt/results
+ touch /twcr/mnt/results/extract-failed
++ base64
++ tr -d =
++ tr /+ _-
++ base64
++ tr -d =
++ tr /+ _-
+ writetaskstat analysis_key github.com/chingu-x/chingu-dashboard/ZGV2Cg/Li8K
+ jq -nc --arg key analysis_key --arg value github.com/chingu-x/chingu-dashboard/ZGV2Cg/Li8K '{ key: $key, value: $value }'
++ date -u +%Y%m%d%H%M%S
++ sha256sum
++ awk '{ print $1 }'
++ cut -c1-16
++ head -c 32 /dev/urandom
+ writetaskstat analysis_nonce 5ec5bdae9e0fead9
+ jq -nc --arg key analysis_nonce --arg value 5ec5bdae9e0fead9 '{ key: $key, value: $value }'
+ writetaskstat input_repo_name github.com/chingu-x/chingu-dashboard
+ jq -nc --arg key input_repo_name --arg value github.com/chingu-x/chingu-dashboard '{ key: $key, value: $value }'
+ writetaskstat input_repo_ref dev
+ jq -nc --arg key input_repo_ref --arg value dev '{ key: $key, value: $value }'
+ writetaskstat input_repo_path ./
+ jq -nc --arg key input_repo_path --arg value ./ '{ key: $key, value: $value }'
++ date -u +%Y-%m-%dT%H:%M:%SZ
+ writetaskstat timestamp_begin 2024-03-05T12:19:44Z
+ jq -nc --arg key timestamp_begin --arg value 2024-03-05T12:19:44Z '{ key: $key, value: $value }'
+ mkdir -p /tmp/twcr-ffd66f4e13c6
/tmp/twcr-ffd66f4e13c6 /twcr
+ pushd /tmp/twcr-ffd66f4e13c6
+ '[' -d .git ']'
+ git clone --depth=1 -b dev https://github.com/chingu-x/chingu-dashboard.git .
Cloning into '.'...
++ date -u +%Y-%m-%dT%H:%M:%SZ
+ writetaskstat timestamp_git_clone_complete 2024-03-05T12:19:45Z
+ jq -nc --arg key timestamp_git_clone_complete --arg value 2024-03-05T12:19:45Z '{ key: $key, value: $value }'
++ git rev-parse HEAD
+ writetaskstat exec_repo_commit_sha 2c4d4e2cf6fd2d01a499eefcc714b8b7b04e6ecd
+ jq -nc --arg key exec_repo_commit_sha --arg value 2c4d4e2cf6fd2d01a499eefcc714b8b7b04e6ecd '{ key: $key, value: $value }'
+++ git show --no-patch --format=%ci
++ date -u --date '2024-03-04 19:17:23 -0300' +%Y-%m-%dT%H:%M:%SZ
+ writetaskstat exec_repo_commit_date 2024-03-04T22:17:23Z
+ jq -nc --arg key exec_repo_commit_date --arg value 2024-03-04T22:17:23Z '{ key: $key, value: $value }'
/tmp/twcr-ffd66f4e13c6 /tmp/twcr-ffd66f4e13c6 /twcr
+ '[' -z ./ ']'
+ pushd ./
+ tailwind_config_file_name=
+ '[' -f tailwind.config.js ']'
+ tailwind_config_file_name=tailwind.config.js
+ writetaskstat exec_tailwind_config_file tailwind.config.js
+ jq -nc --arg key exec_tailwind_config_file --arg value tailwind.config.js '{ key: $key, value: $value }'
+ cp tailwind.config.js /twcr/mnt/results/extract-raw-tailwind-config.js
+ '[' '!' -f package.json ']'
+ cp package.json /twcr/mnt/results/extract-raw-package.json
++ /twcr/worker/../worker/pm-detect.sh /tmp/twcr-ffd66f4e13c6
+ package_manager_name=yarn
+ '[' -z yarn ']'
+ '[' -z yarn ']'
+ writetaskstat exec_node_package_manager yarn
+ jq -nc --arg key exec_node_package_manager --arg value yarn '{ key: $key, value: $value }'
+ attempt_mode=squash
+ true
++ date -u +%Y-%m-%dT%H:%M:%SZ
+ writetaskstat timestamp_attempt_squash_begin 2024-03-05T12:19:45Z
+ jq -nc --arg key timestamp_attempt_squash_begin --arg value 2024-03-05T12:19:45Z '{ key: $key, value: $value }'
+ [[ squash == \s\q\u\a\s\h ]]
+ set +e
+ node /twcr/worker/../worker/squash-package.mjs tailwind.config.js
+ exitcode=0
+ set -e
+ [[ 0 != \0 ]]
+ cat package.json
+ sed 's/^/>>> /'
>>> {
>>>   "name": "chingu_dashboard",
>>>   "version": "0.1.0",
>>>   "private": true,
>>>   "dependencies": {},
>>>   "devDependencies": {
>>>     "tailwindcss": "3.3.3"
>>>   },
>>>   "packageManager": "yarn@4.0.2"
>>> }+ rm -f package-lock.json pnpm-lock.yaml yarn.lock
+ '[' ./ '!=' ./ ']'
+ set +e
+ /twcr/worker/../worker/pm-install.sh yarn /tmp/twcr-ffd66f4e13c6 /twcr/mnt/results
+ package_manager_name=yarn
+ procdir=/tmp/twcr-ffd66f4e13c6
+ datadir=/twcr/mnt/results
+ case "${package_manager_name}" in
+ '[' -z http://tid_fde1430b512f:ok@172.18.0.2:3128 ']'
+ yarn config set httpProxy http://tid_fde1430b512f:ok@172.18.0.2:3128
➤ YN0000: Successfully set httpProxy to 'http://tid_fde1430b512f:ok@172.18.0.2:3128'
+ '[' -z http://tid_fde1430b512f:ok@172.18.0.2:3128 ']'
+ yarn config set httpsProxy http://tid_fde1430b512f:ok@172.18.0.2:3128
➤ YN0000: Successfully set httpsProxy to 'http://tid_fde1430b512f:ok@172.18.0.2:3128'
+ yarn install
➤ YN0000: · Yarn 4.0.2
➤ YN0000: ┌ Resolution step
➤ YN0000: │ DeprecationWarning: Buffer() is deprecated due to security and usability issues. Please use the Buffer.alloc(), Buffer.allocUnsafe(), or Buffer.from() methods instead.
➤ YN0085: │ + tailwindcss@npm:3.3.3, @alloc/quick-lru@npm:5.2.0, @isaacs/cliui@npm:8.0.2, @jridgewell/gen-mapping@npm:0.3.5, @jridgewell/resolve-uri@npm:3.1.2, and 160 more.
➤ YN0000: └ Completed in 3s 98ms
➤ YN0000: ┌ Fetch step
➤ YN0013: │ 164 packages were added to the project (+ 18.5 MiB).
➤ YN0000: └ Completed in 2s 784ms
➤ YN0000: ┌ Link step
➤ YN0000: └ Completed in 0s 713ms
➤ YN0000: · Done with warnings in 6s 642ms
+ yarn list --depth=0 --json --non-interactive --no-progress
+ jq -cr '
        [.. | .name?]
        | map(select(.))
        | map(capture("^(?<name>@?[^@]+)@(?<version>.+)$"))
        | sort_by(.name)[]'
jq: parse error: Invalid numeric literal at line 1, column 6
+ exitcode=5
+ set -e
+ [[ 5 != \0 ]]
+ [[ squash == \s\q\u\a\s\h ]]
+ echo '[worker] WARN: package manager failed; retrying with full install'
[worker] WARN: package manager failed; retrying with full install
+ attempt_mode=full
+ continue
+ true
++ date -u +%Y-%m-%dT%H:%M:%SZ
+ writetaskstat timestamp_attempt_full_begin 2024-03-05T12:19:54Z
+ jq -nc --arg key timestamp_attempt_full_begin --arg value 2024-03-05T12:19:54Z '{ key: $key, value: $value }'
+ [[ full == \s\q\u\a\s\h ]]
+ git clean -fdx
Removing .yarn/install-state.gz
Removing node_modules/
+ git reset --hard
HEAD is now at 2c4d4e2 Merge pull request #104 from chingu-x/refactor/images+headings+checkbox
+ set +e
+ /twcr/worker/../worker/pm-install.sh yarn /tmp/twcr-ffd66f4e13c6 /twcr/mnt/results
+ package_manager_name=yarn
+ procdir=/tmp/twcr-ffd66f4e13c6
+ datadir=/twcr/mnt/results
+ case "${package_manager_name}" in
+ '[' -z http://tid_fde1430b512f:ok@172.18.0.2:3128 ']'
+ yarn config set httpProxy http://tid_fde1430b512f:ok@172.18.0.2:3128
➤ YN0000: Successfully set httpProxy to 'http://tid_fde1430b512f:ok@172.18.0.2:3128'
+ '[' -z http://tid_fde1430b512f:ok@172.18.0.2:3128 ']'
+ yarn config set httpsProxy http://tid_fde1430b512f:ok@172.18.0.2:3128
➤ YN0000: Successfully set httpsProxy to 'http://tid_fde1430b512f:ok@172.18.0.2:3128'
+ yarn install
➤ YN0000: · Yarn 4.0.2
➤ YN0000: ┌ Resolution step
➤ YN0000: └ Completed in 0s 264ms
➤ YN0000: ┌ Post-resolution validation
➤ YN0002: │ chingu_dashboard@workspace:. doesn't provide redux (p1e9ba), requested by redux-persist.
➤ YN0086: │ Some peer dependencies are incorrectly met; run yarn explain peer-requirements <hash> for details, where <hash> is the six-letter p-prefixed code.
➤ YN0000: └ Completed
➤ YN0000: ┌ Fetch step
➤ YN0000: │ DeprecationWarning: Buffer() is deprecated due to security and usability issues. Please use the Buffer.alloc(), Buffer.allocUnsafe(), or Buffer.from() methods instead.
➤ YN0013: │ 1414 packages were added to the project (+ 606.49 MiB).
➤ YN0000: └ Completed in 54s 808ms
➤ YN0000: ┌ Link step
➤ YN0007: │ cypress@npm:12.17.4 must be built because it never has been before or the last one failed
➤ YN0007: │ sharp@npm:0.32.6 must be built because it never has been before or the last one failed
➤ YN0007: │ esbuild@npm:0.18.20 must be built because it never has been before or the last one failed
➤ YN0007: │ @swc/core@npm:1.3.100 [c055d] must be built because it never has been before or the last one failed
➤ YN0007: │ core-js-pure@npm:3.34.0 must be built because it never has been before or the last one failed
➤ YN0007: │ chingu_dashboard@workspace:. must be built because it never has been before or the last one failed
➤ YN0000: └ Completed in 44s 699ms
➤ YN0000: · Done with warnings in 1m 41s
+ yarn list --depth=0 --json --non-interactive --no-progress
+ jq -cr '
        [.. | .name?]
        | map(select(.))
        | map(capture("^(?<name>@?[^@]+)@(?<version>.+)$"))
        | sort_by(.name)[]'
jq: parse error: Invalid numeric literal at line 1, column 6
+ exitcode=5
+ set -e
+ [[ 5 != \0 ]]
+ [[ full == \s\q\u\a\s\h ]]
+ exit 5
