==== RUN-DOCKER
+++ dirname -- ./worker/run.sh
++ cd -- ./worker
++ pwd
+ twcrdir=/twcr/worker/..
+ repo=github.com/barvian/fluid-tailwind
+ reporef=main
+ repopath=./site
+ '[' true == true ']'
+ grep -q '^././'
++ echo github.com/barvian/fluid-tailwind
++ sha256sum
++ awk '{ print $1 }'
++ cut -c1-12
+ procdir=/tmp/twcr-673c4490c69b
++ echo 'github.com/barvian/fluid-tailwind;main;./site'
++ sha256sum
++ awk '{ print $1 }'
++ cut -c1-12
+ datadir=/twcr/worker/../mnt/dataset/data/7524a9bf530a
+ '[' '!' -z /twcr/mnt/results ']'
+ datadir=/twcr/mnt/results
+ touch /twcr/mnt/results/extract-failed
++ base64
++ tr -d =
++ tr /+ _-
++ base64
++ tr -d =
++ tr /+ _-
+ writetaskstat analysis_key github.com/barvian/fluid-tailwind/bWFpbgo/Li9zaXRlCg
+ jq -nc --arg key analysis_key --arg value github.com/barvian/fluid-tailwind/bWFpbgo/Li9zaXRlCg '{ key: $key, value: $value }'
++ date -u +%Y%m%d%H%M%S
++ sha256sum
++ awk '{ print $1 }'
++ cut -c1-16
++ head -c 32 /dev/urandom
+ writetaskstat analysis_nonce 60004342bd68d15d
+ jq -nc --arg key analysis_nonce --arg value 60004342bd68d15d '{ key: $key, value: $value }'
+ writetaskstat input_repo_name github.com/barvian/fluid-tailwind
+ jq -nc --arg key input_repo_name --arg value github.com/barvian/fluid-tailwind '{ key: $key, value: $value }'
+ writetaskstat input_repo_ref main
+ jq -nc --arg key input_repo_ref --arg value main '{ key: $key, value: $value }'
+ writetaskstat input_repo_path ./site
+ jq -nc --arg key input_repo_path --arg value ./site '{ key: $key, value: $value }'
++ date -u +%Y-%m-%dT%H:%M:%SZ
+ writetaskstat timestamp_begin 2024-03-04T09:05:14Z
+ jq -nc --arg key timestamp_begin --arg value 2024-03-04T09:05:14Z '{ key: $key, value: $value }'
+ mkdir -p /tmp/twcr-673c4490c69b
/tmp/twcr-673c4490c69b /twcr
+ pushd /tmp/twcr-673c4490c69b
+ '[' -d .git ']'
+ git clone --depth=1 -b main https://github.com/barvian/fluid-tailwind.git .
Cloning into '.'...
++ date -u +%Y-%m-%dT%H:%M:%SZ
+ writetaskstat timestamp_git_clone_complete 2024-03-04T09:05:15Z
+ jq -nc --arg key timestamp_git_clone_complete --arg value 2024-03-04T09:05:15Z '{ key: $key, value: $value }'
++ git rev-parse HEAD
+ writetaskstat exec_repo_commit_sha 5e7f11b746d2855392669e5ef2521cd8b0f6fcb5
+ jq -nc --arg key exec_repo_commit_sha --arg value 5e7f11b746d2855392669e5ef2521cd8b0f6fcb5 '{ key: $key, value: $value }'
+++ git show --no-patch --format=%ci
++ date -u --date '2024-03-01 19:05:09 -0800' +%Y-%m-%dT%H:%M:%SZ
+ writetaskstat exec_repo_commit_date 2024-03-02T03:05:09Z
+ jq -nc --arg key exec_repo_commit_date --arg value 2024-03-02T03:05:09Z '{ key: $key, value: $value }'
+ '[' -z ./site ']'
+ pushd ./site
+ tailwind_config_file_name=
+ '[' -f tailwind.config.js ']'
+ '[' -f tailwind.config.cjs ']'
+ '[' -f tailwind.config.mjs ']'
+ '[' -f tailwind.config.ts ']'
+ tailwind_config_file_name=tailwind.config.ts
/tmp/twcr-673c4490c69b/site /tmp/twcr-673c4490c69b /twcr
+ writetaskstat exec_tailwind_config_file tailwind.config.ts
+ jq -nc --arg key exec_tailwind_config_file --arg value tailwind.config.ts '{ key: $key, value: $value }'
+ cp tailwind.config.ts /twcr/mnt/results/extract-raw-tailwind-config.js
+ '[' '!' -f package.json ']'
+ cp package.json /twcr/mnt/results/extract-raw-package.json
++ /twcr/worker/../worker/pm-detect.sh /tmp/twcr-673c4490c69b/site
+ package_manager_name=
+ '[' -z '' ']'
+ '[' ./site '!=' ./ ']'
++ /twcr/worker/../worker/pm-detect.sh /tmp/twcr-673c4490c69b
+ package_manager_name=pnpm
+ '[' -z pnpm ']'
+ writetaskstat exec_node_package_manager pnpm
+ jq -nc --arg key exec_node_package_manager --arg value pnpm '{ key: $key, value: $value }'
+ attempt_mode=squash
+ true
++ date -u +%Y-%m-%dT%H:%M:%SZ
+ writetaskstat timestamp_attempt_squash_begin 2024-03-04T09:05:15Z
+ jq -nc --arg key timestamp_attempt_squash_begin --arg value 2024-03-04T09:05:15Z '{ key: $key, value: $value }'
+ [[ squash == \s\q\u\a\s\h ]]
+ set +e
+ node /twcr/worker/../worker/squash-package.mjs tailwind.config.ts
+ exitcode=0
+ set -e
+ [[ 0 != \0 ]]
+ cat package.json
+ sed 's/^/>>> /'
>>> {
>>>   "name": "fluid.tw",
>>>   "private": true,
>>>   "type": "module",
>>>   "version": "0.0.1",
>>>   "dependencies": {
>>>     "@astrojs/tailwind": "^5.0.0",
>>>     "@tailwindcss/container-queries": "^0.1.1",
>>>     "@tailwindcss/typography": "^0.5.9",
>>>     "fluid-tailwind": "workspace:*",
>>>     "mini-svg-data-uri": "^1.4.4",
>>>     "tailwindcss": "^3.4.1"
>>>   },
>>>   "devDependencies": {}
>>> }+ rm -f package-lock.json pnpm-lock.yaml yarn.lock
+ '[' ./site '!=' ./ ']'
+ rm -f /tmp/twcr-673c4490c69b/package.json /tmp/twcr-673c4490c69b/package-lock.json /tmp/twcr-673c4490c69b/pnpm-lock.yaml /tmp/twcr-673c4490c69b/yarn.lock
+ set +e
+ /twcr/worker/../worker/pm-install.sh pnpm /tmp/twcr-673c4490c69b /twcr/mnt/results
+ package_manager_name=pnpm
+ procdir=/tmp/twcr-673c4490c69b
+ datadir=/twcr/mnt/results
+ case "${package_manager_name}" in
+ '[' '!' -f /tmp/twcr-673c4490c69b/package.json ']'
+ '[' '!' -f package.json ']'
++ pnpm -v
+ sed -Ei 's/("pnpm": ")(.+)(")/\18.15.4\3/' package.json
+ pnpm install
Scope: all 2 workspace projects
..                                       | Progress: resolved 1, reused 0, downloaded 0, added 0
..                                       | Progress: resolved 31, reused 0, downloaded 15, added 0
..                                       | Progress: resolved 64, reused 0, downloaded 51, added 0
..                                       | Progress: resolved 100, reused 0, downloaded 85, added 0
..                                       | Progress: resolved 145, reused 0, downloaded 101, added 0
..                                       | Progress: resolved 179, reused 0, downloaded 126, added 0
..                                       | Progress: resolved 211, reused 0, downloaded 169, added 0
..                                       | Progress: resolved 239, reused 0, downloaded 193, added 0
..                                       | Progress: resolved 258, reused 0, downloaded 210, added 0
..                                       | Progress: resolved 287, reused 0, downloaded 239, added 0
..                                       | Progress: resolved 324, reused 0, downloaded 277, added 0
..                                       | Progress: resolved 357, reused 0, downloaded 307, added 0
..                                       | Progress: resolved 396, reused 0, downloaded 344, added 0
..                                       | Progress: resolved 425, reused 0, downloaded 374, added 0
..                                       | Progress: resolved 465, reused 0, downloaded 409, added 0
..                                       | Progress: resolved 501, reused 0, downloaded 447, added 0
..                                       | Progress: resolved 542, reused 0, downloaded 490, added 0
..                                       | +509 ++++++++++++++++++++++++++++++++
..                                       | Progress: resolved 543, reused 0, downloaded 509, added 509, done
.../esbuild@0.19.12/node_modules/esbuild postinstall$ node install.js
.../esbuild@0.19.12/node_modules/esbuild postinstall: Done
.../sharp@0.32.6/node_modules/sharp install$ (node install/libvips && node install/dll-copy && prebuild-install) || (node install/can-compile && node-gyp rebuild && node install/dll-copy)
.../sharp@0.32.6/node_modules/sharp install: sharp: Downloading https://github.com/lovell/sharp-libvips/releases/download/v8.14.5/libvips-8.14.5-linux-x64.tar.br
.../sharp@0.32.6/node_modules/sharp install: sharp: Via proxy http://172.18.0.2:3128 with credentials
.../sharp@0.32.6/node_modules/sharp install: sharp: Integrity check passed for linux-x64
.../sharp@0.32.6/node_modules/sharp install: Done

dependencies:
+ @astrojs/tailwind 5.1.0
+ @tailwindcss/container-queries 0.1.1
+ @tailwindcss/typography 0.5.10
+ fluid-tailwind 0.1.6 <- ../plugin
+ mini-svg-data-uri 1.4.4
+ tailwindcss 3.4.1

Done in 21.4s
+ pnpm ls --json
+ jq -cr '
        .[]
        | [.dependencies, .devDependencies, .optionalDependencies]
        | map(select(.))[]
        | to_entries
        | map({ name: .key, version: .value.version })
        | sort_by(.name)[]
      '
+ exitcode=0
+ set -e
+ [[ 0 != \0 ]]
++ jq -sr 'map(select(.name == "tailwindcss")) | first | .version'
+ tailwind_package_version=3.4.1
+ tailwind_config_exporter=tailwind.config.exporter2.cjs
+ '[' -f node_modules/tailwindcss/lib/lib/load-config.js ']'
+ tailwind_config_exporter=tailwind.config.exporter3.mjs
+ cp /twcr/worker/../worker/tailwind.config.exporter3.mjs ./
+ set +e
+ node ./tailwind.config.exporter3.mjs tailwind.config.ts
node:internal/modules/cjs/loader:450
      const err = new Error(
                  ^

Error: Cannot find module '/tmp/twcr-673c4490c69b/site/node_modules/fluid-tailwind/dist/index.js'. Please verify that the package.json has a valid "main" entry
    at tryPackage (node:internal/modules/cjs/loader:450:19)
    at Module._findPath (node:internal/modules/cjs/loader:720:18)
    at Module._resolveFilename (node:internal/modules/cjs/loader:1135:27)
    at Function.resolve (node:internal/modules/helpers:187:19)
    at _resolve (/tmp/twcr-673c4490c69b/node_modules/.pnpm/jiti@1.21.0/node_modules/jiti/dist/jiti.js:1:251148)
    at jiti (/tmp/twcr-673c4490c69b/node_modules/.pnpm/jiti@1.21.0/node_modules/jiti/dist/jiti.js:1:253746)
    at /tmp/twcr-673c4490c69b/site/tailwind.config.ts:12:22
    at evalModule (/tmp/twcr-673c4490c69b/node_modules/.pnpm/jiti@1.21.0/node_modules/jiti/dist/jiti.js:1:256443)
    at jiti (/tmp/twcr-673c4490c69b/node_modules/.pnpm/jiti@1.21.0/node_modules/jiti/dist/jiti.js:1:254371)
    at /tmp/twcr-673c4490c69b/node_modules/.pnpm/tailwindcss@3.4.1/node_modules/tailwindcss/lib/lib/load-config.js:48:30 {
  code: 'MODULE_NOT_FOUND',
  path: '/tmp/twcr-673c4490c69b/site/node_modules/fluid-tailwind/package.json',
  requestPath: 'fluid-tailwind'
}

Node.js v21.6.2
+ exitcode=1
+ set -e
+ [[ 1 != \0 ]]
+ [[ squash == \s\q\u\a\s\h ]]
+ echo '[worker] WARN: exporter failed; retrying with full install'
[worker] WARN: exporter failed; retrying with full install
+ attempt_mode=full
+ continue
+ true
++ date -u +%Y-%m-%dT%H:%M:%SZ
+ writetaskstat timestamp_attempt_full_begin 2024-03-04T09:05:38Z
+ jq -nc --arg key timestamp_attempt_full_begin --arg value 2024-03-04T09:05:38Z '{ key: $key, value: $value }'
+ [[ full == \s\q\u\a\s\h ]]
+ git clean -fdx
Removing node_modules/
Removing tailwind.config.exporter3.mjs
+ git reset --hard
HEAD is now at 5e7f11b Better errors in comments
+ set +e
+ /twcr/worker/../worker/pm-install.sh pnpm /tmp/twcr-673c4490c69b /twcr/mnt/results
+ package_manager_name=pnpm
+ procdir=/tmp/twcr-673c4490c69b
+ datadir=/twcr/mnt/results
+ case "${package_manager_name}" in
+ '[' '!' -f /tmp/twcr-673c4490c69b/package.json ']'
++ pnpm -v
+ sed -Ei 's/("pnpm": ")(.+)(")/\18.15.4\3/' /tmp/twcr-673c4490c69b/package.json
+ '[' '!' -f package.json ']'
++ pnpm -v
+ sed -Ei 's/("pnpm": ")(.+)(")/\18.15.4\3/' package.json
+ pnpm install
Scope: all 3 workspace projects
..                                       | Progress: resolved 1, reused 0, downloaded 0, added 0
..                                       | +245  -28 ++++++++++++++++++++++++---
..                                       | Progress: resolved 245, reused 26, downloaded 33, added 37
..                                       | Progress: resolved 245, reused 26, downloaded 103, added 108
..                                       | Progress: resolved 245, reused 26, downloaded 158, added 163
..                                       | Progress: resolved 245, reused 26, downloaded 216, added 220
..                                       | Progress: resolved 245, reused 26, downloaded 219, added 224, done
.../sharp@0.33.2/node_modules/sharp install$ node install/check
.../sharp@0.33.2/node_modules/sharp install: Done
.../sharp@0.32.6/node_modules/sharp install$ (node install/libvips && node install/dll-copy && prebuild-install) || (node install/can-compile && node-gyp rebuild && node install/dll-copy)
.../sharp@0.32.6/node_modules/sharp install: sharp: Using existing vendored libvips v8.14.5
.../sharp@0.32.6/node_modules/sharp install: Done

dependencies:
+ @astrojs/check 0.4.1
+ @astrojs/mdx 2.1.1
+ @astrojs/svelte 5.0.3
- @astrojs/tailwind
+ @astrojs/tailwind 5.1.0
+ @tailwindcss/container-queries 0.1.1
+ @tailwindcss/typography 0.5.10
+ astro 4.4.4
+ astro-expressive-code 0.33.4
+ filter-obj 5.1.0
+ fluid-tailwind 0.1.6 <- ../plugin
+ mini-svg-data-uri 1.4.4
+ remark-sectionize 2.0.0
+ svelte 4.2.12
+ tailwindcss 3.4.1
+ unist-util-flatmap 1.0.0
+ vite 5.1.4

devDependencies:
+ @astrojs/vercel 7.3.3
+ sharp 0.33.2
+ sharp-cli 4.2.0
+ typescript 5.3.3

Done in 6.7s
+ pnpm ls --json
+ jq -cr '
        .[]
        | [.dependencies, .devDependencies, .optionalDependencies]
        | map(select(.))[]
        | to_entries
        | map({ name: .key, version: .value.version })
        | sort_by(.name)[]
      '
+ exitcode=0
+ set -e
+ [[ 0 != \0 ]]
++ jq -sr 'map(select(.name == "tailwindcss")) | first | .version'
+ tailwind_package_version=3.4.1
+ tailwind_config_exporter=tailwind.config.exporter2.cjs
+ '[' -f node_modules/tailwindcss/lib/lib/load-config.js ']'
+ tailwind_config_exporter=tailwind.config.exporter3.mjs
+ cp /twcr/worker/../worker/tailwind.config.exporter3.mjs ./
+ set +e
+ node ./tailwind.config.exporter3.mjs tailwind.config.ts
node:internal/modules/cjs/loader:450
      const err = new Error(
                  ^

Error: Cannot find module '/tmp/twcr-673c4490c69b/site/node_modules/fluid-tailwind/dist/index.js'. Please verify that the package.json has a valid "main" entry
    at tryPackage (node:internal/modules/cjs/loader:450:19)
    at Module._findPath (node:internal/modules/cjs/loader:720:18)
    at Module._resolveFilename (node:internal/modules/cjs/loader:1135:27)
    at Function.resolve (node:internal/modules/helpers:187:19)
    at _resolve (/tmp/twcr-673c4490c69b/node_modules/.pnpm/jiti@1.21.0/node_modules/jiti/dist/jiti.js:1:251148)
    at jiti (/tmp/twcr-673c4490c69b/node_modules/.pnpm/jiti@1.21.0/node_modules/jiti/dist/jiti.js:1:253746)
    at /tmp/twcr-673c4490c69b/site/tailwind.config.ts:12:22
    at evalModule (/tmp/twcr-673c4490c69b/node_modules/.pnpm/jiti@1.21.0/node_modules/jiti/dist/jiti.js:1:256443)
    at jiti (/tmp/twcr-673c4490c69b/node_modules/.pnpm/jiti@1.21.0/node_modules/jiti/dist/jiti.js:1:254371)
    at /tmp/twcr-673c4490c69b/node_modules/.pnpm/tailwindcss@3.4.1/node_modules/tailwindcss/lib/lib/load-config.js:48:30 {
  code: 'MODULE_NOT_FOUND',
  path: '/tmp/twcr-673c4490c69b/site/node_modules/fluid-tailwind/package.json',
  requestPath: 'fluid-tailwind'
}

Node.js v21.6.2
+ exitcode=1
+ set -e
+ [[ 1 != \0 ]]
+ [[ full == \s\q\u\a\s\h ]]
+ exit 1
