==== RUN-DOCKER
+++ dirname -- ./worker/run.sh
++ cd -- ./worker
++ pwd
+ twcrdir=/twcr/worker/..
+ repo=github.com/YALCINCAN/NET6_Vue3Typescript_TaskManagementAPP
+ reporef=master
+ repopath=./TaskManagementUI
++ echo github.com/YALCINCAN/NET6_Vue3Typescript_TaskManagementAPP
++ sha256sum
++ awk '{ print $1 }'
++ cut -c1-12
+ procdir=/tmp/twcr-65c903ce4ed2
++ echo 'github.com/YALCINCAN/NET6_Vue3Typescript_TaskManagementAPP;master;./TaskManagementUI'
++ sha256sum
++ awk '{ print $1 }'
++ cut -c1-12
+ datadir=/twcr/worker/../mnt/dataset/data/cf3e458ac3fc
+ '[' '!' -z /twcr/mnt/results ']'
+ datadir=/twcr/mnt/results
+ touch /twcr/mnt/results/extract-failed
++ base64
++ tr -d =
++ tr /+ _-
++ base64
++ tr -d =
++ tr /+ _-
+ writetaskstat analysis_key github.com/YALCINCAN/NET6_Vue3Typescript_TaskManagementAPP/bWFzdGVyCg/Li9UYXNrTWFuYWdlbWVudFVJCg
+ jq -nc --arg key analysis_key --arg value github.com/YALCINCAN/NET6_Vue3Typescript_TaskManagementAPP/bWFzdGVyCg/Li9UYXNrTWFuYWdlbWVudFVJCg '{ key: $key, value: $value }'
++ date -u +%Y%m%d%H%M%S
++ sha256sum
++ awk '{ print $1 }'
++ cut -c1-16
++ head -c 32 /dev/urandom
+ writetaskstat analysis_nonce 892cdb672529ecb1
+ jq -nc --arg key analysis_nonce --arg value 892cdb672529ecb1 '{ key: $key, value: $value }'
+ writetaskstat input_repo_name github.com/YALCINCAN/NET6_Vue3Typescript_TaskManagementAPP
+ jq -nc --arg key input_repo_name --arg value github.com/YALCINCAN/NET6_Vue3Typescript_TaskManagementAPP '{ key: $key, value: $value }'
+ writetaskstat input_repo_ref master
+ jq -nc --arg key input_repo_ref --arg value master '{ key: $key, value: $value }'
+ writetaskstat input_repo_path ./TaskManagementUI
+ jq -nc --arg key input_repo_path --arg value ./TaskManagementUI '{ key: $key, value: $value }'
++ date -u +%Y-%m-%dT%H:%M:%SZ
+ writetaskstat timestamp_begin 2024-03-02T23:35:11Z
+ jq -nc --arg key timestamp_begin --arg value 2024-03-02T23:35:11Z '{ key: $key, value: $value }'
+ mkdir -p /tmp/twcr-65c903ce4ed2
/tmp/twcr-65c903ce4ed2 /twcr
+ pushd /tmp/twcr-65c903ce4ed2
+ '[' -d .git ']'
+ git clone --depth=1 -b master https://github.com/YALCINCAN/NET6_Vue3Typescript_TaskManagementAPP.git .
Cloning into '.'...
++ date -u +%Y-%m-%dT%H:%M:%SZ
+ writetaskstat timestamp_git_clone_complete 2024-03-02T23:35:12Z
+ jq -nc --arg key timestamp_git_clone_complete --arg value 2024-03-02T23:35:12Z '{ key: $key, value: $value }'
++ git rev-parse HEAD
+ writetaskstat exec_repo_commit_sha efcecccf2ced10d5d6bef13af8006e24c83d14b4
+ jq -nc --arg key exec_repo_commit_sha --arg value efcecccf2ced10d5d6bef13af8006e24c83d14b4 '{ key: $key, value: $value }'
+++ git show --no-patch --format=%ci
++ date -u --date '2022-07-18 12:57:43 +0300' +%Y-%m-%dT%H:%M:%SZ
+ writetaskstat exec_repo_commit_date 2022-07-18T09:57:43Z
+ jq -nc --arg key exec_repo_commit_date --arg value 2022-07-18T09:57:43Z '{ key: $key, value: $value }'
+ '[' -z ./TaskManagementUI ']'
+ pushd ./TaskManagementUI
+ tailwind_config_file_name=
+ '[' -f tailwind.config.js ']'
+ tailwind_config_file_name=tailwind.config.js
+ writetaskstat exec_tailwind_config_file tailwind.config.js
+ jq -nc --arg key exec_tailwind_config_file --arg value tailwind.config.js '{ key: $key, value: $value }'
/tmp/twcr-65c903ce4ed2/TaskManagementUI /tmp/twcr-65c903ce4ed2 /twcr
+ cp tailwind.config.js /twcr/mnt/results/extract-raw-tailwind-config.js
+ '[' '!' -f package.json ']'
+ cp package.json /twcr/mnt/results/extract-raw-package.json
+ package_manager_name=npm
+ grep -q '"packageManager":[^"]+"pnpm@"' package.json
+ '[' -f pnpm-lock.yaml ']'
+ '[' -f pnpm-workspace.yaml ']'
+ '[' -f /tmp/twcr-65c903ce4ed2/pnpm-workspace.yaml ']'
+ grep -q 'pnpm install'
+ cat README.md
+ grep -q '"packageManager":[^"]+"yarn@"' package.json
+ '[' -f yarn.lock ']'
+ grep -q '":[^"]+"workspace:' package.json
+ cat README.md
+ grep -q 'yarn install'
+ writetaskstat exec_node_package_manager npm
+ jq -nc --arg key exec_node_package_manager --arg value npm '{ key: $key, value: $value }'
+ attempt_mode=squash
+ true
++ date -u +%Y-%m-%dT%H:%M:%SZ
+ writetaskstat timestamp_attempt_squash_begin 2024-03-02T23:35:13Z
+ jq -nc --arg key timestamp_attempt_squash_begin --arg value 2024-03-02T23:35:13Z '{ key: $key, value: $value }'
+ [[ squash == \s\q\u\a\s\h ]]
+ set +e
+ node /twcr/worker/../worker/squash-package.mjs tailwind.config.js
+ exitcode=0
+ set -e
+ [[ 0 != \0 ]]
+ cat package.json
+ sed 's/^/>>> /'
>>> {
>>>   "name": "taskmanagementui",
>>>   "version": "0.0.1",
>>>   "description": "Task Management",
>>>   "productName": "Task Management",
>>>   "author": "Yalçın <ylcn58_can@hotmail.com>",
>>>   "private": true,
>>>   "dependencies": {},
>>>   "devDependencies": {
>>>     "tailwindcss": "^3.0.24"
>>>   },
>>>   "engines": {
>>>     "node": "^18 || ^16 || ^14.19",
>>>     "npm": ">= 6.13.4",
>>>     "yarn": ">= 1.21.1"
>>>   }
>>> }+ set +e
+ /twcr/worker/../worker/pm-install.sh npm /tmp/twcr-65c903ce4ed2 /twcr/mnt/results
+ package_manager_name=npm
+ procdir=/tmp/twcr-65c903ce4ed2
+ datadir=/twcr/mnt/results
+ case "${package_manager_name}" in
++ '[' -f package-lock.json ']'
++ echo ci
+ npm ci --ignore-engines
npm WARN EBADENGINE Unsupported engine {
npm WARN EBADENGINE   package: 'taskmanagementui@0.0.1',
npm WARN EBADENGINE   required: { node: '^18 || ^16 || ^14.19', npm: '>= 6.13.4', yarn: '>= 1.21.1' },
npm WARN EBADENGINE   current: { node: 'v21.6.2', npm: '10.2.4' }
npm WARN EBADENGINE }

added 59 packages, and audited 60 packages in 2s

12 packages are looking for funding
  run `npm fund` for details

1 moderate severity vulnerability

To address all issues, run:
  npm audit fix

Run `npm audit` for details.
npm notice 
npm notice New minor version of npm available! 10.2.4 -> 10.5.0
npm notice Changelog: <https://github.com/npm/cli/releases/tag/v10.5.0>
npm notice Run `npm install -g npm@10.5.0` to update!
npm notice 
+ npm query '*'
+ jq -cr '
        map({ name: .name, version: .version })
        | map(select(.name))
        | sort_by(.name)[]
      '
+ exitcode=0
+ set -e
+ [[ 0 != \0 ]]
++ jq -sr 'map(select(.name == "tailwindcss")) | first | .version'
+ tailwind_package_version=3.0.24
+ tailwind_config_exporter=tailwind.config.exporter3.mjs
+ true
+ cp /twcr/worker/../worker/tailwind.config.exporter3.mjs ./
+ set +e
+ node ./tailwind.config.exporter3.mjs tailwind.config.js
node:internal/modules/esm/resolve:263
    throw new ERR_MODULE_NOT_FOUND(
          ^

Error [ERR_MODULE_NOT_FOUND]: Cannot find module '/tmp/twcr-65c903ce4ed2/TaskManagementUI/node_modules/tailwindcss/lib/lib/load-config.js' imported from /tmp/twcr-65c903ce4ed2/TaskManagementUI/tailwind.config.exporter3.mjs
    at finalizeResolution (node:internal/modules/esm/resolve:263:11)
    at moduleResolve (node:internal/modules/esm/resolve:908:10)
    at defaultResolve (node:internal/modules/esm/resolve:1131:11)
    at ModuleLoader.defaultResolve (node:internal/modules/esm/loader:390:12)
    at ModuleLoader.resolve (node:internal/modules/esm/loader:359:25)
    at ModuleLoader.getModuleJob (node:internal/modules/esm/loader:234:38)
    at ModuleWrap.<anonymous> (node:internal/modules/esm/module_job:85:39)
    at link (node:internal/modules/esm/module_job:84:36) {
  code: 'ERR_MODULE_NOT_FOUND',
  url: 'file:///tmp/twcr-65c903ce4ed2/TaskManagementUI/node_modules/tailwindcss/lib/lib/load-config.js'
}

Node.js v21.6.2
+ exitcode=1
+ set -e
+ [[ 1 != \0 ]]
+ [[ tailwind.config.exporter3.mjs == \t\a\i\l\w\i\n\d\.\c\o\n\f\i\g\.\e\x\p\o\r\t\e\r\3\.\m\j\s ]]
+ echo '[worker] WARN: exporter failed; retrying with alternative'
[worker] WARN: exporter failed; retrying with alternative
+ tailwind_config_exporter=tailwind.config.exporter2.cjs
+ continue
+ true
+ cp /twcr/worker/../worker/tailwind.config.exporter2.cjs ./
+ set +e
+ node ./tailwind.config.exporter2.cjs tailwind.config.js
+ exitcode=0
+ set -e
+ [[ 0 != \0 ]]
+ break
+ echo 'module.exports={plugins:['
+ jq -rs '
        map(select(.name | startswith("@tailwindcss/")))
        | map("require(" + ( .name | tojson ) + "),")[]
      '
+ echo ']}'
+ cat tailwind.config.js
+ sed 's/^/>>> /'
>>> module.exports={plugins:[
>>> ]}
+ node ./tailwind.config.exporter2.cjs tailwind.config.js

warn - The `content` option in your Tailwind CSS configuration is missing or empty.
warn - Configure your content sources or your generated CSS will be missing styles.
warn - https://tailwindcss.com/docs/content-configuration
++ date -u +%Y-%m-%dT%H:%M:%SZ
+ writetaskstat timestamp_attempt_squash_end 2024-03-02T23:35:16Z
+ jq -nc --arg key timestamp_attempt_squash_end --arg value 2024-03-02T23:35:16Z '{ key: $key, value: $value }'
+ break
++ date -u +%Y-%m-%dT%H:%M:%SZ
+ writetaskstat timestamp_end 2024-03-02T23:35:16Z
+ jq -nc --arg key timestamp_end --arg value 2024-03-02T23:35:16Z '{ key: $key, value: $value }'
+ rm /twcr/mnt/results/extract-failed
+ touch /twcr/mnt/results/extract-completed
