==== RUN-DOCKER
+++ dirname -- ./worker/run.sh
++ cd -- ./worker
++ pwd
+ twcrdir=/twcr/worker/..
+ repo=github.com/worldcoin/world-id-sign-in
+ reporef=main
+ repopath=./
++ echo github.com/worldcoin/world-id-sign-in
++ sha256sum
++ awk '{ print $1 }'
++ cut -c1-12
+ procdir=/tmp/twcr-76881f468dd5
++ echo 'github.com/worldcoin/world-id-sign-in;main;./'
++ sha256sum
++ awk '{ print $1 }'
++ cut -c1-12
+ datadir=/twcr/worker/../mnt/dataset/data/9d2342b429e2
+ '[' '!' -z /twcr/mnt/results ']'
+ datadir=/twcr/mnt/results
+ touch /twcr/mnt/results/extract-failed
++ base64
++ tr -d =
++ tr /+ _-
++ base64
++ tr -d =
++ tr /+ _-
+ writetaskstat analysis_key github.com/worldcoin/world-id-sign-in/bWFpbgo/Li8K
+ jq -nc --arg key analysis_key --arg value github.com/worldcoin/world-id-sign-in/bWFpbgo/Li8K '{ key: $key, value: $value }'
++ date -u +%Y%m%d%H%M%S
++ sha256sum
++ awk '{ print $1 }'
++ cut -c1-16
++ head -c 32 /dev/urandom
+ writetaskstat analysis_nonce 1bfb2292a038468e
+ jq -nc --arg key analysis_nonce --arg value 1bfb2292a038468e '{ key: $key, value: $value }'
+ writetaskstat input_repo_name github.com/worldcoin/world-id-sign-in
+ jq -nc --arg key input_repo_name --arg value github.com/worldcoin/world-id-sign-in '{ key: $key, value: $value }'
+ writetaskstat input_repo_ref main
+ jq -nc --arg key input_repo_ref --arg value main '{ key: $key, value: $value }'
+ writetaskstat input_repo_path ./
+ jq -nc --arg key input_repo_path --arg value ./ '{ key: $key, value: $value }'
++ date -u +%Y-%m-%dT%H:%M:%SZ
+ writetaskstat timestamp_begin 2024-03-03T00:04:54Z
+ jq -nc --arg key timestamp_begin --arg value 2024-03-03T00:04:54Z '{ key: $key, value: $value }'
+ mkdir -p /tmp/twcr-76881f468dd5
+ pushd /tmp/twcr-76881f468dd5
+ '[' -d .git ']'
/tmp/twcr-76881f468dd5 /twcr
+ git clone --depth=1 -b main https://github.com/worldcoin/world-id-sign-in.git .
Cloning into '.'...
++ date -u +%Y-%m-%dT%H:%M:%SZ
+ writetaskstat timestamp_git_clone_complete 2024-03-03T00:04:55Z
+ jq -nc --arg key timestamp_git_clone_complete --arg value 2024-03-03T00:04:55Z '{ key: $key, value: $value }'
++ git rev-parse HEAD
+ writetaskstat exec_repo_commit_sha bbfc5f8c8fafea385860df7d2b710f80f7201273
+ jq -nc --arg key exec_repo_commit_sha --arg value bbfc5f8c8fafea385860df7d2b710f80f7201273 '{ key: $key, value: $value }'
+++ git show --no-patch --format=%ci
++ date -u --date '2024-02-08 12:21:03 -0600' +%Y-%m-%dT%H:%M:%SZ
+ writetaskstat exec_repo_commit_date 2024-02-08T18:21:03Z
+ jq -nc --arg key exec_repo_commit_date --arg value 2024-02-08T18:21:03Z '{ key: $key, value: $value }'
/tmp/twcr-76881f468dd5 /tmp/twcr-76881f468dd5 /twcr
+ '[' -z ./ ']'
+ pushd ./
+ tailwind_config_file_name=
+ '[' -f tailwind.config.js ']'
+ tailwind_config_file_name=tailwind.config.js
+ writetaskstat exec_tailwind_config_file tailwind.config.js
+ jq -nc --arg key exec_tailwind_config_file --arg value tailwind.config.js '{ key: $key, value: $value }'
+ cp tailwind.config.js /twcr/mnt/results/extract-raw-tailwind-config.js
+ '[' '!' -f package.json ']'
+ cp package.json /twcr/mnt/results/extract-raw-package.json
+ package_manager_name=npm
+ grep -q '"packageManager":[^"]+"pnpm@"' package.json
+ '[' -f pnpm-lock.yaml ']'
+ package_manager_name=pnpm
+ writetaskstat exec_node_package_manager pnpm
+ jq -nc --arg key exec_node_package_manager --arg value pnpm '{ key: $key, value: $value }'
+ attempt_mode=squash
+ true
++ date -u +%Y-%m-%dT%H:%M:%SZ
+ writetaskstat timestamp_attempt_squash_begin 2024-03-03T00:04:55Z
+ jq -nc --arg key timestamp_attempt_squash_begin --arg value 2024-03-03T00:04:55Z '{ key: $key, value: $value }'
+ [[ squash == \s\q\u\a\s\h ]]
+ set +e
+ node /twcr/worker/../worker/squash-package.mjs tailwind.config.js
+ exitcode=0
+ set -e
+ [[ 0 != \0 ]]
+ cat package.json
+ sed 's/^/>>> /'
+ set +e
+ /twcr/worker/../worker/pm-install.sh pnpm /tmp/twcr-76881f468dd5 /twcr/mnt/results
>>> {
>>>   "name": "world-id-sign-in",
>>>   "version": "0.1.0",
>>>   "private": true,
>>>   "engines": {
>>>     "node": ">=18.16.0"
>>>   },
>>>   "dependencies": {},
>>>   "devDependencies": {
>>>     "tailwindcss": "^3.3.2"
>>>   }
>>> }+ package_manager_name=pnpm
+ procdir=/tmp/twcr-76881f468dd5
+ datadir=/twcr/mnt/results
+ case "${package_manager_name}" in
+ '[' '!' -f /tmp/twcr-76881f468dd5/package.json ']'
++ pnpm -v
+ sed -Ei 's/("pnpm": ")(.+)(")/\18.15.4\3/' /tmp/twcr-76881f468dd5/package.json
+ '[' '!' -f package.json ']'
++ pnpm -v
+ sed -Ei 's/("pnpm": ")(.+)(")/\18.15.4\3/' package.json
+ pnpm install
Progress: resolved 0, reused 0, downloaded 1, added 0
Progress: resolved 38, reused 0, downloaded 37, added 0
Progress: resolved 81, reused 0, downloaded 80, added 0
Packages: +82
++++++++++++++++++++++++++++++++++++++++++++++++++++++++++++++++++++++++++++++++
Progress: resolved 83, reused 0, downloaded 82, added 82, done

devDependencies:
+ tailwindcss 3.3.6

Done in 3.3s
+ pnpm ls --json
+ jq -cr '
        .[]
        | [.dependencies, .devDependencies, .optionalDependencies]
        | map(select(.))[]
        | to_entries
        | map({ name: .key, version: .value.version })
        | sort_by(.name)[]
      '
+ exitcode=0
+ set -e
+ [[ 0 != \0 ]]
++ jq -sr 'map(select(.name == "tailwindcss")) | first | .version'
+ tailwind_package_version=3.3.6
+ tailwind_config_exporter=tailwind.config.exporter3.mjs
+ true
+ cp /twcr/worker/../worker/tailwind.config.exporter3.mjs ./
+ set +e
+ node ./tailwind.config.exporter3.mjs tailwind.config.js
+ exitcode=0
+ set -e
+ [[ 0 != \0 ]]
+ break
+ echo 'module.exports={plugins:['
+ jq -rs '
        map(select(.name | startswith("@tailwindcss/")))
        | map("require(" + ( .name | tojson ) + "),")[]
      '
+ echo ']}'
+ cat tailwind.config.js
+ sed 's/^/>>> /'
>>> module.exports={plugins:[
>>> ]}
+ node ./tailwind.config.exporter3.mjs tailwind.config.js
++ date -u +%Y-%m-%dT%H:%M:%SZ
+ writetaskstat timestamp_attempt_squash_end 2024-03-03T00:05:00Z
+ jq -nc --arg key timestamp_attempt_squash_end --arg value 2024-03-03T00:05:00Z '{ key: $key, value: $value }'
+ break
++ date -u +%Y-%m-%dT%H:%M:%SZ
+ writetaskstat timestamp_end 2024-03-03T00:05:00Z
+ jq -nc --arg key timestamp_end --arg value 2024-03-03T00:05:00Z '{ key: $key, value: $value }'
+ rm /twcr/mnt/results/extract-failed
+ touch /twcr/mnt/results/extract-completed
