==== RUN-DOCKER
+++ dirname -- ./worker/run.sh
++ cd -- ./worker
++ pwd
+ twcrdir=/twcr/worker/..
+ repo=github.com/Giuliopime/ZenBreak
+ reporef=main
+ repopath=./zenbreak.app
+ '[' true == true ']'
+ grep -q '^././'
++ echo github.com/Giuliopime/ZenBreak
++ sha256sum
++ awk '{ print $1 }'
++ cut -c1-12
+ procdir=/tmp/twcr-2c47cd4fccab
++ echo 'github.com/Giuliopime/ZenBreak;main;./zenbreak.app'
++ sha256sum
++ awk '{ print $1 }'
++ cut -c1-12
+ datadir=/twcr/worker/../mnt/dataset/data/aa309ff71feb
+ '[' '!' -z /twcr/mnt/results ']'
+ datadir=/twcr/mnt/results
+ touch /twcr/mnt/results/extract-failed
++ base64
++ tr -d =
++ tr /+ _-
++ base64
++ tr -d =
++ tr /+ _-
+ writetaskstat analysis_key github.com/Giuliopime/ZenBreak/bWFpbgo/Li96ZW5icmVhay5hcHAK
+ jq -nc --arg key analysis_key --arg value github.com/Giuliopime/ZenBreak/bWFpbgo/Li96ZW5icmVhay5hcHAK '{ key: $key, value: $value }'
++ date -u +%Y%m%d%H%M%S
++ sha256sum
++ awk '{ print $1 }'
++ cut -c1-16
++ head -c 32 /dev/urandom
+ writetaskstat analysis_nonce d110c0f68274a549
+ jq -nc --arg key analysis_nonce --arg value d110c0f68274a549 '{ key: $key, value: $value }'
+ writetaskstat input_repo_name github.com/Giuliopime/ZenBreak
+ jq -nc --arg key input_repo_name --arg value github.com/Giuliopime/ZenBreak '{ key: $key, value: $value }'
+ writetaskstat input_repo_ref main
+ jq -nc --arg key input_repo_ref --arg value main '{ key: $key, value: $value }'
+ writetaskstat input_repo_path ./zenbreak.app
+ jq -nc --arg key input_repo_path --arg value ./zenbreak.app '{ key: $key, value: $value }'
++ date -u +%Y-%m-%dT%H:%M:%SZ
+ writetaskstat timestamp_begin 2024-03-05T05:01:31Z
+ jq -nc --arg key timestamp_begin --arg value 2024-03-05T05:01:31Z '{ key: $key, value: $value }'
+ mkdir -p /tmp/twcr-2c47cd4fccab
+ pushd /tmp/twcr-2c47cd4fccab
+ '[' -d .git ']'
+ git clone --depth=1 -b main https://github.com/Giuliopime/ZenBreak.git .
/tmp/twcr-2c47cd4fccab /twcr
Cloning into '.'...
++ date -u +%Y-%m-%dT%H:%M:%SZ
+ writetaskstat timestamp_git_clone_complete 2024-03-05T05:01:33Z
+ jq -nc --arg key timestamp_git_clone_complete --arg value 2024-03-05T05:01:33Z '{ key: $key, value: $value }'
++ git rev-parse HEAD
+ writetaskstat exec_repo_commit_sha 21f5cad9d940e69efb9f989ff4ef4e87d6c0ab09
+ jq -nc --arg key exec_repo_commit_sha --arg value 21f5cad9d940e69efb9f989ff4ef4e87d6c0ab09 '{ key: $key, value: $value }'
+++ git show --no-patch --format=%ci
++ date -u --date '2023-12-01 01:36:26 +0100' +%Y-%m-%dT%H:%M:%SZ
+ writetaskstat exec_repo_commit_date 2023-12-01T00:36:26Z
+ jq -nc --arg key exec_repo_commit_date --arg value 2023-12-01T00:36:26Z '{ key: $key, value: $value }'
+ '[' -z ./zenbreak.app ']'
+ pushd ./zenbreak.app
+ tailwind_config_file_name=
+ '[' -f tailwind.config.js ']'
+ tailwind_config_file_name=tailwind.config.js
+ writetaskstat exec_tailwind_config_file tailwind.config.js
+ jq -nc --arg key exec_tailwind_config_file --arg value tailwind.config.js '{ key: $key, value: $value }'
/tmp/twcr-2c47cd4fccab/zenbreak.app /tmp/twcr-2c47cd4fccab /twcr
+ cp tailwind.config.js /twcr/mnt/results/extract-raw-tailwind-config.js
+ '[' '!' -f package.json ']'
+ cp package.json /twcr/mnt/results/extract-raw-package.json
++ /twcr/worker/../worker/pm-detect.sh /tmp/twcr-2c47cd4fccab/zenbreak.app
+ package_manager_name=pnpm
+ '[' -z pnpm ']'
+ '[' -z pnpm ']'
+ writetaskstat exec_node_package_manager pnpm
+ jq -nc --arg key exec_node_package_manager --arg value pnpm '{ key: $key, value: $value }'
+ attempt_mode=squash
+ true
++ date -u +%Y-%m-%dT%H:%M:%SZ
+ writetaskstat timestamp_attempt_squash_begin 2024-03-05T05:01:33Z
+ jq -nc --arg key timestamp_attempt_squash_begin --arg value 2024-03-05T05:01:33Z '{ key: $key, value: $value }'
+ [[ squash == \s\q\u\a\s\h ]]
+ set +e
+ node /twcr/worker/../worker/squash-package.mjs tailwind.config.js
+ exitcode=0
+ set -e
+ [[ 0 != \0 ]]
+ cat package.json
+ sed 's/^/>>> /'
>>> {
>>>   "name": "zenbreak.app",
>>>   "version": "0.0.1",
>>>   "devDependencies": {
>>>     "@tailwindcss/typography": "^0.5.10",
>>>     "tailwindcss": "^3.3.3"
>>>   },
>>>   "type": "module",
>>>   "dependencies": {}
>>> }+ rm -f package-lock.json pnpm-lock.yaml yarn.lock
+ '[' ./zenbreak.app '!=' ./ ']'
+ rm -f /tmp/twcr-2c47cd4fccab/package.json /tmp/twcr-2c47cd4fccab/package-lock.json /tmp/twcr-2c47cd4fccab/pnpm-lock.yaml /tmp/twcr-2c47cd4fccab/yarn.lock
+ set +e
+ /twcr/worker/../worker/pm-install.sh pnpm /tmp/twcr-2c47cd4fccab /twcr/mnt/results
+ package_manager_name=pnpm
+ procdir=/tmp/twcr-2c47cd4fccab
+ datadir=/twcr/mnt/results
+ case "${package_manager_name}" in
+ '[' '!' -f /tmp/twcr-2c47cd4fccab/package.json ']'
+ '[' '!' -f package.json ']'
++ pnpm -v
+ sed -Ei 's/("pnpm": ")(.+)(")/\18.15.4\3/' package.json
+ pnpm install
Progress: resolved 1, reused 0, downloaded 0, added 0
Progress: resolved 28, reused 0, downloaded 18, added 0
Progress: resolved 64, reused 0, downloaded 51, added 0
Progress: resolved 95, reused 0, downloaded 84, added 0
Packages: +110
++++++++++++++++++++++++++++++++++++++++++++++++++++++++++++++++++++++++++++++++
Progress: resolved 111, reused 0, downloaded 110, added 110, done

devDependencies:
+ @tailwindcss/typography 0.5.10
+ tailwindcss 3.4.1

Done in 4.6s
+ pnpm ls --json
+ jq -cr '
        .[]
        | [.dependencies, .devDependencies, .optionalDependencies]
        | map(select(.))[]
        | to_entries
        | map({ name: .key, version: .value.version })
        | sort_by(.name)[]
      '
+ exitcode=0
+ set -e
+ [[ 0 != \0 ]]
++ jq -sr 'map(select(.name == "tailwindcss")) | first | .version'
+ tailwind_package_version=3.4.1
+ tailwind_config_exporter=tailwind.config.exporter2.cjs
+ '[' -f node_modules/tailwindcss/lib/lib/load-config.js ']'
+ tailwind_config_exporter=tailwind.config.exporter3.mjs
+ cp /twcr/worker/../worker/tailwind.config.exporter3.mjs ./
+ set +e
+ node ./tailwind.config.exporter3.mjs tailwind.config.js
+ exitcode=0
+ set -e
+ [[ 0 != \0 ]]
+ echo 'module.exports={plugins:['
+ jq -rs '
        map(select(.name | startswith("@tailwindcss/")))
        | map("require(" + ( .name | tojson ) + "),")[]
      '
+ grep -Ev '"@tailwindcss/postcss7-compat"'
+ echo ']}'
+ cat tailwind.config.js
+ sed 's/^/>>> /'
>>> module.exports={plugins:[
>>> require("@tailwindcss/typography"),
>>> ]}
+ node ./tailwind.config.exporter3.mjs tailwind.config.js
++ date -u +%Y-%m-%dT%H:%M:%SZ
+ writetaskstat timestamp_attempt_squash_end 2024-03-05T05:01:39Z
+ jq -nc --arg key timestamp_attempt_squash_end --arg value 2024-03-05T05:01:39Z '{ key: $key, value: $value }'
+ break
++ date -u +%Y-%m-%dT%H:%M:%SZ
+ writetaskstat timestamp_end 2024-03-05T05:01:39Z
+ jq -nc --arg key timestamp_end --arg value 2024-03-05T05:01:39Z '{ key: $key, value: $value }'
+ rm /twcr/mnt/results/extract-failed
+ touch /twcr/mnt/results/extract-completed
