==== RUN-DOCKER
+++ dirname -- ./worker/run.sh
++ cd -- ./worker
++ pwd
+ twcrdir=/twcr/worker/..
+ repo=github.com/felixicaza/estelibuses
+ reporef=main
+ repopath=./
+ '[' true == true ']'
+ grep -q '^././'
++ echo github.com/felixicaza/estelibuses
++ sha256sum
++ awk '{ print $1 }'
++ cut -c1-12
+ procdir=/tmp/twcr-a09505b0abe2
++ echo 'github.com/felixicaza/estelibuses;main;./'
++ sha256sum
++ awk '{ print $1 }'
++ cut -c1-12
+ datadir=/twcr/worker/../mnt/dataset/data/b666f79d7cee
+ '[' '!' -z /twcr/mnt/results ']'
+ datadir=/twcr/mnt/results
+ touch /twcr/mnt/results/extract-failed
++ base64
++ tr -d =
++ tr /+ _-
++ base64
++ tr -d =
++ tr /+ _-
+ writetaskstat analysis_key github.com/felixicaza/estelibuses/bWFpbgo/Li8K
+ jq -nc --arg key analysis_key --arg value github.com/felixicaza/estelibuses/bWFpbgo/Li8K '{ key: $key, value: $value }'
++ date -u +%Y%m%d%H%M%S
++ sha256sum
++ awk '{ print $1 }'
++ cut -c1-16
++ head -c 32 /dev/urandom
+ writetaskstat analysis_nonce 76e827106378576e
+ jq -nc --arg key analysis_nonce --arg value 76e827106378576e '{ key: $key, value: $value }'
+ writetaskstat input_repo_name github.com/felixicaza/estelibuses
+ jq -nc --arg key input_repo_name --arg value github.com/felixicaza/estelibuses '{ key: $key, value: $value }'
+ writetaskstat input_repo_ref main
+ jq -nc --arg key input_repo_ref --arg value main '{ key: $key, value: $value }'
+ writetaskstat input_repo_path ./
+ jq -nc --arg key input_repo_path --arg value ./ '{ key: $key, value: $value }'
++ date -u +%Y-%m-%dT%H:%M:%SZ
+ writetaskstat timestamp_begin 2024-03-05T13:24:17Z
+ jq -nc --arg key timestamp_begin --arg value 2024-03-05T13:24:17Z '{ key: $key, value: $value }'
+ mkdir -p /tmp/twcr-a09505b0abe2
+ pushd /tmp/twcr-a09505b0abe2
+ '[' -d .git ']'
+ git clone --depth=1 -b main https://github.com/felixicaza/estelibuses.git .
/tmp/twcr-a09505b0abe2 /twcr
Cloning into '.'...
++ date -u +%Y-%m-%dT%H:%M:%SZ
+ writetaskstat timestamp_git_clone_complete 2024-03-05T13:24:19Z
+ jq -nc --arg key timestamp_git_clone_complete --arg value 2024-03-05T13:24:19Z '{ key: $key, value: $value }'
++ git rev-parse HEAD
+ writetaskstat exec_repo_commit_sha 3b6ad73e3c978dc78d80b748941d817c2a8b61b2
+ jq -nc --arg key exec_repo_commit_sha --arg value 3b6ad73e3c978dc78d80b748941d817c2a8b61b2 '{ key: $key, value: $value }'
+++ git show --no-patch --format=%ci
++ date -u --date '2023-10-24 03:57:16 +0000' +%Y-%m-%dT%H:%M:%SZ
+ writetaskstat exec_repo_commit_date 2023-10-24T03:57:16Z
+ jq -nc --arg key exec_repo_commit_date --arg value 2023-10-24T03:57:16Z '{ key: $key, value: $value }'
+ '[' -z ./ ']'
+ pushd ./
+ tailwind_config_file_name=
+ '[' -f tailwind.config.js ']'
+ '[' -f tailwind.config.cjs ']'
+ tailwind_config_file_name=tailwind.config.cjs
/tmp/twcr-a09505b0abe2 /tmp/twcr-a09505b0abe2 /twcr
+ writetaskstat exec_tailwind_config_file tailwind.config.cjs
+ jq -nc --arg key exec_tailwind_config_file --arg value tailwind.config.cjs '{ key: $key, value: $value }'
+ cp tailwind.config.cjs /twcr/mnt/results/extract-raw-tailwind-config.js
+ '[' '!' -f package.json ']'
+ cp package.json /twcr/mnt/results/extract-raw-package.json
++ /twcr/worker/../worker/pm-detect.sh /tmp/twcr-a09505b0abe2
+ package_manager_name=pnpm
+ '[' -z pnpm ']'
+ '[' -z pnpm ']'
+ writetaskstat exec_node_package_manager pnpm
+ jq -nc --arg key exec_node_package_manager --arg value pnpm '{ key: $key, value: $value }'
+ attempt_mode=squash
+ true
++ date -u +%Y-%m-%dT%H:%M:%SZ
+ writetaskstat timestamp_attempt_squash_begin 2024-03-05T13:24:19Z
+ jq -nc --arg key timestamp_attempt_squash_begin --arg value 2024-03-05T13:24:19Z '{ key: $key, value: $value }'
+ [[ squash == \s\q\u\a\s\h ]]
+ set +e
+ node /twcr/worker/../worker/squash-package.mjs tailwind.config.cjs
+ exitcode=0
+ set -e
+ [[ 0 != \0 ]]
+ cat package.json
+ sed 's/^/>>> /'
>>> {
>>>   "name": "estelibuses",
>>>   "version": "0.0.0",
>>>   "private": true,
>>>   "license": "GPL-3.0",
>>>   "author": {
>>>     "name": "Felix Icaza",
>>>     "email": "contacto@felixicaza.com",
>>>     "url": "https://felixicaza.com/"
>>>   },
>>>   "type": "module",
>>>   "lint-staged": {
>>>     "./**/*.{js,mjs,cjs}": [
>>>       "eslint --cache --fix --ext .js,.mjs,.cjs ./",
>>>       "prettier --write \"./**/*.{js,mjs,cjs}\""
>>>     ],
>>>     "./src/**/*.astro": [
>>>       "eslint --cache --ext .astro ./src/ --fix",
>>>       "prettier --write \"./src/**/*.astro\" --plugin-search-dir=."
>>>     ],
>>>     "./src/**/*.{jsx,tsx}": [
>>>       "eslint --cache --ext .jsx,.tsx ./src/ --fix",
>>>       "prettier --write \"./src/**/*.{jsx,tsx}\" --plugin-search-dir=."
>>>     ],
>>>     "./src/styles/*.css": "prettier --write \"./src/styles/*.css\"",
>>>     "./**/*.json": "prettier --write \"./**/*.json\"",
>>>     "./**/*.md": "prettier --write \"./**/*.md\"",
>>>     "./**/*.{yaml,yml}": "prettier --write \"./**/*.{yaml,yml}\""
>>>   },
>>>   "dependencies": {
>>>     "flowbite": "1.8.1"
>>>   },
>>>   "devDependencies": {
>>>     "@astrojs/tailwind": "5.0.0",
>>>     "tailwindcss": "3.3.3"
>>>   },
>>>   "engines": {
>>>     "node": "^18.x",
>>>     "npm": "^8.x"
>>>   }
>>> }+ rm -f package-lock.json pnpm-lock.yaml yarn.lock
+ '[' ./ '!=' ./ ']'
+ set +e
+ /twcr/worker/../worker/pm-install.sh pnpm /tmp/twcr-a09505b0abe2 /twcr/mnt/results
+ package_manager_name=pnpm
+ procdir=/tmp/twcr-a09505b0abe2
+ datadir=/twcr/mnt/results
+ case "${package_manager_name}" in
+ '[' '!' -f /tmp/twcr-a09505b0abe2/package.json ']'
++ pnpm -v
+ sed -Ei 's/("pnpm": ")(.+)(")/\18.15.4\3/' /tmp/twcr-a09505b0abe2/package.json
+ '[' '!' -f package.json ']'
++ pnpm -v
+ sed -Ei 's/("pnpm": ")(.+)(")/\18.15.4\3/' package.json
+ pnpm install
 WARN  Unsupported engine: wanted: {"node":"^18.x"} (current: {"node":"v21.6.2","pnpm":"8.15.4"})
Progress: resolved 1, reused 0, downloaded 0, added 0
Progress: resolved 29, reused 0, downloaded 18, added 0
Progress: resolved 65, reused 0, downloaded 51, added 0
Progress: resolved 97, reused 0, downloaded 85, added 0
Progress: resolved 120, reused 0, downloaded 118, added 0
Progress: resolved 146, reused 0, downloaded 134, added 0
Progress: resolved 175, reused 0, downloaded 167, added 0
Progress: resolved 211, reused 0, downloaded 193, added 0
Progress: resolved 254, reused 0, downloaded 218, added 0
Progress: resolved 288, reused 0, downloaded 249, added 0
Progress: resolved 326, reused 0, downloaded 284, added 0
Progress: resolved 365, reused 0, downloaded 322, added 0
Progress: resolved 427, reused 0, downloaded 360, added 0
Progress: resolved 462, reused 0, downloaded 396, added 0
Progress: resolved 514, reused 0, downloaded 435, added 0
Packages: +484
++++++++++++++++++++++++++++++++++++++++++++++++++++++++++++++++++++++++++++++++
Progress: resolved 528, reused 0, downloaded 479, added 0
Progress: resolved 528, reused 0, downloaded 484, added 484, done
.../esbuild@0.19.12/node_modules/esbuild postinstall$ node install.js
.../esbuild@0.18.20/node_modules/esbuild postinstall$ node install.js
.../esbuild@0.19.12/node_modules/esbuild postinstall: Done
.../esbuild@0.18.20/node_modules/esbuild postinstall: Done
.../sharp@0.32.6/node_modules/sharp install$ (node install/libvips && node install/dll-copy && prebuild-install) || (node install/can-compile && node-gyp rebuild && node install/dll-copy)
.../sharp@0.32.6/node_modules/sharp install: sharp: Downloading https://github.com/lovell/sharp-libvips/releases/download/v8.14.5/libvips-8.14.5-linux-x64.tar.br
.../sharp@0.32.6/node_modules/sharp install: sharp: Via proxy http://172.18.0.2:3128 with credentials
.../sharp@0.32.6/node_modules/sharp install: sharp: Integrity check passed for linux-x64
.../sharp@0.32.6/node_modules/sharp install: Done

dependencies:
+ flowbite 1.8.1 (2.3.0 is available)

devDependencies:
+ @astrojs/tailwind 5.0.0 (5.1.0 is available)
+ tailwindcss 3.3.3 (3.4.1 is available)

Done in 20.1s
+ pnpm ls --json
+ jq -cr '
        .[]
        | [.dependencies, .devDependencies, .optionalDependencies]
        | map(select(.))[]
        | to_entries
        | map({ name: .key, version: .value.version })
        | sort_by(.name)[]
      '
+ exitcode=0
+ set -e
+ [[ 0 != \0 ]]
++ jq -sr 'map(select(.name == "tailwindcss")) | first | .version'
+ tailwind_package_version=3.3.3
+ tailwind_config_exporter=tailwind.config.exporter2.cjs
+ '[' -f node_modules/tailwindcss/lib/lib/load-config.js ']'
+ tailwind_config_exporter=tailwind.config.exporter3.mjs
+ cp /twcr/worker/../worker/tailwind.config.exporter3.mjs ./
+ set +e
+ node ./tailwind.config.exporter3.mjs tailwind.config.cjs
+ exitcode=0
+ set -e
+ [[ 0 != \0 ]]
+ echo 'module.exports={plugins:['
+ jq -rs '
        map(select(.name | startswith("@tailwindcss/")))
        | map("require(" + ( .name | tojson ) + "),")[]
      '
+ grep -Ev '"@tailwindcss/postcss7-compat"'
+ true
+ echo ']}'
+ cat tailwind.config.cjs
+ sed 's/^/>>> /'
>>> module.exports={plugins:[
>>> ]}
+ node ./tailwind.config.exporter3.mjs tailwind.config.cjs
++ date -u +%Y-%m-%dT%H:%M:%SZ
+ writetaskstat timestamp_attempt_squash_end 2024-03-05T13:24:41Z
+ jq -nc --arg key timestamp_attempt_squash_end --arg value 2024-03-05T13:24:41Z '{ key: $key, value: $value }'
+ break
++ date -u +%Y-%m-%dT%H:%M:%SZ
+ writetaskstat timestamp_end 2024-03-05T13:24:41Z
+ jq -nc --arg key timestamp_end --arg value 2024-03-05T13:24:41Z '{ key: $key, value: $value }'
+ rm /twcr/mnt/results/extract-failed
+ touch /twcr/mnt/results/extract-completed
