==== RUN-DOCKER
+++ dirname -- ./worker/run.sh
++ cd -- ./worker
++ pwd
+ twcrdir=/twcr/worker/..
+ repo=github.com/osmkerala/osmkerala.github.io
+ reporef=main
+ repopath=./
+ '[' true == true ']'
+ grep -q '^././'
++ echo github.com/osmkerala/osmkerala.github.io
++ sha256sum
++ awk '{ print $1 }'
++ cut -c1-12
+ procdir=/tmp/twcr-2b136b336d55
++ echo 'github.com/osmkerala/osmkerala.github.io;main;./'
++ sha256sum
++ awk '{ print $1 }'
++ cut -c1-12
+ datadir=/twcr/worker/../mnt/dataset/data/ef8e7df5a3fb
+ '[' '!' -z /twcr/mnt/results ']'
+ datadir=/twcr/mnt/results
+ touch /twcr/mnt/results/extract-failed
++ base64
++ tr -d =
++ tr /+ _-
++ base64
++ tr -d =
++ tr /+ _-
+ writetaskstat analysis_key github.com/osmkerala/osmkerala.github.io/bWFpbgo/Li8K
+ jq -nc --arg key analysis_key --arg value github.com/osmkerala/osmkerala.github.io/bWFpbgo/Li8K '{ key: $key, value: $value }'
++ date -u +%Y%m%d%H%M%S
++ sha256sum
++ awk '{ print $1 }'
++ cut -c1-16
++ head -c 32 /dev/urandom
+ writetaskstat analysis_nonce 1cc30aaacb128669
+ jq -nc --arg key analysis_nonce --arg value 1cc30aaacb128669 '{ key: $key, value: $value }'
+ writetaskstat input_repo_name github.com/osmkerala/osmkerala.github.io
+ jq -nc --arg key input_repo_name --arg value github.com/osmkerala/osmkerala.github.io '{ key: $key, value: $value }'
+ writetaskstat input_repo_ref main
+ jq -nc --arg key input_repo_ref --arg value main '{ key: $key, value: $value }'
+ writetaskstat input_repo_path ./
+ jq -nc --arg key input_repo_path --arg value ./ '{ key: $key, value: $value }'
++ date -u +%Y-%m-%dT%H:%M:%SZ
+ writetaskstat timestamp_begin 2024-03-04T12:05:34Z
+ jq -nc --arg key timestamp_begin --arg value 2024-03-04T12:05:34Z '{ key: $key, value: $value }'
+ mkdir -p /tmp/twcr-2b136b336d55
/tmp/twcr-2b136b336d55 /twcr
+ pushd /tmp/twcr-2b136b336d55
+ '[' -d .git ']'
+ git clone --depth=1 -b main https://github.com/osmkerala/osmkerala.github.io.git .
Cloning into '.'...
++ date -u +%Y-%m-%dT%H:%M:%SZ
+ writetaskstat timestamp_git_clone_complete 2024-03-04T12:05:35Z
+ jq -nc --arg key timestamp_git_clone_complete --arg value 2024-03-04T12:05:35Z '{ key: $key, value: $value }'
++ git rev-parse HEAD
+ writetaskstat exec_repo_commit_sha 14eb6d5953e5c0dcc7392a15bb7053aa8c8d516a
+ jq -nc --arg key exec_repo_commit_sha --arg value 14eb6d5953e5c0dcc7392a15bb7053aa8c8d516a '{ key: $key, value: $value }'
+++ git show --no-patch --format=%ci
++ date -u --date '2023-11-15 00:21:16 +0530' +%Y-%m-%dT%H:%M:%SZ
+ writetaskstat exec_repo_commit_date 2023-11-14T18:51:16Z
+ jq -nc --arg key exec_repo_commit_date --arg value 2023-11-14T18:51:16Z '{ key: $key, value: $value }'
/tmp/twcr-2b136b336d55 /tmp/twcr-2b136b336d55 /twcr
+ '[' -z ./ ']'
+ pushd ./
+ tailwind_config_file_name=
+ '[' -f tailwind.config.js ']'
+ '[' -f tailwind.config.cjs ']'
+ tailwind_config_file_name=tailwind.config.cjs
+ writetaskstat exec_tailwind_config_file tailwind.config.cjs
+ jq -nc --arg key exec_tailwind_config_file --arg value tailwind.config.cjs '{ key: $key, value: $value }'
+ cp tailwind.config.cjs /twcr/mnt/results/extract-raw-tailwind-config.js
+ '[' '!' -f package.json ']'
+ cp package.json /twcr/mnt/results/extract-raw-package.json
++ /twcr/worker/../worker/pm-detect.sh /tmp/twcr-2b136b336d55
+ package_manager_name=pnpm
+ '[' -z pnpm ']'
+ '[' -z pnpm ']'
+ writetaskstat exec_node_package_manager pnpm
+ jq -nc --arg key exec_node_package_manager --arg value pnpm '{ key: $key, value: $value }'
+ attempt_mode=squash
+ true
++ date -u +%Y-%m-%dT%H:%M:%SZ
+ writetaskstat timestamp_attempt_squash_begin 2024-03-04T12:05:35Z
+ jq -nc --arg key timestamp_attempt_squash_begin --arg value 2024-03-04T12:05:35Z '{ key: $key, value: $value }'
+ [[ squash == \s\q\u\a\s\h ]]
+ set +e
+ node /twcr/worker/../worker/squash-package.mjs tailwind.config.cjs
+ exitcode=0
+ set -e
+ [[ 0 != \0 ]]
+ cat package.json
+ sed 's/^/>>> /'
>>> {
>>>   "name": "osmkerala",
>>>   "type": "module",
>>>   "version": "0.0.1",
>>>   "dependencies": {
>>>     "@astrojs/tailwind": "^5.0.2",
>>>     "tailwindcss": "^3.3.5"
>>>   },
>>>   "devDependencies": {
>>>     "@tailwindcss/typography": "^0.5.10"
>>>   }
>>> }+ rm -f package-lock.json pnpm-lock.yaml yarn.lock
+ '[' ./ '!=' ./ ']'
+ set +e
+ /twcr/worker/../worker/pm-install.sh pnpm /tmp/twcr-2b136b336d55 /twcr/mnt/results
+ package_manager_name=pnpm
+ procdir=/tmp/twcr-2b136b336d55
+ datadir=/twcr/mnt/results
+ case "${package_manager_name}" in
+ '[' '!' -f /tmp/twcr-2b136b336d55/package.json ']'
++ pnpm -v
+ sed -Ei 's/("pnpm": ")(.+)(")/\18.15.4\3/' /tmp/twcr-2b136b336d55/package.json
+ '[' '!' -f package.json ']'
++ pnpm -v
+ sed -Ei 's/("pnpm": ")(.+)(")/\18.15.4\3/' package.json
+ pnpm install
Progress: resolved 1, reused 0, downloaded 0, added 0
Progress: resolved 29, reused 0, downloaded 22, added 0
Progress: resolved 63, reused 0, downloaded 50, added 0
Progress: resolved 99, reused 0, downloaded 88, added 0
Progress: resolved 121, reused 0, downloaded 119, added 0
Progress: resolved 152, reused 0, downloaded 141, added 0
Progress: resolved 181, reused 0, downloaded 178, added 0
Progress: resolved 223, reused 0, downloaded 212, added 0
Progress: resolved 264, reused 0, downloaded 227, added 0
Progress: resolved 304, reused 0, downloaded 267, added 0
Progress: resolved 344, reused 0, downloaded 302, added 0
Progress: resolved 384, reused 0, downloaded 334, added 0
Progress: resolved 421, reused 0, downloaded 365, added 0
Progress: resolved 462, reused 0, downloaded 401, added 0
Progress: resolved 494, reused 0, downloaded 449, added 0
Packages: +461
++++++++++++++++++++++++++++++++++++++++++++++++++++++++++++++++++++++++++++++++
Progress: resolved 495, reused 0, downloaded 461, added 461, done
.../esbuild@0.19.12/node_modules/esbuild postinstall$ node install.js
.../esbuild@0.19.12/node_modules/esbuild postinstall: Done
.../sharp@0.32.6/node_modules/sharp install$ (node install/libvips && node install/dll-copy && prebuild-install) || (node install/can-compile && node-gyp rebuild && node install/dll-copy)
.../sharp@0.32.6/node_modules/sharp install: sharp: Downloading https://github.com/lovell/sharp-libvips/releases/download/v8.14.5/libvips-8.14.5-linux-x64.tar.br
.../sharp@0.32.6/node_modules/sharp install: sharp: Via proxy http://172.18.0.2:3128 with credentials
.../sharp@0.32.6/node_modules/sharp install: sharp: Integrity check passed for linux-x64
.../sharp@0.32.6/node_modules/sharp install: Done

dependencies:
+ @astrojs/tailwind 5.1.0
+ tailwindcss 3.4.1

devDependencies:
+ @tailwindcss/typography 0.5.10

Done in 18.4s
+ pnpm ls --json
+ jq -cr '
        .[]
        | [.dependencies, .devDependencies, .optionalDependencies]
        | map(select(.))[]
        | to_entries
        | map({ name: .key, version: .value.version })
        | sort_by(.name)[]
      '
+ exitcode=0
+ set -e
+ [[ 0 != \0 ]]
++ jq -sr 'map(select(.name == "tailwindcss")) | first | .version'
+ tailwind_package_version=3.4.1
+ tailwind_config_exporter=tailwind.config.exporter2.cjs
+ '[' -f node_modules/tailwindcss/lib/lib/load-config.js ']'
+ tailwind_config_exporter=tailwind.config.exporter3.mjs
+ cp /twcr/worker/../worker/tailwind.config.exporter3.mjs ./
+ set +e
+ node ./tailwind.config.exporter3.mjs tailwind.config.cjs
+ exitcode=0
+ set -e
+ [[ 0 != \0 ]]
+ echo 'module.exports={plugins:['
+ jq -rs '
        map(select(.name | startswith("@tailwindcss/")))
        | map("require(" + ( .name | tojson ) + "),")[]
      '
+ grep -Ev '"@tailwindcss/postcss7-compat"'
+ echo ']}'
+ cat tailwind.config.cjs
+ sed 's/^/>>> /'
>>> module.exports={plugins:[
>>> require("@tailwindcss/typography"),
>>> ]}
+ node ./tailwind.config.exporter3.mjs tailwind.config.cjs
++ date -u +%Y-%m-%dT%H:%M:%SZ
+ writetaskstat timestamp_attempt_squash_end 2024-03-04T12:05:55Z
+ jq -nc --arg key timestamp_attempt_squash_end --arg value 2024-03-04T12:05:55Z '{ key: $key, value: $value }'
+ break
++ date -u +%Y-%m-%dT%H:%M:%SZ
+ writetaskstat timestamp_end 2024-03-04T12:05:55Z
+ jq -nc --arg key timestamp_end --arg value 2024-03-04T12:05:55Z '{ key: $key, value: $value }'
+ rm /twcr/mnt/results/extract-failed
+ touch /twcr/mnt/results/extract-completed
