==== RUN-DOCKER
+++ dirname -- ./worker/run.sh
++ cd -- ./worker
++ pwd
+ twcrdir=/twcr/worker/..
+ repo=github.com/remnoteio/remnote-official-plugins
+ reporef=main
+ repopath=./hide-in-queue
+ '[' true == true ']'
+ grep -q '^././'
++ echo github.com/remnoteio/remnote-official-plugins
++ sha256sum
++ awk '{ print $1 }'
++ cut -c1-12
+ procdir=/tmp/twcr-2051d6940e1f
++ echo 'github.com/remnoteio/remnote-official-plugins;main;./hide-in-queue'
++ sha256sum
++ awk '{ print $1 }'
++ cut -c1-12
+ datadir=/twcr/worker/../mnt/dataset/data/716cb9d31743
+ '[' '!' -z /twcr/mnt/results ']'
+ datadir=/twcr/mnt/results
+ touch /twcr/mnt/results/extract-failed
++ base64
++ tr -d =
++ tr /+ _-
++ base64
++ tr -d =
++ tr /+ _-
+ writetaskstat analysis_key github.com/remnoteio/remnote-official-plugins/bWFpbgo/Li9oaWRlLWluLXF1ZXVlCg
+ jq -nc --arg key analysis_key --arg value github.com/remnoteio/remnote-official-plugins/bWFpbgo/Li9oaWRlLWluLXF1ZXVlCg '{ key: $key, value: $value }'
++ date -u +%Y%m%d%H%M%S
++ sha256sum
++ awk '{ print $1 }'
++ cut -c1-16
++ head -c 32 /dev/urandom
+ writetaskstat analysis_nonce 99801d479e710ea9
+ jq -nc --arg key analysis_nonce --arg value 99801d479e710ea9 '{ key: $key, value: $value }'
+ writetaskstat input_repo_name github.com/remnoteio/remnote-official-plugins
+ jq -nc --arg key input_repo_name --arg value github.com/remnoteio/remnote-official-plugins '{ key: $key, value: $value }'
+ writetaskstat input_repo_ref main
+ jq -nc --arg key input_repo_ref --arg value main '{ key: $key, value: $value }'
+ writetaskstat input_repo_path ./hide-in-queue
+ jq -nc --arg key input_repo_path --arg value ./hide-in-queue '{ key: $key, value: $value }'
++ date -u +%Y-%m-%dT%H:%M:%SZ
+ writetaskstat timestamp_begin 2024-03-05T08:27:39Z
+ jq -nc --arg key timestamp_begin --arg value 2024-03-05T08:27:39Z '{ key: $key, value: $value }'
+ mkdir -p /tmp/twcr-2051d6940e1f
+ pushd /tmp/twcr-2051d6940e1f
+ '[' -d .git ']'
+ git clone --depth=1 -b main https://github.com/remnoteio/remnote-official-plugins.git .
/tmp/twcr-2051d6940e1f /twcr
Cloning into '.'...
++ date -u +%Y-%m-%dT%H:%M:%SZ
+ writetaskstat timestamp_git_clone_complete 2024-03-05T08:27:40Z
+ jq -nc --arg key timestamp_git_clone_complete --arg value 2024-03-05T08:27:40Z '{ key: $key, value: $value }'
++ git rev-parse HEAD
+ writetaskstat exec_repo_commit_sha b1b4d00736022697359ab3453c566e3988a998f1
+ jq -nc --arg key exec_repo_commit_sha --arg value b1b4d00736022697359ab3453c566e3988a998f1 '{ key: $key, value: $value }'
+++ git show --no-patch --format=%ci
++ date -u --date '2023-12-28 10:09:37 +0000' +%Y-%m-%dT%H:%M:%SZ
+ writetaskstat exec_repo_commit_date 2023-12-28T10:09:37Z
+ jq -nc --arg key exec_repo_commit_date --arg value 2023-12-28T10:09:37Z '{ key: $key, value: $value }'
+ '[' -z ./hide-in-queue ']'
+ pushd ./hide-in-queue
+ tailwind_config_file_name=
+ '[' -f tailwind.config.js ']'
+ tailwind_config_file_name=tailwind.config.js
+ writetaskstat exec_tailwind_config_file tailwind.config.js
+ jq -nc --arg key exec_tailwind_config_file --arg value tailwind.config.js '{ key: $key, value: $value }'
/tmp/twcr-2051d6940e1f/hide-in-queue /tmp/twcr-2051d6940e1f /twcr
+ cp tailwind.config.js /twcr/mnt/results/extract-raw-tailwind-config.js
+ '[' '!' -f package.json ']'
+ cp package.json /twcr/mnt/results/extract-raw-package.json
++ /twcr/worker/../worker/pm-detect.sh /tmp/twcr-2051d6940e1f/hide-in-queue
+ package_manager_name=
+ '[' -z '' ']'
+ '[' ./hide-in-queue '!=' ./ ']'
++ /twcr/worker/../worker/pm-detect.sh /tmp/twcr-2051d6940e1f
grep: /tmp/twcr-2051d6940e1f/package.json: No such file or directory
grep: /tmp/twcr-2051d6940e1f/package.json: No such file or directory
grep: /tmp/twcr-2051d6940e1f/package.json: No such file or directory
/twcr/worker/../worker/pm-detect.sh: line 17: /tmp/twcr-2051d6940e1f/package.json: No such file or directory
+ package_manager_name=
+ '[' -z '' ']'
+ package_manager_name=npm
+ writetaskstat exec_node_package_manager npm
+ jq -nc --arg key exec_node_package_manager --arg value npm '{ key: $key, value: $value }'
+ attempt_mode=squash
+ true
++ date -u +%Y-%m-%dT%H:%M:%SZ
+ writetaskstat timestamp_attempt_squash_begin 2024-03-05T08:27:40Z
+ jq -nc --arg key timestamp_attempt_squash_begin --arg value 2024-03-05T08:27:40Z '{ key: $key, value: $value }'
+ [[ squash == \s\q\u\a\s\h ]]
+ set +e
+ node /twcr/worker/../worker/squash-package.mjs tailwind.config.js
+ exitcode=0
+ set -e
+ [[ 0 != \0 ]]
+ cat package.json
+ sed 's/^/>>> /'
+ rm -f package-lock.json pnpm-lock.yaml yarn.lock
>>> {
>>>   "private": true,
>>>   "version": "1.0.0",
>>>   "license": "MIT",
>>>   "nodemonConfig": {
>>>     "ignore": [
>>>       "dist/*"
>>>     ]
>>>   },
>>>   "dependencies": {},
>>>   "devDependencies": {
>>>     "tailwindcss": "^3.0.23"
>>>   }
>>> }+ '[' ./hide-in-queue '!=' ./ ']'
+ rm -f /tmp/twcr-2051d6940e1f/package.json /tmp/twcr-2051d6940e1f/package-lock.json /tmp/twcr-2051d6940e1f/pnpm-lock.yaml /tmp/twcr-2051d6940e1f/yarn.lock
+ set +e
+ /twcr/worker/../worker/pm-install.sh npm /tmp/twcr-2051d6940e1f /twcr/mnt/results
+ package_manager_name=npm
+ procdir=/tmp/twcr-2051d6940e1f
+ datadir=/twcr/mnt/results
+ case "${package_manager_name}" in
++ '[' -f package-lock.json ']'
++ echo install
+ npm install --ignore-engines

added 112 packages, and audited 113 packages in 4s

28 packages are looking for funding
  run `npm fund` for details

found 0 vulnerabilities
npm notice 
npm notice New minor version of npm available! 10.2.4 -> 10.5.0
npm notice Changelog: <https://github.com/npm/cli/releases/tag/v10.5.0>
npm notice Run `npm install -g npm@10.5.0` to update!
npm notice 
+ npm query '*'
+ jq -cr '
        map({ name: .name, version: .version })
        | map(select(.name))
        | sort_by(.name)[]
      '
+ exitcode=0
+ set -e
+ [[ 0 != \0 ]]
++ jq -sr 'map(select(.name == "tailwindcss")) | first | .version'
+ tailwind_package_version=3.4.1
+ tailwind_config_exporter=tailwind.config.exporter2.cjs
+ '[' -f node_modules/tailwindcss/lib/lib/load-config.js ']'
+ tailwind_config_exporter=tailwind.config.exporter3.mjs
+ cp /twcr/worker/../worker/tailwind.config.exporter3.mjs ./
+ set +e
+ node ./tailwind.config.exporter3.mjs tailwind.config.js
+ exitcode=0
+ set -e
+ [[ 0 != \0 ]]
+ echo 'module.exports={plugins:['
+ jq -rs '
        map(select(.name | startswith("@tailwindcss/")))
        | map("require(" + ( .name | tojson ) + "),")[]
      '
+ grep -Ev '"@tailwindcss/postcss7-compat"'
+ true
+ echo ']}'
+ cat tailwind.config.js
+ sed 's/^/>>> /'
>>> module.exports={plugins:[
>>> ]}
+ node ./tailwind.config.exporter3.mjs tailwind.config.js
++ date -u +%Y-%m-%dT%H:%M:%SZ
+ writetaskstat timestamp_attempt_squash_end 2024-03-05T08:27:45Z
+ jq -nc --arg key timestamp_attempt_squash_end --arg value 2024-03-05T08:27:45Z '{ key: $key, value: $value }'
+ break
++ date -u +%Y-%m-%dT%H:%M:%SZ
+ writetaskstat timestamp_end 2024-03-05T08:27:45Z
+ jq -nc --arg key timestamp_end --arg value 2024-03-05T08:27:45Z '{ key: $key, value: $value }'
+ rm /twcr/mnt/results/extract-failed
+ touch /twcr/mnt/results/extract-completed
