==== RUN-DOCKER
+++ dirname -- ./worker/run.sh
++ cd -- ./worker
++ pwd
+ twcrdir=/twcr/worker/..
+ repo=github.com/weaviate/Verba
+ reporef=main
+ repopath=./frontend
+ '[' true == true ']'
+ grep -q '^././'
++ echo github.com/weaviate/Verba
++ sha256sum
++ awk '{ print $1 }'
++ cut -c1-12
+ procdir=/tmp/twcr-9230c559e2fb
++ echo 'github.com/weaviate/Verba;main;./frontend'
++ sha256sum
++ awk '{ print $1 }'
++ cut -c1-12
+ datadir=/twcr/worker/../mnt/dataset/data/b0d69670ae17
+ '[' '!' -z /twcr/mnt/results ']'
+ datadir=/twcr/mnt/results
+ touch /twcr/mnt/results/extract-failed
++ base64
++ tr -d =
++ tr /+ _-
++ base64
++ tr -d =
++ tr /+ _-
+ writetaskstat analysis_key github.com/weaviate/Verba/bWFpbgo/Li9mcm9udGVuZAo
+ jq -nc --arg key analysis_key --arg value github.com/weaviate/Verba/bWFpbgo/Li9mcm9udGVuZAo '{ key: $key, value: $value }'
++ date -u +%Y%m%d%H%M%S
++ sha256sum
++ awk '{ print $1 }'
++ cut -c1-16
++ head -c 32 /dev/urandom
+ writetaskstat analysis_nonce fd60641499047a0e
+ jq -nc --arg key analysis_nonce --arg value fd60641499047a0e '{ key: $key, value: $value }'
+ writetaskstat input_repo_name github.com/weaviate/Verba
+ jq -nc --arg key input_repo_name --arg value github.com/weaviate/Verba '{ key: $key, value: $value }'
+ writetaskstat input_repo_ref main
+ jq -nc --arg key input_repo_ref --arg value main '{ key: $key, value: $value }'
+ writetaskstat input_repo_path ./frontend
+ jq -nc --arg key input_repo_path --arg value ./frontend '{ key: $key, value: $value }'
++ date -u +%Y-%m-%dT%H:%M:%SZ
+ writetaskstat timestamp_begin 2024-03-04T22:45:09Z
+ jq -nc --arg key timestamp_begin --arg value 2024-03-04T22:45:09Z '{ key: $key, value: $value }'
+ mkdir -p /tmp/twcr-9230c559e2fb
+ pushd /tmp/twcr-9230c559e2fb
+ '[' -d .git ']'
+ git clone --depth=1 -b main https://github.com/weaviate/Verba.git .
/tmp/twcr-9230c559e2fb /twcr
Cloning into '.'...
++ date -u +%Y-%m-%dT%H:%M:%SZ
+ writetaskstat timestamp_git_clone_complete 2024-03-04T22:45:12Z
+ jq -nc --arg key timestamp_git_clone_complete --arg value 2024-03-04T22:45:12Z '{ key: $key, value: $value }'
++ git rev-parse HEAD
+ writetaskstat exec_repo_commit_sha 1c9d4b49385315883ba0027ac1772a8b448f6204
+ jq -nc --arg key exec_repo_commit_sha --arg value 1c9d4b49385315883ba0027ac1772a8b448f6204 '{ key: $key, value: $value }'
+++ git show --no-patch --format=%ci
++ date -u --date '2024-01-02 16:28:02 +0100' +%Y-%m-%dT%H:%M:%SZ
+ writetaskstat exec_repo_commit_date 2024-01-02T15:28:02Z
+ jq -nc --arg key exec_repo_commit_date --arg value 2024-01-02T15:28:02Z '{ key: $key, value: $value }'
+ '[' -z ./frontend ']'
+ pushd ./frontend
+ tailwind_config_file_name=
+ '[' -f tailwind.config.js ']'
+ '[' -f tailwind.config.cjs ']'
+ '[' -f tailwind.config.mjs ']'
+ '[' -f tailwind.config.ts ']'
+ tailwind_config_file_name=tailwind.config.ts
/tmp/twcr-9230c559e2fb/frontend /tmp/twcr-9230c559e2fb /twcr
+ writetaskstat exec_tailwind_config_file tailwind.config.ts
+ jq -nc --arg key exec_tailwind_config_file --arg value tailwind.config.ts '{ key: $key, value: $value }'
+ cp tailwind.config.ts /twcr/mnt/results/extract-raw-tailwind-config.js
+ '[' '!' -f package.json ']'
+ cp package.json /twcr/mnt/results/extract-raw-package.json
++ /twcr/worker/../worker/pm-detect.sh /tmp/twcr-9230c559e2fb/frontend
+ package_manager_name=
+ '[' -z '' ']'
+ '[' ./frontend '!=' ./ ']'
++ /twcr/worker/../worker/pm-detect.sh /tmp/twcr-9230c559e2fb
grep: /tmp/twcr-9230c559e2fb/package.json: No such file or directory
grep: /tmp/twcr-9230c559e2fb/package.json: No such file or directory
grep: /tmp/twcr-9230c559e2fb/package.json: No such file or directory
/twcr/worker/../worker/pm-detect.sh: line 17: /tmp/twcr-9230c559e2fb/package.json: No such file or directory
+ package_manager_name=
+ '[' -z '' ']'
+ package_manager_name=npm
+ writetaskstat exec_node_package_manager npm
+ jq -nc --arg key exec_node_package_manager --arg value npm '{ key: $key, value: $value }'
+ attempt_mode=squash
+ true
++ date -u +%Y-%m-%dT%H:%M:%SZ
+ writetaskstat timestamp_attempt_squash_begin 2024-03-04T22:45:12Z
+ jq -nc --arg key timestamp_attempt_squash_begin --arg value 2024-03-04T22:45:12Z '{ key: $key, value: $value }'
+ [[ squash == \s\q\u\a\s\h ]]
+ set +e
+ node /twcr/worker/../worker/squash-package.mjs tailwind.config.ts
+ exitcode=0
+ set -e
+ [[ 0 != \0 ]]
+ cat package.json
+ sed 's/^/>>> /'
+ rm -f package-lock.json pnpm-lock.yaml yarn.lock
>>> {
>>>   "name": "verba",
>>>   "version": "0.3.1",
>>>   "private": true,
>>>   "dependencies": {
>>>     "tailwindcss": "3.3.3"
>>>   },
>>>   "devDependencies": {}
>>> }+ '[' ./frontend '!=' ./ ']'
+ rm -f /tmp/twcr-9230c559e2fb/package.json /tmp/twcr-9230c559e2fb/package-lock.json /tmp/twcr-9230c559e2fb/pnpm-lock.yaml /tmp/twcr-9230c559e2fb/yarn.lock
+ set +e
+ /twcr/worker/../worker/pm-install.sh npm /tmp/twcr-9230c559e2fb /twcr/mnt/results
+ package_manager_name=npm
+ procdir=/tmp/twcr-9230c559e2fb
+ datadir=/twcr/mnt/results
+ case "${package_manager_name}" in
++ '[' -f package-lock.json ']'
++ echo install
+ npm install --ignore-engines

added 112 packages, and audited 113 packages in 8s

28 packages are looking for funding
  run `npm fund` for details

found 0 vulnerabilities
npm notice 
npm notice New minor version of npm available! 10.2.4 -> 10.5.0
npm notice Changelog: <https://github.com/npm/cli/releases/tag/v10.5.0>
npm notice Run `npm install -g npm@10.5.0` to update!
npm notice 
+ npm query '*'
+ jq -cr '
        map({ name: .name, version: .version })
        | map(select(.name))
        | sort_by(.name)[]
      '
+ exitcode=0
+ set -e
+ [[ 0 != \0 ]]
++ jq -sr 'map(select(.name == "tailwindcss")) | first | .version'
+ tailwind_package_version=3.3.3
+ tailwind_config_exporter=tailwind.config.exporter2.cjs
+ '[' -f node_modules/tailwindcss/lib/lib/load-config.js ']'
+ tailwind_config_exporter=tailwind.config.exporter3.mjs
+ cp /twcr/worker/../worker/tailwind.config.exporter3.mjs ./
+ set +e
+ node ./tailwind.config.exporter3.mjs tailwind.config.ts

warn - The `purge`/`content` options have changed in Tailwind CSS v3.0.
warn - Update your configuration file to eliminate this warning.
warn - https://tailwindcss.com/docs/upgrade-guide#configure-content-sources
+ exitcode=0
+ set -e
+ [[ 0 != \0 ]]
+ echo 'module.exports={plugins:['
+ jq -rs '
        map(select(.name | startswith("@tailwindcss/")))
        | map("require(" + ( .name | tojson ) + "),")[]
      '
+ grep -Ev '"@tailwindcss/postcss7-compat"'
+ true
+ echo ']}'
+ cat tailwind.config.ts
+ sed 's/^/>>> /'
>>> module.exports={plugins:[
>>> ]}
+ node ./tailwind.config.exporter3.mjs tailwind.config.ts
++ date -u +%Y-%m-%dT%H:%M:%SZ
+ writetaskstat timestamp_attempt_squash_end 2024-03-04T22:45:22Z
+ jq -nc --arg key timestamp_attempt_squash_end --arg value 2024-03-04T22:45:22Z '{ key: $key, value: $value }'
+ break
++ date -u +%Y-%m-%dT%H:%M:%SZ
+ writetaskstat timestamp_end 2024-03-04T22:45:22Z
+ jq -nc --arg key timestamp_end --arg value 2024-03-04T22:45:22Z '{ key: $key, value: $value }'
+ rm /twcr/mnt/results/extract-failed
+ touch /twcr/mnt/results/extract-completed
