==== RUN-DOCKER
+++ dirname -- ./worker/run.sh
++ cd -- ./worker
++ pwd
+ twcrdir=/twcr/worker/..
+ repo=github.com/JSLancerTeam/saasgear
+ reporef=master
+ repopath=./app
+ '[' true == true ']'
+ grep -q '^././'
++ echo github.com/JSLancerTeam/saasgear
++ sha256sum
++ awk '{ print $1 }'
++ cut -c1-12
+ procdir=/tmp/twcr-ecaa54b972f1
++ echo 'github.com/JSLancerTeam/saasgear;master;./app'
++ sha256sum
++ awk '{ print $1 }'
++ cut -c1-12
+ datadir=/twcr/worker/../mnt/dataset/data/042bdeadd94c
+ '[' '!' -z /twcr/mnt/results ']'
+ datadir=/twcr/mnt/results
+ touch /twcr/mnt/results/extract-failed
++ base64
++ tr -d =
++ tr /+ _-
++ base64
++ tr -d =
++ tr /+ _-
+ writetaskstat analysis_key github.com/JSLancerTeam/saasgear/bWFzdGVyCg/Li9hcHAK
+ jq -nc --arg key analysis_key --arg value github.com/JSLancerTeam/saasgear/bWFzdGVyCg/Li9hcHAK '{ key: $key, value: $value }'
++ date -u +%Y%m%d%H%M%S
++ sha256sum
++ awk '{ print $1 }'
++ cut -c1-16
++ head -c 32 /dev/urandom
+ writetaskstat analysis_nonce 6df41c79020cd322
+ jq -nc --arg key analysis_nonce --arg value 6df41c79020cd322 '{ key: $key, value: $value }'
+ writetaskstat input_repo_name github.com/JSLancerTeam/saasgear
+ jq -nc --arg key input_repo_name --arg value github.com/JSLancerTeam/saasgear '{ key: $key, value: $value }'
+ writetaskstat input_repo_ref master
+ jq -nc --arg key input_repo_ref --arg value master '{ key: $key, value: $value }'
+ writetaskstat input_repo_path ./app
+ jq -nc --arg key input_repo_path --arg value ./app '{ key: $key, value: $value }'
++ date -u +%Y-%m-%dT%H:%M:%SZ
+ writetaskstat timestamp_begin 2024-03-04T05:51:12Z
+ jq -nc --arg key timestamp_begin --arg value 2024-03-04T05:51:12Z '{ key: $key, value: $value }'
+ mkdir -p /tmp/twcr-ecaa54b972f1
+ pushd /tmp/twcr-ecaa54b972f1
+ '[' -d .git ']'
+ git clone --depth=1 -b master https://github.com/JSLancerTeam/saasgear.git .
/tmp/twcr-ecaa54b972f1 /twcr
Cloning into '.'...
++ date -u +%Y-%m-%dT%H:%M:%SZ
+ writetaskstat timestamp_git_clone_complete 2024-03-04T05:51:13Z
+ jq -nc --arg key timestamp_git_clone_complete --arg value 2024-03-04T05:51:13Z '{ key: $key, value: $value }'
++ git rev-parse HEAD
+ writetaskstat exec_repo_commit_sha 3c82d1040aa57536171d2ea478a93f3f38283fd0
+ jq -nc --arg key exec_repo_commit_sha --arg value 3c82d1040aa57536171d2ea478a93f3f38283fd0 '{ key: $key, value: $value }'
+++ git show --no-patch --format=%ci
++ date -u --date '2023-02-23 07:37:54 +0700' +%Y-%m-%dT%H:%M:%SZ
+ writetaskstat exec_repo_commit_date 2023-02-23T00:37:54Z
+ jq -nc --arg key exec_repo_commit_date --arg value 2023-02-23T00:37:54Z '{ key: $key, value: $value }'
/tmp/twcr-ecaa54b972f1/app /tmp/twcr-ecaa54b972f1 /twcr
+ '[' -z ./app ']'
+ pushd ./app
+ tailwind_config_file_name=
+ '[' -f tailwind.config.js ']'
+ tailwind_config_file_name=tailwind.config.js
+ writetaskstat exec_tailwind_config_file tailwind.config.js
+ jq -nc --arg key exec_tailwind_config_file --arg value tailwind.config.js '{ key: $key, value: $value }'
+ cp tailwind.config.js /twcr/mnt/results/extract-raw-tailwind-config.js
+ '[' '!' -f package.json ']'
+ cp package.json /twcr/mnt/results/extract-raw-package.json
++ /twcr/worker/../worker/pm-detect.sh /tmp/twcr-ecaa54b972f1/app
+ package_manager_name=yarn
+ '[' -z yarn ']'
+ '[' -z yarn ']'
+ writetaskstat exec_node_package_manager yarn
+ jq -nc --arg key exec_node_package_manager --arg value yarn '{ key: $key, value: $value }'
+ attempt_mode=squash
+ true
++ date -u +%Y-%m-%dT%H:%M:%SZ
+ writetaskstat timestamp_attempt_squash_begin 2024-03-04T05:51:13Z
+ jq -nc --arg key timestamp_attempt_squash_begin --arg value 2024-03-04T05:51:13Z '{ key: $key, value: $value }'
+ [[ squash == \s\q\u\a\s\h ]]
+ set +e
+ node /twcr/worker/../worker/squash-package.mjs tailwind.config.js
+ exitcode=0
+ set -e
+ [[ 0 != \0 ]]
+ cat package.json
+ sed 's/^/>>> /'
>>> {
>>>   "name": "app",
>>>   "version": "0.1.0",
>>>   "private": true,
>>>   "dependencies": {},
>>>   "eslintConfig": {
>>>     "extends": [
>>>       "react-app"
>>>     ]
>>>   },
>>>   "browserslist": {
>>>     "production": [
>>>       ">0.2%",
>>>       "not dead",
>>>       "not op_mini all"
>>>     ],
>>>     "development": [
>>>       "last 1 chrome version",
>>>       "last 1 firefox version",
>>>       "last 1 safari version"
>>>     ]
>>>   },
>>>   "lint-staged": {
>>>     "*.js": [
>>>       "npm run lint:fix",
>>>       "git add --force"
>>>     ],
>>>     "*.json": [
>>>       "prettier --write",
>>>       "git add --force"
>>>     ]
>>>   },
>>>   "husky": {
>>>     "hooks": {
>>>       "pre-commit": "lint-staged && npm run lint"
>>>     }
>>>   },
>>>   "resolutions": {
>>>     "@types/react": "17.0.20",
>>>     "@types/react-dom": "17.0.9",
>>>     "graphql": "^15.4.0"
>>>   },
>>>   "devDependencies": {
>>>     "tailwindcss": "^3.2.4"
>>>   }
>>> }+ rm -f package-lock.json pnpm-lock.yaml yarn.lock
+ '[' ./app '!=' ./ ']'
+ rm -f /tmp/twcr-ecaa54b972f1/package.json /tmp/twcr-ecaa54b972f1/package-lock.json /tmp/twcr-ecaa54b972f1/pnpm-lock.yaml /tmp/twcr-ecaa54b972f1/yarn.lock
+ set +e
+ /twcr/worker/../worker/pm-install.sh yarn /tmp/twcr-ecaa54b972f1 /twcr/mnt/results
+ package_manager_name=yarn
+ procdir=/tmp/twcr-ecaa54b972f1
+ datadir=/twcr/mnt/results
+ case "${package_manager_name}" in
+ '[' -z http://tid_d7da9292786e:ok@172.18.0.2:3128 ']'
+ yarn config set httpProxy http://tid_d7da9292786e:ok@172.18.0.2:3128
yarn config v1.22.19
success Set "httpProxy" to "http://tid_d7da9292786e:ok@172.18.0.2:3128".
Done in 0.04s.
+ '[' -z http://tid_d7da9292786e:ok@172.18.0.2:3128 ']'
+ yarn config set httpsProxy http://tid_d7da9292786e:ok@172.18.0.2:3128
yarn config v1.22.19
success Set "httpsProxy" to "http://tid_d7da9292786e:ok@172.18.0.2:3128".
Done in 0.04s.
+ yarn install
yarn install v1.22.19
info No lockfile found.
[1/4] Resolving packages...
(node:132) [DEP0040] DeprecationWarning: The `punycode` module is deprecated. Please use a userland alternative instead.
(Use `node --trace-deprecation ...` to show where the warning was created)
[2/4] Fetching packages...
[3/4] Linking dependencies...
[4/4] Building fresh packages...
success Saved lockfile.
Done in 7.24s.
+ yarn list --depth=0 --json --non-interactive --no-progress
+ jq -cr '
        [.. | .name?]
        | map(select(.))
        | map(capture("^(?<name>@?[^@]+)@(?<version>.+)$"))
        | sort_by(.name)[]'
+ exitcode=0
+ set -e
+ [[ 0 != \0 ]]
++ jq -sr 'map(select(.name == "tailwindcss")) | first | .version'
+ tailwind_package_version=3.4.1
+ tailwind_config_exporter=tailwind.config.exporter2.cjs
+ '[' -f node_modules/tailwindcss/lib/lib/load-config.js ']'
+ tailwind_config_exporter=tailwind.config.exporter3.mjs
+ cp /twcr/worker/../worker/tailwind.config.exporter3.mjs ./
+ set +e
+ node ./tailwind.config.exporter3.mjs tailwind.config.js
+ exitcode=0
+ set -e
+ [[ 0 != \0 ]]
+ echo 'module.exports={plugins:['
+ jq -rs '
        map(select(.name | startswith("@tailwindcss/")))
        | map("require(" + ( .name | tojson ) + "),")[]
      '
+ grep -Ev '"@tailwindcss/postcss7-compat"'
+ true
+ echo ']}'
+ cat tailwind.config.js
+ sed 's/^/>>> /'
>>> module.exports={plugins:[
>>> ]}
+ node ./tailwind.config.exporter3.mjs tailwind.config.js
++ date -u +%Y-%m-%dT%H:%M:%SZ
+ writetaskstat timestamp_attempt_squash_end 2024-03-04T05:51:22Z
+ jq -nc --arg key timestamp_attempt_squash_end --arg value 2024-03-04T05:51:22Z '{ key: $key, value: $value }'
+ break
++ date -u +%Y-%m-%dT%H:%M:%SZ
+ writetaskstat timestamp_end 2024-03-04T05:51:22Z
+ jq -nc --arg key timestamp_end --arg value 2024-03-04T05:51:22Z '{ key: $key, value: $value }'
+ rm /twcr/mnt/results/extract-failed
+ touch /twcr/mnt/results/extract-completed
