==== RUN-DOCKER
+++ dirname -- ./worker/run.sh
++ cd -- ./worker
++ pwd
+ twcrdir=/twcr/worker/..
+ repo=github.com/animotionjs/animotion
+ reporef=main
+ repopath=./packages/animotion
+ '[' true == true ']'
+ grep -q '^././'
++ echo github.com/animotionjs/animotion
++ sha256sum
++ awk '{ print $1 }'
++ cut -c1-12
+ procdir=/tmp/twcr-85d163a2a450
++ echo 'github.com/animotionjs/animotion;main;./packages/animotion'
++ sha256sum
++ awk '{ print $1 }'
++ cut -c1-12
+ datadir=/twcr/worker/../mnt/dataset/data/4c3a6bae402c
+ '[' '!' -z /twcr/mnt/results ']'
+ datadir=/twcr/mnt/results
+ touch /twcr/mnt/results/extract-failed
++ base64
++ tr -d =
++ tr /+ _-
++ base64
++ tr -d =
++ tr /+ _-
+ writetaskstat analysis_key github.com/animotionjs/animotion/bWFpbgo/Li9wYWNrYWdlcy9hbmltb3Rpb24K
+ jq -nc --arg key analysis_key --arg value github.com/animotionjs/animotion/bWFpbgo/Li9wYWNrYWdlcy9hbmltb3Rpb24K '{ key: $key, value: $value }'
++ date -u +%Y%m%d%H%M%S
++ sha256sum
++ awk '{ print $1 }'
++ cut -c1-16
++ head -c 32 /dev/urandom
+ writetaskstat analysis_nonce c9105fb47be556b5
+ jq -nc --arg key analysis_nonce --arg value c9105fb47be556b5 '{ key: $key, value: $value }'
+ writetaskstat input_repo_name github.com/animotionjs/animotion
+ jq -nc --arg key input_repo_name --arg value github.com/animotionjs/animotion '{ key: $key, value: $value }'
+ writetaskstat input_repo_ref main
+ jq -nc --arg key input_repo_ref --arg value main '{ key: $key, value: $value }'
+ writetaskstat input_repo_path ./packages/animotion
+ jq -nc --arg key input_repo_path --arg value ./packages/animotion '{ key: $key, value: $value }'
++ date -u +%Y-%m-%dT%H:%M:%SZ
+ writetaskstat timestamp_begin 2024-03-04T03:23:27Z
+ jq -nc --arg key timestamp_begin --arg value 2024-03-04T03:23:27Z '{ key: $key, value: $value }'
+ mkdir -p /tmp/twcr-85d163a2a450
/tmp/twcr-85d163a2a450 /twcr
+ pushd /tmp/twcr-85d163a2a450
+ '[' -d .git ']'
+ git clone --depth=1 -b main https://github.com/animotionjs/animotion.git .
Cloning into '.'...
++ date -u +%Y-%m-%dT%H:%M:%SZ
+ writetaskstat timestamp_git_clone_complete 2024-03-04T03:23:28Z
+ jq -nc --arg key timestamp_git_clone_complete --arg value 2024-03-04T03:23:28Z '{ key: $key, value: $value }'
++ git rev-parse HEAD
+ writetaskstat exec_repo_commit_sha e9c993a9f3fe15e5f48199d4597e825d8df4c628
+ jq -nc --arg key exec_repo_commit_sha --arg value e9c993a9f3fe15e5f48199d4597e825d8df4c628 '{ key: $key, value: $value }'
+++ git show --no-patch --format=%ci
++ date -u --date '2024-02-26 11:30:33 +0100' +%Y-%m-%dT%H:%M:%SZ
+ writetaskstat exec_repo_commit_date 2024-02-26T10:30:33Z
+ jq -nc --arg key exec_repo_commit_date --arg value 2024-02-26T10:30:33Z '{ key: $key, value: $value }'
/tmp/twcr-85d163a2a450/packages/animotion /tmp/twcr-85d163a2a450 /twcr
+ '[' -z ./packages/animotion ']'
+ pushd ./packages/animotion
+ tailwind_config_file_name=
+ '[' -f tailwind.config.js ']'
+ tailwind_config_file_name=tailwind.config.js
+ writetaskstat exec_tailwind_config_file tailwind.config.js
+ jq -nc --arg key exec_tailwind_config_file --arg value tailwind.config.js '{ key: $key, value: $value }'
+ cp tailwind.config.js /twcr/mnt/results/extract-raw-tailwind-config.js
+ '[' '!' -f package.json ']'
+ cp package.json /twcr/mnt/results/extract-raw-package.json
++ /twcr/worker/../worker/pm-detect.sh /tmp/twcr-85d163a2a450/packages/animotion
+ package_manager_name=pnpm
+ '[' -z pnpm ']'
+ '[' -z pnpm ']'
+ writetaskstat exec_node_package_manager pnpm
+ jq -nc --arg key exec_node_package_manager --arg value pnpm '{ key: $key, value: $value }'
+ attempt_mode=squash
+ true
++ date -u +%Y-%m-%dT%H:%M:%SZ
+ writetaskstat timestamp_attempt_squash_begin 2024-03-04T03:23:28Z
+ jq -nc --arg key timestamp_attempt_squash_begin --arg value 2024-03-04T03:23:28Z '{ key: $key, value: $value }'
+ [[ squash == \s\q\u\a\s\h ]]
+ set +e
+ node /twcr/worker/../worker/squash-package.mjs tailwind.config.js
+ exitcode=0
+ set -e
+ [[ 0 != \0 ]]
+ cat package.json
+ sed 's/^/>>> /'
>>> {
>>>   "name": "animotion",
>>>   "private": true,
>>>   "version": "1.0.0",
>>>   "type": "module",
>>>   "devDependencies": {
>>>     "tailwindcss": "^3.4.1"
>>>   },
>>>   "dependencies": {}
>>> }+ rm -f package-lock.json pnpm-lock.yaml yarn.lock
+ '[' ./packages/animotion '!=' ./ ']'
+ rm -f /tmp/twcr-85d163a2a450/package.json /tmp/twcr-85d163a2a450/package-lock.json /tmp/twcr-85d163a2a450/pnpm-lock.yaml /tmp/twcr-85d163a2a450/yarn.lock
+ set +e
+ /twcr/worker/../worker/pm-install.sh pnpm /tmp/twcr-85d163a2a450 /twcr/mnt/results
+ package_manager_name=pnpm
+ procdir=/tmp/twcr-85d163a2a450
+ datadir=/twcr/mnt/results
+ case "${package_manager_name}" in
+ '[' '!' -f /tmp/twcr-85d163a2a450/package.json ']'
+ '[' '!' -f package.json ']'
++ pnpm -v
+ sed -Ei 's/("pnpm": ")(.+)(")/\18.15.4\3/' package.json
+ pnpm install
Scope: all 3 workspace projects
../..                                    | Progress: resolved 1, reused 0, downloaded 0, added 0
../..                                    | Progress: resolved 17, reused 0, downloaded 10, added 0
../..                                    | Progress: resolved 26, reused 0, downloaded 20, added 0
../..                                    | Progress: resolved 45, reused 0, downloaded 35, added 0
../..                                    | Progress: resolved 70, reused 0, downloaded 57, added 0
../..                                    | Progress: resolved 83, reused 0, downloaded 73, added 0
../..                                    | Progress: resolved 103, reused 0, downloaded 90, added 0
../..                                    | Progress: resolved 118, reused 0, downloaded 108, added 0
../..                                    | Progress: resolved 136, reused 0, downloaded 122, added 0
../..                                    | Progress: resolved 147, reused 0, downloaded 127, added 0
../..                                    | Progress: resolved 165, reused 0, downloaded 149, added 0
../..                                    | Progress: resolved 183, reused 0, downloaded 165, added 0
../..                                    | Progress: resolved 208, reused 0, downloaded 184, added 0
../..                                    | Progress: resolved 231, reused 0, downloaded 210, added 0
../..                                    | Progress: resolved 240, reused 0, downloaded 215, added 0
../..                                    | Progress: resolved 260, reused 0, downloaded 234, added 0
../..                                    | Progress: resolved 281, reused 0, downloaded 256, added 0
../..                                    | Progress: resolved 310, reused 0, downloaded 271, added 0
../..                                    | Progress: resolved 336, reused 0, downloaded 271, added 0
../..                                    | Progress: resolved 354, reused 0, downloaded 291, added 0
../..                                    | Progress: resolved 378, reused 0, downloaded 314, added 0
../..                                    | +363 ++++++++++++++++++++++++++++++++
../..                                    | Progress: resolved 397, reused 0, downloaded 337, added 0
../..                                    | Progress: resolved 397, reused 0, downloaded 363, added 363, done
.../node_modules/svelte-preprocess postinstall$ echo "[svelte-preprocess] Don't forget to install the preprocessors packages that will be used: sass, stylus, less, postcss & postcss-load-config, coffeescript, pug, etc..."
.../node_modules/svelte-preprocess postinstall: [svelte-preprocess] Don't forget to install the preprocessors packages that will be used: sass, stylus, less, postcss & postcss-load-config, coffeescript, pug, etc...
.../node_modules/svelte-preprocess postinstall: Done
.../esbuild@0.19.12/node_modules/esbuild postinstall$ node install.js
.../esbuild@0.19.12/node_modules/esbuild postinstall: Done
.../node_modules/@sveltejs/kit postinstall$ node postinstall.js
.../node_modules/@sveltejs/kit postinstall: Done

devDependencies:
+ tailwindcss 3.4.1

Done in 26.7s
+ pnpm ls --json
+ jq -cr '
        .[]
        | [.dependencies, .devDependencies, .optionalDependencies]
        | map(select(.))[]
        | to_entries
        | map({ name: .key, version: .value.version })
        | sort_by(.name)[]
      '
+ exitcode=0
+ set -e
+ [[ 0 != \0 ]]
++ jq -sr 'map(select(.name == "tailwindcss")) | first | .version'
+ tailwind_package_version=3.4.1
+ tailwind_config_exporter=tailwind.config.exporter2.cjs
+ '[' -f node_modules/tailwindcss/lib/lib/load-config.js ']'
+ tailwind_config_exporter=tailwind.config.exporter3.mjs
+ cp /twcr/worker/../worker/tailwind.config.exporter3.mjs ./
+ set +e
+ node ./tailwind.config.exporter3.mjs tailwind.config.js
+ exitcode=0
+ set -e
+ [[ 0 != \0 ]]
+ echo 'module.exports={plugins:['
+ jq -rs '
        map(select(.name | startswith("@tailwindcss/")))
        | map("require(" + ( .name | tojson ) + "),")[]
      '
+ grep -Ev '"@tailwindcss/postcss7-compat"'
+ true
+ echo ']}'
+ cat tailwind.config.js
+ sed 's/^/>>> /'
>>> module.exports={plugins:[
>>> ]}
+ node ./tailwind.config.exporter3.mjs tailwind.config.js
++ date -u +%Y-%m-%dT%H:%M:%SZ
+ writetaskstat timestamp_attempt_squash_end 2024-03-04T03:23:58Z
+ jq -nc --arg key timestamp_attempt_squash_end --arg value 2024-03-04T03:23:58Z '{ key: $key, value: $value }'
+ break
++ date -u +%Y-%m-%dT%H:%M:%SZ
+ writetaskstat timestamp_end 2024-03-04T03:23:58Z
+ jq -nc --arg key timestamp_end --arg value 2024-03-04T03:23:58Z '{ key: $key, value: $value }'
+ rm /twcr/mnt/results/extract-failed
+ touch /twcr/mnt/results/extract-completed
