==== RUN-DOCKER
+++ dirname -- ./worker/run.sh
++ cd -- ./worker
++ pwd
+ twcrdir=/twcr/worker/..
+ repo=github.com/nachoaldamav/ultra
+ reporef=main
+ repopath=./apps/landing
+ '[' true == true ']'
+ grep -q '^././'
++ echo github.com/nachoaldamav/ultra
++ sha256sum
++ awk '{ print $1 }'
++ cut -c1-12
+ procdir=/tmp/twcr-baf712e9aa0a
++ echo 'github.com/nachoaldamav/ultra;main;./apps/landing'
++ sha256sum
++ awk '{ print $1 }'
++ cut -c1-12
+ datadir=/twcr/worker/../mnt/dataset/data/2352d4d8f6cc
+ '[' '!' -z /twcr/mnt/results ']'
+ datadir=/twcr/mnt/results
+ touch /twcr/mnt/results/extract-failed
++ base64
++ tr -d =
++ tr /+ _-
++ base64
++ tr -d =
++ tr /+ _-
+ writetaskstat analysis_key github.com/nachoaldamav/ultra/bWFpbgo/Li9hcHBzL2xhbmRpbmcK
+ jq -nc --arg key analysis_key --arg value github.com/nachoaldamav/ultra/bWFpbgo/Li9hcHBzL2xhbmRpbmcK '{ key: $key, value: $value }'
++ date -u +%Y%m%d%H%M%S
++ sha256sum
++ awk '{ print $1 }'
++ cut -c1-16
++ head -c 32 /dev/urandom
+ writetaskstat analysis_nonce 8c722bfcef84f902
+ jq -nc --arg key analysis_nonce --arg value 8c722bfcef84f902 '{ key: $key, value: $value }'
+ writetaskstat input_repo_name github.com/nachoaldamav/ultra
+ jq -nc --arg key input_repo_name --arg value github.com/nachoaldamav/ultra '{ key: $key, value: $value }'
+ writetaskstat input_repo_ref main
+ jq -nc --arg key input_repo_ref --arg value main '{ key: $key, value: $value }'
+ writetaskstat input_repo_path ./apps/landing
+ jq -nc --arg key input_repo_path --arg value ./apps/landing '{ key: $key, value: $value }'
++ date -u +%Y-%m-%dT%H:%M:%SZ
+ writetaskstat timestamp_begin 2024-03-04T04:55:01Z
+ jq -nc --arg key timestamp_begin --arg value 2024-03-04T04:55:01Z '{ key: $key, value: $value }'
+ mkdir -p /tmp/twcr-baf712e9aa0a
/tmp/twcr-baf712e9aa0a /twcr
+ pushd /tmp/twcr-baf712e9aa0a
+ '[' -d .git ']'
+ git clone --depth=1 -b main https://github.com/nachoaldamav/ultra.git .
Cloning into '.'...
++ date -u +%Y-%m-%dT%H:%M:%SZ
+ writetaskstat timestamp_git_clone_complete 2024-03-04T04:55:02Z
+ jq -nc --arg key timestamp_git_clone_complete --arg value 2024-03-04T04:55:02Z '{ key: $key, value: $value }'
++ git rev-parse HEAD
+ writetaskstat exec_repo_commit_sha 8fde3a373071060457589d11c5faaffa1475cdf8
+ jq -nc --arg key exec_repo_commit_sha --arg value 8fde3a373071060457589d11c5faaffa1475cdf8 '{ key: $key, value: $value }'
+++ git show --no-patch --format=%ci
++ date -u --date '2023-01-09 21:08:39 +0100' +%Y-%m-%dT%H:%M:%SZ
+ writetaskstat exec_repo_commit_date 2023-01-09T20:08:39Z
+ jq -nc --arg key exec_repo_commit_date --arg value 2023-01-09T20:08:39Z '{ key: $key, value: $value }'
/tmp/twcr-baf712e9aa0a/apps/landing /tmp/twcr-baf712e9aa0a /twcr
+ '[' -z ./apps/landing ']'
+ pushd ./apps/landing
+ tailwind_config_file_name=
+ '[' -f tailwind.config.js ']'
+ tailwind_config_file_name=tailwind.config.js
+ writetaskstat exec_tailwind_config_file tailwind.config.js
+ jq -nc --arg key exec_tailwind_config_file --arg value tailwind.config.js '{ key: $key, value: $value }'
+ cp tailwind.config.js /twcr/mnt/results/extract-raw-tailwind-config.js
+ '[' '!' -f package.json ']'
+ cp package.json /twcr/mnt/results/extract-raw-package.json
++ /twcr/worker/../worker/pm-detect.sh /tmp/twcr-baf712e9aa0a/apps/landing
+ package_manager_name=
+ '[' -z '' ']'
+ '[' ./apps/landing '!=' ./ ']'
++ /twcr/worker/../worker/pm-detect.sh /tmp/twcr-baf712e9aa0a
+ package_manager_name=pnpm
+ '[' -z pnpm ']'
+ writetaskstat exec_node_package_manager pnpm
+ jq -nc --arg key exec_node_package_manager --arg value pnpm '{ key: $key, value: $value }'
+ attempt_mode=squash
+ true
++ date -u +%Y-%m-%dT%H:%M:%SZ
+ writetaskstat timestamp_attempt_squash_begin 2024-03-04T04:55:02Z
+ jq -nc --arg key timestamp_attempt_squash_begin --arg value 2024-03-04T04:55:02Z '{ key: $key, value: $value }'
+ [[ squash == \s\q\u\a\s\h ]]
+ set +e
+ node /twcr/worker/../worker/squash-package.mjs tailwind.config.js
+ exitcode=0
+ set -e
+ [[ 0 != \0 ]]
+ cat package.json
+ sed 's/^/>>> /'
+ rm -f package-lock.json pnpm-lock.yaml yarn.lock
>>> {
>>>   "private": true,
>>>   "sideEffects": false,
>>>   "name": "ultra-landing",
>>>   "repository": {
>>>     "type": "git",
>>>     "url": "https://github.com/nachoaldamav/ultra",
>>>     "directory": "apps/landing"
>>>   },
>>>   "dependencies": {},
>>>   "devDependencies": {
>>>     "@tailwindcss/typography": "^0.5.7",
>>>     "tailwindcss": "3.1.8"
>>>   },
>>>   "engines": {
>>>     "node": ">=16"
>>>   }
>>> }+ '[' ./apps/landing '!=' ./ ']'
+ rm -f /tmp/twcr-baf712e9aa0a/package.json /tmp/twcr-baf712e9aa0a/package-lock.json /tmp/twcr-baf712e9aa0a/pnpm-lock.yaml /tmp/twcr-baf712e9aa0a/yarn.lock
+ set +e
+ /twcr/worker/../worker/pm-install.sh pnpm /tmp/twcr-baf712e9aa0a /twcr/mnt/results
+ package_manager_name=pnpm
+ procdir=/tmp/twcr-baf712e9aa0a
+ datadir=/twcr/mnt/results
+ case "${package_manager_name}" in
+ '[' '!' -f /tmp/twcr-baf712e9aa0a/package.json ']'
+ '[' '!' -f package.json ']'
++ pnpm -v
+ sed -Ei 's/("pnpm": ")(.+)(")/\18.15.4\3/' package.json
+ pnpm install
Scope: all 21 workspace projects
../..                                    | Progress: resolved 1, reused 0, downloaded 0, added 0
../..                                    | Progress: resolved 31, reused 0, downloaded 22, added 0
../..                                    | Progress: resolved 50, reused 0, downloaded 46, added 0
../..                                    | Progress: resolved 65, reused 0, downloaded 50, added 0
../..                                    | Progress: resolved 88, reused 0, downloaded 77, added 0
../..                                    | Progress: resolved 126, reused 0, downloaded 97, added 0
../..                                    | Progress: resolved 150, reused 0, downloaded 124, added 0
../..                                    | Progress: resolved 176, reused 0, downloaded 151, added 0
../..                                    | Progress: resolved 209, reused 0, downloaded 180, added 0
../..                                    | Progress: resolved 237, reused 0, downloaded 207, added 0
../..                                    | Progress: resolved 274, reused 0, downloaded 244, added 0
../..                                    | Progress: resolved 309, reused 0, downloaded 272, added 0
../..                                    | Progress: resolved 333, reused 0, downloaded 298, added 0
../..                                    | Progress: resolved 368, reused 0, downloaded 320, added 0
../..                                    | Progress: resolved 401, reused 0, downloaded 357, added 0
../..                                    | Progress: resolved 425, reused 0, downloaded 386, added 0
../..                                    | Progress: resolved 474, reused 0, downloaded 406, added 0
../..                                    | Progress: resolved 524, reused 0, downloaded 435, added 0
../..                                    | Progress: resolved 555, reused 0, downloaded 464, added 0
../..                                    | Progress: resolved 588, reused 0, downloaded 498, added 0
../..                                    | Progress: resolved 616, reused 0, downloaded 522, added 0
../..                                    | Progress: resolved 652, reused 0, downloaded 555, added 0
../..                                    | Progress: resolved 688, reused 0, downloaded 590, added 0
../..                                    | Progress: resolved 724, reused 0, downloaded 624, added 0
../..                                    | Progress: resolved 760, reused 0, downloaded 658, added 0
../..                                    | Progress: resolved 798, reused 0, downloaded 690, added 0
/tmp/twcr-baf712e9aa0a/packages/bun:
 ERR_PNPM_FETCH_403  GET http://github.com/component/emitter/archive/1.0.1.tar.gz: Forbidden - 403

This error happened while installing the dependencies of dns@0.2.2
 at tomahawk@0.1.6
 at socket.io@1.0.6
 at socket.io-parser@2.2.0

No authorization header was set for the request.

No authorization settings were found in the configs.
Try to log in to the registry by running "pnpm login"
or add the auth tokens manually to the ~/.npmrc file.
+ exitcode=1
+ set -e
+ [[ 1 != \0 ]]
+ [[ squash == \s\q\u\a\s\h ]]
+ echo '[worker] WARN: package manager failed; retrying with full install'
[worker] WARN: package manager failed; retrying with full install
+ attempt_mode=full
+ continue
+ true
++ date -u +%Y-%m-%dT%H:%M:%SZ
+ writetaskstat timestamp_attempt_full_begin 2024-03-04T04:55:29Z
+ jq -nc --arg key timestamp_attempt_full_begin --arg value 2024-03-04T04:55:29Z '{ key: $key, value: $value }'
+ [[ full == \s\q\u\a\s\h ]]
+ git clean -fdx
+ git reset --hard
HEAD is now at 8fde3a3 chore 🔧: bump version to v0.8.11
+ set +e
+ /twcr/worker/../worker/pm-install.sh pnpm /tmp/twcr-baf712e9aa0a /twcr/mnt/results
+ package_manager_name=pnpm
+ procdir=/tmp/twcr-baf712e9aa0a
+ datadir=/twcr/mnt/results
+ case "${package_manager_name}" in
+ '[' '!' -f /tmp/twcr-baf712e9aa0a/package.json ']'
++ pnpm -v
+ sed -Ei 's/("pnpm": ")(.+)(")/\18.15.4\3/' /tmp/twcr-baf712e9aa0a/package.json
+ '[' '!' -f package.json ']'
++ pnpm -v
+ sed -Ei 's/("pnpm": ")(.+)(")/\18.15.4\3/' package.json
+ pnpm install
Scope: all 22 workspace projects
../..                                    | Progress: resolved 0, reused 1, downloaded 0, added 0
../..                                    | Progress: resolved 67, reused 43, downloaded 24, added 0
../..                                    | Progress: resolved 81, reused 43, downloaded 38, added 0
../..                                    | Progress: resolved 86, reused 47, downloaded 39, added 0
../..                                    | Progress: resolved 378, reused 293, downloaded 70, added 0
../..                                    | Progress: resolved 441, reused 302, downloaded 124, added 0
../..                                    | Progress: resolved 500, reused 315, downloaded 170, added 0
../..                                    | Progress: resolved 629, reused 394, downloaded 220, added 0
../..                                    | Progress: resolved 691, reused 417, downloaded 261, added 0
../..                                    | Progress: resolved 760, reused 438, downloaded 309, added 0
../..                                    | Progress: resolved 823, reused 448, downloaded 362, added 0
/tmp/twcr-baf712e9aa0a/packages/bun:
 ERR_PNPM_FETCH_403  GET http://github.com/component/emitter/archive/1.0.1.tar.gz: Forbidden - 403

This error happened while installing the dependencies of dns@0.2.2
 at tomahawk@0.1.6
 at socket.io@1.0.6
 at socket.io-parser@2.2.0

No authorization header was set for the request.

No authorization settings were found in the configs.
Try to log in to the registry by running "pnpm login"
or add the auth tokens manually to the ~/.npmrc file.
+ exitcode=1
+ set -e
+ [[ 1 != \0 ]]
+ [[ full == \s\q\u\a\s\h ]]
+ exit 1
