==== RUN-DOCKER
+++ dirname -- ./worker/run.sh
++ cd -- ./worker
++ pwd
+ twcrdir=/twcr/worker/..
+ repo=github.com/noahgsolomon/Codefoli
+ reporef=master
+ repopath=./themes/paper
+ '[' true == true ']'
+ grep -q '^././'
++ echo github.com/noahgsolomon/Codefoli
++ sha256sum
++ awk '{ print $1 }'
++ cut -c1-12
+ procdir=/tmp/twcr-06cfef015c3a
++ echo 'github.com/noahgsolomon/Codefoli;master;./themes/paper'
++ sha256sum
++ awk '{ print $1 }'
++ cut -c1-12
+ datadir=/twcr/worker/../mnt/dataset/data/83cc4309c5c7
+ '[' '!' -z /twcr/mnt/results ']'
+ datadir=/twcr/mnt/results
+ touch /twcr/mnt/results/extract-failed
++ base64
++ tr -d =
++ tr /+ _-
++ base64
++ tr -d =
++ tr /+ _-
+ writetaskstat analysis_key github.com/noahgsolomon/Codefoli/bWFzdGVyCg/Li90aGVtZXMvcGFwZXIK
+ jq -nc --arg key analysis_key --arg value github.com/noahgsolomon/Codefoli/bWFzdGVyCg/Li90aGVtZXMvcGFwZXIK '{ key: $key, value: $value }'
++ date -u +%Y%m%d%H%M%S
++ sha256sum
++ awk '{ print $1 }'
++ cut -c1-16
++ head -c 32 /dev/urandom
+ writetaskstat analysis_nonce b21a5aa45186f174
+ jq -nc --arg key analysis_nonce --arg value b21a5aa45186f174 '{ key: $key, value: $value }'
+ writetaskstat input_repo_name github.com/noahgsolomon/Codefoli
+ jq -nc --arg key input_repo_name --arg value github.com/noahgsolomon/Codefoli '{ key: $key, value: $value }'
+ writetaskstat input_repo_ref master
+ jq -nc --arg key input_repo_ref --arg value master '{ key: $key, value: $value }'
+ writetaskstat input_repo_path ./themes/paper
+ jq -nc --arg key input_repo_path --arg value ./themes/paper '{ key: $key, value: $value }'
++ date -u +%Y-%m-%dT%H:%M:%SZ
+ writetaskstat timestamp_begin 2024-03-05T03:49:44Z
+ jq -nc --arg key timestamp_begin --arg value 2024-03-05T03:49:44Z '{ key: $key, value: $value }'
+ mkdir -p /tmp/twcr-06cfef015c3a
/tmp/twcr-06cfef015c3a /twcr
+ pushd /tmp/twcr-06cfef015c3a
+ '[' -d .git ']'
+ git clone --depth=1 -b master https://github.com/noahgsolomon/Codefoli.git .
Cloning into '.'...
++ date -u +%Y-%m-%dT%H:%M:%SZ
+ writetaskstat timestamp_git_clone_complete 2024-03-05T03:49:48Z
+ jq -nc --arg key timestamp_git_clone_complete --arg value 2024-03-05T03:49:48Z '{ key: $key, value: $value }'
++ git rev-parse HEAD
+ writetaskstat exec_repo_commit_sha 2202ba68ac4b3294191eddc4fa550c541afeb7ba
+ jq -nc --arg key exec_repo_commit_sha --arg value 2202ba68ac4b3294191eddc4fa550c541afeb7ba '{ key: $key, value: $value }'
+++ git show --no-patch --format=%ci
++ date -u --date '2024-02-24 11:25:32 -0500' +%Y-%m-%dT%H:%M:%SZ
+ writetaskstat exec_repo_commit_date 2024-02-24T16:25:32Z
+ jq -nc --arg key exec_repo_commit_date --arg value 2024-02-24T16:25:32Z '{ key: $key, value: $value }'
/tmp/twcr-06cfef015c3a/themes/paper /tmp/twcr-06cfef015c3a /twcr
+ '[' -z ./themes/paper ']'
+ pushd ./themes/paper
+ tailwind_config_file_name=
+ '[' -f tailwind.config.js ']'
+ tailwind_config_file_name=tailwind.config.js
+ writetaskstat exec_tailwind_config_file tailwind.config.js
+ jq -nc --arg key exec_tailwind_config_file --arg value tailwind.config.js '{ key: $key, value: $value }'
+ cp tailwind.config.js /twcr/mnt/results/extract-raw-tailwind-config.js
+ '[' '!' -f package.json ']'
+ cp package.json /twcr/mnt/results/extract-raw-package.json
++ /twcr/worker/../worker/pm-detect.sh /tmp/twcr-06cfef015c3a/themes/paper
+ package_manager_name=
+ '[' -z '' ']'
+ '[' ./themes/paper '!=' ./ ']'
++ /twcr/worker/../worker/pm-detect.sh /tmp/twcr-06cfef015c3a
+ package_manager_name=
+ '[' -z '' ']'
+ package_manager_name=npm
+ writetaskstat exec_node_package_manager npm
+ jq -nc --arg key exec_node_package_manager --arg value npm '{ key: $key, value: $value }'
+ attempt_mode=squash
+ true
++ date -u +%Y-%m-%dT%H:%M:%SZ
+ writetaskstat timestamp_attempt_squash_begin 2024-03-05T03:49:48Z
+ jq -nc --arg key timestamp_attempt_squash_begin --arg value 2024-03-05T03:49:48Z '{ key: $key, value: $value }'
+ [[ squash == \s\q\u\a\s\h ]]
+ set +e
+ node /twcr/worker/../worker/squash-package.mjs tailwind.config.js
+ exitcode=0
+ set -e
+ [[ 0 != \0 ]]
+ cat package.json
+ sed 's/^/>>> /'
>>> {
>>>   "name": "frontend",
>>>   "private": true,
>>>   "version": "0.0.0",
>>>   "type": "module",
>>>   "dependencies": {
>>>     "@tailwindcss/aspect-ratio": "^0.4.2",
>>>     "@tailwindcss/forms": "^0.5.3",
>>>     "@tailwindcss/typography": "^0.5.9"
>>>   },
>>>   "devDependencies": {
>>>     "tailwindcss": "^3.3.2"
>>>   }
>>> }+ rm -f package-lock.json pnpm-lock.yaml yarn.lock
+ '[' ./themes/paper '!=' ./ ']'
+ rm -f /tmp/twcr-06cfef015c3a/package.json /tmp/twcr-06cfef015c3a/package-lock.json /tmp/twcr-06cfef015c3a/pnpm-lock.yaml /tmp/twcr-06cfef015c3a/yarn.lock
+ set +e
+ /twcr/worker/../worker/pm-install.sh npm /tmp/twcr-06cfef015c3a /twcr/mnt/results
+ package_manager_name=npm
+ procdir=/tmp/twcr-06cfef015c3a
+ datadir=/twcr/mnt/results
+ case "${package_manager_name}" in
++ '[' -f package-lock.json ']'
++ echo install
+ npm install --ignore-engines

added 121 packages, and audited 122 packages in 6s

28 packages are looking for funding
  run `npm fund` for details

found 0 vulnerabilities
npm notice 
npm notice New minor version of npm available! 10.2.4 -> 10.5.0
npm notice Changelog: <https://github.com/npm/cli/releases/tag/v10.5.0>
npm notice Run `npm install -g npm@10.5.0` to update!
npm notice 
+ npm query '*'
+ jq -cr '
        map({ name: .name, version: .version })
        | map(select(.name))
        | sort_by(.name)[]
      '
+ exitcode=0
+ set -e
+ [[ 0 != \0 ]]
++ jq -sr 'map(select(.name == "tailwindcss")) | first | .version'
+ tailwind_package_version=3.4.1
+ tailwind_config_exporter=tailwind.config.exporter2.cjs
+ '[' -f node_modules/tailwindcss/lib/lib/load-config.js ']'
+ tailwind_config_exporter=tailwind.config.exporter3.mjs
+ cp /twcr/worker/../worker/tailwind.config.exporter3.mjs ./
+ set +e
+ node ./tailwind.config.exporter3.mjs tailwind.config.js
+ exitcode=0
+ set -e
+ [[ 0 != \0 ]]
+ echo 'module.exports={plugins:['
+ jq -rs '
        map(select(.name | startswith("@tailwindcss/")))
        | map("require(" + ( .name | tojson ) + "),")[]
      '
+ grep -Ev '"@tailwindcss/postcss7-compat"'
+ echo ']}'
+ cat tailwind.config.js
+ sed 's/^/>>> /'
>>> module.exports={plugins:[
>>> require("@tailwindcss/aspect-ratio"),
>>> require("@tailwindcss/forms"),
>>> require("@tailwindcss/typography"),
>>> ]}
+ node ./tailwind.config.exporter3.mjs tailwind.config.js
++ date -u +%Y-%m-%dT%H:%M:%SZ
+ writetaskstat timestamp_attempt_squash_end 2024-03-05T03:49:56Z
+ jq -nc --arg key timestamp_attempt_squash_end --arg value 2024-03-05T03:49:56Z '{ key: $key, value: $value }'
+ break
++ date -u +%Y-%m-%dT%H:%M:%SZ
+ writetaskstat timestamp_end 2024-03-05T03:49:56Z
+ jq -nc --arg key timestamp_end --arg value 2024-03-05T03:49:56Z '{ key: $key, value: $value }'
+ rm /twcr/mnt/results/extract-failed
+ touch /twcr/mnt/results/extract-completed
