==== RUN-DOCKER
+++ dirname -- ./worker/run.sh
++ cd -- ./worker
++ pwd
+ twcrdir=/twcr/worker/..
+ repo=github.com/prateek3255/twitter-clone
+ reporef=main
+ repopath=./apps/remix
+ '[' true == true ']'
+ grep -q '^././'
++ echo github.com/prateek3255/twitter-clone
++ sha256sum
++ awk '{ print $1 }'
++ cut -c1-12
+ procdir=/tmp/twcr-cb48217c769d
++ echo 'github.com/prateek3255/twitter-clone;main;./apps/remix'
++ sha256sum
++ awk '{ print $1 }'
++ cut -c1-12
+ datadir=/twcr/worker/../mnt/dataset/data/74e4e516032e
+ '[' '!' -z /twcr/mnt/results ']'
+ datadir=/twcr/mnt/results
+ touch /twcr/mnt/results/extract-failed
++ base64
++ tr -d =
++ tr /+ _-
++ base64
++ tr -d =
++ tr /+ _-
+ writetaskstat analysis_key github.com/prateek3255/twitter-clone/bWFpbgo/Li9hcHBzL3JlbWl4Cg
+ jq -nc --arg key analysis_key --arg value github.com/prateek3255/twitter-clone/bWFpbgo/Li9hcHBzL3JlbWl4Cg '{ key: $key, value: $value }'
++ date -u +%Y%m%d%H%M%S
++ sha256sum
++ awk '{ print $1 }'
++ cut -c1-16
++ head -c 32 /dev/urandom
+ writetaskstat analysis_nonce ed14bd66a8dc9884
+ jq -nc --arg key analysis_nonce --arg value ed14bd66a8dc9884 '{ key: $key, value: $value }'
+ writetaskstat input_repo_name github.com/prateek3255/twitter-clone
+ jq -nc --arg key input_repo_name --arg value github.com/prateek3255/twitter-clone '{ key: $key, value: $value }'
+ writetaskstat input_repo_ref main
+ jq -nc --arg key input_repo_ref --arg value main '{ key: $key, value: $value }'
+ writetaskstat input_repo_path ./apps/remix
+ jq -nc --arg key input_repo_path --arg value ./apps/remix '{ key: $key, value: $value }'
++ date -u +%Y-%m-%dT%H:%M:%SZ
+ writetaskstat timestamp_begin 2024-03-04T07:46:15Z
+ jq -nc --arg key timestamp_begin --arg value 2024-03-04T07:46:15Z '{ key: $key, value: $value }'
+ mkdir -p /tmp/twcr-cb48217c769d
+ pushd /tmp/twcr-cb48217c769d
+ '[' -d .git ']'
+ git clone --depth=1 -b main https://github.com/prateek3255/twitter-clone.git .
/tmp/twcr-cb48217c769d /twcr
Cloning into '.'...
++ date -u +%Y-%m-%dT%H:%M:%SZ
+ writetaskstat timestamp_git_clone_complete 2024-03-04T07:46:16Z
+ jq -nc --arg key timestamp_git_clone_complete --arg value 2024-03-04T07:46:16Z '{ key: $key, value: $value }'
++ git rev-parse HEAD
+ writetaskstat exec_repo_commit_sha 98270b7a02538af0187d73dd5ded3fb56be5e61d
+ jq -nc --arg key exec_repo_commit_sha --arg value 98270b7a02538af0187d73dd5ded3fb56be5e61d '{ key: $key, value: $value }'
+++ git show --no-patch --format=%ci
++ date -u --date '2023-09-29 17:58:56 +0530' +%Y-%m-%dT%H:%M:%SZ
+ writetaskstat exec_repo_commit_date 2023-09-29T12:28:56Z
+ jq -nc --arg key exec_repo_commit_date --arg value 2023-09-29T12:28:56Z '{ key: $key, value: $value }'
+ '[' -z ./apps/remix ']'
+ pushd ./apps/remix
+ tailwind_config_file_name=
+ '[' -f tailwind.config.js ']'
+ tailwind_config_file_name=tailwind.config.js
+ writetaskstat exec_tailwind_config_file tailwind.config.js
+ jq -nc --arg key exec_tailwind_config_file --arg value tailwind.config.js '{ key: $key, value: $value }'
/tmp/twcr-cb48217c769d/apps/remix /tmp/twcr-cb48217c769d /twcr
+ cp tailwind.config.js /twcr/mnt/results/extract-raw-tailwind-config.js
+ '[' '!' -f package.json ']'
+ cp package.json /twcr/mnt/results/extract-raw-package.json
++ /twcr/worker/../worker/pm-detect.sh /tmp/twcr-cb48217c769d/apps/remix
+ package_manager_name=
+ '[' -z '' ']'
+ '[' ./apps/remix '!=' ./ ']'
++ /twcr/worker/../worker/pm-detect.sh /tmp/twcr-cb48217c769d
+ package_manager_name=pnpm
+ '[' -z pnpm ']'
+ writetaskstat exec_node_package_manager pnpm
+ jq -nc --arg key exec_node_package_manager --arg value pnpm '{ key: $key, value: $value }'
+ attempt_mode=squash
+ true
++ date -u +%Y-%m-%dT%H:%M:%SZ
+ writetaskstat timestamp_attempt_squash_begin 2024-03-04T07:46:16Z
+ jq -nc --arg key timestamp_attempt_squash_begin --arg value 2024-03-04T07:46:16Z '{ key: $key, value: $value }'
+ [[ squash == \s\q\u\a\s\h ]]
+ set +e
+ node /twcr/worker/../worker/squash-package.mjs tailwind.config.js
+ exitcode=0
+ set -e
+ [[ 0 != \0 ]]
+ cat package.json
+ sed 's/^/>>> /'
>>> {
>>>   "name": "remix",
>>>   "private": true,
>>>   "sideEffects": false,
>>>   "dependencies": {},
>>>   "devDependencies": {
>>>     "tailwindcss": "^3.2.2"
>>>   },
>>>   "engines": {
>>>     "node": ">=14.0.0"
>>>   }
>>> }+ rm -f package-lock.json pnpm-lock.yaml yarn.lock
+ '[' ./apps/remix '!=' ./ ']'
+ rm -f /tmp/twcr-cb48217c769d/package.json /tmp/twcr-cb48217c769d/package-lock.json /tmp/twcr-cb48217c769d/pnpm-lock.yaml /tmp/twcr-cb48217c769d/yarn.lock
+ set +e
+ /twcr/worker/../worker/pm-install.sh pnpm /tmp/twcr-cb48217c769d /twcr/mnt/results
+ package_manager_name=pnpm
+ procdir=/tmp/twcr-cb48217c769d
+ datadir=/twcr/mnt/results
+ case "${package_manager_name}" in
+ '[' '!' -f /tmp/twcr-cb48217c769d/package.json ']'
+ '[' '!' -f package.json ']'
++ pnpm -v
+ sed -Ei 's/("pnpm": ")(.+)(")/\18.15.4\3/' package.json
+ pnpm install
Scope: all 5 workspace projects
../..                                    | Progress: resolved 1, reused 0, downloaded 0, added 0
../..                                    | Progress: resolved 24, reused 0, downloaded 21, added 0
../..                                    | Progress: resolved 29, reused 0, downloaded 27, added 0
../..                                    | Progress: resolved 47, reused 0, downloaded 36, added 0
../..                                    | Progress: resolved 82, reused 0, downloaded 74, added 0
../..                                    | Progress: resolved 113, reused 0, downloaded 98, added 0
../..                                    | Progress: resolved 147, reused 0, downloaded 133, added 0
../..                                    | Progress: resolved 180, reused 0, downloaded 154, added 0
../..                                    | Progress: resolved 206, reused 0, downloaded 176, added 0
../..                                    | Progress: resolved 232, reused 0, downloaded 203, added 0
../..                                    | Progress: resolved 261, reused 0, downloaded 227, added 0
../..                                    | Progress: resolved 301, reused 0, downloaded 266, added 0
../..                                    | Progress: resolved 337, reused 0, downloaded 305, added 0
../..                                    | Progress: resolved 373, reused 0, downloaded 335, added 0
../..                                    | Progress: resolved 411, reused 0, downloaded 373, added 0
../..                                    | +426 ++++++++++++++++++++++++++++++++
../..                                    | Progress: resolved 434, reused 0, downloaded 401, added 392
../..                                    | Progress: resolved 434, reused 0, downloaded 426, added 426, done
.../node_modules/@prisma/engines postinstall$ node scripts/postinstall.js
.../node_modules/@prisma/engines postinstall: (node:130) [DEP0040] DeprecationWarning: The `punycode` module is deprecated. Please use a userland alternative instead.
.../node_modules/@prisma/engines postinstall: (Use `node --trace-deprecation ...` to show where the warning was created)
.../node_modules/@prisma/engines postinstall: Done
.../prisma@4.13.0/node_modules/prisma preinstall$ node scripts/preinstall-entry.js
.../prisma@4.13.0/node_modules/prisma preinstall: Done
.../node_modules/@prisma/client postinstall$ node scripts/postinstall.js
.../node_modules/@prisma/client postinstall: prisma:warn The postinstall script automatically ran `prisma generate` and did not find your `prisma/schema.prisma`.
.../node_modules/@prisma/client postinstall: If you have a Prisma schema file in a custom path, you will need to run
.../node_modules/@prisma/client postinstall: `prisma generate --schema=./path/to/your/schema.prisma` to generate Prisma Client.
.../node_modules/@prisma/client postinstall: If you do not have a Prisma schema file yet, you can ignore this message.
.../node_modules/@prisma/client postinstall: Done

devDependencies:
+ tailwindcss 3.4.1

Done in 20.3s
+ pnpm ls --json
+ jq -cr '
        .[]
        | [.dependencies, .devDependencies, .optionalDependencies]
        | map(select(.))[]
        | to_entries
        | map({ name: .key, version: .value.version })
        | sort_by(.name)[]
      '
+ exitcode=0
+ set -e
+ [[ 0 != \0 ]]
++ jq -sr 'map(select(.name == "tailwindcss")) | first | .version'
+ tailwind_package_version=3.4.1
+ tailwind_config_exporter=tailwind.config.exporter2.cjs
+ '[' -f node_modules/tailwindcss/lib/lib/load-config.js ']'
+ tailwind_config_exporter=tailwind.config.exporter3.mjs
+ cp /twcr/worker/../worker/tailwind.config.exporter3.mjs ./
+ set +e
+ node ./tailwind.config.exporter3.mjs tailwind.config.js
+ exitcode=0
+ set -e
+ [[ 0 != \0 ]]
+ echo 'module.exports={plugins:['
+ jq -rs '
        map(select(.name | startswith("@tailwindcss/")))
        | map("require(" + ( .name | tojson ) + "),")[]
      '
+ grep -Ev '"@tailwindcss/postcss7-compat"'
+ true
+ echo ']}'
+ cat tailwind.config.js
+ sed 's/^/>>> /'
>>> module.exports={plugins:[
>>> ]}
+ node ./tailwind.config.exporter3.mjs tailwind.config.js
++ date -u +%Y-%m-%dT%H:%M:%SZ
+ writetaskstat timestamp_attempt_squash_end 2024-03-04T07:46:38Z
+ jq -nc --arg key timestamp_attempt_squash_end --arg value 2024-03-04T07:46:38Z '{ key: $key, value: $value }'
+ break
++ date -u +%Y-%m-%dT%H:%M:%SZ
+ writetaskstat timestamp_end 2024-03-04T07:46:38Z
+ jq -nc --arg key timestamp_end --arg value 2024-03-04T07:46:38Z '{ key: $key, value: $value }'
+ rm /twcr/mnt/results/extract-failed
+ touch /twcr/mnt/results/extract-completed
