==== RUN-DOCKER
+++ dirname -- ./worker/run.sh
++ cd -- ./worker
++ pwd
+ twcrdir=/twcr/worker/..
+ repo=github.com/diego3g/flowly
+ reporef=main
+ repopath=./apps/web
+ '[' true == true ']'
+ grep -q '^././'
++ echo github.com/diego3g/flowly
++ sha256sum
++ awk '{ print $1 }'
++ cut -c1-12
+ procdir=/tmp/twcr-86cc75534980
++ echo 'github.com/diego3g/flowly;main;./apps/web'
++ sha256sum
++ awk '{ print $1 }'
++ cut -c1-12
+ datadir=/twcr/worker/../mnt/dataset/data/4aacbe155a02
+ '[' '!' -z /twcr/mnt/results ']'
+ datadir=/twcr/mnt/results
+ touch /twcr/mnt/results/extract-failed
++ base64
++ tr -d =
++ tr /+ _-
++ base64
++ tr -d =
++ tr /+ _-
+ writetaskstat analysis_key github.com/diego3g/flowly/bWFpbgo/Li9hcHBzL3dlYgo
+ jq -nc --arg key analysis_key --arg value github.com/diego3g/flowly/bWFpbgo/Li9hcHBzL3dlYgo '{ key: $key, value: $value }'
++ date -u +%Y%m%d%H%M%S
++ sha256sum
++ awk '{ print $1 }'
++ cut -c1-16
++ head -c 32 /dev/urandom
+ writetaskstat analysis_nonce cf69e116578aad90
+ jq -nc --arg key analysis_nonce --arg value cf69e116578aad90 '{ key: $key, value: $value }'
+ writetaskstat input_repo_name github.com/diego3g/flowly
+ jq -nc --arg key input_repo_name --arg value github.com/diego3g/flowly '{ key: $key, value: $value }'
+ writetaskstat input_repo_ref main
+ jq -nc --arg key input_repo_ref --arg value main '{ key: $key, value: $value }'
+ writetaskstat input_repo_path ./apps/web
+ jq -nc --arg key input_repo_path --arg value ./apps/web '{ key: $key, value: $value }'
++ date -u +%Y-%m-%dT%H:%M:%SZ
+ writetaskstat timestamp_begin 2024-03-04T06:29:36Z
+ jq -nc --arg key timestamp_begin --arg value 2024-03-04T06:29:36Z '{ key: $key, value: $value }'
+ mkdir -p /tmp/twcr-86cc75534980
/tmp/twcr-86cc75534980 /twcr
+ pushd /tmp/twcr-86cc75534980
+ '[' -d .git ']'
+ git clone --depth=1 -b main https://github.com/diego3g/flowly.git .
Cloning into '.'...
++ date -u +%Y-%m-%dT%H:%M:%SZ
+ writetaskstat timestamp_git_clone_complete 2024-03-04T06:29:37Z
+ jq -nc --arg key timestamp_git_clone_complete --arg value 2024-03-04T06:29:37Z '{ key: $key, value: $value }'
++ git rev-parse HEAD
+ writetaskstat exec_repo_commit_sha aeebc417ec642ebf7944344e77b7b7d4476a26a3
+ jq -nc --arg key exec_repo_commit_sha --arg value aeebc417ec642ebf7944344e77b7b7d4476a26a3 '{ key: $key, value: $value }'
+++ git show --no-patch --format=%ci
++ date -u --date '2023-08-30 14:08:27 -0300' +%Y-%m-%dT%H:%M:%SZ
+ writetaskstat exec_repo_commit_date 2023-08-30T17:08:27Z
+ jq -nc --arg key exec_repo_commit_date --arg value 2023-08-30T17:08:27Z '{ key: $key, value: $value }'
+ '[' -z ./apps/web ']'
+ pushd ./apps/web
+ tailwind_config_file_name=
+ '[' -f tailwind.config.js ']'
+ tailwind_config_file_name=tailwind.config.js
+ writetaskstat exec_tailwind_config_file tailwind.config.js
+ jq -nc --arg key exec_tailwind_config_file --arg value tailwind.config.js '{ key: $key, value: $value }'
/tmp/twcr-86cc75534980/apps/web /tmp/twcr-86cc75534980 /twcr
+ cp tailwind.config.js /twcr/mnt/results/extract-raw-tailwind-config.js
+ '[' '!' -f package.json ']'
+ cp package.json /twcr/mnt/results/extract-raw-package.json
++ /twcr/worker/../worker/pm-detect.sh /tmp/twcr-86cc75534980/apps/web
+ package_manager_name=
+ '[' -z '' ']'
+ '[' ./apps/web '!=' ./ ']'
++ /twcr/worker/../worker/pm-detect.sh /tmp/twcr-86cc75534980
+ package_manager_name=pnpm
+ '[' -z pnpm ']'
+ writetaskstat exec_node_package_manager pnpm
+ jq -nc --arg key exec_node_package_manager --arg value pnpm '{ key: $key, value: $value }'
+ attempt_mode=squash
+ true
++ date -u +%Y-%m-%dT%H:%M:%SZ
+ writetaskstat timestamp_attempt_squash_begin 2024-03-04T06:29:37Z
+ jq -nc --arg key timestamp_attempt_squash_begin --arg value 2024-03-04T06:29:37Z '{ key: $key, value: $value }'
+ [[ squash == \s\q\u\a\s\h ]]
+ set +e
+ node /twcr/worker/../worker/squash-package.mjs tailwind.config.js
+ exitcode=0
+ set -e
+ [[ 0 != \0 ]]
+ cat package.json
+ sed 's/^/>>> /'
>>> {
>>>   "name": "web",
>>>   "version": "1.0.0",
>>>   "private": true,
>>>   "dependencies": {
>>>     "tailwindcss-animate": "1.0.6"
>>>   },
>>>   "devDependencies": {
>>>     "tailwindcss": "3.3.3"
>>>   }
>>> }+ rm -f package-lock.json pnpm-lock.yaml yarn.lock
+ '[' ./apps/web '!=' ./ ']'
+ rm -f /tmp/twcr-86cc75534980/package.json /tmp/twcr-86cc75534980/package-lock.json /tmp/twcr-86cc75534980/pnpm-lock.yaml /tmp/twcr-86cc75534980/yarn.lock
+ set +e
+ /twcr/worker/../worker/pm-install.sh pnpm /tmp/twcr-86cc75534980 /twcr/mnt/results
+ package_manager_name=pnpm
+ procdir=/tmp/twcr-86cc75534980
+ datadir=/twcr/mnt/results
+ case "${package_manager_name}" in
+ '[' '!' -f /tmp/twcr-86cc75534980/package.json ']'
+ '[' '!' -f package.json ']'
++ pnpm -v
+ sed -Ei 's/("pnpm": ")(.+)(")/\18.15.4\3/' package.json
+ pnpm install
Scope: all 2 workspace projects
../..                                    | Progress: resolved 1, reused 0, downloaded 0, added 0
../..                                    | Progress: resolved 25, reused 0, downloaded 22, added 0
../..                                    | Progress: resolved 60, reused 0, downloaded 52, added 0
../..                                    | Progress: resolved 95, reused 0, downloaded 83, added 0
../..                                    | +106 +++++++++++
../..                                    | Progress: resolved 107, reused 0, downloaded 106, added 106, done

dependencies:
+ tailwindcss-animate 1.0.6 (1.0.7 is available)

devDependencies:
+ tailwindcss 3.3.3 (3.4.1 is available)

Done in 4.6s
+ pnpm ls --json
+ jq -cr '
        .[]
        | [.dependencies, .devDependencies, .optionalDependencies]
        | map(select(.))[]
        | to_entries
        | map({ name: .key, version: .value.version })
        | sort_by(.name)[]
      '
+ exitcode=0
+ set -e
+ [[ 0 != \0 ]]
++ jq -sr 'map(select(.name == "tailwindcss")) | first | .version'
+ tailwind_package_version=3.3.3
+ tailwind_config_exporter=tailwind.config.exporter2.cjs
+ '[' -f node_modules/tailwindcss/lib/lib/load-config.js ']'
+ tailwind_config_exporter=tailwind.config.exporter3.mjs
+ cp /twcr/worker/../worker/tailwind.config.exporter3.mjs ./
+ set +e
+ node ./tailwind.config.exporter3.mjs tailwind.config.js
+ exitcode=0
+ set -e
+ [[ 0 != \0 ]]
+ echo 'module.exports={plugins:['
+ jq -rs '
        map(select(.name | startswith("@tailwindcss/")))
        | map("require(" + ( .name | tojson ) + "),")[]
      '
+ grep -Ev '"@tailwindcss/postcss7-compat"'
+ true
+ echo ']}'
+ cat tailwind.config.js
+ sed 's/^/>>> /'
>>> module.exports={plugins:[
>>> ]}
+ node ./tailwind.config.exporter3.mjs tailwind.config.js
++ date -u +%Y-%m-%dT%H:%M:%SZ
+ writetaskstat timestamp_attempt_squash_end 2024-03-04T06:29:43Z
+ jq -nc --arg key timestamp_attempt_squash_end --arg value 2024-03-04T06:29:43Z '{ key: $key, value: $value }'
+ break
++ date -u +%Y-%m-%dT%H:%M:%SZ
+ writetaskstat timestamp_end 2024-03-04T06:29:43Z
+ jq -nc --arg key timestamp_end --arg value 2024-03-04T06:29:43Z '{ key: $key, value: $value }'
+ rm /twcr/mnt/results/extract-failed
+ touch /twcr/mnt/results/extract-completed
