==== RUN-DOCKER
+++ dirname -- ./worker/run.sh
++ cd -- ./worker
++ pwd
+ twcrdir=/twcr/worker/..
+ repo=github.com/sonofmagic/weapp-tailwindcss
+ reporef=main
+ repopath=./demo/mpx-app
+ '[' true == true ']'
+ grep -q '^././'
++ echo github.com/sonofmagic/weapp-tailwindcss
++ sha256sum
++ awk '{ print $1 }'
++ cut -c1-12
+ procdir=/tmp/twcr-225add5617ea
++ echo 'github.com/sonofmagic/weapp-tailwindcss;main;./demo/mpx-app'
++ awk '{ print $1 }'
++ cut -c1-12
++ sha256sum
+ datadir=/twcr/worker/../mnt/dataset/data/6a0fa78901fe
+ '[' '!' -z /twcr/mnt/results ']'
+ datadir=/twcr/mnt/results
+ touch /twcr/mnt/results/extract-failed
++ base64
++ tr -d =
++ tr /+ _-
++ base64
++ tr -d =
++ tr /+ _-
+ writetaskstat analysis_key github.com/sonofmagic/weapp-tailwindcss/bWFpbgo/Li9kZW1vL21weC1hcHAK
+ jq -nc --arg key analysis_key --arg value github.com/sonofmagic/weapp-tailwindcss/bWFpbgo/Li9kZW1vL21weC1hcHAK '{ key: $key, value: $value }'
++ date -u +%Y%m%d%H%M%S
++ sha256sum
++ awk '{ print $1 }'
++ cut -c1-16
++ head -c 32 /dev/urandom
+ writetaskstat analysis_nonce 711d90e538efa59a
+ jq -nc --arg key analysis_nonce --arg value 711d90e538efa59a '{ key: $key, value: $value }'
+ writetaskstat input_repo_name github.com/sonofmagic/weapp-tailwindcss
+ jq -nc --arg key input_repo_name --arg value github.com/sonofmagic/weapp-tailwindcss '{ key: $key, value: $value }'
+ writetaskstat input_repo_ref main
+ jq -nc --arg key input_repo_ref --arg value main '{ key: $key, value: $value }'
+ writetaskstat input_repo_path ./demo/mpx-app
+ jq -nc --arg key input_repo_path --arg value ./demo/mpx-app '{ key: $key, value: $value }'
++ date -u +%Y-%m-%dT%H:%M:%SZ
+ writetaskstat timestamp_begin 2024-03-04T23:45:53Z
+ jq -nc --arg key timestamp_begin --arg value 2024-03-04T23:45:53Z '{ key: $key, value: $value }'
+ mkdir -p /tmp/twcr-225add5617ea
/tmp/twcr-225add5617ea /twcr
+ pushd /tmp/twcr-225add5617ea
+ '[' -d .git ']'
+ git clone --depth=1 -b main https://github.com/sonofmagic/weapp-tailwindcss.git .
Cloning into '.'...
++ date -u +%Y-%m-%dT%H:%M:%SZ
+ writetaskstat timestamp_git_clone_complete 2024-03-04T23:45:55Z
+ jq -nc --arg key timestamp_git_clone_complete --arg value 2024-03-04T23:45:55Z '{ key: $key, value: $value }'
++ git rev-parse HEAD
+ writetaskstat exec_repo_commit_sha e5b84a47e42e1893d421d88c93f672b8d5ed655d
+ jq -nc --arg key exec_repo_commit_sha --arg value e5b84a47e42e1893d421d88c93f672b8d5ed655d '{ key: $key, value: $value }'
+++ git show --no-patch --format=%ci
++ date -u --date '2024-02-23 21:07:34 +0800' +%Y-%m-%dT%H:%M:%SZ
+ writetaskstat exec_repo_commit_date 2024-02-23T13:07:34Z
+ jq -nc --arg key exec_repo_commit_date --arg value 2024-02-23T13:07:34Z '{ key: $key, value: $value }'
/tmp/twcr-225add5617ea/demo/mpx-app /tmp/twcr-225add5617ea /twcr
+ '[' -z ./demo/mpx-app ']'
+ pushd ./demo/mpx-app
+ tailwind_config_file_name=
+ '[' -f tailwind.config.js ']'
+ tailwind_config_file_name=tailwind.config.js
+ writetaskstat exec_tailwind_config_file tailwind.config.js
+ jq -nc --arg key exec_tailwind_config_file --arg value tailwind.config.js '{ key: $key, value: $value }'
+ cp tailwind.config.js /twcr/mnt/results/extract-raw-tailwind-config.js
+ '[' '!' -f package.json ']'
+ cp package.json /twcr/mnt/results/extract-raw-package.json
++ /twcr/worker/../worker/pm-detect.sh /tmp/twcr-225add5617ea/demo/mpx-app
+ package_manager_name=yarn
+ '[' -z yarn ']'
+ '[' -z yarn ']'
+ writetaskstat exec_node_package_manager yarn
+ jq -nc --arg key exec_node_package_manager --arg value yarn '{ key: $key, value: $value }'
+ attempt_mode=squash
+ true
++ date -u +%Y-%m-%dT%H:%M:%SZ
+ writetaskstat timestamp_attempt_squash_begin 2024-03-04T23:45:55Z
+ jq -nc --arg key timestamp_attempt_squash_begin --arg value 2024-03-04T23:45:55Z '{ key: $key, value: $value }'
+ [[ squash == \s\q\u\a\s\h ]]
+ set +e
+ node /twcr/worker/../worker/squash-package.mjs tailwind.config.js
+ exitcode=0
+ set -e
+ [[ 0 != \0 ]]
+ cat package.json
+ sed 's/^/>>> /'
>>> {
>>>   "name": "mpx-project",
>>>   "version": "0.1.0",
>>>   "private": true,
>>>   "dependencies": {},
>>>   "devDependencies": {
>>>     "tailwindcss": "^3.4.1"
>>>   },
>>>   "browserslist": [
>>>     "ios >= 8",
>>>     "chrome >= 47"
>>>   ]
>>> }+ rm -f package-lock.json pnpm-lock.yaml yarn.lock
+ '[' ./demo/mpx-app '!=' ./ ']'
+ rm -f /tmp/twcr-225add5617ea/package.json /tmp/twcr-225add5617ea/package-lock.json /tmp/twcr-225add5617ea/pnpm-lock.yaml /tmp/twcr-225add5617ea/yarn.lock
+ set +e
+ /twcr/worker/../worker/pm-install.sh yarn /tmp/twcr-225add5617ea /twcr/mnt/results
+ package_manager_name=yarn
+ procdir=/tmp/twcr-225add5617ea
+ datadir=/twcr/mnt/results
+ case "${package_manager_name}" in
+ '[' -z http://tid_90c8202ba94c:ok@172.18.0.2:3128 ']'
+ yarn config set httpProxy http://tid_90c8202ba94c:ok@172.18.0.2:3128
yarn config v1.22.19
success Set "httpProxy" to "http://tid_90c8202ba94c:ok@172.18.0.2:3128".
Done in 0.05s.
+ '[' -z http://tid_90c8202ba94c:ok@172.18.0.2:3128 ']'
+ yarn config set httpsProxy http://tid_90c8202ba94c:ok@172.18.0.2:3128
yarn config v1.22.19
success Set "httpsProxy" to "http://tid_90c8202ba94c:ok@172.18.0.2:3128".
Done in 0.06s.
+ yarn install
yarn install v1.22.19
info No lockfile found.
[1/4] Resolving packages...
(node:132) [DEP0040] DeprecationWarning: The `punycode` module is deprecated. Please use a userland alternative instead.
(Use `node --trace-deprecation ...` to show where the warning was created)
error An unexpected error occurred: "http://registry.npmmirror.com/tailwindcss: Request \"http://registry.npmmirror.com/tailwindcss\" returned a 403".
info If you think this is a bug, please open a bug report with the information provided in "/tmp/twcr-225add5617ea/demo/mpx-app/yarn-error.log".
info Visit https://yarnpkg.com/en/docs/cli/install for documentation about this command.
+ exitcode=1
+ set -e
+ [[ 1 != \0 ]]
+ [[ squash == \s\q\u\a\s\h ]]
+ echo '[worker] WARN: package manager failed; retrying with full install'
[worker] WARN: package manager failed; retrying with full install
+ attempt_mode=full
+ continue
+ true
++ date -u +%Y-%m-%dT%H:%M:%SZ
+ writetaskstat timestamp_attempt_full_begin 2024-03-04T23:45:57Z
+ jq -nc --arg key timestamp_attempt_full_begin --arg value 2024-03-04T23:45:57Z '{ key: $key, value: $value }'
+ [[ full == \s\q\u\a\s\h ]]
+ git clean -fdx
Removing yarn-error.log
+ git reset --hard
HEAD is now at e5b84a4 chore: add css vars docs
+ set +e
+ /twcr/worker/../worker/pm-install.sh yarn /tmp/twcr-225add5617ea /twcr/mnt/results
+ package_manager_name=yarn
+ procdir=/tmp/twcr-225add5617ea
+ datadir=/twcr/mnt/results
+ case "${package_manager_name}" in
+ '[' -z http://tid_90c8202ba94c:ok@172.18.0.2:3128 ']'
+ yarn config set httpProxy http://tid_90c8202ba94c:ok@172.18.0.2:3128
yarn config v1.22.19
success Set "httpProxy" to "http://tid_90c8202ba94c:ok@172.18.0.2:3128".
Done in 0.08s.
+ '[' -z http://tid_90c8202ba94c:ok@172.18.0.2:3128 ']'
+ yarn config set httpsProxy http://tid_90c8202ba94c:ok@172.18.0.2:3128
yarn config v1.22.19
success Set "httpsProxy" to "http://tid_90c8202ba94c:ok@172.18.0.2:3128".
Done in 0.08s.
+ yarn install
yarn install v1.22.19
[1/4] Resolving packages...
[2/4] Fetching packages...
(node:200) [DEP0040] DeprecationWarning: The `punycode` module is deprecated. Please use a userland alternative instead.
(Use `node --trace-deprecation ...` to show where the warning was created)
error @achrinza/node-ipc@9.2.7: The engine "node" is incompatible with this module. Expected version "8 || 9 || 10 || 11 || 12 || 13 || 14 || 15 || 16 || 17 || 18 || 19 || 20". Got "21.6.2"
info Visit https://yarnpkg.com/en/docs/cli/install for documentation about this command.
error Found incompatible module.
+ exitcode=1
+ set -e
+ [[ 1 != \0 ]]
+ [[ full == \s\q\u\a\s\h ]]
+ exit 1
