==== RUN-DOCKER
+++ dirname -- ./worker/run.sh
++ cd -- ./worker
++ pwd
+ twcrdir=/twcr/worker/..
+ repo=github.com/thedevdojo/wave
+ reporef=main
+ repopath=./wave/docs
+ '[' true == true ']'
+ grep -q '^././'
++ echo github.com/thedevdojo/wave
++ sha256sum
++ cut -c1-12
++ awk '{ print $1 }'
+ procdir=/tmp/twcr-4aa78063a57a
++ echo 'github.com/thedevdojo/wave;main;./wave/docs'
++ sha256sum
++ awk '{ print $1 }'
++ cut -c1-12
+ datadir=/twcr/worker/../mnt/dataset/data/07495e0f2379
+ '[' '!' -z /twcr/mnt/results ']'
+ datadir=/twcr/mnt/results
+ touch /twcr/mnt/results/extract-failed
++ base64
++ tr -d =
++ tr /+ _-
++ base64
++ tr -d =
++ tr /+ _-
+ writetaskstat analysis_key github.com/thedevdojo/wave/bWFpbgo/Li93YXZlL2RvY3MK
+ jq -nc --arg key analysis_key --arg value github.com/thedevdojo/wave/bWFpbgo/Li93YXZlL2RvY3MK '{ key: $key, value: $value }'
++ date -u +%Y%m%d%H%M%S
++ sha256sum
++ awk '{ print $1 }'
++ cut -c1-16
++ head -c 32 /dev/urandom
+ writetaskstat analysis_nonce 43d05c3690b28788
+ jq -nc --arg key analysis_nonce --arg value 43d05c3690b28788 '{ key: $key, value: $value }'
+ writetaskstat input_repo_name github.com/thedevdojo/wave
+ jq -nc --arg key input_repo_name --arg value github.com/thedevdojo/wave '{ key: $key, value: $value }'
+ writetaskstat input_repo_ref main
+ jq -nc --arg key input_repo_ref --arg value main '{ key: $key, value: $value }'
+ writetaskstat input_repo_path ./wave/docs
+ jq -nc --arg key input_repo_path --arg value ./wave/docs '{ key: $key, value: $value }'
++ date -u +%Y-%m-%dT%H:%M:%SZ
+ writetaskstat timestamp_begin 2024-03-03T23:33:37Z
+ jq -nc --arg key timestamp_begin --arg value 2024-03-03T23:33:37Z '{ key: $key, value: $value }'
+ mkdir -p /tmp/twcr-4aa78063a57a
/tmp/twcr-4aa78063a57a /twcr
+ pushd /tmp/twcr-4aa78063a57a
+ '[' -d .git ']'
+ git clone --depth=1 -b main https://github.com/thedevdojo/wave.git .
Cloning into '.'...
++ date -u +%Y-%m-%dT%H:%M:%SZ
+ writetaskstat timestamp_git_clone_complete 2024-03-03T23:33:39Z
+ jq -nc --arg key timestamp_git_clone_complete --arg value 2024-03-03T23:33:39Z '{ key: $key, value: $value }'
++ git rev-parse HEAD
+ writetaskstat exec_repo_commit_sha 3ab5af825e323e0068b6c53c9e32b7a4b7e47a83
+ jq -nc --arg key exec_repo_commit_sha --arg value 3ab5af825e323e0068b6c53c9e32b7a4b7e47a83 '{ key: $key, value: $value }'
+++ git show --no-patch --format=%ci
++ date -u --date '2023-12-26 16:36:11 +0200' +%Y-%m-%dT%H:%M:%SZ
+ writetaskstat exec_repo_commit_date 2023-12-26T14:36:11Z
+ jq -nc --arg key exec_repo_commit_date --arg value 2023-12-26T14:36:11Z '{ key: $key, value: $value }'
+ '[' -z ./wave/docs ']'
+ pushd ./wave/docs
+ tailwind_config_file_name=
+ '[' -f tailwind.config.js ']'
+ tailwind_config_file_name=tailwind.config.js
+ writetaskstat exec_tailwind_config_file tailwind.config.js
+ jq -nc --arg key exec_tailwind_config_file --arg value tailwind.config.js '{ key: $key, value: $value }'
/tmp/twcr-4aa78063a57a/wave/docs /tmp/twcr-4aa78063a57a /twcr
+ cp tailwind.config.js /twcr/mnt/results/extract-raw-tailwind-config.js
+ '[' '!' -f package.json ']'
+ cp package.json /twcr/mnt/results/extract-raw-package.json
++ /twcr/worker/../worker/pm-detect.sh /tmp/twcr-4aa78063a57a/wave/docs
+ package_manager_name=
+ '[' -z '' ']'
+ '[' ./wave/docs '!=' ./ ']'
++ /twcr/worker/../worker/pm-detect.sh /tmp/twcr-4aa78063a57a
+ package_manager_name=
+ '[' -z '' ']'
+ package_manager_name=npm
+ writetaskstat exec_node_package_manager npm
+ jq -nc --arg key exec_node_package_manager --arg value npm '{ key: $key, value: $value }'
+ attempt_mode=squash
+ true
++ date -u +%Y-%m-%dT%H:%M:%SZ
+ writetaskstat timestamp_attempt_squash_begin 2024-03-03T23:33:39Z
+ jq -nc --arg key timestamp_attempt_squash_begin --arg value 2024-03-03T23:33:39Z '{ key: $key, value: $value }'
+ [[ squash == \s\q\u\a\s\h ]]
+ set +e
+ node /twcr/worker/../worker/squash-package.mjs tailwind.config.js
+ exitcode=0
+ set -e
+ [[ 0 != \0 ]]
+ cat package.json
+ sed 's/^/>>> /'
>>> {
>>>   "private": true,
>>>   "devDependencies": {
>>>     "@tailwindcss/forms": "^0.4.0",
>>>     "tailwindcss": "^3.0.0"
>>>   },
>>>   "dependencies": {
>>>     "@tailwindcss/typography": "^0.5.0"
>>>   }
>>> }+ rm -f package-lock.json pnpm-lock.yaml yarn.lock
+ '[' ./wave/docs '!=' ./ ']'
+ rm -f /tmp/twcr-4aa78063a57a/package.json /tmp/twcr-4aa78063a57a/package-lock.json /tmp/twcr-4aa78063a57a/pnpm-lock.yaml /tmp/twcr-4aa78063a57a/yarn.lock
+ set +e
+ /twcr/worker/../worker/pm-install.sh npm /tmp/twcr-4aa78063a57a /twcr/mnt/results
+ package_manager_name=npm
+ procdir=/tmp/twcr-4aa78063a57a
+ datadir=/twcr/mnt/results
+ case "${package_manager_name}" in
++ '[' -f package-lock.json ']'
++ echo install
+ npm install --ignore-engines

added 120 packages, and audited 121 packages in 6s

28 packages are looking for funding
  run `npm fund` for details

found 0 vulnerabilities
npm notice 
npm notice New minor version of npm available! 10.2.4 -> 10.5.0
npm notice Changelog: <https://github.com/npm/cli/releases/tag/v10.5.0>
npm notice Run `npm install -g npm@10.5.0` to update!
npm notice 
+ npm query '*'
+ jq -cr '
        map({ name: .name, version: .version })
        | map(select(.name))
        | sort_by(.name)[]
      '
+ exitcode=0
+ set -e
+ [[ 0 != \0 ]]
++ jq -sr 'map(select(.name == "tailwindcss")) | first | .version'
+ tailwind_package_version=3.4.1
+ tailwind_config_exporter=tailwind.config.exporter2.cjs
+ '[' -f node_modules/tailwindcss/lib/lib/load-config.js ']'
+ tailwind_config_exporter=tailwind.config.exporter3.mjs
+ cp /twcr/worker/../worker/tailwind.config.exporter3.mjs ./
+ set +e
+ node ./tailwind.config.exporter3.mjs tailwind.config.js

warn - The `purge`/`content` options have changed in Tailwind CSS v3.0.
warn - Update your configuration file to eliminate this warning.
warn - https://tailwindcss.com/docs/upgrade-guide#configure-content-sources
+ exitcode=0
+ set -e
+ [[ 0 != \0 ]]
+ echo 'module.exports={plugins:['
+ jq -rs '
        map(select(.name | startswith("@tailwindcss/")))
        | map("require(" + ( .name | tojson ) + "),")[]
      '
+ grep -Ev '"@tailwindcss/postcss7-compat"'
+ echo ']}'
+ cat tailwind.config.js
+ sed 's/^/>>> /'
>>> module.exports={plugins:[
>>> require("@tailwindcss/forms"),
>>> require("@tailwindcss/typography"),
>>> ]}
+ node ./tailwind.config.exporter3.mjs tailwind.config.js
++ date -u +%Y-%m-%dT%H:%M:%SZ
+ writetaskstat timestamp_attempt_squash_end 2024-03-03T23:33:46Z
+ jq -nc --arg key timestamp_attempt_squash_end --arg value 2024-03-03T23:33:46Z '{ key: $key, value: $value }'
+ break
++ date -u +%Y-%m-%dT%H:%M:%SZ
+ writetaskstat timestamp_end 2024-03-03T23:33:46Z
+ jq -nc --arg key timestamp_end --arg value 2024-03-03T23:33:46Z '{ key: $key, value: $value }'
+ rm /twcr/mnt/results/extract-failed
+ touch /twcr/mnt/results/extract-completed
