==== RUN-DOCKER
+++ dirname -- ./worker/run.sh
++ cd -- ./worker
++ pwd
+ twcrdir=/twcr/worker/..
+ repo=github.com/asvny/building-realworld-user-interfaces-using-tailwind
+ reporef=master
+ repopath=./
+ '[' true == true ']'
+ grep -q '^././'
++ echo github.com/asvny/building-realworld-user-interfaces-using-tailwind
++ sha256sum
++ awk '{ print $1 }'
++ cut -c1-12
+ procdir=/tmp/twcr-1670d314d67c
++ echo 'github.com/asvny/building-realworld-user-interfaces-using-tailwind;master;./'
++ sha256sum
++ awk '{ print $1 }'
++ cut -c1-12
+ datadir=/twcr/worker/../mnt/dataset/data/fcd05005e3a2
+ '[' '!' -z /twcr/mnt/results ']'
+ datadir=/twcr/mnt/results
+ touch /twcr/mnt/results/extract-failed
++ base64
++ tr -d =
++ tr /+ _-
++ base64
++ tr -d =
++ tr /+ _-
+ writetaskstat analysis_key github.com/asvny/building-realworld-user-interfaces-using-tailwind/bWFzdGVyCg/Li8K
+ jq -nc --arg key analysis_key --arg value github.com/asvny/building-realworld-user-interfaces-using-tailwind/bWFzdGVyCg/Li8K '{ key: $key, value: $value }'
++ date -u +%Y%m%d%H%M%S
++ sha256sum
++ awk '{ print $1 }'
++ cut -c1-16
++ head -c 32 /dev/urandom
+ writetaskstat analysis_nonce ecf7540c9dcc6ecc
+ jq -nc --arg key analysis_nonce --arg value ecf7540c9dcc6ecc '{ key: $key, value: $value }'
+ writetaskstat input_repo_name github.com/asvny/building-realworld-user-interfaces-using-tailwind
+ jq -nc --arg key input_repo_name --arg value github.com/asvny/building-realworld-user-interfaces-using-tailwind '{ key: $key, value: $value }'
+ writetaskstat input_repo_ref master
+ jq -nc --arg key input_repo_ref --arg value master '{ key: $key, value: $value }'
+ writetaskstat input_repo_path ./
+ jq -nc --arg key input_repo_path --arg value ./ '{ key: $key, value: $value }'
++ date -u +%Y-%m-%dT%H:%M:%SZ
+ writetaskstat timestamp_begin 2024-03-04T07:18:53Z
+ jq -nc --arg key timestamp_begin --arg value 2024-03-04T07:18:53Z '{ key: $key, value: $value }'
+ mkdir -p /tmp/twcr-1670d314d67c
+ pushd /tmp/twcr-1670d314d67c
+ '[' -d .git ']'
+ git clone --depth=1 -b master https://github.com/asvny/building-realworld-user-interfaces-using-tailwind.git .
/tmp/twcr-1670d314d67c /twcr
Cloning into '.'...
++ date -u +%Y-%m-%dT%H:%M:%SZ
+ writetaskstat timestamp_git_clone_complete 2024-03-04T07:18:54Z
+ jq -nc --arg key timestamp_git_clone_complete --arg value 2024-03-04T07:18:54Z '{ key: $key, value: $value }'
++ git rev-parse HEAD
+ writetaskstat exec_repo_commit_sha 76653569ce3203b6d36a29c5cb1587c286c4c6f2
+ jq -nc --arg key exec_repo_commit_sha --arg value 76653569ce3203b6d36a29c5cb1587c286c4c6f2 '{ key: $key, value: $value }'
+++ git show --no-patch --format=%ci
++ date -u --date '2022-09-01 16:14:10 +1000' +%Y-%m-%dT%H:%M:%SZ
+ writetaskstat exec_repo_commit_date 2022-09-01T06:14:10Z
+ jq -nc --arg key exec_repo_commit_date --arg value 2022-09-01T06:14:10Z '{ key: $key, value: $value }'
/tmp/twcr-1670d314d67c /tmp/twcr-1670d314d67c /twcr
+ '[' -z ./ ']'
+ pushd ./
+ tailwind_config_file_name=
+ '[' -f tailwind.config.js ']'
+ tailwind_config_file_name=tailwind.config.js
+ writetaskstat exec_tailwind_config_file tailwind.config.js
+ jq -nc --arg key exec_tailwind_config_file --arg value tailwind.config.js '{ key: $key, value: $value }'
+ cp tailwind.config.js /twcr/mnt/results/extract-raw-tailwind-config.js
+ '[' '!' -f package.json ']'
+ cp package.json /twcr/mnt/results/extract-raw-package.json
++ /twcr/worker/../worker/pm-detect.sh /tmp/twcr-1670d314d67c
+ package_manager_name=yarn
+ '[' -z yarn ']'
+ '[' -z yarn ']'
+ writetaskstat exec_node_package_manager yarn
+ jq -nc --arg key exec_node_package_manager --arg value yarn '{ key: $key, value: $value }'
+ attempt_mode=squash
+ true
++ date -u +%Y-%m-%dT%H:%M:%SZ
+ writetaskstat timestamp_attempt_squash_begin 2024-03-04T07:18:54Z
+ jq -nc --arg key timestamp_attempt_squash_begin --arg value 2024-03-04T07:18:54Z '{ key: $key, value: $value }'
+ [[ squash == \s\q\u\a\s\h ]]
+ set +e
+ node /twcr/worker/../worker/squash-package.mjs tailwind.config.js
+ exitcode=0
+ set -e
+ [[ 0 != \0 ]]
+ cat package.json
+ sed 's/^/>>> /'
>>> {
>>>   "name": "building-real-user-interfaces-using-tailwind",
>>>   "version": "1.0.0",
>>>   "repository": "https://github.com/asvny/building-real-user-interfaces-using-tailwind.git",
>>>   "author": "asvny <annamalai.saro@gmail.com>",
>>>   "license": "MIT",
>>>   "dependencies": {
>>>     "tailwindcss": "^1.1.3"
>>>   },
>>>   "devDependencies": {}
>>> }+ rm -f package-lock.json pnpm-lock.yaml yarn.lock
+ '[' ./ '!=' ./ ']'
+ set +e
+ /twcr/worker/../worker/pm-install.sh yarn /tmp/twcr-1670d314d67c /twcr/mnt/results
+ package_manager_name=yarn
+ procdir=/tmp/twcr-1670d314d67c
+ datadir=/twcr/mnt/results
+ case "${package_manager_name}" in
+ '[' -z http://tid_5db5dee12ca0:ok@172.18.0.2:3128 ']'
+ yarn config set httpProxy http://tid_5db5dee12ca0:ok@172.18.0.2:3128
yarn config v1.22.19
success Set "httpProxy" to "http://tid_5db5dee12ca0:ok@172.18.0.2:3128".
Done in 0.06s.
+ '[' -z http://tid_5db5dee12ca0:ok@172.18.0.2:3128 ']'
+ yarn config set httpsProxy http://tid_5db5dee12ca0:ok@172.18.0.2:3128
yarn config v1.22.19
success Set "httpsProxy" to "http://tid_5db5dee12ca0:ok@172.18.0.2:3128".
Done in 0.06s.
+ yarn install
yarn install v1.22.19
info No lockfile found.
[1/4] Resolving packages...
(node:131) [DEP0040] DeprecationWarning: The `punycode` module is deprecated. Please use a userland alternative instead.
(Use `node --trace-deprecation ...` to show where the warning was created)
[2/4] Fetching packages...
[3/4] Linking dependencies...
[4/4] Building fresh packages...
success Saved lockfile.
Done in 6.84s.
+ yarn list --depth=0 --json --non-interactive --no-progress
+ jq -cr '
        [.. | .name?]
        | map(select(.))
        | map(capture("^(?<name>@?[^@]+)@(?<version>.+)$"))
        | sort_by(.name)[]'
+ exitcode=0
+ set -e
+ [[ 0 != \0 ]]
++ jq -sr 'map(select(.name == "tailwindcss")) | first | .version'
+ tailwind_package_version=1.9.6
+ tailwind_config_exporter=tailwind.config.exporter2.cjs
+ '[' -f node_modules/tailwindcss/lib/lib/load-config.js ']'
+ cp /twcr/worker/../worker/tailwind.config.exporter2.cjs ./
+ set +e
+ node ./tailwind.config.exporter2.cjs tailwind.config.js
node:internal/modules/cjs/loader:1152
  throw err;
  ^

Error: Cannot find module './undefined/tailwind.config.js'
Require stack:
- /tmp/twcr-1670d314d67c/tailwind.config.js
- /tmp/twcr-1670d314d67c/tailwind.config.exporter2.cjs
    at Module._resolveFilename (node:internal/modules/cjs/loader:1149:15)
    at Module._load (node:internal/modules/cjs/loader:990:27)
    at Module.require (node:internal/modules/cjs/loader:1237:19)
    at require (node:internal/modules/helpers:176:18)
    at Object.<anonymous> (/tmp/twcr-1670d314d67c/tailwind.config.js:1:18)
    at Module._compile (node:internal/modules/cjs/loader:1378:14)
    at Module._extensions..js (node:internal/modules/cjs/loader:1437:10)
    at Module.load (node:internal/modules/cjs/loader:1212:32)
    at Module._load (node:internal/modules/cjs/loader:1028:12)
    at Module.require (node:internal/modules/cjs/loader:1237:19) {
  code: 'MODULE_NOT_FOUND',
  requireStack: [
    '/tmp/twcr-1670d314d67c/tailwind.config.js',
    '/tmp/twcr-1670d314d67c/tailwind.config.exporter2.cjs'
  ]
}

Node.js v21.6.2
+ exitcode=1
+ set -e
+ [[ 1 != \0 ]]
+ [[ squash == \s\q\u\a\s\h ]]
+ echo '[worker] WARN: exporter failed; retrying with full install'
[worker] WARN: exporter failed; retrying with full install
+ attempt_mode=full
+ continue
+ true
++ date -u +%Y-%m-%dT%H:%M:%SZ
+ writetaskstat timestamp_attempt_full_begin 2024-03-04T07:19:03Z
+ jq -nc --arg key timestamp_attempt_full_begin --arg value 2024-03-04T07:19:03Z '{ key: $key, value: $value }'
+ [[ full == \s\q\u\a\s\h ]]
+ git clean -fdx
Removing node_modules/
Removing tailwind.config.exporter2.cjs
+ git reset --hard
HEAD is now at 7665356 Update netlify code
+ set +e
+ /twcr/worker/../worker/pm-install.sh yarn /tmp/twcr-1670d314d67c /twcr/mnt/results
+ package_manager_name=yarn
+ procdir=/tmp/twcr-1670d314d67c
+ datadir=/twcr/mnt/results
+ case "${package_manager_name}" in
+ '[' -z http://tid_5db5dee12ca0:ok@172.18.0.2:3128 ']'
+ yarn config set httpProxy http://tid_5db5dee12ca0:ok@172.18.0.2:3128
yarn config v1.22.19
success Set "httpProxy" to "http://tid_5db5dee12ca0:ok@172.18.0.2:3128".
Done in 0.05s.
+ '[' -z http://tid_5db5dee12ca0:ok@172.18.0.2:3128 ']'
+ yarn config set httpsProxy http://tid_5db5dee12ca0:ok@172.18.0.2:3128
yarn config v1.22.19
success Set "httpsProxy" to "http://tid_5db5dee12ca0:ok@172.18.0.2:3128".
Done in 0.05s.
+ yarn install
yarn install v1.22.19
[1/4] Resolving packages...
[2/4] Fetching packages...
(node:231) [DEP0040] DeprecationWarning: The `punycode` module is deprecated. Please use a userland alternative instead.
(Use `node --trace-deprecation ...` to show where the warning was created)
[3/4] Linking dependencies...
[4/4] Building fresh packages...
Done in 12.12s.
+ yarn list --depth=0 --json --non-interactive --no-progress
+ jq -cr '
        [.. | .name?]
        | map(select(.))
        | map(capture("^(?<name>@?[^@]+)@(?<version>.+)$"))
        | sort_by(.name)[]'
+ exitcode=0
+ set -e
+ [[ 0 != \0 ]]
++ jq -sr 'map(select(.name == "tailwindcss")) | first | .version'
+ tailwind_package_version=1.1.3
+ tailwind_config_exporter=tailwind.config.exporter2.cjs
+ '[' -f node_modules/tailwindcss/lib/lib/load-config.js ']'
+ cp /twcr/worker/../worker/tailwind.config.exporter2.cjs ./
+ set +e
+ node ./tailwind.config.exporter2.cjs tailwind.config.js
node:internal/modules/cjs/loader:1152
  throw err;
  ^

Error: Cannot find module './undefined/tailwind.config.js'
Require stack:
- /tmp/twcr-1670d314d67c/tailwind.config.js
- /tmp/twcr-1670d314d67c/tailwind.config.exporter2.cjs
    at Module._resolveFilename (node:internal/modules/cjs/loader:1149:15)
    at Module._load (node:internal/modules/cjs/loader:990:27)
    at Module.require (node:internal/modules/cjs/loader:1237:19)
    at require (node:internal/modules/helpers:176:18)
    at Object.<anonymous> (/tmp/twcr-1670d314d67c/tailwind.config.js:1:18)
    at Module._compile (node:internal/modules/cjs/loader:1378:14)
    at Module._extensions..js (node:internal/modules/cjs/loader:1437:10)
    at Module.load (node:internal/modules/cjs/loader:1212:32)
    at Module._load (node:internal/modules/cjs/loader:1028:12)
    at Module.require (node:internal/modules/cjs/loader:1237:19) {
  code: 'MODULE_NOT_FOUND',
  requireStack: [
    '/tmp/twcr-1670d314d67c/tailwind.config.js',
    '/tmp/twcr-1670d314d67c/tailwind.config.exporter2.cjs'
  ]
}

Node.js v21.6.2
+ exitcode=1
+ set -e
+ [[ 1 != \0 ]]
+ [[ full == \s\q\u\a\s\h ]]
+ exit 1
