==== RUN-DOCKER
+++ dirname -- ./worker/run.sh
++ cd -- ./worker
++ pwd
+ twcrdir=/twcr/worker/..
+ repo=github.com/Frontify/guideline-blocks
+ reporef=main
+ repopath=./packages/glyphs-block
+ '[' true == true ']'
+ grep -q '^././'
++ echo github.com/Frontify/guideline-blocks
++ sha256sum
++ awk '{ print $1 }'
++ cut -c1-12
+ procdir=/tmp/twcr-70b4f673dc9b
++ echo 'github.com/Frontify/guideline-blocks;main;./packages/glyphs-block'
++ sha256sum
++ awk '{ print $1 }'
++ cut -c1-12
+ datadir=/twcr/worker/../mnt/dataset/data/d5828bfbd44d
+ '[' '!' -z /twcr/mnt/results ']'
+ datadir=/twcr/mnt/results
+ touch /twcr/mnt/results/extract-failed
++ base64
++ tr -d =
++ tr /+ _-
++ base64
++ tr -d =
++ tr /+ _-
+ writetaskstat analysis_key github.com/Frontify/guideline-blocks/bWFpbgo/Li9wYWNrYWdlcy9nbHlwaHMtYmxvY2sK
+ jq -nc --arg key analysis_key --arg value github.com/Frontify/guideline-blocks/bWFpbgo/Li9wYWNrYWdlcy9nbHlwaHMtYmxvY2sK '{ key: $key, value: $value }'
++ date -u +%Y%m%d%H%M%S
++ sha256sum
++ awk '{ print $1 }'
++ cut -c1-16
++ head -c 32 /dev/urandom
+ writetaskstat analysis_nonce e4496d7ad58c1023
+ jq -nc --arg key analysis_nonce --arg value e4496d7ad58c1023 '{ key: $key, value: $value }'
+ writetaskstat input_repo_name github.com/Frontify/guideline-blocks
+ jq -nc --arg key input_repo_name --arg value github.com/Frontify/guideline-blocks '{ key: $key, value: $value }'
+ writetaskstat input_repo_ref main
+ jq -nc --arg key input_repo_ref --arg value main '{ key: $key, value: $value }'
+ writetaskstat input_repo_path ./packages/glyphs-block
+ jq -nc --arg key input_repo_path --arg value ./packages/glyphs-block '{ key: $key, value: $value }'
++ date -u +%Y-%m-%dT%H:%M:%SZ
+ writetaskstat timestamp_begin 2024-03-05T11:26:26Z
+ jq -nc --arg key timestamp_begin --arg value 2024-03-05T11:26:26Z '{ key: $key, value: $value }'
+ mkdir -p /tmp/twcr-70b4f673dc9b
/tmp/twcr-70b4f673dc9b /twcr
+ pushd /tmp/twcr-70b4f673dc9b
+ '[' -d .git ']'
+ git clone --depth=1 -b main https://github.com/Frontify/guideline-blocks.git .
Cloning into '.'...
++ date -u +%Y-%m-%dT%H:%M:%SZ
+ writetaskstat timestamp_git_clone_complete 2024-03-05T11:26:27Z
+ jq -nc --arg key timestamp_git_clone_complete --arg value 2024-03-05T11:26:27Z '{ key: $key, value: $value }'
++ git rev-parse HEAD
+ writetaskstat exec_repo_commit_sha fe968622f61f06f2ff3d745dfac538b16ceb948c
+ jq -nc --arg key exec_repo_commit_sha --arg value fe968622f61f06f2ff3d745dfac538b16ceb948c '{ key: $key, value: $value }'
+++ git show --no-patch --format=%ci
++ date -u --date '2024-03-04 15:52:53 +0100' +%Y-%m-%dT%H:%M:%SZ
+ writetaskstat exec_repo_commit_date 2024-03-04T14:52:53Z
+ jq -nc --arg key exec_repo_commit_date --arg value 2024-03-04T14:52:53Z '{ key: $key, value: $value }'
/tmp/twcr-70b4f673dc9b/packages/glyphs-block /tmp/twcr-70b4f673dc9b /twcr
+ '[' -z ./packages/glyphs-block ']'
+ pushd ./packages/glyphs-block
+ tailwind_config_file_name=
+ '[' -f tailwind.config.js ']'
+ tailwind_config_file_name=tailwind.config.js
+ writetaskstat exec_tailwind_config_file tailwind.config.js
+ jq -nc --arg key exec_tailwind_config_file --arg value tailwind.config.js '{ key: $key, value: $value }'
+ cp tailwind.config.js /twcr/mnt/results/extract-raw-tailwind-config.js
+ '[' '!' -f package.json ']'
+ cp package.json /twcr/mnt/results/extract-raw-package.json
++ /twcr/worker/../worker/pm-detect.sh /tmp/twcr-70b4f673dc9b/packages/glyphs-block
+ package_manager_name=
+ '[' -z '' ']'
+ '[' ./packages/glyphs-block '!=' ./ ']'
++ /twcr/worker/../worker/pm-detect.sh /tmp/twcr-70b4f673dc9b
+ package_manager_name=pnpm
+ '[' -z pnpm ']'
+ writetaskstat exec_node_package_manager pnpm
+ jq -nc --arg key exec_node_package_manager --arg value pnpm '{ key: $key, value: $value }'
+ attempt_mode=squash
+ true
++ date -u +%Y-%m-%dT%H:%M:%SZ
+ writetaskstat timestamp_attempt_squash_begin 2024-03-05T11:26:27Z
+ jq -nc --arg key timestamp_attempt_squash_begin --arg value 2024-03-05T11:26:27Z '{ key: $key, value: $value }'
+ [[ squash == \s\q\u\a\s\h ]]
+ set +e
+ node /twcr/worker/../worker/squash-package.mjs tailwind.config.js
+ exitcode=0
+ set -e
+ [[ 0 != \0 ]]
+ cat package.json
+ sed 's/^/>>> /'
>>> {
>>>   "name": "glyphs-block",
>>>   "private": true,
>>>   "author": "Frontify Developers <developers@frontify.com>",
>>>   "version": "1.0.0",
>>>   "main": "src/index.ts",
>>>   "devDependencies": {
>>>     "tailwindcss": "^3.4.1"
>>>   },
>>>   "dependencies": {
>>>     "@frontify/fondue": "12.0.0-beta.409"
>>>   }
>>> }+ rm -f package-lock.json pnpm-lock.yaml yarn.lock
+ '[' ./packages/glyphs-block '!=' ./ ']'
+ rm -f /tmp/twcr-70b4f673dc9b/package.json /tmp/twcr-70b4f673dc9b/package-lock.json /tmp/twcr-70b4f673dc9b/pnpm-lock.yaml /tmp/twcr-70b4f673dc9b/yarn.lock
+ set +e
+ /twcr/worker/../worker/pm-install.sh pnpm /tmp/twcr-70b4f673dc9b /twcr/mnt/results
+ package_manager_name=pnpm
+ procdir=/tmp/twcr-70b4f673dc9b
+ datadir=/twcr/mnt/results
+ case "${package_manager_name}" in
+ '[' '!' -f /tmp/twcr-70b4f673dc9b/package.json ']'
+ '[' '!' -f package.json ']'
++ pnpm -v
+ sed -Ei 's/("pnpm": ")(.+)(")/\18.15.4\3/' package.json
+ pnpm install
Scope: all 28 workspace projects
../..                                    | Progress: resolved 1, reused 0, downloaded 0, added 0
../..                                    | Progress: resolved 23, reused 0, downloaded 19, added 0
../..                                    | Progress: resolved 38, reused 0, downloaded 27, added 0
../..                                    | Progress: resolved 61, reused 0, downloaded 48, added 0
../..                                    | Progress: resolved 93, reused 0, downloaded 81, added 0
../..                                    | Progress: resolved 116, reused 0, downloaded 107, added 0
../..                                    | Progress: resolved 156, reused 0, downloaded 139, added 0
../..                                    | Progress: resolved 188, reused 0, downloaded 171, added 0
../..                                    | Progress: resolved 219, reused 0, downloaded 202, added 0
../..                                    | Progress: resolved 250, reused 0, downloaded 231, added 0
../..                                    | Progress: resolved 289, reused 0, downloaded 260, added 0
../..                                    | Progress: resolved 309, reused 0, downloaded 289, added 0
../..                                    | Progress: resolved 338, reused 0, downloaded 310, added 0
../..                                    | Progress: resolved 366, reused 0, downloaded 337, added 0
../..                                    | Progress: resolved 385, reused 0, downloaded 360, added 0
../..                                    | Progress: resolved 420, reused 0, downloaded 386, added 0
../..                                    | Progress: resolved 444, reused 0, downloaded 411, added 0
../..                                    | Progress: resolved 469, reused 0, downloaded 435, added 0
../..                                    | Progress: resolved 499, reused 0, downloaded 462, added 0
../..                                    | Progress: resolved 524, reused 0, downloaded 484, added 0
../..                                    | Progress: resolved 553, reused 0, downloaded 515, added 0
../..                                    | Progress: resolved 585, reused 0, downloaded 539, added 0
../..                                    | Progress: resolved 606, reused 0, downloaded 561, added 0
../..                                    | Progress: resolved 632, reused 0, downloaded 588, added 0
../..                                    | Progress: resolved 656, reused 0, downloaded 610, added 0
../..                                    | Progress: resolved 678, reused 0, downloaded 634, added 0
../..                                    | Progress: resolved 702, reused 0, downloaded 653, added 0
../..                                    | Progress: resolved 728, reused 0, downloaded 678, added 0
../..                                    | Progress: resolved 752, reused 0, downloaded 698, added 0
../..                                    | Progress: resolved 773, reused 0, downloaded 721, added 0
../..                                    | Progress: resolved 778, reused 0, downloaded 729, added 0
../..                                    | Progress: resolved 780, reused 0, downloaded 730, added 0
../..                                    | Progress: resolved 807, reused 0, downloaded 752, added 0
../..                                    | Progress: resolved 837, reused 0, downloaded 771, added 0
../..                                    | Progress: resolved 873, reused 0, downloaded 779, added 0
../..                                    | Progress: resolved 901, reused 0, downloaded 809, added 0
../..                                    | Progress: resolved 925, reused 0, downloaded 835, added 0
../..                                    | Progress: resolved 952, reused 0, downloaded 854, added 0
../..                                    | Progress: resolved 1003, reused 0, downloaded 882, added 0
../..                                    | Progress: resolved 1030, reused 0, downloaded 910, added 0
../..                                    | Progress: resolved 1050, reused 0, downloaded 922, added 0
../..                                    | Progress: resolved 1050, reused 0, downloaded 923, added 0
../..                                    | Progress: resolved 1060, reused 0, downloaded 936, added 0
../..                                    | Progress: resolved 1068, reused 0, downloaded 951, added 0
../..                                    | Progress: resolved 1079, reused 0, downloaded 962, added 0
../..                                    | Progress: resolved 1087, reused 0, downloaded 968, added 0
../..                                    | Progress: resolved 1105, reused 0, downloaded 981, added 0
../..                                    | Progress: resolved 1127, reused 0, downloaded 999, added 0
../..                                    | Progress: resolved 1131, reused 0, downloaded 1007, added 0
../..                                    | Progress: resolved 1135, reused 0, downloaded 1009, added 0
../..                                    | Progress: resolved 1156, reused 0, downloaded 1022, added 0
../..                                    | Progress: resolved 1177, reused 0, downloaded 1045, added 0
../..                                    | Progress: resolved 1203, reused 0, downloaded 1070, added 0
../..                                    | Progress: resolved 1225, reused 0, downloaded 1089, added 0
../..                                    | Progress: resolved 1243, reused 0, downloaded 1112, added 0
../..                                    | Progress: resolved 1261, reused 0, downloaded 1129, added 0
../..                                    | Progress: resolved 1268, reused 0, downloaded 1134, added 0
../..                                    | Progress: resolved 1301, reused 0, downloaded 1157, added 0
../..                                    | Progress: resolved 1325, reused 0, downloaded 1186, added 0
../..                                    | Progress: resolved 1335, reused 0, downloaded 1201, added 0
../..                                    | Progress: resolved 1359, reused 0, downloaded 1222, added 0
../..                                    | Progress: resolved 1371, reused 0, downloaded 1231, added 0
../..                                    | Progress: resolved 1378, reused 0, downloaded 1256, added 0
../..                                    | Progress: resolved 1386, reused 0, downloaded 1271, added 0
 WARN  1 deprecated subdependencies found: sourcemap-codec@1.4.8
../..                                    | Progress: resolved 1388, reused 0, downloaded 1287, added 0
../..                                    |    +1334 ++++++++++++++++++++++++++++
../..                                    | Progress: resolved 1388, reused 0, downloaded 1307, added 467
../..                                    | Progress: resolved 1388, reused 0, downloaded 1333, added 1334, done
.../esbuild@0.19.12/node_modules/esbuild postinstall$ node install.js
.../esbuild@0.18.20/node_modules/esbuild postinstall$ node install.js
.../esbuild@0.19.12/node_modules/esbuild postinstall: Done
.../esbuild@0.18.20/node_modules/esbuild postinstall: Done
.../cypress@13.6.6/node_modules/cypress postinstall$ node index.js --exec install
.../cypress@13.6.6/node_modules/cypress postinstall: (node:156) [DEP0040] DeprecationWarning: The `punycode` module is deprecated. Please use a userland alternative instead.
.../cypress@13.6.6/node_modules/cypress postinstall: (Use `node --trace-deprecation ...` to show where the warning was created)
.../cypress@13.6.6/node_modules/cypress postinstall: Installing Cypress (version: 13.6.6)
.../cypress@13.6.6/node_modules/cypress postinstall: [STARTED] Task without title.
.../cypress@13.6.6/node_modules/cypress postinstall: [TITLE]  Downloading Cypress      0% 0s
.../cypress@13.6.6/node_modules/cypress postinstall: [TITLE]  Downloading Cypress      1% 10s
.../cypress@13.6.6/node_modules/cypress postinstall: [TITLE]  Downloading Cypress      2% 10s
.../cypress@13.6.6/node_modules/cypress postinstall: [TITLE]  Downloading Cypress      3% 10s
.../cypress@13.6.6/node_modules/cypress postinstall: [TITLE]  Downloading Cypress      4% 10s
.../cypress@13.6.6/node_modules/cypress postinstall: [TITLE]  Downloading Cypress      6% 8s
.../cypress@13.6.6/node_modules/cypress postinstall: [TITLE]  Downloading Cypress      8% 7s
.../cypress@13.6.6/node_modules/cypress postinstall: [TITLE]  Downloading Cypress      10% 6s
.../cypress@13.6.6/node_modules/cypress postinstall: [TITLE]  Downloading Cypress      11% 6s
.../cypress@13.6.6/node_modules/cypress postinstall: [TITLE]  Downloading Cypress      13% 6s
.../cypress@13.6.6/node_modules/cypress postinstall: [TITLE]  Downloading Cypress      14% 6s
.../cypress@13.6.6/node_modules/cypress postinstall: [TITLE]  Downloading Cypress      16% 6s
.../cypress@13.6.6/node_modules/cypress postinstall: [TITLE]  Downloading Cypress      18% 5s
.../cypress@13.6.6/node_modules/cypress postinstall: [TITLE]  Downloading Cypress      19% 6s
.../cypress@13.6.6/node_modules/cypress postinstall: [TITLE]  Downloading Cypress      21% 5s
.../cypress@13.6.6/node_modules/cypress postinstall: [TITLE]  Downloading Cypress      22% 5s
.../cypress@13.6.6/node_modules/cypress postinstall: [TITLE]  Downloading Cypress      24% 5s
.../cypress@13.6.6/node_modules/cypress postinstall: [TITLE]  Downloading Cypress      26% 5s
.../cypress@13.6.6/node_modules/cypress postinstall: [TITLE]  Downloading Cypress      27% 5s
.../cypress@13.6.6/node_modules/cypress postinstall: [TITLE]  Downloading Cypress      29% 5s
.../cypress@13.6.6/node_modules/cypress postinstall: [TITLE]  Downloading Cypress      30% 5s
.../cypress@13.6.6/node_modules/cypress postinstall: [TITLE]  Downloading Cypress      32% 4s
.../cypress@13.6.6/node_modules/cypress postinstall: [TITLE]  Downloading Cypress      33% 4s
.../cypress@13.6.6/node_modules/cypress postinstall: [TITLE]  Downloading Cypress      35% 4s
.../cypress@13.6.6/node_modules/cypress postinstall: [TITLE]  Downloading Cypress      36% 4s
.../cypress@13.6.6/node_modules/cypress postinstall: [TITLE]  Downloading Cypress      38% 4s
.../cypress@13.6.6/node_modules/cypress postinstall: [TITLE]  Downloading Cypress      40% 4s
.../cypress@13.6.6/node_modules/cypress postinstall: [TITLE]  Downloading Cypress      41% 4s
.../cypress@13.6.6/node_modules/cypress postinstall: [TITLE]  Downloading Cypress      43% 4s
.../cypress@13.6.6/node_modules/cypress postinstall: [TITLE]  Downloading Cypress      45% 4s
.../cypress@13.6.6/node_modules/cypress postinstall: [TITLE]  Downloading Cypress      47% 3s
.../cypress@13.6.6/node_modules/cypress postinstall: [TITLE]  Downloading Cypress      49% 3s
.../cypress@13.6.6/node_modules/cypress postinstall: [TITLE]  Downloading Cypress      50% 3s
.../cypress@13.6.6/node_modules/cypress postinstall: [TITLE]  Downloading Cypress      52% 3s
.../cypress@13.6.6/node_modules/cypress postinstall: [TITLE]  Downloading Cypress      53% 3s
.../cypress@13.6.6/node_modules/cypress postinstall: [TITLE]  Downloading Cypress      54% 3s
.../cypress@13.6.6/node_modules/cypress postinstall: [TITLE]  Downloading Cypress      56% 3s
.../cypress@13.6.6/node_modules/cypress postinstall: [TITLE]  Downloading Cypress      58% 3s
.../cypress@13.6.6/node_modules/cypress postinstall: [TITLE]  Downloading Cypress      60% 3s
.../cypress@13.6.6/node_modules/cypress postinstall: [TITLE]  Downloading Cypress      61% 3s
.../cypress@13.6.6/node_modules/cypress postinstall: [TITLE]  Downloading Cypress      63% 2s
.../cypress@13.6.6/node_modules/cypress postinstall: [TITLE]  Downloading Cypress      64% 2s
.../cypress@13.6.6/node_modules/cypress postinstall: [TITLE]  Downloading Cypress      66% 2s
.../cypress@13.6.6/node_modules/cypress postinstall: [TITLE]  Downloading Cypress      67% 2s
.../cypress@13.6.6/node_modules/cypress postinstall: [TITLE]  Downloading Cypress      68% 2s
.../cypress@13.6.6/node_modules/cypress postinstall: [TITLE]  Downloading Cypress      70% 2s
.../cypress@13.6.6/node_modules/cypress postinstall: [TITLE]  Downloading Cypress      71% 2s
.../cypress@13.6.6/node_modules/cypress postinstall: [TITLE]  Downloading Cypress      73% 2s
.../cypress@13.6.6/node_modules/cypress postinstall: [TITLE]  Downloading Cypress      74% 2s
.../cypress@13.6.6/node_modules/cypress postinstall: [TITLE]  Downloading Cypress      75% 2s
.../cypress@13.6.6/node_modules/cypress postinstall: [TITLE]  Downloading Cypress      76% 2s
.../cypress@13.6.6/node_modules/cypress postinstall: [TITLE]  Downloading Cypress      78% 1s
.../cypress@13.6.6/node_modules/cypress postinstall: [TITLE]  Downloading Cypress      79% 1s
.../cypress@13.6.6/node_modules/cypress postinstall: [TITLE]  Downloading Cypress      80% 1s
.../cypress@13.6.6/node_modules/cypress postinstall: [TITLE]  Downloading Cypress      82% 1s
.../cypress@13.6.6/node_modules/cypress postinstall: [TITLE]  Downloading Cypress      84% 1s
.../cypress@13.6.6/node_modules/cypress postinstall: [TITLE]  Downloading Cypress      85% 1s
.../cypress@13.6.6/node_modules/cypress postinstall: [TITLE]  Downloading Cypress      86% 1s
.../cypress@13.6.6/node_modules/cypress postinstall: [TITLE]  Downloading Cypress      88% 1s
.../cypress@13.6.6/node_modules/cypress postinstall: [TITLE]  Downloading Cypress      89% 1s
.../cypress@13.6.6/node_modules/cypress postinstall: [TITLE]  Downloading Cypress      91% 1s
.../cypress@13.6.6/node_modules/cypress postinstall: [TITLE]  Downloading Cypress      93% 0s
.../cypress@13.6.6/node_modules/cypress postinstall: [TITLE]  Downloading Cypress      94% 0s
.../cypress@13.6.6/node_modules/cypress postinstall: [TITLE]  Downloading Cypress      96% 0s
.../cypress@13.6.6/node_modules/cypress postinstall: [TITLE]  Downloading Cypress      97% 0s
.../cypress@13.6.6/node_modules/cypress postinstall: [TITLE]  Downloading Cypress      99% 0s
.../cypress@13.6.6/node_modules/cypress postinstall: [TITLE]  Downloaded Cypress     
.../cypress@13.6.6/node_modules/cypress postinstall: [SUCCESS]  Downloaded Cypress     
.../cypress@13.6.6/node_modules/cypress postinstall: [STARTED] Task without title.
.../cypress@13.6.6/node_modules/cypress postinstall: [TITLE]  Unzipping Cypress        0% 0s
.../cypress@13.6.6/node_modules/cypress postinstall: [TITLE]  Unzipping Cypress        1% 128s
.../cypress@13.6.6/node_modules/cypress postinstall: [TITLE]  Unzipping Cypress        1% 129s
.../cypress@13.6.6/node_modules/cypress postinstall: [TITLE]  Unzipping Cypress        1% 130s
.../cypress@13.6.6/node_modules/cypress postinstall: [TITLE]  Unzipping Cypress        1% 131s
.../cypress@13.6.6/node_modules/cypress postinstall: [TITLE]  Unzipping Cypress        1% 132s
.../cypress@13.6.6/node_modules/cypress postinstall: [TITLE]  Unzipping Cypress        2% 65s
.../cypress@13.6.6/node_modules/cypress postinstall: [TITLE]  Unzipping Cypress        2% 66s
.../cypress@13.6.6/node_modules/cypress postinstall: [TITLE]  Unzipping Cypress        2% 67s
.../cypress@13.6.6/node_modules/cypress postinstall: [TITLE]  Unzipping Cypress        2% 68s
.../cypress@13.6.6/node_modules/cypress postinstall: [TITLE]  Unzipping Cypress        2% 71s
.../cypress@13.6.6/node_modules/cypress postinstall: [TITLE]  Unzipping Cypress        2% 72s
.../cypress@13.6.6/node_modules/cypress postinstall: [TITLE]  Unzipping Cypress        2% 75s
.../cypress@13.6.6/node_modules/cypress postinstall: [TITLE]  Unzipping Cypress        2% 76s
.../cypress@13.6.6/node_modules/cypress postinstall: [TITLE]  Unzipping Cypress        2% 77s
.../cypress@13.6.6/node_modules/cypress postinstall: [TITLE]  Unzipping Cypress        2% 78s
.../cypress@13.6.6/node_modules/cypress postinstall: [TITLE]  Unzipping Cypress        2% 79s
.../cypress@13.6.6/node_modules/cypress postinstall: [TITLE]  Unzipping Cypress        2% 82s
.../cypress@13.6.6/node_modules/cypress postinstall: [TITLE]  Unzipping Cypress        2% 83s
.../cypress@13.6.6/node_modules/cypress postinstall: [TITLE]  Unzipping Cypress        3% 55s
.../cypress@13.6.6/node_modules/cypress postinstall: [TITLE]  Unzipping Cypress        3% 56s
.../cypress@13.6.6/node_modules/cypress postinstall: [TITLE]  Unzipping Cypress        4% 42s
.../cypress@13.6.6/node_modules/cypress postinstall: [TITLE]  Unzipping Cypress        4% 43s
.../cypress@13.6.6/node_modules/cypress postinstall: [TITLE]  Unzipping Cypress        5% 34s
.../cypress@13.6.6/node_modules/cypress postinstall: [TITLE]  Unzipping Cypress        5% 35s
.../cypress@13.6.6/node_modules/cypress postinstall: [TITLE]  Unzipping Cypress        6% 29s
.../cypress@13.6.6/node_modules/cypress postinstall: [TITLE]  Unzipping Cypress        6% 30s
.../cypress@13.6.6/node_modules/cypress postinstall: [TITLE]  Unzipping Cypress        7% 26s
.../cypress@13.6.6/node_modules/cypress postinstall: [TITLE]  Unzipping Cypress        8% 23s
.../cypress@13.6.6/node_modules/cypress postinstall: [TITLE]  Unzipping Cypress        9% 20s
.../cypress@13.6.6/node_modules/cypress postinstall: [TITLE]  Unzipping Cypress        9% 21s
.../cypress@13.6.6/node_modules/cypress postinstall: [TITLE]  Unzipping Cypress        10% 18s
.../cypress@13.6.6/node_modules/cypress postinstall: [TITLE]  Unzipping Cypress        10% 19s
.../cypress@13.6.6/node_modules/cypress postinstall: [TITLE]  Unzipping Cypress        11% 17s
.../cypress@13.6.6/node_modules/cypress postinstall: [TITLE]  Unzipping Cypress        12% 16s
.../cypress@13.6.6/node_modules/cypress postinstall: [TITLE]  Unzipping Cypress        13% 15s
.../cypress@13.6.6/node_modules/cypress postinstall: [TITLE]  Unzipping Cypress        14% 14s
.../cypress@13.6.6/node_modules/cypress postinstall: [TITLE]  Unzipping Cypress        15% 13s
.../cypress@13.6.6/node_modules/cypress postinstall: [TITLE]  Unzipping Cypress        16% 12s
.../cypress@13.6.6/node_modules/cypress postinstall: [TITLE]  Unzipping Cypress        17% 11s
.../cypress@13.6.6/node_modules/cypress postinstall: [TITLE]  Unzipping Cypress        17% 12s
.../cypress@13.6.6/node_modules/cypress postinstall: [TITLE]  Unzipping Cypress        18% 11s
.../cypress@13.6.6/node_modules/cypress postinstall: [TITLE]  Unzipping Cypress        19% 10s
.../cypress@13.6.6/node_modules/cypress postinstall: [TITLE]  Unzipping Cypress        19% 11s
.../cypress@13.6.6/node_modules/cypress postinstall: [TITLE]  Unzipping Cypress        20% 10s
.../cypress@13.6.6/node_modules/cypress postinstall: [TITLE]  Unzipping Cypress        20% 13s
.../cypress@13.6.6/node_modules/cypress postinstall: [TITLE]  Unzipping Cypress        21% 12s
.../cypress@13.6.6/node_modules/cypress postinstall: [TITLE]  Unzipping Cypress        22% 11s
.../cypress@13.6.6/node_modules/cypress postinstall: [TITLE]  Unzipping Cypress        23% 11s
.../cypress@13.6.6/node_modules/cypress postinstall: [TITLE]  Unzipping Cypress        24% 10s
.../cypress@13.6.6/node_modules/cypress postinstall: [TITLE]  Unzipping Cypress        25% 10s
.../cypress@13.6.6/node_modules/cypress postinstall: [TITLE]  Unzipping Cypress        26% 10s
.../cypress@13.6.6/node_modules/cypress postinstall: [TITLE]  Unzipping Cypress        27% 9s
.../cypress@13.6.6/node_modules/cypress postinstall: [TITLE]  Unzipping Cypress        28% 9s
.../cypress@13.6.6/node_modules/cypress postinstall: [TITLE]  Unzipping Cypress        29% 9s
.../cypress@13.6.6/node_modules/cypress postinstall: [TITLE]  Unzipping Cypress        30% 8s
.../cypress@13.6.6/node_modules/cypress postinstall: [TITLE]  Unzipping Cypress        31% 8s
.../cypress@13.6.6/node_modules/cypress postinstall: [TITLE]  Unzipping Cypress        32% 8s
.../cypress@13.6.6/node_modules/cypress postinstall: [TITLE]  Unzipping Cypress        33% 7s
.../cypress@13.6.6/node_modules/cypress postinstall: [TITLE]  Unzipping Cypress        34% 7s
.../cypress@13.6.6/node_modules/cypress postinstall: [TITLE]  Unzipping Cypress        35% 7s
.../cypress@13.6.6/node_modules/cypress postinstall: [TITLE]  Unzipping Cypress        36% 7s
.../cypress@13.6.6/node_modules/cypress postinstall: [TITLE]  Unzipping Cypress        37% 6s
.../cypress@13.6.6/node_modules/cypress postinstall: [TITLE]  Unzipping Cypress        38% 6s
.../cypress@13.6.6/node_modules/cypress postinstall: [TITLE]  Unzipping Cypress        39% 6s
.../cypress@13.6.6/node_modules/cypress postinstall: [TITLE]  Unzipping Cypress        40% 6s
.../cypress@13.6.6/node_modules/cypress postinstall: [TITLE]  Unzipping Cypress        41% 6s
.../cypress@13.6.6/node_modules/cypress postinstall: [TITLE]  Unzipping Cypress        42% 5s
.../cypress@13.6.6/node_modules/cypress postinstall: [TITLE]  Unzipping Cypress        43% 5s
.../cypress@13.6.6/node_modules/cypress postinstall: [TITLE]  Unzipping Cypress        44% 5s
.../cypress@13.6.6/node_modules/cypress postinstall: [TITLE]  Unzipping Cypress        45% 5s
.../cypress@13.6.6/node_modules/cypress postinstall: [TITLE]  Unzipping Cypress        46% 5s
.../cypress@13.6.6/node_modules/cypress postinstall: [TITLE]  Unzipping Cypress        47% 5s
.../cypress@13.6.6/node_modules/cypress postinstall: [TITLE]  Unzipping Cypress        48% 5s
.../cypress@13.6.6/node_modules/cypress postinstall: [TITLE]  Unzipping Cypress        49% 4s
.../cypress@13.6.6/node_modules/cypress postinstall: [TITLE]  Unzipping Cypress        50% 4s
.../cypress@13.6.6/node_modules/cypress postinstall: [TITLE]  Unzipping Cypress        51% 4s
.../cypress@13.6.6/node_modules/cypress postinstall: [TITLE]  Unzipping Cypress        52% 4s
.../cypress@13.6.6/node_modules/cypress postinstall: [TITLE]  Unzipping Cypress        53% 4s
.../cypress@13.6.6/node_modules/cypress postinstall: [TITLE]  Unzipping Cypress        54% 4s
.../cypress@13.6.6/node_modules/cypress postinstall: [TITLE]  Unzipping Cypress        55% 4s
.../cypress@13.6.6/node_modules/cypress postinstall: [TITLE]  Unzipping Cypress        56% 4s
.../cypress@13.6.6/node_modules/cypress postinstall: [TITLE]  Unzipping Cypress        57% 3s
.../cypress@13.6.6/node_modules/cypress postinstall: [TITLE]  Unzipping Cypress        58% 3s
.../cypress@13.6.6/node_modules/cypress postinstall: [TITLE]  Unzipping Cypress        59% 3s
.../cypress@13.6.6/node_modules/cypress postinstall: [TITLE]  Unzipping Cypress        60% 3s
.../cypress@13.6.6/node_modules/cypress postinstall: [TITLE]  Unzipping Cypress        61% 3s
.../cypress@13.6.6/node_modules/cypress postinstall: [TITLE]  Unzipping Cypress        62% 3s
.../cypress@13.6.6/node_modules/cypress postinstall: [TITLE]  Unzipping Cypress        63% 3s
.../cypress@13.6.6/node_modules/cypress postinstall: [TITLE]  Unzipping Cypress        64% 3s
.../cypress@13.6.6/node_modules/cypress postinstall: [TITLE]  Unzipping Cypress        65% 3s
.../cypress@13.6.6/node_modules/cypress postinstall: [TITLE]  Unzipping Cypress        66% 3s
.../cypress@13.6.6/node_modules/cypress postinstall: [TITLE]  Unzipping Cypress        67% 2s
.../cypress@13.6.6/node_modules/cypress postinstall: [TITLE]  Unzipping Cypress        68% 2s
.../cypress@13.6.6/node_modules/cypress postinstall: [TITLE]  Unzipping Cypress        69% 2s
.../cypress@13.6.6/node_modules/cypress postinstall: [TITLE]  Unzipping Cypress        70% 2s
.../cypress@13.6.6/node_modules/cypress postinstall: [TITLE]  Unzipping Cypress        71% 2s
.../cypress@13.6.6/node_modules/cypress postinstall: [TITLE]  Unzipping Cypress        72% 2s
.../cypress@13.6.6/node_modules/cypress postinstall: [TITLE]  Unzipping Cypress        73% 2s
.../cypress@13.6.6/node_modules/cypress postinstall: [TITLE]  Unzipping Cypress        73% 3s
.../cypress@13.6.6/node_modules/cypress postinstall: [TITLE]  Unzipping Cypress        100% 0s
.../cypress@13.6.6/node_modules/cypress postinstall: [TITLE]  Unzipped Cypress       
.../cypress@13.6.6/node_modules/cypress postinstall: [SUCCESS]  Unzipped Cypress       
.../cypress@13.6.6/node_modules/cypress postinstall: [STARTED] Task without title.
.../cypress@13.6.6/node_modules/cypress postinstall: [TITLE]  Finished Installation   /home/node/.cache/Cypress/13.6.6
.../cypress@13.6.6/node_modules/cypress postinstall: [SUCCESS]  Finished Installation   /home/node/.cache/Cypress/13.6.6
.../cypress@13.6.6/node_modules/cypress postinstall: You can now open Cypress by running: node_modules/.bin/cypress open
.../cypress@13.6.6/node_modules/cypress postinstall: https://on.cypress.io/installing-cypress
.../cypress@13.6.6/node_modules/cypress postinstall: Done
.../node_modules/msw postinstall$ node -e "try{require('./config/scripts/postinstall')}catch(e){}"
.../node_modules/msw postinstall: Done
.../es5-ext@0.10.64/node_modules/es5-ext postinstall$  node -e "try{require('./_postinstall')}catch(e){}" || exit 0
.../es5-ext@0.10.64/node_modules/es5-ext postinstall: Done

dependencies:
+ @frontify/fondue 12.0.0-beta.409

devDependencies:
+ tailwindcss 3.4.1

 WARN  Issues with peer dependencies found
examples/asset-upload
└─┬ @frontify/fondue 12.0.0-beta.409
  ├─┬ @xstate/immer 0.3.1
  │ └── ✕ unmet peer xstate@^4.29.0: found 4.28.1
  └─┬ @xstate/react 1.6.3
    └── ✕ unmet peer react@"^16.8.0 || ^17.0.0": found 18.2.0

packages/animation-curve-block
└─┬ @frontify/fondue 12.0.0-beta.409
  ├─┬ @xstate/immer 0.3.1
  │ └── ✕ unmet peer xstate@^4.29.0: found 4.28.1 in @frontify/fondue
  └─┬ @xstate/react 1.6.3
    └── ✕ unmet peer react@"^16.8.0 || ^17.0.0": found 18.2.0

packages/asset-kit-block
└─┬ @frontify/fondue 12.0.0-beta.409
  ├─┬ @xstate/immer 0.3.1
  │ └── ✕ unmet peer xstate@^4.29.0: found 4.28.1 in @frontify/fondue
  └─┬ @xstate/react 1.6.3
    └── ✕ unmet peer react@"^16.8.0 || ^17.0.0": found 18.2.0

packages/audio-block
└─┬ @frontify/fondue 12.0.0-beta.409
  ├─┬ @xstate/immer 0.3.1
  │ └── ✕ unmet peer xstate@^4.29.0: found 4.28.1 in @frontify/fondue
  └─┬ @xstate/react 1.6.3
    └── ✕ unmet peer react@"^16.8.0 || ^17.0.0": found 18.2.0

packages/brand-positioning-block
└─┬ @frontify/fondue 12.0.0-beta.409
  ├─┬ @xstate/immer 0.3.1
  │ └── ✕ unmet peer xstate@^4.29.0: found 4.28.1 in @frontify/fondue
  └─┬ @xstate/react 1.6.3
    └── ✕ unmet peer react@"^16.8.0 || ^17.0.0": found 18.2.0

packages/callout-block
└─┬ @frontify/fondue 12.0.0-beta.409
  ├─┬ @xstate/immer 0.3.1
  │ └── ✕ unmet peer xstate@^4.29.0: found 4.28.1 in @frontify/fondue
  └─┬ @xstate/react 1.6.3
    └── ✕ unmet peer react@"^16.8.0 || ^17.0.0": found 18.2.0

packages/checklist-block
└─┬ @frontify/fondue 12.0.0-beta.409
  ├─┬ @xstate/immer 0.3.1
  │ └── ✕ unmet peer xstate@^4.29.0: found 4.28.1 in @frontify/fondue
  └─┬ @xstate/react 1.6.3
    └── ✕ unmet peer react@"^16.8.0 || ^17.0.0": found 18.2.0

packages/code-snippet-block
└─┬ @frontify/fondue 12.0.0-beta.409
  ├─┬ @xstate/immer 0.3.1
  │ └── ✕ unmet peer xstate@^4.29.0: found 4.28.1 in @frontify/fondue
  └─┬ @xstate/react 1.6.3
    └── ✕ unmet peer react@"^16.8.0 || ^17.0.0": found 18.2.0

packages/color-block
└─┬ @frontify/fondue 12.0.0-beta.409
  ├─┬ @xstate/immer 0.3.1
  │ └── ✕ unmet peer xstate@^4.29.0: found 4.28.1 in @frontify/fondue
  └─┬ @xstate/react 1.6.3
    └── ✕ unmet peer react@"^16.8.0 || ^17.0.0": found 18.2.0

packages/color-kit-block
└─┬ @frontify/fondue 12.0.0-beta.409
  ├─┬ @xstate/immer 0.3.1
  │ └── ✕ unmet peer xstate@^4.29.0: found 4.28.1 in @frontify/fondue
  └─┬ @xstate/react 1.6.3
    └── ✕ unmet peer react@"^16.8.0 || ^17.0.0": found 18.2.0

packages/color-scale-block
└─┬ @frontify/fondue 12.0.0-beta.409
  ├─┬ @xstate/immer 0.3.1
  │ └── ✕ unmet peer xstate@^4.29.0: found 4.28.1 in @frontify/fondue
  └─┬ @xstate/react 1.6.3
    └── ✕ unmet peer react@"^16.8.0 || ^17.0.0": found 18.2.0

packages/compare-slider-block
└─┬ @frontify/fondue 12.0.0-beta.409
  ├─┬ @xstate/immer 0.3.1
  │ └── ✕ unmet peer xstate@^4.29.0: found 4.28.1 in @frontify/fondue
  └─┬ @xstate/react 1.6.3
    └── ✕ unmet peer react@"^16.8.0 || ^17.0.0": found 18.2.0

packages/divider-block
└─┬ @frontify/fondue 12.0.0-beta.409
  ├─┬ @xstate/immer 0.3.1
  │ └── ✕ unmet peer xstate@^4.29.0: found 4.28.1 in @frontify/fondue
  └─┬ @xstate/react 1.6.3
    └── ✕ unmet peer react@"^16.8.0 || ^17.0.0": found 18.2.0

packages/dos-donts-block
└─┬ @frontify/fondue 12.0.0-beta.409
  ├─┬ @xstate/immer 0.3.1
  │ └── ✕ unmet peer xstate@^4.29.0: found 4.28.1 in @frontify/fondue
  └─┬ @xstate/react 1.6.3
    └── ✕ unmet peer react@"^16.8.0 || ^17.0.0": found 18.2.0

packages/example
└─┬ @frontify/fondue 12.0.0-beta.409
  ├─┬ @xstate/immer 0.3.1
  │ └── ✕ unmet peer xstate@^4.29.0: found 4.28.1 in @frontify/fondue
  └─┬ @xstate/react 1.6.3
    └── ✕ unmet peer react@"^16.8.0 || ^17.0.0": found 18.2.0

packages/figma-block
└─┬ @frontify/fondue 12.0.0-beta.409
  ├─┬ @xstate/immer 0.3.1
  │ └── ✕ unmet peer xstate@^4.29.0: found 4.28.1 in @frontify/fondue
  └─┬ @xstate/react 1.6.3
    └── ✕ unmet peer react@"^16.8.0 || ^17.0.0": found 18.2.0

packages/glyphs-block
└─┬ @frontify/fondue 12.0.0-beta.409
  ├─┬ @xstate/immer 0.3.1
  │ └── ✕ unmet peer xstate@^4.29.0: found 4.28.1 in @frontify/fondue
  └─┬ @xstate/react 1.6.3
    └── ✕ unmet peer react@"^16.8.0 || ^17.0.0": found 18.2.0

packages/gradient-block
└─┬ @frontify/fondue 12.0.0-beta.409
  ├─┬ @xstate/immer 0.3.1
  │ └── ✕ unmet peer xstate@^4.29.0: found 4.28.1 in @frontify/fondue
  └─┬ @xstate/react 1.6.3
    └── ✕ unmet peer react@"^16.8.0 || ^17.0.0": found 18.2.0

packages/image-block
└─┬ @frontify/fondue 12.0.0-beta.409
  ├─┬ @xstate/immer 0.3.1
  │ └── ✕ unmet peer xstate@^4.29.0: found 4.28.1 in @frontify/fondue
  └─┬ @xstate/react 1.6.3
    └── ✕ unmet peer react@"^16.8.0 || ^17.0.0": found 18.2.0

packages/personal-note-block
└─┬ @frontify/fondue 12.0.0-beta.409
  ├─┬ @xstate/immer 0.3.1
  │ └── ✕ unmet peer xstate@^4.29.0: found 4.28.1 in @frontify/fondue
  └─┬ @xstate/react 1.6.3
    └── ✕ unmet peer react@"^16.8.0 || ^17.0.0": found 18.2.0

packages/quote-block
└─┬ @frontify/fondue 12.0.0-beta.409
  ├─┬ @xstate/immer 0.3.1
  │ └── ✕ unmet peer xstate@^4.29.0: found 4.28.1 in @frontify/fondue
  └─┬ @xstate/react 1.6.3
    └── ✕ unmet peer react@"^16.8.0 || ^17.0.0": found 18.2.0

packages/shared
├─┬ msw 1.3.2
│ └── ✕ unmet peer typescript@">= 4.4.x <= 5.2.x": found 5.3.3
└─┬ @frontify/fondue 12.0.0-beta.409
  ├─┬ @xstate/immer 0.3.1
  │ └── ✕ unmet peer xstate@^4.29.0: found 4.28.1 in @frontify/fondue
  └─┬ @xstate/react 1.6.3
    └── ✕ unmet peer react@"^16.8.0 || ^17.0.0": found 18.2.0

packages/sketchfab-block
└─┬ @frontify/fondue 12.0.0-beta.409
  ├─┬ @xstate/immer 0.3.1
  │ └── ✕ unmet peer xstate@^4.29.0: found 4.28.1 in @frontify/fondue
  └─┬ @xstate/react 1.6.3
    └── ✕ unmet peer react@"^16.8.0 || ^17.0.0": found 18.2.0

packages/storybook-block
└─┬ @frontify/fondue 12.0.0-beta.409
  ├─┬ @xstate/immer 0.3.1
  │ └── ✕ unmet peer xstate@^4.29.0: found 4.28.1 in @frontify/fondue
  └─┬ @xstate/react 1.6.3
    └── ✕ unmet peer react@"^16.8.0 || ^17.0.0": found 18.2.0

packages/template-block
└─┬ @frontify/fondue 12.0.0-beta.409
  ├─┬ @xstate/immer 0.3.1
  │ └── ✕ unmet peer xstate@^4.29.0: found 4.28.1 in @frontify/fondue
  └─┬ @xstate/react 1.6.3
    └── ✕ unmet peer react@"^16.8.0 || ^17.0.0": found 18.2.0

packages/text-block
└─┬ @frontify/fondue 12.0.0-beta.409
  ├─┬ @xstate/immer 0.3.1
  │ └── ✕ unmet peer xstate@^4.29.0: found 4.28.1 in @frontify/fondue
  └─┬ @xstate/react 1.6.3
    └── ✕ unmet peer react@"^16.8.0 || ^17.0.0": found 18.2.0

packages/thumbnail-grid-block
└─┬ @frontify/fondue 12.0.0-beta.409
  ├─┬ @xstate/immer 0.3.1
  │ └── ✕ unmet peer xstate@^4.29.0: found 4.28.1 in @frontify/fondue
  └─┬ @xstate/react 1.6.3
    └── ✕ unmet peer react@"^16.8.0 || ^17.0.0": found 18.2.0

packages/ui-pattern-block
└─┬ @frontify/fondue 12.0.0-beta.409
  ├─┬ @xstate/immer 0.3.1
  │ └── ✕ unmet peer xstate@^4.29.0: found 4.28.1 in @frontify/fondue
  └─┬ @xstate/react 1.6.3
    └── ✕ unmet peer react@"^16.8.0 || ^17.0.0": found 18.2.0

Done in 1m 41.7s
+ jq -cr '
        .[]
        | [.dependencies, .devDependencies, .optionalDependencies]
        | map(select(.))[]
        | to_entries
        | map({ name: .key, version: .value.version })
        | sort_by(.name)[]
      '
+ pnpm ls --json
+ exitcode=0
+ set -e
+ [[ 0 != \0 ]]
++ jq -sr 'map(select(.name == "tailwindcss")) | first | .version'
+ tailwind_package_version=3.4.1
+ tailwind_config_exporter=tailwind.config.exporter2.cjs
+ '[' -f node_modules/tailwindcss/lib/lib/load-config.js ']'
+ tailwind_config_exporter=tailwind.config.exporter3.mjs
+ cp /twcr/worker/../worker/tailwind.config.exporter3.mjs ./
+ set +e
+ node ./tailwind.config.exporter3.mjs tailwind.config.js
+ exitcode=0
+ set -e
+ [[ 0 != \0 ]]
+ echo 'module.exports={plugins:['
+ jq -rs '
        map(select(.name | startswith("@tailwindcss/")))
        | map("require(" + ( .name | tojson ) + "),")[]
      '
+ grep -Ev '"@tailwindcss/postcss7-compat"'
+ true
+ echo ']}'
+ cat tailwind.config.js
+ sed 's/^/>>> /'
>>> module.exports={plugins:[
>>> ]}
+ node ./tailwind.config.exporter3.mjs tailwind.config.js
++ date -u +%Y-%m-%dT%H:%M:%SZ
+ writetaskstat timestamp_attempt_squash_end 2024-03-05T11:28:11Z
+ jq -nc --arg key timestamp_attempt_squash_end --arg value 2024-03-05T11:28:11Z '{ key: $key, value: $value }'
+ break
++ date -u +%Y-%m-%dT%H:%M:%SZ
+ writetaskstat timestamp_end 2024-03-05T11:28:11Z
+ jq -nc --arg key timestamp_end --arg value 2024-03-05T11:28:11Z '{ key: $key, value: $value }'
+ rm /twcr/mnt/results/extract-failed
+ touch /twcr/mnt/results/extract-completed
