==== RUN-DOCKER
+++ dirname -- ./worker/run.sh
++ cd -- ./worker
++ pwd
+ twcrdir=/twcr/worker/..
+ repo=github.com/shamscorner/electron-vite-ts-stackter
+ reporef=main
+ repopath=./
+ '[' true == true ']'
+ grep -q '^././'
++ echo github.com/shamscorner/electron-vite-ts-stackter
++ sha256sum
++ awk '{ print $1 }'
++ cut -c1-12
+ procdir=/tmp/twcr-5e759408256c
++ echo 'github.com/shamscorner/electron-vite-ts-stackter;main;./'
++ sha256sum
++ awk '{ print $1 }'
++ cut -c1-12
+ datadir=/twcr/worker/../mnt/dataset/data/1582223388d0
+ '[' '!' -z /twcr/mnt/results ']'
+ datadir=/twcr/mnt/results
+ touch /twcr/mnt/results/extract-failed
++ base64
++ tr -d =
++ tr /+ _-
++ base64
++ tr -d =
++ tr /+ _-
+ writetaskstat analysis_key github.com/shamscorner/electron-vite-ts-stackter/bWFpbgo/Li8K
+ jq -nc --arg key analysis_key --arg value github.com/shamscorner/electron-vite-ts-stackter/bWFpbgo/Li8K '{ key: $key, value: $value }'
++ date -u +%Y%m%d%H%M%S
++ sha256sum
++ awk '{ print $1 }'
++ cut -c1-16
++ head -c 32 /dev/urandom
+ writetaskstat analysis_nonce 4768b54a1820ee47
+ jq -nc --arg key analysis_nonce --arg value 4768b54a1820ee47 '{ key: $key, value: $value }'
+ writetaskstat input_repo_name github.com/shamscorner/electron-vite-ts-stackter
+ jq -nc --arg key input_repo_name --arg value github.com/shamscorner/electron-vite-ts-stackter '{ key: $key, value: $value }'
+ writetaskstat input_repo_ref main
+ jq -nc --arg key input_repo_ref --arg value main '{ key: $key, value: $value }'
+ writetaskstat input_repo_path ./
+ jq -nc --arg key input_repo_path --arg value ./ '{ key: $key, value: $value }'
++ date -u +%Y-%m-%dT%H:%M:%SZ
+ writetaskstat timestamp_begin 2024-03-05T10:24:42Z
+ jq -nc --arg key timestamp_begin --arg value 2024-03-05T10:24:42Z '{ key: $key, value: $value }'
+ mkdir -p /tmp/twcr-5e759408256c
+ pushd /tmp/twcr-5e759408256c
+ '[' -d .git ']'
/tmp/twcr-5e759408256c /twcr
+ git clone --depth=1 -b main https://github.com/shamscorner/electron-vite-ts-stackter.git .
Cloning into '.'...
++ date -u +%Y-%m-%dT%H:%M:%SZ
+ writetaskstat timestamp_git_clone_complete 2024-03-05T10:24:43Z
+ jq -nc --arg key timestamp_git_clone_complete --arg value 2024-03-05T10:24:43Z '{ key: $key, value: $value }'
++ git rev-parse HEAD
+ writetaskstat exec_repo_commit_sha 3b2c853978b27913026f9729598fb2d4b2797237
+ jq -nc --arg key exec_repo_commit_sha --arg value 3b2c853978b27913026f9729598fb2d4b2797237 '{ key: $key, value: $value }'
+++ git show --no-patch --format=%ci
++ date -u --date '2023-01-09 00:53:43 +0600' +%Y-%m-%dT%H:%M:%SZ
+ writetaskstat exec_repo_commit_date 2023-01-08T18:53:43Z
+ jq -nc --arg key exec_repo_commit_date --arg value 2023-01-08T18:53:43Z '{ key: $key, value: $value }'
/tmp/twcr-5e759408256c /tmp/twcr-5e759408256c /twcr
+ '[' -z ./ ']'
+ pushd ./
+ tailwind_config_file_name=
+ '[' -f tailwind.config.js ']'
+ tailwind_config_file_name=tailwind.config.js
+ writetaskstat exec_tailwind_config_file tailwind.config.js
+ jq -nc --arg key exec_tailwind_config_file --arg value tailwind.config.js '{ key: $key, value: $value }'
+ cp tailwind.config.js /twcr/mnt/results/extract-raw-tailwind-config.js
+ '[' '!' -f package.json ']'
+ cp package.json /twcr/mnt/results/extract-raw-package.json
++ /twcr/worker/../worker/pm-detect.sh /tmp/twcr-5e759408256c
+ package_manager_name=pnpm
+ '[' -z pnpm ']'
+ '[' -z pnpm ']'
+ writetaskstat exec_node_package_manager pnpm
+ jq -nc --arg key exec_node_package_manager --arg value pnpm '{ key: $key, value: $value }'
+ attempt_mode=squash
+ true
++ date -u +%Y-%m-%dT%H:%M:%SZ
+ writetaskstat timestamp_attempt_squash_begin 2024-03-05T10:24:43Z
+ jq -nc --arg key timestamp_attempt_squash_begin --arg value 2024-03-05T10:24:43Z '{ key: $key, value: $value }'
+ [[ squash == \s\q\u\a\s\h ]]
+ set +e
+ node /twcr/worker/../worker/squash-package.mjs tailwind.config.js
+ exitcode=0
+ set -e
+ [[ 0 != \0 ]]
+ cat package.json
+ sed 's/^/>>> /'
>>> {
>>>   "name": "electron-vite-ts-stackter",
>>>   "version": "1.0.0",
>>>   "description": "An Electron + Vue 3 starter project setup with Vite, Typescript, Vue-Router, Pinia, Eslint, Prettier, Tailwind CSS, and some custom preferences.",
>>>   "author": "Shamim Hossain Twitter<@shamscorner>",
>>>   "license": "MIT",
>>>   "private": true,
>>>   "main": "dist-electron/main/index.js",
>>>   "keywords": [
>>>     "electron",
>>>     "rollup",
>>>     "vite",
>>>     "vue3",
>>>     "vue"
>>>   ],
>>>   "debug": {
>>>     "env": {
>>>       "VITE_DEV_SERVER_URL": "http://127.0.0.1:3344/"
>>>     }
>>>   },
>>>   "devDependencies": {
>>>     "tailwindcss": "^3.2.4"
>>>   }
>>> }+ rm -f package-lock.json pnpm-lock.yaml yarn.lock
+ '[' ./ '!=' ./ ']'
+ set +e
+ /twcr/worker/../worker/pm-install.sh pnpm /tmp/twcr-5e759408256c /twcr/mnt/results
+ package_manager_name=pnpm
+ procdir=/tmp/twcr-5e759408256c
+ datadir=/twcr/mnt/results
+ case "${package_manager_name}" in
+ '[' '!' -f /tmp/twcr-5e759408256c/package.json ']'
++ pnpm -v
+ sed -Ei 's/("pnpm": ")(.+)(")/\18.15.4\3/' /tmp/twcr-5e759408256c/package.json
+ '[' '!' -f package.json ']'
++ pnpm -v
+ sed -Ei 's/("pnpm": ")(.+)(")/\18.15.4\3/' package.json
+ pnpm install
Progress: resolved 1, reused 0, downloaded 0, added 0
Progress: resolved 26, reused 0, downloaded 22, added 0
Progress: resolved 62, reused 0, downloaded 54, added 0
Progress: resolved 95, reused 0, downloaded 86, added 0
Packages: +105
++++++++++++++++++++++++++++++++++++++++++++++++++++++++++++++++++++++++++++++++
Progress: resolved 106, reused 0, downloaded 105, added 105, done

devDependencies:
+ tailwindcss 3.4.1

Done in 4.6s
+ pnpm ls --json
+ jq -cr '
        .[]
        | [.dependencies, .devDependencies, .optionalDependencies]
        | map(select(.))[]
        | to_entries
        | map({ name: .key, version: .value.version })
        | sort_by(.name)[]
      '
+ exitcode=0
+ set -e
+ [[ 0 != \0 ]]
++ jq -sr 'map(select(.name == "tailwindcss")) | first | .version'
+ tailwind_package_version=3.4.1
+ tailwind_config_exporter=tailwind.config.exporter2.cjs
+ '[' -f node_modules/tailwindcss/lib/lib/load-config.js ']'
+ tailwind_config_exporter=tailwind.config.exporter3.mjs
+ cp /twcr/worker/../worker/tailwind.config.exporter3.mjs ./
+ set +e
+ node ./tailwind.config.exporter3.mjs tailwind.config.js
+ exitcode=0
+ set -e
+ [[ 0 != \0 ]]
+ echo 'module.exports={plugins:['
+ jq -rs '
        map(select(.name | startswith("@tailwindcss/")))
        | map("require(" + ( .name | tojson ) + "),")[]
      '
+ grep -Ev '"@tailwindcss/postcss7-compat"'
+ true
+ echo ']}'
+ cat tailwind.config.js
+ sed 's/^/>>> /'
>>> module.exports={plugins:[
>>> ]}
+ node ./tailwind.config.exporter3.mjs tailwind.config.js
++ date -u +%Y-%m-%dT%H:%M:%SZ
+ writetaskstat timestamp_attempt_squash_end 2024-03-05T10:24:49Z
+ jq -nc --arg key timestamp_attempt_squash_end --arg value 2024-03-05T10:24:49Z '{ key: $key, value: $value }'
+ break
++ date -u +%Y-%m-%dT%H:%M:%SZ
+ writetaskstat timestamp_end 2024-03-05T10:24:49Z
+ jq -nc --arg key timestamp_end --arg value 2024-03-05T10:24:49Z '{ key: $key, value: $value }'
+ rm /twcr/mnt/results/extract-failed
+ touch /twcr/mnt/results/extract-completed
