==== RUN-DOCKER
+++ dirname -- ./worker/run.sh
++ cd -- ./worker
++ pwd
+ twcrdir=/twcr/worker/..
+ repo=github.com/indielayer/ui
+ reporef=main
+ repopath=./packages/ui
+ '[' true == true ']'
+ grep -q '^././'
++ echo github.com/indielayer/ui
++ sha256sum
++ awk '{ print $1 }'
++ cut -c1-12
+ procdir=/tmp/twcr-284452382521
++ echo 'github.com/indielayer/ui;main;./packages/ui'
++ sha256sum
++ awk '{ print $1 }'
++ cut -c1-12
+ datadir=/twcr/worker/../mnt/dataset/data/10f37de872de
+ '[' '!' -z /twcr/mnt/results ']'
+ datadir=/twcr/mnt/results
+ touch /twcr/mnt/results/extract-failed
++ base64
++ tr -d =
++ tr /+ _-
++ base64
++ tr -d =
++ tr /+ _-
+ writetaskstat analysis_key github.com/indielayer/ui/bWFpbgo/Li9wYWNrYWdlcy91aQo
+ jq -nc --arg key analysis_key --arg value github.com/indielayer/ui/bWFpbgo/Li9wYWNrYWdlcy91aQo '{ key: $key, value: $value }'
++ date -u +%Y%m%d%H%M%S
++ sha256sum
++ awk '{ print $1 }'
++ cut -c1-16
++ head -c 32 /dev/urandom
+ writetaskstat analysis_nonce 6c4f690c35512f6c
+ jq -nc --arg key analysis_nonce --arg value 6c4f690c35512f6c '{ key: $key, value: $value }'
+ writetaskstat input_repo_name github.com/indielayer/ui
+ jq -nc --arg key input_repo_name --arg value github.com/indielayer/ui '{ key: $key, value: $value }'
+ writetaskstat input_repo_ref main
+ jq -nc --arg key input_repo_ref --arg value main '{ key: $key, value: $value }'
+ writetaskstat input_repo_path ./packages/ui
+ jq -nc --arg key input_repo_path --arg value ./packages/ui '{ key: $key, value: $value }'
++ date -u +%Y-%m-%dT%H:%M:%SZ
+ writetaskstat timestamp_begin 2024-03-05T01:34:25Z
+ jq -nc --arg key timestamp_begin --arg value 2024-03-05T01:34:25Z '{ key: $key, value: $value }'
+ mkdir -p /tmp/twcr-284452382521
/tmp/twcr-284452382521 /twcr
+ pushd /tmp/twcr-284452382521
+ '[' -d .git ']'
+ git clone --depth=1 -b main https://github.com/indielayer/ui.git .
Cloning into '.'...
++ date -u +%Y-%m-%dT%H:%M:%SZ
+ writetaskstat timestamp_git_clone_complete 2024-03-05T01:34:26Z
+ jq -nc --arg key timestamp_git_clone_complete --arg value 2024-03-05T01:34:26Z '{ key: $key, value: $value }'
++ git rev-parse HEAD
+ writetaskstat exec_repo_commit_sha 9a355903189eee89835af189bdb8e3fe848c015b
+ jq -nc --arg key exec_repo_commit_sha --arg value 9a355903189eee89835af189bdb8e3fe848c015b '{ key: $key, value: $value }'
+++ git show --no-patch --format=%ci
++ date -u --date '2024-02-23 11:00:04 +0000' +%Y-%m-%dT%H:%M:%SZ
+ writetaskstat exec_repo_commit_date 2024-02-23T11:00:04Z
+ jq -nc --arg key exec_repo_commit_date --arg value 2024-02-23T11:00:04Z '{ key: $key, value: $value }'
+ '[' -z ./packages/ui ']'
+ pushd ./packages/ui
+ tailwind_config_file_name=
+ '[' -f tailwind.config.js ']'
+ tailwind_config_file_name=tailwind.config.js
+ writetaskstat exec_tailwind_config_file tailwind.config.js
+ jq -nc --arg key exec_tailwind_config_file --arg value tailwind.config.js '{ key: $key, value: $value }'
/tmp/twcr-284452382521/packages/ui /tmp/twcr-284452382521 /twcr
+ cp tailwind.config.js /twcr/mnt/results/extract-raw-tailwind-config.js
+ '[' '!' -f package.json ']'
+ cp package.json /twcr/mnt/results/extract-raw-package.json
++ /twcr/worker/../worker/pm-detect.sh /tmp/twcr-284452382521/packages/ui
+ package_manager_name=pnpm
+ '[' -z pnpm ']'
+ '[' -z pnpm ']'
+ writetaskstat exec_node_package_manager pnpm
+ jq -nc --arg key exec_node_package_manager --arg value pnpm '{ key: $key, value: $value }'
+ attempt_mode=squash
+ true
++ date -u +%Y-%m-%dT%H:%M:%SZ
+ writetaskstat timestamp_attempt_squash_begin 2024-03-05T01:34:26Z
+ jq -nc --arg key timestamp_attempt_squash_begin --arg value 2024-03-05T01:34:26Z '{ key: $key, value: $value }'
+ [[ squash == \s\q\u\a\s\h ]]
+ set +e
+ node /twcr/worker/../worker/squash-package.mjs tailwind.config.js
+ exitcode=0
+ set -e
+ [[ 0 != \0 ]]
+ cat package.json
+ sed 's/^/>>> /'
+ rm -f package-lock.json pnpm-lock.yaml yarn.lock
>>> {
>>>   "name": "@indielayer/ui",
>>>   "version": "1.6.2",
>>>   "description": "Indielayer UI Components with Tailwind CSS build for Vue 3",
>>>   "author": {
>>>     "name": "João Teixeira",
>>>     "url": "https://indielayer.com/"
>>>   },
>>>   "keywords": [
>>>     "vue",
>>>     "vue 3",
>>>     "tailwindcss",
>>>     "components",
>>>     "ui framework",
>>>     "component framework",
>>>     "ui library",
>>>     "component library",
>>>     "indielayer"
>>>   ],
>>>   "files": [
>>>     "lib",
>>>     "src",
>>>     "docs",
>>>     "*.d.ts",
>>>     "exports",
>>>     "README.md"
>>>   ],
>>>   "type": "module",
>>>   "main": "lib/index.umd.js",
>>>   "module": "lib/index.js",
>>>   "types": "lib/index.d.ts",
>>>   "exports": {
>>>     ".": {
>>>       "import": "./lib/index.js",
>>>       "require": "./lib/index.umd.js",
>>>       "types": "./lib/index.d.ts"
>>>     },
>>>     "./docs/*": "./docs/*",
>>>     "./nuxt": "./exports/nuxt.mjs",
>>>     "./nuxt.plugin": "./exports/nuxt.plugin.js",
>>>     "./nuxt.plugin.js": "./exports/nuxt.plugin.js",
>>>     "./tailwind.preset": "./exports/tailwind.preset.js",
>>>     "./tailwind.preset.js": "./exports/tailwind.preset.js"
>>>   },
>>>   "sideEffects": false,
>>>   "peerDependencies": {
>>>     "tailwindcss": "^3.0.0"
>>>   },
>>>   "devDependencies": {
>>>     "tailwindcss": "^3.3.2"
>>>   },
>>>   "browserslist": [
>>>     "> 1%",
>>>     "last 2 versions",
>>>     "not dead"
>>>   ],
>>>   "bugs": {
>>>     "url": "https://github.com/indielayer/ui/issues"
>>>   },
>>>   "homepage": "https://github.com/indielayer/ui#readme",
>>>   "license": "MIT",
>>>   "repository": {
>>>     "type": "git",
>>>     "url": "git+https://github.com/indielayer/ui.git"
>>>   },
>>>   "publishConfig": {
>>>     "access": "public"
>>>   }
>>> }+ '[' ./packages/ui '!=' ./ ']'
+ rm -f /tmp/twcr-284452382521/package.json /tmp/twcr-284452382521/package-lock.json /tmp/twcr-284452382521/pnpm-lock.yaml /tmp/twcr-284452382521/yarn.lock
+ set +e
+ /twcr/worker/../worker/pm-install.sh pnpm /tmp/twcr-284452382521 /twcr/mnt/results
+ package_manager_name=pnpm
+ procdir=/tmp/twcr-284452382521
+ datadir=/twcr/mnt/results
+ case "${package_manager_name}" in
+ '[' '!' -f /tmp/twcr-284452382521/package.json ']'
+ '[' '!' -f package.json ']'
++ pnpm -v
+ sed -Ei 's/("pnpm": ")(.+)(")/\18.15.4\3/' package.json
+ pnpm install
Scope: all 4 workspace projects
../..                                    | Progress: resolved 1, reused 0, downloaded 0, added 0
../..                                    | Progress: resolved 30, reused 0, downloaded 27, added 0
../..                                    | Progress: resolved 72, reused 0, downloaded 35, added 0
../..                                    | Progress: resolved 111, reused 0, downloaded 80, added 0
../..                                    | Progress: resolved 141, reused 0, downloaded 105, added 0
../..                                    | Progress: resolved 181, reused 0, downloaded 141, added 0
../..                                    | Progress: resolved 219, reused 0, downloaded 181, added 0
../..                                    | Progress: resolved 263, reused 0, downloaded 219, added 0
../..                                    | Progress: resolved 297, reused 0, downloaded 255, added 0
../..                                    | Progress: resolved 337, reused 0, downloaded 291, added 0
../..                                    | Progress: resolved 384, reused 0, downloaded 314, added 0
../..                                    | Progress: resolved 418, reused 0, downloaded 345, added 0
/tmp/twcr-284452382521/packages/demo-nuxt:
 ERR_PNPM_NO_MATCHING_VERSION  No matching version found for @unhead/shared@1.8.11

This error happened while installing the dependencies of nuxt@3.10.3
 at @unhead/ssr@1.8.11

The latest release of @unhead/shared is "1.8.10".

Other releases are:
  * beta: 1.8.0-beta.15

If you need the full list of all 89 published versions run "$ pnpm view @unhead/shared versions".
../..                                    | Progress: resolved 478, reused 0, downloaded 381, added 0
+ exitcode=1
+ set -e
+ [[ 1 != \0 ]]
+ [[ squash == \s\q\u\a\s\h ]]
+ echo '[worker] WARN: package manager failed; retrying with full install'
[worker] WARN: package manager failed; retrying with full install
+ attempt_mode=full
+ continue
+ true
++ date -u +%Y-%m-%dT%H:%M:%SZ
+ writetaskstat timestamp_attempt_full_begin 2024-03-05T01:34:40Z
+ jq -nc --arg key timestamp_attempt_full_begin --arg value 2024-03-05T01:34:40Z '{ key: $key, value: $value }'
+ [[ full == \s\q\u\a\s\h ]]
+ git clean -fdx
+ git reset --hard
HEAD is now at 9a35590 chore: release packages (#61)
+ set +e
+ /twcr/worker/../worker/pm-install.sh pnpm /tmp/twcr-284452382521 /twcr/mnt/results
+ package_manager_name=pnpm
+ procdir=/tmp/twcr-284452382521
+ datadir=/twcr/mnt/results
+ case "${package_manager_name}" in
+ '[' '!' -f /tmp/twcr-284452382521/package.json ']'
++ pnpm -v
+ sed -Ei 's/("pnpm": ")(.+)(")/\18.15.4\3/' /tmp/twcr-284452382521/package.json
+ '[' '!' -f package.json ']'
++ pnpm -v
+ sed -Ei 's/("pnpm": ")(.+)(")/\18.15.4\3/' package.json
+ pnpm install
Scope: all 5 workspace projects
../..                                    | Progress: resolved 1, reused 0, downloaded 0, added 0
../..                                    |    +1440 ++++++++++++++++++++++++++++
../..                                    | Progress: resolved 1440, reused 274, downloaded 21, added 300
../..                                    | Progress: resolved 1440, reused 274, downloaded 92, added 374
../..                                    | Progress: resolved 1440, reused 274, downloaded 164, added 447
../..                                    | Progress: resolved 1440, reused 274, downloaded 236, added 525
../..                                    | Progress: resolved 1440, reused 274, downloaded 317, added 605
../..                                    | Progress: resolved 1440, reused 274, downloaded 377, added 669
../..                                    | Progress: resolved 1440, reused 274, downloaded 455, added 747
../..                                    | Progress: resolved 1440, reused 274, downloaded 524, added 817
../..                                    | Progress: resolved 1440, reused 274, downloaded 599, added 892
../..                                    | Progress: resolved 1440, reused 274, downloaded 666, added 965
../..                                    | Progress: resolved 1440, reused 274, downloaded 736, added 1037
../..                                    | Progress: resolved 1440, reused 274, downloaded 810, added 1106
../..                                    | Progress: resolved 1440, reused 274, downloaded 878, added 1179
../..                                    | Progress: resolved 1440, reused 274, downloaded 937, added 1243
../..                                    | Progress: resolved 1440, reused 274, downloaded 1009, added 1315
../..                                    | Progress: resolved 1440, reused 274, downloaded 1079, added 1386
../..                                    | Progress: resolved 1440, reused 274, downloaded 1130, added 1440, done
.../node_modules/simple-git-hooks postinstall$ node ./postinstall.js
.../node_modules/vue-demi postinstall$ node ./scripts/postinstall.js
.../node_modules/vue-demi postinstall$ node ./scripts/postinstall.js
.../node_modules/simple-git-hooks postinstall: [INFO] Successfully set the pre-commit with command: npm exec lint-staged --concurrent false
.../node_modules/simple-git-hooks postinstall: [INFO] Successfully set the commit-msg with command: npm exec tsx .scripts/verifyCommit.ts $1
.../node_modules/simple-git-hooks postinstall: Done
.../node_modules/vue-demi postinstall: Done
.../node_modules/vue-demi postinstall: Done
.../esbuild@0.14.36/node_modules/esbuild postinstall$ node install.js
.../esbuild@0.18.20/node_modules/esbuild postinstall$ node install.js
.../esbuild@0.19.5/node_modules/esbuild postinstall$ node install.js
.../esbuild@0.20.0/node_modules/esbuild postinstall$ node install.js
.../esbuild@0.19.12/node_modules/esbuild postinstall$ node install.js
.../esbuild@0.14.36/node_modules/esbuild postinstall: Done
.../esbuild@0.18.20/node_modules/esbuild postinstall: Done
.../esbuild@0.19.5/node_modules/esbuild postinstall: Done
.../esbuild@0.20.0/node_modules/esbuild postinstall: Done
.../esbuild@0.19.12/node_modules/esbuild postinstall: Done

devDependencies:
+ @indielayer/stylelint-config 1.0.0
+ @rushstack/eslint-patch 1.3.2
+ @tsconfig/node18 2.0.1
+ @types/jsdom 21.1.1
+ @types/node 18.16.18
+ @vitejs/plugin-vue 4.2.3
+ @vitejs/plugin-vue-jsx 3.0.1
+ @vue/test-utils 2.4.0
+ @vue/tsconfig 0.4.0
+ @vuepic/vue-datepicker 8.0.0
+ @vueuse/core 10.2.0
+ autoprefixer 10.4.0
+ c8 7.12.0
+ clean-css 5.3.0
+ eslint 8.43.0
+ floating-vue 5.2.2
+ fuse.js 7.0.0
+ jsdom 22.1.0
+ postcss 8.4.24
+ rollup-plugin-visualizer 5.9.2
+ shiki 1.0.0-beta.1
+ stylelint 14.16.1
+ tailwindcss 3.3.2
+ typescript 5.2.2
+ vite 4.5.0
+ vitest 0.32.2
+ vue 3.3.9
+ vue-router 4.2.5
+ vue-tsc 1.8.2

../.. prepare$ is-ci || simple-git-hooks
../.. prepare: [INFO] Successfully set the pre-commit with command: npm exec lint-staged --concurrent false
../.. prepare: [INFO] Successfully set the commit-msg with command: npm exec tsx .scripts/verifyCommit.ts $1
../.. prepare: [INFO] Successfully set all git hooks
../.. prepare: Done
Done in 19.8s
+ pnpm ls --json
+ jq -cr '
        .[]
        | [.dependencies, .devDependencies, .optionalDependencies]
        | map(select(.))[]
        | to_entries
        | map({ name: .key, version: .value.version })
        | sort_by(.name)[]
      '
+ exitcode=0
+ set -e
+ [[ 0 != \0 ]]
++ jq -sr 'map(select(.name == "tailwindcss")) | first | .version'
+ tailwind_package_version=3.3.2
+ tailwind_config_exporter=tailwind.config.exporter2.cjs
+ '[' -f node_modules/tailwindcss/lib/lib/load-config.js ']'
+ tailwind_config_exporter=tailwind.config.exporter3.mjs
+ cp /twcr/worker/../worker/tailwind.config.exporter3.mjs ./
+ set +e
+ node ./tailwind.config.exporter3.mjs tailwind.config.js
+ exitcode=0
+ set -e
+ [[ 0 != \0 ]]
+ echo 'module.exports={plugins:['
+ jq -rs '
        map(select(.name | startswith("@tailwindcss/")))
        | map("require(" + ( .name | tojson ) + "),")[]
      '
+ grep -Ev '"@tailwindcss/postcss7-compat"'
+ true
+ echo ']}'
+ cat tailwind.config.js
+ sed 's/^/>>> /'
>>> module.exports={plugins:[
>>> ]}
+ node ./tailwind.config.exporter3.mjs tailwind.config.js
++ date -u +%Y-%m-%dT%H:%M:%SZ
+ writetaskstat timestamp_attempt_full_end 2024-03-05T01:35:01Z
+ jq -nc --arg key timestamp_attempt_full_end --arg value 2024-03-05T01:35:01Z '{ key: $key, value: $value }'
+ break
++ date -u +%Y-%m-%dT%H:%M:%SZ
+ writetaskstat timestamp_end 2024-03-05T01:35:01Z
+ jq -nc --arg key timestamp_end --arg value 2024-03-05T01:35:01Z '{ key: $key, value: $value }'
+ rm /twcr/mnt/results/extract-failed
+ touch /twcr/mnt/results/extract-completed
