==== RUN-DOCKER
+++ dirname -- ./worker/run.sh
++ cd -- ./worker
++ pwd
+ twcrdir=/twcr/worker/..
+ repo=github.com/ryanccn/moddermore
+ reporef=main
+ repopath=./
+ '[' true == true ']'
+ grep -q '^././'
++ echo github.com/ryanccn/moddermore
++ sha256sum
++ awk '{ print $1 }'
++ cut -c1-12
+ procdir=/tmp/twcr-48306d601ee1
++ echo 'github.com/ryanccn/moddermore;main;./'
++ sha256sum
++ awk '{ print $1 }'
++ cut -c1-12
+ datadir=/twcr/worker/../mnt/dataset/data/a692b6e93634
+ '[' '!' -z /twcr/mnt/results ']'
+ datadir=/twcr/mnt/results
+ touch /twcr/mnt/results/extract-failed
++ base64
++ tr -d =
++ tr /+ _-
++ base64
++ tr -d =
++ tr /+ _-
+ writetaskstat analysis_key github.com/ryanccn/moddermore/bWFpbgo/Li8K
+ jq -nc --arg key analysis_key --arg value github.com/ryanccn/moddermore/bWFpbgo/Li8K '{ key: $key, value: $value }'
++ date -u +%Y%m%d%H%M%S
++ sha256sum
++ awk '{ print $1 }'
++ cut -c1-16
++ head -c 32 /dev/urandom
+ writetaskstat analysis_nonce cac189321e51dd90
+ jq -nc --arg key analysis_nonce --arg value cac189321e51dd90 '{ key: $key, value: $value }'
+ writetaskstat input_repo_name github.com/ryanccn/moddermore
+ jq -nc --arg key input_repo_name --arg value github.com/ryanccn/moddermore '{ key: $key, value: $value }'
+ writetaskstat input_repo_ref main
+ jq -nc --arg key input_repo_ref --arg value main '{ key: $key, value: $value }'
+ writetaskstat input_repo_path ./
+ jq -nc --arg key input_repo_path --arg value ./ '{ key: $key, value: $value }'
++ date -u +%Y-%m-%dT%H:%M:%SZ
+ writetaskstat timestamp_begin 2024-03-05T05:02:27Z
+ jq -nc --arg key timestamp_begin --arg value 2024-03-05T05:02:27Z '{ key: $key, value: $value }'
+ mkdir -p /tmp/twcr-48306d601ee1
/tmp/twcr-48306d601ee1 /twcr
+ pushd /tmp/twcr-48306d601ee1
+ '[' -d .git ']'
+ git clone --depth=1 -b main https://github.com/ryanccn/moddermore.git .
Cloning into '.'...
++ date -u +%Y-%m-%dT%H:%M:%SZ
+ writetaskstat timestamp_git_clone_complete 2024-03-05T05:02:28Z
+ jq -nc --arg key timestamp_git_clone_complete --arg value 2024-03-05T05:02:28Z '{ key: $key, value: $value }'
++ git rev-parse HEAD
+ writetaskstat exec_repo_commit_sha 8b5de3d6ff80e9f6daf5e9217fc08b199ebc0f24
+ jq -nc --arg key exec_repo_commit_sha --arg value 8b5de3d6ff80e9f6daf5e9217fc08b199ebc0f24 '{ key: $key, value: $value }'
+++ git show --no-patch --format=%ci
++ date -u --date '2024-03-03 18:56:12 +0800' +%Y-%m-%dT%H:%M:%SZ
+ writetaskstat exec_repo_commit_date 2024-03-03T10:56:12Z
+ jq -nc --arg key exec_repo_commit_date --arg value 2024-03-03T10:56:12Z '{ key: $key, value: $value }'
+ '[' -z ./ ']'
+ pushd ./
+ tailwind_config_file_name=
+ '[' -f tailwind.config.js ']'
+ tailwind_config_file_name=tailwind.config.js
+ writetaskstat exec_tailwind_config_file tailwind.config.js
+ jq -nc --arg key exec_tailwind_config_file --arg value tailwind.config.js '{ key: $key, value: $value }'
/tmp/twcr-48306d601ee1 /tmp/twcr-48306d601ee1 /twcr
+ cp tailwind.config.js /twcr/mnt/results/extract-raw-tailwind-config.js
+ '[' '!' -f package.json ']'
+ cp package.json /twcr/mnt/results/extract-raw-package.json
++ /twcr/worker/../worker/pm-detect.sh /tmp/twcr-48306d601ee1
+ package_manager_name=pnpm
+ '[' -z pnpm ']'
+ '[' -z pnpm ']'
+ writetaskstat exec_node_package_manager pnpm
+ jq -nc --arg key exec_node_package_manager --arg value pnpm '{ key: $key, value: $value }'
+ attempt_mode=squash
+ true
++ date -u +%Y-%m-%dT%H:%M:%SZ
+ writetaskstat timestamp_attempt_squash_begin 2024-03-05T05:02:28Z
+ jq -nc --arg key timestamp_attempt_squash_begin --arg value 2024-03-05T05:02:28Z '{ key: $key, value: $value }'
+ [[ squash == \s\q\u\a\s\h ]]
+ set +e
+ node /twcr/worker/../worker/squash-package.mjs tailwind.config.js
+ exitcode=0
+ set -e
+ [[ 0 != \0 ]]
+ cat package.json
+ sed 's/^/>>> /'
>>> {
>>>   "name": "moddermore",
>>>   "version": "0.1.0",
>>>   "private": true,
>>>   "type": "module",
>>>   "dependencies": {},
>>>   "devDependencies": {
>>>     "@headlessui/tailwindcss": "^0.2.0",
>>>     "@tailwindcss/forms": "^0.5.7",
>>>     "@tailwindcss/typography": "^0.5.10",
>>>     "tailwindcss": "^3.4.1"
>>>   },
>>>   "pnpm": {
>>>     "patchedDependencies": {
>>>       "@next-auth/mongodb-adapter@1.1.3": "patches/@next-auth__mongodb-adapter@1.1.3.patch"
>>>     }
>>>   },
>>>   "packageManager": "pnpm@8.15.4+sha256.cea6d0bdf2de3a0549582da3983c70c92ffc577ff4410cbf190817ddc35137c2"
>>> }+ rm -f package-lock.json pnpm-lock.yaml yarn.lock
+ '[' ./ '!=' ./ ']'
+ set +e
+ /twcr/worker/../worker/pm-install.sh pnpm /tmp/twcr-48306d601ee1 /twcr/mnt/results
+ package_manager_name=pnpm
+ procdir=/tmp/twcr-48306d601ee1
+ datadir=/twcr/mnt/results
+ case "${package_manager_name}" in
+ '[' '!' -f /tmp/twcr-48306d601ee1/package.json ']'
++ pnpm -v
+ sed -Ei 's/("pnpm": ")(.+)(")/\18.15.4\3/' /tmp/twcr-48306d601ee1/package.json
+ '[' '!' -f package.json ']'
++ pnpm -v
+ sed -Ei 's/("pnpm": ")(.+)(")/\18.15.4\3/' package.json
+ pnpm install
Progress: resolved 1, reused 0, downloaded 0, added 0
Progress: resolved 34, reused 0, downloaded 21, added 0
Progress: resolved 68, reused 0, downloaded 57, added 0
Progress: resolved 104, reused 0, downloaded 96, added 0
 ERR_PNPM_PATCH_NOT_APPLIED  The following patches were not applied: @next-auth/mongodb-adapter@1.1.3

Either remove them from "patchedDependencies" or update them to match packages in your dependencies.
+ exitcode=1
+ set -e
+ [[ 1 != \0 ]]
+ [[ squash == \s\q\u\a\s\h ]]
+ echo '[worker] WARN: package manager failed; retrying with full install'
[worker] WARN: package manager failed; retrying with full install
+ attempt_mode=full
+ continue
+ true
++ date -u +%Y-%m-%dT%H:%M:%SZ
+ writetaskstat timestamp_attempt_full_begin 2024-03-05T05:02:33Z
+ jq -nc --arg key timestamp_attempt_full_begin --arg value 2024-03-05T05:02:33Z '{ key: $key, value: $value }'
+ [[ full == \s\q\u\a\s\h ]]
+ git clean -fdx
+ git reset --hard
HEAD is now at 8b5de3d fix: typo in mrpack parser
+ set +e
+ /twcr/worker/../worker/pm-install.sh pnpm /tmp/twcr-48306d601ee1 /twcr/mnt/results
+ package_manager_name=pnpm
+ procdir=/tmp/twcr-48306d601ee1
+ datadir=/twcr/mnt/results
+ case "${package_manager_name}" in
+ '[' '!' -f /tmp/twcr-48306d601ee1/package.json ']'
++ pnpm -v
+ sed -Ei 's/("pnpm": ")(.+)(")/\18.15.4\3/' /tmp/twcr-48306d601ee1/package.json
+ '[' '!' -f package.json ']'
++ pnpm -v
+ sed -Ei 's/("pnpm": ")(.+)(")/\18.15.4\3/' package.json
+ pnpm install
Lockfile is up to date, resolution step is skipped
Progress: resolved 1, reused 0, downloaded 0, added 0
Packages: +790
++++++++++++++++++++++++++++++++++++++++++++++++++++++++++++++++++++++++++++++++
Progress: resolved 790, reused 103, downloaded 28, added 131
Progress: resolved 790, reused 103, downloaded 71, added 174
Progress: resolved 790, reused 103, downloaded 114, added 216
Progress: resolved 790, reused 103, downloaded 155, added 258
Progress: resolved 790, reused 103, downloaded 198, added 301
Progress: resolved 790, reused 103, downloaded 249, added 352
Progress: resolved 790, reused 103, downloaded 304, added 407
Progress: resolved 790, reused 103, downloaded 340, added 443
Progress: resolved 790, reused 103, downloaded 363, added 466
Progress: resolved 790, reused 103, downloaded 412, added 515
Progress: resolved 790, reused 103, downloaded 458, added 563
Progress: resolved 790, reused 103, downloaded 507, added 612
Progress: resolved 790, reused 103, downloaded 548, added 653
Progress: resolved 790, reused 103, downloaded 597, added 701
Progress: resolved 790, reused 103, downloaded 635, added 740
Progress: resolved 790, reused 103, downloaded 671, added 776
Progress: resolved 790, reused 103, downloaded 680, added 785
Progress: resolved 790, reused 103, downloaded 682, added 787
Progress: resolved 790, reused 103, downloaded 683, added 787
Progress: resolved 790, reused 103, downloaded 684, added 789
Progress: resolved 790, reused 103, downloaded 685, added 790, done
.../esbuild@0.19.12/node_modules/esbuild postinstall$ node install.js
.../esbuild@0.19.12/node_modules/esbuild postinstall: Done

dependencies:
+ @iarna/toml 2.2.5
+ @next-auth/mongodb-adapter 1.1.3
+ @radix-ui/react-dialog 1.0.5
+ @radix-ui/react-dropdown-menu 2.0.6
+ @tremor/react 3.14.1
+ class-variance-authority 0.7.0
+ date-fns 3.3.1
+ fast-xml-parser 4.3.5
+ file-saver 2.0.5
+ jszip 3.10.1
+ lucide-react 0.344.0
+ nanoid 5.0.6
+ next 14.1.1
+ next-auth 4.24.6
+ next-mdx-remote 4.4.1
+ next-plausible 3.12.0
+ next-themes 0.2.1
+ nextjs-progressbar 0.0.16
+ react 18.2.0
+ react-dom 18.2.0
+ react-hot-toast 2.4.1
+ react-markdown 9.0.1
+ tailwind-merge 2.2.1
+ valibot 0.29.0

devDependencies:
+ @eslint/eslintrc 3.0.2
+ @eslint/js 8.57.0
+ @headlessui/tailwindcss 0.2.0
+ @microsoft/eslint-formatter-sarif 3.0.0
+ @next/bundle-analyzer 14.1.1
+ @next/eslint-plugin-next 14.1.1
+ @tailwindcss/forms 0.5.7
+ @tailwindcss/typography 0.5.10
+ @types/file-saver 2.0.7
+ @types/node 20.11.24
+ @types/react 18.2.61
+ @types/react-dom 18.2.19
+ @upstash/ratelimit 1.0.1
+ @vercel/kv 1.0.1
+ autoprefixer 10.4.18
+ discord-api-types 0.37.71
+ eslint 8.57.0
+ eslint-config-next 14.1.1
+ eslint-plugin-unicorn 51.0.1
+ globals 14.0.0
+ gray-matter 4.0.3
+ image-size 1.1.1
+ kleur 4.1.5
+ mongodb 6.4.0
+ node-fetch 3.3.2
+ nodemailer 6.9.11
+ p-limit 5.0.0
+ postcss 8.4.35
+ prettier 3.2.5
+ prettier-plugin-tailwindcss 0.5.11
+ rehype-sanitize 6.0.0
+ rehype-stringify 10.0.0
+ remark-parse 11.0.0
+ remark-rehype 11.1.0
+ tailwindcss 3.4.1
+ tsx 4.7.1
+ typescript 5.3.3
+ typescript-eslint 7.1.0
+ unified 11.0.4

Done in 24.8s
+ pnpm ls --json
+ jq -cr '
        .[]
        | [.dependencies, .devDependencies, .optionalDependencies]
        | map(select(.))[]
        | to_entries
        | map({ name: .key, version: .value.version })
        | sort_by(.name)[]
      '
+ exitcode=0
+ set -e
+ [[ 0 != \0 ]]
++ jq -sr 'map(select(.name == "tailwindcss")) | first | .version'
+ tailwind_package_version=3.4.1
+ tailwind_config_exporter=tailwind.config.exporter2.cjs
+ '[' -f node_modules/tailwindcss/lib/lib/load-config.js ']'
+ tailwind_config_exporter=tailwind.config.exporter3.mjs
+ cp /twcr/worker/../worker/tailwind.config.exporter3.mjs ./
+ set +e
+ node ./tailwind.config.exporter3.mjs tailwind.config.js
+ exitcode=0
+ set -e
+ [[ 0 != \0 ]]
+ echo 'module.exports={plugins:['
+ jq -rs '
        map(select(.name | startswith("@tailwindcss/")))
        | map("require(" + ( .name | tojson ) + "),")[]
      '
+ grep -Ev '"@tailwindcss/postcss7-compat"'
+ echo ']}'
+ cat tailwind.config.js
+ sed 's/^/>>> /'
>>> module.exports={plugins:[
>>> require("@tailwindcss/forms"),
>>> require("@tailwindcss/typography"),
>>> ]}
+ node ./tailwind.config.exporter3.mjs tailwind.config.js
++ date -u +%Y-%m-%dT%H:%M:%SZ
+ writetaskstat timestamp_attempt_full_end 2024-03-05T05:03:00Z
+ jq -nc --arg key timestamp_attempt_full_end --arg value 2024-03-05T05:03:00Z '{ key: $key, value: $value }'
+ break
++ date -u +%Y-%m-%dT%H:%M:%SZ
+ writetaskstat timestamp_end 2024-03-05T05:03:00Z
+ jq -nc --arg key timestamp_end --arg value 2024-03-05T05:03:00Z '{ key: $key, value: $value }'
+ rm /twcr/mnt/results/extract-failed
+ touch /twcr/mnt/results/extract-completed
