==== RUN-DOCKER
+++ dirname -- ./worker/run.sh
++ cd -- ./worker
++ pwd
+ twcrdir=/twcr/worker/..
+ repo=github.com/noodle-run/noodle
+ reporef=main
+ repopath=./
+ '[' true == true ']'
+ grep -q '^././'
++ echo github.com/noodle-run/noodle
++ sha256sum
++ awk '{ print $1 }'
++ cut -c1-12
+ procdir=/tmp/twcr-67fb8f71bf00
++ echo 'github.com/noodle-run/noodle;main;./'
++ sha256sum
++ awk '{ print $1 }'
++ cut -c1-12
+ datadir=/twcr/worker/../mnt/dataset/data/8a6b753df97e
+ '[' '!' -z /twcr/mnt/results ']'
+ datadir=/twcr/mnt/results
+ touch /twcr/mnt/results/extract-failed
++ base64
++ tr -d =
++ tr /+ _-
++ base64
++ tr -d =
++ tr /+ _-
+ writetaskstat analysis_key github.com/noodle-run/noodle/bWFpbgo/Li8K
+ jq -nc --arg key analysis_key --arg value github.com/noodle-run/noodle/bWFpbgo/Li8K '{ key: $key, value: $value }'
++ date -u +%Y%m%d%H%M%S
++ sha256sum
++ awk '{ print $1 }'
++ cut -c1-16
++ head -c 32 /dev/urandom
+ writetaskstat analysis_nonce 6b12c2717e46b059
+ jq -nc --arg key analysis_nonce --arg value 6b12c2717e46b059 '{ key: $key, value: $value }'
+ writetaskstat input_repo_name github.com/noodle-run/noodle
+ jq -nc --arg key input_repo_name --arg value github.com/noodle-run/noodle '{ key: $key, value: $value }'
+ writetaskstat input_repo_ref main
+ jq -nc --arg key input_repo_ref --arg value main '{ key: $key, value: $value }'
+ writetaskstat input_repo_path ./
+ jq -nc --arg key input_repo_path --arg value ./ '{ key: $key, value: $value }'
++ date -u +%Y-%m-%dT%H:%M:%SZ
+ writetaskstat timestamp_begin 2024-03-04T00:57:12Z
+ jq -nc --arg key timestamp_begin --arg value 2024-03-04T00:57:12Z '{ key: $key, value: $value }'
+ mkdir -p /tmp/twcr-67fb8f71bf00
/tmp/twcr-67fb8f71bf00 /twcr
+ pushd /tmp/twcr-67fb8f71bf00
+ '[' -d .git ']'
+ git clone --depth=1 -b main https://github.com/noodle-run/noodle.git .
Cloning into '.'...
++ date -u +%Y-%m-%dT%H:%M:%SZ
+ writetaskstat timestamp_git_clone_complete 2024-03-04T00:57:13Z
+ jq -nc --arg key timestamp_git_clone_complete --arg value 2024-03-04T00:57:13Z '{ key: $key, value: $value }'
++ git rev-parse HEAD
+ writetaskstat exec_repo_commit_sha 0f549a03f8844fa18b4ff32dd1ec816c5fe57439
+ jq -nc --arg key exec_repo_commit_sha --arg value 0f549a03f8844fa18b4ff32dd1ec816c5fe57439 '{ key: $key, value: $value }'
+++ git show --no-patch --format=%ci
++ date -u --date '2023-12-12 19:55:19 +0000' +%Y-%m-%dT%H:%M:%SZ
+ writetaskstat exec_repo_commit_date 2023-12-12T19:55:19Z
+ jq -nc --arg key exec_repo_commit_date --arg value 2023-12-12T19:55:19Z '{ key: $key, value: $value }'
/tmp/twcr-67fb8f71bf00 /tmp/twcr-67fb8f71bf00 /twcr
+ '[' -z ./ ']'
+ pushd ./
+ tailwind_config_file_name=
+ '[' -f tailwind.config.js ']'
+ '[' -f tailwind.config.cjs ']'
+ '[' -f tailwind.config.mjs ']'
+ '[' -f tailwind.config.ts ']'
+ tailwind_config_file_name=tailwind.config.ts
+ writetaskstat exec_tailwind_config_file tailwind.config.ts
+ jq -nc --arg key exec_tailwind_config_file --arg value tailwind.config.ts '{ key: $key, value: $value }'
+ cp tailwind.config.ts /twcr/mnt/results/extract-raw-tailwind-config.js
+ '[' '!' -f package.json ']'
+ cp package.json /twcr/mnt/results/extract-raw-package.json
++ /twcr/worker/../worker/pm-detect.sh /tmp/twcr-67fb8f71bf00
+ package_manager_name=
+ '[' -z '' ']'
+ '[' ./ '!=' ./ ']'
+ '[' -z '' ']'
+ package_manager_name=npm
+ writetaskstat exec_node_package_manager npm
+ jq -nc --arg key exec_node_package_manager --arg value npm '{ key: $key, value: $value }'
+ attempt_mode=squash
+ true
++ date -u +%Y-%m-%dT%H:%M:%SZ
+ writetaskstat timestamp_attempt_squash_begin 2024-03-04T00:57:13Z
+ jq -nc --arg key timestamp_attempt_squash_begin --arg value 2024-03-04T00:57:13Z '{ key: $key, value: $value }'
+ [[ squash == \s\q\u\a\s\h ]]
+ set +e
+ node /twcr/worker/../worker/squash-package.mjs tailwind.config.ts
+ exitcode=0
+ set -e
+ [[ 0 != \0 ]]
+ cat package.json
+ sed 's/^/>>> /'
>>> {
>>>   "name": "noodle",
>>>   "description": "Noodle is an open-source platform that combines various productivity tools into one, such as note taking and task management, providing insightful automations to enhance student productivity.",
>>>   "version": "0.1.0",
>>>   "license": "AGPL-3.0",
>>>   "author": "NOODLE RUN LTD",
>>>   "private": true,
>>>   "dependencies": {
>>>     "@nextui-org/react": "^2.2.9",
>>>     "tailwindcss": "3.3.6"
>>>   },
>>>   "devDependencies": {
>>>     "@savvywombat/tailwindcss-grid-areas": "^3.1.0",
>>>     "@tailwindcss/typography": "^0.5.10"
>>>   }
>>> }+ rm -f package-lock.json pnpm-lock.yaml yarn.lock
+ '[' ./ '!=' ./ ']'
+ set +e
+ /twcr/worker/../worker/pm-install.sh npm /tmp/twcr-67fb8f71bf00 /twcr/mnt/results
+ package_manager_name=npm
+ procdir=/tmp/twcr-67fb8f71bf00
+ datadir=/twcr/mnt/results
+ case "${package_manager_name}" in
++ '[' -f package-lock.json ']'
++ echo install
+ npm install --ignore-engines

added 312 packages, and audited 313 packages in 21s

30 packages are looking for funding
  run `npm fund` for details

found 0 vulnerabilities
npm notice 
npm notice New minor version of npm available! 10.2.4 -> 10.5.0
npm notice Changelog: <https://github.com/npm/cli/releases/tag/v10.5.0>
npm notice Run `npm install -g npm@10.5.0` to update!
npm notice 
+ jq -cr '
        map({ name: .name, version: .version })
        | map(select(.name))
        | sort_by(.name)[]
+ npm query '*'
      '
+ exitcode=0
+ set -e
+ [[ 0 != \0 ]]
++ jq -sr 'map(select(.name == "tailwindcss")) | first | .version'
+ tailwind_package_version=3.3.6
+ tailwind_config_exporter=tailwind.config.exporter2.cjs
+ '[' -f node_modules/tailwindcss/lib/lib/load-config.js ']'
+ tailwind_config_exporter=tailwind.config.exporter3.mjs
+ cp /twcr/worker/../worker/tailwind.config.exporter3.mjs ./
+ set +e
+ node ./tailwind.config.exporter3.mjs tailwind.config.ts
+ exitcode=0
+ set -e
+ [[ 0 != \0 ]]
+ echo 'module.exports={plugins:['
+ jq -rs '
        map(select(.name | startswith("@tailwindcss/")))
        | map("require(" + ( .name | tojson ) + "),")[]
      '
+ grep -Ev '"@tailwindcss/postcss7-compat"'
+ echo ']}'
+ cat tailwind.config.ts
+ sed 's/^/>>> /'
>>> module.exports={plugins:[
>>> require("@tailwindcss/typography"),
>>> ]}
+ node ./tailwind.config.exporter3.mjs tailwind.config.ts
++ date -u +%Y-%m-%dT%H:%M:%SZ
+ writetaskstat timestamp_attempt_squash_end 2024-03-04T00:57:35Z
+ jq -nc --arg key timestamp_attempt_squash_end --arg value 2024-03-04T00:57:35Z '{ key: $key, value: $value }'
+ break
++ date -u +%Y-%m-%dT%H:%M:%SZ
+ writetaskstat timestamp_end 2024-03-04T00:57:35Z
+ jq -nc --arg key timestamp_end --arg value 2024-03-04T00:57:35Z '{ key: $key, value: $value }'
+ rm /twcr/mnt/results/extract-failed
+ touch /twcr/mnt/results/extract-completed
