==== RUN-DOCKER
+++ dirname -- ./worker/run.sh
++ cd -- ./worker
++ pwd
+ twcrdir=/twcr/worker/..
+ repo=github.com/huntabyte/showcase
+ reporef=main
+ repopath=./apps/web
+ '[' true == true ']'
+ grep -q '^././'
++ echo github.com/huntabyte/showcase
++ sha256sum
++ cut -c1-12
++ awk '{ print $1 }'
+ procdir=/tmp/twcr-e7a1e309698d
++ echo 'github.com/huntabyte/showcase;main;./apps/web'
++ sha256sum
++ awk '{ print $1 }'
++ cut -c1-12
+ datadir=/twcr/worker/../mnt/dataset/data/912573b00502
+ '[' '!' -z /twcr/mnt/results ']'
+ datadir=/twcr/mnt/results
+ touch /twcr/mnt/results/extract-failed
++ base64
++ tr -d =
++ tr /+ _-
++ base64
++ tr -d =
++ tr /+ _-
+ writetaskstat analysis_key github.com/huntabyte/showcase/bWFpbgo/Li9hcHBzL3dlYgo
+ jq -nc --arg key analysis_key --arg value github.com/huntabyte/showcase/bWFpbgo/Li9hcHBzL3dlYgo '{ key: $key, value: $value }'
++ date -u +%Y%m%d%H%M%S
++ sha256sum
++ awk '{ print $1 }'
++ cut -c1-16
++ head -c 32 /dev/urandom
+ writetaskstat analysis_nonce a0d5d4ddb5fc85a7
+ jq -nc --arg key analysis_nonce --arg value a0d5d4ddb5fc85a7 '{ key: $key, value: $value }'
+ writetaskstat input_repo_name github.com/huntabyte/showcase
+ jq -nc --arg key input_repo_name --arg value github.com/huntabyte/showcase '{ key: $key, value: $value }'
+ writetaskstat input_repo_ref main
+ jq -nc --arg key input_repo_ref --arg value main '{ key: $key, value: $value }'
+ writetaskstat input_repo_path ./apps/web
+ jq -nc --arg key input_repo_path --arg value ./apps/web '{ key: $key, value: $value }'
++ date -u +%Y-%m-%dT%H:%M:%SZ
+ writetaskstat timestamp_begin 2024-03-04T07:43:54Z
+ jq -nc --arg key timestamp_begin --arg value 2024-03-04T07:43:54Z '{ key: $key, value: $value }'
+ mkdir -p /tmp/twcr-e7a1e309698d
/tmp/twcr-e7a1e309698d /twcr
+ pushd /tmp/twcr-e7a1e309698d
+ '[' -d .git ']'
+ git clone --depth=1 -b main https://github.com/huntabyte/showcase.git .
Cloning into '.'...
++ date -u +%Y-%m-%dT%H:%M:%SZ
+ writetaskstat timestamp_git_clone_complete 2024-03-04T07:43:55Z
+ jq -nc --arg key timestamp_git_clone_complete --arg value 2024-03-04T07:43:55Z '{ key: $key, value: $value }'
++ git rev-parse HEAD
+ writetaskstat exec_repo_commit_sha 5110c4ad9c0df7b9f6f5254613b766758f51bd3d
+ jq -nc --arg key exec_repo_commit_sha --arg value 5110c4ad9c0df7b9f6f5254613b766758f51bd3d '{ key: $key, value: $value }'
+++ git show --no-patch --format=%ci
++ date -u --date '2022-12-07 20:45:01 -0500' +%Y-%m-%dT%H:%M:%SZ
+ writetaskstat exec_repo_commit_date 2022-12-08T01:45:01Z
+ jq -nc --arg key exec_repo_commit_date --arg value 2022-12-08T01:45:01Z '{ key: $key, value: $value }'
+ '[' -z ./apps/web ']'
+ pushd ./apps/web
+ tailwind_config_file_name=
+ '[' -f tailwind.config.js ']'
+ '[' -f tailwind.config.cjs ']'
+ tailwind_config_file_name=tailwind.config.cjs
+ writetaskstat exec_tailwind_config_file tailwind.config.cjs
+ jq -nc --arg key exec_tailwind_config_file --arg value tailwind.config.cjs '{ key: $key, value: $value }'
/tmp/twcr-e7a1e309698d/apps/web /tmp/twcr-e7a1e309698d /twcr
+ cp tailwind.config.cjs /twcr/mnt/results/extract-raw-tailwind-config.js
+ '[' '!' -f package.json ']'
+ cp package.json /twcr/mnt/results/extract-raw-package.json
++ /twcr/worker/../worker/pm-detect.sh /tmp/twcr-e7a1e309698d/apps/web
+ package_manager_name=pnpm
+ '[' -z pnpm ']'
+ '[' -z pnpm ']'
+ writetaskstat exec_node_package_manager pnpm
+ jq -nc --arg key exec_node_package_manager --arg value pnpm '{ key: $key, value: $value }'
+ attempt_mode=squash
+ true
++ date -u +%Y-%m-%dT%H:%M:%SZ
+ writetaskstat timestamp_attempt_squash_begin 2024-03-04T07:43:56Z
+ jq -nc --arg key timestamp_attempt_squash_begin --arg value 2024-03-04T07:43:56Z '{ key: $key, value: $value }'
+ [[ squash == \s\q\u\a\s\h ]]
+ set +e
+ node /twcr/worker/../worker/squash-package.mjs tailwind.config.cjs
+ exitcode=0
+ set -e
+ [[ 0 != \0 ]]
+ cat package.json
+ sed 's/^/>>> /'
+ rm -f package-lock.json pnpm-lock.yaml yarn.lock
>>> {
>>>   "name": "web",
>>>   "version": "0.0.1",
>>>   "private": true,
>>>   "devDependencies": {
>>>     "daisyui": "^2.39.0",
>>>     "tailwindcss": "^3.1.5"
>>>   },
>>>   "type": "module",
>>>   "dependencies": {}
>>> }+ '[' ./apps/web '!=' ./ ']'
+ rm -f /tmp/twcr-e7a1e309698d/package.json /tmp/twcr-e7a1e309698d/package-lock.json /tmp/twcr-e7a1e309698d/pnpm-lock.yaml /tmp/twcr-e7a1e309698d/yarn.lock
+ set +e
+ /twcr/worker/../worker/pm-install.sh pnpm /tmp/twcr-e7a1e309698d /twcr/mnt/results
+ package_manager_name=pnpm
+ procdir=/tmp/twcr-e7a1e309698d
+ datadir=/twcr/mnt/results
+ case "${package_manager_name}" in
+ '[' '!' -f /tmp/twcr-e7a1e309698d/package.json ']'
+ '[' '!' -f package.json ']'
++ pnpm -v
+ sed -Ei 's/("pnpm": ")(.+)(")/\18.15.4\3/' package.json
+ pnpm install
Progress: resolved 1, reused 0, downloaded 0, added 0
Progress: resolved 29, reused 0, downloaded 23, added 0
Progress: resolved 67, reused 0, downloaded 57, added 0
Progress: resolved 105, reused 0, downloaded 97, added 0
Packages: +121
++++++++++++++++++++++++++++++++++++++++++++++++++++++++++++++++++++++++++++++++
Progress: resolved 122, reused 0, downloaded 120, added 0
Progress: resolved 122, reused 0, downloaded 121, added 121, done

devDependencies:
+ daisyui 2.52.0 (4.7.2 is available)
+ tailwindcss 3.4.1

Done in 5s
+ pnpm ls --json
+ jq -cr '
        .[]
        | [.dependencies, .devDependencies, .optionalDependencies]
        | map(select(.))[]
        | to_entries
        | map({ name: .key, version: .value.version })
        | sort_by(.name)[]
      '
+ exitcode=0
+ set -e
+ [[ 0 != \0 ]]
++ jq -sr 'map(select(.name == "tailwindcss")) | first | .version'
+ tailwind_package_version=3.4.1
+ tailwind_config_exporter=tailwind.config.exporter2.cjs
+ '[' -f node_modules/tailwindcss/lib/lib/load-config.js ']'
+ tailwind_config_exporter=tailwind.config.exporter3.mjs
+ cp /twcr/worker/../worker/tailwind.config.exporter3.mjs ./
+ set +e
+ node ./tailwind.config.exporter3.mjs tailwind.config.cjs
+ exitcode=0
+ set -e
+ [[ 0 != \0 ]]
+ echo 'module.exports={plugins:['
+ jq -rs '
        map(select(.name | startswith("@tailwindcss/")))
        | map("require(" + ( .name | tojson ) + "),")[]
      '
+ grep -Ev '"@tailwindcss/postcss7-compat"'
+ true
+ echo ']}'
+ cat tailwind.config.cjs
+ sed 's/^/>>> /'
>>> module.exports={plugins:[
>>> ]}
+ node ./tailwind.config.exporter3.mjs tailwind.config.cjs
++ date -u +%Y-%m-%dT%H:%M:%SZ
+ writetaskstat timestamp_attempt_squash_end 2024-03-04T07:44:02Z
+ jq -nc --arg key timestamp_attempt_squash_end --arg value 2024-03-04T07:44:02Z '{ key: $key, value: $value }'
+ break
++ date -u +%Y-%m-%dT%H:%M:%SZ
+ writetaskstat timestamp_end 2024-03-04T07:44:02Z
+ jq -nc --arg key timestamp_end --arg value 2024-03-04T07:44:02Z '{ key: $key, value: $value }'
+ rm /twcr/mnt/results/extract-failed
+ touch /twcr/mnt/results/extract-completed
