==== RUN-DOCKER
+++ dirname -- ./worker/run.sh
++ cd -- ./worker
++ pwd
+ twcrdir=/twcr/worker/..
+ repo=github.com/CaptainCodeman/svelte-headlessui
+ reporef=master
+ repopath=./
+ '[' true == true ']'
+ grep -q '^././'
++ echo github.com/CaptainCodeman/svelte-headlessui
++ sha256sum
++ awk '{ print $1 }'
++ cut -c1-12
+ procdir=/tmp/twcr-9d2fb3b24b95
++ echo 'github.com/CaptainCodeman/svelte-headlessui;master;./'
++ sha256sum
++ cut -c1-12
++ awk '{ print $1 }'
+ datadir=/twcr/worker/../mnt/dataset/data/f192c16b31e9
+ '[' '!' -z /twcr/mnt/results ']'
+ datadir=/twcr/mnt/results
+ touch /twcr/mnt/results/extract-failed
++ base64
++ tr -d =
++ tr /+ _-
++ base64
++ tr -d =
++ tr /+ _-
+ writetaskstat analysis_key github.com/CaptainCodeman/svelte-headlessui/bWFzdGVyCg/Li8K
+ jq -nc --arg key analysis_key --arg value github.com/CaptainCodeman/svelte-headlessui/bWFzdGVyCg/Li8K '{ key: $key, value: $value }'
++ date -u +%Y%m%d%H%M%S
++ sha256sum
++ awk '{ print $1 }'
++ cut -c1-16
++ head -c 32 /dev/urandom
+ writetaskstat analysis_nonce b303074aa215e5fd
+ jq -nc --arg key analysis_nonce --arg value b303074aa215e5fd '{ key: $key, value: $value }'
+ writetaskstat input_repo_name github.com/CaptainCodeman/svelte-headlessui
+ jq -nc --arg key input_repo_name --arg value github.com/CaptainCodeman/svelte-headlessui '{ key: $key, value: $value }'
+ writetaskstat input_repo_ref master
+ jq -nc --arg key input_repo_ref --arg value master '{ key: $key, value: $value }'
+ writetaskstat input_repo_path ./
+ jq -nc --arg key input_repo_path --arg value ./ '{ key: $key, value: $value }'
++ date -u +%Y-%m-%dT%H:%M:%SZ
+ writetaskstat timestamp_begin 2024-03-05T00:46:38Z
+ jq -nc --arg key timestamp_begin --arg value 2024-03-05T00:46:38Z '{ key: $key, value: $value }'
+ mkdir -p /tmp/twcr-9d2fb3b24b95
/tmp/twcr-9d2fb3b24b95 /twcr
+ pushd /tmp/twcr-9d2fb3b24b95
+ '[' -d .git ']'
+ git clone --depth=1 -b master https://github.com/CaptainCodeman/svelte-headlessui.git .
Cloning into '.'...
++ date -u +%Y-%m-%dT%H:%M:%SZ
+ writetaskstat timestamp_git_clone_complete 2024-03-05T00:46:39Z
+ jq -nc --arg key timestamp_git_clone_complete --arg value 2024-03-05T00:46:39Z '{ key: $key, value: $value }'
++ git rev-parse HEAD
+ writetaskstat exec_repo_commit_sha 3d5a4d8f95a0fae9c305e50156d52931c7698785
+ jq -nc --arg key exec_repo_commit_sha --arg value 3d5a4d8f95a0fae9c305e50156d52931c7698785 '{ key: $key, value: $value }'
+++ git show --no-patch --format=%ci
++ date -u --date '2023-12-29 08:57:12 -0700' +%Y-%m-%dT%H:%M:%SZ
+ writetaskstat exec_repo_commit_date 2023-12-29T15:57:12Z
+ jq -nc --arg key exec_repo_commit_date --arg value 2023-12-29T15:57:12Z '{ key: $key, value: $value }'
/tmp/twcr-9d2fb3b24b95 /tmp/twcr-9d2fb3b24b95 /twcr
+ '[' -z ./ ']'
+ pushd ./
+ tailwind_config_file_name=
+ '[' -f tailwind.config.js ']'
+ '[' -f tailwind.config.cjs ']'
+ tailwind_config_file_name=tailwind.config.cjs
+ writetaskstat exec_tailwind_config_file tailwind.config.cjs
+ jq -nc --arg key exec_tailwind_config_file --arg value tailwind.config.cjs '{ key: $key, value: $value }'
+ cp tailwind.config.cjs /twcr/mnt/results/extract-raw-tailwind-config.js
+ '[' '!' -f package.json ']'
+ cp package.json /twcr/mnt/results/extract-raw-package.json
++ /twcr/worker/../worker/pm-detect.sh /tmp/twcr-9d2fb3b24b95
+ package_manager_name=pnpm
+ '[' -z pnpm ']'
+ '[' -z pnpm ']'
+ writetaskstat exec_node_package_manager pnpm
+ jq -nc --arg key exec_node_package_manager --arg value pnpm '{ key: $key, value: $value }'
+ attempt_mode=squash
+ true
++ date -u +%Y-%m-%dT%H:%M:%SZ
+ writetaskstat timestamp_attempt_squash_begin 2024-03-05T00:46:39Z
+ jq -nc --arg key timestamp_attempt_squash_begin --arg value 2024-03-05T00:46:39Z '{ key: $key, value: $value }'
+ [[ squash == \s\q\u\a\s\h ]]
+ set +e
+ node /twcr/worker/../worker/squash-package.mjs tailwind.config.cjs
+ exitcode=0
+ set -e
+ [[ 0 != \0 ]]
+ cat package.json
+ sed 's/^/>>> /'
>>> {
>>>   "name": "svelte-headlessui",
>>>   "description": "HeadlessUI components for Svelte",
>>>   "version": "0.0.33",
>>>   "type": "module",
>>>   "keywords": [
>>>     "svelte",
>>>     "component",
>>>     "headless",
>>>     "ui",
>>>     "tailwind",
>>>     "tailwindcss",
>>>     "tailwindui",
>>>     "renderless",
>>>     "combobox",
>>>     "autocomplete",
>>>     "dialog",
>>>     "modal",
>>>     "disclosure",
>>>     "listbox",
>>>     "select",
>>>     "menu",
>>>     "dropdown",
>>>     "popover",
>>>     "radio",
>>>     "radio-group",
>>>     "switch",
>>>     "button",
>>>     "toggle",
>>>     "toggle-button",
>>>     "toggle-switch",
>>>     "tab",
>>>     "tabs",
>>>     "panels",
>>>     "transition"
>>>   ],
>>>   "files": [
>>>     "dist"
>>>   ],
>>>   "exports": {
>>>     ".": {
>>>       "types": "./dist/index.d.ts",
>>>       "import": "./dist/index.js",
>>>       "svelte": "./dist/index.js"
>>>     }
>>>   },
>>>   "module": "dist/index.js",
>>>   "types": "dist/index.d.ts",
>>>   "homepage": "https://captaincodeman.github.io/svelte-headlessui/",
>>>   "repository": {
>>>     "type": "git",
>>>     "url": "https://github.com/captaincodeman/svelte-headlessui.git"
>>>   },
>>>   "author": {
>>>     "name": "Simon Green",
>>>     "email": "simon@captaincodeman.com",
>>>     "url": "https://www.captaincodeman.com/"
>>>   },
>>>   "license": "MIT",
>>>   "devDependencies": {
>>>     "@tailwindcss/forms": "^0.5.7",
>>>     "@tailwindcss/typography": "^0.5.10",
>>>     "tailwindcss": "^3.4.0"
>>>   }
>>> }+ rm -f package-lock.json pnpm-lock.yaml yarn.lock
+ '[' ./ '!=' ./ ']'
+ set +e
+ /twcr/worker/../worker/pm-install.sh pnpm /tmp/twcr-9d2fb3b24b95 /twcr/mnt/results
+ package_manager_name=pnpm
+ procdir=/tmp/twcr-9d2fb3b24b95
+ datadir=/twcr/mnt/results
+ case "${package_manager_name}" in
+ '[' '!' -f /tmp/twcr-9d2fb3b24b95/package.json ']'
++ pnpm -v
+ sed -Ei 's/("pnpm": ")(.+)(")/\18.15.4\3/' /tmp/twcr-9d2fb3b24b95/package.json
+ '[' '!' -f package.json ']'
++ pnpm -v
+ sed -Ei 's/("pnpm": ")(.+)(")/\18.15.4\3/' package.json
+ pnpm install
Progress: resolved 1, reused 0, downloaded 0, added 0
Progress: resolved 33, reused 0, downloaded 23, added 0
Progress: resolved 68, reused 0, downloaded 60, added 0
Progress: resolved 101, reused 0, downloaded 91, added 0
Packages: +112
++++++++++++++++++++++++++++++++++++++++++++++++++++++++++++++++++++++++++++++++
Progress: resolved 113, reused 0, downloaded 112, added 112, done

devDependencies:
+ @tailwindcss/forms 0.5.7
+ @tailwindcss/typography 0.5.10
+ tailwindcss 3.4.1

Done in 4.5s
+ pnpm ls --json
+ jq -cr '
        .[]
        | [.dependencies, .devDependencies, .optionalDependencies]
        | map(select(.))[]
        | to_entries
        | map({ name: .key, version: .value.version })
        | sort_by(.name)[]
      '
+ exitcode=0
+ set -e
+ [[ 0 != \0 ]]
++ jq -sr 'map(select(.name == "tailwindcss")) | first | .version'
+ tailwind_package_version=3.4.1
+ tailwind_config_exporter=tailwind.config.exporter2.cjs
+ '[' -f node_modules/tailwindcss/lib/lib/load-config.js ']'
+ tailwind_config_exporter=tailwind.config.exporter3.mjs
+ cp /twcr/worker/../worker/tailwind.config.exporter3.mjs ./
+ set +e
+ node ./tailwind.config.exporter3.mjs tailwind.config.cjs
+ exitcode=0
+ set -e
+ [[ 0 != \0 ]]
+ echo 'module.exports={plugins:['
+ jq -rs '
        map(select(.name | startswith("@tailwindcss/")))
        | map("require(" + ( .name | tojson ) + "),")[]
      '
+ grep -Ev '"@tailwindcss/postcss7-compat"'
+ echo ']}'
+ cat tailwind.config.cjs
+ sed 's/^/>>> /'
>>> module.exports={plugins:[
>>> require("@tailwindcss/forms"),
>>> require("@tailwindcss/typography"),
>>> ]}
+ node ./tailwind.config.exporter3.mjs tailwind.config.cjs
++ date -u +%Y-%m-%dT%H:%M:%SZ
+ writetaskstat timestamp_attempt_squash_end 2024-03-05T00:46:46Z
+ jq -nc --arg key timestamp_attempt_squash_end --arg value 2024-03-05T00:46:46Z '{ key: $key, value: $value }'
+ break
++ date -u +%Y-%m-%dT%H:%M:%SZ
+ writetaskstat timestamp_end 2024-03-05T00:46:46Z
+ jq -nc --arg key timestamp_end --arg value 2024-03-05T00:46:46Z '{ key: $key, value: $value }'
+ rm /twcr/mnt/results/extract-failed
+ touch /twcr/mnt/results/extract-completed
