==== RUN-DOCKER
+++ dirname -- ./worker/run.sh
++ cd -- ./worker
++ pwd
+ twcrdir=/twcr/worker/..
+ repo=github.com/kossnocorp/opensource.how
+ reporef=main
+ repopath=./
+ '[' true == true ']'
+ grep -q '^././'
++ echo github.com/kossnocorp/opensource.how
++ sha256sum
++ awk '{ print $1 }'
++ cut -c1-12
+ procdir=/tmp/twcr-c5240c4a38fb
++ echo 'github.com/kossnocorp/opensource.how;main;./'
++ sha256sum
++ awk '{ print $1 }'
++ cut -c1-12
+ datadir=/twcr/worker/../mnt/dataset/data/09f2b263bd7b
+ '[' '!' -z /twcr/mnt/results ']'
+ datadir=/twcr/mnt/results
+ touch /twcr/mnt/results/extract-failed
++ base64
++ tr -d =
++ tr /+ _-
++ base64
++ tr -d =
++ tr /+ _-
+ writetaskstat analysis_key github.com/kossnocorp/opensource.how/bWFpbgo/Li8K
+ jq -nc --arg key analysis_key --arg value github.com/kossnocorp/opensource.how/bWFpbgo/Li8K '{ key: $key, value: $value }'
++ date -u +%Y%m%d%H%M%S
++ sha256sum
++ awk '{ print $1 }'
++ cut -c1-16
++ head -c 32 /dev/urandom
+ writetaskstat analysis_nonce 5ac3eefa8c15c591
+ jq -nc --arg key analysis_nonce --arg value 5ac3eefa8c15c591 '{ key: $key, value: $value }'
+ writetaskstat input_repo_name github.com/kossnocorp/opensource.how
+ jq -nc --arg key input_repo_name --arg value github.com/kossnocorp/opensource.how '{ key: $key, value: $value }'
+ writetaskstat input_repo_ref main
+ jq -nc --arg key input_repo_ref --arg value main '{ key: $key, value: $value }'
+ writetaskstat input_repo_path ./
+ jq -nc --arg key input_repo_path --arg value ./ '{ key: $key, value: $value }'
++ date -u +%Y-%m-%dT%H:%M:%SZ
+ writetaskstat timestamp_begin 2024-03-04T05:51:28Z
+ jq -nc --arg key timestamp_begin --arg value 2024-03-04T05:51:28Z '{ key: $key, value: $value }'
+ mkdir -p /tmp/twcr-c5240c4a38fb
+ pushd /tmp/twcr-c5240c4a38fb
+ '[' -d .git ']'
+ git clone --depth=1 -b main https://github.com/kossnocorp/opensource.how.git .
/tmp/twcr-c5240c4a38fb /twcr
Cloning into '.'...
++ date -u +%Y-%m-%dT%H:%M:%SZ
+ writetaskstat timestamp_git_clone_complete 2024-03-04T05:51:29Z
+ jq -nc --arg key timestamp_git_clone_complete --arg value 2024-03-04T05:51:29Z '{ key: $key, value: $value }'
++ git rev-parse HEAD
+ writetaskstat exec_repo_commit_sha 1f3ba76472ea807628b12c86d422b89357065edc
+ jq -nc --arg key exec_repo_commit_sha --arg value 1f3ba76472ea807628b12c86d422b89357065edc '{ key: $key, value: $value }'
+++ git show --no-patch --format=%ci
++ date -u --date '2022-07-04 22:27:14 +0800' +%Y-%m-%dT%H:%M:%SZ
+ writetaskstat exec_repo_commit_date 2022-07-04T14:27:14Z
+ jq -nc --arg key exec_repo_commit_date --arg value 2022-07-04T14:27:14Z '{ key: $key, value: $value }'
/tmp/twcr-c5240c4a38fb /tmp/twcr-c5240c4a38fb /twcr
+ '[' -z ./ ']'
+ pushd ./
+ tailwind_config_file_name=
+ '[' -f tailwind.config.js ']'
+ '[' -f tailwind.config.cjs ']'
+ tailwind_config_file_name=tailwind.config.cjs
+ writetaskstat exec_tailwind_config_file tailwind.config.cjs
+ jq -nc --arg key exec_tailwind_config_file --arg value tailwind.config.cjs '{ key: $key, value: $value }'
+ cp tailwind.config.cjs /twcr/mnt/results/extract-raw-tailwind-config.js
+ '[' '!' -f package.json ']'
+ cp package.json /twcr/mnt/results/extract-raw-package.json
++ /twcr/worker/../worker/pm-detect.sh /tmp/twcr-c5240c4a38fb
+ package_manager_name=
+ '[' -z '' ']'
+ '[' ./ '!=' ./ ']'
+ '[' -z '' ']'
+ package_manager_name=npm
+ writetaskstat exec_node_package_manager npm
+ jq -nc --arg key exec_node_package_manager --arg value npm '{ key: $key, value: $value }'
+ attempt_mode=squash
+ true
++ date -u +%Y-%m-%dT%H:%M:%SZ
+ writetaskstat timestamp_attempt_squash_begin 2024-03-04T05:51:29Z
+ jq -nc --arg key timestamp_attempt_squash_begin --arg value 2024-03-04T05:51:29Z '{ key: $key, value: $value }'
+ [[ squash == \s\q\u\a\s\h ]]
+ set +e
+ node /twcr/worker/../worker/squash-package.mjs tailwind.config.cjs
[squash-package] ERROR: failed to find any match for import path (tailwindcss)
+ exitcode=1
+ set -e
+ [[ 1 != \0 ]]
+ echo '[worker] WARN: squash failed; retrying with full install'
[worker] WARN: squash failed; retrying with full install
+ attempt_mode=full
+ continue
+ true
++ date -u +%Y-%m-%dT%H:%M:%SZ
+ writetaskstat timestamp_attempt_full_begin 2024-03-04T05:51:29Z
+ jq -nc --arg key timestamp_attempt_full_begin --arg value 2024-03-04T05:51:29Z '{ key: $key, value: $value }'
+ [[ full == \s\q\u\a\s\h ]]
+ git clean -fdx
+ git reset --hard
HEAD is now at 1f3ba76 MVP
+ set +e
+ /twcr/worker/../worker/pm-install.sh npm /tmp/twcr-c5240c4a38fb /twcr/mnt/results
+ package_manager_name=npm
+ procdir=/tmp/twcr-c5240c4a38fb
+ datadir=/twcr/mnt/results
+ case "${package_manager_name}" in
++ '[' -f package-lock.json ']'
++ echo ci
+ npm ci --ignore-engines
npm WARN EBADENGINE Unsupported engine {
npm WARN EBADENGINE   package: '@es-joy/jsdoccomment@0.29.0',
npm WARN EBADENGINE   required: { node: '^14 || ^16 || ^17 || ^18' },
npm WARN EBADENGINE   current: { node: 'v21.6.2', npm: '10.2.4' }
npm WARN EBADENGINE }
npm WARN EBADENGINE Unsupported engine {
npm WARN EBADENGINE   package: 'eslint-plugin-jsdoc@39.2.9',
npm WARN EBADENGINE   required: { node: '^14 || ^16 || ^17 || ^18' },
npm WARN EBADENGINE   current: { node: 'v21.6.2', npm: '10.2.4' }
npm WARN EBADENGINE }
npm WARN deprecated uuid@3.4.0: Please upgrade  to version 7 or higher.  Older versions may use Math.random() in certain circumstances, which is known to be problematic.  See https://v8.dev/blog/math-random for details.
(node:92) MaxListenersExceededWarning: Possible EventEmitter memory leak detected. 11 socket listeners added to [ClientRequest]. Use emitter.setMaxListeners() to increase limit
(Use `node --trace-warnings ...` to show where the warning was created)
(node:92) MaxListenersExceededWarning: Possible EventEmitter memory leak detected. 11 socket listeners added to [ClientRequest]. Use emitter.setMaxListeners() to increase limit
(node:92) MaxListenersExceededWarning: Possible EventEmitter memory leak detected. 11 socket listeners added to [ClientRequest]. Use emitter.setMaxListeners() to increase limit
(node:92) MaxListenersExceededWarning: Possible EventEmitter memory leak detected. 11 socket listeners added to [ClientRequest]. Use emitter.setMaxListeners() to increase limit
(node:92) MaxListenersExceededWarning: Possible EventEmitter memory leak detected. 11 socket listeners added to [ClientRequest]. Use emitter.setMaxListeners() to increase limit
npm WARN deprecated har-validator@5.1.3: this library is no longer supported
npm WARN deprecated uuid@3.4.0: Please upgrade  to version 7 or higher.  Older versions may use Math.random() in certain circumstances, which is known to be problematic.  See https://v8.dev/blog/math-random for details.
(node:92) MaxListenersExceededWarning: Possible EventEmitter memory leak detected. 11 socket listeners added to [ClientRequest]. Use emitter.setMaxListeners() to increase limit
npm WARN deprecated request@2.88.2: request has been deprecated, see https://github.com/request/request/issues/3142
(node:92) MaxListenersExceededWarning: Possible EventEmitter memory leak detected. 11 socket listeners added to [ClientRequest]. Use emitter.setMaxListeners() to increase limit
(node:92) MaxListenersExceededWarning: Possible EventEmitter memory leak detected. 11 socket listeners added to [ClientRequest]. Use emitter.setMaxListeners() to increase limit
npm WARN deprecated @manifoldco/swagger-to-ts@2.1.0: This package has changed to openapi-typescript
npm WARN deprecated debug@4.1.1: Debug versions >=3.2.0 <3.2.7 || >=4 <4.3.1 have a low-severity ReDos regression when used in a Node.js environment. It is recommended you upgrade to 3.2.7 or 4.3.1. (https://github.com/visionmedia/debug/issues/797)
npm WARN deprecated debug@4.1.1: Debug versions >=3.2.0 <3.2.7 || >=4 <4.3.1 have a low-severity ReDos regression when used in a Node.js environment. It is recommended you upgrade to 3.2.7 or 4.3.1. (https://github.com/visionmedia/debug/issues/797)
npm WARN deprecated debug@4.1.1: Debug versions >=3.2.0 <3.2.7 || >=4 <4.3.1 have a low-severity ReDos regression when used in a Node.js environment. It is recommended you upgrade to 3.2.7 or 4.3.1. (https://github.com/visionmedia/debug/issues/797)
npm WARN deprecated debug@4.1.1: Debug versions >=3.2.0 <3.2.7 || >=4 <4.3.1 have a low-severity ReDos regression when used in a Node.js environment. It is recommended you upgrade to 3.2.7 or 4.3.1. (https://github.com/visionmedia/debug/issues/797)
npm WARN deprecated cli-ux@5.6.7: Package no longer supported. Contact Support at https://www.npmjs.com/support for more info.

added 2155 packages, and audited 2156 packages in 7m

257 packages are looking for funding
  run `npm fund` for details

65 vulnerabilities (2 low, 36 moderate, 21 high, 6 critical)

To address all issues, run:
  npm audit fix

Run `npm audit` for details.
npm notice 
npm notice New minor version of npm available! 10.2.4 -> 10.5.0
npm notice Changelog: <https://github.com/npm/cli/releases/tag/v10.5.0>
npm notice Run `npm install -g npm@10.5.0` to update!
npm notice 
+ npm query '*'
+ jq -cr '
        map({ name: .name, version: .version })
        | map(select(.name))
        | sort_by(.name)[]
      '
+ exitcode=0
+ set -e
+ [[ 0 != \0 ]]
++ jq -sr 'map(select(.name == "tailwindcss")) | first | .version'
+ tailwind_package_version=3.1.4
+ tailwind_config_exporter=tailwind.config.exporter2.cjs
+ '[' -f node_modules/tailwindcss/lib/lib/load-config.js ']'
+ cp /twcr/worker/../worker/tailwind.config.exporter2.cjs ./
+ set +e
+ node ./tailwind.config.exporter2.cjs tailwind.config.cjs
+ exitcode=0
+ set -e
+ [[ 0 != \0 ]]
+ echo 'module.exports={plugins:['
+ jq -rs '
        map(select(.name | startswith("@tailwindcss/")))
        | map("require(" + ( .name | tojson ) + "),")[]
      '
+ grep -Ev '"@tailwindcss/postcss7-compat"'
+ echo ']}'
+ cat tailwind.config.cjs
+ sed 's/^/>>> /'
>>> module.exports={plugins:[
>>> require("@tailwindcss/typography"),
>>> ]}
+ node ./tailwind.config.exporter2.cjs tailwind.config.cjs
++ date -u +%Y-%m-%dT%H:%M:%SZ
+ writetaskstat timestamp_attempt_full_end 2024-03-04T05:58:51Z
+ jq -nc --arg key timestamp_attempt_full_end --arg value 2024-03-04T05:58:51Z '{ key: $key, value: $value }'
+ break
++ date -u +%Y-%m-%dT%H:%M:%SZ
+ writetaskstat timestamp_end 2024-03-04T05:58:51Z
+ jq -nc --arg key timestamp_end --arg value 2024-03-04T05:58:51Z '{ key: $key, value: $value }'
+ rm /twcr/mnt/results/extract-failed
+ touch /twcr/mnt/results/extract-completed
