==== RUN-DOCKER
+++ dirname -- ./worker/run.sh
++ cd -- ./worker
++ pwd
+ twcrdir=/twcr/worker/..
+ repo=github.com/frappe/books
+ reporef=master
+ repopath=./
++ echo github.com/frappe/books
++ sha256sum
++ awk '{ print $1 }'
++ cut -c1-12
+ procdir=/tmp/twcr-dd6ebea8b3ca
++ echo 'github.com/frappe/books;master;./'
++ sha256sum
++ awk '{ print $1 }'
++ cut -c1-12
+ datadir=/twcr/worker/../mnt/dataset/data/0e0a041e00a4
+ '[' '!' -z /twcr/mnt/results ']'
+ datadir=/twcr/mnt/results
+ touch /twcr/mnt/results/extract-failed
++ base64
++ tr -d =
++ tr /+ _-
++ base64
++ tr -d =
++ tr /+ _-
+ writetaskstat analysis_key github.com/frappe/books/bWFzdGVyCg/Li8K
+ jq -nc --arg key analysis_key --arg value github.com/frappe/books/bWFzdGVyCg/Li8K '{ key: $key, value: $value }'
++ date -u +%Y%m%d%H%M%S
++ sha256sum
++ awk '{ print $1 }'
++ cut -c1-16
++ head -c 32 /dev/urandom
+ writetaskstat analysis_nonce e501903c5089acea
+ jq -nc --arg key analysis_nonce --arg value e501903c5089acea '{ key: $key, value: $value }'
+ writetaskstat input_repo_name github.com/frappe/books
+ jq -nc --arg key input_repo_name --arg value github.com/frappe/books '{ key: $key, value: $value }'
+ writetaskstat input_repo_ref master
+ jq -nc --arg key input_repo_ref --arg value master '{ key: $key, value: $value }'
+ writetaskstat input_repo_path ./
+ jq -nc --arg key input_repo_path --arg value ./ '{ key: $key, value: $value }'
++ date -u +%Y-%m-%dT%H:%M:%SZ
+ writetaskstat timestamp_begin 2024-03-02T23:12:44Z
+ jq -nc --arg key timestamp_begin --arg value 2024-03-02T23:12:44Z '{ key: $key, value: $value }'
+ mkdir -p /tmp/twcr-dd6ebea8b3ca
+ pushd /tmp/twcr-dd6ebea8b3ca
+ '[' -d .git ']'
+ git clone --depth=1 -b master https://github.com/frappe/books.git .
/tmp/twcr-dd6ebea8b3ca /twcr
Cloning into '.'...
++ date -u +%Y-%m-%dT%H:%M:%SZ
+ writetaskstat timestamp_git_clone_complete 2024-03-02T23:12:46Z
+ jq -nc --arg key timestamp_git_clone_complete --arg value 2024-03-02T23:12:46Z '{ key: $key, value: $value }'
++ git rev-parse HEAD
+ writetaskstat exec_repo_commit_sha 71c4e8a41108587d9418a7df52798132a381b590
+ jq -nc --arg key exec_repo_commit_sha --arg value 71c4e8a41108587d9418a7df52798132a381b590 '{ key: $key, value: $value }'
+++ git show --no-patch --format=%ci
++ date -u --date '2024-02-12 14:25:13 -0800' +%Y-%m-%dT%H:%M:%SZ
+ writetaskstat exec_repo_commit_date 2024-02-12T22:25:13Z
+ jq -nc --arg key exec_repo_commit_date --arg value 2024-02-12T22:25:13Z '{ key: $key, value: $value }'
+ '[' -z ./ ']'
+ pushd ./
+ tailwind_config_file_name=
+ '[' -f tailwind.config.js ']'
+ tailwind_config_file_name=tailwind.config.js
+ writetaskstat exec_tailwind_config_file tailwind.config.js
+ jq -nc --arg key exec_tailwind_config_file --arg value tailwind.config.js '{ key: $key, value: $value }'
/tmp/twcr-dd6ebea8b3ca /tmp/twcr-dd6ebea8b3ca /twcr
+ cp tailwind.config.js /twcr/mnt/results/extract-raw-tailwind-config.js
+ '[' '!' -f package.json ']'
+ cp package.json /twcr/mnt/results/extract-raw-package.json
+ package_manager_name=npm
+ grep -q '"packageManager":[^"]+"pnpm@"' package.json
+ '[' -f pnpm-lock.yaml ']'
+ '[' -f pnpm-workspace.yaml ']'
+ '[' -f /tmp/twcr-dd6ebea8b3ca/pnpm-workspace.yaml ']'
+ cat README.md
+ grep -q 'pnpm install'
+ grep -q '"packageManager":[^"]+"yarn@"' package.json
+ '[' -f yarn.lock ']'
+ package_manager_name=yarn
+ writetaskstat exec_node_package_manager yarn
+ jq -nc --arg key exec_node_package_manager --arg value yarn '{ key: $key, value: $value }'
+ attempt_mode=squash
+ true
++ date -u +%Y-%m-%dT%H:%M:%SZ
+ writetaskstat timestamp_attempt_squash_begin 2024-03-02T23:12:46Z
+ jq -nc --arg key timestamp_attempt_squash_begin --arg value 2024-03-02T23:12:46Z '{ key: $key, value: $value }'
+ [[ squash == \s\q\u\a\s\h ]]
+ set +e
+ node /twcr/worker/../worker/squash-package.mjs tailwind.config.js
+ exitcode=0
+ set -e
+ [[ 0 != \0 ]]
+ cat package.json
+ sed 's/^/>>> /'
>>> {
>>>   "name": "frappe-books",
>>>   "version": "0.21.2",
>>>   "description": "Simple book-keeping app for everyone",
>>>   "author": {
>>>     "name": "Frappe Technologies Pvt. Ltd.",
>>>     "email": "hello@frappe.io"
>>>   },
>>>   "dependencies": {},
>>>   "devDependencies": {
>>>     "tailwindcss": "npm:@tailwindcss/postcss7-compat",
>>>     "tailwindcss-rtl": "^0.9.0"
>>>   },
>>>   "resolutions": {
>>>     "node-abi": "^3.54.0"
>>>   },
>>>   "prettier": {
>>>     "semi": true,
>>>     "singleQuote": true,
>>>     "trailingComma": "es5"
>>>   },
>>>   "homepage": "https://frappebooks.com",
>>>   "repository": {
>>>     "url": "https://github.com/frappe/books"
>>>   },
>>>   "license": "AGPL-3.0-only"
>>> }+ set +e
+ /twcr/worker/../worker/pm-install.sh yarn /tmp/twcr-dd6ebea8b3ca /twcr/mnt/results
+ package_manager_name=yarn
+ procdir=/tmp/twcr-dd6ebea8b3ca
+ datadir=/twcr/mnt/results
+ case "${package_manager_name}" in
+ yarn install --ignore-engines
yarn install v1.22.19
[1/4] Resolving packages...
[2/4] Fetching packages...
(node:86) [DEP0040] DeprecationWarning: The `punycode` module is deprecated. Please use a userland alternative instead.
(Use `node --trace-deprecation ...` to show where the warning was created)
[3/4] Linking dependencies...
[4/4] Building fresh packages...
success Saved lockfile.
Done in 8.88s.
+ yarn list --depth=0 --json --non-interactive --no-progress
+ jq -cr '
        [.. | .name?]
        | map(select(.))
        | map(capture("^(?<name>@?[^@]+)@(?<version>.+)$"))
        | sort_by(.name)[]'
+ exitcode=0
+ set -e
+ [[ 0 != \0 ]]
++ jq -sr 'map(select(.name == "tailwindcss")) | first | .version'
+ tailwind_package_version=2.2.17
+ tailwind_config_exporter=tailwind.config.exporter3.mjs
+ true
+ cp /twcr/worker/../worker/tailwind.config.exporter3.mjs ./
+ set +e
+ node ./tailwind.config.exporter3.mjs tailwind.config.js
node:internal/modules/esm/resolve:263
    throw new ERR_MODULE_NOT_FOUND(
          ^

Error [ERR_MODULE_NOT_FOUND]: Cannot find module '/tmp/twcr-dd6ebea8b3ca/node_modules/tailwindcss/lib/lib/load-config.js' imported from /tmp/twcr-dd6ebea8b3ca/tailwind.config.exporter3.mjs
    at finalizeResolution (node:internal/modules/esm/resolve:263:11)
    at moduleResolve (node:internal/modules/esm/resolve:908:10)
    at defaultResolve (node:internal/modules/esm/resolve:1131:11)
    at ModuleLoader.defaultResolve (node:internal/modules/esm/loader:390:12)
    at ModuleLoader.resolve (node:internal/modules/esm/loader:359:25)
    at ModuleLoader.getModuleJob (node:internal/modules/esm/loader:234:38)
    at ModuleWrap.<anonymous> (node:internal/modules/esm/module_job:85:39)
    at link (node:internal/modules/esm/module_job:84:36) {
  code: 'ERR_MODULE_NOT_FOUND',
  url: 'file:///tmp/twcr-dd6ebea8b3ca/node_modules/tailwindcss/lib/lib/load-config.js'
}

Node.js v21.6.2
+ exitcode=1
+ set -e
+ [[ 1 != \0 ]]
+ [[ tailwind.config.exporter3.mjs == \t\a\i\l\w\i\n\d\.\c\o\n\f\i\g\.\e\x\p\o\r\t\e\r\3\.\m\j\s ]]
+ echo '[worker] WARN: exporter failed; retrying with alternative'
[worker] WARN: exporter failed; retrying with alternative
+ tailwind_config_exporter=tailwind.config.exporter2.cjs
+ continue
+ true
+ cp /twcr/worker/../worker/tailwind.config.exporter2.cjs ./
+ set +e
+ node ./tailwind.config.exporter2.cjs tailwind.config.js
+ exitcode=0
+ set -e
+ [[ 0 != \0 ]]
+ break
+ echo 'module.exports={plugins:['
+ jq -rs '
        map(select(.name | startswith("@tailwindcss/")))
        | map("require(" + ( .name | tojson ) + "),")[]
      '
+ echo ']}'
+ cat tailwind.config.js
+ sed 's/^/>>> /'
>>> module.exports={plugins:[
>>> ]}
+ node ./tailwind.config.exporter2.cjs tailwind.config.js
++ date -u +%Y-%m-%dT%H:%M:%SZ
+ writetaskstat timestamp_attempt_squash_end 2024-03-02T23:12:56Z
+ jq -nc --arg key timestamp_attempt_squash_end --arg value 2024-03-02T23:12:56Z '{ key: $key, value: $value }'
+ break
++ date -u +%Y-%m-%dT%H:%M:%SZ
+ writetaskstat timestamp_end 2024-03-02T23:12:56Z
+ jq -nc --arg key timestamp_end --arg value 2024-03-02T23:12:56Z '{ key: $key, value: $value }'
+ rm /twcr/mnt/results/extract-failed
+ touch /twcr/mnt/results/extract-completed
