==== RUN-DOCKER
+++ dirname -- ./worker/run.sh
++ cd -- ./worker
++ pwd
+ twcrdir=/twcr/worker/..
+ repo=github.com/zukreindev/portfolio
+ reporef=main
+ repopath=./
++ echo github.com/zukreindev/portfolio
++ sha256sum
++ awk '{ print $1 }'
++ cut -c1-12
+ procdir=/tmp/twcr-c0250c28a440
++ echo 'github.com/zukreindev/portfolio;main;./'
++ sha256sum
++ awk '{ print $1 }'
++ cut -c1-12
+ datadir=/twcr/worker/../mnt/dataset/data/3ff07f69d8b4
+ '[' '!' -z /twcr/mnt/results ']'
+ datadir=/twcr/mnt/results
+ touch /twcr/mnt/results/extract-failed
++ base64
++ tr -d =
++ tr /+ _-
++ base64
++ tr -d =
++ tr /+ _-
+ writetaskstat analysis_key github.com/zukreindev/portfolio/bWFpbgo/Li8K
+ jq -nc --arg key analysis_key --arg value github.com/zukreindev/portfolio/bWFpbgo/Li8K '{ key: $key, value: $value }'
++ date -u +%Y%m%d%H%M%S
++ sha256sum
++ awk '{ print $1 }'
++ cut -c1-16
++ head -c 32 /dev/urandom
+ writetaskstat analysis_nonce 3be3724c63dcd097
+ jq -nc --arg key analysis_nonce --arg value 3be3724c63dcd097 '{ key: $key, value: $value }'
+ writetaskstat input_repo_name github.com/zukreindev/portfolio
+ jq -nc --arg key input_repo_name --arg value github.com/zukreindev/portfolio '{ key: $key, value: $value }'
+ writetaskstat input_repo_ref main
+ jq -nc --arg key input_repo_ref --arg value main '{ key: $key, value: $value }'
+ writetaskstat input_repo_path ./
+ jq -nc --arg key input_repo_path --arg value ./ '{ key: $key, value: $value }'
++ date -u +%Y-%m-%dT%H:%M:%SZ
+ writetaskstat timestamp_begin 2024-03-02T23:50:20Z
+ jq -nc --arg key timestamp_begin --arg value 2024-03-02T23:50:20Z '{ key: $key, value: $value }'
+ mkdir -p /tmp/twcr-c0250c28a440
/tmp/twcr-c0250c28a440 /twcr
+ pushd /tmp/twcr-c0250c28a440
+ '[' -d .git ']'
+ git clone --depth=1 -b main https://github.com/zukreindev/portfolio.git .
Cloning into '.'...
++ date -u +%Y-%m-%dT%H:%M:%SZ
+ writetaskstat timestamp_git_clone_complete 2024-03-02T23:50:21Z
+ jq -nc --arg key timestamp_git_clone_complete --arg value 2024-03-02T23:50:21Z '{ key: $key, value: $value }'
++ git rev-parse HEAD
+ writetaskstat exec_repo_commit_sha a6bdddf14f086f6748bc3eae9e92ee9501738be2
+ jq -nc --arg key exec_repo_commit_sha --arg value a6bdddf14f086f6748bc3eae9e92ee9501738be2 '{ key: $key, value: $value }'
+++ git show --no-patch --format=%ci
++ date -u --date '2023-05-01 13:06:01 +0300' +%Y-%m-%dT%H:%M:%SZ
+ writetaskstat exec_repo_commit_date 2023-05-01T10:06:01Z
+ jq -nc --arg key exec_repo_commit_date --arg value 2023-05-01T10:06:01Z '{ key: $key, value: $value }'
+ '[' -z ./ ']'
+ pushd ./
+ tailwind_config_file_name=
+ '[' -f tailwind.config.js ']'
+ tailwind_config_file_name=tailwind.config.js
+ writetaskstat exec_tailwind_config_file tailwind.config.js
+ jq -nc --arg key exec_tailwind_config_file --arg value tailwind.config.js '{ key: $key, value: $value }'
/tmp/twcr-c0250c28a440 /tmp/twcr-c0250c28a440 /twcr
+ cp tailwind.config.js /twcr/mnt/results/extract-raw-tailwind-config.js
+ '[' '!' -f package.json ']'
+ cp package.json /twcr/mnt/results/extract-raw-package.json
+ package_manager_name=npm
+ grep -q '"packageManager":[^"]+"pnpm@"' package.json
+ '[' -f pnpm-lock.yaml ']'
+ package_manager_name=pnpm
+ writetaskstat exec_node_package_manager pnpm
+ jq -nc --arg key exec_node_package_manager --arg value pnpm '{ key: $key, value: $value }'
+ attempt_mode=squash
+ true
++ date -u +%Y-%m-%dT%H:%M:%SZ
+ writetaskstat timestamp_attempt_squash_begin 2024-03-02T23:50:22Z
+ jq -nc --arg key timestamp_attempt_squash_begin --arg value 2024-03-02T23:50:22Z '{ key: $key, value: $value }'
+ [[ squash == \s\q\u\a\s\h ]]
+ set +e
+ node /twcr/worker/../worker/squash-package.mjs tailwind.config.js
+ exitcode=0
+ set -e
+ [[ 0 != \0 ]]
+ cat package.json
+ sed 's/^/>>> /'
>>> {
>>>   "name": "zukrein.me-3.0.0",
>>>   "version": "0.0.1",
>>>   "private": true,
>>>   "devDependencies": {
>>>     "tailwindcss": "^3.3.2"
>>>   },
>>>   "type": "module"
>>> }+ set +e
+ /twcr/worker/../worker/pm-install.sh pnpm /tmp/twcr-c0250c28a440 /twcr/mnt/results
+ package_manager_name=pnpm
+ procdir=/tmp/twcr-c0250c28a440
+ datadir=/twcr/mnt/results
+ case "${package_manager_name}" in
+ '[' '!' -f /tmp/twcr-c0250c28a440/package.json ']'
++ pnpm -v
+ sed -Ei 's/("pnpm": ")(.+)(")/\18.15.4\3/' /tmp/twcr-c0250c28a440/package.json
+ '[' '!' -f package.json ']'
++ pnpm -v
+ sed -Ei 's/("pnpm": ")(.+)(")/\18.15.4\3/' package.json
+ pnpm install
Progress: resolved 0, reused 0, downloaded 1, added 0
Progress: resolved 23, reused 0, downloaded 23, added 0
Progress: resolved 54, reused 0, downloaded 53, added 0
Packages: +82
++++++++++++++++++++++++++++++++++++++++++++++++++++++++++++++++++++++++++++++++
Progress: resolved 83, reused 0, downloaded 82, added 82, done

devDependencies:
+ tailwindcss 3.3.2

Done in 4.9s
+ pnpm ls --json
+ jq -cr '
        .[]
        | [.dependencies, .devDependencies, .optionalDependencies]
        | map(select(.))[]
        | to_entries
        | map({ name: .key, version: .value.version })
        | sort_by(.name)[]
      '
+ exitcode=0
+ set -e
+ [[ 0 != \0 ]]
++ jq -sr 'map(select(.name == "tailwindcss")) | first | .version'
+ tailwind_package_version=3.3.2
+ tailwind_config_exporter=tailwind.config.exporter3.mjs
+ true
+ cp /twcr/worker/../worker/tailwind.config.exporter3.mjs ./
+ set +e
+ node ./tailwind.config.exporter3.mjs tailwind.config.js
+ exitcode=0
+ set -e
+ [[ 0 != \0 ]]
+ break
+ echo 'module.exports={plugins:['
+ jq -rs '
        map(select(.name | startswith("@tailwindcss/")))
        | map("require(" + ( .name | tojson ) + "),")[]
      '
+ echo ']}'
+ cat tailwind.config.js
+ sed 's/^/>>> /'
>>> module.exports={plugins:[
>>> ]}
+ node ./tailwind.config.exporter3.mjs tailwind.config.js
++ date -u +%Y-%m-%dT%H:%M:%SZ
+ writetaskstat timestamp_attempt_squash_end 2024-03-02T23:50:30Z
+ jq -nc --arg key timestamp_attempt_squash_end --arg value 2024-03-02T23:50:30Z '{ key: $key, value: $value }'
+ break
++ date -u +%Y-%m-%dT%H:%M:%SZ
+ writetaskstat timestamp_end 2024-03-02T23:50:30Z
+ jq -nc --arg key timestamp_end --arg value 2024-03-02T23:50:30Z '{ key: $key, value: $value }'
+ rm /twcr/mnt/results/extract-failed
+ touch /twcr/mnt/results/extract-completed
