==== RUN-DOCKER
+++ dirname -- ./worker/run.sh
++ cd -- ./worker
++ pwd
+ twcrdir=/twcr/worker/..
+ repo=github.com/stimulus-components/stimulus-glow
+ reporef=main
+ repopath=./
+ '[' true == true ']'
+ grep -q '^././'
++ echo github.com/stimulus-components/stimulus-glow
++ sha256sum
++ awk '{ print $1 }'
++ cut -c1-12
+ procdir=/tmp/twcr-b537078df5a4
++ echo 'github.com/stimulus-components/stimulus-glow;main;./'
++ sha256sum
++ awk '{ print $1 }'
++ cut -c1-12
+ datadir=/twcr/worker/../mnt/dataset/data/ceeab6c524cb
+ '[' '!' -z /twcr/mnt/results ']'
+ datadir=/twcr/mnt/results
+ touch /twcr/mnt/results/extract-failed
++ base64
++ tr -d =
++ tr /+ _-
++ base64
++ tr -d =
++ tr /+ _-
+ writetaskstat analysis_key github.com/stimulus-components/stimulus-glow/bWFpbgo/Li8K
+ jq -nc --arg key analysis_key --arg value github.com/stimulus-components/stimulus-glow/bWFpbgo/Li8K '{ key: $key, value: $value }'
++ date -u +%Y%m%d%H%M%S
++ sha256sum
++ awk '{ print $1 }'
++ cut -c1-16
++ head -c 32 /dev/urandom
+ writetaskstat analysis_nonce 62b298d754a6b6b4
+ jq -nc --arg key analysis_nonce --arg value 62b298d754a6b6b4 '{ key: $key, value: $value }'
+ writetaskstat input_repo_name github.com/stimulus-components/stimulus-glow
+ jq -nc --arg key input_repo_name --arg value github.com/stimulus-components/stimulus-glow '{ key: $key, value: $value }'
+ writetaskstat input_repo_ref main
+ jq -nc --arg key input_repo_ref --arg value main '{ key: $key, value: $value }'
+ writetaskstat input_repo_path ./
+ jq -nc --arg key input_repo_path --arg value ./ '{ key: $key, value: $value }'
++ date -u +%Y-%m-%dT%H:%M:%SZ
+ writetaskstat timestamp_begin 2024-03-04T10:12:21Z
+ jq -nc --arg key timestamp_begin --arg value 2024-03-04T10:12:21Z '{ key: $key, value: $value }'
+ mkdir -p /tmp/twcr-b537078df5a4
/tmp/twcr-b537078df5a4 /twcr
+ pushd /tmp/twcr-b537078df5a4
+ '[' -d .git ']'
+ git clone --depth=1 -b main https://github.com/stimulus-components/stimulus-glow.git .
Cloning into '.'...
++ date -u +%Y-%m-%dT%H:%M:%SZ
+ writetaskstat timestamp_git_clone_complete 2024-03-04T10:12:22Z
+ jq -nc --arg key timestamp_git_clone_complete --arg value 2024-03-04T10:12:22Z '{ key: $key, value: $value }'
++ git rev-parse HEAD
+ writetaskstat exec_repo_commit_sha 11e9e46fbc6965b6ffe1adfc31fa3da0228b3fff
+ jq -nc --arg key exec_repo_commit_sha --arg value 11e9e46fbc6965b6ffe1adfc31fa3da0228b3fff '{ key: $key, value: $value }'
+++ git show --no-patch --format=%ci
++ date -u --date '2024-01-03 22:59:14 -0500' +%Y-%m-%dT%H:%M:%SZ
+ writetaskstat exec_repo_commit_date 2024-01-04T03:59:14Z
+ jq -nc --arg key exec_repo_commit_date --arg value 2024-01-04T03:59:14Z '{ key: $key, value: $value }'
+ '[' -z ./ ']'
+ pushd ./
+ tailwind_config_file_name=
+ '[' -f tailwind.config.js ']'
+ tailwind_config_file_name=tailwind.config.js
+ writetaskstat exec_tailwind_config_file tailwind.config.js
+ jq -nc --arg key exec_tailwind_config_file --arg value tailwind.config.js '{ key: $key, value: $value }'
/tmp/twcr-b537078df5a4 /tmp/twcr-b537078df5a4 /twcr
+ cp tailwind.config.js /twcr/mnt/results/extract-raw-tailwind-config.js
+ '[' '!' -f package.json ']'
+ cp package.json /twcr/mnt/results/extract-raw-package.json
++ /twcr/worker/../worker/pm-detect.sh /tmp/twcr-b537078df5a4
+ package_manager_name=yarn
+ '[' -z yarn ']'
+ '[' -z yarn ']'
+ writetaskstat exec_node_package_manager yarn
+ jq -nc --arg key exec_node_package_manager --arg value yarn '{ key: $key, value: $value }'
+ attempt_mode=squash
+ true
++ date -u +%Y-%m-%dT%H:%M:%SZ
+ writetaskstat timestamp_attempt_squash_begin 2024-03-04T10:12:22Z
+ jq -nc --arg key timestamp_attempt_squash_begin --arg value 2024-03-04T10:12:22Z '{ key: $key, value: $value }'
+ [[ squash == \s\q\u\a\s\h ]]
+ set +e
+ node /twcr/worker/../worker/squash-package.mjs tailwind.config.js
+ exitcode=0
+ set -e
+ [[ 0 != \0 ]]
+ cat package.json
+ sed 's/^/>>> /'
>>> {
>>>   "name": "stimulus-glow",
>>>   "version": "0.3.0",
>>>   "description": "A Stimulus controller that add a mouse-tracing glow effect.",
>>>   "keywords": [
>>>     "stimulus",
>>>     "stimulusjs",
>>>     "stimulus controller",
>>>     "glow"
>>>   ],
>>>   "repository": "git@github.com:stimulus-components/stimulus-glow.git",
>>>   "bugs": {
>>>     "url": "https://github.com/stimulus-components/stimulus-glow/issues"
>>>   },
>>>   "author": "Guillaume Briday <guillaumebriday@gmail.com>",
>>>   "license": "MIT",
>>>   "homepage": "https://github.com/stimulus-components/stimulus-glow",
>>>   "private": false,
>>>   "main": "dist/stimulus-glow.umd.js",
>>>   "module": "dist/stimulus-glow.mjs",
>>>   "devDependencies": {
>>>     "tailwindcss": "^3.4.0"
>>>   },
>>>   "peerDependencies": {},
>>>   "resolutions": {
>>>     "prettierx": "~0.19.0"
>>>   }
>>> }+ rm -f package-lock.json pnpm-lock.yaml yarn.lock
+ '[' ./ '!=' ./ ']'
+ set +e
+ /twcr/worker/../worker/pm-install.sh yarn /tmp/twcr-b537078df5a4 /twcr/mnt/results
+ package_manager_name=yarn
+ procdir=/tmp/twcr-b537078df5a4
+ datadir=/twcr/mnt/results
+ case "${package_manager_name}" in
+ '[' -z http://tid_e20a71426ad9:ok@172.18.0.2:3128 ']'
+ yarn config set httpProxy http://tid_e20a71426ad9:ok@172.18.0.2:3128
yarn config v1.22.19
success Set "httpProxy" to "http://tid_e20a71426ad9:ok@172.18.0.2:3128".
Done in 0.05s.
+ '[' -z http://tid_e20a71426ad9:ok@172.18.0.2:3128 ']'
+ yarn config set httpsProxy http://tid_e20a71426ad9:ok@172.18.0.2:3128
yarn config v1.22.19
success Set "httpsProxy" to "http://tid_e20a71426ad9:ok@172.18.0.2:3128".
Done in 0.05s.
+ yarn install
yarn install v1.22.19
info No lockfile found.
[1/4] Resolving packages...
(node:125) [DEP0040] DeprecationWarning: The `punycode` module is deprecated. Please use a userland alternative instead.
(Use `node --trace-deprecation ...` to show where the warning was created)
warning prettierx > @brodybits/remark-parse > trim@1.0.1: Use String.prototype.trim() instead
warning prettierx > postcss-selector-parser > flatten@1.0.3: flatten is deprecated in favor of utility frameworks such as lodash.
warning prettierx > postcss-values-parser > flatten@1.0.3: flatten is deprecated in favor of utility frameworks such as lodash.
[2/4] Fetching packages...
[3/4] Linking dependencies...
warning "prettierx > @typescript-eslint/typescript-estree > tsutils@3.21.0" has unmet peer dependency "typescript@>=2.8.0 || >= 3.2.0-dev || >= 3.3.0-dev || >= 3.4.0-dev || >= 3.5.0-dev || >= 3.6.0-dev || >= 3.6.0-beta || >= 3.7.0-dev || >= 3.7.0-beta".
[4/4] Building fresh packages...
success Saved lockfile.
Done in 17.66s.
+ yarn list --depth=0 --json --non-interactive --no-progress
+ jq -cr '
        [.. | .name?]
        | map(select(.))
        | map(capture("^(?<name>@?[^@]+)@(?<version>.+)$"))
        | sort_by(.name)[]'
(node:146) [DEP0040] DeprecationWarning: The `punycode` module is deprecated. Please use a userland alternative instead.
(Use `node --trace-deprecation ...` to show where the warning was created)
+ exitcode=0
+ set -e
+ [[ 0 != \0 ]]
++ jq -sr 'map(select(.name == "tailwindcss")) | first | .version'
+ tailwind_package_version=3.4.1
+ tailwind_config_exporter=tailwind.config.exporter2.cjs
+ '[' -f node_modules/tailwindcss/lib/lib/load-config.js ']'
+ tailwind_config_exporter=tailwind.config.exporter3.mjs
+ cp /twcr/worker/../worker/tailwind.config.exporter3.mjs ./
+ set +e
+ node ./tailwind.config.exporter3.mjs tailwind.config.js
+ exitcode=0
+ set -e
+ [[ 0 != \0 ]]
+ echo 'module.exports={plugins:['
+ jq -rs '
        map(select(.name | startswith("@tailwindcss/")))
        | map("require(" + ( .name | tojson ) + "),")[]
      '
+ grep -Ev '"@tailwindcss/postcss7-compat"'
+ true
+ echo ']}'
+ cat tailwind.config.js
+ sed 's/^/>>> /'
>>> module.exports={plugins:[
>>> ]}
+ node ./tailwind.config.exporter3.mjs tailwind.config.js
++ date -u +%Y-%m-%dT%H:%M:%SZ
+ writetaskstat timestamp_attempt_squash_end 2024-03-04T10:12:42Z
+ jq -nc --arg key timestamp_attempt_squash_end --arg value 2024-03-04T10:12:42Z '{ key: $key, value: $value }'
+ break
++ date -u +%Y-%m-%dT%H:%M:%SZ
+ writetaskstat timestamp_end 2024-03-04T10:12:42Z
+ jq -nc --arg key timestamp_end --arg value 2024-03-04T10:12:42Z '{ key: $key, value: $value }'
+ rm /twcr/mnt/results/extract-failed
+ touch /twcr/mnt/results/extract-completed
