==== RUN-DOCKER
+++ dirname -- ./worker/run.sh
++ cd -- ./worker
++ pwd
+ twcrdir=/twcr/worker/..
+ repo=github.com/eminbasbayan/food-ordering-udemy
+ reporef=main
+ repopath=./
+ '[' true == true ']'
+ grep -q '^././'
++ echo github.com/eminbasbayan/food-ordering-udemy
++ sha256sum
++ awk '{ print $1 }'
++ cut -c1-12
+ procdir=/tmp/twcr-84dd4ad6bc6b
++ echo 'github.com/eminbasbayan/food-ordering-udemy;main;./'
++ sha256sum
++ awk '{ print $1 }'
++ cut -c1-12
+ datadir=/twcr/worker/../mnt/dataset/data/ef03cd5132a4
+ '[' '!' -z /twcr/mnt/results ']'
+ datadir=/twcr/mnt/results
+ touch /twcr/mnt/results/extract-failed
++ base64
++ tr -d =
++ tr /+ _-
++ base64
++ tr -d =
++ tr /+ _-
+ writetaskstat analysis_key github.com/eminbasbayan/food-ordering-udemy/bWFpbgo/Li8K
+ jq -nc --arg key analysis_key --arg value github.com/eminbasbayan/food-ordering-udemy/bWFpbgo/Li8K '{ key: $key, value: $value }'
++ date -u +%Y%m%d%H%M%S
++ sha256sum
++ awk '{ print $1 }'
++ cut -c1-16
++ head -c 32 /dev/urandom
+ writetaskstat analysis_nonce 546c72621fb1d76c
+ jq -nc --arg key analysis_nonce --arg value 546c72621fb1d76c '{ key: $key, value: $value }'
+ writetaskstat input_repo_name github.com/eminbasbayan/food-ordering-udemy
+ jq -nc --arg key input_repo_name --arg value github.com/eminbasbayan/food-ordering-udemy '{ key: $key, value: $value }'
+ writetaskstat input_repo_ref main
+ jq -nc --arg key input_repo_ref --arg value main '{ key: $key, value: $value }'
+ writetaskstat input_repo_path ./
+ jq -nc --arg key input_repo_path --arg value ./ '{ key: $key, value: $value }'
++ date -u +%Y-%m-%dT%H:%M:%SZ
+ writetaskstat timestamp_begin 2024-03-05T05:07:35Z
+ jq -nc --arg key timestamp_begin --arg value 2024-03-05T05:07:35Z '{ key: $key, value: $value }'
+ mkdir -p /tmp/twcr-84dd4ad6bc6b
/tmp/twcr-84dd4ad6bc6b /twcr
+ pushd /tmp/twcr-84dd4ad6bc6b
+ '[' -d .git ']'
+ git clone --depth=1 -b main https://github.com/eminbasbayan/food-ordering-udemy.git .
Cloning into '.'...
++ date -u +%Y-%m-%dT%H:%M:%SZ
+ writetaskstat timestamp_git_clone_complete 2024-03-05T05:07:36Z
+ jq -nc --arg key timestamp_git_clone_complete --arg value 2024-03-05T05:07:36Z '{ key: $key, value: $value }'
++ git rev-parse HEAD
+ writetaskstat exec_repo_commit_sha 874193e9e5c3f8627a16b80c361989574636f96d
+ jq -nc --arg key exec_repo_commit_sha --arg value 874193e9e5c3f8627a16b80c361989574636f96d '{ key: $key, value: $value }'
+++ git show --no-patch --format=%ci
++ date -u --date '2022-09-11 12:38:12 +0300' +%Y-%m-%dT%H:%M:%SZ
+ writetaskstat exec_repo_commit_date 2022-09-11T09:38:12Z
+ jq -nc --arg key exec_repo_commit_date --arg value 2022-09-11T09:38:12Z '{ key: $key, value: $value }'
/tmp/twcr-84dd4ad6bc6b /tmp/twcr-84dd4ad6bc6b /twcr
+ '[' -z ./ ']'
+ pushd ./
+ tailwind_config_file_name=
+ '[' -f tailwind.config.js ']'
+ tailwind_config_file_name=tailwind.config.js
+ writetaskstat exec_tailwind_config_file tailwind.config.js
+ jq -nc --arg key exec_tailwind_config_file --arg value tailwind.config.js '{ key: $key, value: $value }'
+ cp tailwind.config.js /twcr/mnt/results/extract-raw-tailwind-config.js
+ '[' '!' -f package.json ']'
+ cp package.json /twcr/mnt/results/extract-raw-package.json
++ /twcr/worker/../worker/pm-detect.sh /tmp/twcr-84dd4ad6bc6b
+ package_manager_name=yarn
+ '[' -z yarn ']'
+ '[' -z yarn ']'
+ writetaskstat exec_node_package_manager yarn
+ jq -nc --arg key exec_node_package_manager --arg value yarn '{ key: $key, value: $value }'
+ attempt_mode=squash
+ true
++ date -u +%Y-%m-%dT%H:%M:%SZ
+ writetaskstat timestamp_attempt_squash_begin 2024-03-05T05:07:36Z
+ jq -nc --arg key timestamp_attempt_squash_begin --arg value 2024-03-05T05:07:36Z '{ key: $key, value: $value }'
+ [[ squash == \s\q\u\a\s\h ]]
+ set +e
+ node /twcr/worker/../worker/squash-package.mjs tailwind.config.js
+ exitcode=0
+ set -e
+ [[ 0 != \0 ]]
+ cat package.json
+ sed 's/^/>>> /'
>>> {
>>>   "name": "food-ordering",
>>>   "version": "0.1.0",
>>>   "private": true,
>>>   "dependencies": {},
>>>   "devDependencies": {
>>>     "tailwindcss": "^3.1.8"
>>>   },
>>>   "description": "This is a [Next.js](https://nextjs.org/) project bootstrapped with [`create-next-app`](https://github.com/vercel/next.js/tree/canary/packages/create-next-app).",
>>>   "main": "next.config.js",
>>>   "repository": {
>>>     "type": "git",
>>>     "url": "git+https://github.com/eminbasbayan/food-ordering-udemy.git"
>>>   },
>>>   "keywords": [],
>>>   "author": "",
>>>   "license": "ISC",
>>>   "bugs": {
>>>     "url": "https://github.com/eminbasbayan/food-ordering-udemy/issues"
>>>   },
>>>   "homepage": "https://github.com/eminbasbayan/food-ordering-udemy#readme"
>>> }+ rm -f package-lock.json pnpm-lock.yaml yarn.lock
+ '[' ./ '!=' ./ ']'
+ set +e
+ /twcr/worker/../worker/pm-install.sh yarn /tmp/twcr-84dd4ad6bc6b /twcr/mnt/results
+ package_manager_name=yarn
+ procdir=/tmp/twcr-84dd4ad6bc6b
+ datadir=/twcr/mnt/results
+ case "${package_manager_name}" in
+ '[' -z http://tid_de8c132ab48d:ok@172.18.0.2:3128 ']'
+ yarn config set httpProxy http://tid_de8c132ab48d:ok@172.18.0.2:3128
yarn config v1.22.19
success Set "httpProxy" to "http://tid_de8c132ab48d:ok@172.18.0.2:3128".
Done in 0.05s.
+ '[' -z http://tid_de8c132ab48d:ok@172.18.0.2:3128 ']'
+ yarn config set httpsProxy http://tid_de8c132ab48d:ok@172.18.0.2:3128
yarn config v1.22.19
success Set "httpsProxy" to "http://tid_de8c132ab48d:ok@172.18.0.2:3128".
Done in 0.05s.
+ yarn install
yarn install v1.22.19
info No lockfile found.
[1/4] Resolving packages...
(node:131) [DEP0040] DeprecationWarning: The `punycode` module is deprecated. Please use a userland alternative instead.
(Use `node --trace-deprecation ...` to show where the warning was created)
[2/4] Fetching packages...
[3/4] Linking dependencies...
[4/4] Building fresh packages...
success Saved lockfile.
Done in 6.13s.
+ yarn list --depth=0 --json --non-interactive --no-progress
+ jq -cr '
        [.. | .name?]
        | map(select(.))
        | map(capture("^(?<name>@?[^@]+)@(?<version>.+)$"))
        | sort_by(.name)[]'
+ exitcode=0
+ set -e
+ [[ 0 != \0 ]]
++ jq -sr 'map(select(.name == "tailwindcss")) | first | .version'
+ tailwind_package_version=3.4.1
+ tailwind_config_exporter=tailwind.config.exporter2.cjs
+ '[' -f node_modules/tailwindcss/lib/lib/load-config.js ']'
+ tailwind_config_exporter=tailwind.config.exporter3.mjs
+ cp /twcr/worker/../worker/tailwind.config.exporter3.mjs ./
+ set +e
+ node ./tailwind.config.exporter3.mjs tailwind.config.js
+ exitcode=0
+ set -e
+ [[ 0 != \0 ]]
+ echo 'module.exports={plugins:['
+ jq -rs '
        map(select(.name | startswith("@tailwindcss/")))
        | map("require(" + ( .name | tojson ) + "),")[]
      '
+ grep -Ev '"@tailwindcss/postcss7-compat"'
+ true
+ echo ']}'
+ cat tailwind.config.js
+ sed 's/^/>>> /'
>>> module.exports={plugins:[
>>> ]}
+ node ./tailwind.config.exporter3.mjs tailwind.config.js
++ date -u +%Y-%m-%dT%H:%M:%SZ
+ writetaskstat timestamp_attempt_squash_end 2024-03-05T05:07:44Z
+ jq -nc --arg key timestamp_attempt_squash_end --arg value 2024-03-05T05:07:44Z '{ key: $key, value: $value }'
+ break
++ date -u +%Y-%m-%dT%H:%M:%SZ
+ writetaskstat timestamp_end 2024-03-05T05:07:44Z
+ jq -nc --arg key timestamp_end --arg value 2024-03-05T05:07:44Z '{ key: $key, value: $value }'
+ rm /twcr/mnt/results/extract-failed
+ touch /twcr/mnt/results/extract-completed
