==== RUN-DOCKER
+++ dirname -- ./worker/run.sh
++ cd -- ./worker
++ pwd
+ twcrdir=/twcr/worker/..
+ repo=github.com/zhixiangyao/vite-react-ts-antd-starter
+ reporef=main
+ repopath=./
+ '[' true == true ']'
+ grep -q '^././'
++ echo github.com/zhixiangyao/vite-react-ts-antd-starter
++ sha256sum
++ awk '{ print $1 }'
++ cut -c1-12
+ procdir=/tmp/twcr-3dba4517acf0
++ echo 'github.com/zhixiangyao/vite-react-ts-antd-starter;main;./'
++ sha256sum
++ awk '{ print $1 }'
++ cut -c1-12
+ datadir=/twcr/worker/../mnt/dataset/data/440159e61376
+ '[' '!' -z /twcr/mnt/results ']'
+ datadir=/twcr/mnt/results
+ touch /twcr/mnt/results/extract-failed
++ base64
++ tr -d =
++ tr /+ _-
++ base64
++ tr -d =
++ tr /+ _-
+ writetaskstat analysis_key github.com/zhixiangyao/vite-react-ts-antd-starter/bWFpbgo/Li8K
+ jq -nc --arg key analysis_key --arg value github.com/zhixiangyao/vite-react-ts-antd-starter/bWFpbgo/Li8K '{ key: $key, value: $value }'
++ date -u +%Y%m%d%H%M%S
++ sha256sum
++ awk '{ print $1 }'
++ cut -c1-16
++ head -c 32 /dev/urandom
+ writetaskstat analysis_nonce 0bc5f636560f8936
+ jq -nc --arg key analysis_nonce --arg value 0bc5f636560f8936 '{ key: $key, value: $value }'
+ writetaskstat input_repo_name github.com/zhixiangyao/vite-react-ts-antd-starter
+ jq -nc --arg key input_repo_name --arg value github.com/zhixiangyao/vite-react-ts-antd-starter '{ key: $key, value: $value }'
+ writetaskstat input_repo_ref main
+ jq -nc --arg key input_repo_ref --arg value main '{ key: $key, value: $value }'
+ writetaskstat input_repo_path ./
+ jq -nc --arg key input_repo_path --arg value ./ '{ key: $key, value: $value }'
++ date -u +%Y-%m-%dT%H:%M:%SZ
+ writetaskstat timestamp_begin 2024-03-04T11:38:09Z
+ jq -nc --arg key timestamp_begin --arg value 2024-03-04T11:38:09Z '{ key: $key, value: $value }'
+ mkdir -p /tmp/twcr-3dba4517acf0
/tmp/twcr-3dba4517acf0 /twcr
+ pushd /tmp/twcr-3dba4517acf0
+ '[' -d .git ']'
+ git clone --depth=1 -b main https://github.com/zhixiangyao/vite-react-ts-antd-starter.git .
Cloning into '.'...
++ date -u +%Y-%m-%dT%H:%M:%SZ
+ writetaskstat timestamp_git_clone_complete 2024-03-04T11:38:10Z
+ jq -nc --arg key timestamp_git_clone_complete --arg value 2024-03-04T11:38:10Z '{ key: $key, value: $value }'
++ git rev-parse HEAD
+ writetaskstat exec_repo_commit_sha 60c69d24d3bf906191cde92f4282a6259f92c50a
+ jq -nc --arg key exec_repo_commit_sha --arg value 60c69d24d3bf906191cde92f4282a6259f92c50a '{ key: $key, value: $value }'
+++ git show --no-patch --format=%ci
++ date -u --date '2024-01-26 11:05:25 +0800' +%Y-%m-%dT%H:%M:%SZ
+ writetaskstat exec_repo_commit_date 2024-01-26T03:05:25Z
+ jq -nc --arg key exec_repo_commit_date --arg value 2024-01-26T03:05:25Z '{ key: $key, value: $value }'
/tmp/twcr-3dba4517acf0 /tmp/twcr-3dba4517acf0 /twcr
+ '[' -z ./ ']'
+ pushd ./
+ tailwind_config_file_name=
+ '[' -f tailwind.config.js ']'
+ '[' -f tailwind.config.cjs ']'
+ '[' -f tailwind.config.mjs ']'
+ tailwind_config_file_name=tailwind.config.mjs
+ writetaskstat exec_tailwind_config_file tailwind.config.mjs
+ jq -nc --arg key exec_tailwind_config_file --arg value tailwind.config.mjs '{ key: $key, value: $value }'
+ cp tailwind.config.mjs /twcr/mnt/results/extract-raw-tailwind-config.js
+ '[' '!' -f package.json ']'
+ cp package.json /twcr/mnt/results/extract-raw-package.json
++ /twcr/worker/../worker/pm-detect.sh /tmp/twcr-3dba4517acf0
+ package_manager_name=
+ '[' -z '' ']'
+ '[' ./ '!=' ./ ']'
+ '[' -z '' ']'
+ package_manager_name=npm
+ writetaskstat exec_node_package_manager npm
+ jq -nc --arg key exec_node_package_manager --arg value npm '{ key: $key, value: $value }'
+ attempt_mode=squash
+ true
++ date -u +%Y-%m-%dT%H:%M:%SZ
+ writetaskstat timestamp_attempt_squash_begin 2024-03-04T11:38:10Z
+ jq -nc --arg key timestamp_attempt_squash_begin --arg value 2024-03-04T11:38:10Z '{ key: $key, value: $value }'
+ [[ squash == \s\q\u\a\s\h ]]
+ set +e
+ node /twcr/worker/../worker/squash-package.mjs tailwind.config.mjs
+ exitcode=0
+ set -e
+ [[ 0 != \0 ]]
+ cat package.json
+ sed 's/^/>>> /'
+ rm -f package-lock.json pnpm-lock.yaml yarn.lock
>>> {
>>>   "name": "vite-react-ts-antd-starter",
>>>   "version": "0.1.0",
>>>   "type": "module",
>>>   "author": "zhixiangyao <blueskyzx@icloud.com> <https://github.com/zhixiangyao>",
>>>   "repository": {
>>>     "type": "git",
>>>     "url": "git+https://github.com/zhixiangyao/vite-react-ts-antd-starter.git"
>>>   },
>>>   "homepage": "https://github.com/zhixiangyao/vite-react-ts-antd-starter",
>>>   "lint-staged": {
>>>     "./**/*.{js,mjs,ts,tsx,css,html,md}": [
>>>       "npx prettier --cache --write --log-level warn"
>>>     ],
>>>     "./**/*.{js,mjs,ts,tsx}": [
>>>       "npx eslint --fix --cache --cache-location node_modules/.cache/eslint/"
>>>     ],
>>>     "./**/*.{jsx,tsx,css}": [
>>>       "npx stylelint --fix --cache --cache-location node_modules/.cache/stylelint/"
>>>     ]
>>>   },
>>>   "dependencies": {},
>>>   "devDependencies": {
>>>     "tailwindcss": "3.4.1"
>>>   },
>>>   "license": "MIT",
>>>   "engines": {
>>>     "node": ">=18",
>>>     "pnpm": ">=8"
>>>   }
>>> }+ '[' ./ '!=' ./ ']'
+ set +e
+ /twcr/worker/../worker/pm-install.sh npm /tmp/twcr-3dba4517acf0 /twcr/mnt/results
+ package_manager_name=npm
+ procdir=/tmp/twcr-3dba4517acf0
+ datadir=/twcr/mnt/results
+ case "${package_manager_name}" in
++ '[' -f package-lock.json ']'
++ echo install
+ npm install --ignore-engines

added 112 packages, and audited 113 packages in 7s

28 packages are looking for funding
  run `npm fund` for details

found 0 vulnerabilities
npm notice 
npm notice New minor version of npm available! 10.2.4 -> 10.5.0
npm notice Changelog: <https://github.com/npm/cli/releases/tag/v10.5.0>
npm notice Run `npm install -g npm@10.5.0` to update!
npm notice 
+ npm query '*'
+ jq -cr '
        map({ name: .name, version: .version })
        | map(select(.name))
        | sort_by(.name)[]
      '
+ exitcode=0
+ set -e
+ [[ 0 != \0 ]]
++ jq -sr 'map(select(.name == "tailwindcss")) | first | .version'
+ tailwind_package_version=3.4.1
+ tailwind_config_exporter=tailwind.config.exporter2.cjs
+ '[' -f node_modules/tailwindcss/lib/lib/load-config.js ']'
+ tailwind_config_exporter=tailwind.config.exporter3.mjs
+ cp /twcr/worker/../worker/tailwind.config.exporter3.mjs ./
+ set +e
+ node ./tailwind.config.exporter3.mjs tailwind.config.mjs
+ exitcode=0
+ set -e
+ [[ 0 != \0 ]]
+ echo 'module.exports={plugins:['
+ jq -rs '
        map(select(.name | startswith("@tailwindcss/")))
        | map("require(" + ( .name | tojson ) + "),")[]
      '
+ grep -Ev '"@tailwindcss/postcss7-compat"'
+ true
+ echo ']}'
+ cat tailwind.config.mjs
+ sed 's/^/>>> /'
>>> module.exports={plugins:[
>>> ]}
+ node ./tailwind.config.exporter3.mjs tailwind.config.mjs
++ date -u +%Y-%m-%dT%H:%M:%SZ
+ writetaskstat timestamp_attempt_squash_end 2024-03-04T11:38:18Z
+ jq -nc --arg key timestamp_attempt_squash_end --arg value 2024-03-04T11:38:18Z '{ key: $key, value: $value }'
+ break
++ date -u +%Y-%m-%dT%H:%M:%SZ
+ writetaskstat timestamp_end 2024-03-04T11:38:18Z
+ jq -nc --arg key timestamp_end --arg value 2024-03-04T11:38:18Z '{ key: $key, value: $value }'
+ rm /twcr/mnt/results/extract-failed
+ touch /twcr/mnt/results/extract-completed
