==== RUN-DOCKER
+++ dirname -- ./worker/run.sh
++ cd -- ./worker
++ pwd
+ twcrdir=/twcr/worker/..
+ repo=github.com/flavorly/vanilla-components
+ reporef=master
+ repopath=./
+ '[' true == true ']'
+ grep -q '^././'
++ echo github.com/flavorly/vanilla-components
++ sha256sum
++ awk '{ print $1 }'
++ cut -c1-12
+ procdir=/tmp/twcr-f453b8724cd8
++ echo 'github.com/flavorly/vanilla-components;master;./'
++ sha256sum
++ awk '{ print $1 }'
++ cut -c1-12
+ datadir=/twcr/worker/../mnt/dataset/data/8edc0596b537
+ '[' '!' -z /twcr/mnt/results ']'
+ datadir=/twcr/mnt/results
+ touch /twcr/mnt/results/extract-failed
++ base64
++ tr -d =
++ tr /+ _-
++ base64
++ tr -d =
++ tr /+ _-
+ writetaskstat analysis_key github.com/flavorly/vanilla-components/bWFzdGVyCg/Li8K
+ jq -nc --arg key analysis_key --arg value github.com/flavorly/vanilla-components/bWFzdGVyCg/Li8K '{ key: $key, value: $value }'
++ date -u +%Y%m%d%H%M%S
++ sha256sum
++ awk '{ print $1 }'
++ cut -c1-16
++ head -c 32 /dev/urandom
+ writetaskstat analysis_nonce e25deb473892cfbc
+ jq -nc --arg key analysis_nonce --arg value e25deb473892cfbc '{ key: $key, value: $value }'
+ writetaskstat input_repo_name github.com/flavorly/vanilla-components
+ jq -nc --arg key input_repo_name --arg value github.com/flavorly/vanilla-components '{ key: $key, value: $value }'
+ writetaskstat input_repo_ref master
+ jq -nc --arg key input_repo_ref --arg value master '{ key: $key, value: $value }'
+ writetaskstat input_repo_path ./
+ jq -nc --arg key input_repo_path --arg value ./ '{ key: $key, value: $value }'
++ date -u +%Y-%m-%dT%H:%M:%SZ
+ writetaskstat timestamp_begin 2024-03-04T06:17:30Z
+ jq -nc --arg key timestamp_begin --arg value 2024-03-04T06:17:30Z '{ key: $key, value: $value }'
+ mkdir -p /tmp/twcr-f453b8724cd8
+ pushd /tmp/twcr-f453b8724cd8
+ '[' -d .git ']'
+ git clone --depth=1 -b master https://github.com/flavorly/vanilla-components.git .
/tmp/twcr-f453b8724cd8 /twcr
Cloning into '.'...
++ date -u +%Y-%m-%dT%H:%M:%SZ
+ writetaskstat timestamp_git_clone_complete 2024-03-04T06:17:31Z
+ jq -nc --arg key timestamp_git_clone_complete --arg value 2024-03-04T06:17:31Z '{ key: $key, value: $value }'
++ git rev-parse HEAD
+ writetaskstat exec_repo_commit_sha e3c28091c65436f3b8b2cb14437aa6be031dd9cb
+ jq -nc --arg key exec_repo_commit_sha --arg value e3c28091c65436f3b8b2cb14437aa6be031dd9cb '{ key: $key, value: $value }'
+++ git show --no-patch --format=%ci
++ date -u --date '2023-11-20 10:51:48 +0000' +%Y-%m-%dT%H:%M:%SZ
+ writetaskstat exec_repo_commit_date 2023-11-20T10:51:48Z
+ jq -nc --arg key exec_repo_commit_date --arg value 2023-11-20T10:51:48Z '{ key: $key, value: $value }'
+ '[' -z ./ ']'
+ pushd ./
+ tailwind_config_file_name=
+ '[' -f tailwind.config.js ']'
+ '[' -f tailwind.config.cjs ']'
+ tailwind_config_file_name=tailwind.config.cjs
+ writetaskstat exec_tailwind_config_file tailwind.config.cjs
+ jq -nc --arg key exec_tailwind_config_file --arg value tailwind.config.cjs '{ key: $key, value: $value }'
/tmp/twcr-f453b8724cd8 /tmp/twcr-f453b8724cd8 /twcr
+ cp tailwind.config.cjs /twcr/mnt/results/extract-raw-tailwind-config.js
+ '[' '!' -f package.json ']'
+ cp package.json /twcr/mnt/results/extract-raw-package.json
++ /twcr/worker/../worker/pm-detect.sh /tmp/twcr-f453b8724cd8
+ package_manager_name=pnpm
+ '[' -z pnpm ']'
+ '[' -z pnpm ']'
+ writetaskstat exec_node_package_manager pnpm
+ jq -nc --arg key exec_node_package_manager --arg value pnpm '{ key: $key, value: $value }'
+ attempt_mode=squash
+ true
++ date -u +%Y-%m-%dT%H:%M:%SZ
+ writetaskstat timestamp_attempt_squash_begin 2024-03-04T06:17:31Z
+ jq -nc --arg key timestamp_attempt_squash_begin --arg value 2024-03-04T06:17:31Z '{ key: $key, value: $value }'
+ [[ squash == \s\q\u\a\s\h ]]
+ set +e
+ node /twcr/worker/../worker/squash-package.mjs tailwind.config.cjs
+ exitcode=0
+ set -e
+ [[ 0 != \0 ]]
+ cat package.json
+ sed 's/^/>>> /'
>>> {
>>>   "type": "module",
>>>   "private": true,
>>>   "version": "0.7.65",
>>>   "packageManager": "pnpm@7.13.4",
>>>   "keywords": [],
>>>   "author": "",
>>>   "license": "ISC",
>>>   "devDependencies": {
>>>     "@tailwindcss/aspect-ratio": "^0.4.2",
>>>     "@tailwindcss/forms": "^0.5.3",
>>>     "@tailwindcss/typography": "^0.5.9",
>>>     "tailwindcss": "^3.3.1"
>>>   },
>>>   "pnpm": {
>>>     "peerDependencyRules": {
>>>       "ignoreMissing": [
>>>         "@algolia/client-search",
>>>         "react",
>>>         "react-dom",
>>>         "@types/react"
>>>       ]
>>>     }
>>>   }
>>> }+ rm -f package-lock.json pnpm-lock.yaml yarn.lock
+ '[' ./ '!=' ./ ']'
+ set +e
+ /twcr/worker/../worker/pm-install.sh pnpm /tmp/twcr-f453b8724cd8 /twcr/mnt/results
+ package_manager_name=pnpm
+ procdir=/tmp/twcr-f453b8724cd8
+ datadir=/twcr/mnt/results
+ case "${package_manager_name}" in
+ '[' '!' -f /tmp/twcr-f453b8724cd8/package.json ']'
++ pnpm -v
+ sed -Ei 's/("pnpm": ")(.+)(")/\18.15.4\3/' /tmp/twcr-f453b8724cd8/package.json
+ '[' '!' -f package.json ']'
++ pnpm -v
+ sed -Ei 's/("pnpm": ")(.+)(")/\18.15.4\3/' package.json
+ pnpm install
Scope: all 4 workspace projects
Progress: resolved 1, reused 0, downloaded 0, added 0
Progress: resolved 25, reused 0, downloaded 19, added 0
Progress: resolved 60, reused 0, downloaded 47, added 0
Progress: resolved 95, reused 0, downloaded 83, added 0
Progress: resolved 124, reused 0, downloaded 109, added 0
Progress: resolved 161, reused 0, downloaded 145, added 0
Progress: resolved 197, reused 0, downloaded 185, added 0
 WARN  1 deprecated subdependencies found: @hybridly/progress-plugin@0.0.1-alpha.22

Packages: +204
++++++++++++++++++++++++++++++++++++++++++++++++++++++++++++++++++++++++++++++++
Progress: resolved 199, reused 0, downloaded 198, added 204, done
node_modules/vue-demi postinstall$ node -e "try{require('./scripts/postinstall.js')}catch(e){}"
node_modules/vue-demi postinstall: Done
Done in 7.8s
+ pnpm ls --json
+ jq -cr '
        .[]
        | [.dependencies, .devDependencies, .optionalDependencies]
        | map(select(.))[]
        | to_entries
        | map({ name: .key, version: .value.version })
        | sort_by(.name)[]
      '
+ exitcode=0
+ set -e
+ [[ 0 != \0 ]]
++ jq -sr 'map(select(.name == "tailwindcss")) | first | .version'
+ tailwind_package_version=3.4.1
+ tailwind_config_exporter=tailwind.config.exporter2.cjs
+ '[' -f node_modules/tailwindcss/lib/lib/load-config.js ']'
+ tailwind_config_exporter=tailwind.config.exporter3.mjs
+ cp /twcr/worker/../worker/tailwind.config.exporter3.mjs ./
+ set +e
+ node ./tailwind.config.exporter3.mjs tailwind.config.cjs
+ exitcode=0
+ set -e
+ [[ 0 != \0 ]]
+ echo 'module.exports={plugins:['
+ jq -rs '
        map(select(.name | startswith("@tailwindcss/")))
        | map("require(" + ( .name | tojson ) + "),")[]
      '
+ grep -Ev '"@tailwindcss/postcss7-compat"'
+ echo ']}'
+ cat tailwind.config.cjs
+ sed 's/^/>>> /'
>>> module.exports={plugins:[
>>> require("@tailwindcss/aspect-ratio"),
>>> require("@tailwindcss/forms"),
>>> require("@tailwindcss/typography"),
>>> ]}
+ node ./tailwind.config.exporter3.mjs tailwind.config.cjs
++ date -u +%Y-%m-%dT%H:%M:%SZ
+ writetaskstat timestamp_attempt_squash_end 2024-03-04T06:17:41Z
+ jq -nc --arg key timestamp_attempt_squash_end --arg value 2024-03-04T06:17:41Z '{ key: $key, value: $value }'
+ break
++ date -u +%Y-%m-%dT%H:%M:%SZ
+ writetaskstat timestamp_end 2024-03-04T06:17:41Z
+ jq -nc --arg key timestamp_end --arg value 2024-03-04T06:17:41Z '{ key: $key, value: $value }'
+ rm /twcr/mnt/results/extract-failed
+ touch /twcr/mnt/results/extract-completed
