==== RUN-DOCKER
+++ dirname -- ./worker/run.sh
++ cd -- ./worker
++ pwd
+ twcrdir=/twcr/worker/..
+ repo=github.com/sonofmagic/weapp-tailwindcss
+ reporef=main
+ repopath=./demo-linked/uni-app-webpack5
+ '[' true == true ']'
+ grep -q '^././'
++ echo github.com/sonofmagic/weapp-tailwindcss
++ sha256sum
++ awk '{ print $1 }'
++ cut -c1-12
+ procdir=/tmp/twcr-225add5617ea
++ echo 'github.com/sonofmagic/weapp-tailwindcss;main;./demo-linked/uni-app-webpack5'
++ sha256sum
++ awk '{ print $1 }'
++ cut -c1-12
+ datadir=/twcr/worker/../mnt/dataset/data/4da022d61af2
+ '[' '!' -z /twcr/mnt/results ']'
+ datadir=/twcr/mnt/results
+ touch /twcr/mnt/results/extract-failed
++ base64
++ tr -d =
++ tr /+ _-
++ base64
++ tr -d =
++ tr /+ _-
+ writetaskstat analysis_key github.com/sonofmagic/weapp-tailwindcss/bWFpbgo/Li9kZW1vLWxpbmtlZC91bmktYXBwLXdlYnBhY2s1Cg
+ jq -nc --arg key analysis_key --arg value github.com/sonofmagic/weapp-tailwindcss/bWFpbgo/Li9kZW1vLWxpbmtlZC91bmktYXBwLXdlYnBhY2s1Cg '{ key: $key, value: $value }'
++ date -u +%Y%m%d%H%M%S
++ sha256sum
++ awk '{ print $1 }'
++ cut -c1-16
++ head -c 32 /dev/urandom
+ writetaskstat analysis_nonce d163ce28f7f52157
+ jq -nc --arg key analysis_nonce --arg value d163ce28f7f52157 '{ key: $key, value: $value }'
+ writetaskstat input_repo_name github.com/sonofmagic/weapp-tailwindcss
+ jq -nc --arg key input_repo_name --arg value github.com/sonofmagic/weapp-tailwindcss '{ key: $key, value: $value }'
+ writetaskstat input_repo_ref main
+ jq -nc --arg key input_repo_ref --arg value main '{ key: $key, value: $value }'
+ writetaskstat input_repo_path ./demo-linked/uni-app-webpack5
+ jq -nc --arg key input_repo_path --arg value ./demo-linked/uni-app-webpack5 '{ key: $key, value: $value }'
++ date -u +%Y-%m-%dT%H:%M:%SZ
+ writetaskstat timestamp_begin 2024-03-04T23:45:23Z
+ jq -nc --arg key timestamp_begin --arg value 2024-03-04T23:45:23Z '{ key: $key, value: $value }'
+ mkdir -p /tmp/twcr-225add5617ea
+ pushd /tmp/twcr-225add5617ea
+ '[' -d .git ']'
+ git clone --depth=1 -b main https://github.com/sonofmagic/weapp-tailwindcss.git .
/tmp/twcr-225add5617ea /twcr
Cloning into '.'...
++ date -u +%Y-%m-%dT%H:%M:%SZ
+ writetaskstat timestamp_git_clone_complete 2024-03-04T23:45:24Z
+ jq -nc --arg key timestamp_git_clone_complete --arg value 2024-03-04T23:45:24Z '{ key: $key, value: $value }'
++ git rev-parse HEAD
+ writetaskstat exec_repo_commit_sha e5b84a47e42e1893d421d88c93f672b8d5ed655d
+ jq -nc --arg key exec_repo_commit_sha --arg value e5b84a47e42e1893d421d88c93f672b8d5ed655d '{ key: $key, value: $value }'
+++ git show --no-patch --format=%ci
++ date -u --date '2024-02-23 21:07:34 +0800' +%Y-%m-%dT%H:%M:%SZ
+ writetaskstat exec_repo_commit_date 2024-02-23T13:07:34Z
+ jq -nc --arg key exec_repo_commit_date --arg value 2024-02-23T13:07:34Z '{ key: $key, value: $value }'
+ '[' -z ./demo-linked/uni-app-webpack5 ']'
+ pushd ./demo-linked/uni-app-webpack5
+ tailwind_config_file_name=
+ '[' -f tailwind.config.js ']'
+ tailwind_config_file_name=tailwind.config.js
+ writetaskstat exec_tailwind_config_file tailwind.config.js
+ jq -nc --arg key exec_tailwind_config_file --arg value tailwind.config.js '{ key: $key, value: $value }'
/tmp/twcr-225add5617ea/demo-linked/uni-app-webpack5 /tmp/twcr-225add5617ea /twcr
+ cp tailwind.config.js /twcr/mnt/results/extract-raw-tailwind-config.js
+ '[' '!' -f package.json ']'
+ cp package.json /twcr/mnt/results/extract-raw-package.json
++ /twcr/worker/../worker/pm-detect.sh /tmp/twcr-225add5617ea/demo-linked/uni-app-webpack5
+ package_manager_name=yarn
+ '[' -z yarn ']'
+ '[' -z yarn ']'
+ writetaskstat exec_node_package_manager yarn
+ jq -nc --arg key exec_node_package_manager --arg value yarn '{ key: $key, value: $value }'
+ attempt_mode=squash
+ true
++ date -u +%Y-%m-%dT%H:%M:%SZ
+ writetaskstat timestamp_attempt_squash_begin 2024-03-04T23:45:24Z
+ jq -nc --arg key timestamp_attempt_squash_begin --arg value 2024-03-04T23:45:24Z '{ key: $key, value: $value }'
+ [[ squash == \s\q\u\a\s\h ]]
+ set +e
+ node /twcr/worker/../worker/squash-package.mjs tailwind.config.js
+ exitcode=0
+ set -e
+ [[ 0 != \0 ]]
+ cat package.json
+ sed 's/^/>>> /'
>>> {
>>>   "name": "uni-app-webpack5",
>>>   "version": "0.1.0",
>>>   "private": true,
>>>   "dependencies": {},
>>>   "devDependencies": {
>>>     "tailwindcss": "^3.3.3",
>>>     "weapp-tailwindcss-webpack-plugin": "link:../.."
>>>   },
>>>   "browserslist": [
>>>     "Android >= 4.4",
>>>     "ios >= 9"
>>>   ],
>>>   "resolutions": {
>>>     "@babel/runtime": "~7.17.9"
>>>   },
>>>   "uni-app": {
>>>     "scripts": {}
>>>   }
>>> }+ rm -f package-lock.json pnpm-lock.yaml yarn.lock
+ '[' ./demo-linked/uni-app-webpack5 '!=' ./ ']'
+ rm -f /tmp/twcr-225add5617ea/package.json /tmp/twcr-225add5617ea/package-lock.json /tmp/twcr-225add5617ea/pnpm-lock.yaml /tmp/twcr-225add5617ea/yarn.lock
+ set +e
+ /twcr/worker/../worker/pm-install.sh yarn /tmp/twcr-225add5617ea /twcr/mnt/results
+ package_manager_name=yarn
+ procdir=/tmp/twcr-225add5617ea
+ datadir=/twcr/mnt/results
+ case "${package_manager_name}" in
+ '[' -z http://tid_29a05f181fba:ok@172.18.0.2:3128 ']'
+ yarn config set httpProxy http://tid_29a05f181fba:ok@172.18.0.2:3128
yarn config v1.22.19
success Set "httpProxy" to "http://tid_29a05f181fba:ok@172.18.0.2:3128".
Done in 0.05s.
+ '[' -z http://tid_29a05f181fba:ok@172.18.0.2:3128 ']'
+ yarn config set httpsProxy http://tid_29a05f181fba:ok@172.18.0.2:3128
yarn config v1.22.19
success Set "httpsProxy" to "http://tid_29a05f181fba:ok@172.18.0.2:3128".
Done in 0.06s.
+ yarn install
yarn install v1.22.19
info No lockfile found.
[1/4] Resolving packages...
(node:132) [DEP0040] DeprecationWarning: The `punycode` module is deprecated. Please use a userland alternative instead.
(Use `node --trace-deprecation ...` to show where the warning was created)
error An unexpected error occurred: "http://registry.npmmirror.com/@babel%2fruntime: Request \"http://registry.npmmirror.com/@babel%2fruntime\" returned a 403".
info If you think this is a bug, please open a bug report with the information provided in "/tmp/twcr-225add5617ea/demo-linked/uni-app-webpack5/yarn-error.log".
info Visit https://yarnpkg.com/en/docs/cli/install for documentation about this command.
+ exitcode=1
+ set -e
+ [[ 1 != \0 ]]
+ [[ squash == \s\q\u\a\s\h ]]
+ echo '[worker] WARN: package manager failed; retrying with full install'
[worker] WARN: package manager failed; retrying with full install
+ attempt_mode=full
+ continue
+ true
++ date -u +%Y-%m-%dT%H:%M:%SZ
+ writetaskstat timestamp_attempt_full_begin 2024-03-04T23:45:26Z
+ jq -nc --arg key timestamp_attempt_full_begin --arg value 2024-03-04T23:45:26Z '{ key: $key, value: $value }'
+ [[ full == \s\q\u\a\s\h ]]
+ git clean -fdx
Removing yarn-error.log
+ git reset --hard
HEAD is now at e5b84a4 chore: add css vars docs
+ set +e
+ /twcr/worker/../worker/pm-install.sh yarn /tmp/twcr-225add5617ea /twcr/mnt/results
+ package_manager_name=yarn
+ procdir=/tmp/twcr-225add5617ea
+ datadir=/twcr/mnt/results
+ case "${package_manager_name}" in
+ '[' -z http://tid_29a05f181fba:ok@172.18.0.2:3128 ']'
+ yarn config set httpProxy http://tid_29a05f181fba:ok@172.18.0.2:3128
yarn config v1.22.19
success Set "httpProxy" to "http://tid_29a05f181fba:ok@172.18.0.2:3128".
Done in 0.08s.
+ '[' -z http://tid_29a05f181fba:ok@172.18.0.2:3128 ']'
+ yarn config set httpsProxy http://tid_29a05f181fba:ok@172.18.0.2:3128
yarn config v1.22.19
success Set "httpsProxy" to "http://tid_29a05f181fba:ok@172.18.0.2:3128".
Done in 0.09s.
+ yarn install
yarn install v1.22.19
[1/4] Resolving packages...
(node:200) [DEP0040] DeprecationWarning: The `punycode` module is deprecated. Please use a userland alternative instead.
(Use `node --trace-deprecation ...` to show where the warning was created)
info Visit https://yarnpkg.com/en/docs/cli/install for documentation about this command.
error Couldn't find package "@babel/generator@7.23.6" required by "weapp-tailwindcss-webpack-plugin@link:../.." on the "npm" registry.
Error: Couldn't find package "@babel/parser@7.23.9" required by "weapp-tailwindcss-webpack-plugin@link:../.." on the "npm" registry.
    at MessageError.ExtendableBuiltin (/opt/yarn-v1.22.19/lib/cli.js:721:66)
    at new MessageError (/opt/yarn-v1.22.19/lib/cli.js:750:123)
    at PackageRequest.<anonymous> (/opt/yarn-v1.22.19/lib/cli.js:36590:17)
    at Generator.throw (<anonymous>)
    at step (/opt/yarn-v1.22.19/lib/cli.js:310:30)
    at /opt/yarn-v1.22.19/lib/cli.js:323:13
    at process.processTicksAndRejections (node:internal/process/task_queues:95:5)
Error: Couldn't find package "@babel/traverse@7.23.9" required by "weapp-tailwindcss-webpack-plugin@link:../.." on the "npm" registry.
    at MessageError.ExtendableBuiltin (/opt/yarn-v1.22.19/lib/cli.js:721:66)
    at new MessageError (/opt/yarn-v1.22.19/lib/cli.js:750:123)
    at PackageRequest.<anonymous> (/opt/yarn-v1.22.19/lib/cli.js:36590:17)
    at Generator.throw (<anonymous>)
    at step (/opt/yarn-v1.22.19/lib/cli.js:310:30)
    at /opt/yarn-v1.22.19/lib/cli.js:323:13
    at process.processTicksAndRejections (node:internal/process/task_queues:95:5)
Error: Couldn't find package "@babel/types@7.23.9" required by "weapp-tailwindcss-webpack-plugin@link:../.." on the "npm" registry.
    at MessageError.ExtendableBuiltin (/opt/yarn-v1.22.19/lib/cli.js:721:66)
    at new MessageError (/opt/yarn-v1.22.19/lib/cli.js:750:123)
    at PackageRequest.<anonymous> (/opt/yarn-v1.22.19/lib/cli.js:36590:17)
    at Generator.throw (<anonymous>)
    at step (/opt/yarn-v1.22.19/lib/cli.js:310:30)
    at /opt/yarn-v1.22.19/lib/cli.js:323:13
    at process.processTicksAndRejections (node:internal/process/task_queues:95:5)
Error: Couldn't find package "@csstools/postcss-is-pseudo-class@4.0.3" required by "weapp-tailwindcss-webpack-plugin@link:../.." on the "npm" registry.
    at MessageError.ExtendableBuiltin (/opt/yarn-v1.22.19/lib/cli.js:721:66)
    at new MessageError (/opt/yarn-v1.22.19/lib/cli.js:750:123)
    at PackageRequest.<anonymous> (/opt/yarn-v1.22.19/lib/cli.js:36590:17)
    at Generator.throw (<anonymous>)
    at step (/opt/yarn-v1.22.19/lib/cli.js:310:30)
    at /opt/yarn-v1.22.19/lib/cli.js:323:13
    at process.processTicksAndRejections (node:internal/process/task_queues:95:5)
Error: Couldn't find package "postcss@8.4.33" required by "weapp-tailwindcss-webpack-plugin@link:../.." on the "npm" registry.
    at MessageError.ExtendableBuiltin (/opt/yarn-v1.22.19/lib/cli.js:721:66)
    at new MessageError (/opt/yarn-v1.22.19/lib/cli.js:750:123)
    at PackageRequest.<anonymous> (/opt/yarn-v1.22.19/lib/cli.js:36590:17)
    at Generator.throw (<anonymous>)
    at step (/opt/yarn-v1.22.19/lib/cli.js:310:30)
    at /opt/yarn-v1.22.19/lib/cli.js:323:13
    at process.processTicksAndRejections (node:internal/process/task_queues:95:5)
Error: Couldn't find package "md5@2.3.0" required by "weapp-tailwindcss-webpack-plugin@link:../.." on the "npm" registry.
    at MessageError.ExtendableBuiltin (/opt/yarn-v1.22.19/lib/cli.js:721:66)
    at new MessageError (/opt/yarn-v1.22.19/lib/cli.js:750:123)
    at PackageRequest.<anonymous> (/opt/yarn-v1.22.19/lib/cli.js:36590:17)
    at Generator.throw (<anonymous>)
    at step (/opt/yarn-v1.22.19/lib/cli.js:310:30)
    at /opt/yarn-v1.22.19/lib/cli.js:323:13
    at process.processTicksAndRejections (node:internal/process/task_queues:95:5)
Error: Couldn't find package "magic-string@0.30.7" required by "weapp-tailwindcss-webpack-plugin@link:../.." on the "npm" registry.
    at MessageError.ExtendableBuiltin (/opt/yarn-v1.22.19/lib/cli.js:721:66)
    at new MessageError (/opt/yarn-v1.22.19/lib/cli.js:750:123)
    at PackageRequest.<anonymous> (/opt/yarn-v1.22.19/lib/cli.js:36590:17)
    at Generator.throw (<anonymous>)
    at step (/opt/yarn-v1.22.19/lib/cli.js:310:30)
    at /opt/yarn-v1.22.19/lib/cli.js:323:13
    at process.processTicksAndRejections (node:internal/process/task_queues:95:5)
Error: Couldn't find package "lru-cache@10.2.0" required by "weapp-tailwindcss-webpack-plugin@link:../.." on the "npm" registry.
    at MessageError.ExtendableBuiltin (/opt/yarn-v1.22.19/lib/cli.js:721:66)
    at new MessageError (/opt/yarn-v1.22.19/lib/cli.js:750:123)
    at PackageRequest.<anonymous> (/opt/yarn-v1.22.19/lib/cli.js:36590:17)
    at Generator.throw (<anonymous>)
    at step (/opt/yarn-v1.22.19/lib/cli.js:310:30)
    at /opt/yarn-v1.22.19/lib/cli.js:323:13
    at process.processTicksAndRejections (node:internal/process/task_queues:95:5)
Error: Couldn't find package "debug@4.3.4" required by "weapp-tailwindcss-webpack-plugin@link:../.." on the "npm" registry.
    at MessageError.ExtendableBuiltin (/opt/yarn-v1.22.19/lib/cli.js:721:66)
    at new MessageError (/opt/yarn-v1.22.19/lib/cli.js:750:123)
    at PackageRequest.<anonymous> (/opt/yarn-v1.22.19/lib/cli.js:36590:17)
    at Generator.throw (<anonymous>)
    at step (/opt/yarn-v1.22.19/lib/cli.js:310:30)
    at /opt/yarn-v1.22.19/lib/cli.js:323:13
    at process.processTicksAndRejections (node:internal/process/task_queues:95:5)
Error: Couldn't find package "htmlparser2@9.1.0" required by "weapp-tailwindcss-webpack-plugin@link:../.." on the "npm" registry.
    at MessageError.ExtendableBuiltin (/opt/yarn-v1.22.19/lib/cli.js:721:66)
    at new MessageError (/opt/yarn-v1.22.19/lib/cli.js:750:123)
    at PackageRequest.<anonymous> (/opt/yarn-v1.22.19/lib/cli.js:36590:17)
    at Generator.throw (<anonymous>)
    at step (/opt/yarn-v1.22.19/lib/cli.js:310:30)
    at /opt/yarn-v1.22.19/lib/cli.js:323:13
    at process.processTicksAndRejections (node:internal/process/task_queues:95:5)
Error: Couldn't find package "loader-utils@2.0.3" required by "weapp-tailwindcss-webpack-plugin@link:../.." on the "npm" registry.
    at MessageError.ExtendableBuiltin (/opt/yarn-v1.22.19/lib/cli.js:721:66)
    at new MessageError (/opt/yarn-v1.22.19/lib/cli.js:750:123)
    at PackageRequest.<anonymous> (/opt/yarn-v1.22.19/lib/cli.js:36590:17)
    at Generator.throw (<anonymous>)
    at step (/opt/yarn-v1.22.19/lib/cli.js:310:30)
    at /opt/yarn-v1.22.19/lib/cli.js:323:13
    at process.processTicksAndRejections (node:internal/process/task_queues:95:5)
Error: Couldn't find package "tailwindcss-patch@^2.2.3" required by "weapp-tailwindcss-webpack-plugin@link:../.." on the "npm" registry.
    at MessageError.ExtendableBuiltin (/opt/yarn-v1.22.19/lib/cli.js:721:66)
    at new MessageError (/opt/yarn-v1.22.19/lib/cli.js:750:123)
    at PackageRequest.<anonymous> (/opt/yarn-v1.22.19/lib/cli.js:36590:17)
    at Generator.throw (<anonymous>)
    at step (/opt/yarn-v1.22.19/lib/cli.js:310:30)
    at /opt/yarn-v1.22.19/lib/cli.js:323:13
    at process.processTicksAndRejections (node:internal/process/task_queues:95:5)
Error: Couldn't find package "semver@7.6.0" required by "weapp-tailwindcss-webpack-plugin@link:../.." on the "npm" registry.
    at MessageError.ExtendableBuiltin (/opt/yarn-v1.22.19/lib/cli.js:721:66)
    at new MessageError (/opt/yarn-v1.22.19/lib/cli.js:750:123)
    at PackageRequest.<anonymous> (/opt/yarn-v1.22.19/lib/cli.js:36590:17)
    at Generator.throw (<anonymous>)
    at step (/opt/yarn-v1.22.19/lib/cli.js:310:30)
    at /opt/yarn-v1.22.19/lib/cli.js:323:13
    at process.processTicksAndRejections (node:internal/process/task_queues:95:5)
Error: Couldn't find package "postcss-selector-parser@6.0.15" required by "weapp-tailwindcss-webpack-plugin@link:../.." on the "npm" registry.
    at MessageError.ExtendableBuiltin (/opt/yarn-v1.22.19/lib/cli.js:721:66)
    at new MessageError (/opt/yarn-v1.22.19/lib/cli.js:750:123)
    at PackageRequest.<anonymous> (/opt/yarn-v1.22.19/lib/cli.js:36590:17)
    at Generator.throw (<anonymous>)
    at step (/opt/yarn-v1.22.19/lib/cli.js:310:30)
    at /opt/yarn-v1.22.19/lib/cli.js:323:13
    at process.processTicksAndRejections (node:internal/process/task_queues:95:5)
Error: Couldn't find package "postcss-rem-to-responsive-pixel@^6.0.1" required by "weapp-tailwindcss-webpack-plugin@link:../.." on the "npm" registry.
    at MessageError.ExtendableBuiltin (/opt/yarn-v1.22.19/lib/cli.js:721:66)
    at new MessageError (/opt/yarn-v1.22.19/lib/cli.js:750:123)
    at PackageRequest.<anonymous> (/opt/yarn-v1.22.19/lib/cli.js:36590:17)
    at Generator.throw (<anonymous>)
    at step (/opt/yarn-v1.22.19/lib/cli.js:310:30)
    at /opt/yarn-v1.22.19/lib/cli.js:323:13
    at process.processTicksAndRejections (node:internal/process/task_queues:95:5)
Error: Couldn't find package "webpack-sources@3.2.3" required by "weapp-tailwindcss-webpack-plugin@link:../.." on the "npm" registry.
    at MessageError.ExtendableBuiltin (/opt/yarn-v1.22.19/lib/cli.js:721:66)
    at new MessageError (/opt/yarn-v1.22.19/lib/cli.js:750:123)
    at PackageRequest.<anonymous> (/opt/yarn-v1.22.19/lib/cli.js:36590:17)
    at Generator.throw (<anonymous>)
    at step (/opt/yarn-v1.22.19/lib/cli.js:310:30)
    at /opt/yarn-v1.22.19/lib/cli.js:323:13
    at process.processTicksAndRejections (node:internal/process/task_queues:95:5)
+ exitcode=1
+ set -e
+ [[ 1 != \0 ]]
+ [[ full == \s\q\u\a\s\h ]]
+ exit 1
