==== RUN-DOCKER
+++ dirname -- ./worker/run.sh
++ cd -- ./worker
++ pwd
+ twcrdir=/twcr/worker/..
+ repo=github.com/ethibox/ethibox
+ reporef=master
+ repopath=./
+ '[' true == true ']'
+ grep -q '^././'
++ echo github.com/ethibox/ethibox
++ sha256sum
++ awk '{ print $1 }'
++ cut -c1-12
+ procdir=/tmp/twcr-c1bc7189ec58
++ echo 'github.com/ethibox/ethibox;master;./'
++ sha256sum
++ awk '{ print $1 }'
++ cut -c1-12
+ datadir=/twcr/worker/../mnt/dataset/data/97eff4bb15c5
+ '[' '!' -z /twcr/mnt/results ']'
+ datadir=/twcr/mnt/results
+ touch /twcr/mnt/results/extract-failed
++ base64
++ tr -d =
++ tr /+ _-
++ base64
++ tr -d =
++ tr /+ _-
+ writetaskstat analysis_key github.com/ethibox/ethibox/bWFzdGVyCg/Li8K
+ jq -nc --arg key analysis_key --arg value github.com/ethibox/ethibox/bWFzdGVyCg/Li8K '{ key: $key, value: $value }'
++ date -u +%Y%m%d%H%M%S
++ sha256sum
++ awk '{ print $1 }'
++ cut -c1-16
++ head -c 32 /dev/urandom
+ writetaskstat analysis_nonce f05d5c252ae8295f
+ jq -nc --arg key analysis_nonce --arg value f05d5c252ae8295f '{ key: $key, value: $value }'
+ writetaskstat input_repo_name github.com/ethibox/ethibox
+ jq -nc --arg key input_repo_name --arg value github.com/ethibox/ethibox '{ key: $key, value: $value }'
+ writetaskstat input_repo_ref master
+ jq -nc --arg key input_repo_ref --arg value master '{ key: $key, value: $value }'
+ writetaskstat input_repo_path ./
+ jq -nc --arg key input_repo_path --arg value ./ '{ key: $key, value: $value }'
++ date -u +%Y-%m-%dT%H:%M:%SZ
+ writetaskstat timestamp_begin 2024-03-05T01:28:32Z
+ jq -nc --arg key timestamp_begin --arg value 2024-03-05T01:28:32Z '{ key: $key, value: $value }'
+ mkdir -p /tmp/twcr-c1bc7189ec58
+ pushd /tmp/twcr-c1bc7189ec58
+ '[' -d .git ']'
+ git clone --depth=1 -b master https://github.com/ethibox/ethibox.git .
/tmp/twcr-c1bc7189ec58 /twcr
Cloning into '.'...
++ date -u +%Y-%m-%dT%H:%M:%SZ
+ writetaskstat timestamp_git_clone_complete 2024-03-05T01:28:33Z
+ jq -nc --arg key timestamp_git_clone_complete --arg value 2024-03-05T01:28:33Z '{ key: $key, value: $value }'
++ git rev-parse HEAD
+ writetaskstat exec_repo_commit_sha be3bbc6aa28edf9a4e7d4ccd33e349247e21eee7
+ jq -nc --arg key exec_repo_commit_sha --arg value be3bbc6aa28edf9a4e7d4ccd33e349247e21eee7 '{ key: $key, value: $value }'
+++ git show --no-patch --format=%ci
++ date -u --date '2023-10-03 13:09:23 +0200' +%Y-%m-%dT%H:%M:%SZ
+ writetaskstat exec_repo_commit_date 2023-10-03T11:09:23Z
+ jq -nc --arg key exec_repo_commit_date --arg value 2023-10-03T11:09:23Z '{ key: $key, value: $value }'
+ '[' -z ./ ']'
+ pushd ./
+ tailwind_config_file_name=
+ '[' -f tailwind.config.js ']'
+ tailwind_config_file_name=tailwind.config.js
+ writetaskstat exec_tailwind_config_file tailwind.config.js
+ jq -nc --arg key exec_tailwind_config_file --arg value tailwind.config.js '{ key: $key, value: $value }'
/tmp/twcr-c1bc7189ec58 /tmp/twcr-c1bc7189ec58 /twcr
+ cp tailwind.config.js /twcr/mnt/results/extract-raw-tailwind-config.js
+ '[' '!' -f package.json ']'
+ cp package.json /twcr/mnt/results/extract-raw-package.json
++ /twcr/worker/../worker/pm-detect.sh /tmp/twcr-c1bc7189ec58
+ package_manager_name=
+ '[' -z '' ']'
+ '[' ./ '!=' ./ ']'
+ '[' -z '' ']'
+ package_manager_name=npm
+ writetaskstat exec_node_package_manager npm
+ jq -nc --arg key exec_node_package_manager --arg value npm '{ key: $key, value: $value }'
+ attempt_mode=squash
+ true
++ date -u +%Y-%m-%dT%H:%M:%SZ
+ writetaskstat timestamp_attempt_squash_begin 2024-03-05T01:28:33Z
+ jq -nc --arg key timestamp_attempt_squash_begin --arg value 2024-03-05T01:28:33Z '{ key: $key, value: $value }'
+ [[ squash == \s\q\u\a\s\h ]]
+ set +e
+ node /twcr/worker/../worker/squash-package.mjs tailwind.config.js
+ exitcode=0
+ set -e
+ [[ 0 != \0 ]]
+ cat package.json
+ sed 's/^/>>> /'
+ rm -f package-lock.json pnpm-lock.yaml yarn.lock
>>> {
>>>   "name": "Ethibox",
>>>   "homepage": "https://github.com/ethibox/ethibox/",
>>>   "description": "Open-source web apps hoster",
>>>   "version": "0.0.0-development",
>>>   "author": "@johackim",
>>>   "license": "GPL-3.0",
>>>   "repository": {
>>>     "type": "git",
>>>     "url": "https://github.com/ethibox/ethibox"
>>>   },
>>>   "bugs": {
>>>     "url": "https://github.com/ethibox/ethibox/issues"
>>>   },
>>>   "keywords": [
>>>     "ethibox",
>>>     "hosting",
>>>     "next.js",
>>>     "react",
>>>     "docker",
>>>     "stripe",
>>>     "portainer",
>>>     "tailwindcss",
>>>     "open-source"
>>>   ],
>>>   "dependencies": {},
>>>   "devDependencies": {
>>>     "@tailwindcss/forms": "^0.5.3",
>>>     "tailwindcss": "^3.3.2"
>>>   },
>>>   "jest": {
>>>     "transform": {
>>>       "\\.js$": [
>>>         "babel-jest",
>>>         {
>>>           "configFile": "./__tests__/unit/babel.config.js"
>>>         }
>>>       ]
>>>     },
>>>     "restoreMocks": true,
>>>     "transformIgnorePatterns": [],
>>>     "moduleNameMapper": {
>>>       "^@lib(.*)$": "<rootDir>/lib/$1",
>>>       "^@api(.*)$": "<rootDir>/pages/api/$1"
>>>     }
>>>   },
>>>   "release": {
>>>     "tagFormat": "${version}",
>>>     "plugins": [
>>>       "@semantic-release/commit-analyzer",
>>>       "@semantic-release/release-notes-generator",
>>>       "@semantic-release/github"
>>>     ]
>>>   }
>>> }+ '[' ./ '!=' ./ ']'
+ set +e
+ /twcr/worker/../worker/pm-install.sh npm /tmp/twcr-c1bc7189ec58 /twcr/mnt/results
+ package_manager_name=npm
+ procdir=/tmp/twcr-c1bc7189ec58
+ datadir=/twcr/mnt/results
+ case "${package_manager_name}" in
++ '[' -f package-lock.json ']'
++ echo install
+ npm install --ignore-engines

added 114 packages, and audited 115 packages in 4s

28 packages are looking for funding
  run `npm fund` for details

found 0 vulnerabilities
npm notice 
npm notice New minor version of npm available! 10.2.4 -> 10.5.0
npm notice Changelog: <https://github.com/npm/cli/releases/tag/v10.5.0>
npm notice Run `npm install -g npm@10.5.0` to update!
npm notice 
+ npm query '*'
+ jq -cr '
        map({ name: .name, version: .version })
        | map(select(.name))
        | sort_by(.name)[]
      '
+ exitcode=0
+ set -e
+ [[ 0 != \0 ]]
++ jq -sr 'map(select(.name == "tailwindcss")) | first | .version'
+ tailwind_package_version=3.4.1
+ tailwind_config_exporter=tailwind.config.exporter2.cjs
+ '[' -f node_modules/tailwindcss/lib/lib/load-config.js ']'
+ tailwind_config_exporter=tailwind.config.exporter3.mjs
+ cp /twcr/worker/../worker/tailwind.config.exporter3.mjs ./
+ set +e
+ node ./tailwind.config.exporter3.mjs tailwind.config.js
+ exitcode=0
+ set -e
+ [[ 0 != \0 ]]
+ echo 'module.exports={plugins:['
+ jq -rs '
        map(select(.name | startswith("@tailwindcss/")))
        | map("require(" + ( .name | tojson ) + "),")[]
      '
+ grep -Ev '"@tailwindcss/postcss7-compat"'
+ echo ']}'
+ cat tailwind.config.js
+ sed 's/^/>>> /'
>>> module.exports={plugins:[
>>> require("@tailwindcss/forms"),
>>> ]}
+ node ./tailwind.config.exporter3.mjs tailwind.config.js
++ date -u +%Y-%m-%dT%H:%M:%SZ
+ writetaskstat timestamp_attempt_squash_end 2024-03-05T01:28:37Z
+ jq -nc --arg key timestamp_attempt_squash_end --arg value 2024-03-05T01:28:37Z '{ key: $key, value: $value }'
+ break
++ date -u +%Y-%m-%dT%H:%M:%SZ
+ writetaskstat timestamp_end 2024-03-05T01:28:37Z
+ jq -nc --arg key timestamp_end --arg value 2024-03-05T01:28:37Z '{ key: $key, value: $value }'
+ rm /twcr/mnt/results/extract-failed
+ touch /twcr/mnt/results/extract-completed
