==== RUN-DOCKER
+++ dirname -- ./worker/run.sh
++ cd -- ./worker
++ pwd
+ twcrdir=/twcr/worker/..
+ repo=github.com/dlarroder/dalelarroder
+ reporef=main
+ repopath=./
+ '[' true == true ']'
+ grep -q '^././'
++ echo github.com/dlarroder/dalelarroder
++ sha256sum
++ awk '{ print $1 }'
++ cut -c1-12
+ procdir=/tmp/twcr-60b414c0ac6e
++ echo 'github.com/dlarroder/dalelarroder;main;./'
++ sha256sum
++ awk '{ print $1 }'
++ cut -c1-12
+ datadir=/twcr/worker/../mnt/dataset/data/f9a532cc7711
+ '[' '!' -z /twcr/mnt/results ']'
+ datadir=/twcr/mnt/results
+ touch /twcr/mnt/results/extract-failed
++ base64
++ tr -d =
++ tr /+ _-
++ base64
++ tr -d =
++ tr /+ _-
+ writetaskstat analysis_key github.com/dlarroder/dalelarroder/bWFpbgo/Li8K
+ jq -nc --arg key analysis_key --arg value github.com/dlarroder/dalelarroder/bWFpbgo/Li8K '{ key: $key, value: $value }'
++ date -u +%Y%m%d%H%M%S
++ sha256sum
++ awk '{ print $1 }'
++ cut -c1-16
++ head -c 32 /dev/urandom
+ writetaskstat analysis_nonce cf7224825ebaf61b
+ jq -nc --arg key analysis_nonce --arg value cf7224825ebaf61b '{ key: $key, value: $value }'
+ writetaskstat input_repo_name github.com/dlarroder/dalelarroder
+ jq -nc --arg key input_repo_name --arg value github.com/dlarroder/dalelarroder '{ key: $key, value: $value }'
+ writetaskstat input_repo_ref main
+ jq -nc --arg key input_repo_ref --arg value main '{ key: $key, value: $value }'
+ writetaskstat input_repo_path ./
+ jq -nc --arg key input_repo_path --arg value ./ '{ key: $key, value: $value }'
++ date -u +%Y-%m-%dT%H:%M:%SZ
+ writetaskstat timestamp_begin 2024-03-04T06:11:44Z
+ jq -nc --arg key timestamp_begin --arg value 2024-03-04T06:11:44Z '{ key: $key, value: $value }'
+ mkdir -p /tmp/twcr-60b414c0ac6e
+ pushd /tmp/twcr-60b414c0ac6e
+ '[' -d .git ']'
+ git clone --depth=1 -b main https://github.com/dlarroder/dalelarroder.git .
/tmp/twcr-60b414c0ac6e /twcr
Cloning into '.'...
++ date -u +%Y-%m-%dT%H:%M:%SZ
+ writetaskstat timestamp_git_clone_complete 2024-03-04T06:11:45Z
+ jq -nc --arg key timestamp_git_clone_complete --arg value 2024-03-04T06:11:45Z '{ key: $key, value: $value }'
++ git rev-parse HEAD
+ writetaskstat exec_repo_commit_sha 2249e62abce6d5a842be411e9ca03cb97eddb1dc
+ jq -nc --arg key exec_repo_commit_sha --arg value 2249e62abce6d5a842be411e9ca03cb97eddb1dc '{ key: $key, value: $value }'
+++ git show --no-patch --format=%ci
++ date -u --date '2024-02-25 10:07:01 +0800' +%Y-%m-%dT%H:%M:%SZ
+ writetaskstat exec_repo_commit_date 2024-02-25T02:07:01Z
+ jq -nc --arg key exec_repo_commit_date --arg value 2024-02-25T02:07:01Z '{ key: $key, value: $value }'
+ '[' -z ./ ']'
+ pushd ./
+ tailwind_config_file_name=
+ '[' -f tailwind.config.js ']'
+ tailwind_config_file_name=tailwind.config.js
+ writetaskstat exec_tailwind_config_file tailwind.config.js
+ jq -nc --arg key exec_tailwind_config_file --arg value tailwind.config.js '{ key: $key, value: $value }'
/tmp/twcr-60b414c0ac6e /tmp/twcr-60b414c0ac6e /twcr
+ cp tailwind.config.js /twcr/mnt/results/extract-raw-tailwind-config.js
+ '[' '!' -f package.json ']'
+ cp package.json /twcr/mnt/results/extract-raw-package.json
++ /twcr/worker/../worker/pm-detect.sh /tmp/twcr-60b414c0ac6e
+ package_manager_name=yarn
+ '[' -z yarn ']'
+ '[' -z yarn ']'
+ writetaskstat exec_node_package_manager yarn
+ jq -nc --arg key exec_node_package_manager --arg value yarn '{ key: $key, value: $value }'
+ attempt_mode=squash
+ true
++ date -u +%Y-%m-%dT%H:%M:%SZ
+ writetaskstat timestamp_attempt_squash_begin 2024-03-04T06:11:45Z
+ jq -nc --arg key timestamp_attempt_squash_begin --arg value 2024-03-04T06:11:45Z '{ key: $key, value: $value }'
+ [[ squash == \s\q\u\a\s\h ]]
+ set +e
+ node /twcr/worker/../worker/squash-package.mjs tailwind.config.js
+ exitcode=0
+ set -e
+ [[ 0 != \0 ]]
+ cat package.json
+ sed 's/^/>>> /'
>>> {
>>>   "name": "dalelarroder.com",
>>>   "version": "2.0.0",
>>>   "private": true,
>>>   "engines": {
>>>     "node": ">=18"
>>>   },
>>>   "dependencies": {},
>>>   "devDependencies": {
>>>     "@tailwindcss/forms": "0.5.7",
>>>     "@tailwindcss/typography": "0.5.10",
>>>     "tailwind-scrollbar": "3.0.5",
>>>     "tailwindcss": "3.3.5"
>>>   },
>>>   "lint-staged": {
>>>     "*.+(js|jsx|ts|tsx)": [
>>>       "eslint --fix"
>>>     ],
>>>     "*.+(js|jsx|ts|tsx|json|css|md|mdx)": [
>>>       "prettier --write"
>>>     ]
>>>   },
>>>   "resolutions": {
>>>     "strip-ansi": "6.0.1"
>>>   }
>>> }+ rm -f package-lock.json pnpm-lock.yaml yarn.lock
+ '[' ./ '!=' ./ ']'
+ set +e
+ /twcr/worker/../worker/pm-install.sh yarn /tmp/twcr-60b414c0ac6e /twcr/mnt/results
+ package_manager_name=yarn
+ procdir=/tmp/twcr-60b414c0ac6e
+ datadir=/twcr/mnt/results
+ case "${package_manager_name}" in
+ '[' -z http://tid_47110656f056:ok@172.18.0.2:3128 ']'
+ yarn config set httpProxy http://tid_47110656f056:ok@172.18.0.2:3128
yarn config v1.22.19
success Set "httpProxy" to "http://tid_47110656f056:ok@172.18.0.2:3128".
Done in 0.04s.
+ '[' -z http://tid_47110656f056:ok@172.18.0.2:3128 ']'
+ yarn config set httpsProxy http://tid_47110656f056:ok@172.18.0.2:3128
yarn config v1.22.19
success Set "httpsProxy" to "http://tid_47110656f056:ok@172.18.0.2:3128".
Done in 0.04s.
+ yarn install
yarn install v1.22.19
info No lockfile found.
[1/5] Validating package.json...
[2/5] Resolving packages...
(node:131) [DEP0040] DeprecationWarning: The `punycode` module is deprecated. Please use a userland alternative instead.
(Use `node --trace-deprecation ...` to show where the warning was created)
warning Resolution field "strip-ansi@6.0.1" is incompatible with requested version "strip-ansi@^7.0.1"
warning Resolution field "strip-ansi@6.0.1" is incompatible with requested version "strip-ansi@^7.0.1"
warning Resolution field "strip-ansi@6.0.1" is incompatible with requested version "strip-ansi@^7.0.1"
[3/5] Fetching packages...
[4/5] Linking dependencies...
[5/5] Building fresh packages...
success Saved lockfile.
Done in 7.03s.
+ yarn list --depth=0 --json --non-interactive --no-progress
+ jq -cr '
        [.. | .name?]
        | map(select(.))
        | map(capture("^(?<name>@?[^@]+)@(?<version>.+)$"))
        | sort_by(.name)[]'
{"type":"warning","data":"Resolution field \"strip-ansi@6.0.1\" is incompatible with requested version \"strip-ansi@^7.0.1\""}
{"type":"warning","data":"Resolution field \"strip-ansi@6.0.1\" is incompatible with requested version \"strip-ansi@^7.0.1\""}
{"type":"warning","data":"Resolution field \"strip-ansi@6.0.1\" is incompatible with requested version \"strip-ansi@^7.0.1\""}
+ exitcode=0
+ set -e
+ [[ 0 != \0 ]]
++ jq -sr 'map(select(.name == "tailwindcss")) | first | .version'
+ tailwind_package_version=3.3.5
+ tailwind_config_exporter=tailwind.config.exporter2.cjs
+ '[' -f node_modules/tailwindcss/lib/lib/load-config.js ']'
+ tailwind_config_exporter=tailwind.config.exporter3.mjs
+ cp /twcr/worker/../worker/tailwind.config.exporter3.mjs ./
+ set +e
+ node ./tailwind.config.exporter3.mjs tailwind.config.js
+ exitcode=0
+ set -e
+ [[ 0 != \0 ]]
+ echo 'module.exports={plugins:['
+ jq -rs '
        map(select(.name | startswith("@tailwindcss/")))
        | map("require(" + ( .name | tojson ) + "),")[]
      '
+ grep -Ev '"@tailwindcss/postcss7-compat"'
+ echo ']}'
+ cat tailwind.config.js
+ sed 's/^/>>> /'
>>> module.exports={plugins:[
>>> require("@tailwindcss/forms"),
>>> require("@tailwindcss/typography"),
>>> ]}
+ node ./tailwind.config.exporter3.mjs tailwind.config.js
++ date -u +%Y-%m-%dT%H:%M:%SZ
+ writetaskstat timestamp_attempt_squash_end 2024-03-04T06:11:53Z
+ jq -nc --arg key timestamp_attempt_squash_end --arg value 2024-03-04T06:11:53Z '{ key: $key, value: $value }'
+ break
++ date -u +%Y-%m-%dT%H:%M:%SZ
+ writetaskstat timestamp_end 2024-03-04T06:11:53Z
+ jq -nc --arg key timestamp_end --arg value 2024-03-04T06:11:53Z '{ key: $key, value: $value }'
+ rm /twcr/mnt/results/extract-failed
+ touch /twcr/mnt/results/extract-completed
