==== RUN-DOCKER
+++ dirname -- ./worker/run.sh
++ cd -- ./worker
++ pwd
+ twcrdir=/twcr/worker/..
+ repo=github.com/Itsnotaka/isnt
+ reporef=master
+ repopath=./
+ '[' true == true ']'
+ grep -q '^././'
++ echo github.com/Itsnotaka/isnt
++ sha256sum
++ awk '{ print $1 }'
++ cut -c1-12
+ procdir=/tmp/twcr-3d68431a85e6
++ echo 'github.com/Itsnotaka/isnt;master;./'
++ sha256sum
++ awk '{ print $1 }'
++ cut -c1-12
+ datadir=/twcr/worker/../mnt/dataset/data/6803fba3353f
+ '[' '!' -z /twcr/mnt/results ']'
+ datadir=/twcr/mnt/results
+ touch /twcr/mnt/results/extract-failed
++ base64
++ tr -d =
++ tr /+ _-
++ base64
++ tr -d =
++ tr /+ _-
+ writetaskstat analysis_key github.com/Itsnotaka/isnt/bWFzdGVyCg/Li8K
+ jq -nc --arg key analysis_key --arg value github.com/Itsnotaka/isnt/bWFzdGVyCg/Li8K '{ key: $key, value: $value }'
++ date -u +%Y%m%d%H%M%S
++ sha256sum
++ cut -c1-16
++ awk '{ print $1 }'
++ head -c 32 /dev/urandom
+ writetaskstat analysis_nonce d9d2e700488a7708
+ jq -nc --arg key analysis_nonce --arg value d9d2e700488a7708 '{ key: $key, value: $value }'
+ writetaskstat input_repo_name github.com/Itsnotaka/isnt
+ jq -nc --arg key input_repo_name --arg value github.com/Itsnotaka/isnt '{ key: $key, value: $value }'
+ writetaskstat input_repo_ref master
+ jq -nc --arg key input_repo_ref --arg value master '{ key: $key, value: $value }'
+ writetaskstat input_repo_path ./
+ jq -nc --arg key input_repo_path --arg value ./ '{ key: $key, value: $value }'
++ date -u +%Y-%m-%dT%H:%M:%SZ
+ writetaskstat timestamp_begin 2024-03-05T13:14:35Z
+ jq -nc --arg key timestamp_begin --arg value 2024-03-05T13:14:35Z '{ key: $key, value: $value }'
+ mkdir -p /tmp/twcr-3d68431a85e6
/tmp/twcr-3d68431a85e6 /twcr
+ pushd /tmp/twcr-3d68431a85e6
+ '[' -d .git ']'
+ git clone --depth=1 -b master https://github.com/Itsnotaka/isnt.git .
Cloning into '.'...
++ date -u +%Y-%m-%dT%H:%M:%SZ
+ writetaskstat timestamp_git_clone_complete 2024-03-05T13:14:36Z
+ jq -nc --arg key timestamp_git_clone_complete --arg value 2024-03-05T13:14:36Z '{ key: $key, value: $value }'
++ git rev-parse HEAD
+ writetaskstat exec_repo_commit_sha 60ebe826e0f9379201c01fe1a477e243689b667f
+ jq -nc --arg key exec_repo_commit_sha --arg value 60ebe826e0f9379201c01fe1a477e243689b667f '{ key: $key, value: $value }'
+++ git show --no-patch --format=%ci
++ date -u --date '2023-03-23 11:12:10 -0400' +%Y-%m-%dT%H:%M:%SZ
+ writetaskstat exec_repo_commit_date 2023-03-23T15:12:10Z
+ jq -nc --arg key exec_repo_commit_date --arg value 2023-03-23T15:12:10Z '{ key: $key, value: $value }'
/tmp/twcr-3d68431a85e6 /tmp/twcr-3d68431a85e6 /twcr
+ '[' -z ./ ']'
+ pushd ./
+ tailwind_config_file_name=
+ '[' -f tailwind.config.js ']'
+ '[' -f tailwind.config.cjs ']'
+ tailwind_config_file_name=tailwind.config.cjs
+ writetaskstat exec_tailwind_config_file tailwind.config.cjs
+ jq -nc --arg key exec_tailwind_config_file --arg value tailwind.config.cjs '{ key: $key, value: $value }'
+ cp tailwind.config.cjs /twcr/mnt/results/extract-raw-tailwind-config.js
+ '[' '!' -f package.json ']'
+ cp package.json /twcr/mnt/results/extract-raw-package.json
++ /twcr/worker/../worker/pm-detect.sh /tmp/twcr-3d68431a85e6
+ package_manager_name=pnpm
+ '[' -z pnpm ']'
+ '[' -z pnpm ']'
+ writetaskstat exec_node_package_manager pnpm
+ jq -nc --arg key exec_node_package_manager --arg value pnpm '{ key: $key, value: $value }'
+ attempt_mode=squash
+ true
++ date -u +%Y-%m-%dT%H:%M:%SZ
+ writetaskstat timestamp_attempt_squash_begin 2024-03-05T13:14:36Z
+ jq -nc --arg key timestamp_attempt_squash_begin --arg value 2024-03-05T13:14:36Z '{ key: $key, value: $value }'
+ [[ squash == \s\q\u\a\s\h ]]
+ set +e
+ node /twcr/worker/../worker/squash-package.mjs tailwind.config.cjs
+ exitcode=0
+ set -e
+ [[ 0 != \0 ]]
+ cat package.json
+ sed 's/^/>>> /'
+ rm -f package-lock.json pnpm-lock.yaml yarn.lock
>>> {
>>>   "name": "isnt",
>>>   "description": "🚀 A clean next.js template that utilize tailwind CSS + Iron Session for local cookie authentication. Isnt stands for Iron-Session-Next-Tailwind",
>>>   "version": "1.2",
>>>   "license": "MIT",
>>>   "author": "Min Chun Fu <hi@kakaka.dev>",
>>>   "dependencies": {
>>>     "tailwindcss-animate": "^1.0.5"
>>>   },
>>>   "devDependencies": {
>>>     "tailwindcss": "^3.2.7"
>>>   }
>>> }+ '[' ./ '!=' ./ ']'
+ set +e
+ /twcr/worker/../worker/pm-install.sh pnpm /tmp/twcr-3d68431a85e6 /twcr/mnt/results
+ package_manager_name=pnpm
+ procdir=/tmp/twcr-3d68431a85e6
+ datadir=/twcr/mnt/results
+ case "${package_manager_name}" in
+ '[' '!' -f /tmp/twcr-3d68431a85e6/package.json ']'
++ pnpm -v
+ sed -Ei 's/("pnpm": ")(.+)(")/\18.15.4\3/' /tmp/twcr-3d68431a85e6/package.json
+ '[' '!' -f package.json ']'
++ pnpm -v
+ sed -Ei 's/("pnpm": ")(.+)(")/\18.15.4\3/' package.json
+ pnpm install
Progress: resolved 1, reused 0, downloaded 0, added 0
Progress: resolved 25, reused 0, downloaded 20, added 0
Progress: resolved 58, reused 0, downloaded 44, added 0
Progress: resolved 92, reused 0, downloaded 79, added 0
Packages: +106
++++++++++++++++++++++++++++++++++++++++++++++++++++++++++++++++++++++++++++++++
Progress: resolved 107, reused 0, downloaded 105, added 34
Progress: resolved 107, reused 0, downloaded 106, added 106, done

dependencies:
+ tailwindcss-animate 1.0.7

devDependencies:
+ tailwindcss 3.4.1

Done in 5.9s
+ pnpm ls --json
+ jq -cr '
        .[]
        | [.dependencies, .devDependencies, .optionalDependencies]
        | map(select(.))[]
        | to_entries
        | map({ name: .key, version: .value.version })
        | sort_by(.name)[]
      '
+ exitcode=0
+ set -e
+ [[ 0 != \0 ]]
++ jq -sr 'map(select(.name == "tailwindcss")) | first | .version'
+ tailwind_package_version=3.4.1
+ tailwind_config_exporter=tailwind.config.exporter2.cjs
+ '[' -f node_modules/tailwindcss/lib/lib/load-config.js ']'
+ tailwind_config_exporter=tailwind.config.exporter3.mjs
+ cp /twcr/worker/../worker/tailwind.config.exporter3.mjs ./
+ set +e
+ node ./tailwind.config.exporter3.mjs tailwind.config.cjs
+ exitcode=0
+ set -e
+ [[ 0 != \0 ]]
+ echo 'module.exports={plugins:['
+ jq -rs '
        map(select(.name | startswith("@tailwindcss/")))
        | map("require(" + ( .name | tojson ) + "),")[]
      '
+ grep -Ev '"@tailwindcss/postcss7-compat"'
+ true
+ echo ']}'
+ cat tailwind.config.cjs
+ sed 's/^/>>> /'
>>> module.exports={plugins:[
>>> ]}
+ node ./tailwind.config.exporter3.mjs tailwind.config.cjs
++ date -u +%Y-%m-%dT%H:%M:%SZ
+ writetaskstat timestamp_attempt_squash_end 2024-03-05T13:14:44Z
+ jq -nc --arg key timestamp_attempt_squash_end --arg value 2024-03-05T13:14:44Z '{ key: $key, value: $value }'
+ break
++ date -u +%Y-%m-%dT%H:%M:%SZ
+ writetaskstat timestamp_end 2024-03-05T13:14:44Z
+ jq -nc --arg key timestamp_end --arg value 2024-03-05T13:14:44Z '{ key: $key, value: $value }'
+ rm /twcr/mnt/results/extract-failed
+ touch /twcr/mnt/results/extract-completed
