==== RUN-DOCKER
+++ dirname -- ./worker/run.sh
++ cd -- ./worker
++ pwd
+ twcrdir=/twcr/worker/..
+ repo=github.com/sardapv/angular-material-starter-template
+ reporef=main
+ repopath=./
+ '[' true == true ']'
+ grep -q '^././'
++ echo github.com/sardapv/angular-material-starter-template
++ sha256sum
++ awk '{ print $1 }'
++ cut -c1-12
+ procdir=/tmp/twcr-7820395a269a
++ echo 'github.com/sardapv/angular-material-starter-template;main;./'
++ sha256sum
++ awk '{ print $1 }'
++ cut -c1-12
+ datadir=/twcr/worker/../mnt/dataset/data/05a46d50e9c4
+ '[' '!' -z /twcr/mnt/results ']'
+ datadir=/twcr/mnt/results
+ touch /twcr/mnt/results/extract-failed
++ base64
++ tr -d =
++ tr /+ _-
++ base64
++ tr -d =
++ tr /+ _-
+ writetaskstat analysis_key github.com/sardapv/angular-material-starter-template/bWFpbgo/Li8K
+ jq -nc --arg key analysis_key --arg value github.com/sardapv/angular-material-starter-template/bWFpbgo/Li8K '{ key: $key, value: $value }'
++ date -u +%Y%m%d%H%M%S
++ sha256sum
++ awk '{ print $1 }'
++ cut -c1-16
++ head -c 32 /dev/urandom
+ writetaskstat analysis_nonce 17571eaa06523042
+ jq -nc --arg key analysis_nonce --arg value 17571eaa06523042 '{ key: $key, value: $value }'
+ writetaskstat input_repo_name github.com/sardapv/angular-material-starter-template
+ jq -nc --arg key input_repo_name --arg value github.com/sardapv/angular-material-starter-template '{ key: $key, value: $value }'
+ writetaskstat input_repo_ref main
+ jq -nc --arg key input_repo_ref --arg value main '{ key: $key, value: $value }'
+ writetaskstat input_repo_path ./
+ jq -nc --arg key input_repo_path --arg value ./ '{ key: $key, value: $value }'
++ date -u +%Y-%m-%dT%H:%M:%SZ
+ writetaskstat timestamp_begin 2024-03-05T02:32:57Z
+ jq -nc --arg key timestamp_begin --arg value 2024-03-05T02:32:57Z '{ key: $key, value: $value }'
+ mkdir -p /tmp/twcr-7820395a269a
+ pushd /tmp/twcr-7820395a269a
+ '[' -d .git ']'
+ git clone --depth=1 -b main https://github.com/sardapv/angular-material-starter-template.git .
/tmp/twcr-7820395a269a /twcr
Cloning into '.'...
++ date -u +%Y-%m-%dT%H:%M:%SZ
+ writetaskstat timestamp_git_clone_complete 2024-03-05T02:32:57Z
+ jq -nc --arg key timestamp_git_clone_complete --arg value 2024-03-05T02:32:57Z '{ key: $key, value: $value }'
++ git rev-parse HEAD
+ writetaskstat exec_repo_commit_sha d05bcfd0c2820c8978045e26bd58b7bae98ec7f6
+ jq -nc --arg key exec_repo_commit_sha --arg value d05bcfd0c2820c8978045e26bd58b7bae98ec7f6 '{ key: $key, value: $value }'
+++ git show --no-patch --format=%ci
++ date -u --date '2022-10-09 18:28:55 +0530' +%Y-%m-%dT%H:%M:%SZ
+ writetaskstat exec_repo_commit_date 2022-10-09T12:58:55Z
+ jq -nc --arg key exec_repo_commit_date --arg value 2022-10-09T12:58:55Z '{ key: $key, value: $value }'
+ '[' -z ./ ']'
+ pushd ./
+ tailwind_config_file_name=
+ '[' -f tailwind.config.js ']'
+ tailwind_config_file_name=tailwind.config.js
+ writetaskstat exec_tailwind_config_file tailwind.config.js
+ jq -nc --arg key exec_tailwind_config_file --arg value tailwind.config.js '{ key: $key, value: $value }'
/tmp/twcr-7820395a269a /tmp/twcr-7820395a269a /twcr
+ cp tailwind.config.js /twcr/mnt/results/extract-raw-tailwind-config.js
+ '[' '!' -f package.json ']'
+ cp package.json /twcr/mnt/results/extract-raw-package.json
++ /twcr/worker/../worker/pm-detect.sh /tmp/twcr-7820395a269a
+ package_manager_name=
+ '[' -z '' ']'
+ '[' ./ '!=' ./ ']'
+ '[' -z '' ']'
+ package_manager_name=npm
+ writetaskstat exec_node_package_manager npm
+ jq -nc --arg key exec_node_package_manager --arg value npm '{ key: $key, value: $value }'
+ attempt_mode=squash
+ true
++ date -u +%Y-%m-%dT%H:%M:%SZ
+ writetaskstat timestamp_attempt_squash_begin 2024-03-05T02:32:57Z
+ jq -nc --arg key timestamp_attempt_squash_begin --arg value 2024-03-05T02:32:57Z '{ key: $key, value: $value }'
+ [[ squash == \s\q\u\a\s\h ]]
+ set +e
+ node /twcr/worker/../worker/squash-package.mjs tailwind.config.js
+ exitcode=0
+ set -e
+ [[ 0 != \0 ]]
+ cat package.json
+ sed 's/^/>>> /'
+ rm -f package-lock.json pnpm-lock.yaml yarn.lock
>>> {
>>>   "name": "ng-new-app",
>>>   "version": "1.3.0",
>>>   "description": "Angular 14 boilerplate that comes with Material-UI, Tailwind3, Purgecss, Jest & Cypress Support, Optimal project structure, Interceptor with already some code, sourcemap analyzer tools, all pre-configured and much more...",
>>>   "homepage": "https://github.com/sardapv/angular-material-starter-template#readme",
>>>   "repository": {
>>>     "type": "git",
>>>     "url": "git+https://github.com/sardapv/angular-material-starter-template.git"
>>>   },
>>>   "keywords": [
>>>     "angular",
>>>     "boilerplate",
>>>     "starter-kit",
>>>     "material-template",
>>>     "tailwind-template",
>>>     "husky",
>>>     "code-coverage",
>>>     "light-house"
>>>   ],
>>>   "author": "Pranav Sarda <sardapranav1@gmail.com>",
>>>   "license": "MIT",
>>>   "bin": {
>>>     "ng-new-app": "./bin/generate-app.js"
>>>   },
>>>   "dependencies": {},
>>>   "devDependencies": {
>>>     "tailwindcss": "^3.1.7"
>>>   }
>>> }+ '[' ./ '!=' ./ ']'
+ set +e
+ /twcr/worker/../worker/pm-install.sh npm /tmp/twcr-7820395a269a /twcr/mnt/results
+ package_manager_name=npm
+ procdir=/tmp/twcr-7820395a269a
+ datadir=/twcr/mnt/results
+ case "${package_manager_name}" in
++ '[' -f package-lock.json ']'
++ echo install
+ npm install --ignore-engines

added 112 packages, and audited 113 packages in 4s

28 packages are looking for funding
  run `npm fund` for details

found 0 vulnerabilities
npm notice 
npm notice New minor version of npm available! 10.2.4 -> 10.5.0
npm notice Changelog: <https://github.com/npm/cli/releases/tag/v10.5.0>
npm notice Run `npm install -g npm@10.5.0` to update!
npm notice 
+ npm query '*'
+ jq -cr '
        map({ name: .name, version: .version })
        | map(select(.name))
        | sort_by(.name)[]
      '
+ exitcode=0
+ set -e
+ [[ 0 != \0 ]]
++ jq -sr 'map(select(.name == "tailwindcss")) | first | .version'
+ tailwind_package_version=3.4.1
+ tailwind_config_exporter=tailwind.config.exporter2.cjs
+ '[' -f node_modules/tailwindcss/lib/lib/load-config.js ']'
+ tailwind_config_exporter=tailwind.config.exporter3.mjs
+ cp /twcr/worker/../worker/tailwind.config.exporter3.mjs ./
+ set +e
+ node ./tailwind.config.exporter3.mjs tailwind.config.js
+ exitcode=0
+ set -e
+ [[ 0 != \0 ]]
+ echo 'module.exports={plugins:['
+ jq -rs '
        map(select(.name | startswith("@tailwindcss/")))
        | map("require(" + ( .name | tojson ) + "),")[]
      '
+ grep -Ev '"@tailwindcss/postcss7-compat"'
+ true
+ echo ']}'
+ cat tailwind.config.js
+ sed 's/^/>>> /'
>>> module.exports={plugins:[
>>> ]}
+ node ./tailwind.config.exporter3.mjs tailwind.config.js
++ date -u +%Y-%m-%dT%H:%M:%SZ
+ writetaskstat timestamp_attempt_squash_end 2024-03-05T02:33:03Z
+ jq -nc --arg key timestamp_attempt_squash_end --arg value 2024-03-05T02:33:03Z '{ key: $key, value: $value }'
+ break
++ date -u +%Y-%m-%dT%H:%M:%SZ
+ writetaskstat timestamp_end 2024-03-05T02:33:03Z
+ jq -nc --arg key timestamp_end --arg value 2024-03-05T02:33:03Z '{ key: $key, value: $value }'
+ rm /twcr/mnt/results/extract-failed
+ touch /twcr/mnt/results/extract-completed
