==== RUN-DOCKER
+++ dirname -- ./worker/run.sh
++ cd -- ./worker
++ pwd
+ twcrdir=/twcr/worker/..
+ repo=github.com/LegacyTemplates/blazor-tailwind
+ reporef=main
+ repopath=./MyApp.Client
+ '[' true == true ']'
+ grep -q '^././'
++ echo github.com/LegacyTemplates/blazor-tailwind
++ sha256sum
++ awk '{ print $1 }'
++ cut -c1-12
+ procdir=/tmp/twcr-94abaed90f23
++ echo 'github.com/LegacyTemplates/blazor-tailwind;main;./MyApp.Client'
++ sha256sum
++ awk '{ print $1 }'
++ cut -c1-12
+ datadir=/twcr/worker/../mnt/dataset/data/a2d0eb2d1e63
+ '[' '!' -z /twcr/mnt/results ']'
+ datadir=/twcr/mnt/results
+ touch /twcr/mnt/results/extract-failed
++ base64
++ tr -d =
++ tr /+ _-
++ base64
++ tr -d =
++ tr /+ _-
+ writetaskstat analysis_key github.com/LegacyTemplates/blazor-tailwind/bWFpbgo/Li9NeUFwcC5DbGllbnQK
+ jq -nc --arg key analysis_key --arg value github.com/LegacyTemplates/blazor-tailwind/bWFpbgo/Li9NeUFwcC5DbGllbnQK '{ key: $key, value: $value }'
++ date -u +%Y%m%d%H%M%S
++ sha256sum
++ awk '{ print $1 }'
++ cut -c1-16
++ head -c 32 /dev/urandom
+ writetaskstat analysis_nonce 5a7f1bf6b28286cd
+ jq -nc --arg key analysis_nonce --arg value 5a7f1bf6b28286cd '{ key: $key, value: $value }'
+ writetaskstat input_repo_name github.com/LegacyTemplates/blazor-tailwind
+ jq -nc --arg key input_repo_name --arg value github.com/LegacyTemplates/blazor-tailwind '{ key: $key, value: $value }'
+ writetaskstat input_repo_ref main
+ jq -nc --arg key input_repo_ref --arg value main '{ key: $key, value: $value }'
+ writetaskstat input_repo_path ./MyApp.Client
+ jq -nc --arg key input_repo_path --arg value ./MyApp.Client '{ key: $key, value: $value }'
++ date -u +%Y-%m-%dT%H:%M:%SZ
+ writetaskstat timestamp_begin 2024-03-05T06:57:00Z
+ jq -nc --arg key timestamp_begin --arg value 2024-03-05T06:57:00Z '{ key: $key, value: $value }'
+ mkdir -p /tmp/twcr-94abaed90f23
+ pushd /tmp/twcr-94abaed90f23
+ '[' -d .git ']'
+ git clone --depth=1 -b main https://github.com/LegacyTemplates/blazor-tailwind.git .
/tmp/twcr-94abaed90f23 /twcr
Cloning into '.'...
++ date -u +%Y-%m-%dT%H:%M:%SZ
+ writetaskstat timestamp_git_clone_complete 2024-03-05T06:57:00Z
+ jq -nc --arg key timestamp_git_clone_complete --arg value 2024-03-05T06:57:00Z '{ key: $key, value: $value }'
++ git rev-parse HEAD
+ writetaskstat exec_repo_commit_sha 3584174ef92fea6087d2420a4f66d32659d8c6c1
+ jq -nc --arg key exec_repo_commit_sha --arg value 3584174ef92fea6087d2420a4f66d32659d8c6c1 '{ key: $key, value: $value }'
+++ git show --no-patch --format=%ci
++ date -u --date '2023-12-24 13:16:18 +0800' +%Y-%m-%dT%H:%M:%SZ
+ writetaskstat exec_repo_commit_date 2023-12-24T05:16:18Z
+ jq -nc --arg key exec_repo_commit_date --arg value 2023-12-24T05:16:18Z '{ key: $key, value: $value }'
/tmp/twcr-94abaed90f23/MyApp.Client /tmp/twcr-94abaed90f23 /twcr
+ '[' -z ./MyApp.Client ']'
+ pushd ./MyApp.Client
+ tailwind_config_file_name=
+ '[' -f tailwind.config.js ']'
+ tailwind_config_file_name=tailwind.config.js
+ writetaskstat exec_tailwind_config_file tailwind.config.js
+ jq -nc --arg key exec_tailwind_config_file --arg value tailwind.config.js '{ key: $key, value: $value }'
+ cp tailwind.config.js /twcr/mnt/results/extract-raw-tailwind-config.js
+ '[' '!' -f package.json ']'
+ cp package.json /twcr/mnt/results/extract-raw-package.json
++ /twcr/worker/../worker/pm-detect.sh /tmp/twcr-94abaed90f23/MyApp.Client
+ package_manager_name=
+ '[' -z '' ']'
+ '[' ./MyApp.Client '!=' ./ ']'
++ /twcr/worker/../worker/pm-detect.sh /tmp/twcr-94abaed90f23
grep: /tmp/twcr-94abaed90f23/package.json: No such file or directory
grep: /tmp/twcr-94abaed90f23/package.json: No such file or directory
grep: /tmp/twcr-94abaed90f23/package.json: No such file or directory
/twcr/worker/../worker/pm-detect.sh: line 17: /tmp/twcr-94abaed90f23/package.json: No such file or directory
+ package_manager_name=
+ '[' -z '' ']'
+ package_manager_name=npm
+ writetaskstat exec_node_package_manager npm
+ jq -nc --arg key exec_node_package_manager --arg value npm '{ key: $key, value: $value }'
+ attempt_mode=squash
+ true
++ date -u +%Y-%m-%dT%H:%M:%SZ
+ writetaskstat timestamp_attempt_squash_begin 2024-03-05T06:57:01Z
+ jq -nc --arg key timestamp_attempt_squash_begin --arg value 2024-03-05T06:57:01Z '{ key: $key, value: $value }'
+ [[ squash == \s\q\u\a\s\h ]]
+ set +e
+ node /twcr/worker/../worker/squash-package.mjs tailwind.config.js
+ exitcode=0
+ set -e
+ [[ 0 != \0 ]]
+ cat package.json
+ sed 's/^/>>> /'
>>> {}+ rm -f package-lock.json pnpm-lock.yaml yarn.lock
+ '[' ./MyApp.Client '!=' ./ ']'
+ rm -f /tmp/twcr-94abaed90f23/package.json /tmp/twcr-94abaed90f23/package-lock.json /tmp/twcr-94abaed90f23/pnpm-lock.yaml /tmp/twcr-94abaed90f23/yarn.lock
+ set +e
+ /twcr/worker/../worker/pm-install.sh npm /tmp/twcr-94abaed90f23 /twcr/mnt/results
+ package_manager_name=npm
+ procdir=/tmp/twcr-94abaed90f23
+ datadir=/twcr/mnt/results
+ case "${package_manager_name}" in
++ '[' -f package-lock.json ']'
++ echo install
+ npm install --ignore-engines

up to date, audited 1 package in 235ms

found 0 vulnerabilities
+ npm query '*'
+ jq -cr '
        map({ name: .name, version: .version })
        | map(select(.name))
        | sort_by(.name)[]
      '
+ exitcode=0
+ set -e
+ [[ 0 != \0 ]]
++ jq -sr 'map(select(.name == "tailwindcss")) | first | .version'
+ tailwind_package_version=null
+ tailwind_config_exporter=tailwind.config.exporter2.cjs
+ '[' -f node_modules/tailwindcss/lib/lib/load-config.js ']'
+ cp /twcr/worker/../worker/tailwind.config.exporter2.cjs ./
+ set +e
+ node ./tailwind.config.exporter2.cjs tailwind.config.js
node:internal/modules/cjs/loader:1152
  throw err;
  ^

Error: Cannot find module 'tailwindcss/resolveConfig.js'
Require stack:
- /tmp/twcr-94abaed90f23/MyApp.Client/tailwind.config.exporter2.cjs
    at Module._resolveFilename (node:internal/modules/cjs/loader:1149:15)
    at Module._load (node:internal/modules/cjs/loader:990:27)
    at Module.require (node:internal/modules/cjs/loader:1237:19)
    at require (node:internal/modules/helpers:176:18)
    at Object.<anonymous> (/tmp/twcr-94abaed90f23/MyApp.Client/tailwind.config.exporter2.cjs:1:23)
    at Module._compile (node:internal/modules/cjs/loader:1378:14)
    at Module._extensions..js (node:internal/modules/cjs/loader:1437:10)
    at Module.load (node:internal/modules/cjs/loader:1212:32)
    at Module._load (node:internal/modules/cjs/loader:1028:12)
    at Function.executeUserEntryPoint [as runMain] (node:internal/modules/run_main:142:12) {
  code: 'MODULE_NOT_FOUND',
  requireStack: [
    '/tmp/twcr-94abaed90f23/MyApp.Client/tailwind.config.exporter2.cjs'
  ]
}

Node.js v21.6.2
+ exitcode=1
+ set -e
+ [[ 1 != \0 ]]
+ [[ squash == \s\q\u\a\s\h ]]
+ echo '[worker] WARN: exporter failed; retrying with full install'
[worker] WARN: exporter failed; retrying with full install
+ attempt_mode=full
+ continue
+ true
++ date -u +%Y-%m-%dT%H:%M:%SZ
+ writetaskstat timestamp_attempt_full_begin 2024-03-05T06:57:02Z
+ jq -nc --arg key timestamp_attempt_full_begin --arg value 2024-03-05T06:57:02Z '{ key: $key, value: $value }'
+ [[ full == \s\q\u\a\s\h ]]
+ git clean -fdx
Removing package-lock.json
Removing tailwind.config.exporter2.cjs
+ git reset --hard
HEAD is now at 3584174 Update README.md
+ set +e
+ /twcr/worker/../worker/pm-install.sh npm /tmp/twcr-94abaed90f23 /twcr/mnt/results
+ package_manager_name=npm
+ procdir=/tmp/twcr-94abaed90f23
+ datadir=/twcr/mnt/results
+ case "${package_manager_name}" in
++ '[' -f package-lock.json ']'
++ echo install
+ npm install --ignore-engines

> postinstall
> cd ../MyApp && dotnet run --AppTasks=migrate

sh: 1: dotnet: not found
npm ERR! code 127
npm ERR! path /tmp/twcr-94abaed90f23/MyApp.Client
npm ERR! command failed
npm ERR! command sh -c cd ../MyApp && dotnet run --AppTasks=migrate

npm ERR! A complete log of this run can be found in: /home/node/.npm/_logs/2024-03-05T06_57_02_288Z-debug-0.log
+ exitcode=127
+ set -e
+ [[ 127 != \0 ]]
+ [[ full == \s\q\u\a\s\h ]]
+ exit 127
