==== RUN-DOCKER
+++ dirname -- ./worker/run.sh
++ cd -- ./worker
++ pwd
+ twcrdir=/twcr/worker/..
+ repo=github.com/jm2097/angular-boilerplate
+ reporef=main
+ repopath=./
+ '[' true == true ']'
+ grep -q '^././'
++ echo github.com/jm2097/angular-boilerplate
++ sha256sum
++ awk '{ print $1 }'
++ cut -c1-12
+ procdir=/tmp/twcr-25d563663764
++ echo 'github.com/jm2097/angular-boilerplate;main;./'
++ sha256sum
++ awk '{ print $1 }'
++ cut -c1-12
+ datadir=/twcr/worker/../mnt/dataset/data/699da21d7331
+ '[' '!' -z /twcr/mnt/results ']'
+ datadir=/twcr/mnt/results
+ touch /twcr/mnt/results/extract-failed
++ base64
++ tr -d =
++ tr /+ _-
++ base64
++ tr -d =
++ tr /+ _-
+ writetaskstat analysis_key github.com/jm2097/angular-boilerplate/bWFpbgo/Li8K
+ jq -nc --arg key analysis_key --arg value github.com/jm2097/angular-boilerplate/bWFpbgo/Li8K '{ key: $key, value: $value }'
++ date -u +%Y%m%d%H%M%S
++ sha256sum
++ awk '{ print $1 }'
++ cut -c1-16
++ head -c 32 /dev/urandom
+ writetaskstat analysis_nonce a06a3e222ab2dc22
+ jq -nc --arg key analysis_nonce --arg value a06a3e222ab2dc22 '{ key: $key, value: $value }'
+ writetaskstat input_repo_name github.com/jm2097/angular-boilerplate
+ jq -nc --arg key input_repo_name --arg value github.com/jm2097/angular-boilerplate '{ key: $key, value: $value }'
+ writetaskstat input_repo_ref main
+ jq -nc --arg key input_repo_ref --arg value main '{ key: $key, value: $value }'
+ writetaskstat input_repo_path ./
+ jq -nc --arg key input_repo_path --arg value ./ '{ key: $key, value: $value }'
++ date -u +%Y-%m-%dT%H:%M:%SZ
+ writetaskstat timestamp_begin 2024-03-04T05:59:28Z
+ jq -nc --arg key timestamp_begin --arg value 2024-03-04T05:59:28Z '{ key: $key, value: $value }'
+ mkdir -p /tmp/twcr-25d563663764
+ pushd /tmp/twcr-25d563663764
+ '[' -d .git ']'
+ git clone --depth=1 -b main https://github.com/jm2097/angular-boilerplate.git .
/tmp/twcr-25d563663764 /twcr
Cloning into '.'...
++ date -u +%Y-%m-%dT%H:%M:%SZ
+ writetaskstat timestamp_git_clone_complete 2024-03-04T05:59:29Z
+ jq -nc --arg key timestamp_git_clone_complete --arg value 2024-03-04T05:59:29Z '{ key: $key, value: $value }'
++ git rev-parse HEAD
+ writetaskstat exec_repo_commit_sha dbbd63f901e85874b8a07521e962e6577dedab42
+ jq -nc --arg key exec_repo_commit_sha --arg value dbbd63f901e85874b8a07521e962e6577dedab42 '{ key: $key, value: $value }'
+++ git show --no-patch --format=%ci
++ date -u --date '2023-11-23 12:43:16 -0500' +%Y-%m-%dT%H:%M:%SZ
+ writetaskstat exec_repo_commit_date 2023-11-23T17:43:16Z
+ jq -nc --arg key exec_repo_commit_date --arg value 2023-11-23T17:43:16Z '{ key: $key, value: $value }'
+ '[' -z ./ ']'
+ pushd ./
+ tailwind_config_file_name=
+ '[' -f tailwind.config.js ']'
+ '[' -f tailwind.config.cjs ']'
+ '[' -f tailwind.config.mjs ']'
+ '[' -f tailwind.config.ts ']'
+ tailwind_config_file_name=tailwind.config.ts
+ writetaskstat exec_tailwind_config_file tailwind.config.ts
+ jq -nc --arg key exec_tailwind_config_file --arg value tailwind.config.ts '{ key: $key, value: $value }'
/tmp/twcr-25d563663764 /tmp/twcr-25d563663764 /twcr
+ cp tailwind.config.ts /twcr/mnt/results/extract-raw-tailwind-config.js
+ '[' '!' -f package.json ']'
+ cp package.json /twcr/mnt/results/extract-raw-package.json
++ /twcr/worker/../worker/pm-detect.sh /tmp/twcr-25d563663764
+ package_manager_name=pnpm
+ '[' -z pnpm ']'
+ '[' -z pnpm ']'
+ writetaskstat exec_node_package_manager pnpm
+ jq -nc --arg key exec_node_package_manager --arg value pnpm '{ key: $key, value: $value }'
+ attempt_mode=squash
+ true
++ date -u +%Y-%m-%dT%H:%M:%SZ
+ writetaskstat timestamp_attempt_squash_begin 2024-03-04T05:59:29Z
+ jq -nc --arg key timestamp_attempt_squash_begin --arg value 2024-03-04T05:59:29Z '{ key: $key, value: $value }'
+ [[ squash == \s\q\u\a\s\h ]]
+ set +e
+ node /twcr/worker/../worker/squash-package.mjs tailwind.config.ts
+ exitcode=0
+ set -e
+ [[ 0 != \0 ]]
+ cat package.json
+ sed 's/^/>>> /'
+ rm -f package-lock.json pnpm-lock.yaml yarn.lock
>>> {
>>>   "name": "angular-boilerplate",
>>>   "version": "0.0.0",
>>>   "private": true,
>>>   "simple-git-hooks": {
>>>     "pre-commit": "pnpm lint-staged",
>>>     "pre-push": "pnpm build"
>>>   },
>>>   "lint-staged": {
>>>     "*.{js,jsx,ts,tsx}": [
>>>       "pnpm lint:fix",
>>>       "pnpm prettier"
>>>     ],
>>>     "*.{css,pcss,less,scss,sass}": [
>>>       "pnpm stylelint:fix",
>>>       "pnpm prettier"
>>>     ]
>>>   },
>>>   "dependencies": {},
>>>   "devDependencies": {
>>>     "@iconify/tailwind": "^0.1.2",
>>>     "@tailwindcss/aspect-ratio": "^0.4.2",
>>>     "@tailwindcss/forms": "^0.5.3",
>>>     "@tailwindcss/typography": "^0.5.9",
>>>     "tailwindcss": "^3.3.2"
>>>   }
>>> }+ '[' ./ '!=' ./ ']'
+ set +e
+ /twcr/worker/../worker/pm-install.sh pnpm /tmp/twcr-25d563663764 /twcr/mnt/results
+ package_manager_name=pnpm
+ procdir=/tmp/twcr-25d563663764
+ datadir=/twcr/mnt/results
+ case "${package_manager_name}" in
+ '[' '!' -f /tmp/twcr-25d563663764/package.json ']'
++ pnpm -v
+ sed -Ei 's/("pnpm": ")(.+)(")/\18.15.4\3/' /tmp/twcr-25d563663764/package.json
+ '[' '!' -f package.json ']'
++ pnpm -v
+ sed -Ei 's/("pnpm": ")(.+)(")/\18.15.4\3/' package.json
+ pnpm install
Progress: resolved 1, reused 0, downloaded 0, added 0
Progress: resolved 23, reused 0, downloaded 8, added 0
Progress: resolved 58, reused 0, downloaded 50, added 0
Progress: resolved 87, reused 0, downloaded 80, added 0
Packages: +115
++++++++++++++++++++++++++++++++++++++++++++++++++++++++++++++++++++++++++++++++
Progress: resolved 116, reused 0, downloaded 115, added 115, done

devDependencies:
+ @iconify/tailwind 0.1.4
+ @tailwindcss/aspect-ratio 0.4.2
+ @tailwindcss/forms 0.5.7
+ @tailwindcss/typography 0.5.10
+ tailwindcss 3.4.1

Done in 4.8s
+ pnpm ls --json
+ jq -cr '
        .[]
        | [.dependencies, .devDependencies, .optionalDependencies]
        | map(select(.))[]
        | to_entries
        | map({ name: .key, version: .value.version })
        | sort_by(.name)[]
      '
+ exitcode=0
+ set -e
+ [[ 0 != \0 ]]
++ jq -sr 'map(select(.name == "tailwindcss")) | first | .version'
+ tailwind_package_version=3.4.1
+ tailwind_config_exporter=tailwind.config.exporter2.cjs
+ '[' -f node_modules/tailwindcss/lib/lib/load-config.js ']'
+ tailwind_config_exporter=tailwind.config.exporter3.mjs
+ cp /twcr/worker/../worker/tailwind.config.exporter3.mjs ./
+ set +e
+ node ./tailwind.config.exporter3.mjs tailwind.config.ts
+ exitcode=0
+ set -e
+ [[ 0 != \0 ]]
+ echo 'module.exports={plugins:['
+ jq -rs '
        map(select(.name | startswith("@tailwindcss/")))
        | map("require(" + ( .name | tojson ) + "),")[]
      '
+ grep -Ev '"@tailwindcss/postcss7-compat"'
+ echo ']}'
+ cat tailwind.config.ts
+ sed 's/^/>>> /'
+ node ./tailwind.config.exporter3.mjs tailwind.config.ts
>>> module.exports={plugins:[
>>> require("@tailwindcss/aspect-ratio"),
>>> require("@tailwindcss/forms"),
>>> require("@tailwindcss/typography"),
>>> ]}
++ date -u +%Y-%m-%dT%H:%M:%SZ
+ writetaskstat timestamp_attempt_squash_end 2024-03-04T05:59:35Z
+ jq -nc --arg key timestamp_attempt_squash_end --arg value 2024-03-04T05:59:35Z '{ key: $key, value: $value }'
+ break
++ date -u +%Y-%m-%dT%H:%M:%SZ
+ writetaskstat timestamp_end 2024-03-04T05:59:35Z
+ jq -nc --arg key timestamp_end --arg value 2024-03-04T05:59:35Z '{ key: $key, value: $value }'
+ rm /twcr/mnt/results/extract-failed
+ touch /twcr/mnt/results/extract-completed
