==== RUN-DOCKER
+++ dirname -- ./worker/run.sh
++ cd -- ./worker
++ pwd
+ twcrdir=/twcr/worker/..
+ repo=github.com/williamlmao/chimera-ui
+ reporef=main
+ repopath=./apps/docs
+ '[' true == true ']'
+ grep -q '^././'
++ echo github.com/williamlmao/chimera-ui
++ sha256sum
++ awk '{ print $1 }'
++ cut -c1-12
+ procdir=/tmp/twcr-7e18feeae2ec
++ echo 'github.com/williamlmao/chimera-ui;main;./apps/docs'
++ sha256sum
++ awk '{ print $1 }'
++ cut -c1-12
+ datadir=/twcr/worker/../mnt/dataset/data/b01c95ae3346
+ '[' '!' -z /twcr/mnt/results ']'
+ datadir=/twcr/mnt/results
+ touch /twcr/mnt/results/extract-failed
++ base64
++ tr -d =
++ tr /+ _-
++ base64
++ tr -d =
++ tr /+ _-
+ writetaskstat analysis_key github.com/williamlmao/chimera-ui/bWFpbgo/Li9hcHBzL2RvY3MK
+ jq -nc --arg key analysis_key --arg value github.com/williamlmao/chimera-ui/bWFpbgo/Li9hcHBzL2RvY3MK '{ key: $key, value: $value }'
++ date -u +%Y%m%d%H%M%S
++ sha256sum
++ awk '{ print $1 }'
++ cut -c1-16
++ head -c 32 /dev/urandom
+ writetaskstat analysis_nonce 6a65e99cf49f3dc0
+ jq -nc --arg key analysis_nonce --arg value 6a65e99cf49f3dc0 '{ key: $key, value: $value }'
+ writetaskstat input_repo_name github.com/williamlmao/chimera-ui
+ jq -nc --arg key input_repo_name --arg value github.com/williamlmao/chimera-ui '{ key: $key, value: $value }'
+ writetaskstat input_repo_ref main
+ jq -nc --arg key input_repo_ref --arg value main '{ key: $key, value: $value }'
+ writetaskstat input_repo_path ./apps/docs
+ jq -nc --arg key input_repo_path --arg value ./apps/docs '{ key: $key, value: $value }'
++ date -u +%Y-%m-%dT%H:%M:%SZ
+ writetaskstat timestamp_begin 2024-03-05T02:34:16Z
+ jq -nc --arg key timestamp_begin --arg value 2024-03-05T02:34:16Z '{ key: $key, value: $value }'
+ mkdir -p /tmp/twcr-7e18feeae2ec
+ pushd /tmp/twcr-7e18feeae2ec
+ '[' -d .git ']'
+ git clone --depth=1 -b main https://github.com/williamlmao/chimera-ui.git .
/tmp/twcr-7e18feeae2ec /twcr
Cloning into '.'...
++ date -u +%Y-%m-%dT%H:%M:%SZ
+ writetaskstat timestamp_git_clone_complete 2024-03-05T02:34:18Z
+ jq -nc --arg key timestamp_git_clone_complete --arg value 2024-03-05T02:34:18Z '{ key: $key, value: $value }'
++ git rev-parse HEAD
+ writetaskstat exec_repo_commit_sha 78d8d29b49301f6f3b935663f00dcf81f67464b5
+ jq -nc --arg key exec_repo_commit_sha --arg value 78d8d29b49301f6f3b935663f00dcf81f67464b5 '{ key: $key, value: $value }'
+++ git show --no-patch --format=%ci
++ date -u --date '2023-03-19 12:13:10 -0400' +%Y-%m-%dT%H:%M:%SZ
+ writetaskstat exec_repo_commit_date 2023-03-19T16:13:10Z
+ jq -nc --arg key exec_repo_commit_date --arg value 2023-03-19T16:13:10Z '{ key: $key, value: $value }'
+ '[' -z ./apps/docs ']'
+ pushd ./apps/docs
+ tailwind_config_file_name=
+ '[' -f tailwind.config.js ']'
+ tailwind_config_file_name=tailwind.config.js
+ writetaskstat exec_tailwind_config_file tailwind.config.js
+ jq -nc --arg key exec_tailwind_config_file --arg value tailwind.config.js '{ key: $key, value: $value }'
/tmp/twcr-7e18feeae2ec/apps/docs /tmp/twcr-7e18feeae2ec /twcr
+ cp tailwind.config.js /twcr/mnt/results/extract-raw-tailwind-config.js
+ '[' '!' -f package.json ']'
+ cp package.json /twcr/mnt/results/extract-raw-package.json
++ /twcr/worker/../worker/pm-detect.sh /tmp/twcr-7e18feeae2ec/apps/docs
+ package_manager_name=
+ '[' -z '' ']'
+ '[' ./apps/docs '!=' ./ ']'
++ /twcr/worker/../worker/pm-detect.sh /tmp/twcr-7e18feeae2ec
+ package_manager_name=pnpm
+ '[' -z pnpm ']'
+ writetaskstat exec_node_package_manager pnpm
+ jq -nc --arg key exec_node_package_manager --arg value pnpm '{ key: $key, value: $value }'
+ attempt_mode=squash
+ true
++ date -u +%Y-%m-%dT%H:%M:%SZ
+ writetaskstat timestamp_attempt_squash_begin 2024-03-05T02:34:18Z
+ jq -nc --arg key timestamp_attempt_squash_begin --arg value 2024-03-05T02:34:18Z '{ key: $key, value: $value }'
+ [[ squash == \s\q\u\a\s\h ]]
+ set +e
+ node /twcr/worker/../worker/squash-package.mjs tailwind.config.js
+ exitcode=0
+ set -e
+ [[ 0 != \0 ]]
+ cat package.json
+ sed 's/^/>>> /'
>>> {
>>>   "name": "docs",
>>>   "version": "0.1.0",
>>>   "private": true,
>>>   "dependencies": {
>>>     "@chimera-ui/tw-plugin": "workspace:*",
>>>     "@tailwindcss/container-queries": "^0.1.0",
>>>     "@tailwindcss/line-clamp": "^0.4.2"
>>>   },
>>>   "devDependencies": {
>>>     "tailwindcss": "^3.2.4"
>>>   }
>>> }+ rm -f package-lock.json pnpm-lock.yaml yarn.lock
+ '[' ./apps/docs '!=' ./ ']'
+ rm -f /tmp/twcr-7e18feeae2ec/package.json /tmp/twcr-7e18feeae2ec/package-lock.json /tmp/twcr-7e18feeae2ec/pnpm-lock.yaml /tmp/twcr-7e18feeae2ec/yarn.lock
+ set +e
+ /twcr/worker/../worker/pm-install.sh pnpm /tmp/twcr-7e18feeae2ec /twcr/mnt/results
+ package_manager_name=pnpm
+ procdir=/tmp/twcr-7e18feeae2ec
+ datadir=/twcr/mnt/results
+ case "${package_manager_name}" in
+ '[' '!' -f /tmp/twcr-7e18feeae2ec/package.json ']'
+ '[' '!' -f package.json ']'
++ pnpm -v
+ sed -Ei 's/("pnpm": ")(.+)(")/\18.15.4\3/' package.json
+ pnpm install
Scope: all 6 workspace projects
../..                                    | Progress: resolved 1, reused 0, downloaded 0, added 0
../..                                    | Progress: resolved 20, reused 0, downloaded 8, added 0
../..                                    | Progress: resolved 40, reused 0, downloaded 31, added 0
../..                                    | Progress: resolved 63, reused 0, downloaded 53, added 0
../..                                    | Progress: resolved 85, reused 0, downloaded 73, added 0
../..                                    | Progress: resolved 117, reused 0, downloaded 102, added 0
../..                                    | Progress: resolved 142, reused 0, downloaded 129, added 0
../..                                    | Progress: resolved 176, reused 0, downloaded 157, added 0
../..                                    | Progress: resolved 201, reused 0, downloaded 181, added 0
../..                                    | Progress: resolved 229, reused 0, downloaded 209, added 0
../..                                    | Progress: resolved 266, reused 0, downloaded 236, added 0
../..                                    | Progress: resolved 302, reused 0, downloaded 256, added 0
../..                                    | Progress: resolved 323, reused 0, downloaded 278, added 0
../..                                    | Progress: resolved 347, reused 0, downloaded 299, added 0
../..                                    | Progress: resolved 374, reused 0, downloaded 322, added 0
../..                                    | Progress: resolved 403, reused 0, downloaded 353, added 0
../..                                    | Progress: resolved 434, reused 0, downloaded 377, added 0
../..                                    | Progress: resolved 465, reused 0, downloaded 408, added 0
../..                                    | Progress: resolved 493, reused 0, downloaded 437, added 0
../..                                    | Progress: resolved 531, reused 0, downloaded 468, added 0
../..                                    | Progress: resolved 559, reused 0, downloaded 503, added 0
 WARN  1 deprecated subdependencies found: core-js@1.2.7
../..                                    | Progress: resolved 565, reused 0, downloaded 541, added 0

../..                                    | +561 ++++++++++++++++++++++++++++++++
../..                                    | Progress: resolved 565, reused 0, downloaded 543, added 46
../..                                    | Progress: resolved 565, reused 0, downloaded 543, added 561, done
../../node_modules/esbuild postinstall$ node install.js
../../node_modules/esbuild postinstall: Done
Done in 24.4s
+ pnpm ls --json
+ jq -cr '
        .[]
        | [.dependencies, .devDependencies, .optionalDependencies]
        | map(select(.))[]
        | to_entries
        | map({ name: .key, version: .value.version })
        | sort_by(.name)[]
      '
+ exitcode=0
+ set -e
+ [[ 0 != \0 ]]
++ jq -sr 'map(select(.name == "tailwindcss")) | first | .version'
+ tailwind_package_version=3.4.1
+ tailwind_config_exporter=tailwind.config.exporter2.cjs
+ '[' -f node_modules/tailwindcss/lib/lib/load-config.js ']'
+ cp /twcr/worker/../worker/tailwind.config.exporter2.cjs ./
+ set +e
+ node ./tailwind.config.exporter2.cjs tailwind.config.js
+ exitcode=0
+ set -e
+ [[ 0 != \0 ]]
+ echo 'module.exports={plugins:['
+ jq -rs '
        map(select(.name | startswith("@tailwindcss/")))
        | map("require(" + ( .name | tojson ) + "),")[]
      '
+ grep -Ev '"@tailwindcss/postcss7-compat"'
+ echo ']}'
+ cat tailwind.config.js
+ sed 's/^/>>> /'
>>> module.exports={plugins:[
>>> require("@tailwindcss/container-queries"),
>>> require("@tailwindcss/line-clamp"),
>>> ]}
+ node ./tailwind.config.exporter2.cjs tailwind.config.js
++ date -u +%Y-%m-%dT%H:%M:%SZ
+ writetaskstat timestamp_attempt_squash_end 2024-03-05T02:34:44Z
+ jq -nc --arg key timestamp_attempt_squash_end --arg value 2024-03-05T02:34:44Z '{ key: $key, value: $value }'
+ break
++ date -u +%Y-%m-%dT%H:%M:%SZ
+ writetaskstat timestamp_end 2024-03-05T02:34:44Z
+ jq -nc --arg key timestamp_end --arg value 2024-03-05T02:34:44Z '{ key: $key, value: $value }'
+ rm /twcr/mnt/results/extract-failed
+ touch /twcr/mnt/results/extract-completed
