==== RUN-DOCKER
+++ dirname -- ./worker/run.sh
++ cd -- ./worker
++ pwd
+ twcrdir=/twcr/worker/..
+ repo=github.com/bernaferrari/FigmaToCode
+ reporef=main
+ repopath=./packages/plugin-ui
+ '[' true == true ']'
+ grep -q '^././'
++ echo github.com/bernaferrari/FigmaToCode
++ sha256sum
++ awk '{ print $1 }'
++ cut -c1-12
+ procdir=/tmp/twcr-2e3a196528b9
++ echo 'github.com/bernaferrari/FigmaToCode;main;./packages/plugin-ui'
++ sha256sum
++ awk '{ print $1 }'
++ cut -c1-12
+ datadir=/twcr/worker/../mnt/dataset/data/fbc2ea1294d5
+ '[' '!' -z /twcr/mnt/results ']'
+ datadir=/twcr/mnt/results
+ touch /twcr/mnt/results/extract-failed
++ base64
++ tr -d =
++ tr /+ _-
++ base64
++ tr -d =
++ tr /+ _-
+ writetaskstat analysis_key github.com/bernaferrari/FigmaToCode/bWFpbgo/Li9wYWNrYWdlcy9wbHVnaW4tdWkK
+ jq -nc --arg key analysis_key --arg value github.com/bernaferrari/FigmaToCode/bWFpbgo/Li9wYWNrYWdlcy9wbHVnaW4tdWkK '{ key: $key, value: $value }'
++ date -u +%Y%m%d%H%M%S
++ sha256sum
++ awk '{ print $1 }'
++ cut -c1-16
++ head -c 32 /dev/urandom
+ writetaskstat analysis_nonce dc0926062d033a04
+ jq -nc --arg key analysis_nonce --arg value dc0926062d033a04 '{ key: $key, value: $value }'
+ writetaskstat input_repo_name github.com/bernaferrari/FigmaToCode
+ jq -nc --arg key input_repo_name --arg value github.com/bernaferrari/FigmaToCode '{ key: $key, value: $value }'
+ writetaskstat input_repo_ref main
+ jq -nc --arg key input_repo_ref --arg value main '{ key: $key, value: $value }'
+ writetaskstat input_repo_path ./packages/plugin-ui
+ jq -nc --arg key input_repo_path --arg value ./packages/plugin-ui '{ key: $key, value: $value }'
++ date -u +%Y-%m-%dT%H:%M:%SZ
+ writetaskstat timestamp_begin 2024-03-04T02:06:31Z
+ jq -nc --arg key timestamp_begin --arg value 2024-03-04T02:06:31Z '{ key: $key, value: $value }'
+ mkdir -p /tmp/twcr-2e3a196528b9
/tmp/twcr-2e3a196528b9 /twcr
+ pushd /tmp/twcr-2e3a196528b9
+ '[' -d .git ']'
+ git clone --depth=1 -b main https://github.com/bernaferrari/FigmaToCode.git .
Cloning into '.'...
++ date -u +%Y-%m-%dT%H:%M:%SZ
+ writetaskstat timestamp_git_clone_complete 2024-03-04T02:06:32Z
+ jq -nc --arg key timestamp_git_clone_complete --arg value 2024-03-04T02:06:32Z '{ key: $key, value: $value }'
++ git rev-parse HEAD
+ writetaskstat exec_repo_commit_sha 9e028ffee34293695ea477594cc177cb0448f2c8
+ jq -nc --arg key exec_repo_commit_sha --arg value 9e028ffee34293695ea477594cc177cb0448f2c8 '{ key: $key, value: $value }'
+++ git show --no-patch --format=%ci
++ date -u --date '2024-01-25 21:11:13 -0300' +%Y-%m-%dT%H:%M:%SZ
+ writetaskstat exec_repo_commit_date 2024-01-26T00:11:13Z
+ jq -nc --arg key exec_repo_commit_date --arg value 2024-01-26T00:11:13Z '{ key: $key, value: $value }'
/tmp/twcr-2e3a196528b9/packages/plugin-ui /tmp/twcr-2e3a196528b9 /twcr
+ '[' -z ./packages/plugin-ui ']'
+ pushd ./packages/plugin-ui
+ tailwind_config_file_name=
+ '[' -f tailwind.config.js ']'
+ tailwind_config_file_name=tailwind.config.js
+ writetaskstat exec_tailwind_config_file tailwind.config.js
+ jq -nc --arg key exec_tailwind_config_file --arg value tailwind.config.js '{ key: $key, value: $value }'
+ cp tailwind.config.js /twcr/mnt/results/extract-raw-tailwind-config.js
+ '[' '!' -f package.json ']'
+ cp package.json /twcr/mnt/results/extract-raw-package.json
++ /twcr/worker/../worker/pm-detect.sh /tmp/twcr-2e3a196528b9/packages/plugin-ui
+ package_manager_name=
+ '[' -z '' ']'
+ '[' ./packages/plugin-ui '!=' ./ ']'
++ /twcr/worker/../worker/pm-detect.sh /tmp/twcr-2e3a196528b9
+ package_manager_name=pnpm
+ '[' -z pnpm ']'
+ writetaskstat exec_node_package_manager pnpm
+ jq -nc --arg key exec_node_package_manager --arg value pnpm '{ key: $key, value: $value }'
+ attempt_mode=squash
+ true
++ date -u +%Y-%m-%dT%H:%M:%SZ
+ writetaskstat timestamp_attempt_squash_begin 2024-03-04T02:06:33Z
+ jq -nc --arg key timestamp_attempt_squash_begin --arg value 2024-03-04T02:06:33Z '{ key: $key, value: $value }'
+ [[ squash == \s\q\u\a\s\h ]]
+ set +e
+ node /twcr/worker/../worker/squash-package.mjs tailwind.config.js
+ exitcode=0
+ set -e
+ [[ 0 != \0 ]]
+ cat package.json
+ sed 's/^/>>> /'
>>> {
>>>   "name": "plugin-ui",
>>>   "version": "0.0.0",
>>>   "private": true,
>>>   "license": "MIT",
>>>   "sideEffects": false,
>>>   "main": "./src/index.tsx",
>>>   "types": "./src/index.tsx",
>>>   "dependencies": {
>>>     "tailwindcss": "3.4.1"
>>>   },
>>>   "devDependencies": {}
>>> }+ rm -f package-lock.json pnpm-lock.yaml yarn.lock
+ '[' ./packages/plugin-ui '!=' ./ ']'
+ rm -f /tmp/twcr-2e3a196528b9/package.json /tmp/twcr-2e3a196528b9/package-lock.json /tmp/twcr-2e3a196528b9/pnpm-lock.yaml /tmp/twcr-2e3a196528b9/yarn.lock
+ set +e
+ /twcr/worker/../worker/pm-install.sh pnpm /tmp/twcr-2e3a196528b9 /twcr/mnt/results
+ package_manager_name=pnpm
+ procdir=/tmp/twcr-2e3a196528b9
+ datadir=/twcr/mnt/results
+ case "${package_manager_name}" in
+ '[' '!' -f /tmp/twcr-2e3a196528b9/package.json ']'
+ '[' '!' -f package.json ']'
++ pnpm -v
+ sed -Ei 's/("pnpm": ")(.+)(")/\18.15.4\3/' package.json
+ pnpm install
Scope: all 6 workspace projects
../..                                    | Progress: resolved 1, reused 0, downloaded 0, added 0
../..                                    | Progress: resolved 14, reused 0, downloaded 11, added 0
../..                                    | Progress: resolved 25, reused 0, downloaded 23, added 0
../..                                    | Progress: resolved 40, reused 0, downloaded 26, added 0
../..                                    | Progress: resolved 59, reused 0, downloaded 53, added 0
../..                                    | Progress: resolved 82, reused 0, downloaded 63, added 0
../..                                    | Progress: resolved 86, reused 0, downloaded 70, added 0
../..                                    | Progress: resolved 101, reused 0, downloaded 79, added 0
../..                                    | Progress: resolved 121, reused 0, downloaded 90, added 0
../..                                    | Progress: resolved 146, reused 0, downloaded 103, added 0
../..                                    | Progress: resolved 174, reused 0, downloaded 123, added 0
../..                                    | Progress: resolved 189, reused 0, downloaded 141, added 0
../..                                    | Progress: resolved 213, reused 0, downloaded 164, added 0
../..                                    | Progress: resolved 246, reused 0, downloaded 185, added 0
../..                                    | Progress: resolved 280, reused 0, downloaded 213, added 0
../..                                    | Progress: resolved 308, reused 0, downloaded 239, added 0
../..                                    | Progress: resolved 337, reused 0, downloaded 263, added 0
../..                                    | Progress: resolved 359, reused 0, downloaded 286, added 0
../..                                    | Progress: resolved 392, reused 0, downloaded 314, added 0
../..                                    | Progress: resolved 421, reused 0, downloaded 344, added 0
../..                                    | Progress: resolved 450, reused 0, downloaded 362, added 0
../..                                    | Progress: resolved 469, reused 0, downloaded 391, added 0
../..                                    | Progress: resolved 501, reused 0, downloaded 411, added 0
../..                                    | +458 ++++++++++++++++++++++++++++++++
../..                                    | Progress: resolved 507, reused 0, downloaded 444, added 106
../..                                    | Progress: resolved 507, reused 0, downloaded 458, added 458, done
.../node_modules/@swc/core postinstall$ node postinstall.js
.../esbuild@0.19.12/node_modules/esbuild postinstall$ node install.js
.../node_modules/@swc/core postinstall: Done
.../esbuild@0.19.12/node_modules/esbuild postinstall: Done

dependencies:
+ tailwindcss 3.4.1

Done in 28.3s
+ pnpm ls --json
+ jq -cr '
        .[]
        | [.dependencies, .devDependencies, .optionalDependencies]
        | map(select(.))[]
        | to_entries
        | map({ name: .key, version: .value.version })
        | sort_by(.name)[]
      '
+ exitcode=0
+ set -e
+ [[ 0 != \0 ]]
++ jq -sr 'map(select(.name == "tailwindcss")) | first | .version'
+ tailwind_package_version=3.4.1
+ tailwind_config_exporter=tailwind.config.exporter2.cjs
+ '[' -f node_modules/tailwindcss/lib/lib/load-config.js ']'
+ tailwind_config_exporter=tailwind.config.exporter3.mjs
+ cp /twcr/worker/../worker/tailwind.config.exporter3.mjs ./
+ set +e
+ node ./tailwind.config.exporter3.mjs tailwind.config.js
+ exitcode=0
+ set -e
+ [[ 0 != \0 ]]
+ echo 'module.exports={plugins:['
+ jq -rs '
        map(select(.name | startswith("@tailwindcss/")))
        | map("require(" + ( .name | tojson ) + "),")[]
+ grep -Ev '"@tailwindcss/postcss7-compat"'
      '
+ true
+ echo ']}'
+ cat tailwind.config.js
+ sed 's/^/>>> /'
>>> module.exports={plugins:[
>>> ]}
+ node ./tailwind.config.exporter3.mjs tailwind.config.js
++ date -u +%Y-%m-%dT%H:%M:%SZ
+ writetaskstat timestamp_attempt_squash_end 2024-03-04T02:07:03Z
+ jq -nc --arg key timestamp_attempt_squash_end --arg value 2024-03-04T02:07:03Z '{ key: $key, value: $value }'
+ break
++ date -u +%Y-%m-%dT%H:%M:%SZ
+ writetaskstat timestamp_end 2024-03-04T02:07:03Z
+ jq -nc --arg key timestamp_end --arg value 2024-03-04T02:07:03Z '{ key: $key, value: $value }'
+ rm /twcr/mnt/results/extract-failed
+ touch /twcr/mnt/results/extract-completed
