==== RUN-DOCKER
+++ dirname -- ./worker/run.sh
++ cd -- ./worker
++ pwd
+ twcrdir=/twcr/worker/..
+ repo=github.com/dpb587/dpb587.me
+ reporef=master
+ repopath=./themes/dpb587-20210315a
+ '[' true == true ']'
+ grep -q '^././'
++ echo github.com/dpb587/dpb587.me
++ sha256sum
++ awk '{ print $1 }'
++ cut -c1-12
+ procdir=/tmp/twcr-0f00c9d279ef
++ echo 'github.com/dpb587/dpb587.me;master;./themes/dpb587-20210315a'
++ sha256sum
++ awk '{ print $1 }'
++ cut -c1-12
+ datadir=/twcr/worker/../mnt/dataset/data/0ee2e353706a
+ '[' '!' -z /twcr/mnt/results ']'
+ datadir=/twcr/mnt/results
+ touch /twcr/mnt/results/extract-failed
++ base64
++ tr -d =
++ tr /+ _-
++ base64
++ tr -d =
++ tr /+ _-
+ writetaskstat analysis_key github.com/dpb587/dpb587.me/bWFzdGVyCg/Li90aGVtZXMvZHBiNTg3LTIwMjEwMzE1YQo
+ jq -nc --arg key analysis_key --arg value github.com/dpb587/dpb587.me/bWFzdGVyCg/Li90aGVtZXMvZHBiNTg3LTIwMjEwMzE1YQo '{ key: $key, value: $value }'
++ date -u +%Y%m%d%H%M%S
++ sha256sum
++ awk '{ print $1 }'
++ cut -c1-16
++ head -c 32 /dev/urandom
+ writetaskstat analysis_nonce a0a1e62f80355c0d
+ jq -nc --arg key analysis_nonce --arg value a0a1e62f80355c0d '{ key: $key, value: $value }'
+ writetaskstat input_repo_name github.com/dpb587/dpb587.me
+ jq -nc --arg key input_repo_name --arg value github.com/dpb587/dpb587.me '{ key: $key, value: $value }'
+ writetaskstat input_repo_ref master
+ jq -nc --arg key input_repo_ref --arg value master '{ key: $key, value: $value }'
+ writetaskstat input_repo_path ./themes/dpb587-20210315a
+ jq -nc --arg key input_repo_path --arg value ./themes/dpb587-20210315a '{ key: $key, value: $value }'
++ date -u +%Y-%m-%dT%H:%M:%SZ
+ writetaskstat timestamp_begin 2024-03-04T10:42:35Z
+ jq -nc --arg key timestamp_begin --arg value 2024-03-04T10:42:35Z '{ key: $key, value: $value }'
+ mkdir -p /tmp/twcr-0f00c9d279ef
+ pushd /tmp/twcr-0f00c9d279ef
+ '[' -d .git ']'
+ git clone --depth=1 -b master https://github.com/dpb587/dpb587.me.git .
/tmp/twcr-0f00c9d279ef /twcr
Cloning into '.'...
++ date -u +%Y-%m-%dT%H:%M:%SZ
+ writetaskstat timestamp_git_clone_complete 2024-03-04T10:42:36Z
+ jq -nc --arg key timestamp_git_clone_complete --arg value 2024-03-04T10:42:36Z '{ key: $key, value: $value }'
++ git rev-parse HEAD
+ writetaskstat exec_repo_commit_sha d5c9f04fec2105285c09d6678fef47acbd066d02
+ jq -nc --arg key exec_repo_commit_sha --arg value d5c9f04fec2105285c09d6678fef47acbd066d02 '{ key: $key, value: $value }'
+++ git show --no-patch --format=%ci
++ date -u --date '2023-05-03 19:22:19 -0600' +%Y-%m-%dT%H:%M:%SZ
+ writetaskstat exec_repo_commit_date 2023-05-04T01:22:19Z
+ jq -nc --arg key exec_repo_commit_date --arg value 2023-05-04T01:22:19Z '{ key: $key, value: $value }'
+ '[' -z ./themes/dpb587-20210315a ']'
+ pushd ./themes/dpb587-20210315a
+ tailwind_config_file_name=
+ '[' -f tailwind.config.js ']'
+ tailwind_config_file_name=tailwind.config.js
+ writetaskstat exec_tailwind_config_file tailwind.config.js
+ jq -nc --arg key exec_tailwind_config_file --arg value tailwind.config.js '{ key: $key, value: $value }'
/tmp/twcr-0f00c9d279ef/themes/dpb587-20210315a /tmp/twcr-0f00c9d279ef /twcr
+ cp tailwind.config.js /twcr/mnt/results/extract-raw-tailwind-config.js
+ '[' '!' -f package.json ']'
+ cp package.json /twcr/mnt/results/extract-raw-package.json
++ /twcr/worker/../worker/pm-detect.sh /tmp/twcr-0f00c9d279ef/themes/dpb587-20210315a
+ package_manager_name=
+ '[' -z '' ']'
+ '[' ./themes/dpb587-20210315a '!=' ./ ']'
++ /twcr/worker/../worker/pm-detect.sh /tmp/twcr-0f00c9d279ef
grep: /tmp/twcr-0f00c9d279ef/package.json: No such file or directory
grep: /tmp/twcr-0f00c9d279ef/package.json: No such file or directory
grep: /tmp/twcr-0f00c9d279ef/package.json: No such file or directory
/twcr/worker/../worker/pm-detect.sh: line 17: /tmp/twcr-0f00c9d279ef/package.json: No such file or directory
+ package_manager_name=
+ '[' -z '' ']'
+ package_manager_name=npm
+ writetaskstat exec_node_package_manager npm
+ jq -nc --arg key exec_node_package_manager --arg value npm '{ key: $key, value: $value }'
+ attempt_mode=squash
+ true
++ date -u +%Y-%m-%dT%H:%M:%SZ
+ writetaskstat timestamp_attempt_squash_begin 2024-03-04T10:42:36Z
+ jq -nc --arg key timestamp_attempt_squash_begin --arg value 2024-03-04T10:42:36Z '{ key: $key, value: $value }'
+ [[ squash == \s\q\u\a\s\h ]]
+ set +e
+ node /twcr/worker/../worker/squash-package.mjs tailwind.config.js
+ exitcode=0
+ set -e
+ [[ 0 != \0 ]]
+ cat package.json
+ sed 's/^/>>> /'
+ rm -f package-lock.json pnpm-lock.yaml yarn.lock
>>> {
>>>   "name": "dpb587-20210401a",
>>>   "version": "1.0.0",
>>>   "description": "",
>>>   "main": "index.js",
>>>   "author": "",
>>>   "license": "ISC",
>>>   "devDependencies": {
>>>     "@tailwindcss/typography": "^0.4.0",
>>>     "tailwindcss": "^2.0.3"
>>>   }
>>> }+ '[' ./themes/dpb587-20210315a '!=' ./ ']'
+ rm -f /tmp/twcr-0f00c9d279ef/package.json /tmp/twcr-0f00c9d279ef/package-lock.json /tmp/twcr-0f00c9d279ef/pnpm-lock.yaml /tmp/twcr-0f00c9d279ef/yarn.lock
+ set +e
+ /twcr/worker/../worker/pm-install.sh npm /tmp/twcr-0f00c9d279ef /twcr/mnt/results
+ package_manager_name=npm
+ procdir=/tmp/twcr-0f00c9d279ef
+ datadir=/twcr/mnt/results
+ case "${package_manager_name}" in
++ '[' -f package-lock.json ']'
++ echo install
+ npm install --ignore-engines

added 147 packages, and audited 148 packages in 5s

28 packages are looking for funding
  run `npm fund` for details

found 0 vulnerabilities
npm notice 
npm notice New minor version of npm available! 10.2.4 -> 10.5.0
npm notice Changelog: <https://github.com/npm/cli/releases/tag/v10.5.0>
npm notice Run `npm install -g npm@10.5.0` to update!
npm notice 
+ npm query '*'
+ jq -cr '
        map({ name: .name, version: .version })
        | map(select(.name))
        | sort_by(.name)[]
      '
+ exitcode=0
+ set -e
+ [[ 0 != \0 ]]
++ jq -sr 'map(select(.name == "tailwindcss")) | first | .version'
+ tailwind_package_version=2.2.19
+ tailwind_config_exporter=tailwind.config.exporter2.cjs
+ '[' -f node_modules/tailwindcss/lib/lib/load-config.js ']'
+ cp /twcr/worker/../worker/tailwind.config.exporter2.cjs ./
+ set +e
+ node ./tailwind.config.exporter2.cjs tailwind.config.js
+ exitcode=0
+ set -e
+ [[ 0 != \0 ]]
+ echo 'module.exports={plugins:['
+ jq -rs '
        map(select(.name | startswith("@tailwindcss/")))
        | map("require(" + ( .name | tojson ) + "),")[]
      '
+ grep -Ev '"@tailwindcss/postcss7-compat"'
+ echo ']}'
+ cat tailwind.config.js
+ sed 's/^/>>> /'
>>> module.exports={plugins:[
>>> require("@tailwindcss/typography"),
>>> ]}
+ node ./tailwind.config.exporter2.cjs tailwind.config.js
++ date -u +%Y-%m-%dT%H:%M:%SZ
+ writetaskstat timestamp_attempt_squash_end 2024-03-04T10:42:43Z
+ jq -nc --arg key timestamp_attempt_squash_end --arg value 2024-03-04T10:42:43Z '{ key: $key, value: $value }'
+ break
++ date -u +%Y-%m-%dT%H:%M:%SZ
+ writetaskstat timestamp_end 2024-03-04T10:42:43Z
+ jq -nc --arg key timestamp_end --arg value 2024-03-04T10:42:43Z '{ key: $key, value: $value }'
+ rm /twcr/mnt/results/extract-failed
+ touch /twcr/mnt/results/extract-completed
