==== RUN-DOCKER
+++ dirname -- ./worker/run.sh
++ cd -- ./worker
++ pwd
+ twcrdir=/twcr/worker/..
+ repo=github.com/teal-finance/quid
+ reporef=main
+ repopath=./ui
+ '[' true == true ']'
+ grep -q '^././'
++ echo github.com/teal-finance/quid
++ sha256sum
++ awk '{ print $1 }'
++ cut -c1-12
+ procdir=/tmp/twcr-cafea61a5307
++ echo 'github.com/teal-finance/quid;main;./ui'
++ sha256sum
++ awk '{ print $1 }'
++ cut -c1-12
+ datadir=/twcr/worker/../mnt/dataset/data/3427075dfb62
+ '[' '!' -z /twcr/mnt/results ']'
+ datadir=/twcr/mnt/results
+ touch /twcr/mnt/results/extract-failed
++ base64
++ tr -d =
++ tr /+ _-
++ base64
++ tr -d =
++ tr /+ _-
+ writetaskstat analysis_key github.com/teal-finance/quid/bWFpbgo/Li91aQo
+ jq -nc --arg key analysis_key --arg value github.com/teal-finance/quid/bWFpbgo/Li91aQo '{ key: $key, value: $value }'
++ date -u +%Y%m%d%H%M%S
++ sha256sum
++ awk '{ print $1 }'
++ cut -c1-16
++ head -c 32 /dev/urandom
+ writetaskstat analysis_nonce a741a5fdc26cec8a
+ jq -nc --arg key analysis_nonce --arg value a741a5fdc26cec8a '{ key: $key, value: $value }'
+ writetaskstat input_repo_name github.com/teal-finance/quid
+ jq -nc --arg key input_repo_name --arg value github.com/teal-finance/quid '{ key: $key, value: $value }'
+ writetaskstat input_repo_ref main
+ jq -nc --arg key input_repo_ref --arg value main '{ key: $key, value: $value }'
+ writetaskstat input_repo_path ./ui
+ jq -nc --arg key input_repo_path --arg value ./ui '{ key: $key, value: $value }'
++ date -u +%Y-%m-%dT%H:%M:%SZ
+ writetaskstat timestamp_begin 2024-03-05T10:11:53Z
+ jq -nc --arg key timestamp_begin --arg value 2024-03-05T10:11:53Z '{ key: $key, value: $value }'
+ mkdir -p /tmp/twcr-cafea61a5307
/tmp/twcr-cafea61a5307 /twcr
+ pushd /tmp/twcr-cafea61a5307
+ '[' -d .git ']'
+ git clone --depth=1 -b main https://github.com/teal-finance/quid.git .
Cloning into '.'...
++ date -u +%Y-%m-%dT%H:%M:%SZ
+ writetaskstat timestamp_git_clone_complete 2024-03-05T10:11:54Z
+ jq -nc --arg key timestamp_git_clone_complete --arg value 2024-03-05T10:11:54Z '{ key: $key, value: $value }'
++ git rev-parse HEAD
+ writetaskstat exec_repo_commit_sha 9c9b3ff5e887416bee3209e4acdcb56c5bd6cbc7
+ jq -nc --arg key exec_repo_commit_sha --arg value 9c9b3ff5e887416bee3209e4acdcb56c5bd6cbc7 '{ key: $key, value: $value }'
+++ git show --no-patch --format=%ci
++ date -u --date '2023-02-16 07:16:29 +0100' +%Y-%m-%dT%H:%M:%SZ
+ writetaskstat exec_repo_commit_date 2023-02-16T06:16:29Z
+ jq -nc --arg key exec_repo_commit_date --arg value 2023-02-16T06:16:29Z '{ key: $key, value: $value }'
/tmp/twcr-cafea61a5307/ui /tmp/twcr-cafea61a5307 /twcr
+ '[' -z ./ui ']'
+ pushd ./ui
+ tailwind_config_file_name=
+ '[' -f tailwind.config.js ']'
+ tailwind_config_file_name=tailwind.config.js
+ writetaskstat exec_tailwind_config_file tailwind.config.js
+ jq -nc --arg key exec_tailwind_config_file --arg value tailwind.config.js '{ key: $key, value: $value }'
+ cp tailwind.config.js /twcr/mnt/results/extract-raw-tailwind-config.js
+ '[' '!' -f package.json ']'
+ cp package.json /twcr/mnt/results/extract-raw-package.json
++ /twcr/worker/../worker/pm-detect.sh /tmp/twcr-cafea61a5307/ui
+ package_manager_name=yarn
+ '[' -z yarn ']'
+ '[' -z yarn ']'
+ writetaskstat exec_node_package_manager yarn
+ jq -nc --arg key exec_node_package_manager --arg value yarn '{ key: $key, value: $value }'
+ attempt_mode=squash
+ true
++ date -u +%Y-%m-%dT%H:%M:%SZ
+ writetaskstat timestamp_attempt_squash_begin 2024-03-05T10:11:54Z
+ jq -nc --arg key timestamp_attempt_squash_begin --arg value 2024-03-05T10:11:54Z '{ key: $key, value: $value }'
+ [[ squash == \s\q\u\a\s\h ]]
+ set +e
+ node /twcr/worker/../worker/squash-package.mjs tailwind.config.js
+ exitcode=0
+ set -e
+ [[ 0 != \0 ]]
+ cat package.json
+ sed 's/^/>>> /'
+ rm -f package-lock.json pnpm-lock.yaml yarn.lock
>>> {
>>>   "name": "quid-admin-ui",
>>>   "version": "0.0.3",
>>>   "dependencies": {},
>>>   "devDependencies": {
>>>     "@snowind/plugin": "~0.3.1",
>>>     "@tailwindcss/forms": "~0.5.2",
>>>     "tailwindcss": "~3.1.5",
>>>     "tailwindcss-semantic-colors": "~0.2.0"
>>>   },
>>>   "engines": {
>>>     "node": "^12.22.0 || ^14.17.0 || >=16.0.0"
>>>   },
>>>   "packageManager": "yarn@1.22.17+",
>>>   "private": false,
>>>   "license": "AGPL-3.0-or-later",
>>>   "homepage": "https://Teal.Finance",
>>>   "author": {
>>>     "name": "Teal.Finance/Quid contributors",
>>>     "email": "Teal.Finance@pm.me",
>>>     "url": "https://github.com/teal-finance/quid/graphs/contributors"
>>>   },
>>>   "repository": {
>>>     "type": "git",
>>>     "url": "https://github.com/teal-finance/quid.git"
>>>   },
>>>   "bugs": {
>>>     "url": "https://github.com/teal-finance/quid/issues"
>>>   }
>>> }+ '[' ./ui '!=' ./ ']'
+ rm -f /tmp/twcr-cafea61a5307/package.json /tmp/twcr-cafea61a5307/package-lock.json /tmp/twcr-cafea61a5307/pnpm-lock.yaml /tmp/twcr-cafea61a5307/yarn.lock
+ set +e
+ /twcr/worker/../worker/pm-install.sh yarn /tmp/twcr-cafea61a5307 /twcr/mnt/results
+ package_manager_name=yarn
+ procdir=/tmp/twcr-cafea61a5307
+ datadir=/twcr/mnt/results
+ case "${package_manager_name}" in
+ '[' -z http://tid_095c78b5a488:ok@172.18.0.2:3128 ']'
+ yarn config set httpProxy http://tid_095c78b5a488:ok@172.18.0.2:3128
yarn config v1.22.19
success Set "httpProxy" to "http://tid_095c78b5a488:ok@172.18.0.2:3128".
Done in 0.05s.
+ '[' -z http://tid_095c78b5a488:ok@172.18.0.2:3128 ']'
+ yarn config set httpsProxy http://tid_095c78b5a488:ok@172.18.0.2:3128
yarn config v1.22.19
success Set "httpsProxy" to "http://tid_095c78b5a488:ok@172.18.0.2:3128".
Done in 0.04s.
+ yarn install
yarn install v1.22.19
info No lockfile found.
[1/5] Validating package.json...
[2/5] Resolving packages...
(node:132) [DEP0040] DeprecationWarning: The `punycode` module is deprecated. Please use a userland alternative instead.
(Use `node --trace-deprecation ...` to show where the warning was created)
[3/5] Fetching packages...
[4/5] Linking dependencies...
warning " > tailwindcss@3.1.8" has unmet peer dependency "postcss@^8.0.9".
[5/5] Building fresh packages...
success Saved lockfile.
Done in 6.17s.
+ yarn list --depth=0 --json --non-interactive --no-progress
+ jq -cr '
        [.. | .name?]
        | map(select(.))
        | map(capture("^(?<name>@?[^@]+)@(?<version>.+)$"))
        | sort_by(.name)[]'
+ exitcode=0
+ set -e
+ [[ 0 != \0 ]]
++ jq -sr 'map(select(.name == "tailwindcss")) | first | .version'
+ tailwind_package_version=3.1.8
+ tailwind_config_exporter=tailwind.config.exporter2.cjs
+ '[' -f node_modules/tailwindcss/lib/lib/load-config.js ']'
+ cp /twcr/worker/../worker/tailwind.config.exporter2.cjs ./
+ set +e
+ node ./tailwind.config.exporter2.cjs tailwind.config.js
+ exitcode=0
+ set -e
+ [[ 0 != \0 ]]
+ echo 'module.exports={plugins:['
+ jq -rs '
        map(select(.name | startswith("@tailwindcss/")))
        | map("require(" + ( .name | tojson ) + "),")[]
      '
+ grep -Ev '"@tailwindcss/postcss7-compat"'
+ echo ']}'
+ cat tailwind.config.js
+ sed 's/^/>>> /'
>>> module.exports={plugins:[
>>> require("@tailwindcss/forms"),
>>> ]}
+ node ./tailwind.config.exporter2.cjs tailwind.config.js
++ date -u +%Y-%m-%dT%H:%M:%SZ
+ writetaskstat timestamp_attempt_squash_end 2024-03-05T10:12:02Z
+ jq -nc --arg key timestamp_attempt_squash_end --arg value 2024-03-05T10:12:02Z '{ key: $key, value: $value }'
+ break
++ date -u +%Y-%m-%dT%H:%M:%SZ
+ writetaskstat timestamp_end 2024-03-05T10:12:02Z
+ jq -nc --arg key timestamp_end --arg value 2024-03-05T10:12:02Z '{ key: $key, value: $value }'
+ rm /twcr/mnt/results/extract-failed
+ touch /twcr/mnt/results/extract-completed
