==== RUN-DOCKER
+++ dirname -- ./worker/run.sh
++ cd -- ./worker
++ pwd
+ twcrdir=/twcr/worker/..
+ repo=github.com/tailscale/tailscale
+ reporef=main
+ repopath=./cmd/tsconnect
+ '[' true == true ']'
+ grep -q '^././'
++ echo github.com/tailscale/tailscale
++ sha256sum
++ awk '{ print $1 }'
++ cut -c1-12
+ procdir=/tmp/twcr-e0da8ba9da67
++ echo 'github.com/tailscale/tailscale;main;./cmd/tsconnect'
++ sha256sum
++ awk '{ print $1 }'
++ cut -c1-12
+ datadir=/twcr/worker/../mnt/dataset/data/a9630697d1b6
+ '[' '!' -z /twcr/mnt/results ']'
+ datadir=/twcr/mnt/results
+ touch /twcr/mnt/results/extract-failed
++ base64
++ tr -d =
++ tr /+ _-
++ base64
++ tr -d =
++ tr /+ _-
+ writetaskstat analysis_key github.com/tailscale/tailscale/bWFpbgo/Li9jbWQvdHNjb25uZWN0Cg
+ jq -nc --arg key analysis_key --arg value github.com/tailscale/tailscale/bWFpbgo/Li9jbWQvdHNjb25uZWN0Cg '{ key: $key, value: $value }'
++ date -u +%Y%m%d%H%M%S
++ sha256sum
++ awk '{ print $1 }'
++ cut -c1-16
++ head -c 32 /dev/urandom
+ writetaskstat analysis_nonce 516be6fb0302d4f2
+ jq -nc --arg key analysis_nonce --arg value 516be6fb0302d4f2 '{ key: $key, value: $value }'
+ writetaskstat input_repo_name github.com/tailscale/tailscale
+ jq -nc --arg key input_repo_name --arg value github.com/tailscale/tailscale '{ key: $key, value: $value }'
+ writetaskstat input_repo_ref main
+ jq -nc --arg key input_repo_ref --arg value main '{ key: $key, value: $value }'
+ writetaskstat input_repo_path ./cmd/tsconnect
+ jq -nc --arg key input_repo_path --arg value ./cmd/tsconnect '{ key: $key, value: $value }'
++ date -u +%Y-%m-%dT%H:%M:%SZ
+ writetaskstat timestamp_begin 2024-03-04T00:48:19Z
+ jq -nc --arg key timestamp_begin --arg value 2024-03-04T00:48:19Z '{ key: $key, value: $value }'
+ mkdir -p /tmp/twcr-e0da8ba9da67
+ pushd /tmp/twcr-e0da8ba9da67
+ '[' -d .git ']'
+ git clone --depth=1 -b main https://github.com/tailscale/tailscale.git .
/tmp/twcr-e0da8ba9da67 /twcr
Cloning into '.'...
++ date -u +%Y-%m-%dT%H:%M:%SZ
+ writetaskstat timestamp_git_clone_complete 2024-03-04T00:48:20Z
+ jq -nc --arg key timestamp_git_clone_complete --arg value 2024-03-04T00:48:20Z '{ key: $key, value: $value }'
++ git rev-parse HEAD
+ writetaskstat exec_repo_commit_sha 232a2d627c54a95737a1491c7d381323f1c9690b
+ jq -nc --arg key exec_repo_commit_sha --arg value 232a2d627c54a95737a1491c7d381323f1c9690b '{ key: $key, value: $value }'
+++ git show --no-patch --format=%ci
++ date -u --date '2024-03-01 17:42:19 -0600' +%Y-%m-%dT%H:%M:%SZ
+ writetaskstat exec_repo_commit_date 2024-03-01T23:42:19Z
+ jq -nc --arg key exec_repo_commit_date --arg value 2024-03-01T23:42:19Z '{ key: $key, value: $value }'
/tmp/twcr-e0da8ba9da67/cmd/tsconnect /tmp/twcr-e0da8ba9da67 /twcr
+ '[' -z ./cmd/tsconnect ']'
+ pushd ./cmd/tsconnect
+ tailwind_config_file_name=
+ '[' -f tailwind.config.js ']'
+ tailwind_config_file_name=tailwind.config.js
+ writetaskstat exec_tailwind_config_file tailwind.config.js
+ jq -nc --arg key exec_tailwind_config_file --arg value tailwind.config.js '{ key: $key, value: $value }'
+ cp tailwind.config.js /twcr/mnt/results/extract-raw-tailwind-config.js
+ '[' '!' -f package.json ']'
+ cp package.json /twcr/mnt/results/extract-raw-package.json
++ /twcr/worker/../worker/pm-detect.sh /tmp/twcr-e0da8ba9da67/cmd/tsconnect
+ package_manager_name=yarn
+ '[' -z yarn ']'
+ '[' -z yarn ']'
+ writetaskstat exec_node_package_manager yarn
+ jq -nc --arg key exec_node_package_manager --arg value yarn '{ key: $key, value: $value }'
+ attempt_mode=squash
+ true
++ date -u +%Y-%m-%dT%H:%M:%SZ
+ writetaskstat timestamp_attempt_squash_begin 2024-03-04T00:48:20Z
+ jq -nc --arg key timestamp_attempt_squash_begin --arg value 2024-03-04T00:48:20Z '{ key: $key, value: $value }'
+ [[ squash == \s\q\u\a\s\h ]]
+ set +e
+ node /twcr/worker/../worker/squash-package.mjs tailwind.config.js
+ exitcode=0
+ set -e
+ [[ 0 != \0 ]]
+ cat package.json
+ sed 's/^/>>> /'
>>> {
>>>   "name": "tsconnect",
>>>   "version": "0.0.1",
>>>   "license": "BSD-3-Clause",
>>>   "devDependencies": {
>>>     "tailwindcss": "^3.1.6"
>>>   },
>>>   "prettier": {
>>>     "semi": false,
>>>     "printWidth": 80
>>>   }
>>> }+ rm -f package-lock.json pnpm-lock.yaml yarn.lock
+ '[' ./cmd/tsconnect '!=' ./ ']'
+ rm -f /tmp/twcr-e0da8ba9da67/package.json /tmp/twcr-e0da8ba9da67/package-lock.json /tmp/twcr-e0da8ba9da67/pnpm-lock.yaml /tmp/twcr-e0da8ba9da67/yarn.lock
+ set +e
+ /twcr/worker/../worker/pm-install.sh yarn /tmp/twcr-e0da8ba9da67 /twcr/mnt/results
+ package_manager_name=yarn
+ procdir=/tmp/twcr-e0da8ba9da67
+ datadir=/twcr/mnt/results
+ case "${package_manager_name}" in
+ '[' -z http://tid_1d2f0ad0cd5e:ok@172.18.0.2:3128 ']'
+ yarn config set httpProxy http://tid_1d2f0ad0cd5e:ok@172.18.0.2:3128
yarn config v1.22.19
success Set "httpProxy" to "http://tid_1d2f0ad0cd5e:ok@172.18.0.2:3128".
Done in 0.04s.
+ '[' -z http://tid_1d2f0ad0cd5e:ok@172.18.0.2:3128 ']'
+ yarn config set httpsProxy http://tid_1d2f0ad0cd5e:ok@172.18.0.2:3128
yarn config v1.22.19
success Set "httpsProxy" to "http://tid_1d2f0ad0cd5e:ok@172.18.0.2:3128".
Done in 0.04s.
+ yarn install
yarn install v1.22.19
info No lockfile found.
[1/4] Resolving packages...
(node:132) [DEP0040] DeprecationWarning: The `punycode` module is deprecated. Please use a userland alternative instead.
(Use `node --trace-deprecation ...` to show where the warning was created)
[2/4] Fetching packages...
[3/4] Linking dependencies...
[4/4] Building fresh packages...
success Saved lockfile.
Done in 6.12s.
+ yarn list --depth=0 --json --non-interactive --no-progress
+ jq -cr '
        [.. | .name?]
        | map(select(.))
        | map(capture("^(?<name>@?[^@]+)@(?<version>.+)$"))
        | sort_by(.name)[]'
+ exitcode=0
+ set -e
+ [[ 0 != \0 ]]
++ jq -sr 'map(select(.name == "tailwindcss")) | first | .version'
+ tailwind_package_version=3.4.1
+ tailwind_config_exporter=tailwind.config.exporter2.cjs
+ '[' -f node_modules/tailwindcss/lib/lib/load-config.js ']'
+ tailwind_config_exporter=tailwind.config.exporter3.mjs
+ cp /twcr/worker/../worker/tailwind.config.exporter3.mjs ./
+ set +e
+ node ./tailwind.config.exporter3.mjs tailwind.config.js
+ exitcode=0
+ set -e
+ [[ 0 != \0 ]]
+ echo 'module.exports={plugins:['
+ jq -rs '
        map(select(.name | startswith("@tailwindcss/")))
        | map("require(" + ( .name | tojson ) + "),")[]
      '
+ grep -Ev '"@tailwindcss/postcss7-compat"'
+ true
+ echo ']}'
+ cat tailwind.config.js
+ sed 's/^/>>> /'
>>> module.exports={plugins:[
>>> ]}
+ node ./tailwind.config.exporter3.mjs tailwind.config.js
++ date -u +%Y-%m-%dT%H:%M:%SZ
+ writetaskstat timestamp_attempt_squash_end 2024-03-04T00:48:28Z
+ jq -nc --arg key timestamp_attempt_squash_end --arg value 2024-03-04T00:48:28Z '{ key: $key, value: $value }'
+ break
++ date -u +%Y-%m-%dT%H:%M:%SZ
+ writetaskstat timestamp_end 2024-03-04T00:48:28Z
+ jq -nc --arg key timestamp_end --arg value 2024-03-04T00:48:28Z '{ key: $key, value: $value }'
+ rm /twcr/mnt/results/extract-failed
+ touch /twcr/mnt/results/extract-completed
