==== RUN-DOCKER
+++ dirname -- ./worker/run.sh
++ cd -- ./worker
++ pwd
+ twcrdir=/twcr/worker/..
+ repo=github.com/hashgraph/hedera-smart-contracts
+ reporef=main
+ repopath=./system-contract-dapp-playground
+ '[' true == true ']'
+ grep -q '^././'
++ echo github.com/hashgraph/hedera-smart-contracts
++ sha256sum
++ awk '{ print $1 }'
++ cut -c1-12
+ procdir=/tmp/twcr-fe85f2a1749d
++ echo 'github.com/hashgraph/hedera-smart-contracts;main;./system-contract-dapp-playground'
++ sha256sum
++ awk '{ print $1 }'
++ cut -c1-12
+ datadir=/twcr/worker/../mnt/dataset/data/9d4600f82f23
+ '[' '!' -z /twcr/mnt/results ']'
+ datadir=/twcr/mnt/results
+ touch /twcr/mnt/results/extract-failed
++ base64
++ tr -d =
++ tr /+ _-
++ base64
++ tr -d =
++ tr /+ _-
+ writetaskstat analysis_key github.com/hashgraph/hedera-smart-contracts/bWFpbgo/Li9zeXN0ZW0tY29udHJhY3QtZGFwcC1wbGF5Z3JvdW5kCg
+ jq -nc --arg key analysis_key --arg value github.com/hashgraph/hedera-smart-contracts/bWFpbgo/Li9zeXN0ZW0tY29udHJhY3QtZGFwcC1wbGF5Z3JvdW5kCg '{ key: $key, value: $value }'
++ date -u +%Y%m%d%H%M%S
++ sha256sum
++ awk '{ print $1 }'
++ cut -c1-16
++ head -c 32 /dev/urandom
+ writetaskstat analysis_nonce 7261b6d266a5cd73
+ jq -nc --arg key analysis_nonce --arg value 7261b6d266a5cd73 '{ key: $key, value: $value }'
+ writetaskstat input_repo_name github.com/hashgraph/hedera-smart-contracts
+ jq -nc --arg key input_repo_name --arg value github.com/hashgraph/hedera-smart-contracts '{ key: $key, value: $value }'
+ writetaskstat input_repo_ref main
+ jq -nc --arg key input_repo_ref --arg value main '{ key: $key, value: $value }'
+ writetaskstat input_repo_path ./system-contract-dapp-playground
+ jq -nc --arg key input_repo_path --arg value ./system-contract-dapp-playground '{ key: $key, value: $value }'
++ date -u +%Y-%m-%dT%H:%M:%SZ
+ writetaskstat timestamp_begin 2024-03-05T05:28:20Z
+ jq -nc --arg key timestamp_begin --arg value 2024-03-05T05:28:20Z '{ key: $key, value: $value }'
+ mkdir -p /tmp/twcr-fe85f2a1749d
/tmp/twcr-fe85f2a1749d /twcr
+ pushd /tmp/twcr-fe85f2a1749d
+ '[' -d .git ']'
+ git clone --depth=1 -b main https://github.com/hashgraph/hedera-smart-contracts.git .
Cloning into '.'...
++ date -u +%Y-%m-%dT%H:%M:%SZ
+ writetaskstat timestamp_git_clone_complete 2024-03-05T05:28:21Z
+ jq -nc --arg key timestamp_git_clone_complete --arg value 2024-03-05T05:28:21Z '{ key: $key, value: $value }'
++ git rev-parse HEAD
+ writetaskstat exec_repo_commit_sha b7224a1a7fd22725568146acf3ba9ec3d957ec76
+ jq -nc --arg key exec_repo_commit_sha --arg value b7224a1a7fd22725568146acf3ba9ec3d957ec76 '{ key: $key, value: $value }'
+++ git show --no-patch --format=%ci
++ date -u --date '2024-03-01 13:34:07 -0700' +%Y-%m-%dT%H:%M:%SZ
+ writetaskstat exec_repo_commit_date 2024-03-01T20:34:07Z
+ jq -nc --arg key exec_repo_commit_date --arg value 2024-03-01T20:34:07Z '{ key: $key, value: $value }'
/tmp/twcr-fe85f2a1749d/system-contract-dapp-playground /tmp/twcr-fe85f2a1749d /twcr
+ '[' -z ./system-contract-dapp-playground ']'
+ pushd ./system-contract-dapp-playground
+ tailwind_config_file_name=
+ '[' -f tailwind.config.js ']'
+ tailwind_config_file_name=tailwind.config.js
+ writetaskstat exec_tailwind_config_file tailwind.config.js
+ jq -nc --arg key exec_tailwind_config_file --arg value tailwind.config.js '{ key: $key, value: $value }'
+ cp tailwind.config.js /twcr/mnt/results/extract-raw-tailwind-config.js
+ '[' '!' -f package.json ']'
+ cp package.json /twcr/mnt/results/extract-raw-package.json
++ /twcr/worker/../worker/pm-detect.sh /tmp/twcr-fe85f2a1749d/system-contract-dapp-playground
+ package_manager_name=
+ '[' -z '' ']'
+ '[' ./system-contract-dapp-playground '!=' ./ ']'
++ /twcr/worker/../worker/pm-detect.sh /tmp/twcr-fe85f2a1749d
+ package_manager_name=
+ '[' -z '' ']'
+ package_manager_name=npm
+ writetaskstat exec_node_package_manager npm
+ jq -nc --arg key exec_node_package_manager --arg value npm '{ key: $key, value: $value }'
+ attempt_mode=squash
+ true
++ date -u +%Y-%m-%dT%H:%M:%SZ
+ writetaskstat timestamp_attempt_squash_begin 2024-03-05T05:28:21Z
+ jq -nc --arg key timestamp_attempt_squash_begin --arg value 2024-03-05T05:28:21Z '{ key: $key, value: $value }'
+ [[ squash == \s\q\u\a\s\h ]]
+ set +e
+ node /twcr/worker/../worker/squash-package.mjs tailwind.config.js
+ exitcode=0
+ set -e
+ [[ 0 != \0 ]]
+ cat package.json
+ sed 's/^/>>> /'
>>> {
>>>   "name": "@hashgraph/system-contract-dapp-playground",
>>>   "version": "0.1.0",
>>>   "description": "Hedera System Smart Contract Dapp Playground",
>>>   "repository": {
>>>     "type": "git",
>>>     "url": "git+https://github.com/hashgraph/hedera-smart-contracts.git"
>>>   },
>>>   "author": "Hedera Smart Contracts Team",
>>>   "license": "Apache-2.0",
>>>   "bugs": {
>>>     "url": "https://github.com/hashgraph/hedera-smart-contracts/issues"
>>>   },
>>>   "homepage": "https://github.com/hashgraph/hedera-smart-contracts/blob/main/system-contract-dapp-playground/README.md",
>>>   "dependencies": {
>>>     "tailwindcss": "3.3.3"
>>>   },
>>>   "devDependencies": {}
>>> }+ rm -f package-lock.json pnpm-lock.yaml yarn.lock
+ '[' ./system-contract-dapp-playground '!=' ./ ']'
+ rm -f /tmp/twcr-fe85f2a1749d/package.json /tmp/twcr-fe85f2a1749d/package-lock.json /tmp/twcr-fe85f2a1749d/pnpm-lock.yaml /tmp/twcr-fe85f2a1749d/yarn.lock
+ set +e
+ /twcr/worker/../worker/pm-install.sh npm /tmp/twcr-fe85f2a1749d /twcr/mnt/results
+ package_manager_name=npm
+ procdir=/tmp/twcr-fe85f2a1749d
+ datadir=/twcr/mnt/results
+ case "${package_manager_name}" in
++ '[' -f package-lock.json ']'
++ echo install
+ npm install --ignore-engines

added 112 packages, and audited 113 packages in 6s

28 packages are looking for funding
  run `npm fund` for details

found 0 vulnerabilities
npm notice 
npm notice New minor version of npm available! 10.2.4 -> 10.5.0
npm notice Changelog: <https://github.com/npm/cli/releases/tag/v10.5.0>
npm notice Run `npm install -g npm@10.5.0` to update!
npm notice 
+ jq -cr '
        map({ name: .name, version: .version })
        | map(select(.name))
        | sort_by(.name)[]
      '
+ npm query '*'
+ exitcode=0
+ set -e
+ [[ 0 != \0 ]]
++ jq -sr 'map(select(.name == "tailwindcss")) | first | .version'
+ tailwind_package_version=3.3.3
+ tailwind_config_exporter=tailwind.config.exporter2.cjs
+ '[' -f node_modules/tailwindcss/lib/lib/load-config.js ']'
+ tailwind_config_exporter=tailwind.config.exporter3.mjs
+ cp /twcr/worker/../worker/tailwind.config.exporter3.mjs ./
+ set +e
+ node ./tailwind.config.exporter3.mjs tailwind.config.js
+ exitcode=0
+ set -e
+ [[ 0 != \0 ]]
+ echo 'module.exports={plugins:['
+ jq -rs '
        map(select(.name | startswith("@tailwindcss/")))
        | map("require(" + ( .name | tojson ) + "),")[]
      '
+ grep -Ev '"@tailwindcss/postcss7-compat"'
+ true
+ echo ']}'
+ cat tailwind.config.js
+ sed 's/^/>>> /'
>>> module.exports={plugins:[
>>> ]}
+ node ./tailwind.config.exporter3.mjs tailwind.config.js
++ date -u +%Y-%m-%dT%H:%M:%SZ
+ writetaskstat timestamp_attempt_squash_end 2024-03-05T05:28:28Z
+ jq -nc --arg key timestamp_attempt_squash_end --arg value 2024-03-05T05:28:28Z '{ key: $key, value: $value }'
+ break
++ date -u +%Y-%m-%dT%H:%M:%SZ
+ writetaskstat timestamp_end 2024-03-05T05:28:28Z
+ jq -nc --arg key timestamp_end --arg value 2024-03-05T05:28:28Z '{ key: $key, value: $value }'
+ rm /twcr/mnt/results/extract-failed
+ touch /twcr/mnt/results/extract-completed
