==== RUN-DOCKER
+++ dirname -- ./worker/run.sh
++ cd -- ./worker
++ pwd
+ twcrdir=/twcr/worker/..
+ repo=github.com/CrystallizeAPI/boilerplates
+ reporef=main
+ repopath=./components/product-configurator
+ '[' true == true ']'
+ grep -q '^././'
++ echo github.com/CrystallizeAPI/boilerplates
++ sha256sum
++ awk '{ print $1 }'
++ cut -c1-12
+ procdir=/tmp/twcr-38256d659894
++ echo 'github.com/CrystallizeAPI/boilerplates;main;./components/product-configurator'
++ sha256sum
++ awk '{ print $1 }'
++ cut -c1-12
+ datadir=/twcr/worker/../mnt/dataset/data/92b5f474570f
+ '[' '!' -z /twcr/mnt/results ']'
+ datadir=/twcr/mnt/results
+ touch /twcr/mnt/results/extract-failed
++ base64
++ tr -d =
++ tr /+ _-
++ base64
++ tr -d =
++ tr /+ _-
+ writetaskstat analysis_key github.com/CrystallizeAPI/boilerplates/bWFpbgo/Li9jb21wb25lbnRzL3Byb2R1Y3QtY29uZmlndXJhdG9yCg
+ jq -nc --arg key analysis_key --arg value github.com/CrystallizeAPI/boilerplates/bWFpbgo/Li9jb21wb25lbnRzL3Byb2R1Y3QtY29uZmlndXJhdG9yCg '{ key: $key, value: $value }'
++ date -u +%Y%m%d%H%M%S
++ sha256sum
++ awk '{ print $1 }'
++ cut -c1-16
++ head -c 32 /dev/urandom
+ writetaskstat analysis_nonce b435c32de1e098fa
+ jq -nc --arg key analysis_nonce --arg value b435c32de1e098fa '{ key: $key, value: $value }'
+ writetaskstat input_repo_name github.com/CrystallizeAPI/boilerplates
+ jq -nc --arg key input_repo_name --arg value github.com/CrystallizeAPI/boilerplates '{ key: $key, value: $value }'
+ writetaskstat input_repo_ref main
+ jq -nc --arg key input_repo_ref --arg value main '{ key: $key, value: $value }'
+ writetaskstat input_repo_path ./components/product-configurator
+ jq -nc --arg key input_repo_path --arg value ./components/product-configurator '{ key: $key, value: $value }'
++ date -u +%Y-%m-%dT%H:%M:%SZ
+ writetaskstat timestamp_begin 2024-03-04T11:00:24Z
+ jq -nc --arg key timestamp_begin --arg value 2024-03-04T11:00:24Z '{ key: $key, value: $value }'
+ mkdir -p /tmp/twcr-38256d659894
+ pushd /tmp/twcr-38256d659894
+ '[' -d .git ']'
+ git clone --depth=1 -b main https://github.com/CrystallizeAPI/boilerplates.git .
/tmp/twcr-38256d659894 /twcr
Cloning into '.'...
++ date -u +%Y-%m-%dT%H:%M:%SZ
+ writetaskstat timestamp_git_clone_complete 2024-03-04T11:00:30Z
+ jq -nc --arg key timestamp_git_clone_complete --arg value 2024-03-04T11:00:30Z '{ key: $key, value: $value }'
++ git rev-parse HEAD
+ writetaskstat exec_repo_commit_sha 8a162e403af8d06cf168389c08be9a89c6dca97d
+ jq -nc --arg key exec_repo_commit_sha --arg value 8a162e403af8d06cf168389c08be9a89c6dca97d '{ key: $key, value: $value }'
+++ git show --no-patch --format=%ci
++ date -u --date '2024-02-23 15:02:29 +0100' +%Y-%m-%dT%H:%M:%SZ
+ writetaskstat exec_repo_commit_date 2024-02-23T14:02:29Z
+ jq -nc --arg key exec_repo_commit_date --arg value 2024-02-23T14:02:29Z '{ key: $key, value: $value }'
/tmp/twcr-38256d659894/components/product-configurator /tmp/twcr-38256d659894 /twcr
+ '[' -z ./components/product-configurator ']'
+ pushd ./components/product-configurator
+ tailwind_config_file_name=
+ '[' -f tailwind.config.js ']'
+ '[' -f tailwind.config.cjs ']'
+ '[' -f tailwind.config.mjs ']'
+ '[' -f tailwind.config.ts ']'
+ tailwind_config_file_name=tailwind.config.ts
+ writetaskstat exec_tailwind_config_file tailwind.config.ts
+ jq -nc --arg key exec_tailwind_config_file --arg value tailwind.config.ts '{ key: $key, value: $value }'
+ cp tailwind.config.ts /twcr/mnt/results/extract-raw-tailwind-config.js
+ '[' '!' -f package.json ']'
+ cp package.json /twcr/mnt/results/extract-raw-package.json
++ /twcr/worker/../worker/pm-detect.sh /tmp/twcr-38256d659894/components/product-configurator
+ package_manager_name=pnpm
+ '[' -z pnpm ']'
+ '[' -z pnpm ']'
+ writetaskstat exec_node_package_manager pnpm
+ jq -nc --arg key exec_node_package_manager --arg value pnpm '{ key: $key, value: $value }'
+ attempt_mode=squash
+ true
++ date -u +%Y-%m-%dT%H:%M:%SZ
+ writetaskstat timestamp_attempt_squash_begin 2024-03-04T11:00:30Z
+ jq -nc --arg key timestamp_attempt_squash_begin --arg value 2024-03-04T11:00:30Z '{ key: $key, value: $value }'
+ [[ squash == \s\q\u\a\s\h ]]
+ set +e
+ node /twcr/worker/../worker/squash-package.mjs tailwind.config.ts
+ exitcode=0
+ set -e
+ [[ 0 != \0 ]]
+ cat package.json
+ sed 's/^/>>> /'
>>> {
>>>   "name": "product-configurator-crystallize",
>>>   "version": "0.1.0",
>>>   "private": true,
>>>   "dependencies": {},
>>>   "devDependencies": {
>>>     "tailwindcss": "^3.3.0"
>>>   }
>>> }+ rm -f package-lock.json pnpm-lock.yaml yarn.lock
+ '[' ./components/product-configurator '!=' ./ ']'
+ rm -f /tmp/twcr-38256d659894/package.json /tmp/twcr-38256d659894/package-lock.json /tmp/twcr-38256d659894/pnpm-lock.yaml /tmp/twcr-38256d659894/yarn.lock
+ set +e
+ /twcr/worker/../worker/pm-install.sh pnpm /tmp/twcr-38256d659894 /twcr/mnt/results
+ package_manager_name=pnpm
+ procdir=/tmp/twcr-38256d659894
+ datadir=/twcr/mnt/results
+ case "${package_manager_name}" in
+ '[' '!' -f /tmp/twcr-38256d659894/package.json ']'
+ '[' '!' -f package.json ']'
++ pnpm -v
+ sed -Ei 's/("pnpm": ")(.+)(")/\18.15.4\3/' package.json
+ pnpm install
Progress: resolved 1, reused 0, downloaded 0, added 0
Progress: resolved 36, reused 0, downloaded 22, added 0
Progress: resolved 75, reused 0, downloaded 61, added 0
Progress: resolved 105, reused 0, downloaded 103, added 0
Packages: +105
++++++++++++++++++++++++++++++++++++++++++++++++++++++++++++++++++++++++++++++++
Progress: resolved 106, reused 0, downloaded 105, added 105, done

devDependencies:
+ tailwindcss 3.4.1

Done in 4.1s
+ pnpm ls --json
+ jq -cr '
        .[]
        | [.dependencies, .devDependencies, .optionalDependencies]
        | map(select(.))[]
        | to_entries
        | map({ name: .key, version: .value.version })
        | sort_by(.name)[]
      '
+ exitcode=0
+ set -e
+ [[ 0 != \0 ]]
++ jq -sr 'map(select(.name == "tailwindcss")) | first | .version'
+ tailwind_package_version=3.4.1
+ tailwind_config_exporter=tailwind.config.exporter2.cjs
+ '[' -f node_modules/tailwindcss/lib/lib/load-config.js ']'
+ tailwind_config_exporter=tailwind.config.exporter3.mjs
+ cp /twcr/worker/../worker/tailwind.config.exporter3.mjs ./
+ set +e
+ node ./tailwind.config.exporter3.mjs tailwind.config.ts
+ exitcode=0
+ set -e
+ [[ 0 != \0 ]]
+ echo 'module.exports={plugins:['
+ jq -rs '
        map(select(.name | startswith("@tailwindcss/")))
        | map("require(" + ( .name | tojson ) + "),")[]
      '
+ grep -Ev '"@tailwindcss/postcss7-compat"'
+ true
+ echo ']}'
+ cat tailwind.config.ts
+ sed 's/^/>>> /'
>>> module.exports={plugins:[
>>> ]}
+ node ./tailwind.config.exporter3.mjs tailwind.config.ts
++ date -u +%Y-%m-%dT%H:%M:%SZ
+ writetaskstat timestamp_attempt_squash_end 2024-03-04T11:00:35Z
+ jq -nc --arg key timestamp_attempt_squash_end --arg value 2024-03-04T11:00:35Z '{ key: $key, value: $value }'
+ break
++ date -u +%Y-%m-%dT%H:%M:%SZ
+ writetaskstat timestamp_end 2024-03-04T11:00:35Z
+ jq -nc --arg key timestamp_end --arg value 2024-03-04T11:00:35Z '{ key: $key, value: $value }'
+ rm /twcr/mnt/results/extract-failed
+ touch /twcr/mnt/results/extract-completed
