==== RUN-DOCKER
+++ dirname -- ./worker/run.sh
++ cd -- ./worker
++ pwd
+ twcrdir=/twcr/worker/..
+ repo=github.com/robbins23/daisyui-nextjs-landing-page
+ reporef=master
+ repopath=./
+ '[' true == true ']'
+ grep -q '^././'
++ echo github.com/robbins23/daisyui-nextjs-landing-page
++ sha256sum
++ awk '{ print $1 }'
++ cut -c1-12
+ procdir=/tmp/twcr-f6fef6ca7af8
++ echo 'github.com/robbins23/daisyui-nextjs-landing-page;master;./'
++ sha256sum
++ awk '{ print $1 }'
++ cut -c1-12
+ datadir=/twcr/worker/../mnt/dataset/data/47234c6ac3d8
+ '[' '!' -z /twcr/mnt/results ']'
+ datadir=/twcr/mnt/results
+ touch /twcr/mnt/results/extract-failed
++ base64
++ tr -d =
++ tr /+ _-
++ base64
++ tr -d =
++ tr /+ _-
+ writetaskstat analysis_key github.com/robbins23/daisyui-nextjs-landing-page/bWFzdGVyCg/Li8K
+ jq -nc --arg key analysis_key --arg value github.com/robbins23/daisyui-nextjs-landing-page/bWFzdGVyCg/Li8K '{ key: $key, value: $value }'
++ date -u +%Y%m%d%H%M%S
++ sha256sum
++ awk '{ print $1 }'
++ cut -c1-16
++ head -c 32 /dev/urandom
+ writetaskstat analysis_nonce 3f9fe64d9d9d7180
+ jq -nc --arg key analysis_nonce --arg value 3f9fe64d9d9d7180 '{ key: $key, value: $value }'
+ writetaskstat input_repo_name github.com/robbins23/daisyui-nextjs-landing-page
+ jq -nc --arg key input_repo_name --arg value github.com/robbins23/daisyui-nextjs-landing-page '{ key: $key, value: $value }'
+ writetaskstat input_repo_ref master
+ jq -nc --arg key input_repo_ref --arg value master '{ key: $key, value: $value }'
+ writetaskstat input_repo_path ./
+ jq -nc --arg key input_repo_path --arg value ./ '{ key: $key, value: $value }'
++ date -u +%Y-%m-%dT%H:%M:%SZ
+ writetaskstat timestamp_begin 2024-03-05T08:26:26Z
+ jq -nc --arg key timestamp_begin --arg value 2024-03-05T08:26:26Z '{ key: $key, value: $value }'
+ mkdir -p /tmp/twcr-f6fef6ca7af8
+ pushd /tmp/twcr-f6fef6ca7af8
+ '[' -d .git ']'
+ git clone --depth=1 -b master https://github.com/robbins23/daisyui-nextjs-landing-page.git .
/tmp/twcr-f6fef6ca7af8 /twcr
Cloning into '.'...
++ date -u +%Y-%m-%dT%H:%M:%SZ
+ writetaskstat timestamp_git_clone_complete 2024-03-05T08:26:27Z
+ jq -nc --arg key timestamp_git_clone_complete --arg value 2024-03-05T08:26:27Z '{ key: $key, value: $value }'
++ git rev-parse HEAD
+ writetaskstat exec_repo_commit_sha f6a558c3045a08706cd36d452ef36aefea630eaa
+ jq -nc --arg key exec_repo_commit_sha --arg value f6a558c3045a08706cd36d452ef36aefea630eaa '{ key: $key, value: $value }'
+++ git show --no-patch --format=%ci
++ date -u --date '2023-11-23 16:02:52 +0530' +%Y-%m-%dT%H:%M:%SZ
+ writetaskstat exec_repo_commit_date 2023-11-23T10:32:52Z
+ jq -nc --arg key exec_repo_commit_date --arg value 2023-11-23T10:32:52Z '{ key: $key, value: $value }'
/tmp/twcr-f6fef6ca7af8 /tmp/twcr-f6fef6ca7af8 /twcr
+ '[' -z ./ ']'
+ pushd ./
+ tailwind_config_file_name=
+ '[' -f tailwind.config.js ']'
+ tailwind_config_file_name=tailwind.config.js
+ writetaskstat exec_tailwind_config_file tailwind.config.js
+ jq -nc --arg key exec_tailwind_config_file --arg value tailwind.config.js '{ key: $key, value: $value }'
+ cp tailwind.config.js /twcr/mnt/results/extract-raw-tailwind-config.js
+ '[' '!' -f package.json ']'
+ cp package.json /twcr/mnt/results/extract-raw-package.json
++ /twcr/worker/../worker/pm-detect.sh /tmp/twcr-f6fef6ca7af8
+ package_manager_name=
+ '[' -z '' ']'
+ '[' ./ '!=' ./ ']'
+ '[' -z '' ']'
+ package_manager_name=npm
+ writetaskstat exec_node_package_manager npm
+ jq -nc --arg key exec_node_package_manager --arg value npm '{ key: $key, value: $value }'
+ attempt_mode=squash
+ true
++ date -u +%Y-%m-%dT%H:%M:%SZ
+ writetaskstat timestamp_attempt_squash_begin 2024-03-05T08:26:27Z
+ jq -nc --arg key timestamp_attempt_squash_begin --arg value 2024-03-05T08:26:27Z '{ key: $key, value: $value }'
+ [[ squash == \s\q\u\a\s\h ]]
+ set +e
+ node /twcr/worker/../worker/squash-package.mjs tailwind.config.js
+ exitcode=0
+ set -e
+ [[ 0 != \0 ]]
+ cat package.json
+ sed 's/^/>>> /'
>>> {
>>>   "name": "tailwind_landing_page",
>>>   "description": "Landing page using next js, tailwind css and daisy UI. Template uses rich tailwind css utility classes and have components of daisy UI.",
>>>   "version": "0.1.0",
>>>   "private": true,
>>>   "repository": {
>>>     "type": "git",
>>>     "url": "git+https://github.com/srobbin01/daisyui-nextjs-landing-page"
>>>   },
>>>   "keywords": [
>>>     "reactjs",
>>>     "tailwind-css",
>>>     "landing-page",
>>>     "daisyui-template",
>>>     "landing=page-template",
>>>     "nextjs"
>>>   ],
>>>   "author": "srobbin01",
>>>   "license": "ISC",
>>>   "bugs": {
>>>     "url": "https://github.com/srobbin01/daisyui-nextjs-landing-page/issues"
>>>   },
>>>   "dependencies": {
>>>     "@tailwindcss/typography": "^0.5.9"
>>>   },
>>>   "devDependencies": {
>>>     "daisyui": "^4.4.2",
>>>     "tailwindcss": "^3.2.6"
>>>   }
>>> }+ rm -f package-lock.json pnpm-lock.yaml yarn.lock
+ '[' ./ '!=' ./ ']'
+ set +e
+ /twcr/worker/../worker/pm-install.sh npm /tmp/twcr-f6fef6ca7af8 /twcr/mnt/results
+ package_manager_name=npm
+ procdir=/tmp/twcr-f6fef6ca7af8
+ datadir=/twcr/mnt/results
+ case "${package_manager_name}" in
++ '[' -f package-lock.json ']'
++ echo install
+ npm install --ignore-engines

added 122 packages, and audited 123 packages in 5s

29 packages are looking for funding
  run `npm fund` for details

found 0 vulnerabilities
npm notice 
npm notice New minor version of npm available! 10.2.4 -> 10.5.0
npm notice Changelog: <https://github.com/npm/cli/releases/tag/v10.5.0>
npm notice Run `npm install -g npm@10.5.0` to update!
npm notice 
+ npm query '*'
+ jq -cr '
        map({ name: .name, version: .version })
        | map(select(.name))
        | sort_by(.name)[]
      '
+ exitcode=0
+ set -e
+ [[ 0 != \0 ]]
++ jq -sr 'map(select(.name == "tailwindcss")) | first | .version'
+ tailwind_package_version=3.4.1
+ tailwind_config_exporter=tailwind.config.exporter2.cjs
+ '[' -f node_modules/tailwindcss/lib/lib/load-config.js ']'
+ tailwind_config_exporter=tailwind.config.exporter3.mjs
+ cp /twcr/worker/../worker/tailwind.config.exporter3.mjs ./
+ set +e
+ node ./tailwind.config.exporter3.mjs tailwind.config.js
+ exitcode=0
+ set -e
+ [[ 0 != \0 ]]
+ echo 'module.exports={plugins:['
+ jq -rs '
        map(select(.name | startswith("@tailwindcss/")))
        | map("require(" + ( .name | tojson ) + "),")[]
      '
+ grep -Ev '"@tailwindcss/postcss7-compat"'
+ echo ']}'
+ cat tailwind.config.js
+ sed 's/^/>>> /'
>>> module.exports={plugins:[
>>> require("@tailwindcss/typography"),
>>> ]}
+ node ./tailwind.config.exporter3.mjs tailwind.config.js
++ date -u +%Y-%m-%dT%H:%M:%SZ
+ writetaskstat timestamp_attempt_squash_end 2024-03-05T08:26:33Z
+ jq -nc --arg key timestamp_attempt_squash_end --arg value 2024-03-05T08:26:33Z '{ key: $key, value: $value }'
+ break
++ date -u +%Y-%m-%dT%H:%M:%SZ
+ writetaskstat timestamp_end 2024-03-05T08:26:33Z
+ jq -nc --arg key timestamp_end --arg value 2024-03-05T08:26:33Z '{ key: $key, value: $value }'
+ rm /twcr/mnt/results/extract-failed
+ touch /twcr/mnt/results/extract-completed
