==== RUN-DOCKER
+++ dirname -- ./worker/run.sh
++ cd -- ./worker
++ pwd
+ twcrdir=/twcr/worker/..
+ repo=github.com/ani1609/Spendwise
+ reporef=main
+ repopath=./client
+ '[' true == true ']'
+ grep -q '^././'
++ echo github.com/ani1609/Spendwise
++ sha256sum
++ awk '{ print $1 }'
++ cut -c1-12
+ procdir=/tmp/twcr-94b8f76241a3
++ echo 'github.com/ani1609/Spendwise;main;./client'
++ sha256sum
++ awk '{ print $1 }'
++ cut -c1-12
+ datadir=/twcr/worker/../mnt/dataset/data/976f805511dc
+ '[' '!' -z /twcr/mnt/results ']'
+ datadir=/twcr/mnt/results
+ touch /twcr/mnt/results/extract-failed
++ base64
++ tr -d =
++ tr /+ _-
++ base64
++ tr -d =
++ tr /+ _-
+ writetaskstat analysis_key github.com/ani1609/Spendwise/bWFpbgo/Li9jbGllbnQK
+ jq -nc --arg key analysis_key --arg value github.com/ani1609/Spendwise/bWFpbgo/Li9jbGllbnQK '{ key: $key, value: $value }'
++ date -u +%Y%m%d%H%M%S
++ sha256sum
++ awk '{ print $1 }'
++ cut -c1-16
++ head -c 32 /dev/urandom
+ writetaskstat analysis_nonce ae8402a4bb066605
+ jq -nc --arg key analysis_nonce --arg value ae8402a4bb066605 '{ key: $key, value: $value }'
+ writetaskstat input_repo_name github.com/ani1609/Spendwise
+ jq -nc --arg key input_repo_name --arg value github.com/ani1609/Spendwise '{ key: $key, value: $value }'
+ writetaskstat input_repo_ref main
+ jq -nc --arg key input_repo_ref --arg value main '{ key: $key, value: $value }'
+ writetaskstat input_repo_path ./client
+ jq -nc --arg key input_repo_path --arg value ./client '{ key: $key, value: $value }'
++ date -u +%Y-%m-%dT%H:%M:%SZ
+ writetaskstat timestamp_begin 2024-03-04T10:12:06Z
+ jq -nc --arg key timestamp_begin --arg value 2024-03-04T10:12:06Z '{ key: $key, value: $value }'
+ mkdir -p /tmp/twcr-94b8f76241a3
/tmp/twcr-94b8f76241a3 /twcr
+ pushd /tmp/twcr-94b8f76241a3
+ '[' -d .git ']'
+ git clone --depth=1 -b main https://github.com/ani1609/Spendwise.git .
Cloning into '.'...
++ date -u +%Y-%m-%dT%H:%M:%SZ
+ writetaskstat timestamp_git_clone_complete 2024-03-04T10:12:07Z
+ jq -nc --arg key timestamp_git_clone_complete --arg value 2024-03-04T10:12:07Z '{ key: $key, value: $value }'
++ git rev-parse HEAD
+ writetaskstat exec_repo_commit_sha e4bac6dbe636f14ba8333c820e01ce610a9fd707
+ jq -nc --arg key exec_repo_commit_sha --arg value e4bac6dbe636f14ba8333c820e01ce610a9fd707 '{ key: $key, value: $value }'
+++ git show --no-patch --format=%ci
++ date -u --date '2024-01-12 00:15:37 +0530' +%Y-%m-%dT%H:%M:%SZ
+ writetaskstat exec_repo_commit_date 2024-01-11T18:45:37Z
+ jq -nc --arg key exec_repo_commit_date --arg value 2024-01-11T18:45:37Z '{ key: $key, value: $value }'
/tmp/twcr-94b8f76241a3/client /tmp/twcr-94b8f76241a3 /twcr
+ '[' -z ./client ']'
+ pushd ./client
+ tailwind_config_file_name=
+ '[' -f tailwind.config.js ']'
+ tailwind_config_file_name=tailwind.config.js
+ writetaskstat exec_tailwind_config_file tailwind.config.js
+ jq -nc --arg key exec_tailwind_config_file --arg value tailwind.config.js '{ key: $key, value: $value }'
+ cp tailwind.config.js /twcr/mnt/results/extract-raw-tailwind-config.js
+ '[' '!' -f package.json ']'
+ cp package.json /twcr/mnt/results/extract-raw-package.json
++ /twcr/worker/../worker/pm-detect.sh /tmp/twcr-94b8f76241a3/client
+ package_manager_name=pnpm
+ '[' -z pnpm ']'
+ '[' -z pnpm ']'
+ writetaskstat exec_node_package_manager pnpm
+ jq -nc --arg key exec_node_package_manager --arg value pnpm '{ key: $key, value: $value }'
+ attempt_mode=squash
+ true
++ date -u +%Y-%m-%dT%H:%M:%SZ
+ writetaskstat timestamp_attempt_squash_begin 2024-03-04T10:12:07Z
+ jq -nc --arg key timestamp_attempt_squash_begin --arg value 2024-03-04T10:12:07Z '{ key: $key, value: $value }'
+ [[ squash == \s\q\u\a\s\h ]]
+ set +e
+ node /twcr/worker/../worker/squash-package.mjs tailwind.config.js
+ exitcode=0
+ set -e
+ [[ 0 != \0 ]]
+ cat package.json
+ sed 's/^/>>> /'
+ rm -f package-lock.json pnpm-lock.yaml yarn.lock
>>> {
>>>   "name": "create-react-app-with-tests",
>>>   "version": "1.0.0",
>>>   "description": "",
>>>   "keywords": [],
>>>   "main": "src/index.js",
>>>   "custom-reporter": {
>>>     "type": "module"
>>>   },
>>>   "dependencies": {},
>>>   "devDependencies": {
>>>     "tailwindcss": "^3.3.5"
>>>   },
>>>   "browserslist": [
>>>     ">0.2%",
>>>     "not dead",
>>>     "not ie <= 11",
>>>     "not op_mini all"
>>>   ]
>>> }+ '[' ./client '!=' ./ ']'
+ rm -f /tmp/twcr-94b8f76241a3/package.json /tmp/twcr-94b8f76241a3/package-lock.json /tmp/twcr-94b8f76241a3/pnpm-lock.yaml /tmp/twcr-94b8f76241a3/yarn.lock
+ set +e
+ /twcr/worker/../worker/pm-install.sh pnpm /tmp/twcr-94b8f76241a3 /twcr/mnt/results
+ package_manager_name=pnpm
+ procdir=/tmp/twcr-94b8f76241a3
+ datadir=/twcr/mnt/results
+ case "${package_manager_name}" in
+ '[' '!' -f /tmp/twcr-94b8f76241a3/package.json ']'
+ '[' '!' -f package.json ']'
++ pnpm -v
+ sed -Ei 's/("pnpm": ")(.+)(")/\18.15.4\3/' package.json
+ pnpm install
Progress: resolved 1, reused 0, downloaded 0, added 0
Progress: resolved 33, reused 0, downloaded 22, added 0
Progress: resolved 73, reused 0, downloaded 57, added 0
Progress: resolved 105, reused 0, downloaded 103, added 0
Packages: +105
++++++++++++++++++++++++++++++++++++++++++++++++++++++++++++++++++++++++++++++++
Progress: resolved 106, reused 0, downloaded 105, added 105, done

devDependencies:
+ tailwindcss 3.4.1

Done in 4.1s
+ pnpm ls --json
+ jq -cr '
        .[]
        | [.dependencies, .devDependencies, .optionalDependencies]
        | map(select(.))[]
        | to_entries
        | map({ name: .key, version: .value.version })
        | sort_by(.name)[]
      '
+ exitcode=0
+ set -e
+ [[ 0 != \0 ]]
++ jq -sr 'map(select(.name == "tailwindcss")) | first | .version'
+ tailwind_package_version=3.4.1
+ tailwind_config_exporter=tailwind.config.exporter2.cjs
+ '[' -f node_modules/tailwindcss/lib/lib/load-config.js ']'
+ tailwind_config_exporter=tailwind.config.exporter3.mjs
+ cp /twcr/worker/../worker/tailwind.config.exporter3.mjs ./
+ set +e
+ node ./tailwind.config.exporter3.mjs tailwind.config.js
+ exitcode=0
+ set -e
+ [[ 0 != \0 ]]
+ echo 'module.exports={plugins:['
+ jq -rs '
        map(select(.name | startswith("@tailwindcss/")))
        | map("require(" + ( .name | tojson ) + "),")[]
      '
+ grep -Ev '"@tailwindcss/postcss7-compat"'
+ true
+ echo ']}'
+ cat tailwind.config.js
+ sed 's/^/>>> /'
>>> module.exports={plugins:[
>>> ]}
+ node ./tailwind.config.exporter3.mjs tailwind.config.js
++ date -u +%Y-%m-%dT%H:%M:%SZ
+ writetaskstat timestamp_attempt_squash_end 2024-03-04T10:12:12Z
+ jq -nc --arg key timestamp_attempt_squash_end --arg value 2024-03-04T10:12:12Z '{ key: $key, value: $value }'
+ break
++ date -u +%Y-%m-%dT%H:%M:%SZ
+ writetaskstat timestamp_end 2024-03-04T10:12:12Z
+ jq -nc --arg key timestamp_end --arg value 2024-03-04T10:12:12Z '{ key: $key, value: $value }'
+ rm /twcr/mnt/results/extract-failed
+ touch /twcr/mnt/results/extract-completed
