==== RUN-DOCKER
+++ dirname -- ./worker/run.sh
++ cd -- ./worker
++ pwd
+ twcrdir=/twcr/worker/..
+ repo=github.com/subzerocloud/my-way-track
+ reporef=main
+ repopath=./
+ '[' true == true ']'
+ grep -q '^././'
++ echo github.com/subzerocloud/my-way-track
++ sha256sum
++ awk '{ print $1 }'
++ cut -c1-12
+ procdir=/tmp/twcr-d481f6bb9a43
++ echo 'github.com/subzerocloud/my-way-track;main;./'
++ sha256sum
++ awk '{ print $1 }'
++ cut -c1-12
+ datadir=/twcr/worker/../mnt/dataset/data/52e6168e1a25
+ '[' '!' -z /twcr/mnt/results ']'
+ datadir=/twcr/mnt/results
+ touch /twcr/mnt/results/extract-failed
++ base64
++ tr -d =
++ tr /+ _-
++ base64
++ tr -d =
++ tr /+ _-
+ writetaskstat analysis_key github.com/subzerocloud/my-way-track/bWFpbgo/Li8K
+ jq -nc --arg key analysis_key --arg value github.com/subzerocloud/my-way-track/bWFpbgo/Li8K '{ key: $key, value: $value }'
++ date -u +%Y%m%d%H%M%S
++ sha256sum
++ awk '{ print $1 }'
++ cut -c1-16
++ head -c 32 /dev/urandom
+ writetaskstat analysis_nonce 72b63eae9e85c92a
+ jq -nc --arg key analysis_nonce --arg value 72b63eae9e85c92a '{ key: $key, value: $value }'
+ writetaskstat input_repo_name github.com/subzerocloud/my-way-track
+ jq -nc --arg key input_repo_name --arg value github.com/subzerocloud/my-way-track '{ key: $key, value: $value }'
+ writetaskstat input_repo_ref main
+ jq -nc --arg key input_repo_ref --arg value main '{ key: $key, value: $value }'
+ writetaskstat input_repo_path ./
+ jq -nc --arg key input_repo_path --arg value ./ '{ key: $key, value: $value }'
++ date -u +%Y-%m-%dT%H:%M:%SZ
+ writetaskstat timestamp_begin 2024-03-05T07:10:57Z
+ jq -nc --arg key timestamp_begin --arg value 2024-03-05T07:10:57Z '{ key: $key, value: $value }'
+ mkdir -p /tmp/twcr-d481f6bb9a43
+ pushd /tmp/twcr-d481f6bb9a43
+ '[' -d .git ']'
+ git clone --depth=1 -b main https://github.com/subzerocloud/my-way-track.git .
/tmp/twcr-d481f6bb9a43 /twcr
Cloning into '.'...
++ date -u +%Y-%m-%dT%H:%M:%SZ
+ writetaskstat timestamp_git_clone_complete 2024-03-05T07:10:58Z
+ jq -nc --arg key timestamp_git_clone_complete --arg value 2024-03-05T07:10:58Z '{ key: $key, value: $value }'
++ git rev-parse HEAD
+ writetaskstat exec_repo_commit_sha 50e0b7f4463f9d209f95803e8a8cf4d80c4ae538
+ jq -nc --arg key exec_repo_commit_sha --arg value 50e0b7f4463f9d209f95803e8a8cf4d80c4ae538 '{ key: $key, value: $value }'
+++ git show --no-patch --format=%ci
++ date -u --date '2024-01-23 08:47:56 +0200' +%Y-%m-%dT%H:%M:%SZ
+ writetaskstat exec_repo_commit_date 2024-01-23T06:47:56Z
+ jq -nc --arg key exec_repo_commit_date --arg value 2024-01-23T06:47:56Z '{ key: $key, value: $value }'
/tmp/twcr-d481f6bb9a43 /tmp/twcr-d481f6bb9a43 /twcr
+ '[' -z ./ ']'
+ pushd ./
+ tailwind_config_file_name=
+ '[' -f tailwind.config.js ']'
+ '[' -f tailwind.config.cjs ']'
+ tailwind_config_file_name=tailwind.config.cjs
+ writetaskstat exec_tailwind_config_file tailwind.config.cjs
+ jq -nc --arg key exec_tailwind_config_file --arg value tailwind.config.cjs '{ key: $key, value: $value }'
+ cp tailwind.config.cjs /twcr/mnt/results/extract-raw-tailwind-config.js
+ '[' '!' -f package.json ']'
+ cp package.json /twcr/mnt/results/extract-raw-package.json
++ /twcr/worker/../worker/pm-detect.sh /tmp/twcr-d481f6bb9a43
+ package_manager_name=
+ '[' -z '' ']'
+ '[' ./ '!=' ./ ']'
+ '[' -z '' ']'
+ package_manager_name=npm
+ writetaskstat exec_node_package_manager npm
+ jq -nc --arg key exec_node_package_manager --arg value npm '{ key: $key, value: $value }'
+ attempt_mode=squash
+ true
++ date -u +%Y-%m-%dT%H:%M:%SZ
+ writetaskstat timestamp_attempt_squash_begin 2024-03-05T07:10:58Z
+ jq -nc --arg key timestamp_attempt_squash_begin --arg value 2024-03-05T07:10:58Z '{ key: $key, value: $value }'
+ [[ squash == \s\q\u\a\s\h ]]
+ set +e
+ node /twcr/worker/../worker/squash-package.mjs tailwind.config.cjs
[squash-package] ERROR: failed to find any match for import path (@headlessui/tailwindcss)
+ exitcode=1
+ set -e
+ [[ 1 != \0 ]]
+ echo '[worker] WARN: squash failed; retrying with full install'
[worker] WARN: squash failed; retrying with full install
+ attempt_mode=full
+ continue
+ true
++ date -u +%Y-%m-%dT%H:%M:%SZ
+ writetaskstat timestamp_attempt_full_begin 2024-03-05T07:10:58Z
+ jq -nc --arg key timestamp_attempt_full_begin --arg value 2024-03-05T07:10:58Z '{ key: $key, value: $value }'
+ [[ full == \s\q\u\a\s\h ]]
+ git clean -fdx
+ git reset --hard
HEAD is now at 50e0b7f add default columns
+ set +e
+ /twcr/worker/../worker/pm-install.sh npm /tmp/twcr-d481f6bb9a43 /twcr/mnt/results
+ package_manager_name=npm
+ procdir=/tmp/twcr-d481f6bb9a43
+ datadir=/twcr/mnt/results
+ case "${package_manager_name}" in
++ '[' -f package-lock.json ']'
++ echo ci
+ npm ci --ignore-engines

added 431 packages, and audited 432 packages in 43s

105 packages are looking for funding
  run `npm fund` for details

1 high severity vulnerability

To address all issues, run:
  npm audit fix

Run `npm audit` for details.
npm notice 
npm notice New minor version of npm available! 10.2.4 -> 10.5.0
npm notice Changelog: <https://github.com/npm/cli/releases/tag/v10.5.0>
npm notice Run `npm install -g npm@10.5.0` to update!
npm notice 
+ npm query '*'
+ jq -cr '
        map({ name: .name, version: .version })
        | map(select(.name))
        | sort_by(.name)[]
      '
+ exitcode=0
+ set -e
+ [[ 0 != \0 ]]
++ jq -sr 'map(select(.name == "tailwindcss")) | first | .version'
+ tailwind_package_version=3.4.1
+ tailwind_config_exporter=tailwind.config.exporter2.cjs
+ '[' -f node_modules/tailwindcss/lib/lib/load-config.js ']'
+ tailwind_config_exporter=tailwind.config.exporter3.mjs
+ cp /twcr/worker/../worker/tailwind.config.exporter3.mjs ./
+ set +e
+ node ./tailwind.config.exporter3.mjs tailwind.config.cjs
+ exitcode=0
+ set -e
+ [[ 0 != \0 ]]
+ echo 'module.exports={plugins:['
+ jq -rs '
        map(select(.name | startswith("@tailwindcss/")))
        | map("require(" + ( .name | tojson ) + "),")[]
      '
+ grep -Ev '"@tailwindcss/postcss7-compat"'
+ true
+ echo ']}'
+ cat tailwind.config.cjs
+ sed 's/^/>>> /'
>>> module.exports={plugins:[
>>> ]}
+ node ./tailwind.config.exporter3.mjs tailwind.config.cjs
++ date -u +%Y-%m-%dT%H:%M:%SZ
+ writetaskstat timestamp_attempt_full_end 2024-03-05T07:11:43Z
+ jq -nc --arg key timestamp_attempt_full_end --arg value 2024-03-05T07:11:43Z '{ key: $key, value: $value }'
+ break
++ date -u +%Y-%m-%dT%H:%M:%SZ
+ writetaskstat timestamp_end 2024-03-05T07:11:43Z
+ jq -nc --arg key timestamp_end --arg value 2024-03-05T07:11:43Z '{ key: $key, value: $value }'
+ rm /twcr/mnt/results/extract-failed
+ touch /twcr/mnt/results/extract-completed
