==== RUN-DOCKER
+++ dirname -- ./worker/run.sh
++ cd -- ./worker
++ pwd
+ twcrdir=/twcr/worker/..
+ repo=github.com/bookshelves-project/bookshelves-front
+ reporef=main
+ repopath=./
+ '[' true == true ']'
+ grep -q '^././'
++ echo github.com/bookshelves-project/bookshelves-front
++ sha256sum
++ awk '{ print $1 }'
++ cut -c1-12
+ procdir=/tmp/twcr-09e960d664dc
++ echo 'github.com/bookshelves-project/bookshelves-front;main;./'
++ sha256sum
++ awk '{ print $1 }'
++ cut -c1-12
+ datadir=/twcr/worker/../mnt/dataset/data/37d15f85cfb1
+ '[' '!' -z /twcr/mnt/results ']'
+ datadir=/twcr/mnt/results
+ touch /twcr/mnt/results/extract-failed
++ base64
++ tr -d =
++ tr /+ _-
++ base64
++ tr -d =
++ tr /+ _-
+ writetaskstat analysis_key github.com/bookshelves-project/bookshelves-front/bWFpbgo/Li8K
+ jq -nc --arg key analysis_key --arg value github.com/bookshelves-project/bookshelves-front/bWFpbgo/Li8K '{ key: $key, value: $value }'
++ date -u +%Y%m%d%H%M%S
++ sha256sum
++ awk '{ print $1 }'
++ cut -c1-16
++ head -c 32 /dev/urandom
+ writetaskstat analysis_nonce 6c5339149c90ac1d
+ jq -nc --arg key analysis_nonce --arg value 6c5339149c90ac1d '{ key: $key, value: $value }'
+ writetaskstat input_repo_name github.com/bookshelves-project/bookshelves-front
+ jq -nc --arg key input_repo_name --arg value github.com/bookshelves-project/bookshelves-front '{ key: $key, value: $value }'
+ writetaskstat input_repo_ref main
+ jq -nc --arg key input_repo_ref --arg value main '{ key: $key, value: $value }'
+ writetaskstat input_repo_path ./
+ jq -nc --arg key input_repo_path --arg value ./ '{ key: $key, value: $value }'
++ date -u +%Y-%m-%dT%H:%M:%SZ
+ writetaskstat timestamp_begin 2024-03-05T10:38:24Z
+ jq -nc --arg key timestamp_begin --arg value 2024-03-05T10:38:24Z '{ key: $key, value: $value }'
+ mkdir -p /tmp/twcr-09e960d664dc
/tmp/twcr-09e960d664dc /twcr
+ pushd /tmp/twcr-09e960d664dc
+ '[' -d .git ']'
+ git clone --depth=1 -b main https://github.com/bookshelves-project/bookshelves-front.git .
Cloning into '.'...
++ date -u +%Y-%m-%dT%H:%M:%SZ
+ writetaskstat timestamp_git_clone_complete 2024-03-05T10:38:26Z
+ jq -nc --arg key timestamp_git_clone_complete --arg value 2024-03-05T10:38:26Z '{ key: $key, value: $value }'
++ git rev-parse HEAD
+ writetaskstat exec_repo_commit_sha a0e8d1f9b52e2aa132b0f0a9d5c6860bc0bd735c
+ jq -nc --arg key exec_repo_commit_sha --arg value a0e8d1f9b52e2aa132b0f0a9d5c6860bc0bd735c '{ key: $key, value: $value }'
+++ git show --no-patch --format=%ci
++ date -u --date '2023-09-25 12:08:59 +0000' +%Y-%m-%dT%H:%M:%SZ
+ writetaskstat exec_repo_commit_date 2023-09-25T12:08:59Z
+ jq -nc --arg key exec_repo_commit_date --arg value 2023-09-25T12:08:59Z '{ key: $key, value: $value }'
+ '[' -z ./ ']'
+ pushd ./
+ tailwind_config_file_name=
+ '[' -f tailwind.config.js ']'
+ tailwind_config_file_name=tailwind.config.js
+ writetaskstat exec_tailwind_config_file tailwind.config.js
+ jq -nc --arg key exec_tailwind_config_file --arg value tailwind.config.js '{ key: $key, value: $value }'
/tmp/twcr-09e960d664dc /tmp/twcr-09e960d664dc /twcr
+ cp tailwind.config.js /twcr/mnt/results/extract-raw-tailwind-config.js
+ '[' '!' -f package.json ']'
+ cp package.json /twcr/mnt/results/extract-raw-package.json
++ /twcr/worker/../worker/pm-detect.sh /tmp/twcr-09e960d664dc
+ package_manager_name=pnpm
+ '[' -z pnpm ']'
+ '[' -z pnpm ']'
+ writetaskstat exec_node_package_manager pnpm
+ jq -nc --arg key exec_node_package_manager --arg value pnpm '{ key: $key, value: $value }'
+ attempt_mode=squash
+ true
++ date -u +%Y-%m-%dT%H:%M:%SZ
+ writetaskstat timestamp_attempt_squash_begin 2024-03-05T10:38:26Z
+ jq -nc --arg key timestamp_attempt_squash_begin --arg value 2024-03-05T10:38:26Z '{ key: $key, value: $value }'
+ [[ squash == \s\q\u\a\s\h ]]
+ set +e
+ node /twcr/worker/../worker/squash-package.mjs tailwind.config.js
+ exitcode=0
+ set -e
+ [[ 0 != \0 ]]
+ cat package.json
+ sed 's/^/>>> /'
+ rm -f package-lock.json pnpm-lock.yaml yarn.lock
>>> {
>>>   "name": "bookshelves",
>>>   "version": "1.0.0",
>>>   "private": true,
>>>   "type": "module",
>>>   "author": "Bookshelves Team",
>>>   "contributors": [
>>>     {
>>>       "name": "Ewilan Rivière",
>>>       "email": "ewilan.riviere@gmail.com"
>>>     },
>>>     {
>>>       "name": "Mopi",
>>>       "email": "mopi@dotslashplay.it"
>>>     }
>>>   ],
>>>   "license": "BSD 2-Clause",
>>>   "homepage": "https://github.com/bookshelves-project",
>>>   "repository": {
>>>     "type": "git",
>>>     "url": "https://github.com/bookshelves-project/bookshelves-front"
>>>   },
>>>   "engines": {
>>>     "pnpm": ">=8.0.0",
>>>     "node": ">=16.0.0"
>>>   },
>>>   "devDependencies": {
>>>     "@tailwindcss/aspect-ratio": "^0.4.2",
>>>     "@tailwindcss/forms": "^0.5.6",
>>>     "@tailwindcss/typography": "^0.5.9",
>>>     "tailwindcss": "^3.3.3"
>>>   }
>>> }+ '[' ./ '!=' ./ ']'
+ set +e
+ /twcr/worker/../worker/pm-install.sh pnpm /tmp/twcr-09e960d664dc /twcr/mnt/results
+ package_manager_name=pnpm
+ procdir=/tmp/twcr-09e960d664dc
+ datadir=/twcr/mnt/results
+ case "${package_manager_name}" in
+ '[' '!' -f /tmp/twcr-09e960d664dc/package.json ']'
++ pnpm -v
+ sed -Ei 's/("pnpm": ")(.+)(")/\18.15.4\3/' /tmp/twcr-09e960d664dc/package.json
+ '[' '!' -f package.json ']'
++ pnpm -v
+ sed -Ei 's/("pnpm": ")(.+)(")/\18.15.4\3/' package.json
+ pnpm install
Progress: resolved 1, reused 0, downloaded 0, added 0
Progress: resolved 26, reused 0, downloaded 20, added 0
Progress: resolved 66, reused 0, downloaded 50, added 0
Progress: resolved 90, reused 0, downloaded 85, added 0
Packages: +113
++++++++++++++++++++++++++++++++++++++++++++++++++++++++++++++++++++++++++++++++
Progress: resolved 114, reused 0, downloaded 113, added 113, done

devDependencies:
+ @tailwindcss/aspect-ratio 0.4.2
+ @tailwindcss/forms 0.5.7
+ @tailwindcss/typography 0.5.10
+ tailwindcss 3.4.1

Done in 4.9s
+ pnpm ls --json
+ jq -cr '
        .[]
        | [.dependencies, .devDependencies, .optionalDependencies]
        | map(select(.))[]
        | to_entries
        | map({ name: .key, version: .value.version })
        | sort_by(.name)[]
      '
+ exitcode=0
+ set -e
+ [[ 0 != \0 ]]
++ jq -sr 'map(select(.name == "tailwindcss")) | first | .version'
+ tailwind_package_version=3.4.1
+ tailwind_config_exporter=tailwind.config.exporter2.cjs
+ '[' -f node_modules/tailwindcss/lib/lib/load-config.js ']'
+ tailwind_config_exporter=tailwind.config.exporter3.mjs
+ cp /twcr/worker/../worker/tailwind.config.exporter3.mjs ./
+ set +e
+ node ./tailwind.config.exporter3.mjs tailwind.config.js
+ exitcode=0
+ set -e
+ [[ 0 != \0 ]]
+ echo 'module.exports={plugins:['
+ jq -rs '
        map(select(.name | startswith("@tailwindcss/")))
        | map("require(" + ( .name | tojson ) + "),")[]
      '
+ grep -Ev '"@tailwindcss/postcss7-compat"'
+ echo ']}'
+ cat tailwind.config.js
+ sed 's/^/>>> /'
>>> module.exports={plugins:[
>>> require("@tailwindcss/aspect-ratio"),
>>> require("@tailwindcss/forms"),
>>> require("@tailwindcss/typography"),
>>> ]}
+ node ./tailwind.config.exporter3.mjs tailwind.config.js
++ date -u +%Y-%m-%dT%H:%M:%SZ
+ writetaskstat timestamp_attempt_squash_end 2024-03-05T10:38:33Z
+ jq -nc --arg key timestamp_attempt_squash_end --arg value 2024-03-05T10:38:33Z '{ key: $key, value: $value }'
+ break
++ date -u +%Y-%m-%dT%H:%M:%SZ
+ writetaskstat timestamp_end 2024-03-05T10:38:33Z
+ jq -nc --arg key timestamp_end --arg value 2024-03-05T10:38:33Z '{ key: $key, value: $value }'
+ rm /twcr/mnt/results/extract-failed
+ touch /twcr/mnt/results/extract-completed
