==== RUN-DOCKER
+++ dirname -- ./worker/run.sh
++ cd -- ./worker
++ pwd
+ twcrdir=/twcr/worker/..
+ repo=github.com/KonstantinosAng/google-clone
+ reporef=master
+ repopath=./google
+ '[' true == true ']'
+ grep -q '^././'
++ echo github.com/KonstantinosAng/google-clone
++ sha256sum
++ awk '{ print $1 }'
++ cut -c1-12
+ procdir=/tmp/twcr-91819451112c
++ echo 'github.com/KonstantinosAng/google-clone;master;./google'
++ sha256sum
++ awk '{ print $1 }'
++ cut -c1-12
+ datadir=/twcr/worker/../mnt/dataset/data/df0c9b9c714e
+ '[' '!' -z /twcr/mnt/results ']'
+ datadir=/twcr/mnt/results
+ touch /twcr/mnt/results/extract-failed
++ base64
++ tr -d =
++ tr /+ _-
++ base64
++ tr -d =
++ tr /+ _-
+ writetaskstat analysis_key github.com/KonstantinosAng/google-clone/bWFzdGVyCg/Li9nb29nbGUK
+ jq -nc --arg key analysis_key --arg value github.com/KonstantinosAng/google-clone/bWFzdGVyCg/Li9nb29nbGUK '{ key: $key, value: $value }'
++ date -u +%Y%m%d%H%M%S
++ sha256sum
++ awk '{ print $1 }'
++ cut -c1-16
++ head -c 32 /dev/urandom
+ writetaskstat analysis_nonce c737d5bb36cadb60
+ jq -nc --arg key analysis_nonce --arg value c737d5bb36cadb60 '{ key: $key, value: $value }'
+ writetaskstat input_repo_name github.com/KonstantinosAng/google-clone
+ jq -nc --arg key input_repo_name --arg value github.com/KonstantinosAng/google-clone '{ key: $key, value: $value }'
+ writetaskstat input_repo_ref master
+ jq -nc --arg key input_repo_ref --arg value master '{ key: $key, value: $value }'
+ writetaskstat input_repo_path ./google
+ jq -nc --arg key input_repo_path --arg value ./google '{ key: $key, value: $value }'
++ date -u +%Y-%m-%dT%H:%M:%SZ
+ writetaskstat timestamp_begin 2024-03-04T11:53:57Z
+ jq -nc --arg key timestamp_begin --arg value 2024-03-04T11:53:57Z '{ key: $key, value: $value }'
+ mkdir -p /tmp/twcr-91819451112c
+ pushd /tmp/twcr-91819451112c
+ '[' -d .git ']'
+ git clone --depth=1 -b master https://github.com/KonstantinosAng/google-clone.git .
/tmp/twcr-91819451112c /twcr
Cloning into '.'...
++ date -u +%Y-%m-%dT%H:%M:%SZ
+ writetaskstat timestamp_git_clone_complete 2024-03-04T11:53:57Z
+ jq -nc --arg key timestamp_git_clone_complete --arg value 2024-03-04T11:53:57Z '{ key: $key, value: $value }'
++ git rev-parse HEAD
+ writetaskstat exec_repo_commit_sha 9506a9203620d56d8d802cd2221421215337a4c6
+ jq -nc --arg key exec_repo_commit_sha --arg value 9506a9203620d56d8d802cd2221421215337a4c6 '{ key: $key, value: $value }'
+++ git show --no-patch --format=%ci
++ date -u --date '2022-10-06 23:01:27 +0300' +%Y-%m-%dT%H:%M:%SZ
+ writetaskstat exec_repo_commit_date 2022-10-06T20:01:27Z
+ jq -nc --arg key exec_repo_commit_date --arg value 2022-10-06T20:01:27Z '{ key: $key, value: $value }'
+ '[' -z ./google ']'
+ pushd ./google
+ tailwind_config_file_name=
+ '[' -f tailwind.config.js ']'
+ tailwind_config_file_name=tailwind.config.js
+ writetaskstat exec_tailwind_config_file tailwind.config.js
+ jq -nc --arg key exec_tailwind_config_file --arg value tailwind.config.js '{ key: $key, value: $value }'
/tmp/twcr-91819451112c/google /tmp/twcr-91819451112c /twcr
+ cp tailwind.config.js /twcr/mnt/results/extract-raw-tailwind-config.js
+ '[' '!' -f package.json ']'
+ cp package.json /twcr/mnt/results/extract-raw-package.json
++ /twcr/worker/../worker/pm-detect.sh /tmp/twcr-91819451112c/google
+ package_manager_name=yarn
+ '[' -z yarn ']'
+ '[' -z yarn ']'
+ writetaskstat exec_node_package_manager yarn
+ jq -nc --arg key exec_node_package_manager --arg value yarn '{ key: $key, value: $value }'
+ attempt_mode=squash
+ true
++ date -u +%Y-%m-%dT%H:%M:%SZ
+ writetaskstat timestamp_attempt_squash_begin 2024-03-04T11:53:58Z
+ jq -nc --arg key timestamp_attempt_squash_begin --arg value 2024-03-04T11:53:58Z '{ key: $key, value: $value }'
+ [[ squash == \s\q\u\a\s\h ]]
+ set +e
+ node /twcr/worker/../worker/squash-package.mjs tailwind.config.js
+ exitcode=0
+ set -e
+ [[ 0 != \0 ]]
+ cat package.json
+ sed 's/^/>>> /'
>>> {
>>>   "name": "google",
>>>   "version": "0.1.0",
>>>   "private": true,
>>>   "dependencies": {
>>>     "@tailwindcss/line-clamp": "^0.2.0"
>>>   },
>>>   "devDependencies": {
>>>     "tailwindcss": "^2.1.2"
>>>   }
>>> }+ rm -f package-lock.json pnpm-lock.yaml yarn.lock
+ '[' ./google '!=' ./ ']'
+ rm -f /tmp/twcr-91819451112c/package.json /tmp/twcr-91819451112c/package-lock.json /tmp/twcr-91819451112c/pnpm-lock.yaml /tmp/twcr-91819451112c/yarn.lock
+ set +e
+ /twcr/worker/../worker/pm-install.sh yarn /tmp/twcr-91819451112c /twcr/mnt/results
+ package_manager_name=yarn
+ procdir=/tmp/twcr-91819451112c
+ datadir=/twcr/mnt/results
+ case "${package_manager_name}" in
+ '[' -z http://tid_c5b2a7e711d8:ok@172.18.0.2:3128 ']'
+ yarn config set httpProxy http://tid_c5b2a7e711d8:ok@172.18.0.2:3128
yarn config v1.22.19
success Set "httpProxy" to "http://tid_c5b2a7e711d8:ok@172.18.0.2:3128".
Done in 0.03s.
+ '[' -z http://tid_c5b2a7e711d8:ok@172.18.0.2:3128 ']'
+ yarn config set httpsProxy http://tid_c5b2a7e711d8:ok@172.18.0.2:3128
yarn config v1.22.19
success Set "httpsProxy" to "http://tid_c5b2a7e711d8:ok@172.18.0.2:3128".
Done in 0.03s.
+ yarn install
yarn install v1.22.19
info No lockfile found.
[1/4] Resolving packages...
(node:126) [DEP0040] DeprecationWarning: The `punycode` module is deprecated. Please use a userland alternative instead.
(Use `node --trace-deprecation ...` to show where the warning was created)
[2/4] Fetching packages...
[3/4] Linking dependencies...
warning " > tailwindcss@2.2.19" has unmet peer dependency "autoprefixer@^10.0.2".
warning " > tailwindcss@2.2.19" has unmet peer dependency "postcss@^8.0.9".
warning "tailwindcss > postcss-nested@5.0.6" has unmet peer dependency "postcss@^8.2.14".
[4/4] Building fresh packages...
success Saved lockfile.
Done in 7.55s.
+ yarn list --depth=0 --json --non-interactive --no-progress
+ jq -cr '
        [.. | .name?]
        | map(select(.))
        | map(capture("^(?<name>@?[^@]+)@(?<version>.+)$"))
        | sort_by(.name)[]'
+ exitcode=0
+ set -e
+ [[ 0 != \0 ]]
++ jq -sr 'map(select(.name == "tailwindcss")) | first | .version'
+ tailwind_package_version=2.2.19
+ tailwind_config_exporter=tailwind.config.exporter2.cjs
+ '[' -f node_modules/tailwindcss/lib/lib/load-config.js ']'
+ cp /twcr/worker/../worker/tailwind.config.exporter2.cjs ./
+ set +e
+ node ./tailwind.config.exporter2.cjs tailwind.config.js
+ exitcode=0
+ set -e
+ [[ 0 != \0 ]]
+ echo 'module.exports={plugins:['
+ jq -rs '
        map(select(.name | startswith("@tailwindcss/")))
        | map("require(" + ( .name | tojson ) + "),")[]
      '
+ grep -Ev '"@tailwindcss/postcss7-compat"'
+ echo ']}'
+ cat tailwind.config.js
+ sed 's/^/>>> /'
>>> module.exports={plugins:[
>>> require("@tailwindcss/line-clamp"),
>>> ]}
+ node ./tailwind.config.exporter2.cjs tailwind.config.js
++ date -u +%Y-%m-%dT%H:%M:%SZ
+ writetaskstat timestamp_attempt_squash_end 2024-03-04T11:54:07Z
+ jq -nc --arg key timestamp_attempt_squash_end --arg value 2024-03-04T11:54:07Z '{ key: $key, value: $value }'
+ break
++ date -u +%Y-%m-%dT%H:%M:%SZ
+ writetaskstat timestamp_end 2024-03-04T11:54:07Z
+ jq -nc --arg key timestamp_end --arg value 2024-03-04T11:54:07Z '{ key: $key, value: $value }'
+ rm /twcr/mnt/results/extract-failed
+ touch /twcr/mnt/results/extract-completed
