==== RUN-DOCKER
+++ dirname -- ./worker/run.sh
++ cd -- ./worker
++ pwd
+ twcrdir=/twcr/worker/..
+ repo=github.com/UTDNebula/utd-trends
+ reporef=develop
+ repopath=./
+ '[' true == true ']'
+ grep -q '^././'
++ echo github.com/UTDNebula/utd-trends
++ sha256sum
++ awk '{ print $1 }'
++ cut -c1-12
+ procdir=/tmp/twcr-c623a9719b56
++ echo 'github.com/UTDNebula/utd-trends;develop;./'
++ sha256sum
++ awk '{ print $1 }'
++ cut -c1-12
+ datadir=/twcr/worker/../mnt/dataset/data/d479ab41108b
+ '[' '!' -z /twcr/mnt/results ']'
+ datadir=/twcr/mnt/results
+ touch /twcr/mnt/results/extract-failed
++ base64
++ tr -d =
++ tr /+ _-
++ base64
++ tr -d =
++ tr /+ _-
+ writetaskstat analysis_key github.com/UTDNebula/utd-trends/ZGV2ZWxvcAo/Li8K
+ jq -nc --arg key analysis_key --arg value github.com/UTDNebula/utd-trends/ZGV2ZWxvcAo/Li8K '{ key: $key, value: $value }'
++ date -u +%Y%m%d%H%M%S
++ sha256sum
++ awk '{ print $1 }'
++ cut -c1-16
++ head -c 32 /dev/urandom
+ writetaskstat analysis_nonce f10ba3816c7fa54d
+ jq -nc --arg key analysis_nonce --arg value f10ba3816c7fa54d '{ key: $key, value: $value }'
+ writetaskstat input_repo_name github.com/UTDNebula/utd-trends
+ jq -nc --arg key input_repo_name --arg value github.com/UTDNebula/utd-trends '{ key: $key, value: $value }'
+ writetaskstat input_repo_ref develop
+ jq -nc --arg key input_repo_ref --arg value develop '{ key: $key, value: $value }'
+ writetaskstat input_repo_path ./
+ jq -nc --arg key input_repo_path --arg value ./ '{ key: $key, value: $value }'
++ date -u +%Y-%m-%dT%H:%M:%SZ
+ writetaskstat timestamp_begin 2024-03-05T09:08:57Z
+ jq -nc --arg key timestamp_begin --arg value 2024-03-05T09:08:57Z '{ key: $key, value: $value }'
+ mkdir -p /tmp/twcr-c623a9719b56
+ pushd /tmp/twcr-c623a9719b56
+ '[' -d .git ']'
+ git clone --depth=1 -b develop https://github.com/UTDNebula/utd-trends.git .
/tmp/twcr-c623a9719b56 /twcr
Cloning into '.'...
++ date -u +%Y-%m-%dT%H:%M:%SZ
+ writetaskstat timestamp_git_clone_complete 2024-03-05T09:08:59Z
+ jq -nc --arg key timestamp_git_clone_complete --arg value 2024-03-05T09:08:59Z '{ key: $key, value: $value }'
++ git rev-parse HEAD
+ writetaskstat exec_repo_commit_sha cbd5cc35307e9f282c17d05141004d65c2648df4
+ jq -nc --arg key exec_repo_commit_sha --arg value cbd5cc35307e9f282c17d05141004d65c2648df4 '{ key: $key, value: $value }'
+++ git show --no-patch --format=%ci
++ date -u --date '2024-02-20 23:30:37 -0600' +%Y-%m-%dT%H:%M:%SZ
+ writetaskstat exec_repo_commit_date 2024-02-21T05:30:37Z
+ jq -nc --arg key exec_repo_commit_date --arg value 2024-02-21T05:30:37Z '{ key: $key, value: $value }'
+ '[' -z ./ ']'
+ pushd ./
+ tailwind_config_file_name=
+ '[' -f tailwind.config.js ']'
+ tailwind_config_file_name=tailwind.config.js
+ writetaskstat exec_tailwind_config_file tailwind.config.js
+ jq -nc --arg key exec_tailwind_config_file --arg value tailwind.config.js '{ key: $key, value: $value }'
/tmp/twcr-c623a9719b56 /tmp/twcr-c623a9719b56 /twcr
+ cp tailwind.config.js /twcr/mnt/results/extract-raw-tailwind-config.js
+ '[' '!' -f package.json ']'
+ cp package.json /twcr/mnt/results/extract-raw-package.json
++ /twcr/worker/../worker/pm-detect.sh /tmp/twcr-c623a9719b56
+ package_manager_name=
+ '[' -z '' ']'
+ '[' ./ '!=' ./ ']'
+ '[' -z '' ']'
+ package_manager_name=npm
+ writetaskstat exec_node_package_manager npm
+ jq -nc --arg key exec_node_package_manager --arg value npm '{ key: $key, value: $value }'
+ attempt_mode=squash
+ true
++ date -u +%Y-%m-%dT%H:%M:%SZ
+ writetaskstat timestamp_attempt_squash_begin 2024-03-05T09:08:59Z
+ jq -nc --arg key timestamp_attempt_squash_begin --arg value 2024-03-05T09:08:59Z '{ key: $key, value: $value }'
+ [[ squash == \s\q\u\a\s\h ]]
+ set +e
+ node /twcr/worker/../worker/squash-package.mjs tailwind.config.js
+ exitcode=0
+ set -e
+ [[ 0 != \0 ]]
+ cat package.json
+ sed 's/^/>>> /'
>>> {
>>>   "name": "UTD-Trends",
>>>   "private": true,
>>>   "engines": {
>>>     "node": "^18"
>>>   },
>>>   "dependencies": {
>>>     "tailwindcss": "^3.0.23"
>>>   },
>>>   "devDependencies": {},
>>>   "babel": {
>>>     "presets": [
>>>       "@babel/preset-env",
>>>       "@babel/preset-react",
>>>       "@babel/preset-typescript"
>>>     ],
>>>     "plugins": [
>>>       "@babel/plugin-transform-runtime",
>>>       "babel-plugin-styled-components"
>>>     ]
>>>   },
>>>   "lint-staged": {
>>>     "*": [
>>>       "eslint --cache --fix",
>>>       "prettier --write ./**/*.{tsx,ts,js}"
>>>     ]
>>>   },
>>>   "browserslist": "> 0.25%, not dead",
>>>   "eslintConfig": {
>>>     "root": true,
>>>     "extends": [
>>>       "next/core-web-vitals",
>>>       "prettier",
>>>       "plugin:jsx-a11y/recommended",
>>>       "eslint:recommended",
>>>       "plugin:react/recommended",
>>>       "plugin:react-hooks/recommended",
>>>       "plugin:@typescript-eslint/recommended"
>>>     ],
>>>     "parser": "@typescript-eslint/parser",
>>>     "plugins": [
>>>       "simple-import-sort",
>>>       "@typescript-eslint"
>>>     ],
>>>     "rules": {
>>>       "jsx-a11y/anchor-is-valid": [
>>>         "error",
>>>         {
>>>           "components": [
>>>             "Link"
>>>           ],
>>>           "specialLink": [
>>>             "hrefLeft",
>>>             "hrefRight"
>>>           ],
>>>           "aspects": [
>>>             "invalidHref",
>>>             "preferButton"
>>>           ]
>>>         }
>>>       ],
>>>       "simple-import-sort/imports": "error",
>>>       "simple-import-sort/exports": "error",
>>>       "import/first": "error",
>>>       "import/newline-after-import": "error",
>>>       "import/no-duplicates": "error"
>>>     }
>>>   }
>>> }+ rm -f package-lock.json pnpm-lock.yaml yarn.lock
+ '[' ./ '!=' ./ ']'
+ set +e
+ /twcr/worker/../worker/pm-install.sh npm /tmp/twcr-c623a9719b56 /twcr/mnt/results
+ package_manager_name=npm
+ procdir=/tmp/twcr-c623a9719b56
+ datadir=/twcr/mnt/results
+ case "${package_manager_name}" in
++ '[' -f package-lock.json ']'
++ echo install
+ npm install --ignore-engines
npm WARN EBADENGINE Unsupported engine {
npm WARN EBADENGINE   package: undefined,
npm WARN EBADENGINE   required: { node: '^18' },
npm WARN EBADENGINE   current: { node: 'v21.6.2', npm: '10.2.4' }
npm WARN EBADENGINE }

added 112 packages, and audited 113 packages in 5s

28 packages are looking for funding
  run `npm fund` for details

found 0 vulnerabilities
npm notice 
npm notice New minor version of npm available! 10.2.4 -> 10.5.0
npm notice Changelog: <https://github.com/npm/cli/releases/tag/v10.5.0>
npm notice Run `npm install -g npm@10.5.0` to update!
npm notice 
+ npm query '*'
+ jq -cr '
        map({ name: .name, version: .version })
        | map(select(.name))
        | sort_by(.name)[]
      '
+ exitcode=0
+ set -e
+ [[ 0 != \0 ]]
++ jq -sr 'map(select(.name == "tailwindcss")) | first | .version'
+ tailwind_package_version=3.4.1
+ tailwind_config_exporter=tailwind.config.exporter2.cjs
+ '[' -f node_modules/tailwindcss/lib/lib/load-config.js ']'
+ tailwind_config_exporter=tailwind.config.exporter3.mjs
+ cp /twcr/worker/../worker/tailwind.config.exporter3.mjs ./
+ set +e
+ node ./tailwind.config.exporter3.mjs tailwind.config.js
+ exitcode=0
+ set -e
+ [[ 0 != \0 ]]
+ echo 'module.exports={plugins:['
+ jq -rs '
        map(select(.name | startswith("@tailwindcss/")))
        | map("require(" + ( .name | tojson ) + "),")[]
      '
+ grep -Ev '"@tailwindcss/postcss7-compat"'
+ true
+ echo ']}'
+ cat tailwind.config.js
+ sed 's/^/>>> /'
>>> module.exports={plugins:[
>>> ]}
+ node ./tailwind.config.exporter3.mjs tailwind.config.js
++ date -u +%Y-%m-%dT%H:%M:%SZ
+ writetaskstat timestamp_attempt_squash_end 2024-03-05T09:09:05Z
+ jq -nc --arg key timestamp_attempt_squash_end --arg value 2024-03-05T09:09:05Z '{ key: $key, value: $value }'
+ break
++ date -u +%Y-%m-%dT%H:%M:%SZ
+ writetaskstat timestamp_end 2024-03-05T09:09:05Z
+ jq -nc --arg key timestamp_end --arg value 2024-03-05T09:09:05Z '{ key: $key, value: $value }'
+ rm /twcr/mnt/results/extract-failed
+ touch /twcr/mnt/results/extract-completed
