==== RUN-DOCKER
+++ dirname -- ./worker/run.sh
++ cd -- ./worker
++ pwd
+ twcrdir=/twcr/worker/..
+ repo=github.com/mutasim77/Algorithms-Universe
+ reporef=main
+ repopath=./
+ '[' true == true ']'
+ grep -q '^././'
++ echo github.com/mutasim77/Algorithms-Universe
++ sha256sum
++ awk '{ print $1 }'
++ cut -c1-12
+ procdir=/tmp/twcr-2c64d636b2a2
++ sha256sum
++ echo 'github.com/mutasim77/Algorithms-Universe;main;./'
++ awk '{ print $1 }'
++ cut -c1-12
+ datadir=/twcr/worker/../mnt/dataset/data/318b9836dc0e
+ '[' '!' -z /twcr/mnt/results ']'
+ datadir=/twcr/mnt/results
+ touch /twcr/mnt/results/extract-failed
++ base64
++ tr -d =
++ tr /+ _-
++ base64
++ tr -d =
++ tr /+ _-
+ writetaskstat analysis_key github.com/mutasim77/Algorithms-Universe/bWFpbgo/Li8K
+ jq -nc --arg key analysis_key --arg value github.com/mutasim77/Algorithms-Universe/bWFpbgo/Li8K '{ key: $key, value: $value }'
++ date -u +%Y%m%d%H%M%S
++ sha256sum
++ awk '{ print $1 }'
++ cut -c1-16
++ head -c 32 /dev/urandom
+ writetaskstat analysis_nonce 527c8f12d7a86c08
+ jq -nc --arg key analysis_nonce --arg value 527c8f12d7a86c08 '{ key: $key, value: $value }'
+ writetaskstat input_repo_name github.com/mutasim77/Algorithms-Universe
+ jq -nc --arg key input_repo_name --arg value github.com/mutasim77/Algorithms-Universe '{ key: $key, value: $value }'
+ writetaskstat input_repo_ref main
+ jq -nc --arg key input_repo_ref --arg value main '{ key: $key, value: $value }'
+ writetaskstat input_repo_path ./
+ jq -nc --arg key input_repo_path --arg value ./ '{ key: $key, value: $value }'
++ date -u +%Y-%m-%dT%H:%M:%SZ
+ writetaskstat timestamp_begin 2024-03-04T10:51:24Z
+ jq -nc --arg key timestamp_begin --arg value 2024-03-04T10:51:24Z '{ key: $key, value: $value }'
+ mkdir -p /tmp/twcr-2c64d636b2a2
+ pushd /tmp/twcr-2c64d636b2a2
+ '[' -d .git ']'
+ git clone --depth=1 -b main https://github.com/mutasim77/Algorithms-Universe.git .
/tmp/twcr-2c64d636b2a2 /twcr
Cloning into '.'...
++ date -u +%Y-%m-%dT%H:%M:%SZ
+ writetaskstat timestamp_git_clone_complete 2024-03-04T10:51:26Z
+ jq -nc --arg key timestamp_git_clone_complete --arg value 2024-03-04T10:51:26Z '{ key: $key, value: $value }'
++ git rev-parse HEAD
+ writetaskstat exec_repo_commit_sha 003e891c05c66fc70cdc0ded00e50797b86234b5
+ jq -nc --arg key exec_repo_commit_sha --arg value 003e891c05c66fc70cdc0ded00e50797b86234b5 '{ key: $key, value: $value }'
+++ git show --no-patch --format=%ci
++ date -u --date '2023-11-16 07:43:05 +0600' +%Y-%m-%dT%H:%M:%SZ
+ writetaskstat exec_repo_commit_date 2023-11-16T01:43:05Z
+ jq -nc --arg key exec_repo_commit_date --arg value 2023-11-16T01:43:05Z '{ key: $key, value: $value }'
/tmp/twcr-2c64d636b2a2 /tmp/twcr-2c64d636b2a2 /twcr
+ '[' -z ./ ']'
+ pushd ./
+ tailwind_config_file_name=
+ '[' -f tailwind.config.js ']'
+ tailwind_config_file_name=tailwind.config.js
+ writetaskstat exec_tailwind_config_file tailwind.config.js
+ jq -nc --arg key exec_tailwind_config_file --arg value tailwind.config.js '{ key: $key, value: $value }'
+ cp tailwind.config.js /twcr/mnt/results/extract-raw-tailwind-config.js
+ '[' '!' -f package.json ']'
+ cp package.json /twcr/mnt/results/extract-raw-package.json
++ /twcr/worker/../worker/pm-detect.sh /tmp/twcr-2c64d636b2a2
+ package_manager_name=pnpm
+ '[' -z pnpm ']'
+ '[' -z pnpm ']'
+ writetaskstat exec_node_package_manager pnpm
+ jq -nc --arg key exec_node_package_manager --arg value pnpm '{ key: $key, value: $value }'
+ attempt_mode=squash
+ true
++ date -u +%Y-%m-%dT%H:%M:%SZ
+ writetaskstat timestamp_attempt_squash_begin 2024-03-04T10:51:26Z
+ jq -nc --arg key timestamp_attempt_squash_begin --arg value 2024-03-04T10:51:26Z '{ key: $key, value: $value }'
+ [[ squash == \s\q\u\a\s\h ]]
+ set +e
+ node /twcr/worker/../worker/squash-package.mjs tailwind.config.js
+ exitcode=0
+ set -e
+ [[ 0 != \0 ]]
+ cat package.json
+ sed 's/^/>>> /'
>>> {
>>>   "name": "algorithms-universe",
>>>   "version": "0.0.1",
>>>   "description": "Algorithms Universe - website where you can learn algorithms",
>>>   "repository": {
>>>     "type": "git",
>>>     "url": "git+https://github.com/mutasim77/Algorithms-Universe.git"
>>>   },
>>>   "author": "Mutasim",
>>>   "license": "MIT",
>>>   "bugs": {
>>>     "url": "https://github.com/mutasim77/Algorithms-Universe/issues"
>>>   },
>>>   "homepage": "https://github.com/mutasim77/Algorithms-Universe#readme",
>>>   "dependencies": {},
>>>   "devDependencies": {
>>>     "tailwindcss": "^3.3.5"
>>>   },
>>>   "resolutions": {
>>>     "@types/react": "17.0.2",
>>>     "@types/react-dom": "17.0.2"
>>>   }
>>> }+ rm -f package-lock.json pnpm-lock.yaml yarn.lock
+ '[' ./ '!=' ./ ']'
+ set +e
+ /twcr/worker/../worker/pm-install.sh pnpm /tmp/twcr-2c64d636b2a2 /twcr/mnt/results
+ package_manager_name=pnpm
+ procdir=/tmp/twcr-2c64d636b2a2
+ datadir=/twcr/mnt/results
+ case "${package_manager_name}" in
+ '[' '!' -f /tmp/twcr-2c64d636b2a2/package.json ']'
++ pnpm -v
+ sed -Ei 's/("pnpm": ")(.+)(")/\18.15.4\3/' /tmp/twcr-2c64d636b2a2/package.json
+ '[' '!' -f package.json ']'
++ pnpm -v
+ sed -Ei 's/("pnpm": ")(.+)(")/\18.15.4\3/' package.json
+ pnpm install
Progress: resolved 1, reused 0, downloaded 0, added 0
Progress: resolved 38, reused 0, downloaded 22, added 0
Progress: resolved 71, reused 0, downloaded 58, added 0
Progress: resolved 105, reused 0, downloaded 101, added 0
Packages: +105
++++++++++++++++++++++++++++++++++++++++++++++++++++++++++++++++++++++++++++++++
Progress: resolved 106, reused 0, downloaded 105, added 105, done

devDependencies:
+ tailwindcss 3.4.1

Done in 4.2s
+ pnpm ls --json
+ jq -cr '
        .[]
        | [.dependencies, .devDependencies, .optionalDependencies]
        | map(select(.))[]
        | to_entries
        | map({ name: .key, version: .value.version })
        | sort_by(.name)[]
      '
+ exitcode=0
+ set -e
+ [[ 0 != \0 ]]
++ jq -sr 'map(select(.name == "tailwindcss")) | first | .version'
+ tailwind_package_version=3.4.1
+ tailwind_config_exporter=tailwind.config.exporter2.cjs
+ '[' -f node_modules/tailwindcss/lib/lib/load-config.js ']'
+ tailwind_config_exporter=tailwind.config.exporter3.mjs
+ cp /twcr/worker/../worker/tailwind.config.exporter3.mjs ./
+ set +e
+ node ./tailwind.config.exporter3.mjs tailwind.config.js
+ exitcode=0
+ set -e
+ [[ 0 != \0 ]]
+ echo 'module.exports={plugins:['
+ jq -rs '
        map(select(.name | startswith("@tailwindcss/")))
        | map("require(" + ( .name | tojson ) + "),")[]
      '
+ grep -Ev '"@tailwindcss/postcss7-compat"'
+ true
+ echo ']}'
+ cat tailwind.config.js
+ sed 's/^/>>> /'
>>> module.exports={plugins:[
>>> ]}
+ node ./tailwind.config.exporter3.mjs tailwind.config.js
++ date -u +%Y-%m-%dT%H:%M:%SZ
+ writetaskstat timestamp_attempt_squash_end 2024-03-04T10:51:32Z
+ jq -nc --arg key timestamp_attempt_squash_end --arg value 2024-03-04T10:51:32Z '{ key: $key, value: $value }'
+ break
++ date -u +%Y-%m-%dT%H:%M:%SZ
+ writetaskstat timestamp_end 2024-03-04T10:51:32Z
+ jq -nc --arg key timestamp_end --arg value 2024-03-04T10:51:32Z '{ key: $key, value: $value }'
+ rm /twcr/mnt/results/extract-failed
+ touch /twcr/mnt/results/extract-completed
