==== RUN-DOCKER
+++ dirname -- ./worker/run.sh
++ cd -- ./worker
++ pwd
+ twcrdir=/twcr/worker/..
+ repo=github.com/robertwayne/petrock
+ reporef=dev
+ repopath=./client
+ '[' true == true ']'
+ grep -q '^././'
++ echo github.com/robertwayne/petrock
++ sha256sum
++ awk '{ print $1 }'
++ cut -c1-12
+ procdir=/tmp/twcr-1efd6cfbecea
++ echo 'github.com/robertwayne/petrock;dev;./client'
++ sha256sum
++ awk '{ print $1 }'
++ cut -c1-12
+ datadir=/twcr/worker/../mnt/dataset/data/ae75c35dbf63
+ '[' '!' -z /twcr/mnt/results ']'
+ datadir=/twcr/mnt/results
+ touch /twcr/mnt/results/extract-failed
++ base64
++ tr -d =
++ tr /+ _-
++ base64
++ tr -d =
++ tr /+ _-
+ writetaskstat analysis_key github.com/robertwayne/petrock/ZGV2Cg/Li9jbGllbnQK
+ jq -nc --arg key analysis_key --arg value github.com/robertwayne/petrock/ZGV2Cg/Li9jbGllbnQK '{ key: $key, value: $value }'
++ date -u +%Y%m%d%H%M%S
++ sha256sum
++ awk '{ print $1 }'
++ cut -c1-16
++ head -c 32 /dev/urandom
+ writetaskstat analysis_nonce 6aa2dfbfc349b0b1
+ jq -nc --arg key analysis_nonce --arg value 6aa2dfbfc349b0b1 '{ key: $key, value: $value }'
+ writetaskstat input_repo_name github.com/robertwayne/petrock
+ jq -nc --arg key input_repo_name --arg value github.com/robertwayne/petrock '{ key: $key, value: $value }'
+ writetaskstat input_repo_ref dev
+ jq -nc --arg key input_repo_ref --arg value dev '{ key: $key, value: $value }'
+ writetaskstat input_repo_path ./client
+ jq -nc --arg key input_repo_path --arg value ./client '{ key: $key, value: $value }'
++ date -u +%Y-%m-%dT%H:%M:%SZ
+ writetaskstat timestamp_begin 2024-03-04T12:05:15Z
+ jq -nc --arg key timestamp_begin --arg value 2024-03-04T12:05:15Z '{ key: $key, value: $value }'
+ mkdir -p /tmp/twcr-1efd6cfbecea
+ pushd /tmp/twcr-1efd6cfbecea
+ '[' -d .git ']'
+ git clone --depth=1 -b dev https://github.com/robertwayne/petrock.git .
/tmp/twcr-1efd6cfbecea /twcr
Cloning into '.'...
++ date -u +%Y-%m-%dT%H:%M:%SZ
+ writetaskstat timestamp_git_clone_complete 2024-03-04T12:05:16Z
+ jq -nc --arg key timestamp_git_clone_complete --arg value 2024-03-04T12:05:16Z '{ key: $key, value: $value }'
++ git rev-parse HEAD
+ writetaskstat exec_repo_commit_sha 8e4ec0e329891497226e980b2d51d86b9e9e52cd
+ jq -nc --arg key exec_repo_commit_sha --arg value 8e4ec0e329891497226e980b2d51d86b9e9e52cd '{ key: $key, value: $value }'
+++ git show --no-patch --format=%ci
++ date -u --date '2023-02-09 15:00:13 -0500' +%Y-%m-%dT%H:%M:%SZ
+ writetaskstat exec_repo_commit_date 2023-02-09T20:00:13Z
+ jq -nc --arg key exec_repo_commit_date --arg value 2023-02-09T20:00:13Z '{ key: $key, value: $value }'
/tmp/twcr-1efd6cfbecea/client /tmp/twcr-1efd6cfbecea /twcr
+ '[' -z ./client ']'
+ pushd ./client
+ tailwind_config_file_name=
+ '[' -f tailwind.config.js ']'
+ '[' -f tailwind.config.cjs ']'
+ tailwind_config_file_name=tailwind.config.cjs
+ writetaskstat exec_tailwind_config_file tailwind.config.cjs
+ jq -nc --arg key exec_tailwind_config_file --arg value tailwind.config.cjs '{ key: $key, value: $value }'
+ cp tailwind.config.cjs /twcr/mnt/results/extract-raw-tailwind-config.js
+ '[' '!' -f package.json ']'
+ cp package.json /twcr/mnt/results/extract-raw-package.json
++ /twcr/worker/../worker/pm-detect.sh /tmp/twcr-1efd6cfbecea/client
+ package_manager_name=
+ '[' -z '' ']'
+ '[' ./client '!=' ./ ']'
++ /twcr/worker/../worker/pm-detect.sh /tmp/twcr-1efd6cfbecea
grep: /tmp/twcr-1efd6cfbecea/package.json: No such file or directory
grep: /tmp/twcr-1efd6cfbecea/package.json: No such file or directory
grep: /tmp/twcr-1efd6cfbecea/package.json: No such file or directory
/twcr/worker/../worker/pm-detect.sh: line 17: /tmp/twcr-1efd6cfbecea/package.json: No such file or directory
+ package_manager_name=
+ '[' -z '' ']'
+ package_manager_name=npm
+ writetaskstat exec_node_package_manager npm
+ jq -nc --arg key exec_node_package_manager --arg value npm '{ key: $key, value: $value }'
+ attempt_mode=squash
+ true
++ date -u +%Y-%m-%dT%H:%M:%SZ
+ writetaskstat timestamp_attempt_squash_begin 2024-03-04T12:05:16Z
+ jq -nc --arg key timestamp_attempt_squash_begin --arg value 2024-03-04T12:05:16Z '{ key: $key, value: $value }'
+ [[ squash == \s\q\u\a\s\h ]]
+ set +e
+ node /twcr/worker/../worker/squash-package.mjs tailwind.config.cjs
+ exitcode=0
+ set -e
+ [[ 0 != \0 ]]
+ cat package.json
+ sed 's/^/>>> /'
>>> {
>>>   "name": "@petrock/client",
>>>   "version": "0.1.0",
>>>   "private": true,
>>>   "description": "Leaderboard analytics & game database for RetroMMO.",
>>>   "license": "MIT OR Apache-2.0",
>>>   "author": "Rob Wagner <rob@sombia.com>",
>>>   "type": "module",
>>>   "dependencies": {
>>>     "@tailwindcss/forms": "^0.5.3",
>>>     "@tailwindcss/typography": "^0.5.8"
>>>   },
>>>   "devDependencies": {
>>>     "tailwindcss": "^3.2.4"
>>>   }
>>> }+ rm -f package-lock.json pnpm-lock.yaml yarn.lock
+ '[' ./client '!=' ./ ']'
+ rm -f /tmp/twcr-1efd6cfbecea/package.json /tmp/twcr-1efd6cfbecea/package-lock.json /tmp/twcr-1efd6cfbecea/pnpm-lock.yaml /tmp/twcr-1efd6cfbecea/yarn.lock
+ set +e
+ /twcr/worker/../worker/pm-install.sh npm /tmp/twcr-1efd6cfbecea /twcr/mnt/results
+ package_manager_name=npm
+ procdir=/tmp/twcr-1efd6cfbecea
+ datadir=/twcr/mnt/results
+ case "${package_manager_name}" in
++ '[' -f package-lock.json ']'
++ echo install
+ npm install --ignore-engines

added 120 packages, and audited 121 packages in 7s

28 packages are looking for funding
  run `npm fund` for details

found 0 vulnerabilities
npm notice 
npm notice New minor version of npm available! 10.2.4 -> 10.5.0
npm notice Changelog: <https://github.com/npm/cli/releases/tag/v10.5.0>
npm notice Run `npm install -g npm@10.5.0` to update!
npm notice 
+ npm query '*'
+ jq -cr '
        map({ name: .name, version: .version })
        | map(select(.name))
        | sort_by(.name)[]
      '
+ exitcode=0
+ set -e
+ [[ 0 != \0 ]]
++ jq -sr 'map(select(.name == "tailwindcss")) | first | .version'
+ tailwind_package_version=3.4.1
+ tailwind_config_exporter=tailwind.config.exporter2.cjs
+ '[' -f node_modules/tailwindcss/lib/lib/load-config.js ']'
+ tailwind_config_exporter=tailwind.config.exporter3.mjs
+ cp /twcr/worker/../worker/tailwind.config.exporter3.mjs ./
+ set +e
+ node ./tailwind.config.exporter3.mjs tailwind.config.cjs
+ exitcode=0
+ set -e
+ [[ 0 != \0 ]]
+ echo 'module.exports={plugins:['
+ jq -rs '
        map(select(.name | startswith("@tailwindcss/")))
        | map("require(" + ( .name | tojson ) + "),")[]
      '
+ grep -Ev '"@tailwindcss/postcss7-compat"'
+ echo ']}'
+ cat tailwind.config.cjs
+ sed 's/^/>>> /'
>>> module.exports={plugins:[
>>> require("@tailwindcss/forms"),
>>> require("@tailwindcss/typography"),
>>> ]}
+ node ./tailwind.config.exporter3.mjs tailwind.config.cjs
++ date -u +%Y-%m-%dT%H:%M:%SZ
+ writetaskstat timestamp_attempt_squash_end 2024-03-04T12:05:24Z
+ jq -nc --arg key timestamp_attempt_squash_end --arg value 2024-03-04T12:05:24Z '{ key: $key, value: $value }'
+ break
++ date -u +%Y-%m-%dT%H:%M:%SZ
+ writetaskstat timestamp_end 2024-03-04T12:05:24Z
+ jq -nc --arg key timestamp_end --arg value 2024-03-04T12:05:24Z '{ key: $key, value: $value }'
+ rm /twcr/mnt/results/extract-failed
+ touch /twcr/mnt/results/extract-completed
