==== RUN-DOCKER
+++ dirname -- ./worker/run.sh
++ cd -- ./worker
++ pwd
+ twcrdir=/twcr/worker/..
+ repo=github.com/codediodeio/sveltefire
+ reporef=master
+ repopath=./docs
+ '[' true == true ']'
+ grep -q '^././'
++ echo github.com/codediodeio/sveltefire
++ sha256sum
++ awk '{ print $1 }'
++ cut -c1-12
+ procdir=/tmp/twcr-508e0a3e9cfc
++ echo 'github.com/codediodeio/sveltefire;master;./docs'
++ sha256sum
++ awk '{ print $1 }'
++ cut -c1-12
+ datadir=/twcr/worker/../mnt/dataset/data/30c546fed88b
+ '[' '!' -z /twcr/mnt/results ']'
+ datadir=/twcr/mnt/results
+ touch /twcr/mnt/results/extract-failed
++ base64
++ tr -d =
++ tr /+ _-
++ base64
++ tr -d =
++ tr /+ _-
+ writetaskstat analysis_key github.com/codediodeio/sveltefire/bWFzdGVyCg/Li9kb2NzCg
+ jq -nc --arg key analysis_key --arg value github.com/codediodeio/sveltefire/bWFzdGVyCg/Li9kb2NzCg '{ key: $key, value: $value }'
++ date -u +%Y%m%d%H%M%S
++ sha256sum
++ awk '{ print $1 }'
++ cut -c1-16
++ head -c 32 /dev/urandom
+ writetaskstat analysis_nonce 9522d8a61b6c1b0e
+ jq -nc --arg key analysis_nonce --arg value 9522d8a61b6c1b0e '{ key: $key, value: $value }'
+ writetaskstat input_repo_name github.com/codediodeio/sveltefire
+ jq -nc --arg key input_repo_name --arg value github.com/codediodeio/sveltefire '{ key: $key, value: $value }'
+ writetaskstat input_repo_ref master
+ jq -nc --arg key input_repo_ref --arg value master '{ key: $key, value: $value }'
+ writetaskstat input_repo_path ./docs
+ jq -nc --arg key input_repo_path --arg value ./docs '{ key: $key, value: $value }'
++ date -u +%Y-%m-%dT%H:%M:%SZ
+ writetaskstat timestamp_begin 2024-03-04T02:51:47Z
+ jq -nc --arg key timestamp_begin --arg value 2024-03-04T02:51:47Z '{ key: $key, value: $value }'
+ mkdir -p /tmp/twcr-508e0a3e9cfc
/tmp/twcr-508e0a3e9cfc /twcr
+ pushd /tmp/twcr-508e0a3e9cfc
+ '[' -d .git ']'
+ git clone --depth=1 -b master https://github.com/codediodeio/sveltefire.git .
Cloning into '.'...
++ date -u +%Y-%m-%dT%H:%M:%SZ
+ writetaskstat timestamp_git_clone_complete 2024-03-04T02:51:48Z
+ jq -nc --arg key timestamp_git_clone_complete --arg value 2024-03-04T02:51:48Z '{ key: $key, value: $value }'
++ git rev-parse HEAD
+ writetaskstat exec_repo_commit_sha b78f52dce8e188fb87d9494fb7631150cc5139b7
+ jq -nc --arg key exec_repo_commit_sha --arg value b78f52dce8e188fb87d9494fb7631150cc5139b7 '{ key: $key, value: $value }'
+++ git show --no-patch --format=%ci
++ date -u --date '2024-01-08 08:27:00 -0700' +%Y-%m-%dT%H:%M:%SZ
+ writetaskstat exec_repo_commit_date 2024-01-08T15:27:00Z
+ jq -nc --arg key exec_repo_commit_date --arg value 2024-01-08T15:27:00Z '{ key: $key, value: $value }'
+ '[' -z ./docs ']'
+ pushd ./docs
+ tailwind_config_file_name=
+ '[' -f tailwind.config.js ']'
+ '[' -f tailwind.config.cjs ']'
+ tailwind_config_file_name=tailwind.config.cjs
+ writetaskstat exec_tailwind_config_file tailwind.config.cjs
+ jq -nc --arg key exec_tailwind_config_file --arg value tailwind.config.cjs '{ key: $key, value: $value }'
/tmp/twcr-508e0a3e9cfc/docs /tmp/twcr-508e0a3e9cfc /twcr
+ cp tailwind.config.cjs /twcr/mnt/results/extract-raw-tailwind-config.js
+ '[' '!' -f package.json ']'
+ cp package.json /twcr/mnt/results/extract-raw-package.json
++ /twcr/worker/../worker/pm-detect.sh /tmp/twcr-508e0a3e9cfc/docs
+ package_manager_name=
+ '[' -z '' ']'
+ '[' ./docs '!=' ./ ']'
++ /twcr/worker/../worker/pm-detect.sh /tmp/twcr-508e0a3e9cfc
+ package_manager_name=
+ '[' -z '' ']'
+ package_manager_name=npm
+ writetaskstat exec_node_package_manager npm
+ jq -nc --arg key exec_node_package_manager --arg value npm '{ key: $key, value: $value }'
+ attempt_mode=squash
+ true
++ date -u +%Y-%m-%dT%H:%M:%SZ
+ writetaskstat timestamp_attempt_squash_begin 2024-03-04T02:51:48Z
+ jq -nc --arg key timestamp_attempt_squash_begin --arg value 2024-03-04T02:51:48Z '{ key: $key, value: $value }'
+ [[ squash == \s\q\u\a\s\h ]]
+ set +e
+ node /twcr/worker/../worker/squash-package.mjs tailwind.config.cjs
+ exitcode=0
+ set -e
+ [[ 0 != \0 ]]
+ cat package.json
+ sed 's/^/>>> /'
+ rm -f package-lock.json pnpm-lock.yaml yarn.lock
>>> {
>>>   "name": "docs",
>>>   "type": "module",
>>>   "version": "0.0.1",
>>>   "dependencies": {
>>>     "@astrojs/tailwind": "^4.0.0",
>>>     "@tailwindcss/typography": "^0.5.9",
>>>     "tailwindcss": "^3.3.3"
>>>   },
>>>   "devDependencies": {}
>>> }+ '[' ./docs '!=' ./ ']'
+ rm -f /tmp/twcr-508e0a3e9cfc/package.json /tmp/twcr-508e0a3e9cfc/package-lock.json /tmp/twcr-508e0a3e9cfc/pnpm-lock.yaml /tmp/twcr-508e0a3e9cfc/yarn.lock
+ set +e
+ /twcr/worker/../worker/pm-install.sh npm /tmp/twcr-508e0a3e9cfc /twcr/mnt/results
+ package_manager_name=npm
+ procdir=/tmp/twcr-508e0a3e9cfc
+ datadir=/twcr/mnt/results
+ case "${package_manager_name}" in
++ '[' -f package-lock.json ']'
++ echo install
+ npm install --ignore-engines

added 467 packages, and audited 468 packages in 30s

180 packages are looking for funding
  run `npm fund` for details

found 0 vulnerabilities
npm notice 
npm notice New minor version of npm available! 10.2.4 -> 10.5.0
npm notice Changelog: <https://github.com/npm/cli/releases/tag/v10.5.0>
npm notice Run `npm install -g npm@10.5.0` to update!
npm notice 
+ jq -cr '
        map({ name: .name, version: .version })
        | map(select(.name))
        | sort_by(.name)[]
+ npm query '*'
      '
+ exitcode=0
+ set -e
+ [[ 0 != \0 ]]
++ jq -sr 'map(select(.name == "tailwindcss")) | first | .version'
+ tailwind_package_version=3.4.1
+ tailwind_config_exporter=tailwind.config.exporter2.cjs
+ '[' -f node_modules/tailwindcss/lib/lib/load-config.js ']'
+ tailwind_config_exporter=tailwind.config.exporter3.mjs
+ cp /twcr/worker/../worker/tailwind.config.exporter3.mjs ./
+ set +e
+ node ./tailwind.config.exporter3.mjs tailwind.config.cjs
+ exitcode=0
+ set -e
+ [[ 0 != \0 ]]
+ echo 'module.exports={plugins:['
+ jq -rs '
        map(select(.name | startswith("@tailwindcss/")))
        | map("require(" + ( .name | tojson ) + "),")[]
      '
+ grep -Ev '"@tailwindcss/postcss7-compat"'
+ echo ']}'
+ cat tailwind.config.cjs
+ sed 's/^/>>> /'
+ node ./tailwind.config.exporter3.mjs tailwind.config.cjs
>>> module.exports={plugins:[
>>> require("@tailwindcss/typography"),
>>> ]}
++ date -u +%Y-%m-%dT%H:%M:%SZ
+ writetaskstat timestamp_attempt_squash_end 2024-03-04T02:52:21Z
+ jq -nc --arg key timestamp_attempt_squash_end --arg value 2024-03-04T02:52:21Z '{ key: $key, value: $value }'
+ break
++ date -u +%Y-%m-%dT%H:%M:%SZ
+ writetaskstat timestamp_end 2024-03-04T02:52:21Z
+ jq -nc --arg key timestamp_end --arg value 2024-03-04T02:52:21Z '{ key: $key, value: $value }'
+ rm /twcr/mnt/results/extract-failed
+ touch /twcr/mnt/results/extract-completed
