==== RUN-DOCKER
+++ dirname -- ./worker/run.sh
++ cd -- ./worker
++ pwd
+ twcrdir=/twcr/worker/..
+ repo=github.com/javaistic/javaistic
+ reporef=main
+ repopath=./
+ '[' true == true ']'
+ grep -q '^././'
++ echo github.com/javaistic/javaistic
++ sha256sum
++ awk '{ print $1 }'
++ cut -c1-12
+ procdir=/tmp/twcr-181611399cd9
++ echo 'github.com/javaistic/javaistic;main;./'
++ sha256sum
++ awk '{ print $1 }'
++ cut -c1-12
+ datadir=/twcr/worker/../mnt/dataset/data/cb686cc396e0
+ '[' '!' -z /twcr/mnt/results ']'
+ datadir=/twcr/mnt/results
+ touch /twcr/mnt/results/extract-failed
++ base64
++ tr -d =
++ tr /+ _-
++ base64
++ tr -d =
++ tr /+ _-
+ writetaskstat analysis_key github.com/javaistic/javaistic/bWFpbgo/Li8K
+ jq -nc --arg key analysis_key --arg value github.com/javaistic/javaistic/bWFpbgo/Li8K '{ key: $key, value: $value }'
++ date -u +%Y%m%d%H%M%S
++ sha256sum
++ awk '{ print $1 }'
++ cut -c1-16
++ head -c 32 /dev/urandom
+ writetaskstat analysis_nonce c3b49313fca3ee4e
+ jq -nc --arg key analysis_nonce --arg value c3b49313fca3ee4e '{ key: $key, value: $value }'
+ writetaskstat input_repo_name github.com/javaistic/javaistic
+ jq -nc --arg key input_repo_name --arg value github.com/javaistic/javaistic '{ key: $key, value: $value }'
+ writetaskstat input_repo_ref main
+ jq -nc --arg key input_repo_ref --arg value main '{ key: $key, value: $value }'
+ writetaskstat input_repo_path ./
+ jq -nc --arg key input_repo_path --arg value ./ '{ key: $key, value: $value }'
++ date -u +%Y-%m-%dT%H:%M:%SZ
+ writetaskstat timestamp_begin 2024-03-05T07:14:58Z
+ jq -nc --arg key timestamp_begin --arg value 2024-03-05T07:14:58Z '{ key: $key, value: $value }'
+ mkdir -p /tmp/twcr-181611399cd9
+ pushd /tmp/twcr-181611399cd9
+ '[' -d .git ']'
+ git clone --depth=1 -b main https://github.com/javaistic/javaistic.git .
/tmp/twcr-181611399cd9 /twcr
Cloning into '.'...
++ date -u +%Y-%m-%dT%H:%M:%SZ
+ writetaskstat timestamp_git_clone_complete 2024-03-05T07:14:59Z
+ jq -nc --arg key timestamp_git_clone_complete --arg value 2024-03-05T07:14:59Z '{ key: $key, value: $value }'
++ git rev-parse HEAD
+ writetaskstat exec_repo_commit_sha 8ef70a7be7f249baeeb455685ffc38ebf498e067
+ jq -nc --arg key exec_repo_commit_sha --arg value 8ef70a7be7f249baeeb455685ffc38ebf498e067 '{ key: $key, value: $value }'
+++ git show --no-patch --format=%ci
++ date -u --date '2024-03-03 09:21:24 +0530' +%Y-%m-%dT%H:%M:%SZ
+ writetaskstat exec_repo_commit_date 2024-03-03T03:51:24Z
+ jq -nc --arg key exec_repo_commit_date --arg value 2024-03-03T03:51:24Z '{ key: $key, value: $value }'
/tmp/twcr-181611399cd9 /tmp/twcr-181611399cd9 /twcr
+ '[' -z ./ ']'
+ pushd ./
+ tailwind_config_file_name=
+ '[' -f tailwind.config.js ']'
+ tailwind_config_file_name=tailwind.config.js
+ writetaskstat exec_tailwind_config_file tailwind.config.js
+ jq -nc --arg key exec_tailwind_config_file --arg value tailwind.config.js '{ key: $key, value: $value }'
+ cp tailwind.config.js /twcr/mnt/results/extract-raw-tailwind-config.js
+ '[' '!' -f package.json ']'
+ cp package.json /twcr/mnt/results/extract-raw-package.json
++ /twcr/worker/../worker/pm-detect.sh /tmp/twcr-181611399cd9
+ package_manager_name=yarn
+ '[' -z yarn ']'
+ '[' -z yarn ']'
+ writetaskstat exec_node_package_manager yarn
+ jq -nc --arg key exec_node_package_manager --arg value yarn '{ key: $key, value: $value }'
+ attempt_mode=squash
+ true
++ date -u +%Y-%m-%dT%H:%M:%SZ
+ writetaskstat timestamp_attempt_squash_begin 2024-03-05T07:14:59Z
+ jq -nc --arg key timestamp_attempt_squash_begin --arg value 2024-03-05T07:14:59Z '{ key: $key, value: $value }'
+ [[ squash == \s\q\u\a\s\h ]]
+ set +e
+ node /twcr/worker/../worker/squash-package.mjs tailwind.config.js
+ exitcode=0
+ set -e
+ [[ 0 != \0 ]]
+ cat package.json
+ sed 's/^/>>> /'
>>> {
>>>   "name": "javaistic",
>>>   "version": "1.8.0",
>>>   "description": "The official Javaistic website.",
>>>   "private": true,
>>>   "main": "index.js",
>>>   "repository": "https://github.com/javaistic/javaistic.git",
>>>   "author": "Arghya Ghosh <71373838+uiuxarghya@users.noreply.github.com>",
>>>   "license": "MIT",
>>>   "browserslist": [
>>>     "> 1%"
>>>   ],
>>>   "dependencies": {
>>>     "@tailwindcss/typography": "^0.4.1",
>>>     "tailwindcss": "^2.2.19"
>>>   },
>>>   "devDependencies": {}
>>> }+ rm -f package-lock.json pnpm-lock.yaml yarn.lock
+ '[' ./ '!=' ./ ']'
+ set +e
+ /twcr/worker/../worker/pm-install.sh yarn /tmp/twcr-181611399cd9 /twcr/mnt/results
+ package_manager_name=yarn
+ procdir=/tmp/twcr-181611399cd9
+ datadir=/twcr/mnt/results
+ case "${package_manager_name}" in
+ '[' -z http://tid_b3bac0592493:ok@172.18.0.2:3128 ']'
+ yarn config set httpProxy http://tid_b3bac0592493:ok@172.18.0.2:3128
yarn config v1.22.19
success Set "httpProxy" to "http://tid_b3bac0592493:ok@172.18.0.2:3128".
Done in 0.13s.
+ '[' -z http://tid_b3bac0592493:ok@172.18.0.2:3128 ']'
+ yarn config set httpsProxy http://tid_b3bac0592493:ok@172.18.0.2:3128
yarn config v1.22.19
success Set "httpsProxy" to "http://tid_b3bac0592493:ok@172.18.0.2:3128".
Done in 0.05s.
+ yarn install
yarn install v1.22.19
info No lockfile found.
[1/4] Resolving packages...
(node:132) [DEP0040] DeprecationWarning: The `punycode` module is deprecated. Please use a userland alternative instead.
(Use `node --trace-deprecation ...` to show where the warning was created)
[2/4] Fetching packages...
[3/4] Linking dependencies...
warning " > tailwindcss@2.2.19" has unmet peer dependency "autoprefixer@^10.0.2".
warning " > tailwindcss@2.2.19" has unmet peer dependency "postcss@^8.0.9".
warning "tailwindcss > postcss-nested@5.0.6" has unmet peer dependency "postcss@^8.2.14".
[4/4] Building fresh packages...
success Saved lockfile.
Done in 8.35s.
+ yarn list --depth=0 --json --non-interactive --no-progress
+ jq -cr '
        [.. | .name?]
        | map(select(.))
        | map(capture("^(?<name>@?[^@]+)@(?<version>.+)$"))
        | sort_by(.name)[]'
+ exitcode=0
+ set -e
+ [[ 0 != \0 ]]
++ jq -sr 'map(select(.name == "tailwindcss")) | first | .version'
+ tailwind_package_version=2.2.19
+ tailwind_config_exporter=tailwind.config.exporter2.cjs
+ '[' -f node_modules/tailwindcss/lib/lib/load-config.js ']'
+ cp /twcr/worker/../worker/tailwind.config.exporter2.cjs ./
+ set +e
+ node ./tailwind.config.exporter2.cjs tailwind.config.js
+ exitcode=0
+ set -e
+ [[ 0 != \0 ]]
+ echo 'module.exports={plugins:['
+ jq -rs '
        map(select(.name | startswith("@tailwindcss/")))
        | map("require(" + ( .name | tojson ) + "),")[]
      '
+ grep -Ev '"@tailwindcss/postcss7-compat"'
+ echo ']}'
+ cat tailwind.config.js
+ sed 's/^/>>> /'
>>> module.exports={plugins:[
>>> require("@tailwindcss/typography"),
>>> ]}
+ node ./tailwind.config.exporter2.cjs tailwind.config.js
++ date -u +%Y-%m-%dT%H:%M:%SZ
+ writetaskstat timestamp_attempt_squash_end 2024-03-05T07:15:09Z
+ jq -nc --arg key timestamp_attempt_squash_end --arg value 2024-03-05T07:15:09Z '{ key: $key, value: $value }'
+ break
++ date -u +%Y-%m-%dT%H:%M:%SZ
+ writetaskstat timestamp_end 2024-03-05T07:15:09Z
+ jq -nc --arg key timestamp_end --arg value 2024-03-05T07:15:09Z '{ key: $key, value: $value }'
+ rm /twcr/mnt/results/extract-failed
+ touch /twcr/mnt/results/extract-completed
