==== RUN-DOCKER
+++ dirname -- ./worker/run.sh
++ cd -- ./worker
++ pwd
+ twcrdir=/twcr/worker/..
+ repo=github.com/graphql-openfederation/website
+ reporef=main
+ repopath=./
+ '[' true == true ']'
+ grep -q '^././'
++ echo github.com/graphql-openfederation/website
++ sha256sum
++ awk '{ print $1 }'
++ cut -c1-12
+ procdir=/tmp/twcr-8e96dc7e4543
++ echo 'github.com/graphql-openfederation/website;main;./'
++ sha256sum
++ awk '{ print $1 }'
++ cut -c1-12
+ datadir=/twcr/worker/../mnt/dataset/data/3a372962fe20
+ '[' '!' -z /twcr/mnt/results ']'
+ datadir=/twcr/mnt/results
+ touch /twcr/mnt/results/extract-failed
++ base64
++ tr -d =
++ tr /+ _-
++ base64
++ tr -d =
++ tr /+ _-
+ writetaskstat analysis_key github.com/graphql-openfederation/website/bWFpbgo/Li8K
+ jq -nc --arg key analysis_key --arg value github.com/graphql-openfederation/website/bWFpbgo/Li8K '{ key: $key, value: $value }'
++ date -u +%Y%m%d%H%M%S
++ sha256sum
++ awk '{ print $1 }'
++ cut -c1-16
++ head -c 32 /dev/urandom
+ writetaskstat analysis_nonce 9fd68430ec01606b
+ jq -nc --arg key analysis_nonce --arg value 9fd68430ec01606b '{ key: $key, value: $value }'
+ writetaskstat input_repo_name github.com/graphql-openfederation/website
+ jq -nc --arg key input_repo_name --arg value github.com/graphql-openfederation/website '{ key: $key, value: $value }'
+ writetaskstat input_repo_ref main
+ jq -nc --arg key input_repo_ref --arg value main '{ key: $key, value: $value }'
+ writetaskstat input_repo_path ./
+ jq -nc --arg key input_repo_path --arg value ./ '{ key: $key, value: $value }'
++ date -u +%Y-%m-%dT%H:%M:%SZ
+ writetaskstat timestamp_begin 2024-03-04T11:21:45Z
+ jq -nc --arg key timestamp_begin --arg value 2024-03-04T11:21:45Z '{ key: $key, value: $value }'
+ mkdir -p /tmp/twcr-8e96dc7e4543
+ pushd /tmp/twcr-8e96dc7e4543
+ '[' -d .git ']'
+ git clone --depth=1 -b main https://github.com/graphql-openfederation/website.git .
/tmp/twcr-8e96dc7e4543 /twcr
Cloning into '.'...
++ date -u +%Y-%m-%dT%H:%M:%SZ
+ writetaskstat timestamp_git_clone_complete 2024-03-04T11:21:46Z
+ jq -nc --arg key timestamp_git_clone_complete --arg value 2024-03-04T11:21:46Z '{ key: $key, value: $value }'
++ git rev-parse HEAD
+ writetaskstat exec_repo_commit_sha 0aae44e2b1a2b845ff3ef8605b4fa0c4d143b32d
+ jq -nc --arg key exec_repo_commit_sha --arg value 0aae44e2b1a2b845ff3ef8605b4fa0c4d143b32d '{ key: $key, value: $value }'
+++ git show --no-patch --format=%ci
++ date -u --date '2023-11-23 14:47:40 +0530' +%Y-%m-%dT%H:%M:%SZ
+ writetaskstat exec_repo_commit_date 2023-11-23T09:17:40Z
+ jq -nc --arg key exec_repo_commit_date --arg value 2023-11-23T09:17:40Z '{ key: $key, value: $value }'
+ '[' -z ./ ']'
+ pushd ./
+ tailwind_config_file_name=
+ '[' -f tailwind.config.js ']'
+ '[' -f tailwind.config.cjs ']'
+ tailwind_config_file_name=tailwind.config.cjs
+ writetaskstat exec_tailwind_config_file tailwind.config.cjs
+ jq -nc --arg key exec_tailwind_config_file --arg value tailwind.config.cjs '{ key: $key, value: $value }'
/tmp/twcr-8e96dc7e4543 /tmp/twcr-8e96dc7e4543 /twcr
+ cp tailwind.config.cjs /twcr/mnt/results/extract-raw-tailwind-config.js
+ '[' '!' -f package.json ']'
+ cp package.json /twcr/mnt/results/extract-raw-package.json
++ /twcr/worker/../worker/pm-detect.sh /tmp/twcr-8e96dc7e4543
+ package_manager_name=pnpm
+ '[' -z pnpm ']'
+ '[' -z pnpm ']'
+ writetaskstat exec_node_package_manager pnpm
+ jq -nc --arg key exec_node_package_manager --arg value pnpm '{ key: $key, value: $value }'
+ attempt_mode=squash
+ true
++ date -u +%Y-%m-%dT%H:%M:%SZ
+ writetaskstat timestamp_attempt_squash_begin 2024-03-04T11:21:46Z
+ jq -nc --arg key timestamp_attempt_squash_begin --arg value 2024-03-04T11:21:46Z '{ key: $key, value: $value }'
+ [[ squash == \s\q\u\a\s\h ]]
+ set +e
+ node /twcr/worker/../worker/squash-package.mjs tailwind.config.cjs
+ exitcode=0
+ set -e
+ [[ 0 != \0 ]]
+ cat package.json
+ sed 's/^/>>> /'
>>> {
>>>   "name": "open-federation",
>>>   "type": "module",
>>>   "version": "0.0.1",
>>>   "dependencies": {
>>>     "@astrojs/tailwind": "^4.0.0",
>>>     "tailwindcss": "^3.0.24",
>>>     "tailwindcss-radix": "^2.8.0"
>>>   },
>>>   "devDependencies": {
>>>     "@tailwindcss/typography": "^0.5.10"
>>>   }
>>> }+ rm -f package-lock.json pnpm-lock.yaml yarn.lock
+ '[' ./ '!=' ./ ']'
+ set +e
+ /twcr/worker/../worker/pm-install.sh pnpm /tmp/twcr-8e96dc7e4543 /twcr/mnt/results
+ package_manager_name=pnpm
+ procdir=/tmp/twcr-8e96dc7e4543
+ datadir=/twcr/mnt/results
+ case "${package_manager_name}" in
+ '[' '!' -f /tmp/twcr-8e96dc7e4543/package.json ']'
++ pnpm -v
+ sed -Ei 's/("pnpm": ")(.+)(")/\18.15.4\3/' /tmp/twcr-8e96dc7e4543/package.json
+ '[' '!' -f package.json ']'
++ pnpm -v
+ sed -Ei 's/("pnpm": ")(.+)(")/\18.15.4\3/' package.json
+ pnpm install
Progress: resolved 1, reused 0, downloaded 0, added 0
Progress: resolved 36, reused 0, downloaded 23, added 0
Progress: resolved 73, reused 0, downloaded 61, added 0
Progress: resolved 110, reused 0, downloaded 101, added 0
Progress: resolved 139, reused 0, downloaded 124, added 0
Progress: resolved 168, reused 0, downloaded 160, added 0
Progress: resolved 201, reused 0, downloaded 190, added 0
Progress: resolved 232, reused 0, downloaded 218, added 0
Progress: resolved 286, reused 0, downloaded 245, added 0
Progress: resolved 322, reused 0, downloaded 282, added 0
Progress: resolved 382, reused 0, downloaded 322, added 0
Progress: resolved 424, reused 0, downloaded 357, added 0
Progress: resolved 457, reused 0, downloaded 390, added 0
Progress: resolved 492, reused 0, downloaded 438, added 0
Packages: +450
++++++++++++++++++++++++++++++++++++++++++++++++++++++++++++++++++++++++++++++++
Progress: resolved 493, reused 0, downloaded 450, added 450, done
.../esbuild@0.17.19/node_modules/esbuild postinstall$ node install.js
.../esbuild@0.18.20/node_modules/esbuild postinstall$ node install.js
.../esbuild@0.17.19/node_modules/esbuild postinstall: Done
.../esbuild@0.18.20/node_modules/esbuild postinstall: Done

dependencies:
+ @astrojs/tailwind 4.0.0 (5.1.0 is available)
+ tailwindcss 3.4.1
+ tailwindcss-radix 2.8.0

devDependencies:
+ @tailwindcss/typography 0.5.10

Done in 15.1s
+ pnpm ls --json
+ jq -cr '
        .[]
        | [.dependencies, .devDependencies, .optionalDependencies]
        | map(select(.))[]
        | to_entries
        | map({ name: .key, version: .value.version })
        | sort_by(.name)[]
      '
+ exitcode=0
+ set -e
+ [[ 0 != \0 ]]
++ jq -sr 'map(select(.name == "tailwindcss")) | first | .version'
+ tailwind_package_version=3.4.1
+ tailwind_config_exporter=tailwind.config.exporter2.cjs
+ '[' -f node_modules/tailwindcss/lib/lib/load-config.js ']'
+ tailwind_config_exporter=tailwind.config.exporter3.mjs
+ cp /twcr/worker/../worker/tailwind.config.exporter3.mjs ./
+ set +e
+ node ./tailwind.config.exporter3.mjs tailwind.config.cjs
+ exitcode=0
+ set -e
+ [[ 0 != \0 ]]
+ echo 'module.exports={plugins:['
+ jq -rs '
        map(select(.name | startswith("@tailwindcss/")))
        | map("require(" + ( .name | tojson ) + "),")[]
      '
+ grep -Ev '"@tailwindcss/postcss7-compat"'
+ echo ']}'
+ cat tailwind.config.cjs
+ sed 's/^/>>> /'
>>> module.exports={plugins:[
>>> require("@tailwindcss/typography"),
>>> ]}
+ node ./tailwind.config.exporter3.mjs tailwind.config.cjs
++ date -u +%Y-%m-%dT%H:%M:%SZ
+ writetaskstat timestamp_attempt_squash_end 2024-03-04T11:22:03Z
+ jq -nc --arg key timestamp_attempt_squash_end --arg value 2024-03-04T11:22:03Z '{ key: $key, value: $value }'
+ break
++ date -u +%Y-%m-%dT%H:%M:%SZ
+ writetaskstat timestamp_end 2024-03-04T11:22:03Z
+ jq -nc --arg key timestamp_end --arg value 2024-03-04T11:22:03Z '{ key: $key, value: $value }'
+ rm /twcr/mnt/results/extract-failed
+ touch /twcr/mnt/results/extract-completed
