==== RUN-DOCKER
+++ dirname -- ./worker/run.sh
++ cd -- ./worker
++ pwd
+ twcrdir=/twcr/worker/..
+ repo=github.com/jadepeng/pytrader
+ reporef=main
+ repopath=./frontend
+ '[' true == true ']'
+ grep -q '^././'
++ echo github.com/jadepeng/pytrader
++ sha256sum
++ awk '{ print $1 }'
++ cut -c1-12
+ procdir=/tmp/twcr-6af3577f65f4
++ echo 'github.com/jadepeng/pytrader;main;./frontend'
++ sha256sum
++ awk '{ print $1 }'
++ cut -c1-12
+ datadir=/twcr/worker/../mnt/dataset/data/65196ecd65f2
+ '[' '!' -z /twcr/mnt/results ']'
+ datadir=/twcr/mnt/results
+ touch /twcr/mnt/results/extract-failed
++ base64
++ tr -d =
++ tr /+ _-
++ base64
++ tr -d =
++ tr /+ _-
+ writetaskstat analysis_key github.com/jadepeng/pytrader/bWFpbgo/Li9mcm9udGVuZAo
+ jq -nc --arg key analysis_key --arg value github.com/jadepeng/pytrader/bWFpbgo/Li9mcm9udGVuZAo '{ key: $key, value: $value }'
++ date -u +%Y%m%d%H%M%S
++ sha256sum
++ awk '{ print $1 }'
++ cut -c1-16
++ head -c 32 /dev/urandom
+ writetaskstat analysis_nonce 20302dce1f669c77
+ jq -nc --arg key analysis_nonce --arg value 20302dce1f669c77 '{ key: $key, value: $value }'
+ writetaskstat input_repo_name github.com/jadepeng/pytrader
+ jq -nc --arg key input_repo_name --arg value github.com/jadepeng/pytrader '{ key: $key, value: $value }'
+ writetaskstat input_repo_ref main
+ jq -nc --arg key input_repo_ref --arg value main '{ key: $key, value: $value }'
+ writetaskstat input_repo_path ./frontend
+ jq -nc --arg key input_repo_path --arg value ./frontend '{ key: $key, value: $value }'
++ date -u +%Y-%m-%dT%H:%M:%SZ
+ writetaskstat timestamp_begin 2024-03-05T01:17:01Z
+ jq -nc --arg key timestamp_begin --arg value 2024-03-05T01:17:01Z '{ key: $key, value: $value }'
+ mkdir -p /tmp/twcr-6af3577f65f4
+ pushd /tmp/twcr-6af3577f65f4
+ '[' -d .git ']'
+ git clone --depth=1 -b main https://github.com/jadepeng/pytrader.git .
/tmp/twcr-6af3577f65f4 /twcr
Cloning into '.'...
++ date -u +%Y-%m-%dT%H:%M:%SZ
+ writetaskstat timestamp_git_clone_complete 2024-03-05T01:17:02Z
+ jq -nc --arg key timestamp_git_clone_complete --arg value 2024-03-05T01:17:02Z '{ key: $key, value: $value }'
++ git rev-parse HEAD
+ writetaskstat exec_repo_commit_sha 76c65e284afe70ce7d56fddf4fd5a13133c15d55
+ jq -nc --arg key exec_repo_commit_sha --arg value 76c65e284afe70ce7d56fddf4fd5a13133c15d55 '{ key: $key, value: $value }'
+++ git show --no-patch --format=%ci
++ date -u --date '2023-10-24 15:49:28 +0800' +%Y-%m-%dT%H:%M:%SZ
+ writetaskstat exec_repo_commit_date 2023-10-24T07:49:28Z
+ jq -nc --arg key exec_repo_commit_date --arg value 2023-10-24T07:49:28Z '{ key: $key, value: $value }'
+ '[' -z ./frontend ']'
+ pushd ./frontend
+ tailwind_config_file_name=
+ '[' -f tailwind.config.js ']'
+ tailwind_config_file_name=tailwind.config.js
+ writetaskstat exec_tailwind_config_file tailwind.config.js
+ jq -nc --arg key exec_tailwind_config_file --arg value tailwind.config.js '{ key: $key, value: $value }'
/tmp/twcr-6af3577f65f4/frontend /tmp/twcr-6af3577f65f4 /twcr
+ cp tailwind.config.js /twcr/mnt/results/extract-raw-tailwind-config.js
+ '[' '!' -f package.json ']'
+ cp package.json /twcr/mnt/results/extract-raw-package.json
++ /twcr/worker/../worker/pm-detect.sh /tmp/twcr-6af3577f65f4/frontend
+ package_manager_name=
+ '[' -z '' ']'
+ '[' ./frontend '!=' ./ ']'
++ /twcr/worker/../worker/pm-detect.sh /tmp/twcr-6af3577f65f4
grep: /tmp/twcr-6af3577f65f4/package.json: No such file or directory
grep: /tmp/twcr-6af3577f65f4/package.json: No such file or directory
grep: /tmp/twcr-6af3577f65f4/package.json: No such file or directory
/twcr/worker/../worker/pm-detect.sh: line 17: /tmp/twcr-6af3577f65f4/package.json: No such file or directory
+ package_manager_name=
+ '[' -z '' ']'
+ package_manager_name=npm
+ writetaskstat exec_node_package_manager npm
+ jq -nc --arg key exec_node_package_manager --arg value npm '{ key: $key, value: $value }'
+ attempt_mode=squash
+ true
++ date -u +%Y-%m-%dT%H:%M:%SZ
+ writetaskstat timestamp_attempt_squash_begin 2024-03-05T01:17:02Z
+ jq -nc --arg key timestamp_attempt_squash_begin --arg value 2024-03-05T01:17:02Z '{ key: $key, value: $value }'
+ [[ squash == \s\q\u\a\s\h ]]
+ set +e
+ node /twcr/worker/../worker/squash-package.mjs tailwind.config.js
+ exitcode=0
+ set -e
+ [[ 0 != \0 ]]
+ cat package.json
+ sed 's/^/>>> /'
>>> {
>>>   "author": "hsianglee",
>>>   "name": "element-plus-admin",
>>>   "version": "0.0.0",
>>>   "dependencies": {},
>>>   "license": "MIT",
>>>   "repository": "https://github.com/hsiangleev/element-plus-admin",
>>>   "devDependencies": {
>>>     "tailwindcss": "^2.0.2"
>>>   },
>>>   "browserslist": [
>>>     "> 1%",
>>>     "last 2 versions",
>>>     "not ie <= 10"
>>>   ],
>>>   "eslintIgnore": [
>>>     "node_modules",
>>>     "dist"
>>>   ]
>>> }+ rm -f package-lock.json pnpm-lock.yaml yarn.lock
+ '[' ./frontend '!=' ./ ']'
+ rm -f /tmp/twcr-6af3577f65f4/package.json /tmp/twcr-6af3577f65f4/package-lock.json /tmp/twcr-6af3577f65f4/pnpm-lock.yaml /tmp/twcr-6af3577f65f4/yarn.lock
+ set +e
+ /twcr/worker/../worker/pm-install.sh npm /tmp/twcr-6af3577f65f4 /twcr/mnt/results
+ package_manager_name=npm
+ procdir=/tmp/twcr-6af3577f65f4
+ datadir=/twcr/mnt/results
+ case "${package_manager_name}" in
++ '[' -f package-lock.json ']'
++ echo install
+ npm install --ignore-engines

added 142 packages, and audited 143 packages in 8s

28 packages are looking for funding
  run `npm fund` for details

found 0 vulnerabilities
npm notice 
npm notice New minor version of npm available! 10.2.4 -> 10.5.0
npm notice Changelog: <https://github.com/npm/cli/releases/tag/v10.5.0>
npm notice Run `npm install -g npm@10.5.0` to update!
npm notice 
+ npm query '*'
+ jq -cr '
        map({ name: .name, version: .version })
        | map(select(.name))
        | sort_by(.name)[]
      '
+ exitcode=0
+ set -e
+ [[ 0 != \0 ]]
++ jq -sr 'map(select(.name == "tailwindcss")) | first | .version'
+ tailwind_package_version=2.2.19
+ tailwind_config_exporter=tailwind.config.exporter2.cjs
+ '[' -f node_modules/tailwindcss/lib/lib/load-config.js ']'
+ cp /twcr/worker/../worker/tailwind.config.exporter2.cjs ./
+ set +e
+ node ./tailwind.config.exporter2.cjs tailwind.config.js
+ exitcode=0
+ set -e
+ [[ 0 != \0 ]]
+ echo 'module.exports={plugins:['
+ jq -rs '
        map(select(.name | startswith("@tailwindcss/")))
        | map("require(" + ( .name | tojson ) + "),")[]
      '
+ grep -Ev '"@tailwindcss/postcss7-compat"'
+ true
+ echo ']}'
+ cat tailwind.config.js
+ sed 's/^/>>> /'
>>> module.exports={plugins:[
>>> ]}
+ node ./tailwind.config.exporter2.cjs tailwind.config.js
++ date -u +%Y-%m-%dT%H:%M:%SZ
+ writetaskstat timestamp_attempt_squash_end 2024-03-05T01:17:11Z
+ jq -nc --arg key timestamp_attempt_squash_end --arg value 2024-03-05T01:17:11Z '{ key: $key, value: $value }'
+ break
++ date -u +%Y-%m-%dT%H:%M:%SZ
+ writetaskstat timestamp_end 2024-03-05T01:17:11Z
+ jq -nc --arg key timestamp_end --arg value 2024-03-05T01:17:11Z '{ key: $key, value: $value }'
+ rm /twcr/mnt/results/extract-failed
+ touch /twcr/mnt/results/extract-completed
