==== RUN-DOCKER
+++ dirname -- ./worker/run.sh
++ cd -- ./worker
++ pwd
+ twcrdir=/twcr/worker/..
+ repo=github.com/ReCoded-Org/student-store-capstone-project
+ reporef=develop
+ repopath=./
+ '[' true == true ']'
+ grep -q '^././'
++ echo github.com/ReCoded-Org/student-store-capstone-project
++ sha256sum
++ awk '{ print $1 }'
++ cut -c1-12
+ procdir=/tmp/twcr-b5a05ac5b36b
++ echo 'github.com/ReCoded-Org/student-store-capstone-project;develop;./'
++ sha256sum
++ awk '{ print $1 }'
++ cut -c1-12
+ datadir=/twcr/worker/../mnt/dataset/data/5d6b0d5b07e7
+ '[' '!' -z /twcr/mnt/results ']'
+ datadir=/twcr/mnt/results
+ touch /twcr/mnt/results/extract-failed
++ base64
++ tr -d =
++ tr /+ _-
++ base64
++ tr -d =
++ tr /+ _-
+ writetaskstat analysis_key github.com/ReCoded-Org/student-store-capstone-project/ZGV2ZWxvcAo/Li8K
+ jq -nc --arg key analysis_key --arg value github.com/ReCoded-Org/student-store-capstone-project/ZGV2ZWxvcAo/Li8K '{ key: $key, value: $value }'
++ date -u +%Y%m%d%H%M%S
++ sha256sum
++ awk '{ print $1 }'
++ cut -c1-16
++ head -c 32 /dev/urandom
+ writetaskstat analysis_nonce 7473197fb13bec42
+ jq -nc --arg key analysis_nonce --arg value 7473197fb13bec42 '{ key: $key, value: $value }'
+ writetaskstat input_repo_name github.com/ReCoded-Org/student-store-capstone-project
+ jq -nc --arg key input_repo_name --arg value github.com/ReCoded-Org/student-store-capstone-project '{ key: $key, value: $value }'
+ writetaskstat input_repo_ref develop
+ jq -nc --arg key input_repo_ref --arg value develop '{ key: $key, value: $value }'
+ writetaskstat input_repo_path ./
+ jq -nc --arg key input_repo_path --arg value ./ '{ key: $key, value: $value }'
++ date -u +%Y-%m-%dT%H:%M:%SZ
+ writetaskstat timestamp_begin 2024-03-05T11:00:30Z
+ jq -nc --arg key timestamp_begin --arg value 2024-03-05T11:00:30Z '{ key: $key, value: $value }'
+ mkdir -p /tmp/twcr-b5a05ac5b36b
+ pushd /tmp/twcr-b5a05ac5b36b
+ '[' -d .git ']'
+ git clone --depth=1 -b develop https://github.com/ReCoded-Org/student-store-capstone-project.git .
/tmp/twcr-b5a05ac5b36b /twcr
Cloning into '.'...
++ date -u +%Y-%m-%dT%H:%M:%SZ
+ writetaskstat timestamp_git_clone_complete 2024-03-05T11:00:32Z
+ jq -nc --arg key timestamp_git_clone_complete --arg value 2024-03-05T11:00:32Z '{ key: $key, value: $value }'
++ git rev-parse HEAD
+ writetaskstat exec_repo_commit_sha b2a6959179a49b796a1c01ed37a5e8ab15b143b3
+ jq -nc --arg key exec_repo_commit_sha --arg value b2a6959179a49b796a1c01ed37a5e8ab15b143b3 '{ key: $key, value: $value }'
+++ git show --no-patch --format=%ci
++ date -u --date '2022-08-31 17:00:42 +0300' +%Y-%m-%dT%H:%M:%SZ
+ writetaskstat exec_repo_commit_date 2022-08-31T14:00:42Z
+ jq -nc --arg key exec_repo_commit_date --arg value 2022-08-31T14:00:42Z '{ key: $key, value: $value }'
/tmp/twcr-b5a05ac5b36b /tmp/twcr-b5a05ac5b36b /twcr
+ '[' -z ./ ']'
+ pushd ./
+ tailwind_config_file_name=
+ '[' -f tailwind.config.js ']'
+ tailwind_config_file_name=tailwind.config.js
+ writetaskstat exec_tailwind_config_file tailwind.config.js
+ jq -nc --arg key exec_tailwind_config_file --arg value tailwind.config.js '{ key: $key, value: $value }'
+ cp tailwind.config.js /twcr/mnt/results/extract-raw-tailwind-config.js
+ '[' '!' -f package.json ']'
+ cp package.json /twcr/mnt/results/extract-raw-package.json
++ /twcr/worker/../worker/pm-detect.sh /tmp/twcr-b5a05ac5b36b
+ package_manager_name=yarn
+ '[' -z yarn ']'
+ '[' -z yarn ']'
+ writetaskstat exec_node_package_manager yarn
+ jq -nc --arg key exec_node_package_manager --arg value yarn '{ key: $key, value: $value }'
+ attempt_mode=squash
+ true
++ date -u +%Y-%m-%dT%H:%M:%SZ
+ writetaskstat timestamp_attempt_squash_begin 2024-03-05T11:00:32Z
+ jq -nc --arg key timestamp_attempt_squash_begin --arg value 2024-03-05T11:00:32Z '{ key: $key, value: $value }'
+ [[ squash == \s\q\u\a\s\h ]]
+ set +e
+ node /twcr/worker/../worker/squash-package.mjs tailwind.config.js
+ exitcode=0
+ set -e
+ [[ 0 != \0 ]]
+ cat package.json
+ sed 's/^/>>> /'
>>> {
>>>   "name": "nextjs-tailwind",
>>>   "version": "0.1.0",
>>>   "private": true,
>>>   "dependencies": {},
>>>   "devDependencies": {
>>>     "@tailwindcss/forms": "^0.5.2",
>>>     "tailwindcss": "^3.1.5"
>>>   },
>>>   "lint-staged": {
>>>     "src/**/*.{js,jsx,ts,tsx}": [
>>>       "eslint --max-warnings=0",
>>>       "prettier -w"
>>>     ],
>>>     "src/**/*.{json,css,scss,md}": [
>>>       "prettier -w"
>>>     ]
>>>   },
>>>   "config": {
>>>     "commitizen": {
>>>       "path": "./node_modules/cz-conventional-changelog"
>>>     }
>>>   },
>>>   "jest": {
>>>     "setupFiles": [
>>>       "jest-setup.js"
>>>     ]
>>>   }
>>> }+ rm -f package-lock.json pnpm-lock.yaml yarn.lock
+ '[' ./ '!=' ./ ']'
+ set +e
+ /twcr/worker/../worker/pm-install.sh yarn /tmp/twcr-b5a05ac5b36b /twcr/mnt/results
+ package_manager_name=yarn
+ procdir=/tmp/twcr-b5a05ac5b36b
+ datadir=/twcr/mnt/results
+ case "${package_manager_name}" in
+ '[' -z http://tid_9acef2706e8f:ok@172.18.0.2:3128 ']'
+ yarn config set httpProxy http://tid_9acef2706e8f:ok@172.18.0.2:3128
yarn config v1.22.19
success Set "httpProxy" to "http://tid_9acef2706e8f:ok@172.18.0.2:3128".
Done in 0.04s.
+ '[' -z http://tid_9acef2706e8f:ok@172.18.0.2:3128 ']'
+ yarn config set httpsProxy http://tid_9acef2706e8f:ok@172.18.0.2:3128
yarn config v1.22.19
success Set "httpsProxy" to "http://tid_9acef2706e8f:ok@172.18.0.2:3128".
Done in 0.04s.
+ yarn install
yarn install v1.22.19
info No lockfile found.
[1/4] Resolving packages...
(node:131) [DEP0040] DeprecationWarning: The `punycode` module is deprecated. Please use a userland alternative instead.
(Use `node --trace-deprecation ...` to show where the warning was created)
[2/4] Fetching packages...
[3/4] Linking dependencies...
[4/4] Building fresh packages...
success Saved lockfile.
Done in 6.43s.
+ yarn list --depth=0 --json --non-interactive --no-progress
+ jq -cr '
        [.. | .name?]
        | map(select(.))
        | map(capture("^(?<name>@?[^@]+)@(?<version>.+)$"))
        | sort_by(.name)[]'
+ exitcode=0
+ set -e
+ [[ 0 != \0 ]]
++ jq -sr 'map(select(.name == "tailwindcss")) | first | .version'
+ tailwind_package_version=3.4.1
+ tailwind_config_exporter=tailwind.config.exporter2.cjs
+ '[' -f node_modules/tailwindcss/lib/lib/load-config.js ']'
+ tailwind_config_exporter=tailwind.config.exporter3.mjs
+ cp /twcr/worker/../worker/tailwind.config.exporter3.mjs ./
+ set +e
+ node ./tailwind.config.exporter3.mjs tailwind.config.js
+ exitcode=0
+ set -e
+ [[ 0 != \0 ]]
+ echo 'module.exports={plugins:['
+ jq -rs '
        map(select(.name | startswith("@tailwindcss/")))
        | map("require(" + ( .name | tojson ) + "),")[]
      '
+ grep -Ev '"@tailwindcss/postcss7-compat"'
+ echo ']}'
+ cat tailwind.config.js
+ sed 's/^/>>> /'
>>> module.exports={plugins:[
>>> require("@tailwindcss/forms"),
>>> ]}
+ node ./tailwind.config.exporter3.mjs tailwind.config.js
++ date -u +%Y-%m-%dT%H:%M:%SZ
+ writetaskstat timestamp_attempt_squash_end 2024-03-05T11:00:40Z
+ jq -nc --arg key timestamp_attempt_squash_end --arg value 2024-03-05T11:00:40Z '{ key: $key, value: $value }'
+ break
++ date -u +%Y-%m-%dT%H:%M:%SZ
+ writetaskstat timestamp_end 2024-03-05T11:00:40Z
+ jq -nc --arg key timestamp_end --arg value 2024-03-05T11:00:40Z '{ key: $key, value: $value }'
+ rm /twcr/mnt/results/extract-failed
+ touch /twcr/mnt/results/extract-completed
