==== RUN-DOCKER
+++ dirname -- ./worker/run.sh
++ cd -- ./worker
++ pwd
+ twcrdir=/twcr/worker/..
+ repo=github.com/poketrax/PokeTrax
+ reporef=main
+ repopath=./src-web
+ '[' true == true ']'
+ grep -q '^././'
++ echo github.com/poketrax/PokeTrax
++ sha256sum
++ awk '{ print $1 }'
++ cut -c1-12
+ procdir=/tmp/twcr-00881f186db5
++ echo 'github.com/poketrax/PokeTrax;main;./src-web'
++ sha256sum
++ awk '{ print $1 }'
++ cut -c1-12
+ datadir=/twcr/worker/../mnt/dataset/data/6b344a63e882
+ '[' '!' -z /twcr/mnt/results ']'
+ datadir=/twcr/mnt/results
+ touch /twcr/mnt/results/extract-failed
++ base64
++ tr -d =
++ tr /+ _-
++ base64
++ tr -d =
++ tr /+ _-
+ writetaskstat analysis_key github.com/poketrax/PokeTrax/bWFpbgo/Li9zcmMtd2ViCg
+ jq -nc --arg key analysis_key --arg value github.com/poketrax/PokeTrax/bWFpbgo/Li9zcmMtd2ViCg '{ key: $key, value: $value }'
++ date -u +%Y%m%d%H%M%S
++ sha256sum
++ awk '{ print $1 }'
++ cut -c1-16
++ head -c 32 /dev/urandom
+ writetaskstat analysis_nonce 005cb3a7e4b4f990
+ jq -nc --arg key analysis_nonce --arg value 005cb3a7e4b4f990 '{ key: $key, value: $value }'
+ writetaskstat input_repo_name github.com/poketrax/PokeTrax
+ jq -nc --arg key input_repo_name --arg value github.com/poketrax/PokeTrax '{ key: $key, value: $value }'
+ writetaskstat input_repo_ref main
+ jq -nc --arg key input_repo_ref --arg value main '{ key: $key, value: $value }'
+ writetaskstat input_repo_path ./src-web
+ jq -nc --arg key input_repo_path --arg value ./src-web '{ key: $key, value: $value }'
++ date -u +%Y-%m-%dT%H:%M:%SZ
+ writetaskstat timestamp_begin 2024-03-05T09:11:01Z
+ jq -nc --arg key timestamp_begin --arg value 2024-03-05T09:11:01Z '{ key: $key, value: $value }'
+ mkdir -p /tmp/twcr-00881f186db5
/tmp/twcr-00881f186db5 /twcr
+ pushd /tmp/twcr-00881f186db5
+ '[' -d .git ']'
+ git clone --depth=1 -b main https://github.com/poketrax/PokeTrax.git .
Cloning into '.'...
++ date -u +%Y-%m-%dT%H:%M:%SZ
+ writetaskstat timestamp_git_clone_complete 2024-03-05T09:11:10Z
+ jq -nc --arg key timestamp_git_clone_complete --arg value 2024-03-05T09:11:10Z '{ key: $key, value: $value }'
++ git rev-parse HEAD
+ writetaskstat exec_repo_commit_sha fde7c93ad6b34c8fc4c4691bfbbf58369e0b0193
+ jq -nc --arg key exec_repo_commit_sha --arg value fde7c93ad6b34c8fc4c4691bfbbf58369e0b0193 '{ key: $key, value: $value }'
+++ git show --no-patch --format=%ci
++ date -u --date '2024-02-23 18:24:41 -0500' +%Y-%m-%dT%H:%M:%SZ
+ writetaskstat exec_repo_commit_date 2024-02-23T23:24:41Z
+ jq -nc --arg key exec_repo_commit_date --arg value 2024-02-23T23:24:41Z '{ key: $key, value: $value }'
+ '[' -z ./src-web ']'
+ pushd ./src-web
+ tailwind_config_file_name=
+ '[' -f tailwind.config.js ']'
+ '[' -f tailwind.config.cjs ']'
+ tailwind_config_file_name=tailwind.config.cjs
+ writetaskstat exec_tailwind_config_file tailwind.config.cjs
+ jq -nc --arg key exec_tailwind_config_file --arg value tailwind.config.cjs '{ key: $key, value: $value }'
/tmp/twcr-00881f186db5/src-web /tmp/twcr-00881f186db5 /twcr
+ cp tailwind.config.cjs /twcr/mnt/results/extract-raw-tailwind-config.js
+ '[' '!' -f package.json ']'
+ cp package.json /twcr/mnt/results/extract-raw-package.json
++ /twcr/worker/../worker/pm-detect.sh /tmp/twcr-00881f186db5/src-web
+ package_manager_name=
+ '[' -z '' ']'
+ '[' ./src-web '!=' ./ ']'
++ /twcr/worker/../worker/pm-detect.sh /tmp/twcr-00881f186db5
grep: /tmp/twcr-00881f186db5/package.json: No such file or directory
grep: /tmp/twcr-00881f186db5/package.json: No such file or directory
grep: /tmp/twcr-00881f186db5/package.json: No such file or directory
/twcr/worker/../worker/pm-detect.sh: line 17: /tmp/twcr-00881f186db5/package.json: No such file or directory
+ package_manager_name=
+ '[' -z '' ']'
+ package_manager_name=npm
+ writetaskstat exec_node_package_manager npm
+ jq -nc --arg key exec_node_package_manager --arg value npm '{ key: $key, value: $value }'
+ attempt_mode=squash
+ true
++ date -u +%Y-%m-%dT%H:%M:%SZ
+ writetaskstat timestamp_attempt_squash_begin 2024-03-05T09:11:10Z
+ jq -nc --arg key timestamp_attempt_squash_begin --arg value 2024-03-05T09:11:10Z '{ key: $key, value: $value }'
+ [[ squash == \s\q\u\a\s\h ]]
+ set +e
+ node /twcr/worker/../worker/squash-package.mjs tailwind.config.cjs
+ exitcode=0
+ set -e
+ [[ 0 != \0 ]]
+ cat package.json
+ sed 's/^/>>> /'
>>> {
>>>   "name": "poketrax-webapp",
>>>   "private": true,
>>>   "version": "0.0.0",
>>>   "type": "module",
>>>   "devDependencies": {
>>>     "tailwindcss": "^3.2.4"
>>>   },
>>>   "dependencies": {
>>>     "daisyui": "^2.47.0"
>>>   }
>>> }+ rm -f package-lock.json pnpm-lock.yaml yarn.lock
+ '[' ./src-web '!=' ./ ']'
+ rm -f /tmp/twcr-00881f186db5/package.json /tmp/twcr-00881f186db5/package-lock.json /tmp/twcr-00881f186db5/pnpm-lock.yaml /tmp/twcr-00881f186db5/yarn.lock
+ set +e
+ /twcr/worker/../worker/pm-install.sh npm /tmp/twcr-00881f186db5 /twcr/mnt/results
+ package_manager_name=npm
+ procdir=/tmp/twcr-00881f186db5
+ datadir=/twcr/mnt/results
+ case "${package_manager_name}" in
++ '[' -f package-lock.json ']'
++ echo install
+ npm install --ignore-engines

added 128 packages, and audited 129 packages in 4s

34 packages are looking for funding
  run `npm fund` for details

found 0 vulnerabilities
npm notice 
npm notice New minor version of npm available! 10.2.4 -> 10.5.0
npm notice Changelog: <https://github.com/npm/cli/releases/tag/v10.5.0>
npm notice Run `npm install -g npm@10.5.0` to update!
npm notice 
+ npm query '*'
+ jq -cr '
        map({ name: .name, version: .version })
        | map(select(.name))
        | sort_by(.name)[]
      '
+ exitcode=0
+ set -e
+ [[ 0 != \0 ]]
++ jq -sr 'map(select(.name == "tailwindcss")) | first | .version'
+ tailwind_package_version=3.4.1
+ tailwind_config_exporter=tailwind.config.exporter2.cjs
+ '[' -f node_modules/tailwindcss/lib/lib/load-config.js ']'
+ tailwind_config_exporter=tailwind.config.exporter3.mjs
+ cp /twcr/worker/../worker/tailwind.config.exporter3.mjs ./
+ set +e
+ node ./tailwind.config.exporter3.mjs tailwind.config.cjs
+ exitcode=0
+ set -e
+ [[ 0 != \0 ]]
+ echo 'module.exports={plugins:['
+ jq -rs '
        map(select(.name | startswith("@tailwindcss/")))
        | map("require(" + ( .name | tojson ) + "),")[]
      '
+ grep -Ev '"@tailwindcss/postcss7-compat"'
+ true
+ echo ']}'
+ cat tailwind.config.cjs
+ sed 's/^/>>> /'
>>> module.exports={plugins:[
>>> ]}
+ node ./tailwind.config.exporter3.mjs tailwind.config.cjs
++ date -u +%Y-%m-%dT%H:%M:%SZ
+ writetaskstat timestamp_attempt_squash_end 2024-03-05T09:11:15Z
+ jq -nc --arg key timestamp_attempt_squash_end --arg value 2024-03-05T09:11:15Z '{ key: $key, value: $value }'
+ break
++ date -u +%Y-%m-%dT%H:%M:%SZ
+ writetaskstat timestamp_end 2024-03-05T09:11:15Z
+ jq -nc --arg key timestamp_end --arg value 2024-03-05T09:11:15Z '{ key: $key, value: $value }'
+ rm /twcr/mnt/results/extract-failed
+ touch /twcr/mnt/results/extract-completed
