==== RUN-DOCKER
+++ dirname -- ./worker/run.sh
++ cd -- ./worker
++ pwd
+ twcrdir=/twcr/worker/..
+ repo=github.com/ExpressionEngine/ExpressionEngine-User-Guide
+ reporef=7.dev
+ repopath=./
++ echo github.com/ExpressionEngine/ExpressionEngine-User-Guide
++ sha256sum
++ awk '{ print $1 }'
++ cut -c1-12
+ procdir=/tmp/twcr-00b9a273813a
++ echo 'github.com/ExpressionEngine/ExpressionEngine-User-Guide;7.dev;./'
++ sha256sum
++ awk '{ print $1 }'
++ cut -c1-12
+ datadir=/twcr/worker/../mnt/dataset/data/247e09b32ab1
+ '[' '!' -z /twcr/mnt/results ']'
+ datadir=/twcr/mnt/results
+ touch /twcr/mnt/results/extract-failed
++ base64
++ tr -d =
++ tr /+ _-
++ base64
++ tr -d =
++ tr /+ _-
+ writetaskstat analysis_key github.com/ExpressionEngine/ExpressionEngine-User-Guide/Ny5kZXYK/Li8K
+ jq -nc --arg key analysis_key --arg value github.com/ExpressionEngine/ExpressionEngine-User-Guide/Ny5kZXYK/Li8K '{ key: $key, value: $value }'
++ date -u +%Y%m%d%H%M%S
++ sha256sum
++ awk '{ print $1 }'
++ cut -c1-16
++ head -c 32 /dev/urandom
+ writetaskstat analysis_nonce 9d09f5d016e1efdc
+ jq -nc --arg key analysis_nonce --arg value 9d09f5d016e1efdc '{ key: $key, value: $value }'
+ writetaskstat input_repo_name github.com/ExpressionEngine/ExpressionEngine-User-Guide
+ jq -nc --arg key input_repo_name --arg value github.com/ExpressionEngine/ExpressionEngine-User-Guide '{ key: $key, value: $value }'
+ writetaskstat input_repo_ref 7.dev
+ jq -nc --arg key input_repo_ref --arg value 7.dev '{ key: $key, value: $value }'
+ writetaskstat input_repo_path ./
+ jq -nc --arg key input_repo_path --arg value ./ '{ key: $key, value: $value }'
++ date -u +%Y-%m-%dT%H:%M:%SZ
+ writetaskstat timestamp_begin 2024-03-03T00:26:40Z
+ jq -nc --arg key timestamp_begin --arg value 2024-03-03T00:26:40Z '{ key: $key, value: $value }'
+ mkdir -p /tmp/twcr-00b9a273813a
/tmp/twcr-00b9a273813a /twcr
+ pushd /tmp/twcr-00b9a273813a
+ '[' -d .git ']'
+ git clone --depth=1 -b 7.dev https://github.com/ExpressionEngine/ExpressionEngine-User-Guide.git .
Cloning into '.'...
++ date -u +%Y-%m-%dT%H:%M:%SZ
+ writetaskstat timestamp_git_clone_complete 2024-03-03T00:26:42Z
+ jq -nc --arg key timestamp_git_clone_complete --arg value 2024-03-03T00:26:42Z '{ key: $key, value: $value }'
++ git rev-parse HEAD
+ writetaskstat exec_repo_commit_sha df77857ea1f3563aa842141f4598973cdc7f1464
+ jq -nc --arg key exec_repo_commit_sha --arg value df77857ea1f3563aa842141f4598973cdc7f1464 '{ key: $key, value: $value }'
+++ git show --no-patch --format=%ci
++ date -u --date '2024-02-27 10:06:41 -0500' +%Y-%m-%dT%H:%M:%SZ
+ writetaskstat exec_repo_commit_date 2024-02-27T15:06:41Z
+ jq -nc --arg key exec_repo_commit_date --arg value 2024-02-27T15:06:41Z '{ key: $key, value: $value }'
/tmp/twcr-00b9a273813a /tmp/twcr-00b9a273813a /twcr
+ '[' -z ./ ']'
+ pushd ./
+ tailwind_config_file_name=
+ '[' -f tailwind.config.js ']'
+ tailwind_config_file_name=tailwind.config.js
+ writetaskstat exec_tailwind_config_file tailwind.config.js
+ jq -nc --arg key exec_tailwind_config_file --arg value tailwind.config.js '{ key: $key, value: $value }'
+ cp tailwind.config.js /twcr/mnt/results/extract-raw-tailwind-config.js
+ '[' '!' -f package.json ']'
+ cp package.json /twcr/mnt/results/extract-raw-package.json
+ package_manager_name=npm
+ grep -q '"packageManager":[^"]+"pnpm@"' package.json
+ '[' -f pnpm-lock.yaml ']'
+ '[' -f pnpm-workspace.yaml ']'
+ '[' -f /tmp/twcr-00b9a273813a/pnpm-workspace.yaml ']'
+ cat README.md
+ grep -q 'pnpm install'
+ grep -q '"packageManager":[^"]+"yarn@"' package.json
+ '[' -f yarn.lock ']'
+ grep -q '":[^"]+"workspace:' package.json
+ cat README.md
+ grep -q 'yarn install'
+ writetaskstat exec_node_package_manager npm
+ jq -nc --arg key exec_node_package_manager --arg value npm '{ key: $key, value: $value }'
+ attempt_mode=squash
+ true
++ date -u +%Y-%m-%dT%H:%M:%SZ
+ writetaskstat timestamp_attempt_squash_begin 2024-03-03T00:26:43Z
+ jq -nc --arg key timestamp_attempt_squash_begin --arg value 2024-03-03T00:26:43Z '{ key: $key, value: $value }'
+ [[ squash == \s\q\u\a\s\h ]]
+ set +e
+ node /twcr/worker/../worker/squash-package.mjs tailwind.config.js
+ exitcode=0
+ set -e
+ [[ 0 != \0 ]]
+ cat package.json
+ sed 's/^/>>> /'
>>> {
>>>   "name": "ExpressionEngine-Docs",
>>>   "repository": {
>>>     "type": "git",
>>>     "url": "git+https://github.com/ExpressionEngine/ExpressionEngine-User-Guide.git"
>>>   },
>>>   "license": "Apache-2.0",
>>>   "private": true,
>>>   "dependencies": {
>>>     "daisyui": "^2.38.1"
>>>   },
>>>   "devDependencies": {
>>>     "tailwindcss": "^3.2.1"
>>>   },
>>>   "description": "The public user guide repository for the [ExpressionEngine](https://expressionengine.com) project. The online version of the user guide is hosted at [docs.expressionengine.com](https://docs.expressionengine.com).",
>>>   "bugs": {
>>>     "url": "https://github.com/ExpressionEngine/ExpressionEngine-User-Guide/issues"
>>>   },
>>>   "homepage": "https://github.com/ExpressionEngine/ExpressionEngine-User-Guide#readme",
>>>   "version": "1.0.0",
>>>   "main": "gulpfile.js",
>>>   "directories": {
>>>     "doc": "docs"
>>>   },
>>>   "keywords": [],
>>>   "author": ""
>>> }+ set +e
+ /twcr/worker/../worker/pm-install.sh npm /tmp/twcr-00b9a273813a /twcr/mnt/results
+ package_manager_name=npm
+ procdir=/tmp/twcr-00b9a273813a
+ datadir=/twcr/mnt/results
+ case "${package_manager_name}" in
++ '[' -f package-lock.json ']'
++ echo ci
+ npm ci --ignore-engines

added 103 packages, and audited 104 packages in 5s

18 packages are looking for funding
  run `npm fund` for details

1 moderate severity vulnerability

To address all issues, run:
  npm audit fix

Run `npm audit` for details.
npm notice 
npm notice New minor version of npm available! 10.2.4 -> 10.5.0
npm notice Changelog: <https://github.com/npm/cli/releases/tag/v10.5.0>
npm notice Run `npm install -g npm@10.5.0` to update!
npm notice 
+ npm query '*'
+ jq -cr '
        map({ name: .name, version: .version })
        | map(select(.name))
        | sort_by(.name)[]
      '
+ exitcode=0
+ set -e
+ [[ 0 != \0 ]]
++ jq -sr 'map(select(.name == "tailwindcss")) | first | .version'
+ tailwind_package_version=3.2.1
+ tailwind_config_exporter=tailwind.config.exporter3.mjs
+ true
+ cp /twcr/worker/../worker/tailwind.config.exporter3.mjs ./
+ set +e
+ node ./tailwind.config.exporter3.mjs tailwind.config.js
node:internal/modules/esm/resolve:263
    throw new ERR_MODULE_NOT_FOUND(
          ^

Error [ERR_MODULE_NOT_FOUND]: Cannot find module '/tmp/twcr-00b9a273813a/node_modules/tailwindcss/lib/lib/load-config.js' imported from /tmp/twcr-00b9a273813a/tailwind.config.exporter3.mjs
    at finalizeResolution (node:internal/modules/esm/resolve:263:11)
    at moduleResolve (node:internal/modules/esm/resolve:908:10)
    at defaultResolve (node:internal/modules/esm/resolve:1131:11)
    at ModuleLoader.defaultResolve (node:internal/modules/esm/loader:390:12)
    at ModuleLoader.resolve (node:internal/modules/esm/loader:359:25)
    at ModuleLoader.getModuleJob (node:internal/modules/esm/loader:234:38)
    at ModuleWrap.<anonymous> (node:internal/modules/esm/module_job:85:39)
    at link (node:internal/modules/esm/module_job:84:36) {
  code: 'ERR_MODULE_NOT_FOUND',
  url: 'file:///tmp/twcr-00b9a273813a/node_modules/tailwindcss/lib/lib/load-config.js'
}

Node.js v21.6.2
+ exitcode=1
+ set -e
+ [[ 1 != \0 ]]
+ [[ tailwind.config.exporter3.mjs == \t\a\i\l\w\i\n\d\.\c\o\n\f\i\g\.\e\x\p\o\r\t\e\r\3\.\m\j\s ]]
+ echo '[worker] WARN: exporter failed; retrying with alternative'
[worker] WARN: exporter failed; retrying with alternative
+ tailwind_config_exporter=tailwind.config.exporter2.cjs
+ continue
+ true
+ cp /twcr/worker/../worker/tailwind.config.exporter2.cjs ./
+ set +e
+ node ./tailwind.config.exporter2.cjs tailwind.config.js
+ exitcode=0
+ set -e
+ [[ 0 != \0 ]]
+ break
+ echo 'module.exports={plugins:['
+ jq -rs '
        map(select(.name | startswith("@tailwindcss/")))
        | map("require(" + ( .name | tojson ) + "),")[]
      '
+ echo ']}'
+ cat tailwind.config.js
+ sed 's/^/>>> /'
>>> module.exports={plugins:[
>>> ]}
+ node ./tailwind.config.exporter2.cjs tailwind.config.js
++ date -u +%Y-%m-%dT%H:%M:%SZ
+ writetaskstat timestamp_attempt_squash_end 2024-03-03T00:26:49Z
+ jq -nc --arg key timestamp_attempt_squash_end --arg value 2024-03-03T00:26:49Z '{ key: $key, value: $value }'
+ break
++ date -u +%Y-%m-%dT%H:%M:%SZ
+ writetaskstat timestamp_end 2024-03-03T00:26:49Z
+ jq -nc --arg key timestamp_end --arg value 2024-03-03T00:26:49Z '{ key: $key, value: $value }'
+ rm /twcr/mnt/results/extract-failed
+ touch /twcr/mnt/results/extract-completed
