==== RUN-DOCKER
+++ dirname -- ./worker/run.sh
++ cd -- ./worker
++ pwd
+ twcrdir=/twcr/worker/..
+ repo=github.com/pure-admin/vue-pure-admin
+ reporef=main
+ repopath=./
+ '[' true == true ']'
+ grep -q '^././'
++ echo github.com/pure-admin/vue-pure-admin
++ sha256sum
++ awk '{ print $1 }'
++ cut -c1-12
+ procdir=/tmp/twcr-86295d13c4cf
++ echo 'github.com/pure-admin/vue-pure-admin;main;./'
++ sha256sum
++ awk '{ print $1 }'
++ cut -c1-12
+ datadir=/twcr/worker/../mnt/dataset/data/7b92611f8b06
+ '[' '!' -z /twcr/mnt/results ']'
+ datadir=/twcr/mnt/results
+ touch /twcr/mnt/results/extract-failed
++ base64
++ tr -d =
++ tr /+ _-
++ base64
++ tr -d =
++ tr /+ _-
+ writetaskstat analysis_key github.com/pure-admin/vue-pure-admin/bWFpbgo/Li8K
+ jq -nc --arg key analysis_key --arg value github.com/pure-admin/vue-pure-admin/bWFpbgo/Li8K '{ key: $key, value: $value }'
++ date -u +%Y%m%d%H%M%S
++ sha256sum
++ awk '{ print $1 }'
++ cut -c1-16
++ head -c 32 /dev/urandom
+ writetaskstat analysis_nonce a2e5d22b2f3d26f4
+ jq -nc --arg key analysis_nonce --arg value a2e5d22b2f3d26f4 '{ key: $key, value: $value }'
+ writetaskstat input_repo_name github.com/pure-admin/vue-pure-admin
+ jq -nc --arg key input_repo_name --arg value github.com/pure-admin/vue-pure-admin '{ key: $key, value: $value }'
+ writetaskstat input_repo_ref main
+ jq -nc --arg key input_repo_ref --arg value main '{ key: $key, value: $value }'
+ writetaskstat input_repo_path ./
+ jq -nc --arg key input_repo_path --arg value ./ '{ key: $key, value: $value }'
++ date -u +%Y-%m-%dT%H:%M:%SZ
+ writetaskstat timestamp_begin 2024-03-03T23:22:32Z
+ jq -nc --arg key timestamp_begin --arg value 2024-03-03T23:22:32Z '{ key: $key, value: $value }'
+ mkdir -p /tmp/twcr-86295d13c4cf
/tmp/twcr-86295d13c4cf /twcr
+ pushd /tmp/twcr-86295d13c4cf
+ '[' -d .git ']'
+ git clone --depth=1 -b main https://github.com/pure-admin/vue-pure-admin.git .
Cloning into '.'...
++ date -u +%Y-%m-%dT%H:%M:%SZ
+ writetaskstat timestamp_git_clone_complete 2024-03-03T23:22:35Z
+ jq -nc --arg key timestamp_git_clone_complete --arg value 2024-03-03T23:22:35Z '{ key: $key, value: $value }'
++ git rev-parse HEAD
+ writetaskstat exec_repo_commit_sha c4d5e3bfcdf2be3d331fd50436d57778260bda88
+ jq -nc --arg key exec_repo_commit_sha --arg value c4d5e3bfcdf2be3d331fd50436d57778260bda88 '{ key: $key, value: $value }'
+++ git show --no-patch --format=%ci
++ date -u --date '2024-03-04 01:05:43 +0800' +%Y-%m-%dT%H:%M:%SZ
+ writetaskstat exec_repo_commit_date 2024-03-03T17:05:43Z
+ jq -nc --arg key exec_repo_commit_date --arg value 2024-03-03T17:05:43Z '{ key: $key, value: $value }'
+ '[' -z ./ ']'
+ pushd ./
+ tailwind_config_file_name=
+ '[' -f tailwind.config.js ']'
+ '[' -f tailwind.config.cjs ']'
+ '[' -f tailwind.config.mjs ']'
+ '[' -f tailwind.config.ts ']'
+ tailwind_config_file_name=tailwind.config.ts
+ writetaskstat exec_tailwind_config_file tailwind.config.ts
+ jq -nc --arg key exec_tailwind_config_file --arg value tailwind.config.ts '{ key: $key, value: $value }'
/tmp/twcr-86295d13c4cf /tmp/twcr-86295d13c4cf /twcr
+ cp tailwind.config.ts /twcr/mnt/results/extract-raw-tailwind-config.js
+ '[' '!' -f package.json ']'
+ cp package.json /twcr/mnt/results/extract-raw-package.json
++ /twcr/worker/../worker/pm-detect.sh /tmp/twcr-86295d13c4cf
+ package_manager_name=pnpm
+ '[' -z pnpm ']'
+ '[' -z pnpm ']'
+ writetaskstat exec_node_package_manager pnpm
+ jq -nc --arg key exec_node_package_manager --arg value pnpm '{ key: $key, value: $value }'
+ attempt_mode=squash
+ true
++ date -u +%Y-%m-%dT%H:%M:%SZ
+ writetaskstat timestamp_attempt_squash_begin 2024-03-03T23:22:35Z
+ jq -nc --arg key timestamp_attempt_squash_begin --arg value 2024-03-03T23:22:35Z '{ key: $key, value: $value }'
+ [[ squash == \s\q\u\a\s\h ]]
+ set +e
+ node /twcr/worker/../worker/squash-package.mjs tailwind.config.ts
+ exitcode=0
+ set -e
+ [[ 0 != \0 ]]
+ cat package.json
+ sed 's/^/>>> /'
>>> {
>>>   "name": "vue-pure-admin",
>>>   "version": "5.1.0",
>>>   "private": true,
>>>   "type": "module",
>>>   "keywords": [
>>>     "vue-pure-admin",
>>>     "element-plus",
>>>     "tailwindcss",
>>>     "pure-admin",
>>>     "typescript",
>>>     "pinia",
>>>     "vue3",
>>>     "vite",
>>>     "esm"
>>>   ],
>>>   "homepage": "https://github.com/pure-admin/vue-pure-admin",
>>>   "repository": {
>>>     "type": "git",
>>>     "url": "git+https://github.com/pure-admin/vue-pure-admin.git"
>>>   },
>>>   "bugs": {
>>>     "url": "https://github.com/pure-admin/vue-pure-admin/issues"
>>>   },
>>>   "license": "MIT",
>>>   "author": {
>>>     "name": "xiaoxian521",
>>>     "email": "pureadmin@163.com",
>>>     "url": "https://github.com/xiaoxian521"
>>>   },
>>>   "dependencies": {},
>>>   "devDependencies": {
>>>     "tailwindcss": "^3.4.1"
>>>   },
>>>   "engines": {
>>>     "node": "^18.18.0 || ^20.9.0 || >=21.1.0",
>>>     "pnpm": ">=8.6.10"
>>>   },
>>>   "packageManager": "pnpm@8.6.10",
>>>   "pnpm": {
>>>     "allowedDeprecatedVersions": {
>>>       "sourcemap-codec": "*",
>>>       "domexception": "*",
>>>       "w3c-hr-time": "*",
>>>       "stable": "*",
>>>       "abab": "*"
>>>     }
>>>   }
>>> }+ rm -f package-lock.json pnpm-lock.yaml yarn.lock
+ '[' ./ '!=' ./ ']'
+ set +e
+ /twcr/worker/../worker/pm-install.sh pnpm /tmp/twcr-86295d13c4cf /twcr/mnt/results
+ package_manager_name=pnpm
+ procdir=/tmp/twcr-86295d13c4cf
+ datadir=/twcr/mnt/results
+ case "${package_manager_name}" in
+ '[' '!' -f /tmp/twcr-86295d13c4cf/package.json ']'
++ pnpm -v
+ sed -Ei 's/("pnpm": ")(.+)(")/\18.15.4\3/' /tmp/twcr-86295d13c4cf/package.json
+ '[' '!' -f package.json ']'
++ pnpm -v
+ sed -Ei 's/("pnpm": ")(.+)(")/\18.15.4\3/' package.json
+ pnpm install
Progress: resolved 1, reused 0, downloaded 0, added 0
Progress: resolved 20, reused 0, downloaded 8, added 0
Progress: resolved 39, reused 0, downloaded 28, added 0
Progress: resolved 59, reused 0, downloaded 49, added 0
Progress: resolved 79, reused 0, downloaded 74, added 0
Progress: resolved 104, reused 0, downloaded 97, added 0
Packages: +105
++++++++++++++++++++++++++++++++++++++++++++++++++++++++++++++++++++++++++++++++
Progress: resolved 106, reused 0, downloaded 105, added 105, done

devDependencies:
+ tailwindcss 3.4.1

Done in 6.9s
+ pnpm ls --json
+ jq -cr '
        .[]
        | [.dependencies, .devDependencies, .optionalDependencies]
        | map(select(.))[]
        | to_entries
        | map({ name: .key, version: .value.version })
        | sort_by(.name)[]
      '
+ exitcode=0
+ set -e
+ [[ 0 != \0 ]]
++ jq -sr 'map(select(.name == "tailwindcss")) | first | .version'
+ tailwind_package_version=3.4.1
+ tailwind_config_exporter=tailwind.config.exporter2.cjs
+ '[' -f node_modules/tailwindcss/lib/lib/load-config.js ']'
+ tailwind_config_exporter=tailwind.config.exporter3.mjs
+ cp /twcr/worker/../worker/tailwind.config.exporter3.mjs ./
+ set +e
+ node ./tailwind.config.exporter3.mjs tailwind.config.ts
+ exitcode=0
+ set -e
+ [[ 0 != \0 ]]
+ echo 'module.exports={plugins:['
+ jq -rs '
        map(select(.name | startswith("@tailwindcss/")))
        | map("require(" + ( .name | tojson ) + "),")[]
      '
+ grep -Ev '"@tailwindcss/postcss7-compat"'
+ true
+ echo ']}'
+ cat tailwind.config.ts
+ sed 's/^/>>> /'
>>> module.exports={plugins:[
>>> ]}
+ node ./tailwind.config.exporter3.mjs tailwind.config.ts
++ date -u +%Y-%m-%dT%H:%M:%SZ
+ writetaskstat timestamp_attempt_squash_end 2024-03-03T23:22:44Z
+ jq -nc --arg key timestamp_attempt_squash_end --arg value 2024-03-03T23:22:44Z '{ key: $key, value: $value }'
+ break
++ date -u +%Y-%m-%dT%H:%M:%SZ
+ writetaskstat timestamp_end 2024-03-03T23:22:44Z
+ jq -nc --arg key timestamp_end --arg value 2024-03-03T23:22:44Z '{ key: $key, value: $value }'
+ rm /twcr/mnt/results/extract-failed
+ touch /twcr/mnt/results/extract-completed
