==== RUN-DOCKER
+++ dirname -- ./worker/run.sh
++ cd -- ./worker
++ pwd
+ twcrdir=/twcr/worker/..
+ repo=github.com/riccardoperra/specflow
+ reporef=main
+ repopath=./
+ '[' true == true ']'
+ grep -q '^././'
++ echo github.com/riccardoperra/specflow
++ sha256sum
++ awk '{ print $1 }'
++ cut -c1-12
+ procdir=/tmp/twcr-a5f40814b8cb
++ echo 'github.com/riccardoperra/specflow;main;./'
++ sha256sum
++ awk '{ print $1 }'
++ cut -c1-12
+ datadir=/twcr/worker/../mnt/dataset/data/229369bae3fe
+ '[' '!' -z /twcr/mnt/results ']'
+ datadir=/twcr/mnt/results
+ touch /twcr/mnt/results/extract-failed
++ base64
++ tr -d =
++ tr /+ _-
++ base64
++ tr -d =
++ tr /+ _-
+ writetaskstat analysis_key github.com/riccardoperra/specflow/bWFpbgo/Li8K
+ jq -nc --arg key analysis_key --arg value github.com/riccardoperra/specflow/bWFpbgo/Li8K '{ key: $key, value: $value }'
++ date -u +%Y%m%d%H%M%S
++ sha256sum
++ awk '{ print $1 }'
++ cut -c1-16
++ head -c 32 /dev/urandom
+ writetaskstat analysis_nonce 8223606e686aeba3
+ jq -nc --arg key analysis_nonce --arg value 8223606e686aeba3 '{ key: $key, value: $value }'
+ writetaskstat input_repo_name github.com/riccardoperra/specflow
+ jq -nc --arg key input_repo_name --arg value github.com/riccardoperra/specflow '{ key: $key, value: $value }'
+ writetaskstat input_repo_ref main
+ jq -nc --arg key input_repo_ref --arg value main '{ key: $key, value: $value }'
+ writetaskstat input_repo_path ./
+ jq -nc --arg key input_repo_path --arg value ./ '{ key: $key, value: $value }'
++ date -u +%Y-%m-%dT%H:%M:%SZ
+ writetaskstat timestamp_begin 2024-03-05T10:14:11Z
+ jq -nc --arg key timestamp_begin --arg value 2024-03-05T10:14:11Z '{ key: $key, value: $value }'
+ mkdir -p /tmp/twcr-a5f40814b8cb
/tmp/twcr-a5f40814b8cb /twcr
+ pushd /tmp/twcr-a5f40814b8cb
+ '[' -d .git ']'
+ git clone --depth=1 -b main https://github.com/riccardoperra/specflow.git .
Cloning into '.'...
++ date -u +%Y-%m-%dT%H:%M:%SZ
+ writetaskstat timestamp_git_clone_complete 2024-03-05T10:14:12Z
+ jq -nc --arg key timestamp_git_clone_complete --arg value 2024-03-05T10:14:12Z '{ key: $key, value: $value }'
++ git rev-parse HEAD
+ writetaskstat exec_repo_commit_sha dbc0fe6011ecd2cd5252a77d291389e2cdffff7b
+ jq -nc --arg key exec_repo_commit_sha --arg value dbc0fe6011ecd2cd5252a77d291389e2cdffff7b '{ key: $key, value: $value }'
+++ git show --no-patch --format=%ci
++ date -u --date '2023-11-04 22:53:49 +0100' +%Y-%m-%dT%H:%M:%SZ
+ writetaskstat exec_repo_commit_date 2023-11-04T21:53:49Z
+ jq -nc --arg key exec_repo_commit_date --arg value 2023-11-04T21:53:49Z '{ key: $key, value: $value }'
/tmp/twcr-a5f40814b8cb /tmp/twcr-a5f40814b8cb /twcr
+ '[' -z ./ ']'
+ pushd ./
+ tailwind_config_file_name=
+ '[' -f tailwind.config.js ']'
+ tailwind_config_file_name=tailwind.config.js
+ writetaskstat exec_tailwind_config_file tailwind.config.js
+ jq -nc --arg key exec_tailwind_config_file --arg value tailwind.config.js '{ key: $key, value: $value }'
+ cp tailwind.config.js /twcr/mnt/results/extract-raw-tailwind-config.js
+ '[' '!' -f package.json ']'
+ cp package.json /twcr/mnt/results/extract-raw-package.json
++ /twcr/worker/../worker/pm-detect.sh /tmp/twcr-a5f40814b8cb
+ package_manager_name=pnpm
+ '[' -z pnpm ']'
+ '[' -z pnpm ']'
+ writetaskstat exec_node_package_manager pnpm
+ jq -nc --arg key exec_node_package_manager --arg value pnpm '{ key: $key, value: $value }'
+ attempt_mode=squash
+ true
++ date -u +%Y-%m-%dT%H:%M:%SZ
+ writetaskstat timestamp_attempt_squash_begin 2024-03-05T10:14:12Z
+ jq -nc --arg key timestamp_attempt_squash_begin --arg value 2024-03-05T10:14:12Z '{ key: $key, value: $value }'
+ [[ squash == \s\q\u\a\s\h ]]
+ set +e
+ node /twcr/worker/../worker/squash-package.mjs tailwind.config.js
+ exitcode=0
+ set -e
+ [[ 0 != \0 ]]
+ cat package.json
+ sed 's/^/>>> /'
>>> {
>>>   "name": "vite-template-solid",
>>>   "version": "0.0.0",
>>>   "description": "",
>>>   "license": "MIT",
>>>   "devDependencies": {
>>>     "tailwindcss": "^3.3.5"
>>>   },
>>>   "dependencies": {
>>>     "@tailwindcss/typography": "^0.5.10"
>>>   },
>>>   "msw": {
>>>     "workerDirectory": "public"
>>>   }
>>> }+ rm -f package-lock.json pnpm-lock.yaml yarn.lock
+ '[' ./ '!=' ./ ']'
+ set +e
+ /twcr/worker/../worker/pm-install.sh pnpm /tmp/twcr-a5f40814b8cb /twcr/mnt/results
+ package_manager_name=pnpm
+ procdir=/tmp/twcr-a5f40814b8cb
+ datadir=/twcr/mnt/results
+ case "${package_manager_name}" in
+ '[' '!' -f /tmp/twcr-a5f40814b8cb/package.json ']'
++ pnpm -v
+ sed -Ei 's/("pnpm": ")(.+)(")/\18.15.4\3/' /tmp/twcr-a5f40814b8cb/package.json
+ '[' '!' -f package.json ']'
++ pnpm -v
+ sed -Ei 's/("pnpm": ")(.+)(")/\18.15.4\3/' package.json
+ pnpm install
Progress: resolved 1, reused 0, downloaded 0, added 0
Progress: resolved 19, reused 0, downloaded 16, added 0
Progress: resolved 52, reused 0, downloaded 45, added 0
Progress: resolved 82, reused 0, downloaded 78, added 0
Progress: resolved 110, reused 0, downloaded 108, added 0
Packages: +110
++++++++++++++++++++++++++++++++++++++++++++++++++++++++++++++++++++++++++++++++
Progress: resolved 111, reused 0, downloaded 110, added 110, done

dependencies:
+ @tailwindcss/typography 0.5.10

devDependencies:
+ tailwindcss 3.4.1

Done in 5.1s
+ pnpm ls --json
+ jq -cr '
        .[]
        | [.dependencies, .devDependencies, .optionalDependencies]
        | map(select(.))[]
        | to_entries
        | map({ name: .key, version: .value.version })
        | sort_by(.name)[]
      '
+ exitcode=0
+ set -e
+ [[ 0 != \0 ]]
++ jq -sr 'map(select(.name == "tailwindcss")) | first | .version'
+ tailwind_package_version=3.4.1
+ tailwind_config_exporter=tailwind.config.exporter2.cjs
+ '[' -f node_modules/tailwindcss/lib/lib/load-config.js ']'
+ tailwind_config_exporter=tailwind.config.exporter3.mjs
+ cp /twcr/worker/../worker/tailwind.config.exporter3.mjs ./
+ set +e
+ node ./tailwind.config.exporter3.mjs tailwind.config.js
+ exitcode=0
+ set -e
+ [[ 0 != \0 ]]
+ echo 'module.exports={plugins:['
+ jq -rs '
        map(select(.name | startswith("@tailwindcss/")))
        | map("require(" + ( .name | tojson ) + "),")[]
      '
+ grep -Ev '"@tailwindcss/postcss7-compat"'
+ echo ']}'
+ cat tailwind.config.js
+ sed 's/^/>>> /'
>>> module.exports={plugins:[
>>> require("@tailwindcss/typography"),
>>> ]}
+ node ./tailwind.config.exporter3.mjs tailwind.config.js
++ date -u +%Y-%m-%dT%H:%M:%SZ
+ writetaskstat timestamp_attempt_squash_end 2024-03-05T10:14:19Z
+ jq -nc --arg key timestamp_attempt_squash_end --arg value 2024-03-05T10:14:19Z '{ key: $key, value: $value }'
+ break
++ date -u +%Y-%m-%dT%H:%M:%SZ
+ writetaskstat timestamp_end 2024-03-05T10:14:19Z
+ jq -nc --arg key timestamp_end --arg value 2024-03-05T10:14:19Z '{ key: $key, value: $value }'
+ rm /twcr/mnt/results/extract-failed
+ touch /twcr/mnt/results/extract-completed
