==== RUN-DOCKER
+++ dirname -- ./worker/run.sh
++ cd -- ./worker
++ pwd
+ twcrdir=/twcr/worker/..
+ repo=github.com/bryanmylee/svelte-headless-table
+ reporef=main
+ repopath=./docs
+ '[' true == true ']'
+ grep -q '^././'
++ echo github.com/bryanmylee/svelte-headless-table
++ sha256sum
++ awk '{ print $1 }'
++ cut -c1-12
+ procdir=/tmp/twcr-0aead676f8b3
++ echo 'github.com/bryanmylee/svelte-headless-table;main;./docs'
++ sha256sum
++ awk '{ print $1 }'
++ cut -c1-12
+ datadir=/twcr/worker/../mnt/dataset/data/065b46d05534
+ '[' '!' -z /twcr/mnt/results ']'
+ datadir=/twcr/mnt/results
+ touch /twcr/mnt/results/extract-failed
++ base64
++ tr -d =
++ tr /+ _-
++ base64
++ tr -d =
++ tr /+ _-
+ writetaskstat analysis_key github.com/bryanmylee/svelte-headless-table/bWFpbgo/Li9kb2NzCg
+ jq -nc --arg key analysis_key --arg value github.com/bryanmylee/svelte-headless-table/bWFpbgo/Li9kb2NzCg '{ key: $key, value: $value }'
++ date -u +%Y%m%d%H%M%S
++ sha256sum
++ awk '{ print $1 }'
++ cut -c1-16
++ head -c 32 /dev/urandom
+ writetaskstat analysis_nonce f40f9885635f3e35
+ jq -nc --arg key analysis_nonce --arg value f40f9885635f3e35 '{ key: $key, value: $value }'
+ writetaskstat input_repo_name github.com/bryanmylee/svelte-headless-table
+ jq -nc --arg key input_repo_name --arg value github.com/bryanmylee/svelte-headless-table '{ key: $key, value: $value }'
+ writetaskstat input_repo_ref main
+ jq -nc --arg key input_repo_ref --arg value main '{ key: $key, value: $value }'
+ writetaskstat input_repo_path ./docs
+ jq -nc --arg key input_repo_path --arg value ./docs '{ key: $key, value: $value }'
++ date -u +%Y-%m-%dT%H:%M:%SZ
+ writetaskstat timestamp_begin 2024-03-04T05:25:52Z
+ jq -nc --arg key timestamp_begin --arg value 2024-03-04T05:25:52Z '{ key: $key, value: $value }'
+ mkdir -p /tmp/twcr-0aead676f8b3
/tmp/twcr-0aead676f8b3 /twcr
+ pushd /tmp/twcr-0aead676f8b3
+ '[' -d .git ']'
+ git clone --depth=1 -b main https://github.com/bryanmylee/svelte-headless-table.git .
Cloning into '.'...
++ date -u +%Y-%m-%dT%H:%M:%SZ
+ writetaskstat timestamp_git_clone_complete 2024-03-04T05:25:53Z
+ jq -nc --arg key timestamp_git_clone_complete --arg value 2024-03-04T05:25:53Z '{ key: $key, value: $value }'
++ git rev-parse HEAD
+ writetaskstat exec_repo_commit_sha 08dd201cdbb3f0398b68d16209d0e61f05d9088d
+ jq -nc --arg key exec_repo_commit_sha --arg value 08dd201cdbb3f0398b68d16209d0e61f05d9088d '{ key: $key, value: $value }'
+++ git show --no-patch --format=%ci
++ date -u --date '2024-02-22 18:08:02 +0800' +%Y-%m-%dT%H:%M:%SZ
+ writetaskstat exec_repo_commit_date 2024-02-22T10:08:02Z
+ jq -nc --arg key exec_repo_commit_date --arg value 2024-02-22T10:08:02Z '{ key: $key, value: $value }'
+ '[' -z ./docs ']'
+ pushd ./docs
+ tailwind_config_file_name=
+ '[' -f tailwind.config.js ']'
+ '[' -f tailwind.config.cjs ']'
+ tailwind_config_file_name=tailwind.config.cjs
+ writetaskstat exec_tailwind_config_file tailwind.config.cjs
+ jq -nc --arg key exec_tailwind_config_file --arg value tailwind.config.cjs '{ key: $key, value: $value }'
/tmp/twcr-0aead676f8b3/docs /tmp/twcr-0aead676f8b3 /twcr
+ cp tailwind.config.cjs /twcr/mnt/results/extract-raw-tailwind-config.js
+ '[' '!' -f package.json ']'
+ cp package.json /twcr/mnt/results/extract-raw-package.json
++ /twcr/worker/../worker/pm-detect.sh /tmp/twcr-0aead676f8b3/docs
+ package_manager_name=pnpm
+ '[' -z pnpm ']'
+ '[' -z pnpm ']'
+ writetaskstat exec_node_package_manager pnpm
+ jq -nc --arg key exec_node_package_manager --arg value pnpm '{ key: $key, value: $value }'
+ attempt_mode=squash
+ true
++ date -u +%Y-%m-%dT%H:%M:%SZ
+ writetaskstat timestamp_attempt_squash_begin 2024-03-04T05:25:53Z
+ jq -nc --arg key timestamp_attempt_squash_begin --arg value 2024-03-04T05:25:53Z '{ key: $key, value: $value }'
+ [[ squash == \s\q\u\a\s\h ]]
+ set +e
+ node /twcr/worker/../worker/squash-package.mjs tailwind.config.cjs
+ exitcode=0
+ set -e
+ [[ 0 != \0 ]]
+ cat package.json
+ sed 's/^/>>> /'
>>> {
>>>   "name": "svelte-headless-table.bryanmylee.com",
>>>   "type": "module",
>>>   "devDependencies": {
>>>     "@tailwindcss/typography": "^0.5.9",
>>>     "tailwindcss": "^3.3.2"
>>>   }
>>> }+ rm -f package-lock.json pnpm-lock.yaml yarn.lock
+ '[' ./docs '!=' ./ ']'
+ rm -f /tmp/twcr-0aead676f8b3/package.json /tmp/twcr-0aead676f8b3/package-lock.json /tmp/twcr-0aead676f8b3/pnpm-lock.yaml /tmp/twcr-0aead676f8b3/yarn.lock
+ set +e
+ /twcr/worker/../worker/pm-install.sh pnpm /tmp/twcr-0aead676f8b3 /twcr/mnt/results
+ package_manager_name=pnpm
+ procdir=/tmp/twcr-0aead676f8b3
+ datadir=/twcr/mnt/results
+ case "${package_manager_name}" in
+ '[' '!' -f /tmp/twcr-0aead676f8b3/package.json ']'
+ '[' '!' -f package.json ']'
++ pnpm -v
+ sed -Ei 's/("pnpm": ")(.+)(")/\18.15.4\3/' package.json
+ pnpm install
Progress: resolved 1, reused 0, downloaded 0, added 0
Progress: resolved 31, reused 0, downloaded 25, added 0
Progress: resolved 64, reused 0, downloaded 62, added 0
Progress: resolved 100, reused 0, downloaded 92, added 0
Packages: +110
++++++++++++++++++++++++++++++++++++++++++++++++++++++++++++++++++++++++++++++++
Progress: resolved 111, reused 0, downloaded 110, added 110, done

devDependencies:
+ @tailwindcss/typography 0.5.10
+ tailwindcss 3.4.1

Done in 4.3s
+ pnpm ls --json
+ jq -cr '
        .[]
        | [.dependencies, .devDependencies, .optionalDependencies]
        | map(select(.))[]
        | to_entries
        | map({ name: .key, version: .value.version })
        | sort_by(.name)[]
      '
+ exitcode=0
+ set -e
+ [[ 0 != \0 ]]
++ jq -sr 'map(select(.name == "tailwindcss")) | first | .version'
+ tailwind_package_version=3.4.1
+ tailwind_config_exporter=tailwind.config.exporter2.cjs
+ '[' -f node_modules/tailwindcss/lib/lib/load-config.js ']'
+ tailwind_config_exporter=tailwind.config.exporter3.mjs
+ cp /twcr/worker/../worker/tailwind.config.exporter3.mjs ./
+ set +e
+ node ./tailwind.config.exporter3.mjs tailwind.config.cjs
+ exitcode=0
+ set -e
+ [[ 0 != \0 ]]
+ echo 'module.exports={plugins:['
+ jq -rs '
        map(select(.name | startswith("@tailwindcss/")))
        | map("require(" + ( .name | tojson ) + "),")[]
      '
+ grep -Ev '"@tailwindcss/postcss7-compat"'
+ echo ']}'
+ cat tailwind.config.cjs
+ sed 's/^/>>> /'
>>> module.exports={plugins:[
>>> require("@tailwindcss/typography"),
>>> ]}
+ node ./tailwind.config.exporter3.mjs tailwind.config.cjs
++ date -u +%Y-%m-%dT%H:%M:%SZ
+ writetaskstat timestamp_attempt_squash_end 2024-03-04T05:25:59Z
+ jq -nc --arg key timestamp_attempt_squash_end --arg value 2024-03-04T05:25:59Z '{ key: $key, value: $value }'
+ break
++ date -u +%Y-%m-%dT%H:%M:%SZ
+ writetaskstat timestamp_end 2024-03-04T05:25:59Z
+ jq -nc --arg key timestamp_end --arg value 2024-03-04T05:25:59Z '{ key: $key, value: $value }'
+ rm /twcr/mnt/results/extract-failed
+ touch /twcr/mnt/results/extract-completed
