==== RUN-DOCKER
+++ dirname -- ./worker/run.sh
++ cd -- ./worker
++ pwd
+ twcrdir=/twcr/worker/..
+ repo=github.com/kobaltedev/pigment
+ reporef=main
+ repopath=./apps/docs
+ '[' true == true ']'
+ grep -q '^././'
++ echo github.com/kobaltedev/pigment
++ sha256sum
++ awk '{ print $1 }'
++ cut -c1-12
+ procdir=/tmp/twcr-10c8e27cc014
++ echo 'github.com/kobaltedev/pigment;main;./apps/docs'
++ sha256sum
++ awk '{ print $1 }'
++ cut -c1-12
+ datadir=/twcr/worker/../mnt/dataset/data/6a987552159a
+ '[' '!' -z /twcr/mnt/results ']'
+ datadir=/twcr/mnt/results
+ touch /twcr/mnt/results/extract-failed
++ base64
++ tr -d =
++ tr /+ _-
++ base64
++ tr -d =
++ tr /+ _-
+ writetaskstat analysis_key github.com/kobaltedev/pigment/bWFpbgo/Li9hcHBzL2RvY3MK
+ jq -nc --arg key analysis_key --arg value github.com/kobaltedev/pigment/bWFpbgo/Li9hcHBzL2RvY3MK '{ key: $key, value: $value }'
++ date -u +%Y%m%d%H%M%S
++ sha256sum
++ awk '{ print $1 }'
++ cut -c1-16
++ head -c 32 /dev/urandom
+ writetaskstat analysis_nonce 4d3cf4cbfbac7fb2
+ jq -nc --arg key analysis_nonce --arg value 4d3cf4cbfbac7fb2 '{ key: $key, value: $value }'
+ writetaskstat input_repo_name github.com/kobaltedev/pigment
+ jq -nc --arg key input_repo_name --arg value github.com/kobaltedev/pigment '{ key: $key, value: $value }'
+ writetaskstat input_repo_ref main
+ jq -nc --arg key input_repo_ref --arg value main '{ key: $key, value: $value }'
+ writetaskstat input_repo_path ./apps/docs
+ jq -nc --arg key input_repo_path --arg value ./apps/docs '{ key: $key, value: $value }'
++ date -u +%Y-%m-%dT%H:%M:%SZ
+ writetaskstat timestamp_begin 2024-03-04T06:20:12Z
+ jq -nc --arg key timestamp_begin --arg value 2024-03-04T06:20:12Z '{ key: $key, value: $value }'
+ mkdir -p /tmp/twcr-10c8e27cc014
+ pushd /tmp/twcr-10c8e27cc014
+ '[' -d .git ']'
+ git clone --depth=1 -b main https://github.com/kobaltedev/pigment.git .
/tmp/twcr-10c8e27cc014 /twcr
Cloning into '.'...
++ date -u +%Y-%m-%dT%H:%M:%SZ
+ writetaskstat timestamp_git_clone_complete 2024-03-04T06:20:13Z
+ jq -nc --arg key timestamp_git_clone_complete --arg value 2024-03-04T06:20:13Z '{ key: $key, value: $value }'
++ git rev-parse HEAD
+ writetaskstat exec_repo_commit_sha 8e472fd11c486b55c65c8ab5203f2f962729265e
+ jq -nc --arg key exec_repo_commit_sha --arg value 8e472fd11c486b55c65c8ab5203f2f962729265e '{ key: $key, value: $value }'
+++ git show --no-patch --format=%ci
++ date -u --date '2023-06-02 15:49:01 +0200' +%Y-%m-%dT%H:%M:%SZ
+ writetaskstat exec_repo_commit_date 2023-06-02T13:49:01Z
+ jq -nc --arg key exec_repo_commit_date --arg value 2023-06-02T13:49:01Z '{ key: $key, value: $value }'
+ '[' -z ./apps/docs ']'
+ pushd ./apps/docs
+ tailwind_config_file_name=
+ '[' -f tailwind.config.js ']'
+ '[' -f tailwind.config.cjs ']'
+ tailwind_config_file_name=tailwind.config.cjs
+ writetaskstat exec_tailwind_config_file tailwind.config.cjs
/tmp/twcr-10c8e27cc014/apps/docs /tmp/twcr-10c8e27cc014 /twcr
+ jq -nc --arg key exec_tailwind_config_file --arg value tailwind.config.cjs '{ key: $key, value: $value }'
+ cp tailwind.config.cjs /twcr/mnt/results/extract-raw-tailwind-config.js
+ '[' '!' -f package.json ']'
+ cp package.json /twcr/mnt/results/extract-raw-package.json
++ /twcr/worker/../worker/pm-detect.sh /tmp/twcr-10c8e27cc014/apps/docs
+ package_manager_name=
+ '[' -z '' ']'
+ '[' ./apps/docs '!=' ./ ']'
++ /twcr/worker/../worker/pm-detect.sh /tmp/twcr-10c8e27cc014
+ package_manager_name=pnpm
+ '[' -z pnpm ']'
+ writetaskstat exec_node_package_manager pnpm
+ jq -nc --arg key exec_node_package_manager --arg value pnpm '{ key: $key, value: $value }'
+ attempt_mode=squash
+ true
++ date -u +%Y-%m-%dT%H:%M:%SZ
+ writetaskstat timestamp_attempt_squash_begin 2024-03-04T06:20:13Z
+ jq -nc --arg key timestamp_attempt_squash_begin --arg value 2024-03-04T06:20:13Z '{ key: $key, value: $value }'
+ [[ squash == \s\q\u\a\s\h ]]
+ set +e
+ node /twcr/worker/../worker/squash-package.mjs tailwind.config.cjs
+ exitcode=0
+ set -e
+ [[ 0 != \0 ]]
+ cat package.json
+ sed 's/^/>>> /'
>>> {
>>>   "name": "@kobalte/pigment-docs",
>>>   "private": true,
>>>   "description": "Documentation website of Pigment.",
>>>   "keywords": [
>>>     "solid",
>>>     "solidjs",
>>>     "ui",
>>>     "library",
>>>     "design-system",
>>>     "components",
>>>     "kobalte"
>>>   ],
>>>   "homepage": "https://github.com/kobaltedev/pigment/tree/main/apps/docs#readme",
>>>   "bugs": {
>>>     "url": "https://github.com/kobaltedev/pigment/issues"
>>>   },
>>>   "repository": {
>>>     "type": "git",
>>>     "url": "git+https://github.com/kobaltedev/pigment.git"
>>>   },
>>>   "license": "MIT",
>>>   "author": "Fabien Marie-Louise <fabienml.dev@gmail.com>",
>>>   "type": "module",
>>>   "dependencies": {},
>>>   "devDependencies": {
>>>     "@kobalte/pigment-tailwind-preset": "0.0.0",
>>>     "@tailwindcss/typography": "0.5.9",
>>>     "tailwindcss": "3.3.2"
>>>   },
>>>   "engines": {
>>>     "node": ">=16"
>>>   }
>>> }+ rm -f package-lock.json pnpm-lock.yaml yarn.lock
+ '[' ./apps/docs '!=' ./ ']'
+ rm -f /tmp/twcr-10c8e27cc014/package.json /tmp/twcr-10c8e27cc014/package-lock.json /tmp/twcr-10c8e27cc014/pnpm-lock.yaml /tmp/twcr-10c8e27cc014/yarn.lock
+ set +e
+ /twcr/worker/../worker/pm-install.sh pnpm /tmp/twcr-10c8e27cc014 /twcr/mnt/results
+ package_manager_name=pnpm
+ procdir=/tmp/twcr-10c8e27cc014
+ datadir=/twcr/mnt/results
+ case "${package_manager_name}" in
+ '[' '!' -f /tmp/twcr-10c8e27cc014/package.json ']'
+ '[' '!' -f package.json ']'
++ pnpm -v
+ sed -Ei 's/("pnpm": ")(.+)(")/\18.15.4\3/' package.json
+ pnpm install
Scope: all 4 workspace projects
../..                                    | Progress: resolved 1, reused 0, downloaded 0, added 0
../..                                    | Progress: resolved 17, reused 0, downloaded 9, added 0
../..                                    | Progress: resolved 48, reused 0, downloaded 34, added 0
../..                                    | Progress: resolved 72, reused 0, downloaded 62, added 0
../..                                    | Progress: resolved 89, reused 0, downloaded 77, added 0
../..                                    | Progress: resolved 114, reused 0, downloaded 103, added 0
../..                                    | Progress: resolved 145, reused 0, downloaded 129, added 0
../..                                    | Progress: resolved 181, reused 0, downloaded 164, added 0
../..                                    | Progress: resolved 225, reused 0, downloaded 182, added 0
../..                                    | Progress: resolved 259, reused 0, downloaded 215, added 0
../..                                    | Progress: resolved 292, reused 0, downloaded 244, added 0
../..                                    | Progress: resolved 324, reused 0, downloaded 275, added 0
../..                                    | Progress: resolved 355, reused 0, downloaded 306, added 0
../..                                    | Progress: resolved 390, reused 0, downloaded 337, added 0
../..                                    | Progress: resolved 426, reused 0, downloaded 373, added 0
../..                                    | Progress: resolved 469, reused 0, downloaded 392, added 0
../..                                    | Progress: resolved 508, reused 0, downloaded 431, added 0
../..                                    | Progress: resolved 531, reused 0, downloaded 451, added 0
../..                                    | Progress: resolved 569, reused 0, downloaded 486, added 0
../..                                    | Progress: resolved 604, reused 0, downloaded 524, added 0
../..                                    | Progress: resolved 642, reused 0, downloaded 560, added 0
../..                                    | Progress: resolved 681, reused 0, downloaded 589, added 0
../..                                    | Progress: resolved 718, reused 0, downloaded 631, added 0
../..                                    | Progress: resolved 758, reused 0, downloaded 664, added 0
../..                                    | Progress: resolved 796, reused 0, downloaded 695, added 0
../..                                    | Progress: resolved 829, reused 0, downloaded 729, added 0
../..                                    | Progress: resolved 865, reused 0, downloaded 765, added 0
../..                                    | Progress: resolved 908, reused 0, downloaded 801, added 0
../..                                    | Progress: resolved 945, reused 0, downloaded 843, added 0
../..                                    | Progress: resolved 981, reused 0, downloaded 871, added 0
../..                                    | Progress: resolved 1026, reused 0, downloaded 913, added 0
../..                                    | Progress: resolved 1065, reused 0, downloaded 952, added 0
 WARN  16 deprecated subdependencies found: @babel/plugin-proposal-async-generator-functions@7.20.7, @babel/plugin-proposal-class-properties@7.18.6, @babel/plugin-proposal-class-static-block@7.21.0, @babel/plugin-proposal-dynamic-import@7.18.6, @babel/plugin-proposal-export-namespace-from@7.18.9, @babel/plugin-proposal-json-strings@7.18.6, @babel/plugin-proposal-logical-assignment-operators@7.20.7, @babel/plugin-proposal-nullish-coalescing-operator@7.18.6, @babel/plugin-proposal-numeric-separator@7.18.6, @babel/plugin-proposal-object-rest-spread@7.20.7, @babel/plugin-proposal-optional-catch-binding@7.18.6, @babel/plugin-proposal-optional-chaining@7.21.0, @babel/plugin-proposal-private-methods@7.18.6, @babel/plugin-proposal-private-property-in-object@7.21.11, @babel/plugin-proposal-unicode-property-regex@7.18.6, uuid-browser@3.1.0
../..                                    |    +1100 ++++++++++++++++++++++++++++
../..                                    | Progress: resolved 1084, reused 0, downloaded 983, added 109
../..                                    | Progress: resolved 1084, reused 0, downloaded 1041, added 1100, done
.../core-js@3.36.0/node_modules/core-js postinstall$ node -e "try{require('./postinstall')}catch(e){}"
.../core-js@3.36.0/node_modules/core-js postinstall: Thank you for using core-js ( https://github.com/zloirock/core-js ) for polyfilling JavaScript standard library!
.../core-js@3.36.0/node_modules/core-js postinstall: The project needs your help! Please consider supporting core-js:
.../core-js@3.36.0/node_modules/core-js postinstall: > https://opencollective.com/core-js 
.../core-js@3.36.0/node_modules/core-js postinstall: > https://patreon.com/zloirock 
.../core-js@3.36.0/node_modules/core-js postinstall: > https://boosty.to/zloirock 
.../core-js@3.36.0/node_modules/core-js postinstall: > bitcoin: bc1qlea7544qtsmj2rayg0lthvza9fau63ux0fstcz 
.../core-js@3.36.0/node_modules/core-js postinstall: I highly recommend reading this: https://github.com/zloirock/core-js/blob/master/docs/2023-02-14-so-whats-next.md 
.../core-js@3.36.0/node_modules/core-js postinstall: Done
.../esbuild@0.15.18/node_modules/esbuild postinstall$ node install.js
.../esbuild@0.17.19/node_modules/esbuild postinstall$ node install.js
.../esbuild@0.15.18/node_modules/esbuild postinstall: Done
.../esbuild@0.17.19/node_modules/esbuild postinstall: Done

devDependencies:
+ @kobalte/pigment-tailwind-preset 0.0.0 <- ../../packages/tailwind-preset
+ @tailwindcss/typography 0.5.9 (0.5.10 is available)
+ tailwindcss 3.3.2 (3.4.1 is available)

Done in 36.9s
+ pnpm ls --json
+ jq -cr '
        .[]
        | [.dependencies, .devDependencies, .optionalDependencies]
        | map(select(.))[]
        | to_entries
        | map({ name: .key, version: .value.version })
        | sort_by(.name)[]
      '
+ exitcode=0
+ set -e
+ [[ 0 != \0 ]]
++ jq -sr 'map(select(.name == "tailwindcss")) | first | .version'
+ tailwind_package_version=3.3.2
+ tailwind_config_exporter=tailwind.config.exporter2.cjs
+ '[' -f node_modules/tailwindcss/lib/lib/load-config.js ']'
+ tailwind_config_exporter=tailwind.config.exporter3.mjs
+ cp /twcr/worker/../worker/tailwind.config.exporter3.mjs ./
+ set +e
+ node ./tailwind.config.exporter3.mjs tailwind.config.cjs
node:internal/modules/cjs/loader:1186
  const err = new Error(`Cannot find module '${request}'`);
              ^

Error: Cannot find module '/tmp/twcr-10c8e27cc014/apps/docs/node_modules/@kobalte/pigment-tailwind-preset/dist/index.cjs'
    at createEsmNotFoundErr (node:internal/modules/cjs/loader:1186:15)
    at finalizeEsmResolution (node:internal/modules/cjs/loader:1174:15)
    at resolveExports (node:internal/modules/cjs/loader:596:14)
    at Module._findPath (node:internal/modules/cjs/loader:673:31)
    at Module._resolveFilename (node:internal/modules/cjs/loader:1135:27)
    at Function.resolve (node:internal/modules/helpers:187:19)
    at _resolve (/tmp/twcr-10c8e27cc014/node_modules/.pnpm/jiti@1.21.0/node_modules/jiti/dist/jiti.js:1:251148)
    at jiti (/tmp/twcr-10c8e27cc014/node_modules/.pnpm/jiti@1.21.0/node_modules/jiti/dist/jiti.js:1:253746)
    at /tmp/twcr-10c8e27cc014/apps/docs/tailwind.config.cjs:2:17
    at evalModule (/tmp/twcr-10c8e27cc014/node_modules/.pnpm/jiti@1.21.0/node_modules/jiti/dist/jiti.js:1:256443) {
  code: 'MODULE_NOT_FOUND',
  path: '/tmp/twcr-10c8e27cc014/apps/docs/node_modules/@kobalte/pigment-tailwind-preset/package.json'
}

Node.js v21.6.2
+ exitcode=1
+ set -e
+ [[ 1 != \0 ]]
+ [[ squash == \s\q\u\a\s\h ]]
+ echo '[worker] WARN: exporter failed; retrying with full install'
[worker] WARN: exporter failed; retrying with full install
+ attempt_mode=full
+ continue
+ true
++ date -u +%Y-%m-%dT%H:%M:%SZ
+ writetaskstat timestamp_attempt_full_begin 2024-03-04T06:20:51Z
+ jq -nc --arg key timestamp_attempt_full_begin --arg value 2024-03-04T06:20:51Z '{ key: $key, value: $value }'
+ [[ full == \s\q\u\a\s\h ]]
+ git clean -fdx
Removing node_modules/
Removing tailwind.config.exporter3.mjs
+ git reset --hard
HEAD is now at 8e472fd Merge pull request #14 from kobaltedev/develop
+ set +e
+ /twcr/worker/../worker/pm-install.sh pnpm /tmp/twcr-10c8e27cc014 /twcr/mnt/results
+ package_manager_name=pnpm
+ procdir=/tmp/twcr-10c8e27cc014
+ datadir=/twcr/mnt/results
+ case "${package_manager_name}" in
+ '[' '!' -f /tmp/twcr-10c8e27cc014/package.json ']'
++ pnpm -v
+ sed -Ei 's/("pnpm": ")(.+)(")/\18.15.4\3/' /tmp/twcr-10c8e27cc014/package.json
+ '[' '!' -f package.json ']'
++ pnpm -v
+ sed -Ei 's/("pnpm": ")(.+)(")/\18.15.4\3/' package.json
+ pnpm install
Scope: all 5 workspace projects
../..                                    | Progress: resolved 1, reused 0, downloaded 0, added 0
../..                                    |    +1149 -386 +++++++++++++++++------
../..                                    | Progress: resolved 1149, reused 152, downloaded 10, added 30
../..                                    | Progress: resolved 1149, reused 152, downloaded 68, added 88
../..                                    | Progress: resolved 1149, reused 152, downloaded 129, added 149
../..                                    | Progress: resolved 1149, reused 152, downloaded 193, added 213
../..                                    | Progress: resolved 1149, reused 152, downloaded 266, added 286
../..                                    | Progress: resolved 1149, reused 152, downloaded 318, added 337
../..                                    | Progress: resolved 1149, reused 152, downloaded 380, added 400
../..                                    | Progress: resolved 1149, reused 152, downloaded 434, added 453
../..                                    | Progress: resolved 1149, reused 152, downloaded 497, added 516
../..                                    | Progress: resolved 1149, reused 152, downloaded 555, added 575
../..                                    | Progress: resolved 1149, reused 152, downloaded 628, added 648
../..                                    | Progress: resolved 1149, reused 152, downloaded 700, added 720
../..                                    | Progress: resolved 1149, reused 152, downloaded 764, added 784
../..                                    | Progress: resolved 1149, reused 152, downloaded 833, added 852
../..                                    | Progress: resolved 1149, reused 152, downloaded 906, added 926
../..                                    | Progress: resolved 1149, reused 152, downloaded 959, added 979
../..                                    | Progress: resolved 1149, reused 152, downloaded 995, added 1015
../..                                    | Progress: resolved 1149, reused 152, downloaded 996, added 1016, done
.../core-js@3.30.2/node_modules/core-js postinstall$ node -e "try{require('./postinstall')}catch(e){}"
.../core-js@3.30.2/node_modules/core-js postinstall: Thank you for using core-js ( https://github.com/zloirock/core-js ) for polyfilling JavaScript standard library!
.../core-js@3.30.2/node_modules/core-js postinstall: The project needs your help! Please consider supporting of core-js:
.../core-js@3.30.2/node_modules/core-js postinstall: > https://opencollective.com/core-js 
.../core-js@3.30.2/node_modules/core-js postinstall: > https://patreon.com/zloirock 
.../core-js@3.30.2/node_modules/core-js postinstall: > https://boosty.to/zloirock 
.../core-js@3.30.2/node_modules/core-js postinstall: > bitcoin: bc1qlea7544qtsmj2rayg0lthvza9fau63ux0fstcz 
.../core-js@3.30.2/node_modules/core-js postinstall: I highly recommend reading this: https://github.com/zloirock/core-js/blob/master/docs/2023-02-14-so-whats-next.md 
.../core-js@3.30.2/node_modules/core-js postinstall: Done
.../.pnpm/turbo@1.8.6/node_modules/turbo postinstall$ node install.js
.../esbuild@0.17.18/node_modules/esbuild postinstall$ node install.js
.../.pnpm/turbo@1.8.6/node_modules/turbo postinstall: Done
.../esbuild@0.17.18/node_modules/esbuild postinstall: Done

dependencies:
+ @kobalte/core 0.9.6
+ @kobalte/pigment 0.0.0 <- ../../packages/pigment
+ @modular-forms/solid 0.13.2
+ @solid-primitives/media 2.1.6
+ @solidjs/meta 0.28.4
+ @solidjs/router 0.8.2
+ clsx 1.2.1
+ solid-js 1.7.4
+ solid-start 0.2.26
+ undici 5.22.0

devDependencies:
+ @kobalte/pigment-tailwind-preset 0.0.0 <- ../../packages/tailwind-preset
+ @mdx-js/mdx 2.3.0
+ @mdx-js/rollup 2.3.0
+ @tailwindcss/typography 0.5.9
+ acorn 8.8.2
+ autoprefixer 10.4.14
+ github-slugger 2.0.0
+ postcss 8.4.23
+ rehype-pretty-code 0.9.4
+ rehype-raw 6.1.1
+ rehype-slug 5.1.0
+ remark-gfm 3.0.1
+ remark-shiki-twoslash 3.1.2
+ shiki 0.14.1
+ solid-mdx 0.0.6
+ solid-start-netlify 0.2.26
+ solid-start-node 0.2.26
- tailwindcss
+ tailwindcss 3.3.2
+ typescript 4.9.5
+ unist-util-visit 4.1.2
+ vite 3.2.5

../.. prepare$ husky install
../.. prepare: husky - Git hooks installed
../.. prepare: Done
Done in 21.9s
+ pnpm ls --json
+ jq -cr '
        .[]
        | [.dependencies, .devDependencies, .optionalDependencies]
        | map(select(.))[]
        | to_entries
        | map({ name: .key, version: .value.version })
        | sort_by(.name)[]
      '
+ exitcode=0
+ set -e
+ [[ 0 != \0 ]]
++ jq -sr 'map(select(.name == "tailwindcss")) | first | .version'
+ tailwind_package_version=3.3.2
+ tailwind_config_exporter=tailwind.config.exporter2.cjs
+ '[' -f node_modules/tailwindcss/lib/lib/load-config.js ']'
+ tailwind_config_exporter=tailwind.config.exporter3.mjs
+ cp /twcr/worker/../worker/tailwind.config.exporter3.mjs ./
+ set +e
+ node ./tailwind.config.exporter3.mjs tailwind.config.cjs
node:internal/modules/cjs/loader:1186
  const err = new Error(`Cannot find module '${request}'`);
              ^

Error: Cannot find module '/tmp/twcr-10c8e27cc014/apps/docs/node_modules/@kobalte/pigment-tailwind-preset/dist/index.cjs'
    at createEsmNotFoundErr (node:internal/modules/cjs/loader:1186:15)
    at finalizeEsmResolution (node:internal/modules/cjs/loader:1174:15)
    at resolveExports (node:internal/modules/cjs/loader:596:14)
    at Module._findPath (node:internal/modules/cjs/loader:673:31)
    at Module._resolveFilename (node:internal/modules/cjs/loader:1135:27)
    at Function.resolve (node:internal/modules/helpers:187:19)
    at _resolve (/tmp/twcr-10c8e27cc014/node_modules/.pnpm/jiti@1.18.2/node_modules/jiti/dist/jiti.js:1:241025)
    at jiti (/tmp/twcr-10c8e27cc014/node_modules/.pnpm/jiti@1.18.2/node_modules/jiti/dist/jiti.js:1:243309)
    at /tmp/twcr-10c8e27cc014/apps/docs/tailwind.config.cjs:2:17
    at jiti (/tmp/twcr-10c8e27cc014/node_modules/.pnpm/jiti@1.18.2/node_modules/jiti/dist/jiti.js:1:245784) {
  code: 'MODULE_NOT_FOUND',
  path: '/tmp/twcr-10c8e27cc014/apps/docs/node_modules/@kobalte/pigment-tailwind-preset/package.json'
}

Node.js v21.6.2
+ exitcode=1
+ set -e
+ [[ 1 != \0 ]]
+ [[ full == \s\q\u\a\s\h ]]
+ exit 1
