==== RUN-DOCKER
+++ dirname -- ./worker/run.sh
++ cd -- ./worker
++ pwd
+ twcrdir=/twcr/worker/..
+ repo=github.com/gndx/ev0-astro-theme
+ reporef=main
+ repopath=./
+ '[' true == true ']'
+ grep -q '^././'
++ echo github.com/gndx/ev0-astro-theme
++ sha256sum
++ awk '{ print $1 }'
++ cut -c1-12
+ procdir=/tmp/twcr-71de9d8e5efc
++ echo 'github.com/gndx/ev0-astro-theme;main;./'
++ sha256sum
++ awk '{ print $1 }'
++ cut -c1-12
+ datadir=/twcr/worker/../mnt/dataset/data/1cf8f7c2b46a
+ '[' '!' -z /twcr/mnt/results ']'
+ datadir=/twcr/mnt/results
+ touch /twcr/mnt/results/extract-failed
++ base64
++ tr -d =
++ tr /+ _-
++ base64
++ tr -d =
++ tr /+ _-
+ writetaskstat analysis_key github.com/gndx/ev0-astro-theme/bWFpbgo/Li8K
+ jq -nc --arg key analysis_key --arg value github.com/gndx/ev0-astro-theme/bWFpbgo/Li8K '{ key: $key, value: $value }'
++ date -u +%Y%m%d%H%M%S
++ sha256sum
++ awk '{ print $1 }'
++ cut -c1-16
++ head -c 32 /dev/urandom
+ writetaskstat analysis_nonce 42ab7b0ff4199650
+ jq -nc --arg key analysis_nonce --arg value 42ab7b0ff4199650 '{ key: $key, value: $value }'
+ writetaskstat input_repo_name github.com/gndx/ev0-astro-theme
+ jq -nc --arg key input_repo_name --arg value github.com/gndx/ev0-astro-theme '{ key: $key, value: $value }'
+ writetaskstat input_repo_ref main
+ jq -nc --arg key input_repo_ref --arg value main '{ key: $key, value: $value }'
+ writetaskstat input_repo_path ./
+ jq -nc --arg key input_repo_path --arg value ./ '{ key: $key, value: $value }'
++ date -u +%Y-%m-%dT%H:%M:%SZ
+ writetaskstat timestamp_begin 2024-03-04T07:05:29Z
+ jq -nc --arg key timestamp_begin --arg value 2024-03-04T07:05:29Z '{ key: $key, value: $value }'
+ mkdir -p /tmp/twcr-71de9d8e5efc
/tmp/twcr-71de9d8e5efc /twcr
+ pushd /tmp/twcr-71de9d8e5efc
+ '[' -d .git ']'
+ git clone --depth=1 -b main https://github.com/gndx/ev0-astro-theme.git .
Cloning into '.'...
++ date -u +%Y-%m-%dT%H:%M:%SZ
+ writetaskstat timestamp_git_clone_complete 2024-03-04T07:05:30Z
+ jq -nc --arg key timestamp_git_clone_complete --arg value 2024-03-04T07:05:30Z '{ key: $key, value: $value }'
++ git rev-parse HEAD
+ writetaskstat exec_repo_commit_sha af4c04a802aa9691a6bd02135112805fe93e964e
+ jq -nc --arg key exec_repo_commit_sha --arg value af4c04a802aa9691a6bd02135112805fe93e964e '{ key: $key, value: $value }'
+++ git show --no-patch --format=%ci
++ date -u --date '2024-01-11 23:24:04 -0500' +%Y-%m-%dT%H:%M:%SZ
+ writetaskstat exec_repo_commit_date 2024-01-12T04:24:04Z
+ jq -nc --arg key exec_repo_commit_date --arg value 2024-01-12T04:24:04Z '{ key: $key, value: $value }'
+ '[' -z ./ ']'
+ pushd ./
+ tailwind_config_file_name=
+ '[' -f tailwind.config.js ']'
+ '[' -f tailwind.config.cjs ']'
+ tailwind_config_file_name=tailwind.config.cjs
+ writetaskstat exec_tailwind_config_file tailwind.config.cjs
+ jq -nc --arg key exec_tailwind_config_file --arg value tailwind.config.cjs '{ key: $key, value: $value }'
/tmp/twcr-71de9d8e5efc /tmp/twcr-71de9d8e5efc /twcr
+ cp tailwind.config.cjs /twcr/mnt/results/extract-raw-tailwind-config.js
+ '[' '!' -f package.json ']'
+ cp package.json /twcr/mnt/results/extract-raw-package.json
++ /twcr/worker/../worker/pm-detect.sh /tmp/twcr-71de9d8e5efc
+ package_manager_name=
+ '[' -z '' ']'
+ '[' ./ '!=' ./ ']'
+ '[' -z '' ']'
+ package_manager_name=npm
+ writetaskstat exec_node_package_manager npm
+ jq -nc --arg key exec_node_package_manager --arg value npm '{ key: $key, value: $value }'
+ attempt_mode=squash
+ true
++ date -u +%Y-%m-%dT%H:%M:%SZ
+ writetaskstat timestamp_attempt_squash_begin 2024-03-04T07:05:30Z
+ jq -nc --arg key timestamp_attempt_squash_begin --arg value 2024-03-04T07:05:30Z '{ key: $key, value: $value }'
+ [[ squash == \s\q\u\a\s\h ]]
+ set +e
+ node /twcr/worker/../worker/squash-package.mjs tailwind.config.cjs
+ exitcode=0
+ set -e
+ [[ 0 != \0 ]]
+ cat package.json
+ sed 's/^/>>> /'
>>> {
>>>   "name": "ev0-astro-theme",
>>>   "version": "1.1.5",
>>>   "description": "EV0 is a free and open-source serverless blog template, built with Astro, Tailwind CSS, and TypeScript.",
>>>   "license": "MIT",
>>>   "private": true,
>>>   "author": {
>>>     "name": "GNDX"
>>>   },
>>>   "homepage": "https://ev0.gndx.dev",
>>>   "contributors": [
>>>     {
>>>       "name": "Oscar Barajas @gndx",
>>>       "email": "oscar@gndx.dev",
>>>       "url": "https://gndx.dev"
>>>     }
>>>   ],
>>>   "keywords": [
>>>     "JavaScript",
>>>     "Astro",
>>>     "react",
>>>     "tailwindcss",
>>>     "typescript"
>>>   ],
>>>   "repository": {
>>>     "type": "git",
>>>     "url": "https://github.com/gndx/ev0-astro-theme.dev.git"
>>>   },
>>>   "devDependencies": {
>>>     "@astrojs/tailwind": "5.0.4",
>>>     "@tailwindcss/aspect-ratio": "0.4.2",
>>>     "@tailwindcss/typography": "0.5.10",
>>>     "tailwindcss": "3.4.0"
>>>   },
>>>   "resolutions": {
>>>     "astro/sharp": "0.33.1",
>>>     "astro-compress/sharp": "0.33.1"
>>>   },
>>>   "dependencies": {}
>>> }+ rm -f package-lock.json pnpm-lock.yaml yarn.lock
+ '[' ./ '!=' ./ ']'
+ set +e
+ /twcr/worker/../worker/pm-install.sh npm /tmp/twcr-71de9d8e5efc /twcr/mnt/results
+ package_manager_name=npm
+ procdir=/tmp/twcr-71de9d8e5efc
+ datadir=/twcr/mnt/results
+ case "${package_manager_name}" in
++ '[' -f package-lock.json ']'
++ echo install
+ npm install --ignore-engines

added 504 packages, and audited 505 packages in 21s

195 packages are looking for funding
  run `npm fund` for details

found 0 vulnerabilities
npm notice 
npm notice New minor version of npm available! 10.2.4 -> 10.5.0
npm notice Changelog: <https://github.com/npm/cli/releases/tag/v10.5.0>
npm notice Run `npm install -g npm@10.5.0` to update!
npm notice 
+ npm query '*'
+ jq -cr '
        map({ name: .name, version: .version })
        | map(select(.name))
        | sort_by(.name)[]
      '
+ exitcode=0
+ set -e
+ [[ 0 != \0 ]]
++ jq -sr 'map(select(.name == "tailwindcss")) | first | .version'
+ tailwind_package_version=3.4.0
+ tailwind_config_exporter=tailwind.config.exporter2.cjs
+ '[' -f node_modules/tailwindcss/lib/lib/load-config.js ']'
+ tailwind_config_exporter=tailwind.config.exporter3.mjs
+ cp /twcr/worker/../worker/tailwind.config.exporter3.mjs ./
+ set +e
+ node ./tailwind.config.exporter3.mjs tailwind.config.cjs
+ exitcode=0
+ set -e
+ [[ 0 != \0 ]]
+ echo 'module.exports={plugins:['
+ jq -rs '
        map(select(.name | startswith("@tailwindcss/")))
        | map("require(" + ( .name | tojson ) + "),")[]
      '
+ grep -Ev '"@tailwindcss/postcss7-compat"'
+ echo ']}'
+ cat tailwind.config.cjs
+ sed 's/^/>>> /'
>>> module.exports={plugins:[
>>> require("@tailwindcss/aspect-ratio"),
>>> require("@tailwindcss/typography"),
>>> ]}
+ node ./tailwind.config.exporter3.mjs tailwind.config.cjs
++ date -u +%Y-%m-%dT%H:%M:%SZ
+ writetaskstat timestamp_attempt_squash_end 2024-03-04T07:05:53Z
+ jq -nc --arg key timestamp_attempt_squash_end --arg value 2024-03-04T07:05:53Z '{ key: $key, value: $value }'
+ break
++ date -u +%Y-%m-%dT%H:%M:%SZ
+ writetaskstat timestamp_end 2024-03-04T07:05:53Z
+ jq -nc --arg key timestamp_end --arg value 2024-03-04T07:05:53Z '{ key: $key, value: $value }'
+ rm /twcr/mnt/results/extract-failed
+ touch /twcr/mnt/results/extract-completed
