==== RUN-DOCKER
+++ dirname -- ./worker/run.sh
++ cd -- ./worker
++ pwd
+ twcrdir=/twcr/worker/..
+ repo=github.com/instantcommerce/instant-sdk
+ reporef=main
+ repopath=./templates/ts-tailwind
+ '[' true == true ']'
+ grep -q '^././'
++ echo github.com/instantcommerce/instant-sdk
++ sha256sum
++ awk '{ print $1 }'
++ cut -c1-12
+ procdir=/tmp/twcr-d24c6feb7ecf
++ echo 'github.com/instantcommerce/instant-sdk;main;./templates/ts-tailwind'
++ sha256sum
++ awk '{ print $1 }'
++ cut -c1-12
+ datadir=/twcr/worker/../mnt/dataset/data/1cfd632081b8
+ '[' '!' -z /twcr/mnt/results ']'
+ datadir=/twcr/mnt/results
+ touch /twcr/mnt/results/extract-failed
++ base64
++ tr -d =
++ tr /+ _-
++ base64
++ tr -d =
++ tr /+ _-
+ writetaskstat analysis_key github.com/instantcommerce/instant-sdk/bWFpbgo/Li90ZW1wbGF0ZXMvdHMtdGFpbHdpbmQK
+ jq -nc --arg key analysis_key --arg value github.com/instantcommerce/instant-sdk/bWFpbgo/Li90ZW1wbGF0ZXMvdHMtdGFpbHdpbmQK '{ key: $key, value: $value }'
++ date -u +%Y%m%d%H%M%S
++ sha256sum
++ awk '{ print $1 }'
++ cut -c1-16
++ head -c 32 /dev/urandom
+ writetaskstat analysis_nonce 46d1c656bd52f97e
+ jq -nc --arg key analysis_nonce --arg value 46d1c656bd52f97e '{ key: $key, value: $value }'
+ writetaskstat input_repo_name github.com/instantcommerce/instant-sdk
+ jq -nc --arg key input_repo_name --arg value github.com/instantcommerce/instant-sdk '{ key: $key, value: $value }'
+ writetaskstat input_repo_ref main
+ jq -nc --arg key input_repo_ref --arg value main '{ key: $key, value: $value }'
+ writetaskstat input_repo_path ./templates/ts-tailwind
+ jq -nc --arg key input_repo_path --arg value ./templates/ts-tailwind '{ key: $key, value: $value }'
++ date -u +%Y-%m-%dT%H:%M:%SZ
+ writetaskstat timestamp_begin 2024-03-04T10:17:48Z
+ jq -nc --arg key timestamp_begin --arg value 2024-03-04T10:17:48Z '{ key: $key, value: $value }'
+ mkdir -p /tmp/twcr-d24c6feb7ecf
/tmp/twcr-d24c6feb7ecf /twcr
+ pushd /tmp/twcr-d24c6feb7ecf
+ '[' -d .git ']'
+ git clone --depth=1 -b main https://github.com/instantcommerce/instant-sdk.git .
Cloning into '.'...
++ date -u +%Y-%m-%dT%H:%M:%SZ
+ writetaskstat timestamp_git_clone_complete 2024-03-04T10:17:49Z
+ jq -nc --arg key timestamp_git_clone_complete --arg value 2024-03-04T10:17:49Z '{ key: $key, value: $value }'
++ git rev-parse HEAD
+ writetaskstat exec_repo_commit_sha cfbcd9c8f62415932ed3a87658eeb9f778e958fd
+ jq -nc --arg key exec_repo_commit_sha --arg value cfbcd9c8f62415932ed3a87658eeb9f778e958fd '{ key: $key, value: $value }'
+++ git show --no-patch --format=%ci
++ date -u --date '2023-05-12 12:03:48 +0200' +%Y-%m-%dT%H:%M:%SZ
+ writetaskstat exec_repo_commit_date 2023-05-12T10:03:48Z
+ jq -nc --arg key exec_repo_commit_date --arg value 2023-05-12T10:03:48Z '{ key: $key, value: $value }'
+ '[' -z ./templates/ts-tailwind ']'
+ pushd ./templates/ts-tailwind
+ tailwind_config_file_name=
+ '[' -f tailwind.config.js ']'
+ '[' -f tailwind.config.cjs ']'
+ tailwind_config_file_name=tailwind.config.cjs
+ writetaskstat exec_tailwind_config_file tailwind.config.cjs
+ jq -nc --arg key exec_tailwind_config_file --arg value tailwind.config.cjs '{ key: $key, value: $value }'
/tmp/twcr-d24c6feb7ecf/templates/ts-tailwind /tmp/twcr-d24c6feb7ecf /twcr
+ cp tailwind.config.cjs /twcr/mnt/results/extract-raw-tailwind-config.js
+ '[' '!' -f package.json ']'
+ cp package.json /twcr/mnt/results/extract-raw-package.json
++ /twcr/worker/../worker/pm-detect.sh /tmp/twcr-d24c6feb7ecf/templates/ts-tailwind
+ package_manager_name=
+ '[' -z '' ']'
+ '[' ./templates/ts-tailwind '!=' ./ ']'
++ /twcr/worker/../worker/pm-detect.sh /tmp/twcr-d24c6feb7ecf
+ package_manager_name=yarn
+ '[' -z yarn ']'
+ writetaskstat exec_node_package_manager yarn
+ jq -nc --arg key exec_node_package_manager --arg value yarn '{ key: $key, value: $value }'
+ attempt_mode=squash
+ true
++ date -u +%Y-%m-%dT%H:%M:%SZ
+ writetaskstat timestamp_attempt_squash_begin 2024-03-04T10:17:49Z
+ jq -nc --arg key timestamp_attempt_squash_begin --arg value 2024-03-04T10:17:49Z '{ key: $key, value: $value }'
+ [[ squash == \s\q\u\a\s\h ]]
+ set +e
+ node /twcr/worker/../worker/squash-package.mjs tailwind.config.cjs
+ exitcode=0
+ set -e
+ [[ 0 != \0 ]]
+ cat package.json
+ sed 's/^/>>> /'
>>> {
>>>   "name": "typescript-tailwind-starter",
>>>   "private": true,
>>>   "version": "0.0.0",
>>>   "type": "module",
>>>   "dependencies": {},
>>>   "devDependencies": {
>>>     "tailwindcss": "^3.2.2"
>>>   }
>>> }+ rm -f package-lock.json pnpm-lock.yaml yarn.lock
+ '[' ./templates/ts-tailwind '!=' ./ ']'
+ rm -f /tmp/twcr-d24c6feb7ecf/package.json /tmp/twcr-d24c6feb7ecf/package-lock.json /tmp/twcr-d24c6feb7ecf/pnpm-lock.yaml /tmp/twcr-d24c6feb7ecf/yarn.lock
+ set +e
+ /twcr/worker/../worker/pm-install.sh yarn /tmp/twcr-d24c6feb7ecf /twcr/mnt/results
+ package_manager_name=yarn
+ procdir=/tmp/twcr-d24c6feb7ecf
+ datadir=/twcr/mnt/results
+ case "${package_manager_name}" in
+ '[' -z http://tid_00ed765edd60:ok@172.18.0.2:3128 ']'
+ yarn config set httpProxy http://tid_00ed765edd60:ok@172.18.0.2:3128
yarn config v1.22.19
success Set "httpProxy" to "http://tid_00ed765edd60:ok@172.18.0.2:3128".
Done in 0.03s.
+ '[' -z http://tid_00ed765edd60:ok@172.18.0.2:3128 ']'
+ yarn config set httpsProxy http://tid_00ed765edd60:ok@172.18.0.2:3128
yarn config v1.22.19
success Set "httpsProxy" to "http://tid_00ed765edd60:ok@172.18.0.2:3128".
Done in 0.03s.
+ yarn install
yarn install v1.22.19
info No lockfile found.
[1/4] Resolving packages...
(node:145) [DEP0040] DeprecationWarning: The `punycode` module is deprecated. Please use a userland alternative instead.
(Use `node --trace-deprecation ...` to show where the warning was created)
[2/4] Fetching packages...
[3/4] Linking dependencies...
[4/4] Building fresh packages...
success Saved lockfile.
Done in 6.14s.
+ yarn list --depth=0 --json --non-interactive --no-progress
+ jq -cr '
        [.. | .name?]
        | map(select(.))
        | map(capture("^(?<name>@?[^@]+)@(?<version>.+)$"))
        | sort_by(.name)[]'
+ exitcode=0
+ set -e
+ [[ 0 != \0 ]]
++ jq -sr 'map(select(.name == "tailwindcss")) | first | .version'
+ tailwind_package_version=3.4.1
+ tailwind_config_exporter=tailwind.config.exporter2.cjs
+ '[' -f node_modules/tailwindcss/lib/lib/load-config.js ']'
+ tailwind_config_exporter=tailwind.config.exporter3.mjs
+ cp /twcr/worker/../worker/tailwind.config.exporter3.mjs ./
+ set +e
+ node ./tailwind.config.exporter3.mjs tailwind.config.cjs
+ exitcode=0
+ set -e
+ [[ 0 != \0 ]]
+ echo 'module.exports={plugins:['
+ jq -rs '
        map(select(.name | startswith("@tailwindcss/")))
        | map("require(" + ( .name | tojson ) + "),")[]
      '
+ grep -Ev '"@tailwindcss/postcss7-compat"'
+ true
+ echo ']}'
+ sed 's/^/>>> /'
+ cat tailwind.config.cjs
>>> module.exports={plugins:[
>>> ]}
+ node ./tailwind.config.exporter3.mjs tailwind.config.cjs
++ date -u +%Y-%m-%dT%H:%M:%SZ
+ writetaskstat timestamp_attempt_squash_end 2024-03-04T10:17:57Z
+ jq -nc --arg key timestamp_attempt_squash_end --arg value 2024-03-04T10:17:57Z '{ key: $key, value: $value }'
+ break
++ date -u +%Y-%m-%dT%H:%M:%SZ
+ writetaskstat timestamp_end 2024-03-04T10:17:57Z
+ jq -nc --arg key timestamp_end --arg value 2024-03-04T10:17:57Z '{ key: $key, value: $value }'
+ rm /twcr/mnt/results/extract-failed
+ touch /twcr/mnt/results/extract-completed
