==== RUN-DOCKER
+++ dirname -- ./worker/run.sh
++ cd -- ./worker
++ pwd
+ twcrdir=/twcr/worker/..
+ repo=github.com/ndom91/briefkasten
+ reporef=main
+ repopath=./
+ '[' true == true ']'
+ grep -q '^././'
++ echo github.com/ndom91/briefkasten
++ sha256sum
++ awk '{ print $1 }'
++ cut -c1-12
+ procdir=/tmp/twcr-7fe8b7ca3175
++ echo 'github.com/ndom91/briefkasten;main;./'
++ sha256sum
++ awk '{ print $1 }'
++ cut -c1-12
+ datadir=/twcr/worker/../mnt/dataset/data/844d482cb716
+ '[' '!' -z /twcr/mnt/results ']'
+ datadir=/twcr/mnt/results
+ touch /twcr/mnt/results/extract-failed
++ base64
++ tr -d =
++ tr /+ _-
++ base64
++ tr -d =
++ tr /+ _-
+ writetaskstat analysis_key github.com/ndom91/briefkasten/bWFpbgo/Li8K
+ jq -nc --arg key analysis_key --arg value github.com/ndom91/briefkasten/bWFpbgo/Li8K '{ key: $key, value: $value }'
++ date -u +%Y%m%d%H%M%S
++ sha256sum
++ awk '{ print $1 }'
++ cut -c1-16
++ head -c 32 /dev/urandom
+ writetaskstat analysis_nonce a9401b67ef091f7b
+ jq -nc --arg key analysis_nonce --arg value a9401b67ef091f7b '{ key: $key, value: $value }'
+ writetaskstat input_repo_name github.com/ndom91/briefkasten
+ jq -nc --arg key input_repo_name --arg value github.com/ndom91/briefkasten '{ key: $key, value: $value }'
+ writetaskstat input_repo_ref main
+ jq -nc --arg key input_repo_ref --arg value main '{ key: $key, value: $value }'
+ writetaskstat input_repo_path ./
+ jq -nc --arg key input_repo_path --arg value ./ '{ key: $key, value: $value }'
++ date -u +%Y-%m-%dT%H:%M:%SZ
+ writetaskstat timestamp_begin 2024-03-04T03:40:02Z
+ jq -nc --arg key timestamp_begin --arg value 2024-03-04T03:40:02Z '{ key: $key, value: $value }'
+ mkdir -p /tmp/twcr-7fe8b7ca3175
/tmp/twcr-7fe8b7ca3175 /twcr
+ pushd /tmp/twcr-7fe8b7ca3175
+ '[' -d .git ']'
+ git clone --depth=1 -b main https://github.com/ndom91/briefkasten.git .
Cloning into '.'...
++ date -u +%Y-%m-%dT%H:%M:%SZ
+ writetaskstat timestamp_git_clone_complete 2024-03-04T03:40:04Z
+ jq -nc --arg key timestamp_git_clone_complete --arg value 2024-03-04T03:40:04Z '{ key: $key, value: $value }'
++ git rev-parse HEAD
+ writetaskstat exec_repo_commit_sha 6ef14f0fe627eef9f0e19ae08f08ca599d978deb
+ jq -nc --arg key exec_repo_commit_sha --arg value 6ef14f0fe627eef9f0e19ae08f08ca599d978deb '{ key: $key, value: $value }'
+++ git show --no-patch --format=%ci
++ date -u --date '2024-02-02 17:19:59 +0100' +%Y-%m-%dT%H:%M:%SZ
+ writetaskstat exec_repo_commit_date 2024-02-02T16:19:59Z
+ jq -nc --arg key exec_repo_commit_date --arg value 2024-02-02T16:19:59Z '{ key: $key, value: $value }'
/tmp/twcr-7fe8b7ca3175 /tmp/twcr-7fe8b7ca3175 /twcr
+ '[' -z ./ ']'
+ pushd ./
+ tailwind_config_file_name=
+ '[' -f tailwind.config.js ']'
+ tailwind_config_file_name=tailwind.config.js
+ writetaskstat exec_tailwind_config_file tailwind.config.js
+ jq -nc --arg key exec_tailwind_config_file --arg value tailwind.config.js '{ key: $key, value: $value }'
+ cp tailwind.config.js /twcr/mnt/results/extract-raw-tailwind-config.js
+ '[' '!' -f package.json ']'
+ cp package.json /twcr/mnt/results/extract-raw-package.json
++ /twcr/worker/../worker/pm-detect.sh /tmp/twcr-7fe8b7ca3175
+ package_manager_name=pnpm
+ '[' -z pnpm ']'
+ '[' -z pnpm ']'
+ writetaskstat exec_node_package_manager pnpm
+ jq -nc --arg key exec_node_package_manager --arg value pnpm '{ key: $key, value: $value }'
+ attempt_mode=squash
+ true
++ date -u +%Y-%m-%dT%H:%M:%SZ
+ writetaskstat timestamp_attempt_squash_begin 2024-03-04T03:40:04Z
+ jq -nc --arg key timestamp_attempt_squash_begin --arg value 2024-03-04T03:40:04Z '{ key: $key, value: $value }'
+ [[ squash == \s\q\u\a\s\h ]]
+ set +e
+ node /twcr/worker/../worker/squash-package.mjs tailwind.config.js
+ exitcode=0
+ set -e
+ [[ 0 != \0 ]]
+ cat package.json
+ sed 's/^/>>> /'
+ rm -f package-lock.json pnpm-lock.yaml yarn.lock
>>> {
>>>   "name": "briefkasten",
>>>   "description": "Self-hosted Bookmarks Management Application",
>>>   "author": "ndom91 <yo@ndo.dev>",
>>>   "version": "0.9.0",
>>>   "license": "MIT",
>>>   "keywords": [
>>>     "next.js",
>>>     "prisma",
>>>     "bookmarks",
>>>     "selfhost"
>>>   ],
>>>   "packageManager": "pnpm@7.5.1",
>>>   "dependencies": {},
>>>   "devDependencies": {
>>>     "@tailwindcss/aspect-ratio": "^0.4.2",
>>>     "@tailwindcss/forms": "^0.5.3",
>>>     "@tailwindcss/line-clamp": "^0.4.2",
>>>     "tailwindcss": "^3.2.4",
>>>     "tailwindcss-animate": "^1.0.5"
>>>   },
>>>   "eslintConfig": {
>>>     "extends": [
>>>       "eslint:recommended",
>>>       "next",
>>>       "prettier"
>>>     ],
>>>     "env": {
>>>       "browser": true,
>>>       "node": true,
>>>       "es6": true
>>>     },
>>>     "plugins": [
>>>       "prettier"
>>>     ],
>>>     "rules": {
>>>       "prettier/prettier": "error",
>>>       "@next/next/no-img-element": "off"
>>>     }
>>>   },
>>>   "prettier": {
>>>     "semi": false,
>>>     "singleQuote": true,
>>>     "bracketSpacing": true,
>>>     "plugins": [
>>>       "prettier-plugin-tailwindcss"
>>>     ]
>>>   },
>>>   "commitlint": {
>>>     "extends": [
>>>       "@commitlint/config-conventional"
>>>     ]
>>>   },
>>>   "simple-git-hooks": {
>>>     "commit-msg": "npx commitlint --edit",
>>>     "pre-commit": "npx lint-staged"
>>>   },
>>>   "lint-staged": {
>>>     "*.{js,jsx,ts,tsx,css,json}": [
>>>       "prettier --write"
>>>     ],
>>>     "*.{js,jsx}": [
>>>       "eslint --fix"
>>>     ]
>>>   }
>>> }+ '[' ./ '!=' ./ ']'
+ set +e
+ /twcr/worker/../worker/pm-install.sh pnpm /tmp/twcr-7fe8b7ca3175 /twcr/mnt/results
+ package_manager_name=pnpm
+ procdir=/tmp/twcr-7fe8b7ca3175
+ datadir=/twcr/mnt/results
+ case "${package_manager_name}" in
+ '[' '!' -f /tmp/twcr-7fe8b7ca3175/package.json ']'
++ pnpm -v
+ sed -Ei 's/("pnpm": ")(.+)(")/\18.15.4\3/' /tmp/twcr-7fe8b7ca3175/package.json
+ '[' '!' -f package.json ']'
++ pnpm -v
+ sed -Ei 's/("pnpm": ")(.+)(")/\18.15.4\3/' package.json
+ pnpm install
Progress: resolved 1, reused 0, downloaded 0, added 0
Progress: resolved 21, reused 0, downloaded 8, added 0
Progress: resolved 48, reused 0, downloaded 37, added 0
Progress: resolved 70, reused 0, downloaded 63, added 0
Progress: resolved 101, reused 0, downloaded 98, added 0
Packages: +110
++++++++++++++++++++++++++++++++++++++++++++++++++++++++++++++++++++++++++++++++
Progress: resolved 111, reused 0, downloaded 110, added 110, done

devDependencies:
+ @tailwindcss/aspect-ratio 0.4.2
+ @tailwindcss/forms 0.5.7
+ @tailwindcss/line-clamp 0.4.4
+ tailwindcss 3.4.1
+ tailwindcss-animate 1.0.7

Done in 5.8s
+ pnpm ls --json
+ jq -cr '
        .[]
        | [.dependencies, .devDependencies, .optionalDependencies]
        | map(select(.))[]
        | to_entries
        | map({ name: .key, version: .value.version })
        | sort_by(.name)[]
      '
+ exitcode=0
+ set -e
+ [[ 0 != \0 ]]
++ jq -sr 'map(select(.name == "tailwindcss")) | first | .version'
+ tailwind_package_version=3.4.1
+ tailwind_config_exporter=tailwind.config.exporter2.cjs
+ '[' -f node_modules/tailwindcss/lib/lib/load-config.js ']'
+ tailwind_config_exporter=tailwind.config.exporter3.mjs
+ cp /twcr/worker/../worker/tailwind.config.exporter3.mjs ./
+ set +e
+ node ./tailwind.config.exporter3.mjs tailwind.config.js
+ exitcode=0
+ set -e
+ [[ 0 != \0 ]]
+ echo 'module.exports={plugins:['
+ jq -rs '
        map(select(.name | startswith("@tailwindcss/")))
        | map("require(" + ( .name | tojson ) + "),")[]
      '
+ grep -Ev '"@tailwindcss/postcss7-compat"'
+ echo ']}'
+ cat tailwind.config.js
+ sed 's/^/>>> /'
>>> module.exports={plugins:[
>>> require("@tailwindcss/aspect-ratio"),
>>> require("@tailwindcss/forms"),
>>> require("@tailwindcss/line-clamp"),
>>> ]}
+ node ./tailwind.config.exporter3.mjs tailwind.config.js
++ date -u +%Y-%m-%dT%H:%M:%SZ
+ writetaskstat timestamp_attempt_squash_end 2024-03-04T03:40:12Z
+ jq -nc --arg key timestamp_attempt_squash_end --arg value 2024-03-04T03:40:12Z '{ key: $key, value: $value }'
+ break
++ date -u +%Y-%m-%dT%H:%M:%SZ
+ writetaskstat timestamp_end 2024-03-04T03:40:12Z
+ jq -nc --arg key timestamp_end --arg value 2024-03-04T03:40:12Z '{ key: $key, value: $value }'
+ rm /twcr/mnt/results/extract-failed
+ touch /twcr/mnt/results/extract-completed
