==== RUN-DOCKER
+++ dirname -- ./worker/run.sh
++ cd -- ./worker
++ pwd
+ twcrdir=/twcr/worker/..
+ repo=github.com/AnthonyNet/morbus_tschengi
+ reporef=main
+ repopath=./
+ '[' true == true ']'
+ grep -q '^././'
++ echo github.com/AnthonyNet/morbus_tschengi
++ sha256sum
++ awk '{ print $1 }'
++ cut -c1-12
+ procdir=/tmp/twcr-be641f349296
++ echo 'github.com/AnthonyNet/morbus_tschengi;main;./'
++ sha256sum
++ awk '{ print $1 }'
++ cut -c1-12
+ datadir=/twcr/worker/../mnt/dataset/data/69e7255f3ae9
+ '[' '!' -z /twcr/mnt/results ']'
+ datadir=/twcr/mnt/results
+ touch /twcr/mnt/results/extract-failed
++ base64
++ tr -d =
++ tr /+ _-
++ base64
++ tr -d =
++ tr /+ _-
+ writetaskstat analysis_key github.com/AnthonyNet/morbus_tschengi/bWFpbgo/Li8K
+ jq -nc --arg key analysis_key --arg value github.com/AnthonyNet/morbus_tschengi/bWFpbgo/Li8K '{ key: $key, value: $value }'
++ date -u +%Y%m%d%H%M%S
++ sha256sum
++ awk '{ print $1 }'
++ cut -c1-16
++ head -c 32 /dev/urandom
+ writetaskstat analysis_nonce 8732d9a9f507b1d2
+ jq -nc --arg key analysis_nonce --arg value 8732d9a9f507b1d2 '{ key: $key, value: $value }'
+ writetaskstat input_repo_name github.com/AnthonyNet/morbus_tschengi
+ jq -nc --arg key input_repo_name --arg value github.com/AnthonyNet/morbus_tschengi '{ key: $key, value: $value }'
+ writetaskstat input_repo_ref main
+ jq -nc --arg key input_repo_ref --arg value main '{ key: $key, value: $value }'
+ writetaskstat input_repo_path ./
+ jq -nc --arg key input_repo_path --arg value ./ '{ key: $key, value: $value }'
++ date -u +%Y-%m-%dT%H:%M:%SZ
+ writetaskstat timestamp_begin 2024-03-05T12:28:46Z
+ jq -nc --arg key timestamp_begin --arg value 2024-03-05T12:28:46Z '{ key: $key, value: $value }'
+ mkdir -p /tmp/twcr-be641f349296
/tmp/twcr-be641f349296 /twcr
+ pushd /tmp/twcr-be641f349296
+ '[' -d .git ']'
+ git clone --depth=1 -b main https://github.com/AnthonyNet/morbus_tschengi.git .
Cloning into '.'...
++ date -u +%Y-%m-%dT%H:%M:%SZ
+ writetaskstat timestamp_git_clone_complete 2024-03-05T12:28:47Z
+ jq -nc --arg key timestamp_git_clone_complete --arg value 2024-03-05T12:28:47Z '{ key: $key, value: $value }'
++ git rev-parse HEAD
+ writetaskstat exec_repo_commit_sha c7a96d7ee25b2edf6d1adf31dc893f8a4eb0f35b
+ jq -nc --arg key exec_repo_commit_sha --arg value c7a96d7ee25b2edf6d1adf31dc893f8a4eb0f35b '{ key: $key, value: $value }'
+++ git show --no-patch --format=%ci
++ date -u --date '2023-05-24 19:48:28 +0200' +%Y-%m-%dT%H:%M:%SZ
+ writetaskstat exec_repo_commit_date 2023-05-24T17:48:28Z
+ jq -nc --arg key exec_repo_commit_date --arg value 2023-05-24T17:48:28Z '{ key: $key, value: $value }'
/tmp/twcr-be641f349296 /tmp/twcr-be641f349296 /twcr
+ '[' -z ./ ']'
+ pushd ./
+ tailwind_config_file_name=
+ '[' -f tailwind.config.js ']'
+ '[' -f tailwind.config.cjs ']'
+ tailwind_config_file_name=tailwind.config.cjs
+ writetaskstat exec_tailwind_config_file tailwind.config.cjs
+ jq -nc --arg key exec_tailwind_config_file --arg value tailwind.config.cjs '{ key: $key, value: $value }'
+ cp tailwind.config.cjs /twcr/mnt/results/extract-raw-tailwind-config.js
+ '[' '!' -f package.json ']'
+ cp package.json /twcr/mnt/results/extract-raw-package.json
++ /twcr/worker/../worker/pm-detect.sh /tmp/twcr-be641f349296
+ package_manager_name=pnpm
+ '[' -z pnpm ']'
+ '[' -z pnpm ']'
+ writetaskstat exec_node_package_manager pnpm
+ jq -nc --arg key exec_node_package_manager --arg value pnpm '{ key: $key, value: $value }'
+ attempt_mode=squash
+ true
++ date -u +%Y-%m-%dT%H:%M:%SZ
+ writetaskstat timestamp_attempt_squash_begin 2024-03-05T12:28:47Z
+ jq -nc --arg key timestamp_attempt_squash_begin --arg value 2024-03-05T12:28:47Z '{ key: $key, value: $value }'
+ [[ squash == \s\q\u\a\s\h ]]
+ set +e
+ node /twcr/worker/../worker/squash-package.mjs tailwind.config.cjs
+ exitcode=0
+ set -e
+ [[ 0 != \0 ]]
+ cat package.json
+ sed 's/^/>>> /'
>>> {
>>>   "name": "@example/basics",
>>>   "type": "module",
>>>   "version": "0.0.1",
>>>   "private": true,
>>>   "dependencies": {
>>>     "@astrojs/tailwind": "^2.1.2",
>>>     "tailwindcss": "^3.2.4"
>>>   },
>>>   "devDependencies": {
>>>     "@tailwindcss/typography": "^0.5.8"
>>>   }
>>> }+ rm -f package-lock.json pnpm-lock.yaml yarn.lock
+ '[' ./ '!=' ./ ']'
+ set +e
+ /twcr/worker/../worker/pm-install.sh pnpm /tmp/twcr-be641f349296 /twcr/mnt/results
+ package_manager_name=pnpm
+ procdir=/tmp/twcr-be641f349296
+ datadir=/twcr/mnt/results
+ case "${package_manager_name}" in
+ '[' '!' -f /tmp/twcr-be641f349296/package.json ']'
++ pnpm -v
+ sed -Ei 's/("pnpm": ")(.+)(")/\18.15.4\3/' /tmp/twcr-be641f349296/package.json
+ '[' '!' -f package.json ']'
++ pnpm -v
+ sed -Ei 's/("pnpm": ")(.+)(")/\18.15.4\3/' package.json
+ pnpm install
Progress: resolved 1, reused 0, downloaded 0, added 0
Progress: resolved 32, reused 0, downloaded 18, added 0
Progress: resolved 67, reused 0, downloaded 55, added 0
Progress: resolved 104, reused 0, downloaded 94, added 0
Packages: +122
++++++++++++++++++++++++++++++++++++++++++++++++++++++++++++++++++++++++++++++++
Progress: resolved 123, reused 0, downloaded 122, added 122, done

dependencies:
+ @astrojs/tailwind 2.1.3 (5.1.0 is available)
+ tailwindcss 3.4.1

devDependencies:
+ @tailwindcss/typography 0.5.10

Done in 4.7s
+ pnpm ls --json
+ jq -cr '
        .[]
        | [.dependencies, .devDependencies, .optionalDependencies]
        | map(select(.))[]
        | to_entries
        | map({ name: .key, version: .value.version })
        | sort_by(.name)[]
      '
+ exitcode=0
+ set -e
+ [[ 0 != \0 ]]
++ jq -sr 'map(select(.name == "tailwindcss")) | first | .version'
+ tailwind_package_version=3.4.1
+ tailwind_config_exporter=tailwind.config.exporter2.cjs
+ '[' -f node_modules/tailwindcss/lib/lib/load-config.js ']'
+ tailwind_config_exporter=tailwind.config.exporter3.mjs
+ cp /twcr/worker/../worker/tailwind.config.exporter3.mjs ./
+ set +e
+ node ./tailwind.config.exporter3.mjs tailwind.config.cjs
+ exitcode=0
+ set -e
+ [[ 0 != \0 ]]
+ echo 'module.exports={plugins:['
+ jq -rs '
        map(select(.name | startswith("@tailwindcss/")))
        | map("require(" + ( .name | tojson ) + "),")[]
      '
+ grep -Ev '"@tailwindcss/postcss7-compat"'
+ echo ']}'
+ cat tailwind.config.cjs
+ sed 's/^/>>> /'
>>> module.exports={plugins:[
>>> require("@tailwindcss/typography"),
>>> ]}
+ node ./tailwind.config.exporter3.mjs tailwind.config.cjs
++ date -u +%Y-%m-%dT%H:%M:%SZ
+ writetaskstat timestamp_attempt_squash_end 2024-03-05T12:28:53Z
+ jq -nc --arg key timestamp_attempt_squash_end --arg value 2024-03-05T12:28:53Z '{ key: $key, value: $value }'
+ break
++ date -u +%Y-%m-%dT%H:%M:%SZ
+ writetaskstat timestamp_end 2024-03-05T12:28:53Z
+ jq -nc --arg key timestamp_end --arg value 2024-03-05T12:28:53Z '{ key: $key, value: $value }'
+ rm /twcr/mnt/results/extract-failed
+ touch /twcr/mnt/results/extract-completed
