==== RUN-DOCKER
+++ dirname -- ./worker/run.sh
++ cd -- ./worker
++ pwd
+ twcrdir=/twcr/worker/..
+ repo=github.com/AccordBox/wagtail-tailwind-blog
+ reporef=master
+ repopath=./
+ '[' true == true ']'
+ grep -q '^././'
++ echo github.com/AccordBox/wagtail-tailwind-blog
++ sha256sum
++ awk '{ print $1 }'
++ cut -c1-12
+ procdir=/tmp/twcr-ef57ce0f387f
++ echo 'github.com/AccordBox/wagtail-tailwind-blog;master;./'
++ sha256sum
++ awk '{ print $1 }'
++ cut -c1-12
+ datadir=/twcr/worker/../mnt/dataset/data/7307521017ef
+ '[' '!' -z /twcr/mnt/results ']'
+ datadir=/twcr/mnt/results
+ touch /twcr/mnt/results/extract-failed
++ base64
++ tr -d =
++ tr /+ _-
++ base64
++ tr -d =
++ tr /+ _-
+ writetaskstat analysis_key github.com/AccordBox/wagtail-tailwind-blog/bWFzdGVyCg/Li8K
+ jq -nc --arg key analysis_key --arg value github.com/AccordBox/wagtail-tailwind-blog/bWFzdGVyCg/Li8K '{ key: $key, value: $value }'
++ date -u +%Y%m%d%H%M%S
++ sha256sum
++ awk '{ print $1 }'
++ cut -c1-16
++ head -c 32 /dev/urandom
+ writetaskstat analysis_nonce 0315a88feef3a3cf
+ jq -nc --arg key analysis_nonce --arg value 0315a88feef3a3cf '{ key: $key, value: $value }'
+ writetaskstat input_repo_name github.com/AccordBox/wagtail-tailwind-blog
+ jq -nc --arg key input_repo_name --arg value github.com/AccordBox/wagtail-tailwind-blog '{ key: $key, value: $value }'
+ writetaskstat input_repo_ref master
+ jq -nc --arg key input_repo_ref --arg value master '{ key: $key, value: $value }'
+ writetaskstat input_repo_path ./
+ jq -nc --arg key input_repo_path --arg value ./ '{ key: $key, value: $value }'
++ date -u +%Y-%m-%dT%H:%M:%SZ
+ writetaskstat timestamp_begin 2024-03-04T05:33:31Z
+ jq -nc --arg key timestamp_begin --arg value 2024-03-04T05:33:31Z '{ key: $key, value: $value }'
+ mkdir -p /tmp/twcr-ef57ce0f387f
+ pushd /tmp/twcr-ef57ce0f387f
+ '[' -d .git ']'
+ git clone --depth=1 -b master https://github.com/AccordBox/wagtail-tailwind-blog.git .
/tmp/twcr-ef57ce0f387f /twcr
Cloning into '.'...
++ date -u +%Y-%m-%dT%H:%M:%SZ
+ writetaskstat timestamp_git_clone_complete 2024-03-04T05:33:32Z
+ jq -nc --arg key timestamp_git_clone_complete --arg value 2024-03-04T05:33:32Z '{ key: $key, value: $value }'
++ git rev-parse HEAD
+ writetaskstat exec_repo_commit_sha e7ea2b56c09c8a8f125461aa110468e2c565a277
+ jq -nc --arg key exec_repo_commit_sha --arg value e7ea2b56c09c8a8f125461aa110468e2c565a277 '{ key: $key, value: $value }'
+++ git show --no-patch --format=%ci
++ date -u --date '2024-01-27 11:00:31 +0800' +%Y-%m-%dT%H:%M:%SZ
+ writetaskstat exec_repo_commit_date 2024-01-27T03:00:31Z
+ jq -nc --arg key exec_repo_commit_date --arg value 2024-01-27T03:00:31Z '{ key: $key, value: $value }'
/tmp/twcr-ef57ce0f387f /tmp/twcr-ef57ce0f387f /twcr
+ '[' -z ./ ']'
+ pushd ./
+ tailwind_config_file_name=
+ '[' -f tailwind.config.js ']'
+ tailwind_config_file_name=tailwind.config.js
+ writetaskstat exec_tailwind_config_file tailwind.config.js
+ jq -nc --arg key exec_tailwind_config_file --arg value tailwind.config.js '{ key: $key, value: $value }'
+ cp tailwind.config.js /twcr/mnt/results/extract-raw-tailwind-config.js
+ '[' '!' -f package.json ']'
+ cp package.json /twcr/mnt/results/extract-raw-package.json
++ /twcr/worker/../worker/pm-detect.sh /tmp/twcr-ef57ce0f387f
+ package_manager_name=
+ '[' -z '' ']'
+ '[' ./ '!=' ./ ']'
+ '[' -z '' ']'
+ package_manager_name=npm
+ writetaskstat exec_node_package_manager npm
+ jq -nc --arg key exec_node_package_manager --arg value npm '{ key: $key, value: $value }'
+ attempt_mode=squash
+ true
++ date -u +%Y-%m-%dT%H:%M:%SZ
+ writetaskstat timestamp_attempt_squash_begin 2024-03-04T05:33:32Z
+ jq -nc --arg key timestamp_attempt_squash_begin --arg value 2024-03-04T05:33:32Z '{ key: $key, value: $value }'
+ [[ squash == \s\q\u\a\s\h ]]
+ set +e
+ node /twcr/worker/../worker/squash-package.mjs tailwind.config.js
+ exitcode=0
+ set -e
+ [[ 0 != \0 ]]
+ cat package.json
+ sed 's/^/>>> /'
>>> {
>>>   "name": "python-webpack-boilerplate",
>>>   "version": "1.0.0",
>>>   "description": "Webpack boilerplate for Django & Flask",
>>>   "repository": {
>>>     "type": "git",
>>>     "url": "https://github.com/AccordBox/python-webpack-boilerplate"
>>>   },
>>>   "keywords": [
>>>     "webpack",
>>>     "startkit",
>>>     "frontend"
>>>   ],
>>>   "author": "Michael Yin",
>>>   "license": "MIT",
>>>   "bugs": {
>>>     "url": "https://github.com/AccordBox/python-webpack-boilerplate/issues"
>>>   },
>>>   "devDependencies": {
>>>     "tailwindcss": "^3.1.8"
>>>   },
>>>   "dependencies": {
>>>     "@tailwindcss/forms": "^0.5.3",
>>>     "@tailwindcss/typography": "^0.5.7"
>>>   }
>>> }+ rm -f package-lock.json pnpm-lock.yaml yarn.lock
+ '[' ./ '!=' ./ ']'
+ set +e
+ /twcr/worker/../worker/pm-install.sh npm /tmp/twcr-ef57ce0f387f /twcr/mnt/results
+ package_manager_name=npm
+ procdir=/tmp/twcr-ef57ce0f387f
+ datadir=/twcr/mnt/results
+ case "${package_manager_name}" in
++ '[' -f package-lock.json ']'
++ echo install
+ npm install --ignore-engines

added 120 packages, and audited 121 packages in 6s

28 packages are looking for funding
  run `npm fund` for details

found 0 vulnerabilities
npm notice 
npm notice New minor version of npm available! 10.2.4 -> 10.5.0
npm notice Changelog: <https://github.com/npm/cli/releases/tag/v10.5.0>
npm notice Run `npm install -g npm@10.5.0` to update!
npm notice 
+ npm query '*'
+ jq -cr '
        map({ name: .name, version: .version })
        | map(select(.name))
        | sort_by(.name)[]
      '
+ exitcode=0
+ set -e
+ [[ 0 != \0 ]]
++ jq -sr 'map(select(.name == "tailwindcss")) | first | .version'
+ tailwind_package_version=3.4.1
+ tailwind_config_exporter=tailwind.config.exporter2.cjs
+ '[' -f node_modules/tailwindcss/lib/lib/load-config.js ']'
+ tailwind_config_exporter=tailwind.config.exporter3.mjs
+ cp /twcr/worker/../worker/tailwind.config.exporter3.mjs ./
+ set +e
+ node ./tailwind.config.exporter3.mjs tailwind.config.js
+ exitcode=0
+ set -e
+ [[ 0 != \0 ]]
+ echo 'module.exports={plugins:['
+ jq -rs '
        map(select(.name | startswith("@tailwindcss/")))
        | map("require(" + ( .name | tojson ) + "),")[]
      '
+ grep -Ev '"@tailwindcss/postcss7-compat"'
+ echo ']}'
+ cat tailwind.config.js
+ sed 's/^/>>> /'
>>> module.exports={plugins:[
>>> require("@tailwindcss/forms"),
>>> require("@tailwindcss/typography"),
>>> ]}
+ node ./tailwind.config.exporter3.mjs tailwind.config.js
++ date -u +%Y-%m-%dT%H:%M:%SZ
+ writetaskstat timestamp_attempt_squash_end 2024-03-04T05:33:39Z
+ jq -nc --arg key timestamp_attempt_squash_end --arg value 2024-03-04T05:33:39Z '{ key: $key, value: $value }'
+ break
++ date -u +%Y-%m-%dT%H:%M:%SZ
+ writetaskstat timestamp_end 2024-03-04T05:33:39Z
+ jq -nc --arg key timestamp_end --arg value 2024-03-04T05:33:39Z '{ key: $key, value: $value }'
+ rm /twcr/mnt/results/extract-failed
+ touch /twcr/mnt/results/extract-completed
