==== RUN-DOCKER
+++ dirname -- ./worker/run.sh
++ cd -- ./worker
++ pwd
+ twcrdir=/twcr/worker/..
+ repo=github.com/aminesmkhani/aminpanel
+ reporef=main
+ repopath=./
+ '[' true == true ']'
+ grep -q '^././'
++ echo github.com/aminesmkhani/aminpanel
++ sha256sum
++ awk '{ print $1 }'
++ cut -c1-12
+ procdir=/tmp/twcr-f0880a8d7c8a
++ echo 'github.com/aminesmkhani/aminpanel;main;./'
++ sha256sum
++ awk '{ print $1 }'
++ cut -c1-12
+ datadir=/twcr/worker/../mnt/dataset/data/6545e7edcb3b
+ '[' '!' -z /twcr/mnt/results ']'
+ datadir=/twcr/mnt/results
+ touch /twcr/mnt/results/extract-failed
++ base64
++ tr -d =
++ tr /+ _-
++ base64
++ tr -d =
++ tr /+ _-
+ writetaskstat analysis_key github.com/aminesmkhani/aminpanel/bWFpbgo/Li8K
+ jq -nc --arg key analysis_key --arg value github.com/aminesmkhani/aminpanel/bWFpbgo/Li8K '{ key: $key, value: $value }'
++ date -u +%Y%m%d%H%M%S
++ sha256sum
++ awk '{ print $1 }'
++ cut -c1-16
++ head -c 32 /dev/urandom
+ writetaskstat analysis_nonce cc48c01335d7571d
+ jq -nc --arg key analysis_nonce --arg value cc48c01335d7571d '{ key: $key, value: $value }'
+ writetaskstat input_repo_name github.com/aminesmkhani/aminpanel
+ jq -nc --arg key input_repo_name --arg value github.com/aminesmkhani/aminpanel '{ key: $key, value: $value }'
+ writetaskstat input_repo_ref main
+ jq -nc --arg key input_repo_ref --arg value main '{ key: $key, value: $value }'
+ writetaskstat input_repo_path ./
+ jq -nc --arg key input_repo_path --arg value ./ '{ key: $key, value: $value }'
++ date -u +%Y-%m-%dT%H:%M:%SZ
+ writetaskstat timestamp_begin 2024-03-04T08:10:10Z
+ jq -nc --arg key timestamp_begin --arg value 2024-03-04T08:10:10Z '{ key: $key, value: $value }'
+ mkdir -p /tmp/twcr-f0880a8d7c8a
/tmp/twcr-f0880a8d7c8a /twcr
+ pushd /tmp/twcr-f0880a8d7c8a
+ '[' -d .git ']'
+ git clone --depth=1 -b main https://github.com/aminesmkhani/aminpanel.git .
Cloning into '.'...
++ date -u +%Y-%m-%dT%H:%M:%SZ
+ writetaskstat timestamp_git_clone_complete 2024-03-04T08:10:10Z
+ jq -nc --arg key timestamp_git_clone_complete --arg value 2024-03-04T08:10:10Z '{ key: $key, value: $value }'
++ git rev-parse HEAD
+ writetaskstat exec_repo_commit_sha 6dac154f818fdf550fd0b70a90e4c88475d6a674
+ jq -nc --arg key exec_repo_commit_sha --arg value 6dac154f818fdf550fd0b70a90e4c88475d6a674 '{ key: $key, value: $value }'
+++ git show --no-patch --format=%ci
++ date -u --date '2022-06-20 23:47:03 +0430' +%Y-%m-%dT%H:%M:%SZ
+ writetaskstat exec_repo_commit_date 2022-06-20T19:17:03Z
+ jq -nc --arg key exec_repo_commit_date --arg value 2022-06-20T19:17:03Z '{ key: $key, value: $value }'
/tmp/twcr-f0880a8d7c8a /tmp/twcr-f0880a8d7c8a /twcr
+ '[' -z ./ ']'
+ pushd ./
+ tailwind_config_file_name=
+ '[' -f tailwind.config.js ']'
+ tailwind_config_file_name=tailwind.config.js
+ writetaskstat exec_tailwind_config_file tailwind.config.js
+ jq -nc --arg key exec_tailwind_config_file --arg value tailwind.config.js '{ key: $key, value: $value }'
+ cp tailwind.config.js /twcr/mnt/results/extract-raw-tailwind-config.js
+ '[' '!' -f package.json ']'
+ cp package.json /twcr/mnt/results/extract-raw-package.json
++ /twcr/worker/../worker/pm-detect.sh /tmp/twcr-f0880a8d7c8a
+ package_manager_name=
+ '[' -z '' ']'
+ '[' ./ '!=' ./ ']'
+ '[' -z '' ']'
+ package_manager_name=npm
+ writetaskstat exec_node_package_manager npm
+ jq -nc --arg key exec_node_package_manager --arg value npm '{ key: $key, value: $value }'
+ attempt_mode=squash
+ true
++ date -u +%Y-%m-%dT%H:%M:%SZ
+ writetaskstat timestamp_attempt_squash_begin 2024-03-04T08:10:10Z
+ jq -nc --arg key timestamp_attempt_squash_begin --arg value 2024-03-04T08:10:10Z '{ key: $key, value: $value }'
+ [[ squash == \s\q\u\a\s\h ]]
+ set +e
+ node /twcr/worker/../worker/squash-package.mjs tailwind.config.js
+ exitcode=0
+ set -e
+ [[ 0 != \0 ]]
+ cat package.json
+ sed 's/^/>>> /'
>>> {
>>>   "name": "aminpanel",
>>>   "version": "1.0.0",
>>>   "description": "",
>>>   "main": "index.js",
>>>   "repository": {
>>>     "type": "git",
>>>     "url": "git+https://github.com/aminesmkhani/aminpanel.git"
>>>   },
>>>   "keywords": [],
>>>   "author": "",
>>>   "license": "ISC",
>>>   "bugs": {
>>>     "url": "https://github.com/aminesmkhani/aminpanel/issues"
>>>   },
>>>   "homepage": "https://github.com/aminesmkhani/aminpanel#readme",
>>>   "dependencies": {
>>>     "tailwindcss": "^2.2.16"
>>>   }
>>> }+ rm -f package-lock.json pnpm-lock.yaml yarn.lock
+ '[' ./ '!=' ./ ']'
+ set +e
+ /twcr/worker/../worker/pm-install.sh npm /tmp/twcr-f0880a8d7c8a /twcr/mnt/results
+ package_manager_name=npm
+ procdir=/tmp/twcr-f0880a8d7c8a
+ datadir=/twcr/mnt/results
+ case "${package_manager_name}" in
++ '[' -f package-lock.json ']'
++ echo install
+ npm install --ignore-engines

added 142 packages, and audited 143 packages in 6s

28 packages are looking for funding
  run `npm fund` for details

found 0 vulnerabilities
npm notice 
npm notice New minor version of npm available! 10.2.4 -> 10.5.0
npm notice Changelog: <https://github.com/npm/cli/releases/tag/v10.5.0>
npm notice Run `npm install -g npm@10.5.0` to update!
npm notice 
+ npm query '*'
+ jq -cr '
        map({ name: .name, version: .version })
        | map(select(.name))
        | sort_by(.name)[]
      '
+ exitcode=0
+ set -e
+ [[ 0 != \0 ]]
++ jq -sr 'map(select(.name == "tailwindcss")) | first | .version'
+ tailwind_package_version=2.2.19
+ tailwind_config_exporter=tailwind.config.exporter2.cjs
+ '[' -f node_modules/tailwindcss/lib/lib/load-config.js ']'
+ cp /twcr/worker/../worker/tailwind.config.exporter2.cjs ./
+ set +e
+ node ./tailwind.config.exporter2.cjs tailwind.config.js
+ exitcode=0
+ set -e
+ [[ 0 != \0 ]]
+ echo 'module.exports={plugins:['
+ jq -rs '
        map(select(.name | startswith("@tailwindcss/")))
        | map("require(" + ( .name | tojson ) + "),")[]
      '
+ grep -Ev '"@tailwindcss/postcss7-compat"'
+ true
+ echo ']}'
+ cat tailwind.config.js
+ sed 's/^/>>> /'
>>> module.exports={plugins:[
>>> ]}
+ node ./tailwind.config.exporter2.cjs tailwind.config.js
++ date -u +%Y-%m-%dT%H:%M:%SZ
+ writetaskstat timestamp_attempt_squash_end 2024-03-04T08:10:18Z
+ jq -nc --arg key timestamp_attempt_squash_end --arg value 2024-03-04T08:10:18Z '{ key: $key, value: $value }'
+ break
++ date -u +%Y-%m-%dT%H:%M:%SZ
+ writetaskstat timestamp_end 2024-03-04T08:10:18Z
+ jq -nc --arg key timestamp_end --arg value 2024-03-04T08:10:18Z '{ key: $key, value: $value }'
+ rm /twcr/mnt/results/extract-failed
+ touch /twcr/mnt/results/extract-completed
