==== RUN-DOCKER
+++ dirname -- ./worker/run.sh
++ cd -- ./worker
++ pwd
+ twcrdir=/twcr/worker/..
+ repo=github.com/Tencent/omi
+ reporef=master
+ repopath=./packages/omiu
+ '[' true == true ']'
+ grep -q '^././'
++ echo github.com/Tencent/omi
++ sha256sum
++ awk '{ print $1 }'
++ cut -c1-12
+ procdir=/tmp/twcr-7eeed1ea37c5
++ echo 'github.com/Tencent/omi;master;./packages/omiu'
++ sha256sum
++ awk '{ print $1 }'
++ cut -c1-12
+ datadir=/twcr/worker/../mnt/dataset/data/bd15ece5ba49
+ '[' '!' -z /twcr/mnt/results ']'
+ datadir=/twcr/mnt/results
+ touch /twcr/mnt/results/extract-failed
++ base64
++ tr -d =
++ tr /+ _-
++ base64
++ tr -d =
++ tr /+ _-
+ writetaskstat analysis_key github.com/Tencent/omi/bWFzdGVyCg/Li9wYWNrYWdlcy9vbWl1Cg
+ jq -nc --arg key analysis_key --arg value github.com/Tencent/omi/bWFzdGVyCg/Li9wYWNrYWdlcy9vbWl1Cg '{ key: $key, value: $value }'
++ date -u +%Y%m%d%H%M%S
++ sha256sum
++ awk '{ print $1 }'
++ cut -c1-16
++ head -c 32 /dev/urandom
+ writetaskstat analysis_nonce 7fb063c732a04463
+ jq -nc --arg key analysis_nonce --arg value 7fb063c732a04463 '{ key: $key, value: $value }'
+ writetaskstat input_repo_name github.com/Tencent/omi
+ jq -nc --arg key input_repo_name --arg value github.com/Tencent/omi '{ key: $key, value: $value }'
+ writetaskstat input_repo_ref master
+ jq -nc --arg key input_repo_ref --arg value master '{ key: $key, value: $value }'
+ writetaskstat input_repo_path ./packages/omiu
+ jq -nc --arg key input_repo_path --arg value ./packages/omiu '{ key: $key, value: $value }'
++ date -u +%Y-%m-%dT%H:%M:%SZ
+ writetaskstat timestamp_begin 2024-03-04T00:54:54Z
+ jq -nc --arg key timestamp_begin --arg value 2024-03-04T00:54:54Z '{ key: $key, value: $value }'
+ mkdir -p /tmp/twcr-7eeed1ea37c5
+ pushd /tmp/twcr-7eeed1ea37c5
+ '[' -d .git ']'
+ git clone --depth=1 -b master https://github.com/Tencent/omi.git .
/tmp/twcr-7eeed1ea37c5 /twcr
Cloning into '.'...
++ date -u +%Y-%m-%dT%H:%M:%SZ
+ writetaskstat timestamp_git_clone_complete 2024-03-04T00:54:56Z
+ jq -nc --arg key timestamp_git_clone_complete --arg value 2024-03-04T00:54:56Z '{ key: $key, value: $value }'
++ git rev-parse HEAD
+ writetaskstat exec_repo_commit_sha 32f64e56c6bf3d5812d256fb4138683d0eab0d88
+ jq -nc --arg key exec_repo_commit_sha --arg value 32f64e56c6bf3d5812d256fb4138683d0eab0d88 '{ key: $key, value: $value }'
+++ git show --no-patch --format=%ci
++ date -u --date '2024-02-29 08:51:51 +0800' +%Y-%m-%dT%H:%M:%SZ
+ writetaskstat exec_repo_commit_date 2024-02-29T00:51:51Z
+ jq -nc --arg key exec_repo_commit_date --arg value 2024-02-29T00:51:51Z '{ key: $key, value: $value }'
+ '[' -z ./packages/omiu ']'
+ pushd ./packages/omiu
+ tailwind_config_file_name=
+ '[' -f tailwind.config.js ']'
+ tailwind_config_file_name=tailwind.config.js
+ writetaskstat exec_tailwind_config_file tailwind.config.js
/tmp/twcr-7eeed1ea37c5/packages/omiu /tmp/twcr-7eeed1ea37c5 /twcr
+ jq -nc --arg key exec_tailwind_config_file --arg value tailwind.config.js '{ key: $key, value: $value }'
+ cp tailwind.config.js /twcr/mnt/results/extract-raw-tailwind-config.js
+ '[' '!' -f package.json ']'
+ cp package.json /twcr/mnt/results/extract-raw-package.json
++ /twcr/worker/../worker/pm-detect.sh /tmp/twcr-7eeed1ea37c5/packages/omiu
+ package_manager_name=
+ '[' -z '' ']'
+ '[' ./packages/omiu '!=' ./ ']'
++ /twcr/worker/../worker/pm-detect.sh /tmp/twcr-7eeed1ea37c5
grep: /tmp/twcr-7eeed1ea37c5/package.json: No such file or directory
grep: /tmp/twcr-7eeed1ea37c5/package.json: No such file or directory
grep: /tmp/twcr-7eeed1ea37c5/package.json: No such file or directory
/twcr/worker/../worker/pm-detect.sh: line 17: /tmp/twcr-7eeed1ea37c5/package.json: No such file or directory
+ package_manager_name=
+ '[' -z '' ']'
+ package_manager_name=npm
+ writetaskstat exec_node_package_manager npm
+ jq -nc --arg key exec_node_package_manager --arg value npm '{ key: $key, value: $value }'
+ attempt_mode=squash
+ true
++ date -u +%Y-%m-%dT%H:%M:%SZ
+ writetaskstat timestamp_attempt_squash_begin 2024-03-04T00:54:56Z
+ jq -nc --arg key timestamp_attempt_squash_begin --arg value 2024-03-04T00:54:56Z '{ key: $key, value: $value }'
+ [[ squash == \s\q\u\a\s\h ]]
+ set +e
+ node /twcr/worker/../worker/squash-package.mjs tailwind.config.js
+ exitcode=0
+ set -e
+ [[ 0 != \0 ]]
+ cat package.json
+ sed 's/^/>>> /'
>>> {
>>>   "name": "omiu",
>>>   "version": "0.1.0-alpha8",
>>>   "description": "Hope to create the best web components.",
>>>   "type": "module",
>>>   "main": "dist/index.es.js",
>>>   "exports": {
>>>     ".": "./dist/index.es.js"
>>>   },
>>>   "types": "index.d.ts",
>>>   "dependencies": {},
>>>   "files": [
>>>     "dist",
>>>     "index.d.ts"
>>>   ],
>>>   "devDependencies": {
>>>     "tailwindcss": "^3.3.3",
>>>     "tailwindcss-animate": "^1.0.7"
>>>   }
>>> }+ rm -f package-lock.json pnpm-lock.yaml yarn.lock
+ '[' ./packages/omiu '!=' ./ ']'
+ rm -f /tmp/twcr-7eeed1ea37c5/package.json /tmp/twcr-7eeed1ea37c5/package-lock.json /tmp/twcr-7eeed1ea37c5/pnpm-lock.yaml /tmp/twcr-7eeed1ea37c5/yarn.lock
+ set +e
+ /twcr/worker/../worker/pm-install.sh npm /tmp/twcr-7eeed1ea37c5 /twcr/mnt/results
+ package_manager_name=npm
+ procdir=/tmp/twcr-7eeed1ea37c5
+ datadir=/twcr/mnt/results
+ case "${package_manager_name}" in
++ '[' -f package-lock.json ']'
++ echo install
+ npm install --ignore-engines

added 113 packages, and audited 114 packages in 4s

28 packages are looking for funding
  run `npm fund` for details

found 0 vulnerabilities
npm notice 
npm notice New minor version of npm available! 10.2.4 -> 10.5.0
npm notice Changelog: <https://github.com/npm/cli/releases/tag/v10.5.0>
npm notice Run `npm install -g npm@10.5.0` to update!
npm notice 
+ npm query '*'
+ jq -cr '
        map({ name: .name, version: .version })
        | map(select(.name))
        | sort_by(.name)[]
      '
+ exitcode=0
+ set -e
+ [[ 0 != \0 ]]
++ jq -sr 'map(select(.name == "tailwindcss")) | first | .version'
+ tailwind_package_version=3.4.1
+ tailwind_config_exporter=tailwind.config.exporter2.cjs
+ '[' -f node_modules/tailwindcss/lib/lib/load-config.js ']'
+ tailwind_config_exporter=tailwind.config.exporter3.mjs
+ cp /twcr/worker/../worker/tailwind.config.exporter3.mjs ./
+ set +e
+ node ./tailwind.config.exporter3.mjs tailwind.config.js
+ exitcode=0
+ set -e
+ [[ 0 != \0 ]]
+ echo 'module.exports={plugins:['
+ jq -rs '
        map(select(.name | startswith("@tailwindcss/")))
        | map("require(" + ( .name | tojson ) + "),")[]
      '
+ grep -Ev '"@tailwindcss/postcss7-compat"'
+ true
+ echo ']}'
+ cat tailwind.config.js
+ sed 's/^/>>> /'
>>> module.exports={plugins:[
>>> ]}
+ node ./tailwind.config.exporter3.mjs tailwind.config.js
++ date -u +%Y-%m-%dT%H:%M:%SZ
+ writetaskstat timestamp_attempt_squash_end 2024-03-04T00:55:01Z
+ jq -nc --arg key timestamp_attempt_squash_end --arg value 2024-03-04T00:55:01Z '{ key: $key, value: $value }'
+ break
++ date -u +%Y-%m-%dT%H:%M:%SZ
+ writetaskstat timestamp_end 2024-03-04T00:55:01Z
+ jq -nc --arg key timestamp_end --arg value 2024-03-04T00:55:01Z '{ key: $key, value: $value }'
+ rm /twcr/mnt/results/extract-failed
+ touch /twcr/mnt/results/extract-completed
