==== RUN-DOCKER
+++ dirname -- ./worker/run.sh
++ cd -- ./worker
++ pwd
+ twcrdir=/twcr/worker/..
+ repo=github.com/satyawikananda/berita-indo-api
+ reporef=main
+ repopath=./
+ '[' true == true ']'
+ grep -q '^././'
++ echo github.com/satyawikananda/berita-indo-api
++ sha256sum
++ awk '{ print $1 }'
++ cut -c1-12
+ procdir=/tmp/twcr-b1bc12ca4d5a
++ echo 'github.com/satyawikananda/berita-indo-api;main;./'
++ sha256sum
++ awk '{ print $1 }'
++ cut -c1-12
+ datadir=/twcr/worker/../mnt/dataset/data/418c7a89baad
+ '[' '!' -z /twcr/mnt/results ']'
+ datadir=/twcr/mnt/results
+ touch /twcr/mnt/results/extract-failed
++ base64
++ tr -d =
++ tr /+ _-
++ base64
++ tr -d =
++ tr /+ _-
+ writetaskstat analysis_key github.com/satyawikananda/berita-indo-api/bWFpbgo/Li8K
+ jq -nc --arg key analysis_key --arg value github.com/satyawikananda/berita-indo-api/bWFpbgo/Li8K '{ key: $key, value: $value }'
++ date -u +%Y%m%d%H%M%S
++ sha256sum
++ awk '{ print $1 }'
++ cut -c1-16
++ head -c 32 /dev/urandom
+ writetaskstat analysis_nonce c738ff451d51b307
+ jq -nc --arg key analysis_nonce --arg value c738ff451d51b307 '{ key: $key, value: $value }'
+ writetaskstat input_repo_name github.com/satyawikananda/berita-indo-api
+ jq -nc --arg key input_repo_name --arg value github.com/satyawikananda/berita-indo-api '{ key: $key, value: $value }'
+ writetaskstat input_repo_ref main
+ jq -nc --arg key input_repo_ref --arg value main '{ key: $key, value: $value }'
+ writetaskstat input_repo_path ./
+ jq -nc --arg key input_repo_path --arg value ./ '{ key: $key, value: $value }'
++ date -u +%Y-%m-%dT%H:%M:%SZ
+ writetaskstat timestamp_begin 2024-03-04T06:34:25Z
+ jq -nc --arg key timestamp_begin --arg value 2024-03-04T06:34:25Z '{ key: $key, value: $value }'
+ mkdir -p /tmp/twcr-b1bc12ca4d5a
/tmp/twcr-b1bc12ca4d5a /twcr
+ pushd /tmp/twcr-b1bc12ca4d5a
+ '[' -d .git ']'
+ git clone --depth=1 -b main https://github.com/satyawikananda/berita-indo-api.git .
Cloning into '.'...
++ date -u +%Y-%m-%dT%H:%M:%SZ
+ writetaskstat timestamp_git_clone_complete 2024-03-04T06:34:25Z
+ jq -nc --arg key timestamp_git_clone_complete --arg value 2024-03-04T06:34:25Z '{ key: $key, value: $value }'
++ git rev-parse HEAD
+ writetaskstat exec_repo_commit_sha f64bc8090076a9b9f33f17a301fec336a9e7e63d
+ jq -nc --arg key exec_repo_commit_sha --arg value f64bc8090076a9b9f33f17a301fec336a9e7e63d '{ key: $key, value: $value }'
+++ git show --no-patch --format=%ci
++ date -u --date '2023-07-30 01:16:47 +0800' +%Y-%m-%dT%H:%M:%SZ
+ writetaskstat exec_repo_commit_date 2023-07-29T17:16:47Z
+ jq -nc --arg key exec_repo_commit_date --arg value 2023-07-29T17:16:47Z '{ key: $key, value: $value }'
+ '[' -z ./ ']'
+ pushd ./
+ tailwind_config_file_name=
+ '[' -f tailwind.config.js ']'
+ tailwind_config_file_name=tailwind.config.js
+ writetaskstat exec_tailwind_config_file tailwind.config.js
+ jq -nc --arg key exec_tailwind_config_file --arg value tailwind.config.js '{ key: $key, value: $value }'
/tmp/twcr-b1bc12ca4d5a /tmp/twcr-b1bc12ca4d5a /twcr
+ cp tailwind.config.js /twcr/mnt/results/extract-raw-tailwind-config.js
+ '[' '!' -f package.json ']'
+ cp package.json /twcr/mnt/results/extract-raw-package.json
++ /twcr/worker/../worker/pm-detect.sh /tmp/twcr-b1bc12ca4d5a
+ package_manager_name=pnpm
+ '[' -z pnpm ']'
+ '[' -z pnpm ']'
+ writetaskstat exec_node_package_manager pnpm
+ jq -nc --arg key exec_node_package_manager --arg value pnpm '{ key: $key, value: $value }'
+ attempt_mode=squash
+ true
++ date -u +%Y-%m-%dT%H:%M:%SZ
+ writetaskstat timestamp_attempt_squash_begin 2024-03-04T06:34:25Z
+ jq -nc --arg key timestamp_attempt_squash_begin --arg value 2024-03-04T06:34:25Z '{ key: $key, value: $value }'
+ [[ squash == \s\q\u\a\s\h ]]
+ set +e
+ node /twcr/worker/../worker/squash-package.mjs tailwind.config.js
+ exitcode=0
+ set -e
+ [[ 0 != \0 ]]
+ cat package.json
+ sed 's/^/>>> /'
>>> {
>>>   "name": "berita-indo-api",
>>>   "version": "2.0.0",
>>>   "private": true,
>>>   "dependencies": {
>>>     "tailwindcss": "3.3.3"
>>>   },
>>>   "devDependencies": {
>>>     "daisyui": "^3.5.0",
>>>     "mini-svg-data-uri": "^1.4.4"
>>>   }
>>> }+ rm -f package-lock.json pnpm-lock.yaml yarn.lock
+ '[' ./ '!=' ./ ']'
+ set +e
+ /twcr/worker/../worker/pm-install.sh pnpm /tmp/twcr-b1bc12ca4d5a /twcr/mnt/results
+ package_manager_name=pnpm
+ procdir=/tmp/twcr-b1bc12ca4d5a
+ datadir=/twcr/mnt/results
+ case "${package_manager_name}" in
+ '[' '!' -f /tmp/twcr-b1bc12ca4d5a/package.json ']'
++ pnpm -v
+ sed -Ei 's/("pnpm": ")(.+)(")/\18.15.4\3/' /tmp/twcr-b1bc12ca4d5a/package.json
+ '[' '!' -f package.json ']'
++ pnpm -v
+ sed -Ei 's/("pnpm": ")(.+)(")/\18.15.4\3/' package.json
+ pnpm install
Progress: resolved 1, reused 0, downloaded 0, added 0
Progress: resolved 30, reused 0, downloaded 20, added 0
Progress: resolved 65, reused 0, downloaded 60, added 0
Progress: resolved 103, reused 0, downloaded 95, added 0
Packages: +110
++++++++++++++++++++++++++++++++++++++++++++++++++++++++++++++++++++++++++++++++
Progress: resolved 111, reused 0, downloaded 110, added 110, done

dependencies:
+ tailwindcss 3.3.3 (3.4.1 is available)

devDependencies:
+ daisyui 3.9.4 (4.7.2 is available)
+ mini-svg-data-uri 1.4.4

Done in 4.3s
+ pnpm ls --json
+ jq -cr '
        .[]
        | [.dependencies, .devDependencies, .optionalDependencies]
        | map(select(.))[]
        | to_entries
        | map({ name: .key, version: .value.version })
        | sort_by(.name)[]
      '
+ exitcode=0
+ set -e
+ [[ 0 != \0 ]]
++ jq -sr 'map(select(.name == "tailwindcss")) | first | .version'
+ tailwind_package_version=3.3.3
+ tailwind_config_exporter=tailwind.config.exporter2.cjs
+ '[' -f node_modules/tailwindcss/lib/lib/load-config.js ']'
+ tailwind_config_exporter=tailwind.config.exporter3.mjs
+ cp /twcr/worker/../worker/tailwind.config.exporter3.mjs ./
+ set +e
+ node ./tailwind.config.exporter3.mjs tailwind.config.js
+ exitcode=0
+ set -e
+ [[ 0 != \0 ]]
+ echo 'module.exports={plugins:['
+ jq -rs '
        map(select(.name | startswith("@tailwindcss/")))
        | map("require(" + ( .name | tojson ) + "),")[]
      '
+ grep -Ev '"@tailwindcss/postcss7-compat"'
+ true
+ echo ']}'
+ cat tailwind.config.js
+ sed 's/^/>>> /'
>>> module.exports={plugins:[
>>> ]}
+ node ./tailwind.config.exporter3.mjs tailwind.config.js
++ date -u +%Y-%m-%dT%H:%M:%SZ
+ writetaskstat timestamp_attempt_squash_end 2024-03-04T06:34:31Z
+ jq -nc --arg key timestamp_attempt_squash_end --arg value 2024-03-04T06:34:31Z '{ key: $key, value: $value }'
+ break
++ date -u +%Y-%m-%dT%H:%M:%SZ
+ writetaskstat timestamp_end 2024-03-04T06:34:31Z
+ jq -nc --arg key timestamp_end --arg value 2024-03-04T06:34:31Z '{ key: $key, value: $value }'
+ rm /twcr/mnt/results/extract-failed
+ touch /twcr/mnt/results/extract-completed
