==== RUN-DOCKER
+++ dirname -- ./worker/run.sh
++ cd -- ./worker
++ pwd
+ twcrdir=/twcr/worker/..
+ repo=github.com/dipsaus9/design-system-monorepo
+ reporef=main
+ repopath=./packages/ui
+ '[' true == true ']'
+ grep -q '^././'
++ echo github.com/dipsaus9/design-system-monorepo
++ sha256sum
++ awk '{ print $1 }'
++ cut -c1-12
+ procdir=/tmp/twcr-993073043cb1
++ echo 'github.com/dipsaus9/design-system-monorepo;main;./packages/ui'
++ sha256sum
++ awk '{ print $1 }'
++ cut -c1-12
+ datadir=/twcr/worker/../mnt/dataset/data/c3ec7f83baed
+ '[' '!' -z /twcr/mnt/results ']'
+ datadir=/twcr/mnt/results
+ touch /twcr/mnt/results/extract-failed
++ base64
++ tr -d =
++ tr /+ _-
++ base64
++ tr -d =
++ tr /+ _-
+ writetaskstat analysis_key github.com/dipsaus9/design-system-monorepo/bWFpbgo/Li9wYWNrYWdlcy91aQo
+ jq -nc --arg key analysis_key --arg value github.com/dipsaus9/design-system-monorepo/bWFpbgo/Li9wYWNrYWdlcy91aQo '{ key: $key, value: $value }'
++ date -u +%Y%m%d%H%M%S
++ sha256sum
++ awk '{ print $1 }'
++ cut -c1-16
++ head -c 32 /dev/urandom
+ writetaskstat analysis_nonce 48318d3b40738ce1
+ jq -nc --arg key analysis_nonce --arg value 48318d3b40738ce1 '{ key: $key, value: $value }'
+ writetaskstat input_repo_name github.com/dipsaus9/design-system-monorepo
+ jq -nc --arg key input_repo_name --arg value github.com/dipsaus9/design-system-monorepo '{ key: $key, value: $value }'
+ writetaskstat input_repo_ref main
+ jq -nc --arg key input_repo_ref --arg value main '{ key: $key, value: $value }'
+ writetaskstat input_repo_path ./packages/ui
+ jq -nc --arg key input_repo_path --arg value ./packages/ui '{ key: $key, value: $value }'
++ date -u +%Y-%m-%dT%H:%M:%SZ
+ writetaskstat timestamp_begin 2024-03-04T10:30:45Z
+ jq -nc --arg key timestamp_begin --arg value 2024-03-04T10:30:45Z '{ key: $key, value: $value }'
+ mkdir -p /tmp/twcr-993073043cb1
/tmp/twcr-993073043cb1 /twcr
+ pushd /tmp/twcr-993073043cb1
+ '[' -d .git ']'
+ git clone --depth=1 -b main https://github.com/dipsaus9/design-system-monorepo.git .
Cloning into '.'...
++ date -u +%Y-%m-%dT%H:%M:%SZ
+ writetaskstat timestamp_git_clone_complete 2024-03-04T10:30:46Z
+ jq -nc --arg key timestamp_git_clone_complete --arg value 2024-03-04T10:30:46Z '{ key: $key, value: $value }'
++ git rev-parse HEAD
+ writetaskstat exec_repo_commit_sha bcce4685299a3ec91a58f77160ff1c5582af6186
+ jq -nc --arg key exec_repo_commit_sha --arg value bcce4685299a3ec91a58f77160ff1c5582af6186 '{ key: $key, value: $value }'
+++ git show --no-patch --format=%ci
++ date -u --date '2023-10-02 12:59:18 +0200' +%Y-%m-%dT%H:%M:%SZ
+ writetaskstat exec_repo_commit_date 2023-10-02T10:59:18Z
+ jq -nc --arg key exec_repo_commit_date --arg value 2023-10-02T10:59:18Z '{ key: $key, value: $value }'
/tmp/twcr-993073043cb1/packages/ui /tmp/twcr-993073043cb1 /twcr
+ '[' -z ./packages/ui ']'
+ pushd ./packages/ui
+ tailwind_config_file_name=
+ '[' -f tailwind.config.js ']'
+ '[' -f tailwind.config.cjs ']'
+ tailwind_config_file_name=tailwind.config.cjs
+ writetaskstat exec_tailwind_config_file tailwind.config.cjs
+ jq -nc --arg key exec_tailwind_config_file --arg value tailwind.config.cjs '{ key: $key, value: $value }'
+ cp tailwind.config.cjs /twcr/mnt/results/extract-raw-tailwind-config.js
+ '[' '!' -f package.json ']'
+ cp package.json /twcr/mnt/results/extract-raw-package.json
++ /twcr/worker/../worker/pm-detect.sh /tmp/twcr-993073043cb1/packages/ui
+ package_manager_name=
+ '[' -z '' ']'
+ '[' ./packages/ui '!=' ./ ']'
++ /twcr/worker/../worker/pm-detect.sh /tmp/twcr-993073043cb1
+ package_manager_name=pnpm
+ '[' -z pnpm ']'
+ writetaskstat exec_node_package_manager pnpm
+ jq -nc --arg key exec_node_package_manager --arg value pnpm '{ key: $key, value: $value }'
+ attempt_mode=squash
+ true
++ date -u +%Y-%m-%dT%H:%M:%SZ
+ writetaskstat timestamp_attempt_squash_begin 2024-03-04T10:30:46Z
+ jq -nc --arg key timestamp_attempt_squash_begin --arg value 2024-03-04T10:30:46Z '{ key: $key, value: $value }'
+ [[ squash == \s\q\u\a\s\h ]]
+ set +e
+ node /twcr/worker/../worker/squash-package.mjs tailwind.config.cjs
+ exitcode=0
+ set -e
+ [[ 0 != \0 ]]
+ cat package.json
+ sed 's/^/>>> /'
+ rm -f package-lock.json pnpm-lock.yaml yarn.lock
>>> {
>>>   "name": "@dipsaus9/ui",
>>>   "version": "0.0.0",
>>>   "license": "MIT",
>>>   "devDependencies": {
>>>     "tailwindcss": "^3.3.3"
>>>   },
>>>   "dependencies": {
>>>     "@dipsaus9/tailwind-theme": "workspace:*"
>>>   },
>>>   "exports": {
>>>     ".": "./src/index",
>>>     "./src/*": "./src/*"
>>>   },
>>>   "main": "./src/main",
>>>   "types": "src/main",
>>>   "typesVersions": {
>>>     "*": {
>>>       ".": [
>>>         "./src/main"
>>>       ],
>>>       "icons/*": [
>>>         "./src/icons/*.tsx"
>>>       ],
>>>       "src/*": [
>>>         "./src/*"
>>>       ]
>>>     }
>>>   }
>>> }+ '[' ./packages/ui '!=' ./ ']'
+ rm -f /tmp/twcr-993073043cb1/package.json /tmp/twcr-993073043cb1/package-lock.json /tmp/twcr-993073043cb1/pnpm-lock.yaml /tmp/twcr-993073043cb1/yarn.lock
+ set +e
+ /twcr/worker/../worker/pm-install.sh pnpm /tmp/twcr-993073043cb1 /twcr/mnt/results
+ package_manager_name=pnpm
+ procdir=/tmp/twcr-993073043cb1
+ datadir=/twcr/mnt/results
+ case "${package_manager_name}" in
+ '[' '!' -f /tmp/twcr-993073043cb1/package.json ']'
+ '[' '!' -f package.json ']'
++ pnpm -v
+ sed -Ei 's/("pnpm": ")(.+)(")/\18.15.4\3/' package.json
+ pnpm install
Scope: all 6 workspace projects
../..                                    | Progress: resolved 1, reused 0, downloaded 0, added 0
../..                                    | Progress: resolved 23, reused 0, downloaded 17, added 0
../..                                    | Progress: resolved 45, reused 0, downloaded 37, added 0
../..                                    | Progress: resolved 62, reused 0, downloaded 54, added 0
../..                                    | Progress: resolved 92, reused 0, downloaded 76, added 0
../..                                    | Progress: resolved 121, reused 0, downloaded 108, added 0
../..                                    | Progress: resolved 151, reused 0, downloaded 135, added 0
../..                                    | Progress: resolved 189, reused 0, downloaded 168, added 0
../..                                    | Progress: resolved 219, reused 0, downloaded 199, added 0
../..                                    | Progress: resolved 259, reused 0, downloaded 236, added 0
../..                                    | Progress: resolved 292, reused 0, downloaded 262, added 0
../..                                    | Progress: resolved 324, reused 0, downloaded 300, added 0
../..                                    | Progress: resolved 359, reused 0, downloaded 330, added 0
../..                                    | Progress: resolved 403, reused 0, downloaded 368, added 0
../..                                    | Progress: resolved 435, reused 0, downloaded 399, added 0
../..                                    | Progress: resolved 485, reused 0, downloaded 425, added 0
../..                                    | Progress: resolved 522, reused 0, downloaded 465, added 0
../..                                    | Progress: resolved 558, reused 0, downloaded 496, added 0
../..                                    | Progress: resolved 595, reused 0, downloaded 531, added 0
../..                                    | Progress: resolved 634, reused 0, downloaded 566, added 0
../..                                    | Progress: resolved 675, reused 0, downloaded 602, added 0
../..                                    | Progress: resolved 703, reused 0, downloaded 635, added 0
../..                                    | Progress: resolved 742, reused 0, downloaded 672, added 0
../..                                    | Progress: resolved 775, reused 0, downloaded 701, added 0
../..                                    | Progress: resolved 814, reused 0, downloaded 736, added 0
../..                                    | Progress: resolved 842, reused 0, downloaded 766, added 0
../..                                    | Progress: resolved 883, reused 0, downloaded 803, added 0
../..                                    | Progress: resolved 920, reused 0, downloaded 838, added 0
../..                                    | Progress: resolved 958, reused 0, downloaded 875, added 0
../..                                    | Progress: resolved 999, reused 0, downloaded 911, added 0
../..                                    | Progress: resolved 1042, reused 0, downloaded 950, added 0
../..                                    | Progress: resolved 1091, reused 0, downloaded 991, added 0
../..                                    | Progress: resolved 1126, reused 0, downloaded 1042, added 0
../..                                    | Progress: resolved 1150, reused 0, downloaded 1084, added 0
../..                                    |    +1152 ++++++++++++++++++++++++++++
../..                                    | Progress: resolved 1172, reused 0, downloaded 1116, added 0
../..                                    | Progress: resolved 1172, reused 0, downloaded 1150, added 1152, done
.../esbuild@0.18.20/node_modules/esbuild postinstall$ node install.js
.../esbuild@0.18.20/node_modules/esbuild postinstall: Done

dependencies:
+ @dipsaus9/tailwind-theme 1.0.0 <- ../tailwind-theme

devDependencies:
+ tailwindcss 3.4.1

Done in 38.3s
+ pnpm ls --json
+ jq -cr '
        .[]
        | [.dependencies, .devDependencies, .optionalDependencies]
        | map(select(.))[]
        | to_entries
        | map({ name: .key, version: .value.version })
        | sort_by(.name)[]
      '
+ exitcode=0
+ set -e
+ [[ 0 != \0 ]]
++ jq -sr 'map(select(.name == "tailwindcss")) | first | .version'
+ tailwind_package_version=3.4.1
+ tailwind_config_exporter=tailwind.config.exporter2.cjs
+ '[' -f node_modules/tailwindcss/lib/lib/load-config.js ']'
+ tailwind_config_exporter=tailwind.config.exporter3.mjs
+ cp /twcr/worker/../worker/tailwind.config.exporter3.mjs ./
+ set +e
+ node ./tailwind.config.exporter3.mjs tailwind.config.cjs
node:internal/modules/cjs/loader:1149
  const err = new Error(message);
              ^

Error: Cannot find module '@dipsaus9/design-tokens/dist/js/border-radius'
Require stack:
- /tmp/twcr-993073043cb1/packages/tailwind-theme/src/border-radius/BorderRadius.js
    at Module._resolveFilename (node:internal/modules/cjs/loader:1149:15)
    at Function.resolve (node:internal/modules/helpers:187:19)
    at _resolve (/tmp/twcr-993073043cb1/node_modules/.pnpm/jiti@1.21.0/node_modules/jiti/dist/jiti.js:1:251148)
    at jiti (/tmp/twcr-993073043cb1/node_modules/.pnpm/jiti@1.21.0/node_modules/jiti/dist/jiti.js:1:253746)
    at /tmp/twcr-993073043cb1/packages/tailwind-theme/src/border-radius/BorderRadius.js:1:252
    at evalModule (/tmp/twcr-993073043cb1/node_modules/.pnpm/jiti@1.21.0/node_modules/jiti/dist/jiti.js:1:256443)
    at jiti (/tmp/twcr-993073043cb1/node_modules/.pnpm/jiti@1.21.0/node_modules/jiti/dist/jiti.js:1:254371)
    at /tmp/twcr-993073043cb1/packages/tailwind-theme/src/border-radius/index.js:1:436
    at evalModule (/tmp/twcr-993073043cb1/node_modules/.pnpm/jiti@1.21.0/node_modules/jiti/dist/jiti.js:1:256443)
    at jiti (/tmp/twcr-993073043cb1/node_modules/.pnpm/jiti@1.21.0/node_modules/jiti/dist/jiti.js:1:254371) {
  code: 'MODULE_NOT_FOUND',
  requireStack: [
    '/tmp/twcr-993073043cb1/packages/tailwind-theme/src/border-radius/BorderRadius.js'
  ]
}

Node.js v21.6.2
+ exitcode=1
+ set -e
+ [[ 1 != \0 ]]
+ [[ squash == \s\q\u\a\s\h ]]
+ echo '[worker] WARN: exporter failed; retrying with full install'
[worker] WARN: exporter failed; retrying with full install
+ attempt_mode=full
+ continue
+ true
++ date -u +%Y-%m-%dT%H:%M:%SZ
+ writetaskstat timestamp_attempt_full_begin 2024-03-04T10:31:26Z
+ jq -nc --arg key timestamp_attempt_full_begin --arg value 2024-03-04T10:31:26Z '{ key: $key, value: $value }'
+ [[ full == \s\q\u\a\s\h ]]
+ git clean -fdx
Removing node_modules/
Removing tailwind.config.exporter3.mjs
+ git reset --hard
HEAD is now at bcce468 reset button color
+ set +e
+ /twcr/worker/../worker/pm-install.sh pnpm /tmp/twcr-993073043cb1 /twcr/mnt/results
+ package_manager_name=pnpm
+ procdir=/tmp/twcr-993073043cb1
+ datadir=/twcr/mnt/results
+ case "${package_manager_name}" in
+ '[' '!' -f /tmp/twcr-993073043cb1/package.json ']'
++ pnpm -v
+ sed -Ei 's/("pnpm": ")(.+)(")/\18.15.4\3/' /tmp/twcr-993073043cb1/package.json
+ '[' '!' -f package.json ']'
++ pnpm -v
+ sed -Ei 's/("pnpm": ")(.+)(")/\18.15.4\3/' package.json
+ pnpm install
../..                                    |  WARN  Unsupported engine: wanted: {"node":"18"} (current: {"node":"v21.6.2","pnpm":"8.15.4"})
Scope: all 7 workspace projects
../..                                    | Progress: resolved 0, reused 1, downloaded 0, added 0
../..                                    | Progress: resolved 117, reused 77, downloaded 40, added 0
../..                                    | Progress: resolved 293, reused 197, downloaded 90, added 0
../..                                    | Progress: resolved 430, reused 270, downloaded 154, added 0
../..                                    | Progress: resolved 604, reused 380, downloaded 218, added 0
../..                                    | Progress: resolved 695, reused 425, downloaded 265, added 0
../..                                    | Progress: resolved 846, reused 504, downloaded 315, added 0
../..                                    | Progress: resolved 1047, reused 646, downloaded 374, added 0
../..                                    | Progress: resolved 1108, reused 646, downloaded 435, added 0
../..                                    | Progress: resolved 1239, reused 714, downloaded 498, added 0
../..                                    | Progress: resolved 1275, reused 742, downloaded 504, added 0
 WARN  3 deprecated subdependencies found: @babel/plugin-proposal-class-properties@7.18.6, @babel/plugin-proposal-nullish-coalescing-operator@7.18.6, @babel/plugin-proposal-optional-chaining@7.21.0
../..                                    | Progress: resolved 1285, reused 749, downloaded 509, added 0
../..                                    | +581 -472 ++++++++++++++-------------
../..                                    | Progress: resolved 1285, reused 749, downloaded 509, added 581, done
.../node_modules/core-js-pure postinstall$ node -e "try{require('./postinstall')}catch(e){}"
.../node_modules/core-js-pure postinstall: Thank you for using core-js ( https://github.com/zloirock/core-js ) for polyfilling JavaScript standard library!
.../node_modules/core-js-pure postinstall: The project needs your help! Please consider supporting core-js:
.../node_modules/core-js-pure postinstall: > https://opencollective.com/core-js 
.../node_modules/core-js-pure postinstall: > https://patreon.com/zloirock 
.../node_modules/core-js-pure postinstall: > https://boosty.to/zloirock 
.../node_modules/core-js-pure postinstall: > bitcoin: bc1qlea7544qtsmj2rayg0lthvza9fau63ux0fstcz 
.../node_modules/core-js-pure postinstall: I highly recommend reading this: https://github.com/zloirock/core-js/blob/master/docs/2023-02-14-so-whats-next.md 
.../node_modules/core-js-pure postinstall: Done

dependencies:
+ @dipsaus9/tailwind-theme 1.0.0 <- ../tailwind-theme
+ class-variance-authority 0.7.0
+ react 18.2.0

devDependencies:
+ @dipsaus9/eslint-config 1.0.0 <- ../../config/eslint
+ @dipsaus9/tsconfig 1.0.0 <- ../../config/tsconfig
+ @storybook/react 7.4.3
+ @turbo/gen 1.10.12
+ @types/node 20.5.2
+ @types/react 18.2.5
+ @types/react-dom 18.2.3
+ autoprefixer 10.4.16
+ postcss 8.4.30
- tailwindcss
+ tailwindcss 3.3.3 (3.4.1 is available)
+ typescript 4.9.5

Done in 15s
+ pnpm ls --json
+ jq -cr '
        .[]
        | [.dependencies, .devDependencies, .optionalDependencies]
        | map(select(.))[]
        | to_entries
        | map({ name: .key, version: .value.version })
        | sort_by(.name)[]
      '
+ exitcode=0
+ set -e
+ [[ 0 != \0 ]]
++ jq -sr 'map(select(.name == "tailwindcss")) | first | .version'
+ tailwind_package_version=3.3.3
+ tailwind_config_exporter=tailwind.config.exporter2.cjs
+ '[' -f node_modules/tailwindcss/lib/lib/load-config.js ']'
+ tailwind_config_exporter=tailwind.config.exporter3.mjs
+ cp /twcr/worker/../worker/tailwind.config.exporter3.mjs ./
+ set +e
+ node ./tailwind.config.exporter3.mjs tailwind.config.cjs
node:internal/modules/cjs/loader:1149
  const err = new Error(message);
              ^

Error: Cannot find module '@dipsaus9/design-tokens/dist/js/border-radius'
Require stack:
- /tmp/twcr-993073043cb1/packages/tailwind-theme/src/border-radius/BorderRadius.js
    at Module._resolveFilename (node:internal/modules/cjs/loader:1149:15)
    at Function.resolve (node:internal/modules/helpers:187:19)
    at _resolve (/tmp/twcr-993073043cb1/node_modules/.pnpm/jiti@1.20.0/node_modules/jiti/dist/jiti.js:1:250334)
    at jiti (/tmp/twcr-993073043cb1/node_modules/.pnpm/jiti@1.20.0/node_modules/jiti/dist/jiti.js:1:252917)
    at /tmp/twcr-993073043cb1/packages/tailwind-theme/src/border-radius/BorderRadius.js:1:252
    at evalModule (/tmp/twcr-993073043cb1/node_modules/.pnpm/jiti@1.20.0/node_modules/jiti/dist/jiti.js:1:255614)
    at jiti (/tmp/twcr-993073043cb1/node_modules/.pnpm/jiti@1.20.0/node_modules/jiti/dist/jiti.js:1:253542)
    at /tmp/twcr-993073043cb1/packages/tailwind-theme/src/border-radius/index.js:1:436
    at evalModule (/tmp/twcr-993073043cb1/node_modules/.pnpm/jiti@1.20.0/node_modules/jiti/dist/jiti.js:1:255614)
    at jiti (/tmp/twcr-993073043cb1/node_modules/.pnpm/jiti@1.20.0/node_modules/jiti/dist/jiti.js:1:253542) {
  code: 'MODULE_NOT_FOUND',
  requireStack: [
    '/tmp/twcr-993073043cb1/packages/tailwind-theme/src/border-radius/BorderRadius.js'
  ]
}

Node.js v21.6.2
+ exitcode=1
+ set -e
+ [[ 1 != \0 ]]
+ [[ full == \s\q\u\a\s\h ]]
+ exit 1
