==== RUN-DOCKER
+++ dirname -- ./worker/run.sh
++ cd -- ./worker
++ pwd
+ twcrdir=/twcr/worker/..
+ repo=github.com/ssteiger/minimal-dao
+ reporef=main
+ repopath=./packages/react-app
+ '[' true == true ']'
+ grep -q '^././'
++ echo github.com/ssteiger/minimal-dao
++ sha256sum
++ awk '{ print $1 }'
++ cut -c1-12
+ procdir=/tmp/twcr-3a9ec2108dc5
++ echo 'github.com/ssteiger/minimal-dao;main;./packages/react-app'
++ sha256sum
++ awk '{ print $1 }'
++ cut -c1-12
+ datadir=/twcr/worker/../mnt/dataset/data/5687e38790e1
+ '[' '!' -z /twcr/mnt/results ']'
+ datadir=/twcr/mnt/results
+ touch /twcr/mnt/results/extract-failed
++ base64
++ tr -d =
++ tr /+ _-
++ base64
++ tr -d =
++ tr /+ _-
+ writetaskstat analysis_key github.com/ssteiger/minimal-dao/bWFpbgo/Li9wYWNrYWdlcy9yZWFjdC1hcHAK
+ jq -nc --arg key analysis_key --arg value github.com/ssteiger/minimal-dao/bWFpbgo/Li9wYWNrYWdlcy9yZWFjdC1hcHAK '{ key: $key, value: $value }'
++ date -u +%Y%m%d%H%M%S
++ sha256sum
++ awk '{ print $1 }'
++ cut -c1-16
++ head -c 32 /dev/urandom
+ writetaskstat analysis_nonce 4245b446fda2f2a5
+ jq -nc --arg key analysis_nonce --arg value 4245b446fda2f2a5 '{ key: $key, value: $value }'
+ writetaskstat input_repo_name github.com/ssteiger/minimal-dao
+ jq -nc --arg key input_repo_name --arg value github.com/ssteiger/minimal-dao '{ key: $key, value: $value }'
+ writetaskstat input_repo_ref main
+ jq -nc --arg key input_repo_ref --arg value main '{ key: $key, value: $value }'
+ writetaskstat input_repo_path ./packages/react-app
+ jq -nc --arg key input_repo_path --arg value ./packages/react-app '{ key: $key, value: $value }'
++ date -u +%Y-%m-%dT%H:%M:%SZ
+ writetaskstat timestamp_begin 2024-03-05T09:23:36Z
+ jq -nc --arg key timestamp_begin --arg value 2024-03-05T09:23:36Z '{ key: $key, value: $value }'
+ mkdir -p /tmp/twcr-3a9ec2108dc5
+ pushd /tmp/twcr-3a9ec2108dc5
+ '[' -d .git ']'
+ git clone --depth=1 -b main https://github.com/ssteiger/minimal-dao.git .
/tmp/twcr-3a9ec2108dc5 /twcr
Cloning into '.'...
++ date -u +%Y-%m-%dT%H:%M:%SZ
+ writetaskstat timestamp_git_clone_complete 2024-03-05T09:23:37Z
+ jq -nc --arg key timestamp_git_clone_complete --arg value 2024-03-05T09:23:37Z '{ key: $key, value: $value }'
++ git rev-parse HEAD
+ writetaskstat exec_repo_commit_sha af6e33d544b06fbcdd4bcb77120b5d2ab8a2213f
+ jq -nc --arg key exec_repo_commit_sha --arg value af6e33d544b06fbcdd4bcb77120b5d2ab8a2213f '{ key: $key, value: $value }'
+++ git show --no-patch --format=%ci
++ date -u --date '2022-07-11 13:11:17 +0200' +%Y-%m-%dT%H:%M:%SZ
+ writetaskstat exec_repo_commit_date 2022-07-11T11:11:17Z
+ jq -nc --arg key exec_repo_commit_date --arg value 2022-07-11T11:11:17Z '{ key: $key, value: $value }'
/tmp/twcr-3a9ec2108dc5/packages/react-app /tmp/twcr-3a9ec2108dc5 /twcr
+ '[' -z ./packages/react-app ']'
+ pushd ./packages/react-app
+ tailwind_config_file_name=
+ '[' -f tailwind.config.js ']'
+ tailwind_config_file_name=tailwind.config.js
+ writetaskstat exec_tailwind_config_file tailwind.config.js
+ jq -nc --arg key exec_tailwind_config_file --arg value tailwind.config.js '{ key: $key, value: $value }'
+ cp tailwind.config.js /twcr/mnt/results/extract-raw-tailwind-config.js
+ '[' '!' -f package.json ']'
+ cp package.json /twcr/mnt/results/extract-raw-package.json
++ /twcr/worker/../worker/pm-detect.sh /tmp/twcr-3a9ec2108dc5/packages/react-app
+ package_manager_name=yarn
+ '[' -z yarn ']'
+ '[' -z yarn ']'
+ writetaskstat exec_node_package_manager yarn
+ jq -nc --arg key exec_node_package_manager --arg value yarn '{ key: $key, value: $value }'
+ attempt_mode=squash
+ true
++ date -u +%Y-%m-%dT%H:%M:%SZ
+ writetaskstat timestamp_attempt_squash_begin 2024-03-05T09:23:38Z
+ jq -nc --arg key timestamp_attempt_squash_begin --arg value 2024-03-05T09:23:38Z '{ key: $key, value: $value }'
+ [[ squash == \s\q\u\a\s\h ]]
+ set +e
+ node /twcr/worker/../worker/squash-package.mjs tailwind.config.js
+ exitcode=0
+ set -e
+ [[ 0 != \0 ]]
+ cat package.json
+ sed 's/^/>>> /'
>>> {
>>>   "name": "@minimal-dao/react-app",
>>>   "version": "1.0.0",
>>>   "homepage": ".",
>>>   "browserslist": {
>>>     "production": [
>>>       ">0.2%",
>>>       "not dead",
>>>       "not op_mini all"
>>>     ],
>>>     "development": [
>>>       "last 1 chrome version",
>>>       "last 1 firefox version",
>>>       "last 1 safari version"
>>>     ]
>>>   },
>>>   "dependencies": {
>>>     "tailwindcss": "^3.0.23"
>>>   },
>>>   "devDependencies": {
>>>     "tailwindcss": "^3.0.23"
>>>   },
>>>   "eslintConfig": {
>>>     "extends": [
>>>       "react-app",
>>>       "plugin:prettier/recommended"
>>>     ],
>>>     "rules": {
>>>       "prettier/prettier": "warn"
>>>     }
>>>   }
>>> }+ rm -f package-lock.json pnpm-lock.yaml yarn.lock
+ '[' ./packages/react-app '!=' ./ ']'
+ rm -f /tmp/twcr-3a9ec2108dc5/package.json /tmp/twcr-3a9ec2108dc5/package-lock.json /tmp/twcr-3a9ec2108dc5/pnpm-lock.yaml /tmp/twcr-3a9ec2108dc5/yarn.lock
+ set +e
+ /twcr/worker/../worker/pm-install.sh yarn /tmp/twcr-3a9ec2108dc5 /twcr/mnt/results
+ package_manager_name=yarn
+ procdir=/tmp/twcr-3a9ec2108dc5
+ datadir=/twcr/mnt/results
+ case "${package_manager_name}" in
+ '[' -z http://tid_1c15fa1da3a5:ok@172.18.0.2:3128 ']'
+ yarn config set httpProxy http://tid_1c15fa1da3a5:ok@172.18.0.2:3128
yarn config v1.22.19
warning package.json: No license field
success Set "httpProxy" to "http://tid_1c15fa1da3a5:ok@172.18.0.2:3128".
Done in 0.04s.
+ '[' -z http://tid_1c15fa1da3a5:ok@172.18.0.2:3128 ']'
+ yarn config set httpsProxy http://tid_1c15fa1da3a5:ok@172.18.0.2:3128
yarn config v1.22.19
warning package.json: No license field
success Set "httpsProxy" to "http://tid_1c15fa1da3a5:ok@172.18.0.2:3128".
Done in 0.03s.
+ yarn install
yarn install v1.22.19
warning package.json: No license field
info No lockfile found.
warning @minimal-dao/react-app@1.0.0: No license field
[1/4] Resolving packages...
(node:136) [DEP0040] DeprecationWarning: The `punycode` module is deprecated. Please use a userland alternative instead.
(Use `node --trace-deprecation ...` to show where the warning was created)
[2/4] Fetching packages...
[3/4] Linking dependencies...
[4/4] Building fresh packages...
success Saved lockfile.
Done in 7.09s.
+ yarn list --depth=0 --json --non-interactive --no-progress
+ jq -cr '
        [.. | .name?]
        | map(select(.))
        | map(capture("^(?<name>@?[^@]+)@(?<version>.+)$"))
        | sort_by(.name)[]'
{"type":"warning","data":"package.json: No license field"}
{"type":"warning","data":"@minimal-dao/react-app@1.0.0: No license field"}
+ exitcode=0
+ set -e
+ [[ 0 != \0 ]]
++ jq -sr 'map(select(.name == "tailwindcss")) | first | .version'
+ tailwind_package_version=3.4.1
+ tailwind_config_exporter=tailwind.config.exporter2.cjs
+ '[' -f node_modules/tailwindcss/lib/lib/load-config.js ']'
+ tailwind_config_exporter=tailwind.config.exporter3.mjs
+ cp /twcr/worker/../worker/tailwind.config.exporter3.mjs ./
+ set +e
+ node ./tailwind.config.exporter3.mjs tailwind.config.js
+ exitcode=0
+ set -e
+ [[ 0 != \0 ]]
+ echo 'module.exports={plugins:['
+ jq -rs '
        map(select(.name | startswith("@tailwindcss/")))
        | map("require(" + ( .name | tojson ) + "),")[]
      '
+ grep -Ev '"@tailwindcss/postcss7-compat"'
+ true
+ echo ']}'
+ cat tailwind.config.js
+ sed 's/^/>>> /'
>>> module.exports={plugins:[
>>> ]}
+ node ./tailwind.config.exporter3.mjs tailwind.config.js
++ date -u +%Y-%m-%dT%H:%M:%SZ
+ writetaskstat timestamp_attempt_squash_end 2024-03-05T09:23:46Z
+ jq -nc --arg key timestamp_attempt_squash_end --arg value 2024-03-05T09:23:46Z '{ key: $key, value: $value }'
+ break
++ date -u +%Y-%m-%dT%H:%M:%SZ
+ writetaskstat timestamp_end 2024-03-05T09:23:46Z
+ jq -nc --arg key timestamp_end --arg value 2024-03-05T09:23:46Z '{ key: $key, value: $value }'
+ rm /twcr/mnt/results/extract-failed
+ touch /twcr/mnt/results/extract-completed
