==== RUN-DOCKER
+++ dirname -- ./worker/run.sh
++ cd -- ./worker
++ pwd
+ twcrdir=/twcr/worker/..
+ repo=github.com/IgorKowalczyk/igorkowalczyk.github.io
+ reporef=master
+ repopath=./
+ '[' true == true ']'
+ grep -q '^././'
++ echo github.com/IgorKowalczyk/igorkowalczyk.github.io
++ sha256sum
++ awk '{ print $1 }'
++ cut -c1-12
+ procdir=/tmp/twcr-a900960841e3
++ echo 'github.com/IgorKowalczyk/igorkowalczyk.github.io;master;./'
++ sha256sum
++ awk '{ print $1 }'
++ cut -c1-12
+ datadir=/twcr/worker/../mnt/dataset/data/9dfc169989d6
+ '[' '!' -z /twcr/mnt/results ']'
+ datadir=/twcr/mnt/results
+ touch /twcr/mnt/results/extract-failed
++ base64
++ tr -d =
++ tr /+ _-
++ base64
++ tr -d =
++ tr /+ _-
+ writetaskstat analysis_key github.com/IgorKowalczyk/igorkowalczyk.github.io/bWFzdGVyCg/Li8K
+ jq -nc --arg key analysis_key --arg value github.com/IgorKowalczyk/igorkowalczyk.github.io/bWFzdGVyCg/Li8K '{ key: $key, value: $value }'
++ date -u +%Y%m%d%H%M%S
++ sha256sum
++ awk '{ print $1 }'
++ cut -c1-16
++ head -c 32 /dev/urandom
+ writetaskstat analysis_nonce f5a8f1c07f8e6330
+ jq -nc --arg key analysis_nonce --arg value f5a8f1c07f8e6330 '{ key: $key, value: $value }'
+ writetaskstat input_repo_name github.com/IgorKowalczyk/igorkowalczyk.github.io
+ jq -nc --arg key input_repo_name --arg value github.com/IgorKowalczyk/igorkowalczyk.github.io '{ key: $key, value: $value }'
+ writetaskstat input_repo_ref master
+ jq -nc --arg key input_repo_ref --arg value master '{ key: $key, value: $value }'
+ writetaskstat input_repo_path ./
+ jq -nc --arg key input_repo_path --arg value ./ '{ key: $key, value: $value }'
++ date -u +%Y-%m-%dT%H:%M:%SZ
+ writetaskstat timestamp_begin 2024-03-04T08:20:27Z
+ jq -nc --arg key timestamp_begin --arg value 2024-03-04T08:20:27Z '{ key: $key, value: $value }'
+ mkdir -p /tmp/twcr-a900960841e3
+ pushd /tmp/twcr-a900960841e3
+ '[' -d .git ']'
+ git clone --depth=1 -b master https://github.com/IgorKowalczyk/igorkowalczyk.github.io.git .
/tmp/twcr-a900960841e3 /twcr
Cloning into '.'...
++ date -u +%Y-%m-%dT%H:%M:%SZ
+ writetaskstat timestamp_git_clone_complete 2024-03-04T08:20:31Z
+ jq -nc --arg key timestamp_git_clone_complete --arg value 2024-03-04T08:20:31Z '{ key: $key, value: $value }'
++ git rev-parse HEAD
+ writetaskstat exec_repo_commit_sha 38e983cc7def6dba6c8996319b2c17dd9de6da07
+ jq -nc --arg key exec_repo_commit_sha --arg value 38e983cc7def6dba6c8996319b2c17dd9de6da07 '{ key: $key, value: $value }'
+++ git show --no-patch --format=%ci
++ date -u --date '2024-03-02 17:23:47 +0100' +%Y-%m-%dT%H:%M:%SZ
+ writetaskstat exec_repo_commit_date 2024-03-02T16:23:47Z
+ jq -nc --arg key exec_repo_commit_date --arg value 2024-03-02T16:23:47Z '{ key: $key, value: $value }'
/tmp/twcr-a900960841e3 /tmp/twcr-a900960841e3 /twcr
+ '[' -z ./ ']'
+ pushd ./
+ tailwind_config_file_name=
+ '[' -f tailwind.config.js ']'
+ tailwind_config_file_name=tailwind.config.js
+ writetaskstat exec_tailwind_config_file tailwind.config.js
+ jq -nc --arg key exec_tailwind_config_file --arg value tailwind.config.js '{ key: $key, value: $value }'
+ cp tailwind.config.js /twcr/mnt/results/extract-raw-tailwind-config.js
+ '[' '!' -f package.json ']'
+ cp package.json /twcr/mnt/results/extract-raw-package.json
++ /twcr/worker/../worker/pm-detect.sh /tmp/twcr-a900960841e3
+ package_manager_name=pnpm
+ '[' -z pnpm ']'
+ '[' -z pnpm ']'
+ writetaskstat exec_node_package_manager pnpm
+ jq -nc --arg key exec_node_package_manager --arg value pnpm '{ key: $key, value: $value }'
+ attempt_mode=squash
+ true
++ date -u +%Y-%m-%dT%H:%M:%SZ
+ writetaskstat timestamp_attempt_squash_begin 2024-03-04T08:20:32Z
+ jq -nc --arg key timestamp_attempt_squash_begin --arg value 2024-03-04T08:20:32Z '{ key: $key, value: $value }'
+ [[ squash == \s\q\u\a\s\h ]]
+ set +e
+ node /twcr/worker/../worker/squash-package.mjs tailwind.config.js
+ exitcode=0
+ set -e
+ [[ 0 != \0 ]]
+ cat package.json
+ sed 's/^/>>> /'
>>> {
>>>   "name": "igorkowalczyk-portfolio",
>>>   "description": "My portfolio built on Next.js",
>>>   "version": "5.0.0",
>>>   "private": true,
>>>   "dependencies": {
>>>     "@headlessui/tailwindcss": "0.2.0"
>>>   },
>>>   "devDependencies": {
>>>     "@igorkowalczyk/is-browser": "5.0.2",
>>>     "@tailwindcss/aspect-ratio": "0.4.2",
>>>     "@tailwindcss/typography": "0.5.10",
>>>     "mini-svg-data-uri": "1.4.4",
>>>     "tailwind-gradient-mask-image": "1.2.0",
>>>     "tailwindcss": "3.4.1",
>>>     "tailwindcss-text-fill": "0.2.0"
>>>   },
>>>   "browserslist": [
>>>     ">0.3%",
>>>     "not ie 11",
>>>     "not dead",
>>>     "not op_mini all"
>>>   ],
>>>   "repository": {
>>>     "type": "git",
>>>     "url": "git+https://github.com/igorkowalczyk/igorkowalczyk.github.io.git"
>>>   },
>>>   "author": "Igor Kowalczyk",
>>>   "license": "MIT",
>>>   "bugs": {
>>>     "url": "https://github.com/igorkowalczyk/igorkowalczyk.github.io/issues"
>>>   },
>>>   "homepage": "https://igorkowalczyk.dev",
>>>   "packageManager": "pnpm@8.15.4"
>>> }+ rm -f package-lock.json pnpm-lock.yaml yarn.lock
+ '[' ./ '!=' ./ ']'
+ set +e
+ /twcr/worker/../worker/pm-install.sh pnpm /tmp/twcr-a900960841e3 /twcr/mnt/results
+ package_manager_name=pnpm
+ procdir=/tmp/twcr-a900960841e3
+ datadir=/twcr/mnt/results
+ case "${package_manager_name}" in
+ '[' '!' -f /tmp/twcr-a900960841e3/package.json ']'
++ pnpm -v
+ sed -Ei 's/("pnpm": ")(.+)(")/\18.15.4\3/' /tmp/twcr-a900960841e3/package.json
+ '[' '!' -f package.json ']'
++ pnpm -v
+ sed -Ei 's/("pnpm": ")(.+)(")/\18.15.4\3/' package.json
+ pnpm install
Progress: resolved 1, reused 0, downloaded 0, added 0
Progress: resolved 24, reused 0, downloaded 7, added 0
Progress: resolved 59, reused 0, downloaded 50, added 0
Progress: resolved 93, reused 0, downloaded 83, added 0
Packages: +117
++++++++++++++++++++++++++++++++++++++++++++++++++++++++++++++++++++++++++++++++
Progress: resolved 118, reused 0, downloaded 117, added 117, done

dependencies:
+ @headlessui/tailwindcss 0.2.0

devDependencies:
+ @igorkowalczyk/is-browser 5.0.2
+ @tailwindcss/aspect-ratio 0.4.2
+ @tailwindcss/typography 0.5.10
+ mini-svg-data-uri 1.4.4
+ tailwind-gradient-mask-image 1.2.0
+ tailwindcss 3.4.1
+ tailwindcss-text-fill 0.2.0

Done in 4.8s
+ pnpm ls --json
+ jq -cr '
        .[]
        | [.dependencies, .devDependencies, .optionalDependencies]
        | map(select(.))[]
        | to_entries
        | map({ name: .key, version: .value.version })
        | sort_by(.name)[]
      '
+ exitcode=0
+ set -e
+ [[ 0 != \0 ]]
++ jq -sr 'map(select(.name == "tailwindcss")) | first | .version'
+ tailwind_package_version=3.4.1
+ tailwind_config_exporter=tailwind.config.exporter2.cjs
+ '[' -f node_modules/tailwindcss/lib/lib/load-config.js ']'
+ tailwind_config_exporter=tailwind.config.exporter3.mjs
+ cp /twcr/worker/../worker/tailwind.config.exporter3.mjs ./
+ set +e
+ node ./tailwind.config.exporter3.mjs tailwind.config.js
+ exitcode=0
+ set -e
+ [[ 0 != \0 ]]
+ echo 'module.exports={plugins:['
+ jq -rs '
        map(select(.name | startswith("@tailwindcss/")))
        | map("require(" + ( .name | tojson ) + "),")[]
      '
+ grep -Ev '"@tailwindcss/postcss7-compat"'
+ echo ']}'
+ cat tailwind.config.js
+ sed 's/^/>>> /'
>>> module.exports={plugins:[
>>> require("@tailwindcss/aspect-ratio"),
>>> require("@tailwindcss/typography"),
>>> ]}
+ node ./tailwind.config.exporter3.mjs tailwind.config.js
++ date -u +%Y-%m-%dT%H:%M:%SZ
+ writetaskstat timestamp_attempt_squash_end 2024-03-04T08:20:38Z
+ jq -nc --arg key timestamp_attempt_squash_end --arg value 2024-03-04T08:20:38Z '{ key: $key, value: $value }'
+ break
++ date -u +%Y-%m-%dT%H:%M:%SZ
+ writetaskstat timestamp_end 2024-03-04T08:20:38Z
+ jq -nc --arg key timestamp_end --arg value 2024-03-04T08:20:38Z '{ key: $key, value: $value }'
+ rm /twcr/mnt/results/extract-failed
+ touch /twcr/mnt/results/extract-completed
