==== RUN-DOCKER
+++ dirname -- ./worker/run.sh
++ cd -- ./worker
++ pwd
+ twcrdir=/twcr/worker/..
+ repo=github.com/rstudio/shinyuieditor
+ reporef=main
+ repopath=./inst/website
+ '[' true == true ']'
+ grep -q '^././'
++ echo github.com/rstudio/shinyuieditor
++ sha256sum
++ awk '{ print $1 }'
++ cut -c1-12
+ procdir=/tmp/twcr-2b69062652a4
++ echo 'github.com/rstudio/shinyuieditor;main;./inst/website'
++ sha256sum
++ awk '{ print $1 }'
++ cut -c1-12
+ datadir=/twcr/worker/../mnt/dataset/data/8eb7828a983f
+ '[' '!' -z /twcr/mnt/results ']'
+ datadir=/twcr/mnt/results
+ touch /twcr/mnt/results/extract-failed
++ base64
++ tr -d =
++ tr /+ _-
++ base64
++ tr -d =
++ tr /+ _-
+ writetaskstat analysis_key github.com/rstudio/shinyuieditor/bWFpbgo/Li9pbnN0L3dlYnNpdGUK
+ jq -nc --arg key analysis_key --arg value github.com/rstudio/shinyuieditor/bWFpbgo/Li9pbnN0L3dlYnNpdGUK '{ key: $key, value: $value }'
++ date -u +%Y%m%d%H%M%S
++ sha256sum
++ awk '{ print $1 }'
++ cut -c1-16
++ head -c 32 /dev/urandom
+ writetaskstat analysis_nonce 0de96a266d19c240
+ jq -nc --arg key analysis_nonce --arg value 0de96a266d19c240 '{ key: $key, value: $value }'
+ writetaskstat input_repo_name github.com/rstudio/shinyuieditor
+ jq -nc --arg key input_repo_name --arg value github.com/rstudio/shinyuieditor '{ key: $key, value: $value }'
+ writetaskstat input_repo_ref main
+ jq -nc --arg key input_repo_ref --arg value main '{ key: $key, value: $value }'
+ writetaskstat input_repo_path ./inst/website
+ jq -nc --arg key input_repo_path --arg value ./inst/website '{ key: $key, value: $value }'
++ date -u +%Y-%m-%dT%H:%M:%SZ
+ writetaskstat timestamp_begin 2024-03-05T01:24:40Z
+ jq -nc --arg key timestamp_begin --arg value 2024-03-05T01:24:40Z '{ key: $key, value: $value }'
+ mkdir -p /tmp/twcr-2b69062652a4
+ pushd /tmp/twcr-2b69062652a4
+ '[' -d .git ']'
+ git clone --depth=1 -b main https://github.com/rstudio/shinyuieditor.git .
/tmp/twcr-2b69062652a4 /twcr
Cloning into '.'...
++ date -u +%Y-%m-%dT%H:%M:%SZ
+ writetaskstat timestamp_git_clone_complete 2024-03-05T01:24:44Z
+ jq -nc --arg key timestamp_git_clone_complete --arg value 2024-03-05T01:24:44Z '{ key: $key, value: $value }'
++ git rev-parse HEAD
+ writetaskstat exec_repo_commit_sha 16bc1c1762570f5e868b87d88667d4a27f58c961
+ jq -nc --arg key exec_repo_commit_sha --arg value 16bc1c1762570f5e868b87d88667d4a27f58c961 '{ key: $key, value: $value }'
+++ git show --no-patch --format=%ci
++ date -u --date '2023-11-15 11:22:31 -0500' +%Y-%m-%dT%H:%M:%SZ
+ writetaskstat exec_repo_commit_date 2023-11-15T16:22:31Z
+ jq -nc --arg key exec_repo_commit_date --arg value 2023-11-15T16:22:31Z '{ key: $key, value: $value }'
/tmp/twcr-2b69062652a4/inst/website /tmp/twcr-2b69062652a4 /twcr
+ '[' -z ./inst/website ']'
+ pushd ./inst/website
+ tailwind_config_file_name=
+ '[' -f tailwind.config.js ']'
+ tailwind_config_file_name=tailwind.config.js
+ writetaskstat exec_tailwind_config_file tailwind.config.js
+ jq -nc --arg key exec_tailwind_config_file --arg value tailwind.config.js '{ key: $key, value: $value }'
+ cp tailwind.config.js /twcr/mnt/results/extract-raw-tailwind-config.js
+ '[' '!' -f package.json ']'
+ cp package.json /twcr/mnt/results/extract-raw-package.json
++ /twcr/worker/../worker/pm-detect.sh /tmp/twcr-2b69062652a4/inst/website
+ package_manager_name=
+ '[' -z '' ']'
+ '[' ./inst/website '!=' ./ ']'
++ /twcr/worker/../worker/pm-detect.sh /tmp/twcr-2b69062652a4
+ package_manager_name=yarn
+ '[' -z yarn ']'
+ writetaskstat exec_node_package_manager yarn
+ jq -nc --arg key exec_node_package_manager --arg value yarn '{ key: $key, value: $value }'
+ attempt_mode=squash
+ true
++ date -u +%Y-%m-%dT%H:%M:%SZ
+ writetaskstat timestamp_attempt_squash_begin 2024-03-05T01:24:44Z
+ jq -nc --arg key timestamp_attempt_squash_begin --arg value 2024-03-05T01:24:44Z '{ key: $key, value: $value }'
+ [[ squash == \s\q\u\a\s\h ]]
+ set +e
+ node /twcr/worker/../worker/squash-package.mjs tailwind.config.js
+ exitcode=0
+ set -e
+ [[ 0 != \0 ]]
+ cat package.json
+ sed 's/^/>>> /'
>>> {
>>>   "name": "website",
>>>   "type": "module",
>>>   "version": "0.0.1",
>>>   "dependencies": {
>>>     "@astrojs/tailwind": "^5.0.0",
>>>     "tailwindcss": "^3.3.3",
>>>     "tailwindcss-animate": "^1.0.7"
>>>   },
>>>   "devDependencies": {
>>>     "@tailwindcss/typography": "^0.5.10"
>>>   }
>>> }+ rm -f package-lock.json pnpm-lock.yaml yarn.lock
+ '[' ./inst/website '!=' ./ ']'
+ rm -f /tmp/twcr-2b69062652a4/package.json /tmp/twcr-2b69062652a4/package-lock.json /tmp/twcr-2b69062652a4/pnpm-lock.yaml /tmp/twcr-2b69062652a4/yarn.lock
+ set +e
+ /twcr/worker/../worker/pm-install.sh yarn /tmp/twcr-2b69062652a4 /twcr/mnt/results
+ package_manager_name=yarn
+ procdir=/tmp/twcr-2b69062652a4
+ datadir=/twcr/mnt/results
+ case "${package_manager_name}" in
+ '[' -z http://tid_ba61c8aceaf8:ok@172.18.0.2:3128 ']'
+ yarn config set httpProxy http://tid_ba61c8aceaf8:ok@172.18.0.2:3128
yarn config v1.22.19
warning package.json: No license field
success Set "httpProxy" to "http://tid_ba61c8aceaf8:ok@172.18.0.2:3128".
Done in 0.04s.
+ '[' -z http://tid_ba61c8aceaf8:ok@172.18.0.2:3128 ']'
+ yarn config set httpsProxy http://tid_ba61c8aceaf8:ok@172.18.0.2:3128
yarn config v1.22.19
warning package.json: No license field
success Set "httpsProxy" to "http://tid_ba61c8aceaf8:ok@172.18.0.2:3128".
Done in 0.04s.
+ yarn install
yarn install v1.22.19
warning package.json: No license field
info No lockfile found.
warning website@0.0.1: No license field
[1/4] Resolving packages...
(node:145) [DEP0040] DeprecationWarning: The `punycode` module is deprecated. Please use a userland alternative instead.
(Use `node --trace-deprecation ...` to show where the warning was created)
[2/4] Fetching packages...
[3/4] Linking dependencies...
warning " > @astrojs/tailwind@5.1.0" has unmet peer dependency "astro@^3.0.0 || ^4.0.0".
[4/4] Building fresh packages...
success Saved lockfile.
Done in 8.74s.
+ yarn list --depth=0 --json --non-interactive --no-progress
+ jq -cr '
        [.. | .name?]
        | map(select(.))
        | map(capture("^(?<name>@?[^@]+)@(?<version>.+)$"))
        | sort_by(.name)[]'
{"type":"warning","data":"package.json: No license field"}
{"type":"warning","data":"website@0.0.1: No license field"}
+ exitcode=0
+ set -e
+ [[ 0 != \0 ]]
++ jq -sr 'map(select(.name == "tailwindcss")) | first | .version'
+ tailwind_package_version=3.4.1
+ tailwind_config_exporter=tailwind.config.exporter2.cjs
+ '[' -f node_modules/tailwindcss/lib/lib/load-config.js ']'
+ tailwind_config_exporter=tailwind.config.exporter3.mjs
+ cp /twcr/worker/../worker/tailwind.config.exporter3.mjs ./
+ set +e
+ node ./tailwind.config.exporter3.mjs tailwind.config.js
+ exitcode=0
+ set -e
+ [[ 0 != \0 ]]
+ echo 'module.exports={plugins:['
+ jq -rs '
        map(select(.name | startswith("@tailwindcss/")))
        | map("require(" + ( .name | tojson ) + "),")[]
      '
+ grep -Ev '"@tailwindcss/postcss7-compat"'
+ echo ']}'
+ cat tailwind.config.js
+ sed 's/^/>>> /'
>>> module.exports={plugins:[
>>> require("@tailwindcss/typography"),
>>> ]}
+ node ./tailwind.config.exporter3.mjs tailwind.config.js
++ date -u +%Y-%m-%dT%H:%M:%SZ
+ writetaskstat timestamp_attempt_squash_end 2024-03-05T01:24:55Z
+ jq -nc --arg key timestamp_attempt_squash_end --arg value 2024-03-05T01:24:55Z '{ key: $key, value: $value }'
+ break
++ date -u +%Y-%m-%dT%H:%M:%SZ
+ writetaskstat timestamp_end 2024-03-05T01:24:55Z
+ jq -nc --arg key timestamp_end --arg value 2024-03-05T01:24:55Z '{ key: $key, value: $value }'
+ rm /twcr/mnt/results/extract-failed
+ touch /twcr/mnt/results/extract-completed
