==== RUN-DOCKER
+++ dirname -- ./worker/run.sh
++ cd -- ./worker
++ pwd
+ twcrdir=/twcr/worker/..
+ repo=github.com/repeekgg/browser-extension
+ reporef=main
+ repopath=./
+ '[' true == true ']'
+ grep -q '^././'
++ echo github.com/repeekgg/browser-extension
++ sha256sum
++ awk '{ print $1 }'
++ cut -c1-12
+ procdir=/tmp/twcr-ca5fb5d6b0ca
++ echo 'github.com/repeekgg/browser-extension;main;./'
++ sha256sum
++ awk '{ print $1 }'
++ cut -c1-12
+ datadir=/twcr/worker/../mnt/dataset/data/7f49d833d267
+ '[' '!' -z /twcr/mnt/results ']'
+ datadir=/twcr/mnt/results
+ touch /twcr/mnt/results/extract-failed
++ base64
++ tr -d =
++ tr /+ _-
++ base64
++ tr -d =
++ tr /+ _-
+ writetaskstat analysis_key github.com/repeekgg/browser-extension/bWFpbgo/Li8K
+ jq -nc --arg key analysis_key --arg value github.com/repeekgg/browser-extension/bWFpbgo/Li8K '{ key: $key, value: $value }'
++ date -u +%Y%m%d%H%M%S
++ sha256sum
++ awk '{ print $1 }'
++ cut -c1-16
++ head -c 32 /dev/urandom
+ writetaskstat analysis_nonce 456c4724d060e9d3
+ jq -nc --arg key analysis_nonce --arg value 456c4724d060e9d3 '{ key: $key, value: $value }'
+ writetaskstat input_repo_name github.com/repeekgg/browser-extension
+ jq -nc --arg key input_repo_name --arg value github.com/repeekgg/browser-extension '{ key: $key, value: $value }'
+ writetaskstat input_repo_ref main
+ jq -nc --arg key input_repo_ref --arg value main '{ key: $key, value: $value }'
+ writetaskstat input_repo_path ./
+ jq -nc --arg key input_repo_path --arg value ./ '{ key: $key, value: $value }'
++ date -u +%Y-%m-%dT%H:%M:%SZ
+ writetaskstat timestamp_begin 2024-03-04T06:55:52Z
+ jq -nc --arg key timestamp_begin --arg value 2024-03-04T06:55:52Z '{ key: $key, value: $value }'
+ mkdir -p /tmp/twcr-ca5fb5d6b0ca
+ pushd /tmp/twcr-ca5fb5d6b0ca
+ '[' -d .git ']'
+ git clone --depth=1 -b main https://github.com/repeekgg/browser-extension.git .
/tmp/twcr-ca5fb5d6b0ca /twcr
Cloning into '.'...
++ date -u +%Y-%m-%dT%H:%M:%SZ
+ writetaskstat timestamp_git_clone_complete 2024-03-04T06:55:54Z
+ jq -nc --arg key timestamp_git_clone_complete --arg value 2024-03-04T06:55:54Z '{ key: $key, value: $value }'
++ git rev-parse HEAD
+ writetaskstat exec_repo_commit_sha 7fc02c77a2646cf1ea9fd9c66c67f78a83c1282f
+ jq -nc --arg key exec_repo_commit_sha --arg value 7fc02c77a2646cf1ea9fd9c66c67f78a83c1282f '{ key: $key, value: $value }'
+++ git show --no-patch --format=%ci
++ date -u --date '2024-01-31 17:16:48 +0000' +%Y-%m-%dT%H:%M:%SZ
+ writetaskstat exec_repo_commit_date 2024-01-31T17:16:48Z
+ jq -nc --arg key exec_repo_commit_date --arg value 2024-01-31T17:16:48Z '{ key: $key, value: $value }'
/tmp/twcr-ca5fb5d6b0ca /tmp/twcr-ca5fb5d6b0ca /twcr
+ '[' -z ./ ']'
+ pushd ./
+ tailwind_config_file_name=
+ '[' -f tailwind.config.js ']'
+ '[' -f tailwind.config.cjs ']'
+ '[' -f tailwind.config.mjs ']'
+ '[' -f tailwind.config.ts ']'
+ tailwind_config_file_name=tailwind.config.ts
+ writetaskstat exec_tailwind_config_file tailwind.config.ts
+ jq -nc --arg key exec_tailwind_config_file --arg value tailwind.config.ts '{ key: $key, value: $value }'
+ cp tailwind.config.ts /twcr/mnt/results/extract-raw-tailwind-config.js
+ '[' '!' -f package.json ']'
+ cp package.json /twcr/mnt/results/extract-raw-package.json
++ /twcr/worker/../worker/pm-detect.sh /tmp/twcr-ca5fb5d6b0ca
+ package_manager_name=
+ '[' -z '' ']'
+ '[' ./ '!=' ./ ']'
+ '[' -z '' ']'
+ package_manager_name=npm
+ writetaskstat exec_node_package_manager npm
+ jq -nc --arg key exec_node_package_manager --arg value npm '{ key: $key, value: $value }'
+ attempt_mode=squash
+ true
++ date -u +%Y-%m-%dT%H:%M:%SZ
+ writetaskstat timestamp_attempt_squash_begin 2024-03-04T06:55:54Z
+ jq -nc --arg key timestamp_attempt_squash_begin --arg value 2024-03-04T06:55:54Z '{ key: $key, value: $value }'
+ [[ squash == \s\q\u\a\s\h ]]
+ set +e
+ node /twcr/worker/../worker/squash-package.mjs tailwind.config.ts
+ exitcode=0
+ set -e
+ [[ 0 != \0 ]]
+ cat package.json
+ sed 's/^/>>> /'
>>> {
>>>   "name": "@repeek/browser-extension",
>>>   "private": true,
>>>   "engines": {
>>>     "node": ">=20.11.0",
>>>     "npm": ">=10.2.4"
>>>   },
>>>   "dependencies": {},
>>>   "devDependencies": {
>>>     "tailwindcss": "^3.4.1",
>>>     "tailwindcss-animate": "^1.0.7"
>>>   },
>>>   "lint-staged": {
>>>     "*.{ts,tsx,js,json}": "biome check --apply --no-errors-on-unmatched"
>>>   },
>>>   "ava": {
>>>     "require": [
>>>       "./ava.setup.js"
>>>     ]
>>>   }
>>> }+ rm -f package-lock.json pnpm-lock.yaml yarn.lock
+ '[' ./ '!=' ./ ']'
+ set +e
+ /twcr/worker/../worker/pm-install.sh npm /tmp/twcr-ca5fb5d6b0ca /twcr/mnt/results
+ package_manager_name=npm
+ procdir=/tmp/twcr-ca5fb5d6b0ca
+ datadir=/twcr/mnt/results
+ case "${package_manager_name}" in
++ '[' -f package-lock.json ']'
++ echo install
+ npm install --ignore-engines

added 113 packages, and audited 114 packages in 4s

28 packages are looking for funding
  run `npm fund` for details

found 0 vulnerabilities
npm notice 
npm notice New minor version of npm available! 10.2.4 -> 10.5.0
npm notice Changelog: <https://github.com/npm/cli/releases/tag/v10.5.0>
npm notice Run `npm install -g npm@10.5.0` to update!
npm notice 
+ npm query '*'
+ jq -cr '
        map({ name: .name, version: .version })
        | map(select(.name))
        | sort_by(.name)[]
      '
+ exitcode=0
+ set -e
+ [[ 0 != \0 ]]
++ jq -sr 'map(select(.name == "tailwindcss")) | first | .version'
+ tailwind_package_version=3.4.1
+ tailwind_config_exporter=tailwind.config.exporter2.cjs
+ '[' -f node_modules/tailwindcss/lib/lib/load-config.js ']'
+ tailwind_config_exporter=tailwind.config.exporter3.mjs
+ cp /twcr/worker/../worker/tailwind.config.exporter3.mjs ./
+ set +e
+ node ./tailwind.config.exporter3.mjs tailwind.config.ts
+ exitcode=0
+ set -e
+ [[ 0 != \0 ]]
+ echo 'module.exports={plugins:['
+ jq -rs '
        map(select(.name | startswith("@tailwindcss/")))
        | map("require(" + ( .name | tojson ) + "),")[]
      '
+ grep -Ev '"@tailwindcss/postcss7-compat"'
+ true
+ echo ']}'
+ cat tailwind.config.ts
+ sed 's/^/>>> /'
+ node ./tailwind.config.exporter3.mjs tailwind.config.ts
>>> module.exports={plugins:[
>>> ]}
++ date -u +%Y-%m-%dT%H:%M:%SZ
+ writetaskstat timestamp_attempt_squash_end 2024-03-04T06:55:59Z
+ jq -nc --arg key timestamp_attempt_squash_end --arg value 2024-03-04T06:55:59Z '{ key: $key, value: $value }'
+ break
++ date -u +%Y-%m-%dT%H:%M:%SZ
+ writetaskstat timestamp_end 2024-03-04T06:55:59Z
+ jq -nc --arg key timestamp_end --arg value 2024-03-04T06:55:59Z '{ key: $key, value: $value }'
+ rm /twcr/mnt/results/extract-failed
+ touch /twcr/mnt/results/extract-completed
