==== RUN-DOCKER
+++ dirname -- ./worker/run.sh
++ cd -- ./worker
++ pwd
+ twcrdir=/twcr/worker/..
+ repo=github.com/invoiceninja/invoiceninja
+ reporef=v5-stable
+ repopath=./
+ '[' true == true ']'
+ grep -q '^././'
++ echo github.com/invoiceninja/invoiceninja
++ sha256sum
++ awk '{ print $1 }'
++ cut -c1-12
+ procdir=/tmp/twcr-80712975fea1
++ echo 'github.com/invoiceninja/invoiceninja;v5-stable;./'
++ sha256sum
++ awk '{ print $1 }'
++ cut -c1-12
+ datadir=/twcr/worker/../mnt/dataset/data/23741a589222
+ '[' '!' -z /twcr/mnt/results ']'
+ datadir=/twcr/mnt/results
+ touch /twcr/mnt/results/extract-failed
++ base64
++ tr -d =
++ tr /+ _-
++ base64
++ tr -d =
++ tr /+ _-
+ writetaskstat analysis_key github.com/invoiceninja/invoiceninja/djUtc3RhYmxlCg/Li8K
+ jq -nc --arg key analysis_key --arg value github.com/invoiceninja/invoiceninja/djUtc3RhYmxlCg/Li8K '{ key: $key, value: $value }'
++ date -u +%Y%m%d%H%M%S
++ sha256sum
++ awk '{ print $1 }'
++ cut -c1-16
++ head -c 32 /dev/urandom
+ writetaskstat analysis_nonce 95b3babd48cc74f5
+ jq -nc --arg key analysis_nonce --arg value 95b3babd48cc74f5 '{ key: $key, value: $value }'
+ writetaskstat input_repo_name github.com/invoiceninja/invoiceninja
+ jq -nc --arg key input_repo_name --arg value github.com/invoiceninja/invoiceninja '{ key: $key, value: $value }'
+ writetaskstat input_repo_ref v5-stable
+ jq -nc --arg key input_repo_ref --arg value v5-stable '{ key: $key, value: $value }'
+ writetaskstat input_repo_path ./
+ jq -nc --arg key input_repo_path --arg value ./ '{ key: $key, value: $value }'
++ date -u +%Y-%m-%dT%H:%M:%SZ
+ writetaskstat timestamp_begin 2024-03-04T01:19:30Z
+ jq -nc --arg key timestamp_begin --arg value 2024-03-04T01:19:30Z '{ key: $key, value: $value }'
+ mkdir -p /tmp/twcr-80712975fea1
/tmp/twcr-80712975fea1 /twcr
+ pushd /tmp/twcr-80712975fea1
+ '[' -d .git ']'
+ git clone --depth=1 -b v5-stable https://github.com/invoiceninja/invoiceninja.git .
Cloning into '.'...
Updating files:  99% (3888/3913)Updating files: 100% (3913/3913)Updating files: 100% (3913/3913), done.
++ date -u +%Y-%m-%dT%H:%M:%SZ
+ writetaskstat timestamp_git_clone_complete 2024-03-04T01:19:51Z
+ jq -nc --arg key timestamp_git_clone_complete --arg value 2024-03-04T01:19:51Z '{ key: $key, value: $value }'
++ git rev-parse HEAD
+ writetaskstat exec_repo_commit_sha 1fc57b1849890111dd3e6ed255f441b6de21409b
+ jq -nc --arg key exec_repo_commit_sha --arg value 1fc57b1849890111dd3e6ed255f441b6de21409b '{ key: $key, value: $value }'
+++ git show --no-patch --format=%ci
++ date -u --date '2024-02-25 09:47:11 +1100' +%Y-%m-%dT%H:%M:%SZ
+ writetaskstat exec_repo_commit_date 2024-02-24T22:47:11Z
+ jq -nc --arg key exec_repo_commit_date --arg value 2024-02-24T22:47:11Z '{ key: $key, value: $value }'
/tmp/twcr-80712975fea1 /tmp/twcr-80712975fea1 /twcr
+ '[' -z ./ ']'
+ pushd ./
+ tailwind_config_file_name=
+ '[' -f tailwind.config.js ']'
+ '[' -f tailwind.config.cjs ']'
+ tailwind_config_file_name=tailwind.config.cjs
+ writetaskstat exec_tailwind_config_file tailwind.config.cjs
+ jq -nc --arg key exec_tailwind_config_file --arg value tailwind.config.cjs '{ key: $key, value: $value }'
+ cp tailwind.config.cjs /twcr/mnt/results/extract-raw-tailwind-config.js
+ '[' '!' -f package.json ']'
+ cp package.json /twcr/mnt/results/extract-raw-package.json
++ /twcr/worker/../worker/pm-detect.sh /tmp/twcr-80712975fea1
+ package_manager_name=
+ '[' -z '' ']'
+ '[' ./ '!=' ./ ']'
+ '[' -z '' ']'
+ package_manager_name=npm
+ writetaskstat exec_node_package_manager npm
+ jq -nc --arg key exec_node_package_manager --arg value npm '{ key: $key, value: $value }'
+ attempt_mode=squash
+ true
++ date -u +%Y-%m-%dT%H:%M:%SZ
+ writetaskstat timestamp_attempt_squash_begin 2024-03-04T01:19:51Z
+ jq -nc --arg key timestamp_attempt_squash_begin --arg value 2024-03-04T01:19:51Z '{ key: $key, value: $value }'
+ [[ squash == \s\q\u\a\s\h ]]
+ set +e
+ node /twcr/worker/../worker/squash-package.mjs tailwind.config.cjs
+ exitcode=0
+ set -e
+ [[ 0 != \0 ]]
+ cat package.json
+ sed 's/^/>>> /'
>>> {
>>>   "private": true,
>>>   "devDependencies": {},
>>>   "dependencies": {
>>>     "@tailwindcss/forms": "^0.3.4",
>>>     "@tailwindcss/line-clamp": "^0.3.1",
>>>     "@tailwindcss/typography": "^0.4.1",
>>>     "tailwindcss": "^2.2.17"
>>>   },
>>>   "type": "module"
>>> }+ rm -f package-lock.json pnpm-lock.yaml yarn.lock
+ '[' ./ '!=' ./ ']'
+ set +e
+ /twcr/worker/../worker/pm-install.sh npm /tmp/twcr-80712975fea1 /twcr/mnt/results
+ package_manager_name=npm
+ procdir=/tmp/twcr-80712975fea1
+ datadir=/twcr/mnt/results
+ case "${package_manager_name}" in
++ '[' -f package-lock.json ']'
++ echo install
+ npm install --ignore-engines

added 150 packages, and audited 151 packages in 9s

28 packages are looking for funding
  run `npm fund` for details

found 0 vulnerabilities
npm notice 
npm notice New minor version of npm available! 10.2.4 -> 10.5.0
npm notice Changelog: <https://github.com/npm/cli/releases/tag/v10.5.0>
npm notice Run `npm install -g npm@10.5.0` to update!
npm notice 
+ npm query '*'
+ jq -cr '
        map({ name: .name, version: .version })
        | map(select(.name))
        | sort_by(.name)[]
      '
+ exitcode=0
+ set -e
+ [[ 0 != \0 ]]
++ jq -sr 'map(select(.name == "tailwindcss")) | first | .version'
+ tailwind_package_version=2.2.19
+ tailwind_config_exporter=tailwind.config.exporter2.cjs
+ '[' -f node_modules/tailwindcss/lib/lib/load-config.js ']'
+ cp /twcr/worker/../worker/tailwind.config.exporter2.cjs ./
+ set +e
+ node ./tailwind.config.exporter2.cjs tailwind.config.cjs
+ exitcode=0
+ set -e
+ [[ 0 != \0 ]]
+ echo 'module.exports={plugins:['
+ jq -rs '
        map(select(.name | startswith("@tailwindcss/")))
        | map("require(" + ( .name | tojson ) + "),")[]
      '
+ grep -Ev '"@tailwindcss/postcss7-compat"'
+ echo ']}'
+ cat tailwind.config.cjs
+ sed 's/^/>>> /'
>>> module.exports={plugins:[
>>> require("@tailwindcss/forms"),
>>> require("@tailwindcss/line-clamp"),
>>> require("@tailwindcss/typography"),
>>> ]}
+ node ./tailwind.config.exporter2.cjs tailwind.config.cjs
++ date -u +%Y-%m-%dT%H:%M:%SZ
+ writetaskstat timestamp_attempt_squash_end 2024-03-04T01:20:01Z
+ jq -nc --arg key timestamp_attempt_squash_end --arg value 2024-03-04T01:20:01Z '{ key: $key, value: $value }'
+ break
++ date -u +%Y-%m-%dT%H:%M:%SZ
+ writetaskstat timestamp_end 2024-03-04T01:20:01Z
+ jq -nc --arg key timestamp_end --arg value 2024-03-04T01:20:01Z '{ key: $key, value: $value }'
+ rm /twcr/mnt/results/extract-failed
+ touch /twcr/mnt/results/extract-completed
