==== RUN-DOCKER
+++ dirname -- ./worker/run.sh
++ cd -- ./worker
++ pwd
+ twcrdir=/twcr/worker/..
+ repo=github.com/astridlol/Thorn
+ reporef=main
+ repopath=./
+ '[' true == true ']'
+ grep -q '^././'
++ echo github.com/astridlol/Thorn
++ sha256sum
++ awk '{ print $1 }'
++ cut -c1-12
+ procdir=/tmp/twcr-c1ad72bae586
++ echo 'github.com/astridlol/Thorn;main;./'
++ sha256sum
++ awk '{ print $1 }'
++ cut -c1-12
+ datadir=/twcr/worker/../mnt/dataset/data/0c2371ccedee
+ '[' '!' -z /twcr/mnt/results ']'
+ datadir=/twcr/mnt/results
+ touch /twcr/mnt/results/extract-failed
++ base64
++ tr -d =
++ tr /+ _-
++ base64
++ tr -d =
++ tr /+ _-
+ writetaskstat analysis_key github.com/astridlol/Thorn/bWFpbgo/Li8K
+ jq -nc --arg key analysis_key --arg value github.com/astridlol/Thorn/bWFpbgo/Li8K '{ key: $key, value: $value }'
++ date -u +%Y%m%d%H%M%S
++ sha256sum
++ cut -c1-16
++ awk '{ print $1 }'
++ head -c 32 /dev/urandom
+ writetaskstat analysis_nonce 2555529ab701b406
+ jq -nc --arg key analysis_nonce --arg value 2555529ab701b406 '{ key: $key, value: $value }'
+ writetaskstat input_repo_name github.com/astridlol/Thorn
+ jq -nc --arg key input_repo_name --arg value github.com/astridlol/Thorn '{ key: $key, value: $value }'
+ writetaskstat input_repo_ref main
+ jq -nc --arg key input_repo_ref --arg value main '{ key: $key, value: $value }'
+ writetaskstat input_repo_path ./
+ jq -nc --arg key input_repo_path --arg value ./ '{ key: $key, value: $value }'
++ date -u +%Y-%m-%dT%H:%M:%SZ
+ writetaskstat timestamp_begin 2024-03-05T10:59:00Z
+ jq -nc --arg key timestamp_begin --arg value 2024-03-05T10:59:00Z '{ key: $key, value: $value }'
+ mkdir -p /tmp/twcr-c1ad72bae586
/tmp/twcr-c1ad72bae586 /twcr
+ pushd /tmp/twcr-c1ad72bae586
+ '[' -d .git ']'
+ git clone --depth=1 -b main https://github.com/astridlol/Thorn.git .
Cloning into '.'...
++ date -u +%Y-%m-%dT%H:%M:%SZ
+ writetaskstat timestamp_git_clone_complete 2024-03-05T10:59:01Z
+ jq -nc --arg key timestamp_git_clone_complete --arg value 2024-03-05T10:59:01Z '{ key: $key, value: $value }'
++ git rev-parse HEAD
+ writetaskstat exec_repo_commit_sha ea2f55d639fdd01807a1ad65aa3ab320d870f8f6
+ jq -nc --arg key exec_repo_commit_sha --arg value ea2f55d639fdd01807a1ad65aa3ab320d870f8f6 '{ key: $key, value: $value }'
+++ git show --no-patch --format=%ci
++ date -u --date '2023-03-03 09:24:23 -0500' +%Y-%m-%dT%H:%M:%SZ
+ writetaskstat exec_repo_commit_date 2023-03-03T14:24:23Z
+ jq -nc --arg key exec_repo_commit_date --arg value 2023-03-03T14:24:23Z '{ key: $key, value: $value }'
/tmp/twcr-c1ad72bae586 /tmp/twcr-c1ad72bae586 /twcr
+ '[' -z ./ ']'
+ pushd ./
+ tailwind_config_file_name=
+ '[' -f tailwind.config.js ']'
+ '[' -f tailwind.config.cjs ']'
+ tailwind_config_file_name=tailwind.config.cjs
+ writetaskstat exec_tailwind_config_file tailwind.config.cjs
+ jq -nc --arg key exec_tailwind_config_file --arg value tailwind.config.cjs '{ key: $key, value: $value }'
+ cp tailwind.config.cjs /twcr/mnt/results/extract-raw-tailwind-config.js
+ '[' '!' -f package.json ']'
+ cp package.json /twcr/mnt/results/extract-raw-package.json
++ /twcr/worker/../worker/pm-detect.sh /tmp/twcr-c1ad72bae586
+ package_manager_name=
+ '[' -z '' ']'
+ '[' ./ '!=' ./ ']'
+ '[' -z '' ']'
+ package_manager_name=npm
+ writetaskstat exec_node_package_manager npm
+ jq -nc --arg key exec_node_package_manager --arg value npm '{ key: $key, value: $value }'
+ attempt_mode=squash
+ true
++ date -u +%Y-%m-%dT%H:%M:%SZ
+ writetaskstat timestamp_attempt_squash_begin 2024-03-05T10:59:01Z
+ jq -nc --arg key timestamp_attempt_squash_begin --arg value 2024-03-05T10:59:01Z '{ key: $key, value: $value }'
+ [[ squash == \s\q\u\a\s\h ]]
+ set +e
+ node /twcr/worker/../worker/squash-package.mjs tailwind.config.cjs
+ exitcode=0
+ set -e
+ [[ 0 != \0 ]]
+ cat package.json
+ sed 's/^/>>> /'
>>> {
>>>   "name": "thorn-next",
>>>   "version": "1.0.0-beta",
>>>   "private": true,
>>>   "license": " MPL-2.0",
>>>   "dependencies": {},
>>>   "devDependencies": {
>>>     "tailwindcss": "^3.2.0"
>>>   },
>>>   "ct3aMetadata": {
>>>     "initVersion": "7.5.6"
>>>   }
>>> }+ rm -f package-lock.json pnpm-lock.yaml yarn.lock
+ '[' ./ '!=' ./ ']'
+ set +e
+ /twcr/worker/../worker/pm-install.sh npm /tmp/twcr-c1ad72bae586 /twcr/mnt/results
+ package_manager_name=npm
+ procdir=/tmp/twcr-c1ad72bae586
+ datadir=/twcr/mnt/results
+ case "${package_manager_name}" in
++ '[' -f package-lock.json ']'
++ echo install
+ npm install --ignore-engines

added 112 packages, and audited 113 packages in 5s

28 packages are looking for funding
  run `npm fund` for details

found 0 vulnerabilities
npm notice 
npm notice New minor version of npm available! 10.2.4 -> 10.5.0
npm notice Changelog: <https://github.com/npm/cli/releases/tag/v10.5.0>
npm notice Run `npm install -g npm@10.5.0` to update!
npm notice 
+ npm query '*'
+ jq -cr '
        map({ name: .name, version: .version })
        | map(select(.name))
        | sort_by(.name)[]
      '
+ exitcode=0
+ set -e
+ [[ 0 != \0 ]]
++ jq -sr 'map(select(.name == "tailwindcss")) | first | .version'
+ tailwind_package_version=3.4.1
+ tailwind_config_exporter=tailwind.config.exporter2.cjs
+ '[' -f node_modules/tailwindcss/lib/lib/load-config.js ']'
+ tailwind_config_exporter=tailwind.config.exporter3.mjs
+ cp /twcr/worker/../worker/tailwind.config.exporter3.mjs ./
+ set +e
+ node ./tailwind.config.exporter3.mjs tailwind.config.cjs
+ exitcode=0
+ set -e
+ [[ 0 != \0 ]]
+ echo 'module.exports={plugins:['
+ jq -rs '
        map(select(.name | startswith("@tailwindcss/")))
        | map("require(" + ( .name | tojson ) + "),")[]
      '
+ grep -Ev '"@tailwindcss/postcss7-compat"'
+ true
+ echo ']}'
+ cat tailwind.config.cjs
+ sed 's/^/>>> /'
>>> module.exports={plugins:[
>>> ]}
+ node ./tailwind.config.exporter3.mjs tailwind.config.cjs
++ date -u +%Y-%m-%dT%H:%M:%SZ
+ writetaskstat timestamp_attempt_squash_end 2024-03-05T10:59:07Z
+ jq -nc --arg key timestamp_attempt_squash_end --arg value 2024-03-05T10:59:07Z '{ key: $key, value: $value }'
+ break
++ date -u +%Y-%m-%dT%H:%M:%SZ
+ writetaskstat timestamp_end 2024-03-05T10:59:07Z
+ jq -nc --arg key timestamp_end --arg value 2024-03-05T10:59:07Z '{ key: $key, value: $value }'
+ rm /twcr/mnt/results/extract-failed
+ touch /twcr/mnt/results/extract-completed
