==== RUN-DOCKER
+++ dirname -- ./worker/run.sh
++ cd -- ./worker
++ pwd
+ twcrdir=/twcr/worker/..
+ repo=github.com/webb-tools/webb-dapp
+ reporef=develop
+ repopath=./
+ '[' true == true ']'
+ grep -q '^././'
++ echo github.com/webb-tools/webb-dapp
++ sha256sum
++ awk '{ print $1 }'
++ cut -c1-12
+ procdir=/tmp/twcr-dc3281e78d4e
++ echo 'github.com/webb-tools/webb-dapp;develop;./'
++ sha256sum
++ awk '{ print $1 }'
++ cut -c1-12
+ datadir=/twcr/worker/../mnt/dataset/data/85e34dd0e13b
+ '[' '!' -z /twcr/mnt/results ']'
+ datadir=/twcr/mnt/results
+ touch /twcr/mnt/results/extract-failed
++ base64
++ tr -d =
++ tr /+ _-
++ base64
++ tr -d =
++ tr /+ _-
+ writetaskstat analysis_key github.com/webb-tools/webb-dapp/ZGV2ZWxvcAo/Li8K
+ jq -nc --arg key analysis_key --arg value github.com/webb-tools/webb-dapp/ZGV2ZWxvcAo/Li8K '{ key: $key, value: $value }'
++ date -u +%Y%m%d%H%M%S
++ sha256sum
++ awk '{ print $1 }'
++ cut -c1-16
++ head -c 32 /dev/urandom
+ writetaskstat analysis_nonce f6f25634e5cc4a7a
+ jq -nc --arg key analysis_nonce --arg value f6f25634e5cc4a7a '{ key: $key, value: $value }'
+ writetaskstat input_repo_name github.com/webb-tools/webb-dapp
+ jq -nc --arg key input_repo_name --arg value github.com/webb-tools/webb-dapp '{ key: $key, value: $value }'
+ writetaskstat input_repo_ref develop
+ jq -nc --arg key input_repo_ref --arg value develop '{ key: $key, value: $value }'
+ writetaskstat input_repo_path ./
+ jq -nc --arg key input_repo_path --arg value ./ '{ key: $key, value: $value }'
++ date -u +%Y-%m-%dT%H:%M:%SZ
+ writetaskstat timestamp_begin 2024-03-05T06:32:24Z
+ jq -nc --arg key timestamp_begin --arg value 2024-03-05T06:32:24Z '{ key: $key, value: $value }'
+ mkdir -p /tmp/twcr-dc3281e78d4e
/tmp/twcr-dc3281e78d4e /twcr
+ pushd /tmp/twcr-dc3281e78d4e
+ '[' -d .git ']'
+ git clone --depth=1 -b develop https://github.com/webb-tools/webb-dapp.git .
Cloning into '.'...
++ date -u +%Y-%m-%dT%H:%M:%SZ
+ writetaskstat timestamp_git_clone_complete 2024-03-05T06:32:26Z
+ jq -nc --arg key timestamp_git_clone_complete --arg value 2024-03-05T06:32:26Z '{ key: $key, value: $value }'
++ git rev-parse HEAD
+ writetaskstat exec_repo_commit_sha 61613b639b44cceff3eb395c0082205c0181b0c2
+ jq -nc --arg key exec_repo_commit_sha --arg value 61613b639b44cceff3eb395c0082205c0181b0c2 '{ key: $key, value: $value }'
+++ git show --no-patch --format=%ci
++ date -u --date '2024-03-04 10:06:13 -0500' +%Y-%m-%dT%H:%M:%SZ
+ writetaskstat exec_repo_commit_date 2024-03-04T15:06:13Z
+ jq -nc --arg key exec_repo_commit_date --arg value 2024-03-04T15:06:13Z '{ key: $key, value: $value }'
+ '[' -z ./ ']'
+ pushd ./
+ tailwind_config_file_name=
+ '[' -f tailwind.config.js ']'
+ tailwind_config_file_name=tailwind.config.js
+ writetaskstat exec_tailwind_config_file tailwind.config.js
+ jq -nc --arg key exec_tailwind_config_file --arg value tailwind.config.js '{ key: $key, value: $value }'
/tmp/twcr-dc3281e78d4e /tmp/twcr-dc3281e78d4e /twcr
+ cp tailwind.config.js /twcr/mnt/results/extract-raw-tailwind-config.js
+ '[' '!' -f package.json ']'
+ cp package.json /twcr/mnt/results/extract-raw-package.json
++ /twcr/worker/../worker/pm-detect.sh /tmp/twcr-dc3281e78d4e
+ package_manager_name=yarn
+ '[' -z yarn ']'
+ '[' -z yarn ']'
+ writetaskstat exec_node_package_manager yarn
+ jq -nc --arg key exec_node_package_manager --arg value yarn '{ key: $key, value: $value }'
+ attempt_mode=squash
+ true
++ date -u +%Y-%m-%dT%H:%M:%SZ
+ writetaskstat timestamp_attempt_squash_begin 2024-03-05T06:32:26Z
+ jq -nc --arg key timestamp_attempt_squash_begin --arg value 2024-03-05T06:32:26Z '{ key: $key, value: $value }'
+ [[ squash == \s\q\u\a\s\h ]]
+ set +e
+ node /twcr/worker/../worker/squash-package.mjs tailwind.config.js
[squash-package] ERROR: failed to find any match for import path (@webb-tools/tailwind-preset)
+ exitcode=1
+ set -e
+ [[ 1 != \0 ]]
+ echo '[worker] WARN: squash failed; retrying with full install'
[worker] WARN: squash failed; retrying with full install
+ attempt_mode=full
+ continue
+ true
++ date -u +%Y-%m-%dT%H:%M:%SZ
+ writetaskstat timestamp_attempt_full_begin 2024-03-05T06:32:26Z
+ jq -nc --arg key timestamp_attempt_full_begin --arg value 2024-03-05T06:32:26Z '{ key: $key, value: $value }'
+ [[ full == \s\q\u\a\s\h ]]
+ git clean -fdx
+ git reset --hard
HEAD is now at 61613b6 fix: Change to optional RelayerChainConfig type attributes that are EVM-specific or Substrate-specific in types.ts (#2075)
+ set +e
+ /twcr/worker/../worker/pm-install.sh yarn /tmp/twcr-dc3281e78d4e /twcr/mnt/results
+ package_manager_name=yarn
+ procdir=/tmp/twcr-dc3281e78d4e
+ datadir=/twcr/mnt/results
+ case "${package_manager_name}" in
+ '[' -z http://tid_5e2916dc70f8:ok@172.18.0.2:3128 ']'
+ yarn config set httpProxy http://tid_5e2916dc70f8:ok@172.18.0.2:3128
yarn config v1.22.19
success Set "httpProxy" to "http://tid_5e2916dc70f8:ok@172.18.0.2:3128".
Done in 0.04s.
+ '[' -z http://tid_5e2916dc70f8:ok@172.18.0.2:3128 ']'
+ yarn config set httpsProxy http://tid_5e2916dc70f8:ok@172.18.0.2:3128
yarn config v1.22.19
success Set "httpsProxy" to "http://tid_5e2916dc70f8:ok@172.18.0.2:3128".
Done in 0.04s.
+ yarn install
yarn install v1.22.19
[1/5] Validating package.json...
error webb-monorepo@0.0.0: The engine "node" is incompatible with this module. Expected version "18.x.x". Got "21.6.2"
error Found incompatible module.
info Visit https://yarnpkg.com/en/docs/cli/install for documentation about this command.
+ exitcode=1
+ set -e
+ [[ 1 != \0 ]]
+ [[ full == \s\q\u\a\s\h ]]
+ exit 1
