==== RUN-DOCKER
+++ dirname -- ./worker/run.sh
++ cd -- ./worker
++ pwd
+ twcrdir=/twcr/worker/..
+ repo=github.com/overextended/ox_banking
+ reporef=main
+ repopath=./web
+ '[' true == true ']'
+ grep -q '^././'
++ echo github.com/overextended/ox_banking
++ sha256sum
++ awk '{ print $1 }'
++ cut -c1-12
+ procdir=/tmp/twcr-240f39f93a57
++ echo 'github.com/overextended/ox_banking;main;./web'
++ sha256sum
++ awk '{ print $1 }'
++ cut -c1-12
+ datadir=/twcr/worker/../mnt/dataset/data/6ff29bc5a409
+ '[' '!' -z /twcr/mnt/results ']'
+ datadir=/twcr/mnt/results
+ touch /twcr/mnt/results/extract-failed
++ base64
++ tr -d =
++ tr /+ _-
++ base64
++ tr -d =
++ tr /+ _-
+ writetaskstat analysis_key github.com/overextended/ox_banking/bWFpbgo/Li93ZWIK
+ jq -nc --arg key analysis_key --arg value github.com/overextended/ox_banking/bWFpbgo/Li93ZWIK '{ key: $key, value: $value }'
++ date -u +%Y%m%d%H%M%S
++ sha256sum
++ awk '{ print $1 }'
++ cut -c1-16
++ head -c 32 /dev/urandom
+ writetaskstat analysis_nonce 32e8a51537e6c7ec
+ jq -nc --arg key analysis_nonce --arg value 32e8a51537e6c7ec '{ key: $key, value: $value }'
+ writetaskstat input_repo_name github.com/overextended/ox_banking
+ jq -nc --arg key input_repo_name --arg value github.com/overextended/ox_banking '{ key: $key, value: $value }'
+ writetaskstat input_repo_ref main
+ jq -nc --arg key input_repo_ref --arg value main '{ key: $key, value: $value }'
+ writetaskstat input_repo_path ./web
+ jq -nc --arg key input_repo_path --arg value ./web '{ key: $key, value: $value }'
++ date -u +%Y-%m-%dT%H:%M:%SZ
+ writetaskstat timestamp_begin 2024-03-05T07:47:21Z
+ jq -nc --arg key timestamp_begin --arg value 2024-03-05T07:47:21Z '{ key: $key, value: $value }'
+ mkdir -p /tmp/twcr-240f39f93a57
+ pushd /tmp/twcr-240f39f93a57
+ '[' -d .git ']'
+ git clone --depth=1 -b main https://github.com/overextended/ox_banking.git .
/tmp/twcr-240f39f93a57 /twcr
Cloning into '.'...
++ date -u +%Y-%m-%dT%H:%M:%SZ
+ writetaskstat timestamp_git_clone_complete 2024-03-05T07:47:22Z
+ jq -nc --arg key timestamp_git_clone_complete --arg value 2024-03-05T07:47:22Z '{ key: $key, value: $value }'
++ git rev-parse HEAD
+ writetaskstat exec_repo_commit_sha 1b9cabc910fdb311003fd56b799837fb222a6aa4
+ jq -nc --arg key exec_repo_commit_sha --arg value 1b9cabc910fdb311003fd56b799837fb222a6aa4 '{ key: $key, value: $value }'
+++ git show --no-patch --format=%ci
++ date -u --date '2024-02-25 13:57:37 +0100' +%Y-%m-%dT%H:%M:%SZ
+ writetaskstat exec_repo_commit_date 2024-02-25T12:57:37Z
+ jq -nc --arg key exec_repo_commit_date --arg value 2024-02-25T12:57:37Z '{ key: $key, value: $value }'
+ '[' -z ./web ']'
+ pushd ./web
+ tailwind_config_file_name=
+ '[' -f tailwind.config.js ']'
+ tailwind_config_file_name=tailwind.config.js
+ writetaskstat exec_tailwind_config_file tailwind.config.js
+ jq -nc --arg key exec_tailwind_config_file --arg value tailwind.config.js '{ key: $key, value: $value }'
/tmp/twcr-240f39f93a57/web /tmp/twcr-240f39f93a57 /twcr
+ cp tailwind.config.js /twcr/mnt/results/extract-raw-tailwind-config.js
+ '[' '!' -f package.json ']'
+ cp package.json /twcr/mnt/results/extract-raw-package.json
++ /twcr/worker/../worker/pm-detect.sh /tmp/twcr-240f39f93a57/web
+ package_manager_name=pnpm
+ '[' -z pnpm ']'
+ '[' -z pnpm ']'
+ writetaskstat exec_node_package_manager pnpm
+ jq -nc --arg key exec_node_package_manager --arg value pnpm '{ key: $key, value: $value }'
+ attempt_mode=squash
+ true
++ date -u +%Y-%m-%dT%H:%M:%SZ
+ writetaskstat timestamp_attempt_squash_begin 2024-03-05T07:47:22Z
+ jq -nc --arg key timestamp_attempt_squash_begin --arg value 2024-03-05T07:47:22Z '{ key: $key, value: $value }'
+ [[ squash == \s\q\u\a\s\h ]]
+ set +e
+ node /twcr/worker/../worker/squash-package.mjs tailwind.config.js
+ exitcode=0
+ set -e
+ [[ 0 != \0 ]]
+ cat package.json
+ sed 's/^/>>> /'
>>> {
>>>   "name": "ox_banking",
>>>   "homepage": "web/build",
>>>   "private": true,
>>>   "version": "0.1.0",
>>>   "dependencies": {
>>>     "tailwindcss-animate": "^1.0.7"
>>>   },
>>>   "devDependencies": {
>>>     "tailwindcss": "^3.3.5"
>>>   }
>>> }+ rm -f package-lock.json pnpm-lock.yaml yarn.lock
+ '[' ./web '!=' ./ ']'
+ rm -f /tmp/twcr-240f39f93a57/package.json /tmp/twcr-240f39f93a57/package-lock.json /tmp/twcr-240f39f93a57/pnpm-lock.yaml /tmp/twcr-240f39f93a57/yarn.lock
+ set +e
+ /twcr/worker/../worker/pm-install.sh pnpm /tmp/twcr-240f39f93a57 /twcr/mnt/results
+ package_manager_name=pnpm
+ procdir=/tmp/twcr-240f39f93a57
+ datadir=/twcr/mnt/results
+ case "${package_manager_name}" in
+ '[' '!' -f /tmp/twcr-240f39f93a57/package.json ']'
+ '[' '!' -f package.json ']'
++ pnpm -v
+ sed -Ei 's/("pnpm": ")(.+)(")/\18.15.4\3/' package.json
+ pnpm install
Progress: resolved 1, reused 0, downloaded 0, added 0
Progress: resolved 25, reused 0, downloaded 19, added 0
Progress: resolved 60, reused 0, downloaded 50, added 0
Progress: resolved 97, reused 0, downloaded 87, added 0
Packages: +106
++++++++++++++++++++++++++++++++++++++++++++++++++++++++++++++++++++++++++++++++
Progress: resolved 107, reused 0, downloaded 106, added 106, done

dependencies:
+ tailwindcss-animate 1.0.7

devDependencies:
+ tailwindcss 3.4.1

Done in 4.6s
+ pnpm ls --json
+ jq -cr '
        .[]
        | [.dependencies, .devDependencies, .optionalDependencies]
        | map(select(.))[]
        | to_entries
        | map({ name: .key, version: .value.version })
        | sort_by(.name)[]
      '
+ exitcode=0
+ set -e
+ [[ 0 != \0 ]]
++ jq -sr 'map(select(.name == "tailwindcss")) | first | .version'
+ tailwind_package_version=3.4.1
+ tailwind_config_exporter=tailwind.config.exporter2.cjs
+ '[' -f node_modules/tailwindcss/lib/lib/load-config.js ']'
+ tailwind_config_exporter=tailwind.config.exporter3.mjs
+ cp /twcr/worker/../worker/tailwind.config.exporter3.mjs ./
+ set +e
+ node ./tailwind.config.exporter3.mjs tailwind.config.js
+ exitcode=0
+ set -e
+ [[ 0 != \0 ]]
+ echo 'module.exports={plugins:['
+ jq -rs '
        map(select(.name | startswith("@tailwindcss/")))
        | map("require(" + ( .name | tojson ) + "),")[]
      '
+ grep -Ev '"@tailwindcss/postcss7-compat"'
+ true
+ echo ']}'
+ cat tailwind.config.js
+ sed 's/^/>>> /'
>>> module.exports={plugins:[
>>> ]}
+ node ./tailwind.config.exporter3.mjs tailwind.config.js
++ date -u +%Y-%m-%dT%H:%M:%SZ
+ writetaskstat timestamp_attempt_squash_end 2024-03-05T07:47:28Z
+ jq -nc --arg key timestamp_attempt_squash_end --arg value 2024-03-05T07:47:28Z '{ key: $key, value: $value }'
+ break
++ date -u +%Y-%m-%dT%H:%M:%SZ
+ writetaskstat timestamp_end 2024-03-05T07:47:28Z
+ jq -nc --arg key timestamp_end --arg value 2024-03-05T07:47:28Z '{ key: $key, value: $value }'
+ rm /twcr/mnt/results/extract-failed
+ touch /twcr/mnt/results/extract-completed
