==== RUN-DOCKER
+++ dirname -- ./worker/run.sh
++ cd -- ./worker
++ pwd
+ twcrdir=/twcr/worker/..
+ repo=github.com/bratislava/bratislava.sk
+ reporef=master
+ repopath=./next
+ '[' true == true ']'
+ grep -q '^././'
++ echo github.com/bratislava/bratislava.sk
++ sha256sum
++ awk '{ print $1 }'
++ cut -c1-12
+ procdir=/tmp/twcr-f473ca3963bb
++ echo 'github.com/bratislava/bratislava.sk;master;./next'
++ sha256sum
++ awk '{ print $1 }'
++ cut -c1-12
+ datadir=/twcr/worker/../mnt/dataset/data/7aaa88564045
+ '[' '!' -z /twcr/mnt/results ']'
+ datadir=/twcr/mnt/results
+ touch /twcr/mnt/results/extract-failed
++ base64
++ tr -d =
++ tr /+ _-
++ base64
++ tr -d =
++ tr /+ _-
+ writetaskstat analysis_key github.com/bratislava/bratislava.sk/bWFzdGVyCg/Li9uZXh0Cg
+ jq -nc --arg key analysis_key --arg value github.com/bratislava/bratislava.sk/bWFzdGVyCg/Li9uZXh0Cg '{ key: $key, value: $value }'
++ date -u +%Y%m%d%H%M%S
++ sha256sum
++ awk '{ print $1 }'
++ cut -c1-16
++ head -c 32 /dev/urandom
+ writetaskstat analysis_nonce f21155c56e437037
+ jq -nc --arg key analysis_nonce --arg value f21155c56e437037 '{ key: $key, value: $value }'
+ writetaskstat input_repo_name github.com/bratislava/bratislava.sk
+ jq -nc --arg key input_repo_name --arg value github.com/bratislava/bratislava.sk '{ key: $key, value: $value }'
+ writetaskstat input_repo_ref master
+ jq -nc --arg key input_repo_ref --arg value master '{ key: $key, value: $value }'
+ writetaskstat input_repo_path ./next
+ jq -nc --arg key input_repo_path --arg value ./next '{ key: $key, value: $value }'
++ date -u +%Y-%m-%dT%H:%M:%SZ
+ writetaskstat timestamp_begin 2024-03-04T10:07:43Z
+ jq -nc --arg key timestamp_begin --arg value 2024-03-04T10:07:43Z '{ key: $key, value: $value }'
+ mkdir -p /tmp/twcr-f473ca3963bb
+ pushd /tmp/twcr-f473ca3963bb
+ '[' -d .git ']'
+ git clone --depth=1 -b master https://github.com/bratislava/bratislava.sk.git .
/tmp/twcr-f473ca3963bb /twcr
Cloning into '.'...
++ date -u +%Y-%m-%dT%H:%M:%SZ
+ writetaskstat timestamp_git_clone_complete 2024-03-04T10:07:46Z
+ jq -nc --arg key timestamp_git_clone_complete --arg value 2024-03-04T10:07:46Z '{ key: $key, value: $value }'
++ git rev-parse HEAD
+ writetaskstat exec_repo_commit_sha 4aa94c88bd35b6ee0aae8dca8c04ff686c6af687
+ jq -nc --arg key exec_repo_commit_sha --arg value 4aa94c88bd35b6ee0aae8dca8c04ff686c6af687 '{ key: $key, value: $value }'
+++ git show --no-patch --format=%ci
++ date -u --date '2024-03-01 14:25:46 +0100' +%Y-%m-%dT%H:%M:%SZ
+ writetaskstat exec_repo_commit_date 2024-03-01T13:25:46Z
+ jq -nc --arg key exec_repo_commit_date --arg value 2024-03-01T13:25:46Z '{ key: $key, value: $value }'
/tmp/twcr-f473ca3963bb/next /tmp/twcr-f473ca3963bb /twcr
+ '[' -z ./next ']'
+ pushd ./next
+ tailwind_config_file_name=
+ '[' -f tailwind.config.js ']'
+ tailwind_config_file_name=tailwind.config.js
+ writetaskstat exec_tailwind_config_file tailwind.config.js
+ jq -nc --arg key exec_tailwind_config_file --arg value tailwind.config.js '{ key: $key, value: $value }'
+ cp tailwind.config.js /twcr/mnt/results/extract-raw-tailwind-config.js
+ '[' '!' -f package.json ']'
+ cp package.json /twcr/mnt/results/extract-raw-package.json
++ /twcr/worker/../worker/pm-detect.sh /tmp/twcr-f473ca3963bb/next
+ package_manager_name=yarn
+ '[' -z yarn ']'
+ '[' -z yarn ']'
+ writetaskstat exec_node_package_manager yarn
+ jq -nc --arg key exec_node_package_manager --arg value yarn '{ key: $key, value: $value }'
+ attempt_mode=squash
+ true
++ date -u +%Y-%m-%dT%H:%M:%SZ
+ writetaskstat timestamp_attempt_squash_begin 2024-03-04T10:07:46Z
+ jq -nc --arg key timestamp_attempt_squash_begin --arg value 2024-03-04T10:07:46Z '{ key: $key, value: $value }'
+ [[ squash == \s\q\u\a\s\h ]]
+ set +e
+ node /twcr/worker/../worker/squash-package.mjs tailwind.config.js
+ exitcode=0
+ set -e
+ [[ 0 != \0 ]]
+ cat package.json
+ sed 's/^/>>> /'
>>> {
>>>   "name": "bratislava-next",
>>>   "version": "1.4.0",
>>>   "private": true,
>>>   "license": "EUPL-1.2",
>>>   "dependencies": {
>>>     "tailwind-scrollbar-hide": "^1.1.7",
>>>     "tailwindcss-animate": "^1.0.7",
>>>     "tailwindcss-react-aria-components": "1.0.0-rc.0"
>>>   },
>>>   "devDependencies": {
>>>     "tailwindcss": "3.3.5"
>>>   },
>>>   "engines": {
>>>     "node": ">=18.x.x",
>>>     "npm": ">=9.8.1",
>>>     "yarn": "1.22"
>>>   },
>>>   "volta": {
>>>     "node": "18.17.1",
>>>     "yarn": "1.22.18"
>>>   }
>>> }+ rm -f package-lock.json pnpm-lock.yaml yarn.lock
+ '[' ./next '!=' ./ ']'
+ rm -f /tmp/twcr-f473ca3963bb/package.json /tmp/twcr-f473ca3963bb/package-lock.json /tmp/twcr-f473ca3963bb/pnpm-lock.yaml /tmp/twcr-f473ca3963bb/yarn.lock
+ set +e
+ /twcr/worker/../worker/pm-install.sh yarn /tmp/twcr-f473ca3963bb /twcr/mnt/results
+ package_manager_name=yarn
+ procdir=/tmp/twcr-f473ca3963bb
+ datadir=/twcr/mnt/results
+ case "${package_manager_name}" in
+ '[' -z http://tid_5c564100e7b7:ok@172.18.0.2:3128 ']'
+ yarn config set httpProxy http://tid_5c564100e7b7:ok@172.18.0.2:3128
yarn config v1.22.19
success Set "httpProxy" to "http://tid_5c564100e7b7:ok@172.18.0.2:3128".
Done in 0.03s.
+ '[' -z http://tid_5c564100e7b7:ok@172.18.0.2:3128 ']'
+ yarn config set httpsProxy http://tid_5c564100e7b7:ok@172.18.0.2:3128
yarn config v1.22.19
success Set "httpsProxy" to "http://tid_5c564100e7b7:ok@172.18.0.2:3128".
Done in 0.03s.
+ yarn install
yarn install v1.22.19
info No lockfile found.
[1/5] Validating package.json...
[2/5] Resolving packages...
(node:132) [DEP0040] DeprecationWarning: The `punycode` module is deprecated. Please use a userland alternative instead.
(Use `node --trace-deprecation ...` to show where the warning was created)
[3/5] Fetching packages...
[4/5] Linking dependencies...
[5/5] Building fresh packages...
success Saved lockfile.
Done in 6.86s.
+ yarn list --depth=0 --json --non-interactive --no-progress
+ jq -cr '
        [.. | .name?]
        | map(select(.))
        | map(capture("^(?<name>@?[^@]+)@(?<version>.+)$"))
        | sort_by(.name)[]'
+ exitcode=0
+ set -e
+ [[ 0 != \0 ]]
++ jq -sr 'map(select(.name == "tailwindcss")) | first | .version'
+ tailwind_package_version=3.3.5
+ tailwind_config_exporter=tailwind.config.exporter2.cjs
+ '[' -f node_modules/tailwindcss/lib/lib/load-config.js ']'
+ tailwind_config_exporter=tailwind.config.exporter3.mjs
+ cp /twcr/worker/../worker/tailwind.config.exporter3.mjs ./
+ set +e
+ node ./tailwind.config.exporter3.mjs tailwind.config.js
+ exitcode=0
+ set -e
+ [[ 0 != \0 ]]
+ echo 'module.exports={plugins:['
+ jq -rs '
        map(select(.name | startswith("@tailwindcss/")))
        | map("require(" + ( .name | tojson ) + "),")[]
      '
+ grep -Ev '"@tailwindcss/postcss7-compat"'
+ true
+ echo ']}'
+ cat tailwind.config.js
+ sed 's/^/>>> /'
>>> module.exports={plugins:[
>>> ]}
+ node ./tailwind.config.exporter3.mjs tailwind.config.js
++ date -u +%Y-%m-%dT%H:%M:%SZ
+ writetaskstat timestamp_attempt_squash_end 2024-03-04T10:07:54Z
+ jq -nc --arg key timestamp_attempt_squash_end --arg value 2024-03-04T10:07:54Z '{ key: $key, value: $value }'
+ break
++ date -u +%Y-%m-%dT%H:%M:%SZ
+ writetaskstat timestamp_end 2024-03-04T10:07:54Z
+ jq -nc --arg key timestamp_end --arg value 2024-03-04T10:07:54Z '{ key: $key, value: $value }'
+ rm /twcr/mnt/results/extract-failed
+ touch /twcr/mnt/results/extract-completed
