==== RUN-DOCKER
+++ dirname -- ./worker/run.sh
++ cd -- ./worker
++ pwd
+ twcrdir=/twcr/worker/..
+ repo=github.com/Akryum/floating-vue
+ reporef=main
+ repopath=./docs
++ echo github.com/Akryum/floating-vue
++ sha256sum
++ cut -c1-12
++ awk '{ print $1 }'
+ procdir=/tmp/twcr-fffc15bb7363
++ echo 'github.com/Akryum/floating-vue;main;./docs'
++ sha256sum
++ awk '{ print $1 }'
++ cut -c1-12
+ datadir=/twcr/worker/../mnt/dataset/data/43a9a1a93b0e
+ '[' '!' -z /twcr/mnt/results ']'
+ datadir=/twcr/mnt/results
+ touch /twcr/mnt/results/extract-failed
++ base64
++ tr -d =
++ tr /+ _-
++ base64
++ tr -d =
++ tr /+ _-
+ writetaskstat analysis_key github.com/Akryum/floating-vue/bWFpbgo/Li9kb2NzCg
+ jq -nc --arg key analysis_key --arg value github.com/Akryum/floating-vue/bWFpbgo/Li9kb2NzCg '{ key: $key, value: $value }'
++ date -u +%Y%m%d%H%M%S
++ sha256sum
++ awk '{ print $1 }'
++ cut -c1-16
++ head -c 32 /dev/urandom
+ writetaskstat analysis_nonce a8c1a292052e3237
+ jq -nc --arg key analysis_nonce --arg value a8c1a292052e3237 '{ key: $key, value: $value }'
+ writetaskstat input_repo_name github.com/Akryum/floating-vue
+ jq -nc --arg key input_repo_name --arg value github.com/Akryum/floating-vue '{ key: $key, value: $value }'
+ writetaskstat input_repo_ref main
+ jq -nc --arg key input_repo_ref --arg value main '{ key: $key, value: $value }'
+ writetaskstat input_repo_path ./docs
+ jq -nc --arg key input_repo_path --arg value ./docs '{ key: $key, value: $value }'
++ date -u +%Y-%m-%dT%H:%M:%SZ
+ writetaskstat timestamp_begin 2024-03-02T22:56:38Z
+ jq -nc --arg key timestamp_begin --arg value 2024-03-02T22:56:38Z '{ key: $key, value: $value }'
+ mkdir -p /tmp/twcr-fffc15bb7363
/tmp/twcr-fffc15bb7363 /twcr
+ pushd /tmp/twcr-fffc15bb7363
+ '[' -d .git ']'
+ git clone --depth=1 -b main https://github.com/Akryum/floating-vue.git .
Cloning into '.'...
++ date -u +%Y-%m-%dT%H:%M:%SZ
+ writetaskstat timestamp_git_clone_complete 2024-03-02T22:56:39Z
+ jq -nc --arg key timestamp_git_clone_complete --arg value 2024-03-02T22:56:39Z '{ key: $key, value: $value }'
++ git rev-parse HEAD
+ writetaskstat exec_repo_commit_sha e3ffe0017169ad51ae94597ec60354257b3b7eda
+ jq -nc --arg key exec_repo_commit_sha --arg value e3ffe0017169ad51ae94597ec60354257b3b7eda '{ key: $key, value: $value }'
+++ git show --no-patch --format=%ci
++ date -u --date '2024-01-30 14:58:48 +0100' +%Y-%m-%dT%H:%M:%SZ
+ writetaskstat exec_repo_commit_date 2024-01-30T13:58:48Z
+ jq -nc --arg key exec_repo_commit_date --arg value 2024-01-30T13:58:48Z '{ key: $key, value: $value }'
/tmp/twcr-fffc15bb7363/docs /tmp/twcr-fffc15bb7363 /twcr
+ '[' -z ./docs ']'
+ pushd ./docs
+ tailwind_config_file_name=
+ '[' -f tailwind.config.js ']'
+ tailwind_config_file_name=tailwind.config.js
+ writetaskstat exec_tailwind_config_file tailwind.config.js
+ jq -nc --arg key exec_tailwind_config_file --arg value tailwind.config.js '{ key: $key, value: $value }'
+ cp tailwind.config.js /twcr/mnt/results/extract-raw-tailwind-config.js
+ '[' '!' -f package.json ']'
+ cp package.json /twcr/mnt/results/extract-raw-package.json
+ package_manager_name=npm
+ grep -q '"packageManager":[^"]+"pnpm@"' package.json
+ '[' -f pnpm-lock.yaml ']'
+ '[' -f pnpm-workspace.yaml ']'
+ '[' -f /tmp/twcr-fffc15bb7363/pnpm-workspace.yaml ']'
+ package_manager_name=pnpm
+ writetaskstat exec_node_package_manager pnpm
+ jq -nc --arg key exec_node_package_manager --arg value pnpm '{ key: $key, value: $value }'
+ attempt_mode=squash
+ true
++ date -u +%Y-%m-%dT%H:%M:%SZ
+ writetaskstat timestamp_attempt_squash_begin 2024-03-02T22:56:39Z
+ jq -nc --arg key timestamp_attempt_squash_begin --arg value 2024-03-02T22:56:39Z '{ key: $key, value: $value }'
+ [[ squash == \s\q\u\a\s\h ]]
+ set +e
+ node /twcr/worker/../worker/squash-package.mjs tailwind.config.js
+ exitcode=0
+ set -e
+ [[ 0 != \0 ]]
+ cat package.json
+ sed 's/^/>>> /'
+ set +e
>>> {
>>>   "name": "docs",
>>>   "version": "2.0.0-beta.20",
>>>   "description": "floating-vue docs",
>>>   "private": true,
>>>   "main": "index.js",
>>>   "type": "module",
>>>   "authors": {
>>>     "name": "Guillaume Chau",
>>>     "email": "guillaume.b.chau@gmail.com"
>>>   },
>>>   "repository": {
>>>     "url": "https://github.com/Akryum/floating-vue",
>>>     "type": "git",
>>>     "directory": "docs"
>>>   },
>>>   "license": "MIT",
>>>   "dependencies": {},
>>>   "devDependencies": {
>>>     "tailwindcss": "^3.3.2"
>>>   }
>>> }+ /twcr/worker/../worker/pm-install.sh pnpm /tmp/twcr-fffc15bb7363 /twcr/mnt/results
+ package_manager_name=pnpm
+ procdir=/tmp/twcr-fffc15bb7363
+ datadir=/twcr/mnt/results
+ case "${package_manager_name}" in
+ '[' '!' -f /tmp/twcr-fffc15bb7363/package.json ']'
++ pnpm -v
+ sed -Ei 's/("pnpm": ")(.+)(")/\18.15.4\3/' /tmp/twcr-fffc15bb7363/package.json
+ '[' '!' -f package.json ']'
++ pnpm -v
+ sed -Ei 's/("pnpm": ")(.+)(")/\18.15.4\3/' package.json
+ pnpm install
Scope: all 4 workspace projects
..                                       | Progress: resolved 0, reused 0, downloaded 1, added 0
../demo                                  |  WARN  deprecated babel-eslint@10.1.0
../demo                                  |  WARN  deprecated eslint-plugin-standard@5.0.0
..                                       | Progress: resolved 17, reused 0, downloaded 17, added 0
..                                       | Progress: resolved 40, reused 0, downloaded 40, added 0
..                                       | Progress: resolved 73, reused 0, downloaded 72, added 0
..                                       | Progress: resolved 126, reused 0, downloaded 125, added 0
..                                       | Progress: resolved 187, reused 0, downloaded 186, added 0
..                                       | Progress: resolved 244, reused 0, downloaded 243, added 0
..                                       | Progress: resolved 309, reused 0, downloaded 308, added 0
..                                       | Progress: resolved 375, reused 0, downloaded 371, added 0
..                                       | Progress: resolved 439, reused 0, downloaded 384, added 0
..                                       | Progress: resolved 497, reused 0, downloaded 441, added 0
..                                       | Progress: resolved 560, reused 0, downloaded 505, added 0
..                                       | Progress: resolved 614, reused 0, downloaded 559, added 0
..                                       | Progress: resolved 674, reused 0, downloaded 619, added 0
..                                       | Progress: resolved 731, reused 0, downloaded 676, added 0
..                                       | Progress: resolved 798, reused 0, downloaded 743, added 0
..                                       | Progress: resolved 882, reused 0, downloaded 784, added 0
..                                       | Progress: resolved 918, reused 0, downloaded 822, added 0
 WARN  1 deprecated subdependencies found: @sinonjs/fake-timers@10.2.0
..                                       | +833 ++++++++++++++++++++++++++++++++
..                                       | Progress: resolved 918, reused 0, downloaded 822, added 833, done
.../core-js@3.35.0/node_modules/core-js postinstall$ node -e "try{require('./postinstall')}catch(e){}"
.../core-js@3.35.0/node_modules/core-js postinstall: Thank you for using core-js ( https://github.com/zloirock/core-js ) for polyfilling JavaScript standard library!
.../core-js@3.35.0/node_modules/core-js postinstall: The project needs your help! Please consider supporting core-js:
.../core-js@3.35.0/node_modules/core-js postinstall: > https://opencollective.com/core-js 
.../core-js@3.35.0/node_modules/core-js postinstall: > https://patreon.com/zloirock 
.../core-js@3.35.0/node_modules/core-js postinstall: > https://boosty.to/zloirock 
.../core-js@3.35.0/node_modules/core-js postinstall: > bitcoin: bc1qlea7544qtsmj2rayg0lthvza9fau63ux0fstcz 
.../core-js@3.35.0/node_modules/core-js postinstall: I highly recommend reading this: https://github.com/zloirock/core-js/blob/master/docs/2023-02-14-so-whats-next.md 
.../core-js@3.35.0/node_modules/core-js postinstall: Done
.../esbuild@0.14.54/node_modules/esbuild postinstall$ node install.js
.../esbuild@0.19.11/node_modules/esbuild postinstall$ node install.js
.../esbuild@0.17.19/node_modules/esbuild postinstall$ node install.js
.../esbuild@0.15.18/node_modules/esbuild postinstall$ node install.js
.../esbuild@0.14.54/node_modules/esbuild postinstall: Done
.../esbuild@0.19.11/node_modules/esbuild postinstall: Done
.../esbuild@0.17.19/node_modules/esbuild postinstall: Done
.../esbuild@0.15.18/node_modules/esbuild postinstall: Done

devDependencies:
+ tailwindcss 3.3.2

 WARN  Issues with peer dependencies found
packages/floating-vue
└─┬ @vue/test-utils 1.3.6
  └── ✕ unmet peer vue@2.x: found 3.3.4

Done in 23.1s
+ pnpm ls --json
+ jq -cr '
        .[]
        | [.dependencies, .devDependencies, .optionalDependencies]
        | map(select(.))[]
        | to_entries
        | map({ name: .key, version: .value.version })
        | sort_by(.name)[]
      '
+ exitcode=0
+ set -e
+ [[ 0 != \0 ]]
++ jq -sr 'map(select(.name == "tailwindcss")) | first | .version'
+ tailwind_package_version=3.3.2
+ tailwind_config_exporter=tailwind.config.exporter3.mjs
+ true
+ cp /twcr/worker/../worker/tailwind.config.exporter3.mjs ./
+ set +e
+ node ./tailwind.config.exporter3.mjs tailwind.config.js
+ exitcode=0
+ set -e
+ [[ 0 != \0 ]]
+ break
+ echo 'module.exports={plugins:['
+ jq -rs '
        map(select(.name | startswith("@tailwindcss/")))
        | map("require(" + ( .name | tojson ) + "),")[]
      '
+ echo ']}'
+ cat tailwind.config.js
+ sed 's/^/>>> /'
>>> module.exports={plugins:[
>>> ]}
+ node ./tailwind.config.exporter3.mjs tailwind.config.js
++ date -u +%Y-%m-%dT%H:%M:%SZ
+ writetaskstat timestamp_attempt_squash_end 2024-03-02T22:57:04Z
+ jq -nc --arg key timestamp_attempt_squash_end --arg value 2024-03-02T22:57:04Z '{ key: $key, value: $value }'
+ break
++ date -u +%Y-%m-%dT%H:%M:%SZ
+ writetaskstat timestamp_end 2024-03-02T22:57:04Z
+ jq -nc --arg key timestamp_end --arg value 2024-03-02T22:57:04Z '{ key: $key, value: $value }'
+ rm /twcr/mnt/results/extract-failed
+ touch /twcr/mnt/results/extract-completed
