==== RUN-DOCKER
+++ dirname -- ./worker/run.sh
++ cd -- ./worker
++ pwd
+ twcrdir=/twcr/worker/..
+ repo=github.com/radix-vue/radix-vue
+ reporef=main
+ repopath=./playground/vue3
+ '[' true == true ']'
+ grep -q '^././'
++ echo github.com/radix-vue/radix-vue
++ sha256sum
++ awk '{ print $1 }'
++ cut -c1-12
+ procdir=/tmp/twcr-a6d112701c96
++ echo 'github.com/radix-vue/radix-vue;main;./playground/vue3'
++ sha256sum
++ awk '{ print $1 }'
++ cut -c1-12
+ datadir=/twcr/worker/../mnt/dataset/data/1a1b541ee3cb
+ '[' '!' -z /twcr/mnt/results ']'
+ datadir=/twcr/mnt/results
+ touch /twcr/mnt/results/extract-failed
++ base64
++ tr -d =
++ tr /+ _-
++ base64
++ tr -d =
++ tr /+ _-
+ writetaskstat analysis_key github.com/radix-vue/radix-vue/bWFpbgo/Li9wbGF5Z3JvdW5kL3Z1ZTMK
+ jq -nc --arg key analysis_key --arg value github.com/radix-vue/radix-vue/bWFpbgo/Li9wbGF5Z3JvdW5kL3Z1ZTMK '{ key: $key, value: $value }'
++ date -u +%Y%m%d%H%M%S
++ sha256sum
++ awk '{ print $1 }'
++ cut -c1-16
++ head -c 32 /dev/urandom
+ writetaskstat analysis_nonce 95aea123c0732cdd
+ jq -nc --arg key analysis_nonce --arg value 95aea123c0732cdd '{ key: $key, value: $value }'
+ writetaskstat input_repo_name github.com/radix-vue/radix-vue
+ jq -nc --arg key input_repo_name --arg value github.com/radix-vue/radix-vue '{ key: $key, value: $value }'
+ writetaskstat input_repo_ref main
+ jq -nc --arg key input_repo_ref --arg value main '{ key: $key, value: $value }'
+ writetaskstat input_repo_path ./playground/vue3
+ jq -nc --arg key input_repo_path --arg value ./playground/vue3 '{ key: $key, value: $value }'
++ date -u +%Y-%m-%dT%H:%M:%SZ
+ writetaskstat timestamp_begin 2024-03-04T22:26:23Z
+ jq -nc --arg key timestamp_begin --arg value 2024-03-04T22:26:23Z '{ key: $key, value: $value }'
+ mkdir -p /tmp/twcr-a6d112701c96
+ pushd /tmp/twcr-a6d112701c96
+ '[' -d .git ']'
+ git clone --depth=1 -b main https://github.com/radix-vue/radix-vue.git .
/tmp/twcr-a6d112701c96 /twcr
Cloning into '.'...
++ date -u +%Y-%m-%dT%H:%M:%SZ
+ writetaskstat timestamp_git_clone_complete 2024-03-04T22:26:24Z
+ jq -nc --arg key timestamp_git_clone_complete --arg value 2024-03-04T22:26:24Z '{ key: $key, value: $value }'
++ git rev-parse HEAD
+ writetaskstat exec_repo_commit_sha ccff2e79c7d1d59461a053eaa63a378e06eb3b66
+ jq -nc --arg key exec_repo_commit_sha --arg value ccff2e79c7d1d59461a053eaa63a378e06eb3b66 '{ key: $key, value: $value }'
+++ git show --no-patch --format=%ci
++ date -u --date '2024-03-04 21:09:53 +0800' +%Y-%m-%dT%H:%M:%SZ
+ writetaskstat exec_repo_commit_date 2024-03-04T13:09:53Z
+ jq -nc --arg key exec_repo_commit_date --arg value 2024-03-04T13:09:53Z '{ key: $key, value: $value }'
/tmp/twcr-a6d112701c96/playground/vue3 /tmp/twcr-a6d112701c96 /twcr
+ '[' -z ./playground/vue3 ']'
+ pushd ./playground/vue3
+ tailwind_config_file_name=
+ '[' -f tailwind.config.js ']'
+ tailwind_config_file_name=tailwind.config.js
+ writetaskstat exec_tailwind_config_file tailwind.config.js
+ jq -nc --arg key exec_tailwind_config_file --arg value tailwind.config.js '{ key: $key, value: $value }'
+ cp tailwind.config.js /twcr/mnt/results/extract-raw-tailwind-config.js
+ '[' '!' -f package.json ']'
+ cp package.json /twcr/mnt/results/extract-raw-package.json
++ /twcr/worker/../worker/pm-detect.sh /tmp/twcr-a6d112701c96/playground/vue3
+ package_manager_name=pnpm
+ '[' -z pnpm ']'
+ '[' -z pnpm ']'
+ writetaskstat exec_node_package_manager pnpm
+ jq -nc --arg key exec_node_package_manager --arg value pnpm '{ key: $key, value: $value }'
+ attempt_mode=squash
+ true
++ date -u +%Y-%m-%dT%H:%M:%SZ
+ writetaskstat timestamp_attempt_squash_begin 2024-03-04T22:26:24Z
+ jq -nc --arg key timestamp_attempt_squash_begin --arg value 2024-03-04T22:26:24Z '{ key: $key, value: $value }'
+ [[ squash == \s\q\u\a\s\h ]]
+ set +e
+ node /twcr/worker/../worker/squash-package.mjs tailwind.config.js
+ exitcode=0
+ set -e
+ [[ 0 != \0 ]]
+ cat package.json
+ sed 's/^/>>> /'
>>> {
>>>   "name": "playground-vue",
>>>   "type": "module",
>>>   "version": "0.0.0",
>>>   "private": true,
>>>   "dependencies": {},
>>>   "devDependencies": {
>>>     "@radix-ui/colors": "^1.0.1",
>>>     "tailwindcss": "^3.3.3"
>>>   }
>>> }+ rm -f package-lock.json pnpm-lock.yaml yarn.lock
+ '[' ./playground/vue3 '!=' ./ ']'
+ rm -f /tmp/twcr-a6d112701c96/package.json /tmp/twcr-a6d112701c96/package-lock.json /tmp/twcr-a6d112701c96/pnpm-lock.yaml /tmp/twcr-a6d112701c96/yarn.lock
+ set +e
+ /twcr/worker/../worker/pm-install.sh pnpm /tmp/twcr-a6d112701c96 /twcr/mnt/results
+ package_manager_name=pnpm
+ procdir=/tmp/twcr-a6d112701c96
+ datadir=/twcr/mnt/results
+ case "${package_manager_name}" in
+ '[' '!' -f /tmp/twcr-a6d112701c96/package.json ']'
+ '[' '!' -f package.json ']'
++ pnpm -v
+ sed -Ei 's/("pnpm": ")(.+)(")/\18.15.4\3/' package.json
+ pnpm install
Scope: all 4 workspace projects
../..                                    | Progress: resolved 1, reused 0, downloaded 0, added 0
../..                                    | Progress: resolved 29, reused 1, downloaded 21, added 0
../../docs                               |  WARN  deprecated ohmyfetch@0.4.21
../..                                    | Progress: resolved 58, reused 1, downloaded 51, added 0
../..                                    | Progress: resolved 95, reused 1, downloaded 80, added 0
../..                                    | Progress: resolved 138, reused 1, downloaded 126, added 0
../..                                    | Progress: resolved 181, reused 1, downloaded 164, added 0
../..                                    | Progress: resolved 225, reused 1, downloaded 200, added 0
../..                                    | Progress: resolved 259, reused 1, downloaded 237, added 0
../..                                    | Progress: resolved 302, reused 1, downloaded 274, added 0
../..                                    | Progress: resolved 340, reused 1, downloaded 306, added 0
../..                                    | Progress: resolved 383, reused 1, downloaded 328, added 0
../..                                    | Progress: resolved 416, reused 1, downloaded 362, added 0
../..                                    | Progress: resolved 434, reused 1, downloaded 371, added 0
../..                                    | Progress: resolved 455, reused 1, downloaded 398, added 0
../..                                    | Progress: resolved 498, reused 1, downloaded 444, added 0
../..                                    | Progress: resolved 540, reused 1, downloaded 479, added 0
../..                                    | Progress: resolved 594, reused 1, downloaded 510, added 0
../..                                    | Progress: resolved 627, reused 1, downloaded 540, added 0
../..                                    | Progress: resolved 653, reused 1, downloaded 566, added 0
../..                                    | Progress: resolved 688, reused 1, downloaded 601, added 0
../..                                    | Progress: resolved 732, reused 1, downloaded 636, added 0
../..                                    | Progress: resolved 763, reused 1, downloaded 670, added 0
../..                                    | Progress: resolved 784, reused 1, downloaded 691, added 0
../..                                    | Progress: resolved 822, reused 1, downloaded 712, added 0
../..                                    | Progress: resolved 862, reused 1, downloaded 748, added 0
../..                                    | Progress: resolved 902, reused 1, downloaded 787, added 0
../..                                    | Progress: resolved 941, reused 1, downloaded 823, added 0
../..                                    | Progress: resolved 978, reused 1, downloaded 857, added 0
../..                                    | Progress: resolved 1019, reused 1, downloaded 899, added 0
../..                                    | Progress: resolved 1043, reused 1, downloaded 922, added 0
../..                                    | Progress: resolved 1086, reused 1, downloaded 958, added 0
../..                                    | Progress: resolved 1099, reused 1, downloaded 1000, added 0
 WARN  7 deprecated subdependencies found: abab@2.0.6, axios@0.18.1, domexception@4.0.0, node-fetch-npm@2.0.4, shiki-es@0.2.0, shortid@2.2.16, socks@1.1.10
../..                                    |    +1045 ++++++++++++++++++++++++++++
../..                                    | Progress: resolved 1100, reused 1, downloaded 1032, added 1024
../..                                    | Progress: resolved 1100, reused 1, downloaded 1044, added 1045, done
.../node_modules/vue-demi postinstall$ node -e "try{require('./scripts/postinstall.js')}catch(e){}"
.../node_modules/vue-demi postinstall: Done
.../esbuild@0.18.20/node_modules/esbuild postinstall$ node install.js
.../esbuild@0.19.12/node_modules/esbuild postinstall$ node install.js
.../esbuild@0.18.20/node_modules/esbuild postinstall: Done
.../esbuild@0.19.12/node_modules/esbuild postinstall: Done
Done in 36.5s
+ pnpm ls --json
+ jq -cr '
        .[]
        | [.dependencies, .devDependencies, .optionalDependencies]
        | map(select(.))[]
        | to_entries
        | map({ name: .key, version: .value.version })
        | sort_by(.name)[]
      '
+ exitcode=0
+ set -e
+ [[ 0 != \0 ]]
++ jq -sr 'map(select(.name == "tailwindcss")) | first | .version'
+ tailwind_package_version=null
+ tailwind_config_exporter=tailwind.config.exporter2.cjs
+ '[' -f node_modules/tailwindcss/lib/lib/load-config.js ']'
+ cp /twcr/worker/../worker/tailwind.config.exporter2.cjs ./
+ set +e
+ node ./tailwind.config.exporter2.cjs tailwind.config.js
node:internal/modules/cjs/loader:1152
  throw err;
  ^

Error: Cannot find module 'tailwindcss/resolveConfig.js'
Require stack:
- /tmp/twcr-a6d112701c96/playground/vue3/tailwind.config.exporter2.cjs
    at Module._resolveFilename (node:internal/modules/cjs/loader:1149:15)
    at Module._load (node:internal/modules/cjs/loader:990:27)
    at Module.require (node:internal/modules/cjs/loader:1237:19)
    at require (node:internal/modules/helpers:176:18)
    at Object.<anonymous> (/tmp/twcr-a6d112701c96/playground/vue3/tailwind.config.exporter2.cjs:1:23)
    at Module._compile (node:internal/modules/cjs/loader:1378:14)
    at Module._extensions..js (node:internal/modules/cjs/loader:1437:10)
    at Module.load (node:internal/modules/cjs/loader:1212:32)
    at Module._load (node:internal/modules/cjs/loader:1028:12)
    at Function.executeUserEntryPoint [as runMain] (node:internal/modules/run_main:142:12) {
  code: 'MODULE_NOT_FOUND',
  requireStack: [
    '/tmp/twcr-a6d112701c96/playground/vue3/tailwind.config.exporter2.cjs'
  ]
}

Node.js v21.6.2
+ exitcode=1
+ set -e
+ [[ 1 != \0 ]]
+ [[ squash == \s\q\u\a\s\h ]]
+ echo '[worker] WARN: exporter failed; retrying with full install'
[worker] WARN: exporter failed; retrying with full install
+ attempt_mode=full
+ continue
+ true
++ date -u +%Y-%m-%dT%H:%M:%SZ
+ writetaskstat timestamp_attempt_full_begin 2024-03-04T22:27:02Z
+ jq -nc --arg key timestamp_attempt_full_begin --arg value 2024-03-04T22:27:02Z '{ key: $key, value: $value }'
+ [[ full == \s\q\u\a\s\h ]]
+ git clean -fdx
Removing tailwind.config.exporter2.cjs
+ git reset --hard
HEAD is now at ccff2e7 refactor: accordion, toggle `useSingleOrMultiple` (#693)
+ set +e
+ /twcr/worker/../worker/pm-install.sh pnpm /tmp/twcr-a6d112701c96 /twcr/mnt/results
+ package_manager_name=pnpm
+ procdir=/tmp/twcr-a6d112701c96
+ datadir=/twcr/mnt/results
+ case "${package_manager_name}" in
+ '[' '!' -f /tmp/twcr-a6d112701c96/package.json ']'
++ pnpm -v
+ sed -Ei 's/("pnpm": ")(.+)(")/\18.15.4\3/' /tmp/twcr-a6d112701c96/package.json
+ '[' '!' -f package.json ']'
++ pnpm -v
+ sed -Ei 's/("pnpm": ")(.+)(")/\18.15.4\3/' package.json
+ pnpm install
Scope: all 5 workspace projects
../..                                    | Progress: resolved 1, reused 0, downloaded 0, added 0
../../docs                               |  WARN  deprecated ohmyfetch@0.4.21
../..                                    | Progress: resolved 217, reused 199, downloaded 17, added 0
../..                                    | Progress: resolved 814, reused 765, downloaded 48, added 0
../..                                    | Progress: resolved 962, reused 859, downloaded 103, added 0
../..                                    | Progress: resolved 1043, reused 881, downloaded 162, added 0
../..                                    | Progress: resolved 1136, reused 887, downloaded 205, added 0
../..                                    | Progress: resolved 1175, reused 899, downloaded 221, added 0
../..                                    | Progress: resolved 1287, reused 972, downloaded 260, added 0
 WARN  7 deprecated subdependencies found: abab@2.0.6, axios@0.18.1, domexception@4.0.0, node-fetch-npm@2.0.4, shiki-es@0.2.0, shortid@2.2.16, socks@1.1.10
../..                                    | Progress: resolved 1309, reused 984, downloaded 270, added 0
../..                                    | +305  -91 ++++++++++++++++++++-------
../..                                    | Progress: resolved 1309, reused 984, downloaded 270, added 305, done
.../node_modules/simple-git-hooks postinstall$ node ./postinstall.js
.../node_modules/vue-demi postinstall$ node -e "try{require('./scripts/postinstall.js')}catch(e){}"
.../node_modules/simple-git-hooks postinstall: [INFO] Successfully set the pre-commit with command: pnpm lint-staged
.../node_modules/simple-git-hooks postinstall: [INFO] Successfully set the commit-msg with command: pnpm commitlint --edit ${1}
.../node_modules/simple-git-hooks postinstall: Done
.../node_modules/vue-demi postinstall: Done
../.. prepare$ pnpm simple-git-hooks
../.. prepare: [INFO] Successfully set the pre-commit with command: pnpm lint-staged
../.. prepare: [INFO] Successfully set the commit-msg with command: pnpm commitlint --edit ${1}
../.. prepare: [INFO] Successfully set all git hooks
../.. prepare: Done
Done in 13s
+ pnpm ls --json
+ jq -cr '
        .[]
        | [.dependencies, .devDependencies, .optionalDependencies]
        | map(select(.))[]
        | to_entries
        | map({ name: .key, version: .value.version })
        | sort_by(.name)[]
      '
+ exitcode=0
+ set -e
+ [[ 0 != \0 ]]
++ jq -sr 'map(select(.name == "tailwindcss")) | first | .version'
+ tailwind_package_version=null
+ tailwind_config_exporter=tailwind.config.exporter2.cjs
+ '[' -f node_modules/tailwindcss/lib/lib/load-config.js ']'
+ cp /twcr/worker/../worker/tailwind.config.exporter2.cjs ./
+ set +e
+ node ./tailwind.config.exporter2.cjs tailwind.config.js
node:internal/modules/cjs/loader:1152
  throw err;
  ^

Error: Cannot find module 'tailwindcss/resolveConfig.js'
Require stack:
- /tmp/twcr-a6d112701c96/playground/vue3/tailwind.config.exporter2.cjs
    at Module._resolveFilename (node:internal/modules/cjs/loader:1149:15)
    at Module._load (node:internal/modules/cjs/loader:990:27)
    at Module.require (node:internal/modules/cjs/loader:1237:19)
    at require (node:internal/modules/helpers:176:18)
    at Object.<anonymous> (/tmp/twcr-a6d112701c96/playground/vue3/tailwind.config.exporter2.cjs:1:23)
    at Module._compile (node:internal/modules/cjs/loader:1378:14)
    at Module._extensions..js (node:internal/modules/cjs/loader:1437:10)
    at Module.load (node:internal/modules/cjs/loader:1212:32)
    at Module._load (node:internal/modules/cjs/loader:1028:12)
    at Function.executeUserEntryPoint [as runMain] (node:internal/modules/run_main:142:12) {
  code: 'MODULE_NOT_FOUND',
  requireStack: [
    '/tmp/twcr-a6d112701c96/playground/vue3/tailwind.config.exporter2.cjs'
  ]
}

Node.js v21.6.2
+ exitcode=1
+ set -e
+ [[ 1 != \0 ]]
+ [[ full == \s\q\u\a\s\h ]]
+ exit 1
