==== RUN-DOCKER
+++ dirname -- ./worker/run.sh
++ cd -- ./worker
++ pwd
+ twcrdir=/twcr/worker/..
+ repo=github.com/Front-End-Coders-Mauritius/frontendmu-astro
+ reporef=main
+ repopath=./
+ '[' true == true ']'
+ grep -q '^././'
++ echo github.com/Front-End-Coders-Mauritius/frontendmu-astro
++ sha256sum
++ awk '{ print $1 }'
++ cut -c1-12
+ procdir=/tmp/twcr-bbb434c97e2e
++ echo 'github.com/Front-End-Coders-Mauritius/frontendmu-astro;main;./'
++ sha256sum
++ awk '{ print $1 }'
++ cut -c1-12
+ datadir=/twcr/worker/../mnt/dataset/data/cb67adc26940
+ '[' '!' -z /twcr/mnt/results ']'
+ datadir=/twcr/mnt/results
+ touch /twcr/mnt/results/extract-failed
++ base64
++ tr -d =
++ tr /+ _-
++ base64
++ tr -d =
++ tr /+ _-
+ writetaskstat analysis_key github.com/Front-End-Coders-Mauritius/frontendmu-astro/bWFpbgo/Li8K
+ jq -nc --arg key analysis_key --arg value github.com/Front-End-Coders-Mauritius/frontendmu-astro/bWFpbgo/Li8K '{ key: $key, value: $value }'
++ date -u +%Y%m%d%H%M%S
++ sha256sum
++ awk '{ print $1 }'
++ cut -c1-16
++ head -c 32 /dev/urandom
+ writetaskstat analysis_nonce b55ea0acd5fe2c91
+ jq -nc --arg key analysis_nonce --arg value b55ea0acd5fe2c91 '{ key: $key, value: $value }'
+ writetaskstat input_repo_name github.com/Front-End-Coders-Mauritius/frontendmu-astro
+ jq -nc --arg key input_repo_name --arg value github.com/Front-End-Coders-Mauritius/frontendmu-astro '{ key: $key, value: $value }'
+ writetaskstat input_repo_ref main
+ jq -nc --arg key input_repo_ref --arg value main '{ key: $key, value: $value }'
+ writetaskstat input_repo_path ./
+ jq -nc --arg key input_repo_path --arg value ./ '{ key: $key, value: $value }'
++ date -u +%Y-%m-%dT%H:%M:%SZ
+ writetaskstat timestamp_begin 2024-03-05T08:48:17Z
+ jq -nc --arg key timestamp_begin --arg value 2024-03-05T08:48:17Z '{ key: $key, value: $value }'
+ mkdir -p /tmp/twcr-bbb434c97e2e
+ pushd /tmp/twcr-bbb434c97e2e
+ '[' -d .git ']'
+ git clone --depth=1 -b main https://github.com/Front-End-Coders-Mauritius/frontendmu-astro.git .
/tmp/twcr-bbb434c97e2e /twcr
Cloning into '.'...
++ date -u +%Y-%m-%dT%H:%M:%SZ
+ writetaskstat timestamp_git_clone_complete 2024-03-05T08:48:19Z
+ jq -nc --arg key timestamp_git_clone_complete --arg value 2024-03-05T08:48:19Z '{ key: $key, value: $value }'
++ git rev-parse HEAD
+ writetaskstat exec_repo_commit_sha bb6aff3d239344d6fc2c97ac7834a261b3423deb
+ jq -nc --arg key exec_repo_commit_sha --arg value bb6aff3d239344d6fc2c97ac7834a261b3423deb '{ key: $key, value: $value }'
+++ git show --no-patch --format=%ci
++ date -u --date '2024-03-01 18:47:35 +0000' +%Y-%m-%dT%H:%M:%SZ
+ writetaskstat exec_repo_commit_date 2024-03-01T18:47:35Z
+ jq -nc --arg key exec_repo_commit_date --arg value 2024-03-01T18:47:35Z '{ key: $key, value: $value }'
/tmp/twcr-bbb434c97e2e /tmp/twcr-bbb434c97e2e /twcr
+ '[' -z ./ ']'
+ pushd ./
+ tailwind_config_file_name=
+ '[' -f tailwind.config.js ']'
+ tailwind_config_file_name=tailwind.config.js
+ writetaskstat exec_tailwind_config_file tailwind.config.js
+ jq -nc --arg key exec_tailwind_config_file --arg value tailwind.config.js '{ key: $key, value: $value }'
+ cp tailwind.config.js /twcr/mnt/results/extract-raw-tailwind-config.js
+ '[' '!' -f package.json ']'
+ cp package.json /twcr/mnt/results/extract-raw-package.json
++ /twcr/worker/../worker/pm-detect.sh /tmp/twcr-bbb434c97e2e
+ package_manager_name=pnpm
+ '[' -z pnpm ']'
+ '[' -z pnpm ']'
+ writetaskstat exec_node_package_manager pnpm
+ jq -nc --arg key exec_node_package_manager --arg value pnpm '{ key: $key, value: $value }'
+ attempt_mode=squash
+ true
++ date -u +%Y-%m-%dT%H:%M:%SZ
+ writetaskstat timestamp_attempt_squash_begin 2024-03-05T08:48:19Z
+ jq -nc --arg key timestamp_attempt_squash_begin --arg value 2024-03-05T08:48:19Z '{ key: $key, value: $value }'
+ [[ squash == \s\q\u\a\s\h ]]
+ set +e
+ node /twcr/worker/../worker/squash-package.mjs tailwind.config.js
+ exitcode=0
+ set -e
+ [[ 0 != \0 ]]
+ cat package.json
+ sed 's/^/>>> /'
>>> {
>>>   "name": "frontend.mu",
>>>   "version": "0.0.3",
>>>   "type": "module",
>>>   "dependencies": {},
>>>   "devDependencies": {
>>>     "@tailwindcss/aspect-ratio": "^0.4.2",
>>>     "@tailwindcss/typography": "^0.5.10",
>>>     "daisyui": "^4.4.19",
>>>     "tailwindcss": "^3.3.6"
>>>   }
>>> }+ rm -f package-lock.json pnpm-lock.yaml yarn.lock
+ '[' ./ '!=' ./ ']'
+ set +e
+ /twcr/worker/../worker/pm-install.sh pnpm /tmp/twcr-bbb434c97e2e /twcr/mnt/results
+ package_manager_name=pnpm
+ procdir=/tmp/twcr-bbb434c97e2e
+ datadir=/twcr/mnt/results
+ case "${package_manager_name}" in
+ '[' '!' -f /tmp/twcr-bbb434c97e2e/package.json ']'
++ pnpm -v
+ sed -Ei 's/("pnpm": ")(.+)(")/\18.15.4\3/' /tmp/twcr-bbb434c97e2e/package.json
+ '[' '!' -f package.json ']'
++ pnpm -v
+ sed -Ei 's/("pnpm": ")(.+)(")/\18.15.4\3/' package.json
+ pnpm install
Progress: resolved 1, reused 0, downloaded 0, added 0
Progress: resolved 28, reused 0, downloaded 19, added 0
Progress: resolved 66, reused 0, downloaded 53, added 0
Progress: resolved 103, reused 0, downloaded 90, added 0
Packages: +115
++++++++++++++++++++++++++++++++++++++++++++++++++++++++++++++++++++++++++++++++
Progress: resolved 116, reused 0, downloaded 115, added 115, done

devDependencies:
+ @tailwindcss/aspect-ratio 0.4.2
+ @tailwindcss/typography 0.5.10
+ daisyui 4.7.2
+ tailwindcss 3.4.1

Done in 4.7s
+ pnpm ls --json
+ jq -cr '
        .[]
        | [.dependencies, .devDependencies, .optionalDependencies]
        | map(select(.))[]
        | to_entries
        | map({ name: .key, version: .value.version })
        | sort_by(.name)[]
      '
+ exitcode=0
+ set -e
+ [[ 0 != \0 ]]
++ jq -sr 'map(select(.name == "tailwindcss")) | first | .version'
+ tailwind_package_version=3.4.1
+ tailwind_config_exporter=tailwind.config.exporter2.cjs
+ '[' -f node_modules/tailwindcss/lib/lib/load-config.js ']'
+ tailwind_config_exporter=tailwind.config.exporter3.mjs
+ cp /twcr/worker/../worker/tailwind.config.exporter3.mjs ./
+ set +e
+ node ./tailwind.config.exporter3.mjs tailwind.config.js
+ exitcode=0
+ set -e
+ [[ 0 != \0 ]]
+ echo 'module.exports={plugins:['
+ jq -rs '
        map(select(.name | startswith("@tailwindcss/")))
        | map("require(" + ( .name | tojson ) + "),")[]
      '
+ grep -Ev '"@tailwindcss/postcss7-compat"'
+ echo ']}'
+ cat tailwind.config.js
+ sed 's/^/>>> /'
>>> module.exports={plugins:[
>>> require("@tailwindcss/aspect-ratio"),
>>> require("@tailwindcss/typography"),
>>> ]}
+ node ./tailwind.config.exporter3.mjs tailwind.config.js
++ date -u +%Y-%m-%dT%H:%M:%SZ
+ writetaskstat timestamp_attempt_squash_end 2024-03-05T08:48:25Z
+ jq -nc --arg key timestamp_attempt_squash_end --arg value 2024-03-05T08:48:25Z '{ key: $key, value: $value }'
+ break
++ date -u +%Y-%m-%dT%H:%M:%SZ
+ writetaskstat timestamp_end 2024-03-05T08:48:25Z
+ jq -nc --arg key timestamp_end --arg value 2024-03-05T08:48:25Z '{ key: $key, value: $value }'
+ rm /twcr/mnt/results/extract-failed
+ touch /twcr/mnt/results/extract-completed
