==== RUN-DOCKER
+++ dirname -- ./worker/run.sh
++ cd -- ./worker
++ pwd
+ twcrdir=/twcr/worker/..
+ repo=github.com/kogakure/website-astro-stefanimhoff.de
+ reporef=master
+ repopath=./
+ '[' true == true ']'
+ grep -q '^././'
++ echo github.com/kogakure/website-astro-stefanimhoff.de
++ sha256sum
++ cut -c1-12
++ awk '{ print $1 }'
+ procdir=/tmp/twcr-2ecb09d905f2
++ echo 'github.com/kogakure/website-astro-stefanimhoff.de;master;./'
++ sha256sum
++ awk '{ print $1 }'
++ cut -c1-12
+ datadir=/twcr/worker/../mnt/dataset/data/b573b16d39c1
+ '[' '!' -z /twcr/mnt/results ']'
+ datadir=/twcr/mnt/results
+ touch /twcr/mnt/results/extract-failed
++ base64
++ tr -d =
++ tr /+ _-
++ base64
++ tr -d =
++ tr /+ _-
+ writetaskstat analysis_key github.com/kogakure/website-astro-stefanimhoff.de/bWFzdGVyCg/Li8K
+ jq -nc --arg key analysis_key --arg value github.com/kogakure/website-astro-stefanimhoff.de/bWFzdGVyCg/Li8K '{ key: $key, value: $value }'
++ date -u +%Y%m%d%H%M%S
++ sha256sum
++ awk '{ print $1 }'
++ cut -c1-16
++ head -c 32 /dev/urandom
+ writetaskstat analysis_nonce 62ccde0fc5cac9c7
+ jq -nc --arg key analysis_nonce --arg value 62ccde0fc5cac9c7 '{ key: $key, value: $value }'
+ writetaskstat input_repo_name github.com/kogakure/website-astro-stefanimhoff.de
+ jq -nc --arg key input_repo_name --arg value github.com/kogakure/website-astro-stefanimhoff.de '{ key: $key, value: $value }'
+ writetaskstat input_repo_ref master
+ jq -nc --arg key input_repo_ref --arg value master '{ key: $key, value: $value }'
+ writetaskstat input_repo_path ./
+ jq -nc --arg key input_repo_path --arg value ./ '{ key: $key, value: $value }'
++ date -u +%Y-%m-%dT%H:%M:%SZ
+ writetaskstat timestamp_begin 2024-03-04T11:43:00Z
+ jq -nc --arg key timestamp_begin --arg value 2024-03-04T11:43:00Z '{ key: $key, value: $value }'
+ mkdir -p /tmp/twcr-2ecb09d905f2
/tmp/twcr-2ecb09d905f2 /twcr
+ pushd /tmp/twcr-2ecb09d905f2
+ '[' -d .git ']'
+ git clone --depth=1 -b master https://github.com/kogakure/website-astro-stefanimhoff.de.git .
Cloning into '.'...
++ date -u +%Y-%m-%dT%H:%M:%SZ
+ writetaskstat timestamp_git_clone_complete 2024-03-04T11:43:14Z
+ jq -nc --arg key timestamp_git_clone_complete --arg value 2024-03-04T11:43:14Z '{ key: $key, value: $value }'
++ git rev-parse HEAD
+ writetaskstat exec_repo_commit_sha c5ebb3cb27f5c2d5332663d41a2bc1156f04a7e6
+ jq -nc --arg key exec_repo_commit_sha --arg value c5ebb3cb27f5c2d5332663d41a2bc1156f04a7e6 '{ key: $key, value: $value }'
+++ git show --no-patch --format=%ci
++ date -u --date '2024-03-01 11:02:51 +0100' +%Y-%m-%dT%H:%M:%SZ
+ writetaskstat exec_repo_commit_date 2024-03-01T10:02:51Z
+ jq -nc --arg key exec_repo_commit_date --arg value 2024-03-01T10:02:51Z '{ key: $key, value: $value }'
/tmp/twcr-2ecb09d905f2 /tmp/twcr-2ecb09d905f2 /twcr
+ '[' -z ./ ']'
+ pushd ./
+ tailwind_config_file_name=
+ '[' -f tailwind.config.js ']'
+ '[' -f tailwind.config.cjs ']'
+ tailwind_config_file_name=tailwind.config.cjs
+ writetaskstat exec_tailwind_config_file tailwind.config.cjs
+ jq -nc --arg key exec_tailwind_config_file --arg value tailwind.config.cjs '{ key: $key, value: $value }'
+ cp tailwind.config.cjs /twcr/mnt/results/extract-raw-tailwind-config.js
+ '[' '!' -f package.json ']'
+ cp package.json /twcr/mnt/results/extract-raw-package.json
++ /twcr/worker/../worker/pm-detect.sh /tmp/twcr-2ecb09d905f2
+ package_manager_name=pnpm
+ '[' -z pnpm ']'
+ '[' -z pnpm ']'
+ writetaskstat exec_node_package_manager pnpm
+ jq -nc --arg key exec_node_package_manager --arg value pnpm '{ key: $key, value: $value }'
+ attempt_mode=squash
+ true
++ date -u +%Y-%m-%dT%H:%M:%SZ
+ writetaskstat timestamp_attempt_squash_begin 2024-03-04T11:43:14Z
+ jq -nc --arg key timestamp_attempt_squash_begin --arg value 2024-03-04T11:43:14Z '{ key: $key, value: $value }'
+ [[ squash == \s\q\u\a\s\h ]]
+ set +e
+ node /twcr/worker/../worker/squash-package.mjs tailwind.config.cjs
+ exitcode=0
+ set -e
+ [[ 0 != \0 ]]
+ cat package.json
+ sed 's/^/>>> /'
>>> {
>>>   "name": "astro-stefanimhoff.de",
>>>   "type": "module",
>>>   "version": "1.0.0",
>>>   "dependencies": {
>>>     "@astrojs/tailwind": "^5.0.0",
>>>     "tailwindcss": "^3.3.3"
>>>   },
>>>   "devDependencies": {
>>>     "tailwindcss-logical": "^3.0.1",
>>>     "tailwindcss-opentype": "^1.1.0"
>>>   },
>>>   "pnpm": {
>>>     "overrides": {
>>>       "react": "npm:@preact/compat@latest",
>>>       "react-dom": "npm:@preact/compat@latest"
>>>     }
>>>   }
>>> }+ rm -f package-lock.json pnpm-lock.yaml yarn.lock
+ '[' ./ '!=' ./ ']'
+ set +e
+ /twcr/worker/../worker/pm-install.sh pnpm /tmp/twcr-2ecb09d905f2 /twcr/mnt/results
+ package_manager_name=pnpm
+ procdir=/tmp/twcr-2ecb09d905f2
+ datadir=/twcr/mnt/results
+ case "${package_manager_name}" in
+ '[' '!' -f /tmp/twcr-2ecb09d905f2/package.json ']'
++ pnpm -v
+ sed -Ei 's/("pnpm": ")(.+)(")/\18.15.4\3/' /tmp/twcr-2ecb09d905f2/package.json
+ '[' '!' -f package.json ']'
++ pnpm -v
+ sed -Ei 's/("pnpm": ")(.+)(")/\18.15.4\3/' package.json
+ pnpm install
Progress: resolved 1, reused 0, downloaded 0, added 0
Progress: resolved 32, reused 0, downloaded 20, added 0
Progress: resolved 69, reused 0, downloaded 57, added 0
Progress: resolved 103, reused 0, downloaded 93, added 0
Progress: resolved 134, reused 0, downloaded 123, added 0
Progress: resolved 158, reused 0, downloaded 151, added 0
Progress: resolved 195, reused 0, downloaded 181, added 0
Progress: resolved 231, reused 0, downloaded 216, added 0
Progress: resolved 279, reused 0, downloaded 239, added 0
Progress: resolved 316, reused 0, downloaded 278, added 0
Progress: resolved 358, reused 0, downloaded 316, added 0
Progress: resolved 404, reused 0, downloaded 348, added 0
Progress: resolved 436, reused 0, downloaded 379, added 0
Progress: resolved 484, reused 0, downloaded 419, added 0
Packages: +464
++++++++++++++++++++++++++++++++++++++++++++++++++++++++++++++++++++++++++++++++
Progress: resolved 498, reused 0, downloaded 464, added 464, done
.../esbuild@0.19.12/node_modules/esbuild postinstall$ node install.js
.../esbuild@0.19.12/node_modules/esbuild postinstall: Done
.../sharp@0.32.6/node_modules/sharp install$ (node install/libvips && node install/dll-copy && prebuild-install) || (node install/can-compile && node-gyp rebuild && node install/dll-copy)
.../sharp@0.32.6/node_modules/sharp install: sharp: Downloading https://github.com/lovell/sharp-libvips/releases/download/v8.14.5/libvips-8.14.5-linux-x64.tar.br
.../sharp@0.32.6/node_modules/sharp install: sharp: Via proxy http://172.18.0.2:3128 with credentials
.../sharp@0.32.6/node_modules/sharp install: sharp: Integrity check passed for linux-x64
.../sharp@0.32.6/node_modules/sharp install: Done

dependencies:
+ @astrojs/tailwind 5.1.0
+ tailwindcss 3.4.1

devDependencies:
+ tailwindcss-logical 3.0.1
+ tailwindcss-opentype 1.1.0

Done in 18s
+ pnpm ls --json
+ jq -cr '
        .[]
        | [.dependencies, .devDependencies, .optionalDependencies]
        | map(select(.))[]
        | to_entries
        | map({ name: .key, version: .value.version })
        | sort_by(.name)[]
      '
+ exitcode=0
+ set -e
+ [[ 0 != \0 ]]
++ jq -sr 'map(select(.name == "tailwindcss")) | first | .version'
+ tailwind_package_version=3.4.1
+ tailwind_config_exporter=tailwind.config.exporter2.cjs
+ '[' -f node_modules/tailwindcss/lib/lib/load-config.js ']'
+ tailwind_config_exporter=tailwind.config.exporter3.mjs
+ cp /twcr/worker/../worker/tailwind.config.exporter3.mjs ./
+ set +e
+ node ./tailwind.config.exporter3.mjs tailwind.config.cjs
+ exitcode=0
+ set -e
+ [[ 0 != \0 ]]
+ echo 'module.exports={plugins:['
+ jq -rs '
        map(select(.name | startswith("@tailwindcss/")))
        | map("require(" + ( .name | tojson ) + "),")[]
      '
+ grep -Ev '"@tailwindcss/postcss7-compat"'
+ true
+ echo ']}'
+ cat tailwind.config.cjs
+ sed 's/^/>>> /'
>>> module.exports={plugins:[
>>> ]}
+ node ./tailwind.config.exporter3.mjs tailwind.config.cjs
++ date -u +%Y-%m-%dT%H:%M:%SZ
+ writetaskstat timestamp_attempt_squash_end 2024-03-04T11:43:33Z
+ jq -nc --arg key timestamp_attempt_squash_end --arg value 2024-03-04T11:43:33Z '{ key: $key, value: $value }'
+ break
++ date -u +%Y-%m-%dT%H:%M:%SZ
+ writetaskstat timestamp_end 2024-03-04T11:43:33Z
+ jq -nc --arg key timestamp_end --arg value 2024-03-04T11:43:33Z '{ key: $key, value: $value }'
+ rm /twcr/mnt/results/extract-failed
+ touch /twcr/mnt/results/extract-completed
