==== RUN-DOCKER
+++ dirname -- ./worker/run.sh
++ cd -- ./worker
++ pwd
+ twcrdir=/twcr/worker/..
+ repo=github.com/pdfslick/pdfslick
+ reporef=main
+ repopath=./apps/web
+ '[' true == true ']'
+ grep -q '^././'
++ echo github.com/pdfslick/pdfslick
++ sha256sum
++ awk '{ print $1 }'
++ cut -c1-12
+ procdir=/tmp/twcr-aaf22f5a1bae
++ echo 'github.com/pdfslick/pdfslick;main;./apps/web'
++ sha256sum
++ awk '{ print $1 }'
++ cut -c1-12
+ datadir=/twcr/worker/../mnt/dataset/data/77506df8b6f3
+ '[' '!' -z /twcr/mnt/results ']'
+ datadir=/twcr/mnt/results
+ touch /twcr/mnt/results/extract-failed
++ base64
++ tr -d =
++ tr /+ _-
++ base64
++ tr -d =
++ tr /+ _-
+ writetaskstat analysis_key github.com/pdfslick/pdfslick/bWFpbgo/Li9hcHBzL3dlYgo
+ jq -nc --arg key analysis_key --arg value github.com/pdfslick/pdfslick/bWFpbgo/Li9hcHBzL3dlYgo '{ key: $key, value: $value }'
++ date -u +%Y%m%d%H%M%S
++ sha256sum
++ awk '{ print $1 }'
++ cut -c1-16
++ head -c 32 /dev/urandom
+ writetaskstat analysis_nonce 73d0d10a2fb3a9c1
+ jq -nc --arg key analysis_nonce --arg value 73d0d10a2fb3a9c1 '{ key: $key, value: $value }'
+ writetaskstat input_repo_name github.com/pdfslick/pdfslick
+ jq -nc --arg key input_repo_name --arg value github.com/pdfslick/pdfslick '{ key: $key, value: $value }'
+ writetaskstat input_repo_ref main
+ jq -nc --arg key input_repo_ref --arg value main '{ key: $key, value: $value }'
+ writetaskstat input_repo_path ./apps/web
+ jq -nc --arg key input_repo_path --arg value ./apps/web '{ key: $key, value: $value }'
++ date -u +%Y-%m-%dT%H:%M:%SZ
+ writetaskstat timestamp_begin 2024-03-04T10:28:56Z
+ jq -nc --arg key timestamp_begin --arg value 2024-03-04T10:28:56Z '{ key: $key, value: $value }'
+ mkdir -p /tmp/twcr-aaf22f5a1bae
/tmp/twcr-aaf22f5a1bae /twcr
+ pushd /tmp/twcr-aaf22f5a1bae
+ '[' -d .git ']'
+ git clone --depth=1 -b main https://github.com/pdfslick/pdfslick.git .
Cloning into '.'...
++ date -u +%Y-%m-%dT%H:%M:%SZ
+ writetaskstat timestamp_git_clone_complete 2024-03-04T10:28:59Z
+ jq -nc --arg key timestamp_git_clone_complete --arg value 2024-03-04T10:28:59Z '{ key: $key, value: $value }'
++ git rev-parse HEAD
+ writetaskstat exec_repo_commit_sha 5abacb3d3b281f7743fedbd7f07d766638499522
+ jq -nc --arg key exec_repo_commit_sha --arg value 5abacb3d3b281f7743fedbd7f07d766638499522 '{ key: $key, value: $value }'
+++ git show --no-patch --format=%ci
++ date -u --date '2024-02-18 22:50:33 +0100' +%Y-%m-%dT%H:%M:%SZ
+ writetaskstat exec_repo_commit_date 2024-02-18T21:50:33Z
+ jq -nc --arg key exec_repo_commit_date --arg value 2024-02-18T21:50:33Z '{ key: $key, value: $value }'
/tmp/twcr-aaf22f5a1bae/apps/web /tmp/twcr-aaf22f5a1bae /twcr
+ '[' -z ./apps/web ']'
+ pushd ./apps/web
+ tailwind_config_file_name=
+ '[' -f tailwind.config.js ']'
+ tailwind_config_file_name=tailwind.config.js
+ writetaskstat exec_tailwind_config_file tailwind.config.js
+ jq -nc --arg key exec_tailwind_config_file --arg value tailwind.config.js '{ key: $key, value: $value }'
+ cp tailwind.config.js /twcr/mnt/results/extract-raw-tailwind-config.js
+ '[' '!' -f package.json ']'
+ cp package.json /twcr/mnt/results/extract-raw-package.json
++ /twcr/worker/../worker/pm-detect.sh /tmp/twcr-aaf22f5a1bae/apps/web
+ package_manager_name=
+ '[' -z '' ']'
+ '[' ./apps/web '!=' ./ ']'
++ /twcr/worker/../worker/pm-detect.sh /tmp/twcr-aaf22f5a1bae
+ package_manager_name=
+ '[' -z '' ']'
+ package_manager_name=npm
+ writetaskstat exec_node_package_manager npm
+ jq -nc --arg key exec_node_package_manager --arg value npm '{ key: $key, value: $value }'
+ attempt_mode=squash
+ true
++ date -u +%Y-%m-%dT%H:%M:%SZ
+ writetaskstat timestamp_attempt_squash_begin 2024-03-04T10:28:59Z
+ jq -nc --arg key timestamp_attempt_squash_begin --arg value 2024-03-04T10:28:59Z '{ key: $key, value: $value }'
+ [[ squash == \s\q\u\a\s\h ]]
+ set +e
+ node /twcr/worker/../worker/squash-package.mjs tailwind.config.js
+ exitcode=0
+ set -e
+ [[ 0 != \0 ]]
+ cat package.json
+ sed 's/^/>>> /'
>>> {
>>>   "name": "web",
>>>   "version": "0.0.0",
>>>   "private": true,
>>>   "dependencies": {},
>>>   "devDependencies": {
>>>     "@tailwindcss/aspect-ratio": "^0.4.2",
>>>     "@tailwindcss/forms": "^0.5.7",
>>>     "@tailwindcss/typography": "^0.5.10",
>>>     "tailwindcss": "^3.4.1"
>>>   }
>>> }+ rm -f package-lock.json pnpm-lock.yaml yarn.lock
+ '[' ./apps/web '!=' ./ ']'
+ rm -f /tmp/twcr-aaf22f5a1bae/package.json /tmp/twcr-aaf22f5a1bae/package-lock.json /tmp/twcr-aaf22f5a1bae/pnpm-lock.yaml /tmp/twcr-aaf22f5a1bae/yarn.lock
+ set +e
+ /twcr/worker/../worker/pm-install.sh npm /tmp/twcr-aaf22f5a1bae /twcr/mnt/results
+ package_manager_name=npm
+ procdir=/tmp/twcr-aaf22f5a1bae
+ datadir=/twcr/mnt/results
+ case "${package_manager_name}" in
++ '[' -f package-lock.json ']'
++ echo install
+ npm install --ignore-engines

added 121 packages, and audited 122 packages in 4s

28 packages are looking for funding
  run `npm fund` for details

found 0 vulnerabilities
npm notice 
npm notice New minor version of npm available! 10.2.4 -> 10.5.0
npm notice Changelog: <https://github.com/npm/cli/releases/tag/v10.5.0>
npm notice Run `npm install -g npm@10.5.0` to update!
npm notice 
+ npm query '*'
+ jq -cr '
        map({ name: .name, version: .version })
        | map(select(.name))
        | sort_by(.name)[]
      '
+ exitcode=0
+ set -e
+ [[ 0 != \0 ]]
++ jq -sr 'map(select(.name == "tailwindcss")) | first | .version'
+ tailwind_package_version=3.4.1
+ tailwind_config_exporter=tailwind.config.exporter2.cjs
+ '[' -f node_modules/tailwindcss/lib/lib/load-config.js ']'
+ tailwind_config_exporter=tailwind.config.exporter3.mjs
+ cp /twcr/worker/../worker/tailwind.config.exporter3.mjs ./
+ set +e
+ node ./tailwind.config.exporter3.mjs tailwind.config.js
+ exitcode=0
+ set -e
+ [[ 0 != \0 ]]
+ echo 'module.exports={plugins:['
+ jq -rs '
        map(select(.name | startswith("@tailwindcss/")))
        | map("require(" + ( .name | tojson ) + "),")[]
      '
+ grep -Ev '"@tailwindcss/postcss7-compat"'
+ echo ']}'
+ cat tailwind.config.js
+ sed 's/^/>>> /'
>>> module.exports={plugins:[
>>> require("@tailwindcss/aspect-ratio"),
>>> require("@tailwindcss/forms"),
>>> require("@tailwindcss/typography"),
>>> ]}
+ node ./tailwind.config.exporter3.mjs tailwind.config.js
++ date -u +%Y-%m-%dT%H:%M:%SZ
+ writetaskstat timestamp_attempt_squash_end 2024-03-04T10:29:04Z
+ jq -nc --arg key timestamp_attempt_squash_end --arg value 2024-03-04T10:29:04Z '{ key: $key, value: $value }'
+ break
++ date -u +%Y-%m-%dT%H:%M:%SZ
+ writetaskstat timestamp_end 2024-03-04T10:29:04Z
+ jq -nc --arg key timestamp_end --arg value 2024-03-04T10:29:04Z '{ key: $key, value: $value }'
+ rm /twcr/mnt/results/extract-failed
+ touch /twcr/mnt/results/extract-completed
