==== RUN-DOCKER
+++ dirname -- ./worker/run.sh
++ cd -- ./worker
++ pwd
+ twcrdir=/twcr/worker/..
+ repo=github.com/fullstackeurope/fullstackeurope.com
+ reporef=main
+ repopath=./resources/2022
+ '[' true == true ']'
+ grep -q '^././'
++ echo github.com/fullstackeurope/fullstackeurope.com
++ sha256sum
++ awk '{ print $1 }'
++ cut -c1-12
+ procdir=/tmp/twcr-804ff60e895c
++ echo 'github.com/fullstackeurope/fullstackeurope.com;main;./resources/2022'
++ sha256sum
++ awk '{ print $1 }'
++ cut -c1-12
+ datadir=/twcr/worker/../mnt/dataset/data/e93dec8bdd47
+ '[' '!' -z /twcr/mnt/results ']'
+ datadir=/twcr/mnt/results
+ touch /twcr/mnt/results/extract-failed
++ base64
++ tr -d =
++ tr /+ _-
++ base64
++ tr -d =
++ tr /+ _-
+ writetaskstat analysis_key github.com/fullstackeurope/fullstackeurope.com/bWFpbgo/Li9yZXNvdXJjZXMvMjAyMgo
+ jq -nc --arg key analysis_key --arg value github.com/fullstackeurope/fullstackeurope.com/bWFpbgo/Li9yZXNvdXJjZXMvMjAyMgo '{ key: $key, value: $value }'
++ date -u +%Y%m%d%H%M%S
++ sha256sum
++ awk '{ print $1 }'
++ cut -c1-16
++ head -c 32 /dev/urandom
+ writetaskstat analysis_nonce 0c486bd5554edcf9
+ jq -nc --arg key analysis_nonce --arg value 0c486bd5554edcf9 '{ key: $key, value: $value }'
+ writetaskstat input_repo_name github.com/fullstackeurope/fullstackeurope.com
+ jq -nc --arg key input_repo_name --arg value github.com/fullstackeurope/fullstackeurope.com '{ key: $key, value: $value }'
+ writetaskstat input_repo_ref main
+ jq -nc --arg key input_repo_ref --arg value main '{ key: $key, value: $value }'
+ writetaskstat input_repo_path ./resources/2022
+ jq -nc --arg key input_repo_path --arg value ./resources/2022 '{ key: $key, value: $value }'
++ date -u +%Y-%m-%dT%H:%M:%SZ
+ writetaskstat timestamp_begin 2024-03-05T05:26:16Z
+ jq -nc --arg key timestamp_begin --arg value 2024-03-05T05:26:16Z '{ key: $key, value: $value }'
+ mkdir -p /tmp/twcr-804ff60e895c
+ pushd /tmp/twcr-804ff60e895c
+ '[' -d .git ']'
+ git clone --depth=1 -b main https://github.com/fullstackeurope/fullstackeurope.com.git .
/tmp/twcr-804ff60e895c /twcr
Cloning into '.'...
++ date -u +%Y-%m-%dT%H:%M:%SZ
+ writetaskstat timestamp_git_clone_complete 2024-03-05T05:26:19Z
+ jq -nc --arg key timestamp_git_clone_complete --arg value 2024-03-05T05:26:19Z '{ key: $key, value: $value }'
++ git rev-parse HEAD
+ writetaskstat exec_repo_commit_sha 51976f0417bc17e1d7626311a31037ed516ea9e8
+ jq -nc --arg key exec_repo_commit_sha --arg value 51976f0417bc17e1d7626311a31037ed516ea9e8 '{ key: $key, value: $value }'
+++ git show --no-patch --format=%ci
++ date -u --date '2024-01-01 15:41:12 +0000' +%Y-%m-%dT%H:%M:%SZ
+ writetaskstat exec_repo_commit_date 2024-01-01T15:41:12Z
+ jq -nc --arg key exec_repo_commit_date --arg value 2024-01-01T15:41:12Z '{ key: $key, value: $value }'
/tmp/twcr-804ff60e895c/resources/2022 /tmp/twcr-804ff60e895c /twcr
+ '[' -z ./resources/2022 ']'
+ pushd ./resources/2022
+ tailwind_config_file_name=
+ '[' -f tailwind.config.js ']'
+ tailwind_config_file_name=tailwind.config.js
+ writetaskstat exec_tailwind_config_file tailwind.config.js
+ jq -nc --arg key exec_tailwind_config_file --arg value tailwind.config.js '{ key: $key, value: $value }'
+ cp tailwind.config.js /twcr/mnt/results/extract-raw-tailwind-config.js
+ '[' '!' -f package.json ']'
+ cp package.json /twcr/mnt/results/extract-raw-package.json
++ /twcr/worker/../worker/pm-detect.sh /tmp/twcr-804ff60e895c/resources/2022
+ package_manager_name=
+ '[' -z '' ']'
+ '[' ./resources/2022 '!=' ./ ']'
++ /twcr/worker/../worker/pm-detect.sh /tmp/twcr-804ff60e895c
+ package_manager_name=
+ '[' -z '' ']'
+ package_manager_name=npm
+ writetaskstat exec_node_package_manager npm
+ jq -nc --arg key exec_node_package_manager --arg value npm '{ key: $key, value: $value }'
+ attempt_mode=squash
+ true
++ date -u +%Y-%m-%dT%H:%M:%SZ
+ writetaskstat timestamp_attempt_squash_begin 2024-03-05T05:26:19Z
+ jq -nc --arg key timestamp_attempt_squash_begin --arg value 2024-03-05T05:26:19Z '{ key: $key, value: $value }'
+ [[ squash == \s\q\u\a\s\h ]]
+ set +e
+ node /twcr/worker/../worker/squash-package.mjs tailwind.config.js
+ exitcode=0
+ set -e
+ [[ 0 != \0 ]]
+ cat package.json
+ sed 's/^/>>> /'
>>> {
>>>   "private": true,
>>>   "devDependencies": {
>>>     "tailwindcss-gradients": "^3.0.0"
>>>   },
>>>   "dependencies": {
>>>     "tailwindcss": "^1.9.6"
>>>   }
>>> }+ rm -f package-lock.json pnpm-lock.yaml yarn.lock
+ '[' ./resources/2022 '!=' ./ ']'
+ rm -f /tmp/twcr-804ff60e895c/package.json /tmp/twcr-804ff60e895c/package-lock.json /tmp/twcr-804ff60e895c/pnpm-lock.yaml /tmp/twcr-804ff60e895c/yarn.lock
+ set +e
+ /twcr/worker/../worker/pm-install.sh npm /tmp/twcr-804ff60e895c /twcr/mnt/results
+ package_manager_name=npm
+ procdir=/tmp/twcr-804ff60e895c
+ datadir=/twcr/mnt/results
+ case "${package_manager_name}" in
++ '[' -f package-lock.json ']'
++ echo install
+ npm install --ignore-engines

added 102 packages, and audited 103 packages in 6s

16 packages are looking for funding
  run `npm fund` for details

8 moderate severity vulnerabilities

To address issues that do not require attention, run:
  npm audit fix

To address all issues (including breaking changes), run:
  npm audit fix --force

Run `npm audit` for details.
npm notice 
npm notice New minor version of npm available! 10.2.4 -> 10.5.0
npm notice Changelog: <https://github.com/npm/cli/releases/tag/v10.5.0>
npm notice Run `npm install -g npm@10.5.0` to update!
npm notice 
+ jq -cr '
        map({ name: .name, version: .version })
        | map(select(.name))
        | sort_by(.name)[]
      '
+ npm query '*'
+ exitcode=0
+ set -e
+ [[ 0 != \0 ]]
++ jq -sr 'map(select(.name == "tailwindcss")) | first | .version'
+ tailwind_package_version=1.9.6
+ tailwind_config_exporter=tailwind.config.exporter2.cjs
+ '[' -f node_modules/tailwindcss/lib/lib/load-config.js ']'
+ cp /twcr/worker/../worker/tailwind.config.exporter2.cjs ./
+ set +e
+ node ./tailwind.config.exporter2.cjs tailwind.config.js
+ exitcode=0
+ set -e
+ [[ 0 != \0 ]]
+ echo 'module.exports={plugins:['
+ jq -rs '
        map(select(.name | startswith("@tailwindcss/")))
        | map("require(" + ( .name | tojson ) + "),")[]
      '
+ grep -Ev '"@tailwindcss/postcss7-compat"'
+ true
+ echo ']}'
+ cat tailwind.config.js
+ sed 's/^/>>> /'
>>> module.exports={plugins:[
>>> ]}
+ node ./tailwind.config.exporter2.cjs tailwind.config.js
++ date -u +%Y-%m-%dT%H:%M:%SZ
+ writetaskstat timestamp_attempt_squash_end 2024-03-05T05:26:26Z
+ jq -nc --arg key timestamp_attempt_squash_end --arg value 2024-03-05T05:26:26Z '{ key: $key, value: $value }'
+ break
++ date -u +%Y-%m-%dT%H:%M:%SZ
+ writetaskstat timestamp_end 2024-03-05T05:26:26Z
+ jq -nc --arg key timestamp_end --arg value 2024-03-05T05:26:26Z '{ key: $key, value: $value }'
+ rm /twcr/mnt/results/extract-failed
+ touch /twcr/mnt/results/extract-completed
