==== RUN-DOCKER
+++ dirname -- ./worker/run.sh
++ cd -- ./worker
++ pwd
+ twcrdir=/twcr/worker/..
+ repo=github.com/ballerine-io/ballerine
+ reporef=dev
+ repopath=./apps/backoffice-v2
+ '[' true == true ']'
+ grep -q '^././'
++ echo github.com/ballerine-io/ballerine
++ sha256sum
++ awk '{ print $1 }'
++ cut -c1-12
+ procdir=/tmp/twcr-e68aca823e53
++ echo 'github.com/ballerine-io/ballerine;dev;./apps/backoffice-v2'
++ sha256sum
++ awk '{ print $1 }'
++ cut -c1-12
+ datadir=/twcr/worker/../mnt/dataset/data/e0b951c7e2d6
+ '[' '!' -z /twcr/mnt/results ']'
+ datadir=/twcr/mnt/results
+ touch /twcr/mnt/results/extract-failed
++ base64
++ tr -d =
++ tr /+ _-
++ base64
++ tr -d =
++ tr /+ _-
+ writetaskstat analysis_key github.com/ballerine-io/ballerine/ZGV2Cg/Li9hcHBzL2JhY2tvZmZpY2UtdjIK
+ jq -nc --arg key analysis_key --arg value github.com/ballerine-io/ballerine/ZGV2Cg/Li9hcHBzL2JhY2tvZmZpY2UtdjIK '{ key: $key, value: $value }'
++ date -u +%Y%m%d%H%M%S
++ sha256sum
++ awk '{ print $1 }'
++ cut -c1-16
++ head -c 32 /dev/urandom
+ writetaskstat analysis_nonce 42c04ee32f202fef
+ jq -nc --arg key analysis_nonce --arg value 42c04ee32f202fef '{ key: $key, value: $value }'
+ writetaskstat input_repo_name github.com/ballerine-io/ballerine
+ jq -nc --arg key input_repo_name --arg value github.com/ballerine-io/ballerine '{ key: $key, value: $value }'
+ writetaskstat input_repo_ref dev
+ jq -nc --arg key input_repo_ref --arg value dev '{ key: $key, value: $value }'
+ writetaskstat input_repo_path ./apps/backoffice-v2
+ jq -nc --arg key input_repo_path --arg value ./apps/backoffice-v2 '{ key: $key, value: $value }'
++ date -u +%Y-%m-%dT%H:%M:%SZ
+ writetaskstat timestamp_begin 2024-03-04T02:28:37Z
+ jq -nc --arg key timestamp_begin --arg value 2024-03-04T02:28:37Z '{ key: $key, value: $value }'
+ mkdir -p /tmp/twcr-e68aca823e53
/tmp/twcr-e68aca823e53 /twcr
+ pushd /tmp/twcr-e68aca823e53
+ '[' -d .git ']'
+ git clone --depth=1 -b dev https://github.com/ballerine-io/ballerine.git .
Cloning into '.'...
++ date -u +%Y-%m-%dT%H:%M:%SZ
+ writetaskstat timestamp_git_clone_complete 2024-03-04T02:28:40Z
+ jq -nc --arg key timestamp_git_clone_complete --arg value 2024-03-04T02:28:40Z '{ key: $key, value: $value }'
++ git rev-parse HEAD
+ writetaskstat exec_repo_commit_sha 4187b9c8b91c10a52de84f5316ccec6b1d54165a
+ jq -nc --arg key exec_repo_commit_sha --arg value 4187b9c8b91c10a52de84f5316ccec6b1d54165a '{ key: $key, value: $value }'
+++ git show --no-patch --format=%ci
++ date -u --date '2024-02-29 15:07:50 +0200' +%Y-%m-%dT%H:%M:%SZ
+ writetaskstat exec_repo_commit_date 2024-02-29T13:07:50Z
+ jq -nc --arg key exec_repo_commit_date --arg value 2024-02-29T13:07:50Z '{ key: $key, value: $value }'
/tmp/twcr-e68aca823e53/apps/backoffice-v2 /tmp/twcr-e68aca823e53 /twcr
+ '[' -z ./apps/backoffice-v2 ']'
+ pushd ./apps/backoffice-v2
+ tailwind_config_file_name=
+ '[' -f tailwind.config.js ']'
+ '[' -f tailwind.config.cjs ']'
+ tailwind_config_file_name=tailwind.config.cjs
+ writetaskstat exec_tailwind_config_file tailwind.config.cjs
+ jq -nc --arg key exec_tailwind_config_file --arg value tailwind.config.cjs '{ key: $key, value: $value }'
+ cp tailwind.config.cjs /twcr/mnt/results/extract-raw-tailwind-config.js
+ '[' '!' -f package.json ']'
+ cp package.json /twcr/mnt/results/extract-raw-package.json
++ /twcr/worker/../worker/pm-detect.sh /tmp/twcr-e68aca823e53/apps/backoffice-v2
+ package_manager_name=
+ '[' -z '' ']'
+ '[' ./apps/backoffice-v2 '!=' ./ ']'
++ /twcr/worker/../worker/pm-detect.sh /tmp/twcr-e68aca823e53
+ package_manager_name=pnpm
+ '[' -z pnpm ']'
+ writetaskstat exec_node_package_manager pnpm
+ jq -nc --arg key exec_node_package_manager --arg value pnpm '{ key: $key, value: $value }'
+ attempt_mode=squash
+ true
++ date -u +%Y-%m-%dT%H:%M:%SZ
+ writetaskstat timestamp_attempt_squash_begin 2024-03-04T02:28:40Z
+ jq -nc --arg key timestamp_attempt_squash_begin --arg value 2024-03-04T02:28:40Z '{ key: $key, value: $value }'
+ [[ squash == \s\q\u\a\s\h ]]
+ set +e
+ node /twcr/worker/../worker/squash-package.mjs tailwind.config.cjs
+ exitcode=0
+ set -e
+ [[ 0 != \0 ]]
+ cat package.json
+ sed 's/^/>>> /'
>>> {
>>>   "name": "@ballerine/backoffice-v2",
>>>   "version": "0.5.51",
>>>   "description": "Ballerine - Backoffice",
>>>   "homepage": "https://github.com/ballerine-io/ballerine",
>>>   "repository": {
>>>     "type": "git",
>>>     "url": "git+https://github.com:ballerine-io/backoffice-vanilla.git"
>>>   },
>>>   "author": "Ballerine <dev@ballerine.com>",
>>>   "license": "MIT",
>>>   "bugs": {
>>>     "url": "https://github.com/ballerine-io/ballerine/issues"
>>>   },
>>>   "keywords": [
>>>     "react",
>>>     "vite",
>>>     "typescript",
>>>     "tailwind",
>>>     "template",
>>>     "starter",
>>>     "css-modules",
>>>     "eslint",
>>>     "prettier",
>>>     "husky"
>>>   ],
>>>   "browserslist": [
>>>     ">0.2%",
>>>     "not dead",
>>>     "not IE 11"
>>>   ],
>>>   "engines": {
>>>     "node": ">=18.0.0",
>>>     "pnpm": ">=8.0.0"
>>>   },
>>>   "dependencies": {
>>>     "tailwindcss-animate": "^1.0.5"
>>>   },
>>>   "devDependencies": {
>>>     "daisyui": "^2.46.1",
>>>     "tailwindcss": "^3.2.4"
>>>   },
>>>   "peerDependencies": {},
>>>   "msw": {
>>>     "workerDirectory": "public"
>>>   }
>>> }+ rm -f package-lock.json pnpm-lock.yaml yarn.lock
+ '[' ./apps/backoffice-v2 '!=' ./ ']'
+ rm -f /tmp/twcr-e68aca823e53/package.json /tmp/twcr-e68aca823e53/package-lock.json /tmp/twcr-e68aca823e53/pnpm-lock.yaml /tmp/twcr-e68aca823e53/yarn.lock
+ set +e
+ /twcr/worker/../worker/pm-install.sh pnpm /tmp/twcr-e68aca823e53 /twcr/mnt/results
+ package_manager_name=pnpm
+ procdir=/tmp/twcr-e68aca823e53
+ datadir=/twcr/mnt/results
+ case "${package_manager_name}" in
+ '[' '!' -f /tmp/twcr-e68aca823e53/package.json ']'
+ '[' '!' -f package.json ']'
++ pnpm -v
+ sed -Ei 's/("pnpm": ")(.+)(")/\18.15.4\3/' package.json
+ pnpm install
Scope: all 20 workspace projects
../..                                    | Progress: resolved 1, reused 0, downloaded 0, added 0
../..                                    | Progress: resolved 23, reused 0, downloaded 17, added 0
../..                                    | Progress: resolved 40, reused 0, downloaded 30, added 0
../..                                    | Progress: resolved 61, reused 0, downloaded 50, added 0
../workflows-dashboard                   |  WARN  deprecated @types/axios@0.14.0
../workflows-dashboard                   |  WARN  deprecated @types/classnames@2.3.1
../workflows-dashboard                   |  WARN  deprecated @types/moment@2.13.0
../..                                    | Progress: resolved 83, reused 0, downloaded 70, added 0
../..                                    | Progress: resolved 109, reused 0, downloaded 94, added 0
../..                                    | Progress: resolved 131, reused 0, downloaded 114, added 0
../../packages/blocks                    |  WARN  deprecated rollup-plugin-terser@7.0.2
../..                                    | Progress: resolved 153, reused 0, downloaded 136, added 0
../..                                    | Progress: resolved 171, reused 0, downloaded 154, added 0
../../packages/workflow-core             |  WARN  Installing a dependency from a non-existent directory: /tmp/twcr-e68aca823e53/packages/workflow-core/@types/@rollup/plugin-babel
../../packages/workflow-core             |  WARN  Installing a dependency from a non-existent directory: /tmp/twcr-e68aca823e53/packages/workflow-core/@types/@rollup/plugin-terser
../..                                    | Progress: resolved 200, reused 0, downloaded 177, added 0
../../sdks/workflow-browser-sdk          |  WARN  Installing a dependency from a non-existent directory: /tmp/twcr-e68aca823e53/sdks/workflow-browser-sdk/@types/@rollup/plugin-babel
../../sdks/workflow-browser-sdk          |  WARN  Installing a dependency from a non-existent directory: /tmp/twcr-e68aca823e53/sdks/workflow-browser-sdk/@types/@rollup/plugin-terser
../..                                    | Progress: resolved 220, reused 0, downloaded 199, added 0
../..                                    | Progress: resolved 243, reused 0, downloaded 221, added 0
../..                                    | Progress: resolved 265, reused 1, downloaded 242, added 0
../..                                    | Progress: resolved 283, reused 1, downloaded 258, added 0
../..                                    | Progress: resolved 300, reused 1, downloaded 272, added 0
../..                                    | Progress: resolved 315, reused 1, downloaded 298, added 0
../..                                    | Progress: resolved 340, reused 1, downloaded 325, added 0
../..                                    | Progress: resolved 367, reused 1, downloaded 353, added 0
../..                                    | Progress: resolved 382, reused 1, downloaded 362, added 0
../..                                    | Progress: resolved 410, reused 1, downloaded 392, added 0
../..                                    | Progress: resolved 439, reused 1, downloaded 419, added 0
../..                                    | Progress: resolved 468, reused 1, downloaded 448, added 0
../..                                    | Progress: resolved 493, reused 1, downloaded 470, added 0
../..                                    | Progress: resolved 518, reused 1, downloaded 493, added 0
../..                                    | Progress: resolved 556, reused 1, downloaded 525, added 0
../..                                    | Progress: resolved 587, reused 1, downloaded 556, added 0
../..                                    | Progress: resolved 621, reused 1, downloaded 584, added 0
../..                                    | Progress: resolved 645, reused 1, downloaded 616, added 0
../..                                    | Progress: resolved 684, reused 1, downloaded 648, added 0
../..                                    | Progress: resolved 701, reused 1, downloaded 666, added 0
../..                                    | Progress: resolved 730, reused 1, downloaded 687, added 0
../..                                    | Progress: resolved 762, reused 1, downloaded 717, added 0
../..                                    | Progress: resolved 788, reused 1, downloaded 742, added 0
../..                                    | Progress: resolved 824, reused 1, downloaded 778, added 0
../..                                    | Progress: resolved 851, reused 1, downloaded 806, added 0
../..                                    | Progress: resolved 865, reused 1, downloaded 820, added 0
../..                                    | Progress: resolved 900, reused 1, downloaded 851, added 0
../..                                    | Progress: resolved 923, reused 1, downloaded 871, added 0
../..                                    | Progress: resolved 951, reused 1, downloaded 896, added 0
../..                                    | Progress: resolved 978, reused 1, downloaded 926, added 0
../..                                    | Progress: resolved 1007, reused 1, downloaded 950, added 0
../..                                    | Progress: resolved 1028, reused 1, downloaded 967, added 0
../..                                    | Progress: resolved 1043, reused 1, downloaded 988, added 0
../..                                    | Progress: resolved 1074, reused 1, downloaded 1012, added 0
../..                                    | Progress: resolved 1106, reused 1, downloaded 1033, added 0
../..                                    | Progress: resolved 1138, reused 1, downloaded 1064, added 0
../..                                    | Progress: resolved 1159, reused 1, downloaded 1091, added 0
../..                                    | Progress: resolved 1200, reused 1, downloaded 1122, added 0
../..                                    | Progress: resolved 1235, reused 1, downloaded 1154, added 0
../..                                    | Progress: resolved 1269, reused 1, downloaded 1191, added 0
../..                                    | Progress: resolved 1298, reused 1, downloaded 1220, added 0
../..                                    | Progress: resolved 1333, reused 1, downloaded 1246, added 0
../..                                    | Progress: resolved 1373, reused 1, downloaded 1268, added 0
../..                                    | Progress: resolved 1408, reused 1, downloaded 1305, added 0
../..                                    | Progress: resolved 1470, reused 1, downloaded 1336, added 0
../..                                    | Progress: resolved 1505, reused 1, downloaded 1359, added 0
../..                                    | Progress: resolved 1526, reused 1, downloaded 1378, added 0
../..                                    | Progress: resolved 1562, reused 1, downloaded 1408, added 0
../..                                    | Progress: resolved 1584, reused 1, downloaded 1436, added 0
../..                                    | Progress: resolved 1613, reused 1, downloaded 1461, added 0
../..                                    | Progress: resolved 1651, reused 1, downloaded 1488, added 0
../..                                    | Progress: resolved 1669, reused 1, downloaded 1517, added 0
../..                                    | Progress: resolved 1703, reused 1, downloaded 1541, added 0
../..                                    | Progress: resolved 1748, reused 1, downloaded 1565, added 0
../..                                    | Progress: resolved 1778, reused 1, downloaded 1600, added 0
../..                                    | Progress: resolved 1813, reused 1, downloaded 1627, added 0
../..                                    | Progress: resolved 1849, reused 1, downloaded 1662, added 0
../..                                    | Progress: resolved 1877, reused 1, downloaded 1690, added 0
../..                                    | Progress: resolved 1901, reused 1, downloaded 1710, added 0
../..                                    | Progress: resolved 1941, reused 1, downloaded 1746, added 0
../..                                    | Progress: resolved 1971, reused 1, downloaded 1784, added 0
../..                                    | Progress: resolved 2012, reused 1, downloaded 1808, added 0
../..                                    | Progress: resolved 2047, reused 1, downloaded 1843, added 0
../..                                    | Progress: resolved 2078, reused 1, downloaded 1875, added 0
../..                                    | Progress: resolved 2103, reused 1, downloaded 1894, added 0
../..                                    | Progress: resolved 2116, reused 1, downloaded 1912, added 0
../..                                    | Progress: resolved 2130, reused 1, downloaded 1920, added 0
../..                                    | Progress: resolved 2140, reused 1, downloaded 1934, added 0
../..                                    | Progress: resolved 2154, reused 1, downloaded 1948, added 0
../..                                    | Progress: resolved 2188, reused 1, downloaded 1975, added 0
../..                                    | Progress: resolved 2222, reused 1, downloaded 2010, added 0
../..                                    | Progress: resolved 2253, reused 1, downloaded 2038, added 0
../..                                    | Progress: resolved 2297, reused 1, downloaded 2075, added 0
../..                                    | Progress: resolved 2334, reused 1, downloaded 2113, added 0
../..                                    | Progress: resolved 2357, reused 1, downloaded 2134, added 0
../..                                    | Progress: resolved 2391, reused 1, downloaded 2150, added 0
../..                                    | Progress: resolved 2420, reused 1, downloaded 2175, added 0
../..                                    | Progress: resolved 2450, reused 1, downloaded 2201, added 0
../..                                    | Progress: resolved 2470, reused 1, downloaded 2220, added 0
../..                                    | Progress: resolved 2489, reused 1, downloaded 2237, added 0
../..                                    | Progress: resolved 2517, reused 1, downloaded 2265, added 0
../..                                    | Progress: resolved 2551, reused 1, downloaded 2300, added 0
../..                                    | Progress: resolved 2580, reused 1, downloaded 2327, added 0
../..                                    | Progress: resolved 2607, reused 1, downloaded 2350, added 0
../..                                    | Progress: resolved 2640, reused 1, downloaded 2372, added 0
../..                                    | Progress: resolved 2651, reused 1, downloaded 2396, added 0
../..                                    | Progress: resolved 2686, reused 1, downloaded 2423, added 0
../..                                    | Progress: resolved 2722, reused 1, downloaded 2457, added 0
../..                                    | Progress: resolved 2759, reused 1, downloaded 2493, added 0
../..                                    | Progress: resolved 2790, reused 1, downloaded 2521, added 0
../..                                    | Progress: resolved 2832, reused 1, downloaded 2559, added 0
../../services/workflows-service         |  WARN  deprecated @aws-sdk/abort-controller@3.374.0
../..                                    | Progress: resolved 2862, reused 1, downloaded 2603, added 0
 WARN  23 deprecated subdependencies found: @babel/plugin-proposal-async-generator-functions@7.20.7, @babel/plugin-proposal-class-properties@7.18.6, @babel/plugin-proposal-class-static-block@7.21.0, @babel/plugin-proposal-dynamic-import@7.18.6, @babel/plugin-proposal-export-namespace-from@7.18.9, @babel/plugin-proposal-json-strings@7.18.6, @babel/plugin-proposal-logical-assignment-operators@7.20.7, @babel/plugin-proposal-nullish-coalescing-operator@7.18.6, @babel/plugin-proposal-numeric-separator@7.18.6, @babel/plugin-proposal-object-rest-spread@7.20.7, @babel/plugin-proposal-optional-catch-binding@7.18.6, @babel/plugin-proposal-optional-chaining@7.21.0, @babel/plugin-proposal-private-methods@7.18.6, @babel/plugin-proposal-private-property-in-object@7.21.11, @babel/plugin-proposal-unicode-property-regex@7.18.6, @types/sass@1.45.0, abab@2.0.6, axios@0.19.2, domexception@4.0.0, formidable@1.2.6, sourcemap-codec@1.4.8, subscriptions-transport-ws@0.11.0, superagent@3.8.3
../..                                    | Progress: resolved 2866, reused 1, downloaded 2638, added 0
../..                                    |    +2888 ++++++++++++++++++++++++++++
../..                                    | Progress: resolved 2866, reused 1, downloaded 2673, added 528
../..                                    | Progress: resolved 2866, reused 1, downloaded 2673, added 2288
../..                                    | Progress: resolved 2866, reused 1, downloaded 2706, added 2837
../..                                    | Progress: resolved 2866, reused 1, downloaded 2747, added 2878
../..                                    | Progress: resolved 2866, reused 1, downloaded 2757, added 2888, done
.../node_modules/svelte-preprocess postinstall$ echo "[svelte-preprocess] Don't forget to install the preprocessors packages that will be used: node-sass/sass, stylus, less, postcss & postcss-load-config, coffeescript, pug, etc..."
.../node_modules/svelte-preprocess postinstall: [svelte-preprocess] Don't forget to install the preprocessors packages that will be used: node-sass/sass, stylus, less, postcss & postcss-load-config, coffeescript, pug, etc...
.../node_modules/svelte-preprocess postinstall: Done
.../es5-ext@0.10.64/node_modules/es5-ext postinstall$  node -e "try{require('./_postinstall')}catch(e){}" || exit 0
.../node_modules/@prisma/engines postinstall$ node scripts/postinstall.js
.../node_modules/@nestjs/core postinstall$ opencollective || exit 0
.../bcrypt@5.1.0/node_modules/bcrypt install$ node-pre-gyp install --fallback-to-build
.../es5-ext@0.10.64/node_modules/es5-ext postinstall: Done
.../node_modules/@prisma/engines postinstall: (node:133) [DEP0040] DeprecationWarning: The `punycode` module is deprecated. Please use a userland alternative instead.
.../node_modules/@prisma/engines postinstall: (Use `node --trace-deprecation ...` to show where the warning was created)
.../bcrypt@5.1.0/node_modules/bcrypt install: node-pre-gyp info it worked if it ends with ok
.../bcrypt@5.1.0/node_modules/bcrypt install: node-pre-gyp info using node-pre-gyp@1.0.11
.../bcrypt@5.1.0/node_modules/bcrypt install: node-pre-gyp info using node@21.6.2 | linux | x64
.../node_modules/@nestjs/core postinstall: (node:140) [DEP0040] DeprecationWarning: The `punycode` module is deprecated. Please use a userland alternative instead.
.../node_modules/@nestjs/core postinstall: (Use `node --trace-deprecation ...` to show where the warning was created)
.../bcrypt@5.1.0/node_modules/bcrypt install: (node:154) [DEP0040] DeprecationWarning: The `punycode` module is deprecated. Please use a userland alternative instead.
.../bcrypt@5.1.0/node_modules/bcrypt install: (Use `node --trace-deprecation ...` to show where the warning was created)
.../bcrypt@5.1.0/node_modules/bcrypt install: node-pre-gyp info check checked for "/tmp/twcr-e68aca823e53/node_modules/.pnpm/bcrypt@5.1.0/node_modules/bcrypt/lib/binding/napi-v3/bcrypt_lib.node" (not found)
.../bcrypt@5.1.0/node_modules/bcrypt install: node-pre-gyp http GET https://github.com/kelektiv/node.bcrypt.js/releases/download/v5.1.0/bcrypt_lib-v5.1.0-napi-v3-linux-x64-glibc.tar.gz
.../bcrypt@5.1.0/node_modules/bcrypt install: node-pre-gyp http download proxy agent configured using: "http://tid_6e9e0f4f0a3c:ok@172.18.0.2:3128"
.../bcrypt@5.1.0/node_modules/bcrypt install: node-pre-gyp info install unpacking napi-v3/bcrypt_lib.node
.../bcrypt@5.1.0/node_modules/bcrypt install: node-pre-gyp info extracted file count: 1 
.../bcrypt@5.1.0/node_modules/bcrypt install: node-pre-gyp info ok 
.../bcrypt@5.1.0/node_modules/bcrypt install: [bcrypt] Success: "/tmp/twcr-e68aca823e53/node_modules/.pnpm/bcrypt@5.1.0/node_modules/bcrypt/lib/binding/napi-v3/bcrypt_lib.node" is installed via remote
.../bcrypt@5.1.0/node_modules/bcrypt install: Done
.../node_modules/@prisma/engines postinstall: Done
.../node_modules/@nestjs/core postinstall:                            Thanks for installing nest 
.../node_modules/@nestjs/core postinstall:                  Please consider donating to our open collective
.../node_modules/@nestjs/core postinstall:                         to help us maintain this package.
.../node_modules/@nestjs/core postinstall:                                          
.../node_modules/@nestjs/core postinstall:                                          
.../node_modules/@nestjs/core postinstall:              Become a partner: https://opencollective.com/nest/donate
.../node_modules/@nestjs/core postinstall:                                          
.../node_modules/@nestjs/core postinstall: Done
.../esbuild@0.18.20/node_modules/esbuild postinstall$ node install.js
.../node_modules/@sentry/cli postinstall$ node ./scripts/install.js
.../esbuild@0.19.12/node_modules/esbuild postinstall$ node install.js
.../esbuild@0.16.17/node_modules/esbuild postinstall$ node install.js
.../esbuild@0.15.18/node_modules/esbuild postinstall$ node install.js
.../esbuild@0.18.20/node_modules/esbuild postinstall: Done
.../node_modules/@sentry/cli postinstall: Done
.../esbuild@0.19.12/node_modules/esbuild postinstall: Done
.../esbuild@0.16.17/node_modules/esbuild postinstall: Done
.../node_modules/cpu-features install$ node buildcheck.js > buildcheck.gypi && node-gyp rebuild
.../esbuild@0.15.18/node_modules/esbuild postinstall: Done
.../prisma@4.13.0/node_modules/prisma preinstall$ node scripts/preinstall-entry.js
.../prisma@4.13.0/node_modules/prisma preinstall: Done
.../node_modules/cpu-features install: gyp info it worked if it ends with ok
.../node_modules/cpu-features install: gyp info using node-gyp@9.4.1
.../node_modules/cpu-features install: gyp info using node@21.6.2 | linux | x64
.../node_modules/cpu-features install: gyp info find Python using Python version 3.11.2 found at "/usr/bin/python3"
.../node_modules/cpu-features install: gyp http GET https://nodejs.org/download/release/v21.6.2/node-v21.6.2-headers.tar.gz
.../node_modules/cpu-features install: gyp http 200 https://nodejs.org/download/release/v21.6.2/node-v21.6.2-headers.tar.gz
.../node_modules/cpu-features install: gyp http GET https://nodejs.org/download/release/v21.6.2/SHASUMS256.txt
.../node_modules/cpu-features install: gyp http 200 https://nodejs.org/download/release/v21.6.2/SHASUMS256.txt
.../node_modules/cpu-features install: gyp info spawn /usr/bin/python3
.../node_modules/cpu-features install: gyp info spawn args [
.../node_modules/cpu-features install: gyp info spawn args   '/usr/local/lib/node_modules/pnpm/dist/node_modules/node-gyp/gyp/gyp_main.py',
.../node_modules/cpu-features install: gyp info spawn args   'binding.gyp',
.../node_modules/cpu-features install: gyp info spawn args   '-f',
.../node_modules/cpu-features install: gyp info spawn args   'make',
.../node_modules/cpu-features install: gyp info spawn args   '-I',
.../node_modules/cpu-features install: gyp info spawn args   '/tmp/twcr-e68aca823e53/node_modules/.pnpm/cpu-features@0.0.9/node_modules/cpu-features/build/config.gypi',
.../node_modules/cpu-features install: gyp info spawn args   '-I',
.../node_modules/cpu-features install: gyp info spawn args   '/usr/local/lib/node_modules/pnpm/dist/node_modules/node-gyp/addon.gypi',
.../node_modules/cpu-features install: gyp info spawn args   '-I',
.../node_modules/cpu-features install: gyp info spawn args   '/home/node/.cache/node-gyp/21.6.2/include/node/common.gypi',
.../node_modules/cpu-features install: gyp info spawn args   '-Dlibrary=shared_library',
.../node_modules/cpu-features install: gyp info spawn args   '-Dvisibility=default',
.../node_modules/cpu-features install: gyp info spawn args   '-Dnode_root_dir=/home/node/.cache/node-gyp/21.6.2',
.../node_modules/cpu-features install: gyp info spawn args   '-Dnode_gyp_dir=/usr/local/lib/node_modules/pnpm/dist/node_modules/node-gyp',
.../node_modules/cpu-features install: gyp info spawn args   '-Dnode_lib_file=/home/node/.cache/node-gyp/21.6.2/<(target_arch)/node.lib',
.../node_modules/cpu-features install: gyp info spawn args   '-Dmodule_root_dir=/tmp/twcr-e68aca823e53/node_modules/.pnpm/cpu-features@0.0.9/node_modules/cpu-features',
.../node_modules/cpu-features install: gyp info spawn args   '-Dnode_engine=v8',
.../node_modules/cpu-features install: gyp info spawn args   '--depth=.',
.../node_modules/cpu-features install: gyp info spawn args   '--no-parallel',
.../node_modules/cpu-features install: gyp info spawn args   '--generator-output',
.../node_modules/cpu-features install: gyp info spawn args   'build',
.../node_modules/cpu-features install: gyp info spawn args   '-Goutput_dir=.'
.../node_modules/cpu-features install: gyp info spawn args ]
.../node_modules/cpu-features install: gyp info spawn make
.../node_modules/cpu-features install: gyp info spawn args [ 'BUILDTYPE=Release', '-C', 'build' ]
.../node_modules/cpu-features install: make: Entering directory '/tmp/twcr-e68aca823e53/node_modules/.pnpm/cpu-features@0.0.9/node_modules/cpu-features/build'
.../node_modules/cpu-features install:   CC(target) Release/obj.target/cpu_features/deps/cpu_features/src/impl_aarch64_linux_or_android.o
.../node_modules/cpu-features install:   CC(target) Release/obj.target/cpu_features/deps/cpu_features/src/impl_aarch64_macos_or_iphone.o
.../node_modules/cpu-features install:   CC(target) Release/obj.target/cpu_features/deps/cpu_features/src/impl_arm_linux_or_android.o
.../node_modules/cpu-features install:   CC(target) Release/obj.target/cpu_features/deps/cpu_features/src/impl_mips_linux_or_android.o
.../node_modules/cpu-features install:   CC(target) Release/obj.target/cpu_features/deps/cpu_features/src/impl_ppc_linux.o
.../node_modules/cpu-features install:   CC(target) Release/obj.target/cpu_features/deps/cpu_features/src/impl_x86_freebsd.o
.../node_modules/cpu-features install:   CC(target) Release/obj.target/cpu_features/deps/cpu_features/src/impl_x86_linux_or_android.o
.../node_modules/cpu-features install:   CC(target) Release/obj.target/cpu_features/deps/cpu_features/src/impl_x86_macos.o
.../node_modules/cpu-features install:   CC(target) Release/obj.target/cpu_features/deps/cpu_features/src/impl_x86_windows.o
.../node_modules/cpu-features install:   CC(target) Release/obj.target/cpu_features/deps/cpu_features/src/filesystem.o
.../node_modules/cpu-features install:   CC(target) Release/obj.target/cpu_features/deps/cpu_features/src/stack_line_reader.o
.../node_modules/cpu-features install:   CC(target) Release/obj.target/cpu_features/deps/cpu_features/src/string_view.o
.../node_modules/cpu-features install: rm -f Release/obj.target/deps/cpu_features/cpu_features.a Release/obj.target/deps/cpu_features/cpu_features.a.ar-file-list; mkdir -p `dirname Release/obj.target/deps/cpu_features/cpu_features.a`
.../node_modules/cpu-features install: ar crs Release/obj.target/deps/cpu_features/cpu_features.a @Release/obj.target/deps/cpu_features/cpu_features.a.ar-file-list
.../node_modules/cpu-features install:   COPY Release/cpu_features.a
.../node_modules/cpu-features install:   CXX(target) Release/obj.target/cpufeatures/src/binding.o
.../node_modules/cpu-features install: In file included from ../src/binding.cc:1:
.../node_modules/cpu-features install: /home/node/.cache/node-gyp/21.6.2/include/node/node.h:1202:7: warning: cast between incompatible function types from 'void (*)(Nan::ADDON_REGISTER_FUNCTION_ARGS_TYPE)' {aka 'void (*)(v8::Local<v8::Object>)'} to 'node::addon_register_func' {aka 'void (*)(v8::Local<v8::Object>, v8::Local<v8::Value>, void*)'} [-Wcast-function-type]
.../node_modules/cpu-features install:  1202 |       (node::addon_register_func) (regfunc),                          \
.../node_modules/cpu-features install:       |       ^~~~~~~~~~~~~~~~~~~~~~~~~~~~~~~~~~~~~
.../node_modules/cpu-features install: /home/node/.cache/node-gyp/21.6.2/include/node/node.h:1236:3: note: in expansion of macro 'NODE_MODULE_X'
.../node_modules/cpu-features install:  1236 |   NODE_MODULE_X(modname, regfunc, NULL, 0)  // NOLINT (readability/null_usage)
.../node_modules/cpu-features install:       |   ^~~~~~~~~~~~~
.../node_modules/cpu-features install: ../src/binding.cc:151:1: note: in expansion of macro 'NODE_MODULE'
.../node_modules/cpu-features install:   151 | NODE_MODULE(cpufeatures, init)
.../node_modules/cpu-features install:       | ^~~~~~~~~~~
.../node_modules/cpu-features install:   SOLINK_MODULE(target) Release/obj.target/cpufeatures.node
.../node_modules/cpu-features install:   COPY Release/cpufeatures.node
.../node_modules/cpu-features install: make: Leaving directory '/tmp/twcr-e68aca823e53/node_modules/.pnpm/cpu-features@0.0.9/node_modules/cpu-features/build'
.../node_modules/cpu-features install: gyp info ok 
.../node_modules/cpu-features install: Done
.../.pnpm/ssh2@1.15.0/node_modules/ssh2 install$ node install.js
.../.pnpm/ssh2@1.15.0/node_modules/ssh2 install: gyp info it worked if it ends with ok
.../.pnpm/ssh2@1.15.0/node_modules/ssh2 install: gyp info using node-gyp@9.4.1
.../.pnpm/ssh2@1.15.0/node_modules/ssh2 install: gyp info using node@21.6.2 | linux | x64
.../.pnpm/ssh2@1.15.0/node_modules/ssh2 install: gyp info find Python using Python version 3.11.2 found at "/usr/bin/python3"
.../.pnpm/ssh2@1.15.0/node_modules/ssh2 install: gyp info spawn /usr/bin/python3
.../.pnpm/ssh2@1.15.0/node_modules/ssh2 install: gyp info spawn args [
.../.pnpm/ssh2@1.15.0/node_modules/ssh2 install: gyp info spawn args   '/usr/local/lib/node_modules/pnpm/dist/node_modules/node-gyp/gyp/gyp_main.py',
.../.pnpm/ssh2@1.15.0/node_modules/ssh2 install: gyp info spawn args   'binding.gyp',
.../.pnpm/ssh2@1.15.0/node_modules/ssh2 install: gyp info spawn args   '-f',
.../.pnpm/ssh2@1.15.0/node_modules/ssh2 install: gyp info spawn args   'make',
.../.pnpm/ssh2@1.15.0/node_modules/ssh2 install: gyp info spawn args   '-I',
.../.pnpm/ssh2@1.15.0/node_modules/ssh2 install: gyp info spawn args   '/tmp/twcr-e68aca823e53/node_modules/.pnpm/ssh2@1.15.0/node_modules/ssh2/lib/protocol/crypto/build/config.gypi',
.../.pnpm/ssh2@1.15.0/node_modules/ssh2 install: gyp info spawn args   '-I',
.../.pnpm/ssh2@1.15.0/node_modules/ssh2 install: gyp info spawn args   '/usr/local/lib/node_modules/pnpm/dist/node_modules/node-gyp/addon.gypi',
.../.pnpm/ssh2@1.15.0/node_modules/ssh2 install: gyp info spawn args   '-I',
.../.pnpm/ssh2@1.15.0/node_modules/ssh2 install: gyp info spawn args   '/home/node/.cache/node-gyp/21.6.2/include/node/common.gypi',
.../.pnpm/ssh2@1.15.0/node_modules/ssh2 install: gyp info spawn args   '-Dlibrary=shared_library',
.../.pnpm/ssh2@1.15.0/node_modules/ssh2 install: gyp info spawn args   '-Dvisibility=default',
.../.pnpm/ssh2@1.15.0/node_modules/ssh2 install: gyp info spawn args   '-Dnode_root_dir=/home/node/.cache/node-gyp/21.6.2',
.../.pnpm/ssh2@1.15.0/node_modules/ssh2 install: gyp info spawn args   '-Dnode_gyp_dir=/usr/local/lib/node_modules/pnpm/dist/node_modules/node-gyp',
.../.pnpm/ssh2@1.15.0/node_modules/ssh2 install: gyp info spawn args   '-Dnode_lib_file=/home/node/.cache/node-gyp/21.6.2/<(target_arch)/node.lib',
.../.pnpm/ssh2@1.15.0/node_modules/ssh2 install: gyp info spawn args   '-Dmodule_root_dir=/tmp/twcr-e68aca823e53/node_modules/.pnpm/ssh2@1.15.0/node_modules/ssh2/lib/protocol/crypto',
.../.pnpm/ssh2@1.15.0/node_modules/ssh2 install: gyp info spawn args   '-Dnode_engine=v8',
.../.pnpm/ssh2@1.15.0/node_modules/ssh2 install: gyp info spawn args   '--depth=.',
.../.pnpm/ssh2@1.15.0/node_modules/ssh2 install: gyp info spawn args   '--no-parallel',
.../.pnpm/ssh2@1.15.0/node_modules/ssh2 install: gyp info spawn args   '--generator-output',
.../.pnpm/ssh2@1.15.0/node_modules/ssh2 install: gyp info spawn args   'build',
.../.pnpm/ssh2@1.15.0/node_modules/ssh2 install: gyp info spawn args   '-Goutput_dir=.'
.../.pnpm/ssh2@1.15.0/node_modules/ssh2 install: gyp info spawn args ]
.../node_modules/@prisma/client postinstall$ node scripts/postinstall.js
.../.pnpm/ssh2@1.15.0/node_modules/ssh2 install: gyp info spawn make
.../.pnpm/ssh2@1.15.0/node_modules/ssh2 install: gyp info spawn args [ 'BUILDTYPE=Release', '-C', 'build' ]
.../.pnpm/ssh2@1.15.0/node_modules/ssh2 install: make: Entering directory '/tmp/twcr-e68aca823e53/node_modules/.pnpm/ssh2@1.15.0/node_modules/ssh2/lib/protocol/crypto/build'
.../.pnpm/ssh2@1.15.0/node_modules/ssh2 install:   CXX(target) Release/obj.target/sshcrypto/src/binding.o
.../node_modules/@prisma/client postinstall: prisma:warn The postinstall script automatically ran `prisma generate` and did not find your `prisma/schema.prisma`.
.../node_modules/@prisma/client postinstall: If you have a Prisma schema file in a custom path, you will need to run
.../node_modules/@prisma/client postinstall: `prisma generate --schema=./path/to/your/schema.prisma` to generate Prisma Client.
.../node_modules/@prisma/client postinstall: If you do not have a Prisma schema file yet, you can ignore this message.
.../node_modules/@prisma/client postinstall: Done
.../.pnpm/ssh2@1.15.0/node_modules/ssh2 install:   SOLINK_MODULE(target) Release/obj.target/sshcrypto.node
.../.pnpm/ssh2@1.15.0/node_modules/ssh2 install:   COPY Release/sshcrypto.node
.../.pnpm/ssh2@1.15.0/node_modules/ssh2 install: make: Leaving directory '/tmp/twcr-e68aca823e53/node_modules/.pnpm/ssh2@1.15.0/node_modules/ssh2/lib/protocol/crypto/build'
.../.pnpm/ssh2@1.15.0/node_modules/ssh2 install: gyp info ok 
.../.pnpm/ssh2@1.15.0/node_modules/ssh2 install: Succeeded in building optional crypto binding
.../.pnpm/ssh2@1.15.0/node_modules/ssh2 install: Done
.../node_modules/msw postinstall$ node -e "try{require('./config/scripts/postinstall')}catch(e){}"
.../node_modules/msw postinstall$ node -e "try{require('./config/scripts/postinstall')}catch(e){}"
.../node_modules/msw postinstall: Done
.../node_modules/msw postinstall: Done
.../sharp@0.32.6/node_modules/sharp install$ (node install/libvips && node install/dll-copy && prebuild-install) || (node install/can-compile && node-gyp rebuild && node install/dll-copy)
.../sharp@0.32.6/node_modules/sharp install: sharp: Downloading https://github.com/lovell/sharp-libvips/releases/download/v8.14.5/libvips-8.14.5-linux-x64.tar.br
.../sharp@0.32.6/node_modules/sharp install: sharp: Via proxy http://172.18.0.2:3128 with credentials
.../sharp@0.32.6/node_modules/sharp install: sharp: Integrity check passed for linux-x64
.../sharp@0.32.6/node_modules/sharp install: Done
../../services/workflows-service prepare$ npm run prisma:generate
../../services/workflows-service prepare: > @ballerine/workflows-service@0.5.45 prisma:generate
../../services/workflows-service prepare: > prisma generate
../../services/workflows-service prepare: Prisma schema loaded from prisma/schema.prisma
../../services/workflows-service prepare: ✔ Generated Prisma Client (4.16.2 | library) to ./../../node_modules/.pnpm/@prisma+client@4.16.2_prisma@4.13.0/node_modules/@prisma/client in 272ms
../../services/workflows-service prepare: You can now start using Prisma Client in your code. Reference: https://pris.ly/d/client
../../services/workflows-service prepare: ```
../../services/workflows-service prepare: import { PrismaClient } from '@prisma/client'
../../services/workflows-service prepare: const prisma = new PrismaClient()
../../services/workflows-service prepare: ```
../../services/workflows-service prepare: warn Versions of prisma@4.13.0 and @prisma/client@4.16.2 don't match.
../../services/workflows-service prepare: This might lead to unexpected behavior.
../../services/workflows-service prepare: Please make sure they have the same version.
../../services/workflows-service prepare: npm notice 
../../services/workflows-service prepare: npm notice New minor version of npm available! 10.2.4 -> 10.5.0
../../services/workflows-service prepare: npm notice Changelog: <https://github.com/npm/cli/releases/tag/v10.5.0>
../../services/workflows-service prepare: npm notice Run `npm install -g npm@10.5.0` to update!
../../services/workflows-service prepare: npm notice 
../../services/workflows-service prepare: Done

dependencies:
+ tailwindcss-animate 1.0.5 (1.0.7 is available)

devDependencies:
+ daisyui 2.52.0 (4.7.2 is available)
+ tailwindcss 3.4.1

 WARN  Issues with peer dependencies found
apps/kyb-app
└─┬ @testing-library/jest-dom 6.4.2
  └── ✕ unmet peer @types/jest@">= 28": found 26.0.24

apps/workflows-dashboard
├─┬ react-custom-scrollbars 4.2.1
│ ├── ✕ unmet peer react@"^0.14.0 || ^15.0.0 || ^16.0.0": found 18.2.0
│ └── ✕ unmet peer react-dom@"^0.14.0 || ^15.0.0 || ^16.0.0": found 18.2.0
└─┬ react-json-view 1.21.3
  ├── ✕ unmet peer react@"^17.0.0 || ^16.3.0 || ^15.5.4": found 18.2.0
  ├── ✕ unmet peer react-dom@"^17.0.0 || ^16.3.0 || ^15.5.4": found 18.2.0
  └─┬ flux 4.0.4
    └── ✕ unmet peer react@"^15.0.2 || ^16.0.0 || ^17.0.0": found 18.2.0

examples/headless-example
├─┬ @xstate/svelte 2.1.0
│ └── ✕ unmet peer xstate@^4.38.1: found 4.37.1
└─┬ vite-tsconfig-paths 4.3.1
  └─┬ tsconfck 3.0.2
    └── ✕ unmet peer typescript@^5.0.0: found 4.9.5

packages/blocks
├─┬ eslint-plugin-functional 3.7.2
│ ├── ✕ unmet peer eslint@"^5.0.0 || ^6.0.0 || ^7.0.0": found 8.57.0
│ └── ✕ unmet peer typescript@"^3.4.1 || ^4.0.0": found 5.1.6
└─┬ rollup-plugin-dts 4.2.2
  └── ✕ unmet peer typescript@^4.1: found 5.1.6

packages/common
└─┬ eslint-plugin-functional 3.7.2
  └── ✕ unmet peer eslint@"^5.0.0 || ^6.0.0 || ^7.0.0": found 8.57.0

packages/rules-engine
└─┬ eslint-plugin-functional 3.7.2
  └── ✕ unmet peer eslint@"^5.0.0 || ^6.0.0 || ^7.0.0": found 8.57.0

packages/ui
├─┬ vite-tsconfig-paths 4.3.1
│ └─┬ tsconfck 3.0.2
│   └── ✕ unmet peer typescript@^5.0.0: found 4.9.5
└─┬ react-json-view 1.21.3
  ├── ✕ unmet peer react@"^17.0.0 || ^16.3.0 || ^15.5.4": found 18.2.0
  ├── ✕ unmet peer react-dom@"^17.0.0 || ^16.3.0 || ^15.5.4": found 18.2.0
  └─┬ flux 4.0.4
    └── ✕ unmet peer react@"^15.0.2 || ^16.0.0 || ^17.0.0": found 18.2.0

packages/workflow-core
├─┬ eslint-plugin-functional 3.7.2
│ ├── ✕ unmet peer eslint@"^5.0.0 || ^6.0.0 || ^7.0.0": found 8.57.0
│ └── ✕ unmet peer typescript@"^3.4.1 || ^4.0.0": found 5.1.6
└─┬ rollup-plugin-dts 4.2.2
  └── ✕ unmet peer typescript@^4.1: found 5.1.6

sdks/web-ui-sdk
├─┬ @sveltejs/vite-plugin-svelte 1.0.8
│ └── ✕ unmet peer vite@^3.0.0: found 4.0.3
└─┬ typedoc-plugin-markdown 3.17.1
  └── ✕ unmet peer typedoc@>=0.24.0: found 0.23.28

sdks/workflow-browser-sdk
└─┬ eslint-plugin-functional 3.7.2
  └── ✕ unmet peer eslint@"^5.0.0 || ^6.0.0 || ^7.0.0": found 8.57.0

sdks/workflow-node-sdk
├─┬ eslint-plugin-functional 3.7.2
│ ├── ✕ unmet peer eslint@"^5.0.0 || ^6.0.0 || ^7.0.0": found 8.57.0
│ └── ✕ unmet peer typescript@"^3.4.1 || ^4.0.0": found 5.1.6
└─┬ rollup-plugin-dts 4.2.2
  └── ✕ unmet peer typescript@^4.1: found 5.1.6

websites/docs
├─┬ eslint-plugin-unused-imports 3.1.0
│ └── ✕ unmet peer @typescript-eslint/eslint-plugin@"6 - 7": found 5.62.0
├─┬ @astrojs/tailwind 4.0.0
│ └── ✕ unmet peer astro@^2.6.5: found 3.3.3
└─┬ astro 3.3.3
  └─┬ tsconfck 3.0.2
    └── ✕ unmet peer typescript@^5.0.0: found 4.9.5

Done in 2m 25.7s
+ pnpm ls --json
+ jq -cr '
        .[]
        | [.dependencies, .devDependencies, .optionalDependencies]
        | map(select(.))[]
        | to_entries
        | map({ name: .key, version: .value.version })
        | sort_by(.name)[]
      '
+ exitcode=0
+ set -e
+ [[ 0 != \0 ]]
++ jq -sr 'map(select(.name == "tailwindcss")) | first | .version'
+ tailwind_package_version=3.4.1
+ tailwind_config_exporter=tailwind.config.exporter2.cjs
+ '[' -f node_modules/tailwindcss/lib/lib/load-config.js ']'
+ tailwind_config_exporter=tailwind.config.exporter3.mjs
+ cp /twcr/worker/../worker/tailwind.config.exporter3.mjs ./
+ set +e
+ node ./tailwind.config.exporter3.mjs tailwind.config.cjs
+ exitcode=0
+ set -e
+ [[ 0 != \0 ]]
+ echo 'module.exports={plugins:['
+ jq -rs '
        map(select(.name | startswith("@tailwindcss/")))
        | map("require(" + ( .name | tojson ) + "),")[]
      '
+ grep -Ev '"@tailwindcss/postcss7-compat"'
+ true
+ echo ']}'
+ cat tailwind.config.cjs
+ sed 's/^/>>> /'
>>> module.exports={plugins:[
>>> ]}
+ node ./tailwind.config.exporter3.mjs tailwind.config.cjs
++ date -u +%Y-%m-%dT%H:%M:%SZ
+ writetaskstat timestamp_attempt_squash_end 2024-03-04T02:31:07Z
+ jq -nc --arg key timestamp_attempt_squash_end --arg value 2024-03-04T02:31:07Z '{ key: $key, value: $value }'
+ break
++ date -u +%Y-%m-%dT%H:%M:%SZ
+ writetaskstat timestamp_end 2024-03-04T02:31:07Z
+ jq -nc --arg key timestamp_end --arg value 2024-03-04T02:31:07Z '{ key: $key, value: $value }'
+ rm /twcr/mnt/results/extract-failed
+ touch /twcr/mnt/results/extract-completed
