==== RUN-DOCKER
+++ dirname -- ./worker/run.sh
++ cd -- ./worker
++ pwd
+ twcrdir=/twcr/worker/..
+ repo=github.com/wimluk/public-lib
+ reporef=main
+ repopath='./tutorials/Draggable Notion Style Text Editor Blocks with TipTapProsemirror'
+ '[' true == true ']'
+ grep -q '^././'
++ echo github.com/wimluk/public-lib
++ sha256sum
++ awk '{ print $1 }'
++ cut -c1-12
+ procdir=/tmp/twcr-eb4d71091cd8
++ echo 'github.com/wimluk/public-lib;main;./tutorials/Draggable Notion Style Text Editor Blocks with TipTapProsemirror'
++ sha256sum
++ awk '{ print $1 }'
++ cut -c1-12
+ datadir=/twcr/worker/../mnt/dataset/data/a7555613f5e2
+ '[' '!' -z /twcr/mnt/results ']'
+ datadir=/twcr/mnt/results
+ touch /twcr/mnt/results/extract-failed
++ base64
++ tr -d =
++ tr /+ _-
++ base64
++ tr -d =
++ tr /+ _-
+ writetaskstat analysis_key 'github.com/wimluk/public-lib/bWFpbgo/Li90dXRvcmlhbHMvRHJhZ2dhYmxlIE5vdGlvbiBTdHlsZSBUZXh0IEVkaXRvciBCbG9ja3Mgd2l0
aCBUaXBUYXBQcm9zZW1pcnJvcgo'
+ jq -nc --arg key analysis_key --arg value 'github.com/wimluk/public-lib/bWFpbgo/Li90dXRvcmlhbHMvRHJhZ2dhYmxlIE5vdGlvbiBTdHlsZSBUZXh0IEVkaXRvciBCbG9ja3Mgd2l0
aCBUaXBUYXBQcm9zZW1pcnJvcgo' '{ key: $key, value: $value }'
++ date -u +%Y%m%d%H%M%S
++ sha256sum
++ awk '{ print $1 }'
++ cut -c1-16
++ head -c 32 /dev/urandom
+ writetaskstat analysis_nonce 7fe2ab11973214ff
+ jq -nc --arg key analysis_nonce --arg value 7fe2ab11973214ff '{ key: $key, value: $value }'
+ writetaskstat input_repo_name github.com/wimluk/public-lib
+ jq -nc --arg key input_repo_name --arg value github.com/wimluk/public-lib '{ key: $key, value: $value }'
+ writetaskstat input_repo_ref main
+ jq -nc --arg key input_repo_ref --arg value main '{ key: $key, value: $value }'
+ writetaskstat input_repo_path './tutorials/Draggable Notion Style Text Editor Blocks with TipTapProsemirror'
+ jq -nc --arg key input_repo_path --arg value './tutorials/Draggable Notion Style Text Editor Blocks with TipTapProsemirror' '{ key: $key, value: $value }'
++ date -u +%Y-%m-%dT%H:%M:%SZ
+ writetaskstat timestamp_begin 2024-03-05T03:32:19Z
+ jq -nc --arg key timestamp_begin --arg value 2024-03-05T03:32:19Z '{ key: $key, value: $value }'
+ mkdir -p /tmp/twcr-eb4d71091cd8
/tmp/twcr-eb4d71091cd8 /twcr
+ pushd /tmp/twcr-eb4d71091cd8
+ '[' -d .git ']'
+ git clone --depth=1 -b main https://github.com/wimluk/public-lib.git .
Cloning into '.'...
++ date -u +%Y-%m-%dT%H:%M:%SZ
+ writetaskstat timestamp_git_clone_complete 2024-03-05T03:32:20Z
+ jq -nc --arg key timestamp_git_clone_complete --arg value 2024-03-05T03:32:20Z '{ key: $key, value: $value }'
++ git rev-parse HEAD
+ writetaskstat exec_repo_commit_sha 6614ce52911b2a77680f15e641e9f221916253b5
+ jq -nc --arg key exec_repo_commit_sha --arg value 6614ce52911b2a77680f15e641e9f221916253b5 '{ key: $key, value: $value }'
+++ git show --no-patch --format=%ci
++ date -u --date '2023-08-16 09:39:25 +0200' +%Y-%m-%dT%H:%M:%SZ
+ writetaskstat exec_repo_commit_date 2023-08-16T07:39:25Z
+ jq -nc --arg key exec_repo_commit_date --arg value 2023-08-16T07:39:25Z '{ key: $key, value: $value }'
+ '[' -z './tutorials/Draggable Notion Style Text Editor Blocks with TipTapProsemirror' ']'
+ pushd './tutorials/Draggable Notion Style Text Editor Blocks with TipTapProsemirror'
+ tailwind_config_file_name=
+ '[' -f tailwind.config.js ']'
+ '[' -f tailwind.config.cjs ']'
+ '[' -f tailwind.config.mjs ']'
+ '[' -f tailwind.config.ts ']'
+ tailwind_config_file_name=tailwind.config.ts
+ writetaskstat exec_tailwind_config_file tailwind.config.ts
+ jq -nc --arg key exec_tailwind_config_file --arg value tailwind.config.ts '{ key: $key, value: $value }'
/tmp/twcr-eb4d71091cd8/tutorials/Draggable Notion Style Text Editor Blocks with TipTapProsemirror /tmp/twcr-eb4d71091cd8 /twcr
+ cp tailwind.config.ts /twcr/mnt/results/extract-raw-tailwind-config.js
+ '[' '!' -f package.json ']'
+ cp package.json /twcr/mnt/results/extract-raw-package.json
++ /twcr/worker/../worker/pm-detect.sh '/tmp/twcr-eb4d71091cd8/tutorials/Draggable Notion Style Text Editor Blocks with TipTapProsemirror'
+ package_manager_name=
+ '[' -z '' ']'
+ '[' './tutorials/Draggable Notion Style Text Editor Blocks with TipTapProsemirror' '!=' ./ ']'
++ /twcr/worker/../worker/pm-detect.sh /tmp/twcr-eb4d71091cd8
grep: /tmp/twcr-eb4d71091cd8/package.json: No such file or directory
grep: /tmp/twcr-eb4d71091cd8/package.json: No such file or directory
grep: /tmp/twcr-eb4d71091cd8/package.json: No such file or directory
/twcr/worker/../worker/pm-detect.sh: line 17: /tmp/twcr-eb4d71091cd8/package.json: No such file or directory
+ package_manager_name=
+ '[' -z '' ']'
+ package_manager_name=npm
+ writetaskstat exec_node_package_manager npm
+ jq -nc --arg key exec_node_package_manager --arg value npm '{ key: $key, value: $value }'
+ attempt_mode=squash
+ true
++ date -u +%Y-%m-%dT%H:%M:%SZ
+ writetaskstat timestamp_attempt_squash_begin 2024-03-05T03:32:20Z
+ jq -nc --arg key timestamp_attempt_squash_begin --arg value 2024-03-05T03:32:20Z '{ key: $key, value: $value }'
+ [[ squash == \s\q\u\a\s\h ]]
+ set +e
+ node /twcr/worker/../worker/squash-package.mjs tailwind.config.ts
+ exitcode=0
+ set -e
+ [[ 0 != \0 ]]
+ cat package.json
+ sed 's/^/>>> /'
>>> {
>>>   "name": "my-app",
>>>   "version": "0.1.0",
>>>   "private": true,
>>>   "dependencies": {
>>>     "@tailwindcss/typography": "^0.5.9",
>>>     "tailwindcss": "3.3.3"
>>>   }
>>> }+ rm -f package-lock.json pnpm-lock.yaml yarn.lock
+ '[' './tutorials/Draggable Notion Style Text Editor Blocks with TipTapProsemirror' '!=' ./ ']'
+ rm -f /tmp/twcr-eb4d71091cd8/package.json /tmp/twcr-eb4d71091cd8/package-lock.json /tmp/twcr-eb4d71091cd8/pnpm-lock.yaml /tmp/twcr-eb4d71091cd8/yarn.lock
+ set +e
+ /twcr/worker/../worker/pm-install.sh npm /tmp/twcr-eb4d71091cd8 /twcr/mnt/results
+ package_manager_name=npm
+ procdir=/tmp/twcr-eb4d71091cd8
+ datadir=/twcr/mnt/results
+ case "${package_manager_name}" in
++ '[' -f package-lock.json ']'
++ echo install
+ npm install --ignore-engines

added 118 packages, and audited 119 packages in 5s

28 packages are looking for funding
  run `npm fund` for details

found 0 vulnerabilities
npm notice 
npm notice New minor version of npm available! 10.2.4 -> 10.5.0
npm notice Changelog: <https://github.com/npm/cli/releases/tag/v10.5.0>
npm notice Run `npm install -g npm@10.5.0` to update!
npm notice 
+ npm query '*'
+ jq -cr '
        map({ name: .name, version: .version })
        | map(select(.name))
        | sort_by(.name)[]
      '
+ exitcode=0
+ set -e
+ [[ 0 != \0 ]]
++ jq -sr 'map(select(.name == "tailwindcss")) | first | .version'
+ tailwind_package_version=3.3.3
+ tailwind_config_exporter=tailwind.config.exporter2.cjs
+ '[' -f node_modules/tailwindcss/lib/lib/load-config.js ']'
+ tailwind_config_exporter=tailwind.config.exporter3.mjs
+ cp /twcr/worker/../worker/tailwind.config.exporter3.mjs ./
+ set +e
+ node ./tailwind.config.exporter3.mjs tailwind.config.ts
+ exitcode=0
+ set -e
+ [[ 0 != \0 ]]
+ echo 'module.exports={plugins:['
+ jq -rs '
        map(select(.name | startswith("@tailwindcss/")))
        | map("require(" + ( .name | tojson ) + "),")[]
      '
+ grep -Ev '"@tailwindcss/postcss7-compat"'
+ echo ']}'
+ cat tailwind.config.ts
+ sed 's/^/>>> /'
>>> module.exports={plugins:[
>>> require("@tailwindcss/typography"),
>>> ]}
+ node ./tailwind.config.exporter3.mjs tailwind.config.ts
++ date -u +%Y-%m-%dT%H:%M:%SZ
+ writetaskstat timestamp_attempt_squash_end 2024-03-05T03:32:26Z
+ jq -nc --arg key timestamp_attempt_squash_end --arg value 2024-03-05T03:32:26Z '{ key: $key, value: $value }'
+ break
++ date -u +%Y-%m-%dT%H:%M:%SZ
+ writetaskstat timestamp_end 2024-03-05T03:32:26Z
+ jq -nc --arg key timestamp_end --arg value 2024-03-05T03:32:26Z '{ key: $key, value: $value }'
+ rm /twcr/mnt/results/extract-failed
+ touch /twcr/mnt/results/extract-completed
