==== RUN-DOCKER
+++ dirname -- ./worker/run.sh
++ cd -- ./worker
++ pwd
+ twcrdir=/twcr/worker/..
+ repo=github.com/rupali-codes/LinksHub
+ reporef=main
+ repopath=./
+ '[' true == true ']'
+ grep -q '^././'
++ echo github.com/rupali-codes/LinksHub
++ sha256sum
++ awk '{ print $1 }'
++ cut -c1-12
+ procdir=/tmp/twcr-7ee431cf6617
++ echo 'github.com/rupali-codes/LinksHub;main;./'
++ sha256sum
++ awk '{ print $1 }'
++ cut -c1-12
+ datadir=/twcr/worker/../mnt/dataset/data/a69e5f518a95
+ '[' '!' -z /twcr/mnt/results ']'
+ datadir=/twcr/mnt/results
+ touch /twcr/mnt/results/extract-failed
++ base64
++ tr -d =
++ tr /+ _-
++ base64
++ tr -d =
++ tr /+ _-
+ writetaskstat analysis_key github.com/rupali-codes/LinksHub/bWFpbgo/Li8K
+ jq -nc --arg key analysis_key --arg value github.com/rupali-codes/LinksHub/bWFpbgo/Li8K '{ key: $key, value: $value }'
++ date -u +%Y%m%d%H%M%S
++ sha256sum
++ awk '{ print $1 }'
++ cut -c1-16
++ head -c 32 /dev/urandom
+ writetaskstat analysis_nonce 9ae94631fa783192
+ jq -nc --arg key analysis_nonce --arg value 9ae94631fa783192 '{ key: $key, value: $value }'
+ writetaskstat input_repo_name github.com/rupali-codes/LinksHub
+ jq -nc --arg key input_repo_name --arg value github.com/rupali-codes/LinksHub '{ key: $key, value: $value }'
+ writetaskstat input_repo_ref main
+ jq -nc --arg key input_repo_ref --arg value main '{ key: $key, value: $value }'
+ writetaskstat input_repo_path ./
+ jq -nc --arg key input_repo_path --arg value ./ '{ key: $key, value: $value }'
++ date -u +%Y-%m-%dT%H:%M:%SZ
+ writetaskstat timestamp_begin 2024-03-04T03:50:09Z
+ jq -nc --arg key timestamp_begin --arg value 2024-03-04T03:50:09Z '{ key: $key, value: $value }'
+ mkdir -p /tmp/twcr-7ee431cf6617
/tmp/twcr-7ee431cf6617 /twcr
+ pushd /tmp/twcr-7ee431cf6617
+ '[' -d .git ']'
+ git clone --depth=1 -b main https://github.com/rupali-codes/LinksHub.git .
Cloning into '.'...
++ date -u +%Y-%m-%dT%H:%M:%SZ
+ writetaskstat timestamp_git_clone_complete 2024-03-04T03:50:11Z
+ jq -nc --arg key timestamp_git_clone_complete --arg value 2024-03-04T03:50:11Z '{ key: $key, value: $value }'
++ git rev-parse HEAD
+ writetaskstat exec_repo_commit_sha 3f5cf19e8f9d9d44b234285034d402b84b4efb8b
+ jq -nc --arg key exec_repo_commit_sha --arg value 3f5cf19e8f9d9d44b234285034d402b84b4efb8b '{ key: $key, value: $value }'
+++ git show --no-patch --format=%ci
++ date -u --date '2024-03-03 17:37:00 +0530' +%Y-%m-%dT%H:%M:%SZ
+ writetaskstat exec_repo_commit_date 2024-03-03T12:07:00Z
+ jq -nc --arg key exec_repo_commit_date --arg value 2024-03-03T12:07:00Z '{ key: $key, value: $value }'
+ '[' -z ./ ']'
+ pushd ./
+ tailwind_config_file_name=
+ '[' -f tailwind.config.js ']'
+ tailwind_config_file_name=tailwind.config.js
+ writetaskstat exec_tailwind_config_file tailwind.config.js
+ jq -nc --arg key exec_tailwind_config_file --arg value tailwind.config.js '{ key: $key, value: $value }'
/tmp/twcr-7ee431cf6617 /tmp/twcr-7ee431cf6617 /twcr
+ cp tailwind.config.js /twcr/mnt/results/extract-raw-tailwind-config.js
+ '[' '!' -f package.json ']'
+ cp package.json /twcr/mnt/results/extract-raw-package.json
++ /twcr/worker/../worker/pm-detect.sh /tmp/twcr-7ee431cf6617
+ package_manager_name=pnpm
+ '[' -z pnpm ']'
+ '[' -z pnpm ']'
+ writetaskstat exec_node_package_manager pnpm
+ jq -nc --arg key exec_node_package_manager --arg value pnpm '{ key: $key, value: $value }'
+ attempt_mode=squash
+ true
++ date -u +%Y-%m-%dT%H:%M:%SZ
+ writetaskstat timestamp_attempt_squash_begin 2024-03-04T03:50:11Z
+ jq -nc --arg key timestamp_attempt_squash_begin --arg value 2024-03-04T03:50:11Z '{ key: $key, value: $value }'
+ [[ squash == \s\q\u\a\s\h ]]
+ set +e
+ node /twcr/worker/../worker/squash-package.mjs tailwind.config.js
+ exitcode=0
+ set -e
+ [[ 0 != \0 ]]
+ cat package.json
+ sed 's/^/>>> /'
>>> {
>>>   "name": "LinksHub",
>>>   "version": "0.1.0",
>>>   "private": true,
>>>   "dependencies": {
>>>     "daisyui": "^2.51.5"
>>>   },
>>>   "devDependencies": {
>>>     "tailwindcss": "^3.3.1"
>>>   }
>>> }+ rm -f package-lock.json pnpm-lock.yaml yarn.lock
+ '[' ./ '!=' ./ ']'
+ set +e
+ /twcr/worker/../worker/pm-install.sh pnpm /tmp/twcr-7ee431cf6617 /twcr/mnt/results
+ package_manager_name=pnpm
+ procdir=/tmp/twcr-7ee431cf6617
+ datadir=/twcr/mnt/results
+ case "${package_manager_name}" in
+ '[' '!' -f /tmp/twcr-7ee431cf6617/package.json ']'
++ pnpm -v
+ sed -Ei 's/("pnpm": ")(.+)(")/\18.15.4\3/' /tmp/twcr-7ee431cf6617/package.json
+ '[' '!' -f package.json ']'
++ pnpm -v
+ sed -Ei 's/("pnpm": ")(.+)(")/\18.15.4\3/' package.json
+ pnpm install
Progress: resolved 1, reused 0, downloaded 0, added 0
Progress: resolved 22, reused 0, downloaded 12, added 0
Progress: resolved 51, reused 0, downloaded 43, added 0
Progress: resolved 82, reused 0, downloaded 66, added 0
Progress: resolved 113, reused 0, downloaded 101, added 0
Packages: +121
++++++++++++++++++++++++++++++++++++++++++++++++++++++++++++++++++++++++++++++++
Progress: resolved 122, reused 0, downloaded 121, added 121, done

dependencies:
+ daisyui 2.52.0 (4.7.2 is available)

devDependencies:
+ tailwindcss 3.4.1

Done in 6.2s
+ pnpm ls --json
+ jq -cr '
        .[]
        | [.dependencies, .devDependencies, .optionalDependencies]
        | map(select(.))[]
        | to_entries
        | map({ name: .key, version: .value.version })
        | sort_by(.name)[]
      '
+ exitcode=0
+ set -e
+ [[ 0 != \0 ]]
++ jq -sr 'map(select(.name == "tailwindcss")) | first | .version'
+ tailwind_package_version=3.4.1
+ tailwind_config_exporter=tailwind.config.exporter2.cjs
+ '[' -f node_modules/tailwindcss/lib/lib/load-config.js ']'
+ tailwind_config_exporter=tailwind.config.exporter3.mjs
+ cp /twcr/worker/../worker/tailwind.config.exporter3.mjs ./
+ set +e
+ node ./tailwind.config.exporter3.mjs tailwind.config.js
+ exitcode=0
+ set -e
+ [[ 0 != \0 ]]
+ echo 'module.exports={plugins:['
+ jq -rs '
        map(select(.name | startswith("@tailwindcss/")))
        | map("require(" + ( .name | tojson ) + "),")[]
      '
+ grep -Ev '"@tailwindcss/postcss7-compat"'
+ true
+ echo ']}'
+ cat tailwind.config.js
+ sed 's/^/>>> /'
>>> module.exports={plugins:[
>>> ]}
+ node ./tailwind.config.exporter3.mjs tailwind.config.js
++ date -u +%Y-%m-%dT%H:%M:%SZ
+ writetaskstat timestamp_attempt_squash_end 2024-03-04T03:50:19Z
+ jq -nc --arg key timestamp_attempt_squash_end --arg value 2024-03-04T03:50:19Z '{ key: $key, value: $value }'
+ break
++ date -u +%Y-%m-%dT%H:%M:%SZ
+ writetaskstat timestamp_end 2024-03-04T03:50:19Z
+ jq -nc --arg key timestamp_end --arg value 2024-03-04T03:50:19Z '{ key: $key, value: $value }'
+ rm /twcr/mnt/results/extract-failed
+ touch /twcr/mnt/results/extract-completed
