==== RUN-DOCKER
+++ dirname -- ./worker/run.sh
++ cd -- ./worker
++ pwd
+ twcrdir=/twcr/worker/..
+ repo=github.com/Levminer/authme
+ reporef=dev
+ repopath=./website
+ '[' true == true ']'
+ grep -q '^././'
++ echo github.com/Levminer/authme
++ sha256sum
++ awk '{ print $1 }'
++ cut -c1-12
+ procdir=/tmp/twcr-ba3e3c754381
++ echo 'github.com/Levminer/authme;dev;./website'
++ sha256sum
++ awk '{ print $1 }'
++ cut -c1-12
+ datadir=/twcr/worker/../mnt/dataset/data/beb2509d4701
+ '[' '!' -z /twcr/mnt/results ']'
+ datadir=/twcr/mnt/results
+ touch /twcr/mnt/results/extract-failed
++ base64
++ tr -d =
++ tr /+ _-
++ base64
++ tr -d =
++ tr /+ _-
+ writetaskstat analysis_key github.com/Levminer/authme/ZGV2Cg/Li93ZWJzaXRlCg
+ jq -nc --arg key analysis_key --arg value github.com/Levminer/authme/ZGV2Cg/Li93ZWJzaXRlCg '{ key: $key, value: $value }'
++ date -u +%Y%m%d%H%M%S
++ sha256sum
++ awk '{ print $1 }'
++ cut -c1-16
++ head -c 32 /dev/urandom
+ writetaskstat analysis_nonce b41864f82ee362f3
+ jq -nc --arg key analysis_nonce --arg value b41864f82ee362f3 '{ key: $key, value: $value }'
+ writetaskstat input_repo_name github.com/Levminer/authme
+ jq -nc --arg key input_repo_name --arg value github.com/Levminer/authme '{ key: $key, value: $value }'
+ writetaskstat input_repo_ref dev
+ jq -nc --arg key input_repo_ref --arg value dev '{ key: $key, value: $value }'
+ writetaskstat input_repo_path ./website
+ jq -nc --arg key input_repo_path --arg value ./website '{ key: $key, value: $value }'
++ date -u +%Y-%m-%dT%H:%M:%SZ
+ writetaskstat timestamp_begin 2024-03-05T01:12:38Z
+ jq -nc --arg key timestamp_begin --arg value 2024-03-05T01:12:38Z '{ key: $key, value: $value }'
+ mkdir -p /tmp/twcr-ba3e3c754381
+ pushd /tmp/twcr-ba3e3c754381
+ '[' -d .git ']'
+ git clone --depth=1 -b dev https://github.com/Levminer/authme.git .
/tmp/twcr-ba3e3c754381 /twcr
Cloning into '.'...
++ date -u +%Y-%m-%dT%H:%M:%SZ
+ writetaskstat timestamp_git_clone_complete 2024-03-05T01:12:39Z
+ jq -nc --arg key timestamp_git_clone_complete --arg value 2024-03-05T01:12:39Z '{ key: $key, value: $value }'
++ git rev-parse HEAD
+ writetaskstat exec_repo_commit_sha ba7dd333c1a81610aea8c491434178bd620c496e
+ jq -nc --arg key exec_repo_commit_sha --arg value ba7dd333c1a81610aea8c491434178bd620c496e '{ key: $key, value: $value }'
+++ git show --no-patch --format=%ci
++ date -u --date '2024-03-04 11:07:49 +0100' +%Y-%m-%dT%H:%M:%SZ
+ writetaskstat exec_repo_commit_date 2024-03-04T10:07:49Z
+ jq -nc --arg key exec_repo_commit_date --arg value 2024-03-04T10:07:49Z '{ key: $key, value: $value }'
+ '[' -z ./website ']'
+ pushd ./website
+ tailwind_config_file_name=
+ '[' -f tailwind.config.js ']'
+ tailwind_config_file_name=tailwind.config.js
+ writetaskstat exec_tailwind_config_file tailwind.config.js
+ jq -nc --arg key exec_tailwind_config_file --arg value tailwind.config.js '{ key: $key, value: $value }'
/tmp/twcr-ba3e3c754381/website /tmp/twcr-ba3e3c754381 /twcr
+ cp tailwind.config.js /twcr/mnt/results/extract-raw-tailwind-config.js
+ '[' '!' -f package.json ']'
+ cp package.json /twcr/mnt/results/extract-raw-package.json
++ /twcr/worker/../worker/pm-detect.sh /tmp/twcr-ba3e3c754381/website
+ package_manager_name=
+ '[' -z '' ']'
+ '[' ./website '!=' ./ ']'
++ /twcr/worker/../worker/pm-detect.sh /tmp/twcr-ba3e3c754381
+ package_manager_name=
+ '[' -z '' ']'
+ package_manager_name=npm
+ writetaskstat exec_node_package_manager npm
+ jq -nc --arg key exec_node_package_manager --arg value npm '{ key: $key, value: $value }'
+ attempt_mode=squash
+ true
++ date -u +%Y-%m-%dT%H:%M:%SZ
+ writetaskstat timestamp_attempt_squash_begin 2024-03-05T01:12:39Z
+ jq -nc --arg key timestamp_attempt_squash_begin --arg value 2024-03-05T01:12:39Z '{ key: $key, value: $value }'
+ [[ squash == \s\q\u\a\s\h ]]
+ set +e
+ node /twcr/worker/../worker/squash-package.mjs tailwind.config.js
+ exitcode=0
+ set -e
+ [[ 0 != \0 ]]
+ cat package.json
+ sed 's/^/>>> /'
>>> {
>>>   "name": "authme-website",
>>>   "version": "0.0.1",
>>>   "private": true,
>>>   "devDependencies": {
>>>     "tailwindcss": "^3.3.2"
>>>   },
>>>   "type": "module",
>>>   "dependencies": {}
>>> }+ rm -f package-lock.json pnpm-lock.yaml yarn.lock
+ '[' ./website '!=' ./ ']'
+ rm -f /tmp/twcr-ba3e3c754381/package.json /tmp/twcr-ba3e3c754381/package-lock.json /tmp/twcr-ba3e3c754381/pnpm-lock.yaml /tmp/twcr-ba3e3c754381/yarn.lock
+ set +e
+ /twcr/worker/../worker/pm-install.sh npm /tmp/twcr-ba3e3c754381 /twcr/mnt/results
+ package_manager_name=npm
+ procdir=/tmp/twcr-ba3e3c754381
+ datadir=/twcr/mnt/results
+ case "${package_manager_name}" in
++ '[' -f package-lock.json ']'
++ echo install
+ npm install --ignore-engines

added 112 packages, and audited 113 packages in 4s

28 packages are looking for funding
  run `npm fund` for details

found 0 vulnerabilities
npm notice 
npm notice New minor version of npm available! 10.2.4 -> 10.5.0
npm notice Changelog: <https://github.com/npm/cli/releases/tag/v10.5.0>
npm notice Run `npm install -g npm@10.5.0` to update!
npm notice 
+ npm query '*'
+ jq -cr '
        map({ name: .name, version: .version })
        | map(select(.name))
        | sort_by(.name)[]
      '
+ exitcode=0
+ set -e
+ [[ 0 != \0 ]]
++ jq -sr 'map(select(.name == "tailwindcss")) | first | .version'
+ tailwind_package_version=3.4.1
+ tailwind_config_exporter=tailwind.config.exporter2.cjs
+ '[' -f node_modules/tailwindcss/lib/lib/load-config.js ']'
+ tailwind_config_exporter=tailwind.config.exporter3.mjs
+ cp /twcr/worker/../worker/tailwind.config.exporter3.mjs ./
+ set +e
+ node ./tailwind.config.exporter3.mjs tailwind.config.js
+ exitcode=0
+ set -e
+ [[ 0 != \0 ]]
+ echo 'module.exports={plugins:['
+ jq -rs '
        map(select(.name | startswith("@tailwindcss/")))
        | map("require(" + ( .name | tojson ) + "),")[]
      '
+ grep -Ev '"@tailwindcss/postcss7-compat"'
+ true
+ echo ']}'
+ cat tailwind.config.js
+ sed 's/^/>>> /'
>>> module.exports={plugins:[
>>> ]}
+ node ./tailwind.config.exporter3.mjs tailwind.config.js
++ date -u +%Y-%m-%dT%H:%M:%SZ
+ writetaskstat timestamp_attempt_squash_end 2024-03-05T01:12:44Z
+ jq -nc --arg key timestamp_attempt_squash_end --arg value 2024-03-05T01:12:44Z '{ key: $key, value: $value }'
+ break
++ date -u +%Y-%m-%dT%H:%M:%SZ
+ writetaskstat timestamp_end 2024-03-05T01:12:44Z
+ jq -nc --arg key timestamp_end --arg value 2024-03-05T01:12:44Z '{ key: $key, value: $value }'
+ rm /twcr/mnt/results/extract-failed
+ touch /twcr/mnt/results/extract-completed
