==== RUN-DOCKER
+++ dirname -- ./worker/run.sh
++ cd -- ./worker
++ pwd
+ twcrdir=/twcr/worker/..
+ repo=github.com/calcom/cal.com
+ reporef=main
+ repopath=./apps/web
+ '[' true == true ']'
+ grep -q '^././'
++ echo github.com/calcom/cal.com
++ sha256sum
++ awk '{ print $1 }'
++ cut -c1-12
+ procdir=/tmp/twcr-b0fe062aab22
++ echo 'github.com/calcom/cal.com;main;./apps/web'
++ sha256sum
++ awk '{ print $1 }'
++ cut -c1-12
+ datadir=/twcr/worker/../mnt/dataset/data/cb43906f1ddf
+ '[' '!' -z /twcr/mnt/results ']'
+ datadir=/twcr/mnt/results
+ touch /twcr/mnt/results/extract-failed
++ base64
++ tr -d =
++ tr /+ _-
++ base64
++ tr -d =
++ tr /+ _-
+ writetaskstat analysis_key github.com/calcom/cal.com/bWFpbgo/Li9hcHBzL3dlYgo
+ jq -nc --arg key analysis_key --arg value github.com/calcom/cal.com/bWFpbgo/Li9hcHBzL3dlYgo '{ key: $key, value: $value }'
++ date -u +%Y%m%d%H%M%S
++ sha256sum
++ awk '{ print $1 }'
++ cut -c1-16
++ head -c 32 /dev/urandom
+ writetaskstat analysis_nonce 0427884215ce61f6
+ jq -nc --arg key analysis_nonce --arg value 0427884215ce61f6 '{ key: $key, value: $value }'
+ writetaskstat input_repo_name github.com/calcom/cal.com
+ jq -nc --arg key input_repo_name --arg value github.com/calcom/cal.com '{ key: $key, value: $value }'
+ writetaskstat input_repo_ref main
+ jq -nc --arg key input_repo_ref --arg value main '{ key: $key, value: $value }'
+ writetaskstat input_repo_path ./apps/web
+ jq -nc --arg key input_repo_path --arg value ./apps/web '{ key: $key, value: $value }'
++ date -u +%Y-%m-%dT%H:%M:%SZ
+ writetaskstat timestamp_begin 2024-03-03T22:59:45Z
+ jq -nc --arg key timestamp_begin --arg value 2024-03-03T22:59:45Z '{ key: $key, value: $value }'
+ mkdir -p /tmp/twcr-b0fe062aab22
/tmp/twcr-b0fe062aab22 /twcr
+ pushd /tmp/twcr-b0fe062aab22
+ '[' -d .git ']'
+ git clone --depth=1 -b main https://github.com/calcom/cal.com.git .
Cloning into '.'...
++ date -u +%Y-%m-%dT%H:%M:%SZ
+ writetaskstat timestamp_git_clone_complete 2024-03-03T22:59:53Z
+ jq -nc --arg key timestamp_git_clone_complete --arg value 2024-03-03T22:59:53Z '{ key: $key, value: $value }'
++ git rev-parse HEAD
+ writetaskstat exec_repo_commit_sha 92a919069d50b9bd1424809c92ad1e8437847bbc
+ jq -nc --arg key exec_repo_commit_sha --arg value 92a919069d50b9bd1424809c92ad1e8437847bbc '{ key: $key, value: $value }'
+++ git show --no-patch --format=%ci
++ date -u --date '2024-03-02 22:29:40 +0000' +%Y-%m-%dT%H:%M:%SZ
+ writetaskstat exec_repo_commit_date 2024-03-02T22:29:40Z
+ jq -nc --arg key exec_repo_commit_date --arg value 2024-03-02T22:29:40Z '{ key: $key, value: $value }'
+ '[' -z ./apps/web ']'
+ pushd ./apps/web
+ tailwind_config_file_name=
+ '[' -f tailwind.config.js ']'
+ tailwind_config_file_name=tailwind.config.js
+ writetaskstat exec_tailwind_config_file tailwind.config.js
+ jq -nc --arg key exec_tailwind_config_file --arg value tailwind.config.js '{ key: $key, value: $value }'
/tmp/twcr-b0fe062aab22/apps/web /tmp/twcr-b0fe062aab22 /twcr
+ cp tailwind.config.js /twcr/mnt/results/extract-raw-tailwind-config.js
+ '[' '!' -f package.json ']'
+ cp package.json /twcr/mnt/results/extract-raw-package.json
++ /twcr/worker/../worker/pm-detect.sh /tmp/twcr-b0fe062aab22/apps/web
+ package_manager_name=yarn
+ '[' -z yarn ']'
+ '[' -z yarn ']'
+ writetaskstat exec_node_package_manager yarn
+ jq -nc --arg key exec_node_package_manager --arg value yarn '{ key: $key, value: $value }'
+ attempt_mode=squash
+ true
++ date -u +%Y-%m-%dT%H:%M:%SZ
+ writetaskstat timestamp_attempt_squash_begin 2024-03-03T22:59:53Z
+ jq -nc --arg key timestamp_attempt_squash_begin --arg value 2024-03-03T22:59:53Z '{ key: $key, value: $value }'
+ [[ squash == \s\q\u\a\s\h ]]
+ set +e
+ node /twcr/worker/../worker/squash-package.mjs tailwind.config.js
+ exitcode=0
+ set -e
+ [[ 0 != \0 ]]
+ cat package.json
+ sed 's/^/>>> /'
>>> {
>>>   "name": "@calcom/web",
>>>   "version": "3.8.5",
>>>   "private": true,
>>>   "engines": {
>>>     "node": "18",
>>>     "yarn": "3.4.1"
>>>   },
>>>   "dependencies": {},
>>>   "devDependencies": {
>>>     "@calcom/config": "*",
>>>     "tailwindcss": "^3.3.3",
>>>     "tailwindcss-animate": "^1.0.6"
>>>   },
>>>   "nextBundleAnalysis": {
>>>     "budget": 358400,
>>>     "budgetPercentIncreaseRed": 20,
>>>     "minimumChangeThreshold": 500,
>>>     "showDetails": true
>>>   }
>>> }+ rm -f package-lock.json pnpm-lock.yaml yarn.lock
+ '[' ./apps/web '!=' ./ ']'
+ rm -f /tmp/twcr-b0fe062aab22/package.json /tmp/twcr-b0fe062aab22/package-lock.json /tmp/twcr-b0fe062aab22/pnpm-lock.yaml /tmp/twcr-b0fe062aab22/yarn.lock
+ set +e
+ /twcr/worker/../worker/pm-install.sh yarn /tmp/twcr-b0fe062aab22 /twcr/mnt/results
+ package_manager_name=yarn
+ procdir=/tmp/twcr-b0fe062aab22
+ datadir=/twcr/mnt/results
+ case "${package_manager_name}" in
+ '[' -z http://tid_444b2fc41203:ok@172.18.0.2:3128 ']'
+ yarn config set httpProxy http://tid_444b2fc41203:ok@172.18.0.2:3128
➤ YN0000: Successfully set httpProxy to 'http://tid_444b2fc41203:ok@172.18.0.2:3128'
+ yarn config set proxy http://tid_444b2fc41203:ok@172.18.0.2:3128
Usage Error: Couldn't find a configuration settings named "proxy"

$ yarn config set [--json] [-H,--home] <name> <value>
+ exitcode=1
+ set -e
+ [[ 1 != \0 ]]
+ [[ squash == \s\q\u\a\s\h ]]
+ echo '[worker] WARN: package manager failed; retrying with full install'
[worker] WARN: package manager failed; retrying with full install
+ attempt_mode=full
+ continue
+ true
++ date -u +%Y-%m-%dT%H:%M:%SZ
+ writetaskstat timestamp_attempt_full_begin 2024-03-03T22:59:55Z
+ jq -nc --arg key timestamp_attempt_full_begin --arg value 2024-03-03T22:59:55Z '{ key: $key, value: $value }'
+ [[ full == \s\q\u\a\s\h ]]
+ git clean -fdx
Removing .yarnrc.yml
+ git reset --hard
HEAD is now at 92a9190 feat: Implement secondary email (#13678)
+ set +e
+ /twcr/worker/../worker/pm-install.sh yarn /tmp/twcr-b0fe062aab22 /twcr/mnt/results
+ package_manager_name=yarn
+ procdir=/tmp/twcr-b0fe062aab22
+ datadir=/twcr/mnt/results
+ case "${package_manager_name}" in
+ '[' -z http://tid_444b2fc41203:ok@172.18.0.2:3128 ']'
+ yarn config set httpProxy http://tid_444b2fc41203:ok@172.18.0.2:3128
➤ YN0000: Successfully set httpProxy to 'http://tid_444b2fc41203:ok@172.18.0.2:3128'
+ yarn config set proxy http://tid_444b2fc41203:ok@172.18.0.2:3128
Usage Error: Couldn't find a configuration settings named "proxy"

$ yarn config set [--json] [-H,--home] <name> <value>
+ exitcode=1
+ set -e
+ [[ 1 != \0 ]]
+ [[ full == \s\q\u\a\s\h ]]
+ exit 1
