==== RUN-DOCKER
+++ dirname -- ./worker/run.sh
++ cd -- ./worker
++ pwd
+ twcrdir=/twcr/worker/..
+ repo=github.com/Sync-Codes/AniKo
+ reporef=master
+ repopath=./
+ '[' true == true ']'
+ grep -q '^././'
++ echo github.com/Sync-Codes/AniKo
++ sha256sum
++ awk '{ print $1 }'
++ cut -c1-12
+ procdir=/tmp/twcr-7f34629cbce5
++ echo 'github.com/Sync-Codes/AniKo;master;./'
++ sha256sum
++ awk '{ print $1 }'
++ cut -c1-12
+ datadir=/twcr/worker/../mnt/dataset/data/dcd702acb0e0
+ '[' '!' -z /twcr/mnt/results ']'
+ datadir=/twcr/mnt/results
+ touch /twcr/mnt/results/extract-failed
++ base64
++ tr -d =
++ tr /+ _-
++ base64
++ tr -d =
++ tr /+ _-
+ writetaskstat analysis_key github.com/Sync-Codes/AniKo/bWFzdGVyCg/Li8K
+ jq -nc --arg key analysis_key --arg value github.com/Sync-Codes/AniKo/bWFzdGVyCg/Li8K '{ key: $key, value: $value }'
++ date -u +%Y%m%d%H%M%S
++ sha256sum
++ awk '{ print $1 }'
++ cut -c1-16
++ head -c 32 /dev/urandom
+ writetaskstat analysis_nonce 2a8151df8bdc84c2
+ jq -nc --arg key analysis_nonce --arg value 2a8151df8bdc84c2 '{ key: $key, value: $value }'
+ writetaskstat input_repo_name github.com/Sync-Codes/AniKo
+ jq -nc --arg key input_repo_name --arg value github.com/Sync-Codes/AniKo '{ key: $key, value: $value }'
+ writetaskstat input_repo_ref master
+ jq -nc --arg key input_repo_ref --arg value master '{ key: $key, value: $value }'
+ writetaskstat input_repo_path ./
+ jq -nc --arg key input_repo_path --arg value ./ '{ key: $key, value: $value }'
++ date -u +%Y-%m-%dT%H:%M:%SZ
+ writetaskstat timestamp_begin 2024-03-05T10:59:49Z
+ jq -nc --arg key timestamp_begin --arg value 2024-03-05T10:59:49Z '{ key: $key, value: $value }'
+ mkdir -p /tmp/twcr-7f34629cbce5
+ pushd /tmp/twcr-7f34629cbce5
+ '[' -d .git ']'
+ git clone --depth=1 -b master https://github.com/Sync-Codes/AniKo.git .
/tmp/twcr-7f34629cbce5 /twcr
Cloning into '.'...
++ date -u +%Y-%m-%dT%H:%M:%SZ
+ writetaskstat timestamp_git_clone_complete 2024-03-05T10:59:50Z
+ jq -nc --arg key timestamp_git_clone_complete --arg value 2024-03-05T10:59:50Z '{ key: $key, value: $value }'
++ git rev-parse HEAD
+ writetaskstat exec_repo_commit_sha 4e08c5029f43ee6cfec36004e105c02b45a0f291
+ jq -nc --arg key exec_repo_commit_sha --arg value 4e08c5029f43ee6cfec36004e105c02b45a0f291 '{ key: $key, value: $value }'
+++ git show --no-patch --format=%ci
++ date -u --date '2022-09-03 19:17:12 +0530' +%Y-%m-%dT%H:%M:%SZ
+ writetaskstat exec_repo_commit_date 2022-09-03T13:47:12Z
+ jq -nc --arg key exec_repo_commit_date --arg value 2022-09-03T13:47:12Z '{ key: $key, value: $value }'
+ '[' -z ./ ']'
+ pushd ./
+ tailwind_config_file_name=
+ '[' -f tailwind.config.js ']'
+ tailwind_config_file_name=tailwind.config.js
+ writetaskstat exec_tailwind_config_file tailwind.config.js
+ jq -nc --arg key exec_tailwind_config_file --arg value tailwind.config.js '{ key: $key, value: $value }'
/tmp/twcr-7f34629cbce5 /tmp/twcr-7f34629cbce5 /twcr
+ cp tailwind.config.js /twcr/mnt/results/extract-raw-tailwind-config.js
+ '[' '!' -f package.json ']'
+ cp package.json /twcr/mnt/results/extract-raw-package.json
++ /twcr/worker/../worker/pm-detect.sh /tmp/twcr-7f34629cbce5
+ package_manager_name=
+ '[' -z '' ']'
+ '[' ./ '!=' ./ ']'
+ '[' -z '' ']'
+ package_manager_name=npm
+ writetaskstat exec_node_package_manager npm
+ jq -nc --arg key exec_node_package_manager --arg value npm '{ key: $key, value: $value }'
+ attempt_mode=squash
+ true
++ date -u +%Y-%m-%dT%H:%M:%SZ
+ writetaskstat timestamp_attempt_squash_begin 2024-03-05T10:59:50Z
+ jq -nc --arg key timestamp_attempt_squash_begin --arg value 2024-03-05T10:59:50Z '{ key: $key, value: $value }'
+ [[ squash == \s\q\u\a\s\h ]]
+ set +e
+ node /twcr/worker/../worker/squash-package.mjs tailwind.config.js
+ exitcode=0
+ set -e
+ [[ 0 != \0 ]]
+ cat package.json
+ sed 's/^/>>> /'
>>> {
>>>   "name": "aniko",
>>>   "version": "0.1.0",
>>>   "private": true,
>>>   "dependencies": {
>>>     "@tailwindcss/aspect-ratio": "^0.2.0",
>>>     "@tailwindcss/line-clamp": "^0.2.1",
>>>     "tailwindcss": "npm:@tailwindcss/postcss7-compat@^2.1.2"
>>>   },
>>>   "devDependencies": {},
>>>   "eslintConfig": {
>>>     "root": true,
>>>     "env": {
>>>       "node": true
>>>     },
>>>     "extends": [
>>>       "plugin:vue/essential",
>>>       "eslint:recommended"
>>>     ],
>>>     "parserOptions": {
>>>       "parser": "babel-eslint"
>>>     },
>>>     "rules": {}
>>>   },
>>>   "browserslist": [
>>>     "> 1%",
>>>     "last 2 versions",
>>>     "not dead"
>>>   ]
>>> }+ rm -f package-lock.json pnpm-lock.yaml yarn.lock
+ '[' ./ '!=' ./ ']'
+ set +e
+ /twcr/worker/../worker/pm-install.sh npm /tmp/twcr-7f34629cbce5 /twcr/mnt/results
+ package_manager_name=npm
+ procdir=/tmp/twcr-7f34629cbce5
+ datadir=/twcr/mnt/results
+ case "${package_manager_name}" in
++ '[' -f package-lock.json ']'
++ echo install
+ npm install --ignore-engines

added 161 packages, and audited 162 packages in 9s

26 packages are looking for funding
  run `npm fund` for details

6 moderate severity vulnerabilities

To address issues that do not require attention, run:
  npm audit fix

Some issues need review, and may require choosing
a different dependency.

Run `npm audit` for details.
npm notice 
npm notice New minor version of npm available! 10.2.4 -> 10.5.0
npm notice Changelog: <https://github.com/npm/cli/releases/tag/v10.5.0>
npm notice Run `npm install -g npm@10.5.0` to update!
npm notice 
+ npm query '*'
+ jq -cr '
        map({ name: .name, version: .version })
        | map(select(.name))
        | sort_by(.name)[]
      '
+ exitcode=0
+ set -e
+ [[ 0 != \0 ]]
++ jq -sr 'map(select(.name == "tailwindcss")) | first | .version'
+ tailwind_package_version=null
+ tailwind_config_exporter=tailwind.config.exporter2.cjs
+ '[' -f node_modules/tailwindcss/lib/lib/load-config.js ']'
+ cp /twcr/worker/../worker/tailwind.config.exporter2.cjs ./
+ set +e
+ node ./tailwind.config.exporter2.cjs tailwind.config.js
+ exitcode=0
+ set -e
+ [[ 0 != \0 ]]
+ echo 'module.exports={plugins:['
+ jq -rs '
        map(select(.name | startswith("@tailwindcss/")))
        | map("require(" + ( .name | tojson ) + "),")[]
      '
+ grep -Ev '"@tailwindcss/postcss7-compat"'
+ echo ']}'
+ cat tailwind.config.js
+ sed 's/^/>>> /'
>>> module.exports={plugins:[
>>> require("@tailwindcss/aspect-ratio"),
>>> require("@tailwindcss/line-clamp"),
>>> ]}
+ node ./tailwind.config.exporter2.cjs tailwind.config.js
++ date -u +%Y-%m-%dT%H:%M:%SZ
+ writetaskstat timestamp_attempt_squash_end 2024-03-05T11:00:00Z
+ jq -nc --arg key timestamp_attempt_squash_end --arg value 2024-03-05T11:00:00Z '{ key: $key, value: $value }'
+ break
++ date -u +%Y-%m-%dT%H:%M:%SZ
+ writetaskstat timestamp_end 2024-03-05T11:00:00Z
+ jq -nc --arg key timestamp_end --arg value 2024-03-05T11:00:00Z '{ key: $key, value: $value }'
+ rm /twcr/mnt/results/extract-failed
+ touch /twcr/mnt/results/extract-completed
