==== RUN-DOCKER
+++ dirname -- ./worker/run.sh
++ cd -- ./worker
++ pwd
+ twcrdir=/twcr/worker/..
+ repo=github.com/ThePHPF/thephp.foundation
+ reporef=main
+ repopath=./
+ '[' true == true ']'
+ grep -q '^././'
++ echo github.com/ThePHPF/thephp.foundation
++ sha256sum
++ awk '{ print $1 }'
++ cut -c1-12
+ procdir=/tmp/twcr-c0586c52fd7a
++ echo 'github.com/ThePHPF/thephp.foundation;main;./'
++ sha256sum
++ awk '{ print $1 }'
++ cut -c1-12
+ datadir=/twcr/worker/../mnt/dataset/data/ed08d3889863
+ '[' '!' -z /twcr/mnt/results ']'
+ datadir=/twcr/mnt/results
+ touch /twcr/mnt/results/extract-failed
++ base64
++ tr -d =
++ tr /+ _-
++ base64
++ tr -d =
++ tr /+ _-
+ writetaskstat analysis_key github.com/ThePHPF/thephp.foundation/bWFpbgo/Li8K
+ jq -nc --arg key analysis_key --arg value github.com/ThePHPF/thephp.foundation/bWFpbgo/Li8K '{ key: $key, value: $value }'
++ date -u +%Y%m%d%H%M%S
++ sha256sum
++ awk '{ print $1 }'
++ cut -c1-16
++ head -c 32 /dev/urandom
+ writetaskstat analysis_nonce 7199beb3e75f4850
+ jq -nc --arg key analysis_nonce --arg value 7199beb3e75f4850 '{ key: $key, value: $value }'
+ writetaskstat input_repo_name github.com/ThePHPF/thephp.foundation
+ jq -nc --arg key input_repo_name --arg value github.com/ThePHPF/thephp.foundation '{ key: $key, value: $value }'
+ writetaskstat input_repo_ref main
+ jq -nc --arg key input_repo_ref --arg value main '{ key: $key, value: $value }'
+ writetaskstat input_repo_path ./
+ jq -nc --arg key input_repo_path --arg value ./ '{ key: $key, value: $value }'
++ date -u +%Y-%m-%dT%H:%M:%SZ
+ writetaskstat timestamp_begin 2024-03-04T06:45:19Z
+ jq -nc --arg key timestamp_begin --arg value 2024-03-04T06:45:19Z '{ key: $key, value: $value }'
+ mkdir -p /tmp/twcr-c0586c52fd7a
+ pushd /tmp/twcr-c0586c52fd7a
+ '[' -d .git ']'
+ git clone --depth=1 -b main https://github.com/ThePHPF/thephp.foundation.git .
/tmp/twcr-c0586c52fd7a /twcr
Cloning into '.'...
++ date -u +%Y-%m-%dT%H:%M:%SZ
+ writetaskstat timestamp_git_clone_complete 2024-03-04T06:45:20Z
+ jq -nc --arg key timestamp_git_clone_complete --arg value 2024-03-04T06:45:20Z '{ key: $key, value: $value }'
++ git rev-parse HEAD
+ writetaskstat exec_repo_commit_sha 46eb46a2cc196af1da16725e323c92bcd33a0bb6
+ jq -nc --arg key exec_repo_commit_sha --arg value 46eb46a2cc196af1da16725e323c92bcd33a0bb6 '{ key: $key, value: $value }'
+++ git show --no-patch --format=%ci
++ date -u --date '2024-02-28 08:20:34 +0200' +%Y-%m-%dT%H:%M:%SZ
+ writetaskstat exec_repo_commit_date 2024-02-28T06:20:34Z
+ jq -nc --arg key exec_repo_commit_date --arg value 2024-02-28T06:20:34Z '{ key: $key, value: $value }'
/tmp/twcr-c0586c52fd7a /tmp/twcr-c0586c52fd7a /twcr
+ '[' -z ./ ']'
+ pushd ./
+ tailwind_config_file_name=
+ '[' -f tailwind.config.js ']'
+ tailwind_config_file_name=tailwind.config.js
+ writetaskstat exec_tailwind_config_file tailwind.config.js
+ jq -nc --arg key exec_tailwind_config_file --arg value tailwind.config.js '{ key: $key, value: $value }'
+ cp tailwind.config.js /twcr/mnt/results/extract-raw-tailwind-config.js
+ '[' '!' -f package.json ']'
+ cp package.json /twcr/mnt/results/extract-raw-package.json
++ /twcr/worker/../worker/pm-detect.sh /tmp/twcr-c0586c52fd7a
+ package_manager_name=
+ '[' -z '' ']'
+ '[' ./ '!=' ./ ']'
+ '[' -z '' ']'
+ package_manager_name=npm
+ writetaskstat exec_node_package_manager npm
+ jq -nc --arg key exec_node_package_manager --arg value npm '{ key: $key, value: $value }'
+ attempt_mode=squash
+ true
++ date -u +%Y-%m-%dT%H:%M:%SZ
+ writetaskstat timestamp_attempt_squash_begin 2024-03-04T06:45:20Z
+ jq -nc --arg key timestamp_attempt_squash_begin --arg value 2024-03-04T06:45:20Z '{ key: $key, value: $value }'
+ [[ squash == \s\q\u\a\s\h ]]
+ set +e
+ node /twcr/worker/../worker/squash-package.mjs tailwind.config.js
+ exitcode=0
+ set -e
+ [[ 0 != \0 ]]
+ cat package.json
+ sed 's/^/>>> /'
>>> {
>>>   "name": "the-php-foundation",
>>>   "version": "1.0.0",
>>>   "description": "Asset toolchain for thephp.foundation website",
>>>   "main": "tailwind.config.js",
>>>   "devDependencies": {
>>>     "autoprefixer": "^10.4.16",
>>>     "tailwindcss": "^3.3.3"
>>>   },
>>>   "repository": {
>>>     "type": "git",
>>>     "url": "git+ssh://git@github.com/thephpf/thephp.foundation.git"
>>>   },
>>>   "author": "",
>>>   "license": "ISC",
>>>   "bugs": {
>>>     "url": "https://github.com/thephpf/thephp.foundation/issues"
>>>   },
>>>   "homepage": "https://github.com/thephpf/thephp.foundation"
>>> }+ rm -f package-lock.json pnpm-lock.yaml yarn.lock
+ '[' ./ '!=' ./ ']'
+ set +e
+ /twcr/worker/../worker/pm-install.sh npm /tmp/twcr-c0586c52fd7a /twcr/mnt/results
+ package_manager_name=npm
+ procdir=/tmp/twcr-c0586c52fd7a
+ datadir=/twcr/mnt/results
+ case "${package_manager_name}" in
++ '[' -f package-lock.json ']'
++ echo install
+ npm install --ignore-engines

added 121 packages, and audited 122 packages in 4s

33 packages are looking for funding
  run `npm fund` for details

found 0 vulnerabilities
npm notice 
npm notice New minor version of npm available! 10.2.4 -> 10.5.0
npm notice Changelog: <https://github.com/npm/cli/releases/tag/v10.5.0>
npm notice Run `npm install -g npm@10.5.0` to update!
npm notice 
+ npm query '*'
+ jq -cr '
        map({ name: .name, version: .version })
        | map(select(.name))
        | sort_by(.name)[]
      '
+ exitcode=0
+ set -e
+ [[ 0 != \0 ]]
++ jq -sr 'map(select(.name == "tailwindcss")) | first | .version'
+ tailwind_package_version=3.4.1
+ tailwind_config_exporter=tailwind.config.exporter2.cjs
+ '[' -f node_modules/tailwindcss/lib/lib/load-config.js ']'
+ tailwind_config_exporter=tailwind.config.exporter3.mjs
+ cp /twcr/worker/../worker/tailwind.config.exporter3.mjs ./
+ set +e
+ node ./tailwind.config.exporter3.mjs tailwind.config.js
+ exitcode=0
+ set -e
+ [[ 0 != \0 ]]
+ echo 'module.exports={plugins:['
+ jq -rs '
        map(select(.name | startswith("@tailwindcss/")))
        | map("require(" + ( .name | tojson ) + "),")[]
      '
+ grep -Ev '"@tailwindcss/postcss7-compat"'
+ true
+ echo ']}'
+ cat tailwind.config.js
+ sed 's/^/>>> /'
>>> module.exports={plugins:[
>>> ]}
+ node ./tailwind.config.exporter3.mjs tailwind.config.js
++ date -u +%Y-%m-%dT%H:%M:%SZ
+ writetaskstat timestamp_attempt_squash_end 2024-03-04T06:45:25Z
+ jq -nc --arg key timestamp_attempt_squash_end --arg value 2024-03-04T06:45:25Z '{ key: $key, value: $value }'
+ break
++ date -u +%Y-%m-%dT%H:%M:%SZ
+ writetaskstat timestamp_end 2024-03-04T06:45:25Z
+ jq -nc --arg key timestamp_end --arg value 2024-03-04T06:45:25Z '{ key: $key, value: $value }'
+ rm /twcr/mnt/results/extract-failed
+ touch /twcr/mnt/results/extract-completed
