==== RUN-DOCKER
+++ dirname -- ./worker/run.sh
++ cd -- ./worker
++ pwd
+ twcrdir=/twcr/worker/..
+ repo=github.com/themesberg/flowbite
+ reporef=main
+ repopath=./
+ '[' true == true ']'
+ grep -q '^././'
++ echo github.com/themesberg/flowbite
++ sha256sum
++ awk '{ print $1 }'
++ cut -c1-12
+ procdir=/tmp/twcr-16cfd865ff3d
++ echo 'github.com/themesberg/flowbite;main;./'
++ sha256sum
++ awk '{ print $1 }'
++ cut -c1-12
+ datadir=/twcr/worker/../mnt/dataset/data/c6942e19e262
+ '[' '!' -z /twcr/mnt/results ']'
+ datadir=/twcr/mnt/results
+ touch /twcr/mnt/results/extract-failed
++ base64
++ tr -d =
++ tr /+ _-
++ base64
++ tr -d =
++ tr /+ _-
+ writetaskstat analysis_key github.com/themesberg/flowbite/bWFpbgo/Li8K
+ jq -nc --arg key analysis_key --arg value github.com/themesberg/flowbite/bWFpbgo/Li8K '{ key: $key, value: $value }'
++ date -u +%Y%m%d%H%M%S
++ sha256sum
++ awk '{ print $1 }'
++ cut -c1-16
++ head -c 32 /dev/urandom
+ writetaskstat analysis_nonce a92aaf8f495b18ba
+ jq -nc --arg key analysis_nonce --arg value a92aaf8f495b18ba '{ key: $key, value: $value }'
+ writetaskstat input_repo_name github.com/themesberg/flowbite
+ jq -nc --arg key input_repo_name --arg value github.com/themesberg/flowbite '{ key: $key, value: $value }'
+ writetaskstat input_repo_ref main
+ jq -nc --arg key input_repo_ref --arg value main '{ key: $key, value: $value }'
+ writetaskstat input_repo_path ./
+ jq -nc --arg key input_repo_path --arg value ./ '{ key: $key, value: $value }'
++ date -u +%Y-%m-%dT%H:%M:%SZ
+ writetaskstat timestamp_begin 2024-03-04T01:21:36Z
+ jq -nc --arg key timestamp_begin --arg value 2024-03-04T01:21:36Z '{ key: $key, value: $value }'
+ mkdir -p /tmp/twcr-16cfd865ff3d
+ pushd /tmp/twcr-16cfd865ff3d
+ '[' -d .git ']'
+ git clone --depth=1 -b main https://github.com/themesberg/flowbite.git .
/tmp/twcr-16cfd865ff3d /twcr
Cloning into '.'...
++ date -u +%Y-%m-%dT%H:%M:%SZ
+ writetaskstat timestamp_git_clone_complete 2024-03-04T01:21:38Z
+ jq -nc --arg key timestamp_git_clone_complete --arg value 2024-03-04T01:21:38Z '{ key: $key, value: $value }'
++ git rev-parse HEAD
+ writetaskstat exec_repo_commit_sha fa4ebae8b55172fefbe930d4fada3b66845c1229
+ jq -nc --arg key exec_repo_commit_sha --arg value fa4ebae8b55172fefbe930d4fada3b66845c1229 '{ key: $key, value: $value }'
+++ git show --no-patch --format=%ci
++ date -u --date '2024-02-14 15:24:37 +0200' +%Y-%m-%dT%H:%M:%SZ
+ writetaskstat exec_repo_commit_date 2024-02-14T13:24:37Z
+ jq -nc --arg key exec_repo_commit_date --arg value 2024-02-14T13:24:37Z '{ key: $key, value: $value }'
/tmp/twcr-16cfd865ff3d /tmp/twcr-16cfd865ff3d /twcr
+ '[' -z ./ ']'
+ pushd ./
+ tailwind_config_file_name=
+ '[' -f tailwind.config.js ']'
+ tailwind_config_file_name=tailwind.config.js
+ writetaskstat exec_tailwind_config_file tailwind.config.js
+ jq -nc --arg key exec_tailwind_config_file --arg value tailwind.config.js '{ key: $key, value: $value }'
+ cp tailwind.config.js /twcr/mnt/results/extract-raw-tailwind-config.js
+ '[' '!' -f package.json ']'
+ cp package.json /twcr/mnt/results/extract-raw-package.json
++ /twcr/worker/../worker/pm-detect.sh /tmp/twcr-16cfd865ff3d
+ package_manager_name=pnpm
+ '[' -z pnpm ']'
+ '[' -z pnpm ']'
+ writetaskstat exec_node_package_manager pnpm
+ jq -nc --arg key exec_node_package_manager --arg value pnpm '{ key: $key, value: $value }'
+ attempt_mode=squash
+ true
++ date -u +%Y-%m-%dT%H:%M:%SZ
+ writetaskstat timestamp_attempt_squash_begin 2024-03-04T01:21:38Z
+ jq -nc --arg key timestamp_attempt_squash_begin --arg value 2024-03-04T01:21:38Z '{ key: $key, value: $value }'
+ [[ squash == \s\q\u\a\s\h ]]
+ set +e
+ node /twcr/worker/../worker/squash-package.mjs tailwind.config.js
+ exitcode=0
+ set -e
+ [[ 0 != \0 ]]
+ cat package.json
+ sed 's/^/>>> /'
+ rm -f package-lock.json pnpm-lock.yaml yarn.lock
>>> {
>>>   "name": "flowbite",
>>>   "version": "2.3.0",
>>>   "description": "The most popular library of interactive components built with Tailwind CSS",
>>>   "keywords": [
>>>     "flowbite",
>>>     "typescript",
>>>     "javascript",
>>>     "webpack",
>>>     "html",
>>>     "css",
>>>     "component library",
>>>     "ui components",
>>>     "tailwind",
>>>     "tailwind css",
>>>     "tailwind components",
>>>     "tailwind elements",
>>>     "tailwind library",
>>>     "tailwind sections",
>>>     "tailwind css",
>>>     "tailwind ui",
>>>     "tailwind react",
>>>     "tailwind vue",
>>>     "tailwind angular",
>>>     "tailwind svelte",
>>>     "tailwind django",
>>>     "tailwind ruby on rails",
>>>     "tailwind laravel",
>>>     "tailwind nuxt",
>>>     "tailwind next",
>>>     "tailwind astro",
>>>     "tailwind flask",
>>>     "eslint",
>>>     "prettier",
>>>     "cjs",
>>>     "esm",
>>>     "umd"
>>>   ],
>>>   "license": "MIT",
>>>   "main": "lib/cjs/index.js",
>>>   "module": "lib/esm/index.js",
>>>   "types": "lib/esm/index.d.ts",
>>>   "style": "dist/flowbite.min.css",
>>>   "repository": "https://github.com/themesberg/flowbite.git",
>>>   "bugs": "https://github.com/themesberg/flowbite/issues",
>>>   "homepage": "https://flowbite.com",
>>>   "contributors": [
>>>     "Zoltán Szőgyényi (https://x.com/zoltanszogyenyi)",
>>>     "Robert Tanislav (https://x.com/roberttanislav)"
>>>   ],
>>>   "author": "Bergside Inc.",
>>>   "devDependencies": {
>>>     "tailwindcss": "^3.4.1"
>>>   },
>>>   "dependencies": {},
>>>   "files": [
>>>     "lib",
>>>     "dist",
>>>     "plugin.d.ts",
>>>     "plugin.js",
>>>     "plugin-windicss.js"
>>>   ]
>>> }+ '[' ./ '!=' ./ ']'
+ set +e
+ /twcr/worker/../worker/pm-install.sh pnpm /tmp/twcr-16cfd865ff3d /twcr/mnt/results
+ package_manager_name=pnpm
+ procdir=/tmp/twcr-16cfd865ff3d
+ datadir=/twcr/mnt/results
+ case "${package_manager_name}" in
+ '[' '!' -f /tmp/twcr-16cfd865ff3d/package.json ']'
++ pnpm -v
+ sed -Ei 's/("pnpm": ")(.+)(")/\18.15.4\3/' /tmp/twcr-16cfd865ff3d/package.json
+ '[' '!' -f package.json ']'
++ pnpm -v
+ sed -Ei 's/("pnpm": ")(.+)(")/\18.15.4\3/' package.json
+ pnpm install
Progress: resolved 1, reused 0, downloaded 0, added 0
Progress: resolved 35, reused 0, downloaded 23, added 0
Progress: resolved 72, reused 0, downloaded 59, added 0
Progress: resolved 105, reused 0, downloaded 103, added 0
Packages: +105
++++++++++++++++++++++++++++++++++++++++++++++++++++++++++++++++++++++++++++++++
Progress: resolved 106, reused 0, downloaded 105, added 105, done

devDependencies:
+ tailwindcss 3.4.1

Done in 4.2s
+ pnpm ls --json
+ jq -cr '
        .[]
        | [.dependencies, .devDependencies, .optionalDependencies]
        | map(select(.))[]
        | to_entries
        | map({ name: .key, version: .value.version })
        | sort_by(.name)[]
      '
+ exitcode=0
+ set -e
+ [[ 0 != \0 ]]
++ jq -sr 'map(select(.name == "tailwindcss")) | first | .version'
+ tailwind_package_version=3.4.1
+ tailwind_config_exporter=tailwind.config.exporter2.cjs
+ '[' -f node_modules/tailwindcss/lib/lib/load-config.js ']'
+ tailwind_config_exporter=tailwind.config.exporter3.mjs
+ cp /twcr/worker/../worker/tailwind.config.exporter3.mjs ./
+ set +e
+ node ./tailwind.config.exporter3.mjs tailwind.config.js
node:internal/modules/cjs/loader:1149
  const err = new Error(message);
              ^

Error: Cannot find module 'mini-svg-data-uri'
Require stack:
- /tmp/twcr-16cfd865ff3d/plugin.js
    at Module._resolveFilename (node:internal/modules/cjs/loader:1149:15)
    at Function.resolve (node:internal/modules/helpers:187:19)
    at _resolve (/tmp/twcr-16cfd865ff3d/node_modules/.pnpm/jiti@1.21.0/node_modules/jiti/dist/jiti.js:1:251148)
    at jiti (/tmp/twcr-16cfd865ff3d/node_modules/.pnpm/jiti@1.21.0/node_modules/jiti/dist/jiti.js:1:253746)
    at /tmp/twcr-16cfd865ff3d/plugin.js:2:22
    at evalModule (/tmp/twcr-16cfd865ff3d/node_modules/.pnpm/jiti@1.21.0/node_modules/jiti/dist/jiti.js:1:256443)
    at jiti (/tmp/twcr-16cfd865ff3d/node_modules/.pnpm/jiti@1.21.0/node_modules/jiti/dist/jiti.js:1:254371)
    at /tmp/twcr-16cfd865ff3d/tailwind.config.js:75:9
    at evalModule (/tmp/twcr-16cfd865ff3d/node_modules/.pnpm/jiti@1.21.0/node_modules/jiti/dist/jiti.js:1:256443)
    at jiti (/tmp/twcr-16cfd865ff3d/node_modules/.pnpm/jiti@1.21.0/node_modules/jiti/dist/jiti.js:1:254371) {
  code: 'MODULE_NOT_FOUND',
  requireStack: [ '/tmp/twcr-16cfd865ff3d/plugin.js' ]
}

Node.js v21.6.2
+ exitcode=1
+ set -e
+ [[ 1 != \0 ]]
+ [[ squash == \s\q\u\a\s\h ]]
+ echo '[worker] WARN: exporter failed; retrying with full install'
[worker] WARN: exporter failed; retrying with full install
+ attempt_mode=full
+ continue
+ true
++ date -u +%Y-%m-%dT%H:%M:%SZ
+ writetaskstat timestamp_attempt_full_begin 2024-03-04T01:21:43Z
+ jq -nc --arg key timestamp_attempt_full_begin --arg value 2024-03-04T01:21:43Z '{ key: $key, value: $value }'
+ [[ full == \s\q\u\a\s\h ]]
+ git clean -fdx
Removing node_modules/
Removing tailwind.config.exporter3.mjs
+ git reset --hard
HEAD is now at fa4ebae chore(package): update lock file
+ set +e
+ /twcr/worker/../worker/pm-install.sh pnpm /tmp/twcr-16cfd865ff3d /twcr/mnt/results
+ package_manager_name=pnpm
+ procdir=/tmp/twcr-16cfd865ff3d
+ datadir=/twcr/mnt/results
+ case "${package_manager_name}" in
+ '[' '!' -f /tmp/twcr-16cfd865ff3d/package.json ']'
++ pnpm -v
+ sed -Ei 's/("pnpm": ")(.+)(")/\18.15.4\3/' /tmp/twcr-16cfd865ff3d/package.json
+ '[' '!' -f package.json ']'
++ pnpm -v
+ sed -Ei 's/("pnpm": ")(.+)(")/\18.15.4\3/' package.json
+ pnpm install
Progress: resolved 1, reused 0, downloaded 0, added 0
Progress: resolved 38, reused 1, downloaded 31, added 0
 ERR_PNPM_FETCH_404  GET https://registry.npmjs.org/json5/-/json5-2.3.0.tgz: Not Found - 404

This error happened while installing the dependencies of @babel/core@7.18.13

No authorization header was set for the request.
Progress: resolved 74, reused 6, downloaded 58, added 0
+ exitcode=1
+ set -e
+ [[ 1 != \0 ]]
+ [[ full == \s\q\u\a\s\h ]]
+ exit 1
