==== RUN-DOCKER
+++ dirname -- ./worker/run.sh
++ cd -- ./worker
++ pwd
+ twcrdir=/twcr/worker/..
+ repo=github.com/appcket/appcket-org
+ reporef=main
+ repopath=./marketing
+ '[' true == true ']'
+ grep -q '^././'
++ echo github.com/appcket/appcket-org
++ sha256sum
++ awk '{ print $1 }'
++ cut -c1-12
+ procdir=/tmp/twcr-02795820c9ea
++ echo 'github.com/appcket/appcket-org;main;./marketing'
++ sha256sum
++ awk '{ print $1 }'
++ cut -c1-12
+ datadir=/twcr/worker/../mnt/dataset/data/8aa5f98597c3
+ '[' '!' -z /twcr/mnt/results ']'
+ datadir=/twcr/mnt/results
+ touch /twcr/mnt/results/extract-failed
++ base64
++ tr -d =
++ tr /+ _-
++ base64
++ tr -d =
++ tr /+ _-
+ writetaskstat analysis_key github.com/appcket/appcket-org/bWFpbgo/Li9tYXJrZXRpbmcK
+ jq -nc --arg key analysis_key --arg value github.com/appcket/appcket-org/bWFpbgo/Li9tYXJrZXRpbmcK '{ key: $key, value: $value }'
++ date -u +%Y%m%d%H%M%S
++ sha256sum
++ awk '{ print $1 }'
++ cut -c1-16
++ head -c 32 /dev/urandom
+ writetaskstat analysis_nonce 190deed307e7fd57
+ jq -nc --arg key analysis_nonce --arg value 190deed307e7fd57 '{ key: $key, value: $value }'
+ writetaskstat input_repo_name github.com/appcket/appcket-org
+ jq -nc --arg key input_repo_name --arg value github.com/appcket/appcket-org '{ key: $key, value: $value }'
+ writetaskstat input_repo_ref main
+ jq -nc --arg key input_repo_ref --arg value main '{ key: $key, value: $value }'
+ writetaskstat input_repo_path ./marketing
+ jq -nc --arg key input_repo_path --arg value ./marketing '{ key: $key, value: $value }'
++ date -u +%Y-%m-%dT%H:%M:%SZ
+ writetaskstat timestamp_begin 2024-03-05T12:55:10Z
+ jq -nc --arg key timestamp_begin --arg value 2024-03-05T12:55:10Z '{ key: $key, value: $value }'
+ mkdir -p /tmp/twcr-02795820c9ea
+ pushd /tmp/twcr-02795820c9ea
+ '[' -d .git ']'
+ git clone --depth=1 -b main https://github.com/appcket/appcket-org.git .
/tmp/twcr-02795820c9ea /twcr
Cloning into '.'...
++ date -u +%Y-%m-%dT%H:%M:%SZ
+ writetaskstat timestamp_git_clone_complete 2024-03-05T12:55:11Z
+ jq -nc --arg key timestamp_git_clone_complete --arg value 2024-03-05T12:55:11Z '{ key: $key, value: $value }'
++ git rev-parse HEAD
+ writetaskstat exec_repo_commit_sha 133eb50208509b7c36ced21a49881f6aee7f071c
+ jq -nc --arg key exec_repo_commit_sha --arg value 133eb50208509b7c36ced21a49881f6aee7f071c '{ key: $key, value: $value }'
+++ git show --no-patch --format=%ci
++ date -u --date '2024-01-19 20:42:57 -0600' +%Y-%m-%dT%H:%M:%SZ
+ writetaskstat exec_repo_commit_date 2024-01-20T02:42:57Z
+ jq -nc --arg key exec_repo_commit_date --arg value 2024-01-20T02:42:57Z '{ key: $key, value: $value }'
+ '[' -z ./marketing ']'
+ pushd ./marketing
+ tailwind_config_file_name=
+ '[' -f tailwind.config.js ']'
+ '[' -f tailwind.config.cjs ']'
+ tailwind_config_file_name=tailwind.config.cjs
+ writetaskstat exec_tailwind_config_file tailwind.config.cjs
+ jq -nc --arg key exec_tailwind_config_file --arg value tailwind.config.cjs '{ key: $key, value: $value }'
/tmp/twcr-02795820c9ea/marketing /tmp/twcr-02795820c9ea /twcr
+ cp tailwind.config.cjs /twcr/mnt/results/extract-raw-tailwind-config.js
+ '[' '!' -f package.json ']'
+ cp package.json /twcr/mnt/results/extract-raw-package.json
++ /twcr/worker/../worker/pm-detect.sh /tmp/twcr-02795820c9ea/marketing
+ package_manager_name=yarn
+ '[' -z yarn ']'
+ '[' -z yarn ']'
+ writetaskstat exec_node_package_manager yarn
+ jq -nc --arg key exec_node_package_manager --arg value yarn '{ key: $key, value: $value }'
+ attempt_mode=squash
+ true
++ date -u +%Y-%m-%dT%H:%M:%SZ
+ writetaskstat timestamp_attempt_squash_begin 2024-03-05T12:55:11Z
+ jq -nc --arg key timestamp_attempt_squash_begin --arg value 2024-03-05T12:55:11Z '{ key: $key, value: $value }'
+ [[ squash == \s\q\u\a\s\h ]]
+ set +e
+ node /twcr/worker/../worker/squash-package.mjs tailwind.config.cjs
[squash-package] ERROR: failed to find any match for import path (tailwindcss)
+ exitcode=1
+ set -e
+ [[ 1 != \0 ]]
+ echo '[worker] WARN: squash failed; retrying with full install'
[worker] WARN: squash failed; retrying with full install
+ attempt_mode=full
+ continue
+ true
++ date -u +%Y-%m-%dT%H:%M:%SZ
+ writetaskstat timestamp_attempt_full_begin 2024-03-05T12:55:11Z
+ jq -nc --arg key timestamp_attempt_full_begin --arg value 2024-03-05T12:55:11Z '{ key: $key, value: $value }'
+ [[ full == \s\q\u\a\s\h ]]
+ git clean -fdx
+ git reset --hard
HEAD is now at 133eb50 Update major version of mikro-orm
+ set +e
+ /twcr/worker/../worker/pm-install.sh yarn /tmp/twcr-02795820c9ea /twcr/mnt/results
+ package_manager_name=yarn
+ procdir=/tmp/twcr-02795820c9ea
+ datadir=/twcr/mnt/results
+ case "${package_manager_name}" in
+ '[' -z http://tid_321acc80eab3:ok@172.18.0.2:3128 ']'
+ yarn config set httpProxy http://tid_321acc80eab3:ok@172.18.0.2:3128
yarn config v1.22.19
success Set "httpProxy" to "http://tid_321acc80eab3:ok@172.18.0.2:3128".
Done in 0.05s.
+ '[' -z http://tid_321acc80eab3:ok@172.18.0.2:3128 ']'
+ yarn config set httpsProxy http://tid_321acc80eab3:ok@172.18.0.2:3128
yarn config v1.22.19
success Set "httpsProxy" to "http://tid_321acc80eab3:ok@172.18.0.2:3128".
Done in 0.04s.
+ yarn install
yarn install v1.22.19
[1/4] Resolving packages...
[2/4] Fetching packages...
(node:132) [DEP0040] DeprecationWarning: The `punycode` module is deprecated. Please use a userland alternative instead.
(Use `node --trace-deprecation ...` to show where the warning was created)
warning prettier-plugin-astro@0.9.1: The engine "pnpm" appears to be invalid.
warning prettier-plugin-astro@0.10.0: The engine "pnpm" appears to be invalid.
[3/4] Linking dependencies...
warning " > @astrojs/tailwind@3.1.3" has unmet peer dependency "tailwindcss@^3.0.24".
warning " > @tailwindcss/typography@0.5.7" has unmet peer dependency "tailwindcss@>=3.0.0 || insiders".
[4/4] Building fresh packages...
Done in 34.20s.
+ yarn list --depth=0 --json --non-interactive --no-progress
+ jq -cr '
        [.. | .name?]
        | map(select(.))
        | map(capture("^(?<name>@?[^@]+)@(?<version>.+)$"))
        | sort_by(.name)[]'
+ exitcode=0
+ set -e
+ [[ 0 != \0 ]]
++ jq -sr 'map(select(.name == "tailwindcss")) | first | .version'
+ tailwind_package_version=3.1.8
+ tailwind_config_exporter=tailwind.config.exporter2.cjs
+ '[' -f node_modules/tailwindcss/lib/lib/load-config.js ']'
+ cp /twcr/worker/../worker/tailwind.config.exporter2.cjs ./
+ set +e
+ node ./tailwind.config.exporter2.cjs tailwind.config.cjs
+ exitcode=0
+ set -e
+ [[ 0 != \0 ]]
+ echo 'module.exports={plugins:['
+ jq -rs '
        map(select(.name | startswith("@tailwindcss/")))
        | map("require(" + ( .name | tojson ) + "),")[]
      '
+ grep -Ev '"@tailwindcss/postcss7-compat"'
+ echo ']}'
+ cat tailwind.config.cjs
+ sed 's/^/>>> /'
>>> module.exports={plugins:[
>>> require("@tailwindcss/typography"),
>>> ]}
+ node ./tailwind.config.exporter2.cjs tailwind.config.cjs
++ date -u +%Y-%m-%dT%H:%M:%SZ
+ writetaskstat timestamp_attempt_full_end 2024-03-05T12:55:47Z
+ jq -nc --arg key timestamp_attempt_full_end --arg value 2024-03-05T12:55:47Z '{ key: $key, value: $value }'
+ break
++ date -u +%Y-%m-%dT%H:%M:%SZ
+ writetaskstat timestamp_end 2024-03-05T12:55:47Z
+ jq -nc --arg key timestamp_end --arg value 2024-03-05T12:55:47Z '{ key: $key, value: $value }'
+ rm /twcr/mnt/results/extract-failed
+ touch /twcr/mnt/results/extract-completed
