==== RUN-DOCKER
+++ dirname -- ./worker/run.sh
++ cd -- ./worker
++ pwd
+ twcrdir=/twcr/worker/..
+ repo=github.com/partykit/partykit
+ reporef=main
+ repopath=./apps/site
+ '[' true == true ']'
+ grep -q '^././'
++ echo github.com/partykit/partykit
++ sha256sum
++ awk '{ print $1 }'
++ cut -c1-12
+ procdir=/tmp/twcr-c40fd7c92145
++ echo 'github.com/partykit/partykit;main;./apps/site'
++ sha256sum
++ awk '{ print $1 }'
++ cut -c1-12
+ datadir=/twcr/worker/../mnt/dataset/data/01a3bc928cb5
+ '[' '!' -z /twcr/mnt/results ']'
+ datadir=/twcr/mnt/results
+ touch /twcr/mnt/results/extract-failed
++ base64
++ tr -d =
++ tr /+ _-
++ base64
++ tr -d =
++ tr /+ _-
+ writetaskstat analysis_key github.com/partykit/partykit/bWFpbgo/Li9hcHBzL3NpdGUK
+ jq -nc --arg key analysis_key --arg value github.com/partykit/partykit/bWFpbgo/Li9hcHBzL3NpdGUK '{ key: $key, value: $value }'
++ date -u +%Y%m%d%H%M%S
++ sha256sum
++ awk '{ print $1 }'
++ cut -c1-16
++ head -c 32 /dev/urandom
+ writetaskstat analysis_nonce 6f5d008e426deeca
+ jq -nc --arg key analysis_nonce --arg value 6f5d008e426deeca '{ key: $key, value: $value }'
+ writetaskstat input_repo_name github.com/partykit/partykit
+ jq -nc --arg key input_repo_name --arg value github.com/partykit/partykit '{ key: $key, value: $value }'
+ writetaskstat input_repo_ref main
+ jq -nc --arg key input_repo_ref --arg value main '{ key: $key, value: $value }'
+ writetaskstat input_repo_path ./apps/site
+ jq -nc --arg key input_repo_path --arg value ./apps/site '{ key: $key, value: $value }'
++ date -u +%Y-%m-%dT%H:%M:%SZ
+ writetaskstat timestamp_begin 2024-03-04T02:01:05Z
+ jq -nc --arg key timestamp_begin --arg value 2024-03-04T02:01:05Z '{ key: $key, value: $value }'
+ mkdir -p /tmp/twcr-c40fd7c92145
+ pushd /tmp/twcr-c40fd7c92145
+ '[' -d .git ']'
+ git clone --depth=1 -b main https://github.com/partykit/partykit.git .
/tmp/twcr-c40fd7c92145 /twcr
Cloning into '.'...
++ date -u +%Y-%m-%dT%H:%M:%SZ
+ writetaskstat timestamp_git_clone_complete 2024-03-04T02:01:10Z
+ jq -nc --arg key timestamp_git_clone_complete --arg value 2024-03-04T02:01:10Z '{ key: $key, value: $value }'
++ git rev-parse HEAD
+ writetaskstat exec_repo_commit_sha 86840f2c4f2b36f689b323302c6bee5ddb2dfe0d
+ jq -nc --arg key exec_repo_commit_sha --arg value 86840f2c4f2b36f689b323302c6bee5ddb2dfe0d '{ key: $key, value: $value }'
+++ git show --no-patch --format=%ci
++ date -u --date '2024-03-03 16:15:16 +0000' +%Y-%m-%dT%H:%M:%SZ
+ writetaskstat exec_repo_commit_date 2024-03-03T16:15:16Z
+ jq -nc --arg key exec_repo_commit_date --arg value 2024-03-03T16:15:16Z '{ key: $key, value: $value }'
/tmp/twcr-c40fd7c92145/apps/site /tmp/twcr-c40fd7c92145 /twcr
+ '[' -z ./apps/site ']'
+ pushd ./apps/site
+ tailwind_config_file_name=
+ '[' -f tailwind.config.js ']'
+ tailwind_config_file_name=tailwind.config.js
+ writetaskstat exec_tailwind_config_file tailwind.config.js
+ jq -nc --arg key exec_tailwind_config_file --arg value tailwind.config.js '{ key: $key, value: $value }'
+ cp tailwind.config.js /twcr/mnt/results/extract-raw-tailwind-config.js
+ '[' '!' -f package.json ']'
+ cp package.json /twcr/mnt/results/extract-raw-package.json
++ /twcr/worker/../worker/pm-detect.sh /tmp/twcr-c40fd7c92145/apps/site
+ package_manager_name=
+ '[' -z '' ']'
+ '[' ./apps/site '!=' ./ ']'
++ /twcr/worker/../worker/pm-detect.sh /tmp/twcr-c40fd7c92145
+ package_manager_name=
+ '[' -z '' ']'
+ package_manager_name=npm
+ writetaskstat exec_node_package_manager npm
+ jq -nc --arg key exec_node_package_manager --arg value npm '{ key: $key, value: $value }'
+ attempt_mode=squash
+ true
++ date -u +%Y-%m-%dT%H:%M:%SZ
+ writetaskstat timestamp_attempt_squash_begin 2024-03-04T02:01:10Z
+ jq -nc --arg key timestamp_attempt_squash_begin --arg value 2024-03-04T02:01:10Z '{ key: $key, value: $value }'
+ [[ squash == \s\q\u\a\s\h ]]
+ set +e
+ node /twcr/worker/../worker/squash-package.mjs tailwind.config.js
+ exitcode=0
+ set -e
+ [[ 0 != \0 ]]
+ cat package.json
+ sed 's/^/>>> /'
>>> {
>>>   "name": "@partykit/site",
>>>   "type": "module",
>>>   "version": "0.0.1",
>>>   "private": true,
>>>   "dependencies": {
>>>     "@astrojs/tailwind": "^5.1.0",
>>>     "tailwindcss": "^3.4.1"
>>>   },
>>>   "devDependencies": {}
>>> }+ rm -f package-lock.json pnpm-lock.yaml yarn.lock
+ '[' ./apps/site '!=' ./ ']'
+ rm -f /tmp/twcr-c40fd7c92145/package.json /tmp/twcr-c40fd7c92145/package-lock.json /tmp/twcr-c40fd7c92145/pnpm-lock.yaml /tmp/twcr-c40fd7c92145/yarn.lock
+ set +e
+ /twcr/worker/../worker/pm-install.sh npm /tmp/twcr-c40fd7c92145 /twcr/mnt/results
+ package_manager_name=npm
+ procdir=/tmp/twcr-c40fd7c92145
+ datadir=/twcr/mnt/results
+ case "${package_manager_name}" in
++ '[' -f package-lock.json ']'
++ echo install
+ npm install --ignore-engines

added 497 packages, and audited 498 packages in 27s

195 packages are looking for funding
  run `npm fund` for details

found 0 vulnerabilities
npm notice 
npm notice New minor version of npm available! 10.2.4 -> 10.5.0
npm notice Changelog: <https://github.com/npm/cli/releases/tag/v10.5.0>
npm notice Run `npm install -g npm@10.5.0` to update!
npm notice 
+ npm query '*'
+ jq -cr '
        map({ name: .name, version: .version })
        | map(select(.name))
        | sort_by(.name)[]
      '
+ exitcode=0
+ set -e
+ [[ 0 != \0 ]]
++ jq -sr 'map(select(.name == "tailwindcss")) | first | .version'
+ tailwind_package_version=3.4.1
+ tailwind_config_exporter=tailwind.config.exporter2.cjs
+ '[' -f node_modules/tailwindcss/lib/lib/load-config.js ']'
+ tailwind_config_exporter=tailwind.config.exporter3.mjs
+ cp /twcr/worker/../worker/tailwind.config.exporter3.mjs ./
+ set +e
+ node ./tailwind.config.exporter3.mjs tailwind.config.js
+ exitcode=0
+ set -e
+ [[ 0 != \0 ]]
+ echo 'module.exports={plugins:['
+ jq -rs '
        map(select(.name | startswith("@tailwindcss/")))
        | map("require(" + ( .name | tojson ) + "),")[]
      '
+ grep -Ev '"@tailwindcss/postcss7-compat"'
+ true
+ echo ']}'
+ cat tailwind.config.js
+ sed 's/^/>>> /'
>>> module.exports={plugins:[
>>> ]}
+ node ./tailwind.config.exporter3.mjs tailwind.config.js
++ date -u +%Y-%m-%dT%H:%M:%SZ
+ writetaskstat timestamp_attempt_squash_end 2024-03-04T02:01:39Z
+ jq -nc --arg key timestamp_attempt_squash_end --arg value 2024-03-04T02:01:39Z '{ key: $key, value: $value }'
+ break
++ date -u +%Y-%m-%dT%H:%M:%SZ
+ writetaskstat timestamp_end 2024-03-04T02:01:39Z
+ jq -nc --arg key timestamp_end --arg value 2024-03-04T02:01:39Z '{ key: $key, value: $value }'
+ rm /twcr/mnt/results/extract-failed
+ touch /twcr/mnt/results/extract-completed
