==== RUN-DOCKER
+++ dirname -- ./worker/run.sh
++ cd -- ./worker
++ pwd
+ twcrdir=/twcr/worker/..
+ repo=github.com/firezone/firezone
+ reporef=main
+ repopath=./rust/gui-client
+ '[' true == true ']'
+ grep -q '^././'
++ echo github.com/firezone/firezone
++ sha256sum
++ awk '{ print $1 }'
++ cut -c1-12
+ procdir=/tmp/twcr-98aa6d35ee6b
++ echo 'github.com/firezone/firezone;main;./rust/gui-client'
++ sha256sum
++ awk '{ print $1 }'
++ cut -c1-12
+ datadir=/twcr/worker/../mnt/dataset/data/2b9d044d7db7
+ '[' '!' -z /twcr/mnt/results ']'
+ datadir=/twcr/mnt/results
+ touch /twcr/mnt/results/extract-failed
++ base64
++ tr -d =
++ tr /+ _-
++ base64
++ tr -d =
++ tr /+ _-
+ writetaskstat analysis_key github.com/firezone/firezone/bWFpbgo/Li9ydXN0L2d1aS1jbGllbnQK
+ jq -nc --arg key analysis_key --arg value github.com/firezone/firezone/bWFpbgo/Li9ydXN0L2d1aS1jbGllbnQK '{ key: $key, value: $value }'
++ date -u +%Y%m%d%H%M%S
++ sha256sum
++ awk '{ print $1 }'
++ cut -c1-16
++ head -c 32 /dev/urandom
+ writetaskstat analysis_nonce 5a6ba092d50d43f2
+ jq -nc --arg key analysis_nonce --arg value 5a6ba092d50d43f2 '{ key: $key, value: $value }'
+ writetaskstat input_repo_name github.com/firezone/firezone
+ jq -nc --arg key input_repo_name --arg value github.com/firezone/firezone '{ key: $key, value: $value }'
+ writetaskstat input_repo_ref main
+ jq -nc --arg key input_repo_ref --arg value main '{ key: $key, value: $value }'
+ writetaskstat input_repo_path ./rust/gui-client
+ jq -nc --arg key input_repo_path --arg value ./rust/gui-client '{ key: $key, value: $value }'
++ date -u +%Y-%m-%dT%H:%M:%SZ
+ writetaskstat timestamp_begin 2024-03-04T01:22:18Z
+ jq -nc --arg key timestamp_begin --arg value 2024-03-04T01:22:18Z '{ key: $key, value: $value }'
+ mkdir -p /tmp/twcr-98aa6d35ee6b
+ pushd /tmp/twcr-98aa6d35ee6b
+ '[' -d .git ']'
+ git clone --depth=1 -b main https://github.com/firezone/firezone.git .
/tmp/twcr-98aa6d35ee6b /twcr
Cloning into '.'...
++ date -u +%Y-%m-%dT%H:%M:%SZ
+ writetaskstat timestamp_git_clone_complete 2024-03-04T01:22:22Z
+ jq -nc --arg key timestamp_git_clone_complete --arg value 2024-03-04T01:22:22Z '{ key: $key, value: $value }'
++ git rev-parse HEAD
+ writetaskstat exec_repo_commit_sha 9eb1ec9203f4a40a03c3c5e4d167e65cc51813b4
+ jq -nc --arg key exec_repo_commit_sha --arg value 9eb1ec9203f4a40a03c3c5e4d167e65cc51813b4 '{ key: $key, value: $value }'
+++ git show --no-patch --format=%ci
++ date -u --date '2024-03-04 01:04:05 +0000' +%Y-%m-%dT%H:%M:%SZ
+ writetaskstat exec_repo_commit_date 2024-03-04T01:04:05Z
+ jq -nc --arg key exec_repo_commit_date --arg value 2024-03-04T01:04:05Z '{ key: $key, value: $value }'
+ '[' -z ./rust/gui-client ']'
+ pushd ./rust/gui-client
+ tailwind_config_file_name=
+ '[' -f tailwind.config.js ']'
+ tailwind_config_file_name=tailwind.config.js
+ writetaskstat exec_tailwind_config_file tailwind.config.js
+ jq -nc --arg key exec_tailwind_config_file --arg value tailwind.config.js '{ key: $key, value: $value }'
/tmp/twcr-98aa6d35ee6b/rust/gui-client /tmp/twcr-98aa6d35ee6b /twcr
+ cp tailwind.config.js /twcr/mnt/results/extract-raw-tailwind-config.js
+ '[' '!' -f package.json ']'
+ cp package.json /twcr/mnt/results/extract-raw-package.json
++ /twcr/worker/../worker/pm-detect.sh /tmp/twcr-98aa6d35ee6b/rust/gui-client
+ package_manager_name=pnpm
+ '[' -z pnpm ']'
+ '[' -z pnpm ']'
+ writetaskstat exec_node_package_manager pnpm
+ jq -nc --arg key exec_node_package_manager --arg value pnpm '{ key: $key, value: $value }'
+ attempt_mode=squash
+ true
++ date -u +%Y-%m-%dT%H:%M:%SZ
+ writetaskstat timestamp_attempt_squash_begin 2024-03-04T01:22:22Z
+ jq -nc --arg key timestamp_attempt_squash_begin --arg value 2024-03-04T01:22:22Z '{ key: $key, value: $value }'
+ [[ squash == \s\q\u\a\s\h ]]
+ set +e
+ node /twcr/worker/../worker/squash-package.mjs tailwind.config.js
+ exitcode=0
+ set -e
+ [[ 0 != \0 ]]
+ cat package.json
+ sed 's/^/>>> /'
>>> {
>>>   "dependencies": {
>>>     "flowbite": "^2.2.1"
>>>   },
>>>   "devDependencies": {
>>>     "tailwindcss": "^3.4.1"
>>>   }
>>> }+ rm -f package-lock.json pnpm-lock.yaml yarn.lock
+ '[' ./rust/gui-client '!=' ./ ']'
+ rm -f /tmp/twcr-98aa6d35ee6b/package.json /tmp/twcr-98aa6d35ee6b/package-lock.json /tmp/twcr-98aa6d35ee6b/pnpm-lock.yaml /tmp/twcr-98aa6d35ee6b/yarn.lock
+ set +e
+ /twcr/worker/../worker/pm-install.sh pnpm /tmp/twcr-98aa6d35ee6b /twcr/mnt/results
+ package_manager_name=pnpm
+ procdir=/tmp/twcr-98aa6d35ee6b
+ datadir=/twcr/mnt/results
+ case "${package_manager_name}" in
+ '[' '!' -f /tmp/twcr-98aa6d35ee6b/package.json ']'
+ '[' '!' -f package.json ']'
++ pnpm -v
+ sed -Ei 's/("pnpm": ")(.+)(")/\18.15.4\3/' package.json
+ pnpm install
Progress: resolved 1, reused 0, downloaded 0, added 0
Progress: resolved 38, reused 0, downloaded 26, added 0
Progress: resolved 67, reused 0, downloaded 60, added 0
Progress: resolved 107, reused 0, downloaded 95, added 0
Packages: +108
++++++++++++++++++++++++++++++++++++++++++++++++++++++++++++++++++++++++++++++++
Progress: resolved 109, reused 0, downloaded 108, added 108, done

dependencies:
+ flowbite 2.3.0

devDependencies:
+ tailwindcss 3.4.1

Done in 4.6s
+ pnpm ls --json
+ jq -cr '
        .[]
        | [.dependencies, .devDependencies, .optionalDependencies]
        | map(select(.))[]
        | to_entries
        | map({ name: .key, version: .value.version })
        | sort_by(.name)[]
      '
+ exitcode=0
+ set -e
+ [[ 0 != \0 ]]
++ jq -sr 'map(select(.name == "tailwindcss")) | first | .version'
+ tailwind_package_version=3.4.1
+ tailwind_config_exporter=tailwind.config.exporter2.cjs
+ '[' -f node_modules/tailwindcss/lib/lib/load-config.js ']'
+ tailwind_config_exporter=tailwind.config.exporter3.mjs
+ cp /twcr/worker/../worker/tailwind.config.exporter3.mjs ./
+ set +e
+ node ./tailwind.config.exporter3.mjs tailwind.config.js
+ exitcode=0
+ set -e
+ [[ 0 != \0 ]]
+ echo 'module.exports={plugins:['
+ jq -rs '
        map(select(.name | startswith("@tailwindcss/")))
        | map("require(" + ( .name | tojson ) + "),")[]
      '
+ grep -Ev '"@tailwindcss/postcss7-compat"'
+ true
+ echo ']}'
+ cat tailwind.config.js
+ sed 's/^/>>> /'
>>> module.exports={plugins:[
>>> ]}
+ node ./tailwind.config.exporter3.mjs tailwind.config.js
++ date -u +%Y-%m-%dT%H:%M:%SZ
+ writetaskstat timestamp_attempt_squash_end 2024-03-04T01:22:28Z
+ jq -nc --arg key timestamp_attempt_squash_end --arg value 2024-03-04T01:22:28Z '{ key: $key, value: $value }'
+ break
++ date -u +%Y-%m-%dT%H:%M:%SZ
+ writetaskstat timestamp_end 2024-03-04T01:22:28Z
+ jq -nc --arg key timestamp_end --arg value 2024-03-04T01:22:28Z '{ key: $key, value: $value }'
+ rm /twcr/mnt/results/extract-failed
+ touch /twcr/mnt/results/extract-completed
