==== RUN-DOCKER
+++ dirname -- ./worker/run.sh
++ cd -- ./worker
++ pwd
+ twcrdir=/twcr/worker/..
+ repo=github.com/gravitano/nuxt3-tailwind-kit
+ reporef=main
+ repopath=./
+ '[' true == true ']'
+ grep -q '^././'
++ echo github.com/gravitano/nuxt3-tailwind-kit
++ sha256sum
++ awk '{ print $1 }'
++ cut -c1-12
+ procdir=/tmp/twcr-b855b6f107c5
++ echo 'github.com/gravitano/nuxt3-tailwind-kit;main;./'
++ sha256sum
++ awk '{ print $1 }'
++ cut -c1-12
+ datadir=/twcr/worker/../mnt/dataset/data/00cd0ba926a3
+ '[' '!' -z /twcr/mnt/results ']'
+ datadir=/twcr/mnt/results
+ touch /twcr/mnt/results/extract-failed
++ base64
++ tr -d =
++ tr /+ _-
++ base64
++ tr -d =
++ tr /+ _-
+ writetaskstat analysis_key github.com/gravitano/nuxt3-tailwind-kit/bWFpbgo/Li8K
+ jq -nc --arg key analysis_key --arg value github.com/gravitano/nuxt3-tailwind-kit/bWFpbgo/Li8K '{ key: $key, value: $value }'
++ date -u +%Y%m%d%H%M%S
++ sha256sum
++ awk '{ print $1 }'
++ cut -c1-16
++ head -c 32 /dev/urandom
+ writetaskstat analysis_nonce 9e14b085854ffc77
+ jq -nc --arg key analysis_nonce --arg value 9e14b085854ffc77 '{ key: $key, value: $value }'
+ writetaskstat input_repo_name github.com/gravitano/nuxt3-tailwind-kit
+ jq -nc --arg key input_repo_name --arg value github.com/gravitano/nuxt3-tailwind-kit '{ key: $key, value: $value }'
+ writetaskstat input_repo_ref main
+ jq -nc --arg key input_repo_ref --arg value main '{ key: $key, value: $value }'
+ writetaskstat input_repo_path ./
+ jq -nc --arg key input_repo_path --arg value ./ '{ key: $key, value: $value }'
++ date -u +%Y-%m-%dT%H:%M:%SZ
+ writetaskstat timestamp_begin 2024-03-04T06:18:20Z
+ jq -nc --arg key timestamp_begin --arg value 2024-03-04T06:18:20Z '{ key: $key, value: $value }'
+ mkdir -p /tmp/twcr-b855b6f107c5
/tmp/twcr-b855b6f107c5 /twcr
+ pushd /tmp/twcr-b855b6f107c5
+ '[' -d .git ']'
+ git clone --depth=1 -b main https://github.com/gravitano/nuxt3-tailwind-kit.git .
Cloning into '.'...
++ date -u +%Y-%m-%dT%H:%M:%SZ
+ writetaskstat timestamp_git_clone_complete 2024-03-04T06:18:21Z
+ jq -nc --arg key timestamp_git_clone_complete --arg value 2024-03-04T06:18:21Z '{ key: $key, value: $value }'
++ git rev-parse HEAD
+ writetaskstat exec_repo_commit_sha e7c655411f986af1be09b58c8dfac5d6508830ce
+ jq -nc --arg key exec_repo_commit_sha --arg value e7c655411f986af1be09b58c8dfac5d6508830ce '{ key: $key, value: $value }'
+++ git show --no-patch --format=%ci
++ date -u --date '2024-02-20 14:39:06 +0700' +%Y-%m-%dT%H:%M:%SZ
+ writetaskstat exec_repo_commit_date 2024-02-20T07:39:06Z
+ jq -nc --arg key exec_repo_commit_date --arg value 2024-02-20T07:39:06Z '{ key: $key, value: $value }'
/tmp/twcr-b855b6f107c5 /tmp/twcr-b855b6f107c5 /twcr
+ '[' -z ./ ']'
+ pushd ./
+ tailwind_config_file_name=
+ '[' -f tailwind.config.js ']'
+ tailwind_config_file_name=tailwind.config.js
+ writetaskstat exec_tailwind_config_file tailwind.config.js
+ jq -nc --arg key exec_tailwind_config_file --arg value tailwind.config.js '{ key: $key, value: $value }'
+ cp tailwind.config.js /twcr/mnt/results/extract-raw-tailwind-config.js
+ '[' '!' -f package.json ']'
+ cp package.json /twcr/mnt/results/extract-raw-package.json
++ /twcr/worker/../worker/pm-detect.sh /tmp/twcr-b855b6f107c5
+ package_manager_name=pnpm
+ '[' -z pnpm ']'
+ '[' -z pnpm ']'
+ writetaskstat exec_node_package_manager pnpm
+ jq -nc --arg key exec_node_package_manager --arg value pnpm '{ key: $key, value: $value }'
+ attempt_mode=squash
+ true
++ date -u +%Y-%m-%dT%H:%M:%SZ
+ writetaskstat timestamp_attempt_squash_begin 2024-03-04T06:18:21Z
+ jq -nc --arg key timestamp_attempt_squash_begin --arg value 2024-03-04T06:18:21Z '{ key: $key, value: $value }'
+ [[ squash == \s\q\u\a\s\h ]]
+ set +e
+ node /twcr/worker/../worker/squash-package.mjs tailwind.config.js
+ exitcode=0
+ set -e
+ [[ 0 != \0 ]]
+ cat package.json
+ sed 's/^/>>> /'
>>> {
>>>   "private": true,
>>>   "dependencies": {},
>>>   "devDependencies": {
>>>     "@nuxtjs/tailwindcss": "^6.6.6",
>>>     "@tailwindcss/aspect-ratio": "^0.4.2",
>>>     "@tailwindcss/forms": "^0.5.3",
>>>     "@tailwindcss/typography": "^0.5.9",
>>>     "tailwindcss": "^3.3.1"
>>>   },
>>>   "overrides": {
>>>     "consola": "^3.1.0"
>>>   },
>>>   "pnpm": {
>>>     "overrides": {
>>>       "consola": "^3.1.0"
>>>     }
>>>   }
>>> }+ rm -f package-lock.json pnpm-lock.yaml yarn.lock
+ '[' ./ '!=' ./ ']'
+ set +e
+ /twcr/worker/../worker/pm-install.sh pnpm /tmp/twcr-b855b6f107c5 /twcr/mnt/results
+ package_manager_name=pnpm
+ procdir=/tmp/twcr-b855b6f107c5
+ datadir=/twcr/mnt/results
+ case "${package_manager_name}" in
+ '[' '!' -f /tmp/twcr-b855b6f107c5/package.json ']'
++ pnpm -v
+ sed -Ei 's/("pnpm": ")(.+)(")/\18.15.4\3/' /tmp/twcr-b855b6f107c5/package.json
+ '[' '!' -f package.json ']'
++ pnpm -v
+ sed -Ei 's/("pnpm": ")(.+)(")/\18.15.4\3/' package.json
+ pnpm install
Progress: resolved 1, reused 0, downloaded 0, added 0
Progress: resolved 34, reused 0, downloaded 21, added 0
Progress: resolved 69, reused 0, downloaded 57, added 0
Progress: resolved 109, reused 0, downloaded 92, added 0
Progress: resolved 144, reused 0, downloaded 127, added 0
Progress: resolved 180, reused 0, downloaded 160, added 0
Progress: resolved 211, reused 0, downloaded 192, added 0
Progress: resolved 252, reused 0, downloaded 228, added 0
Progress: resolved 293, reused 0, downloaded 265, added 0
Progress: resolved 338, reused 0, downloaded 307, added 0
Packages: +340
++++++++++++++++++++++++++++++++++++++++++++++++++++++++++++++++++++++++++++++++
Progress: resolved 341, reused 0, downloaded 340, added 340, done

devDependencies:
+ @nuxtjs/tailwindcss 6.11.4
+ @tailwindcss/aspect-ratio 0.4.2
+ @tailwindcss/forms 0.5.7
+ @tailwindcss/typography 0.5.10
+ tailwindcss 3.4.1

Done in 10.8s
+ pnpm ls --json
+ jq -cr '
        .[]
        | [.dependencies, .devDependencies, .optionalDependencies]
        | map(select(.))[]
        | to_entries
        | map({ name: .key, version: .value.version })
        | sort_by(.name)[]
      '
+ exitcode=0
+ set -e
+ [[ 0 != \0 ]]
++ jq -sr 'map(select(.name == "tailwindcss")) | first | .version'
+ tailwind_package_version=3.4.1
+ tailwind_config_exporter=tailwind.config.exporter2.cjs
+ '[' -f node_modules/tailwindcss/lib/lib/load-config.js ']'
+ tailwind_config_exporter=tailwind.config.exporter3.mjs
+ cp /twcr/worker/../worker/tailwind.config.exporter3.mjs ./
+ set +e
+ node ./tailwind.config.exporter3.mjs tailwind.config.js
+ exitcode=0
+ set -e
+ [[ 0 != \0 ]]
+ echo 'module.exports={plugins:['
+ jq -rs '
        map(select(.name | startswith("@tailwindcss/")))
        | map("require(" + ( .name | tojson ) + "),")[]
      '
+ grep -Ev '"@tailwindcss/postcss7-compat"'
+ echo ']}'
+ cat tailwind.config.js
+ sed 's/^/>>> /'
>>> module.exports={plugins:[
>>> require("@tailwindcss/aspect-ratio"),
>>> require("@tailwindcss/forms"),
>>> require("@tailwindcss/typography"),
>>> ]}
+ node ./tailwind.config.exporter3.mjs tailwind.config.js
++ date -u +%Y-%m-%dT%H:%M:%SZ
+ writetaskstat timestamp_attempt_squash_end 2024-03-04T06:18:34Z
+ jq -nc --arg key timestamp_attempt_squash_end --arg value 2024-03-04T06:18:34Z '{ key: $key, value: $value }'
+ break
++ date -u +%Y-%m-%dT%H:%M:%SZ
+ writetaskstat timestamp_end 2024-03-04T06:18:34Z
+ jq -nc --arg key timestamp_end --arg value 2024-03-04T06:18:34Z '{ key: $key, value: $value }'
+ rm /twcr/mnt/results/extract-failed
+ touch /twcr/mnt/results/extract-completed
