==== RUN-DOCKER
+++ dirname -- ./worker/run.sh
++ cd -- ./worker
++ pwd
+ twcrdir=/twcr/worker/..
+ repo=github.com/fell-lucas/chrome-extension-template-preact-vite
+ reporef=main
+ repopath=./
+ '[' true == true ']'
+ grep -q '^././'
++ echo github.com/fell-lucas/chrome-extension-template-preact-vite
++ sha256sum
++ awk '{ print $1 }'
++ cut -c1-12
+ procdir=/tmp/twcr-bd1855b88186
++ echo 'github.com/fell-lucas/chrome-extension-template-preact-vite;main;./'
++ sha256sum
++ awk '{ print $1 }'
++ cut -c1-12
+ datadir=/twcr/worker/../mnt/dataset/data/bebf6731da03
+ '[' '!' -z /twcr/mnt/results ']'
+ datadir=/twcr/mnt/results
+ touch /twcr/mnt/results/extract-failed
++ base64
++ tr -d =
++ tr /+ _-
++ base64
++ tr -d =
++ tr /+ _-
+ writetaskstat analysis_key github.com/fell-lucas/chrome-extension-template-preact-vite/bWFpbgo/Li8K
+ jq -nc --arg key analysis_key --arg value github.com/fell-lucas/chrome-extension-template-preact-vite/bWFpbgo/Li8K '{ key: $key, value: $value }'
++ date -u +%Y%m%d%H%M%S
++ sha256sum
++ awk '{ print $1 }'
++ cut -c1-16
++ head -c 32 /dev/urandom
+ writetaskstat analysis_nonce 6a1a410f573e3dbc
+ jq -nc --arg key analysis_nonce --arg value 6a1a410f573e3dbc '{ key: $key, value: $value }'
+ writetaskstat input_repo_name github.com/fell-lucas/chrome-extension-template-preact-vite
+ jq -nc --arg key input_repo_name --arg value github.com/fell-lucas/chrome-extension-template-preact-vite '{ key: $key, value: $value }'
+ writetaskstat input_repo_ref main
+ jq -nc --arg key input_repo_ref --arg value main '{ key: $key, value: $value }'
+ writetaskstat input_repo_path ./
+ jq -nc --arg key input_repo_path --arg value ./ '{ key: $key, value: $value }'
++ date -u +%Y-%m-%dT%H:%M:%SZ
+ writetaskstat timestamp_begin 2024-03-04T08:22:31Z
+ jq -nc --arg key timestamp_begin --arg value 2024-03-04T08:22:31Z '{ key: $key, value: $value }'
+ mkdir -p /tmp/twcr-bd1855b88186
+ pushd /tmp/twcr-bd1855b88186
+ '[' -d .git ']'
+ git clone --depth=1 -b main https://github.com/fell-lucas/chrome-extension-template-preact-vite.git .
/tmp/twcr-bd1855b88186 /twcr
Cloning into '.'...
++ date -u +%Y-%m-%dT%H:%M:%SZ
+ writetaskstat timestamp_git_clone_complete 2024-03-04T08:22:31Z
+ jq -nc --arg key timestamp_git_clone_complete --arg value 2024-03-04T08:22:31Z '{ key: $key, value: $value }'
++ git rev-parse HEAD
+ writetaskstat exec_repo_commit_sha 3bf355cef87342126cdb913c2773b4bb3dd45484
+ jq -nc --arg key exec_repo_commit_sha --arg value 3bf355cef87342126cdb913c2773b4bb3dd45484 '{ key: $key, value: $value }'
+++ git show --no-patch --format=%ci
++ date -u --date '2024-03-01 19:05:29 -0300' +%Y-%m-%dT%H:%M:%SZ
+ writetaskstat exec_repo_commit_date 2024-03-01T22:05:29Z
+ jq -nc --arg key exec_repo_commit_date --arg value 2024-03-01T22:05:29Z '{ key: $key, value: $value }'
+ '[' -z ./ ']'
+ pushd ./
+ tailwind_config_file_name=
+ '[' -f tailwind.config.js ']'
+ '[' -f tailwind.config.cjs ']'
+ tailwind_config_file_name=tailwind.config.cjs
+ writetaskstat exec_tailwind_config_file tailwind.config.cjs
+ jq -nc --arg key exec_tailwind_config_file --arg value tailwind.config.cjs '{ key: $key, value: $value }'
/tmp/twcr-bd1855b88186 /tmp/twcr-bd1855b88186 /twcr
+ cp tailwind.config.cjs /twcr/mnt/results/extract-raw-tailwind-config.js
+ '[' '!' -f package.json ']'
+ cp package.json /twcr/mnt/results/extract-raw-package.json
++ /twcr/worker/../worker/pm-detect.sh /tmp/twcr-bd1855b88186
+ package_manager_name=pnpm
+ '[' -z pnpm ']'
+ '[' -z pnpm ']'
+ writetaskstat exec_node_package_manager pnpm
+ jq -nc --arg key exec_node_package_manager --arg value pnpm '{ key: $key, value: $value }'
+ attempt_mode=squash
+ true
++ date -u +%Y-%m-%dT%H:%M:%SZ
+ writetaskstat timestamp_attempt_squash_begin 2024-03-04T08:22:31Z
+ jq -nc --arg key timestamp_attempt_squash_begin --arg value 2024-03-04T08:22:31Z '{ key: $key, value: $value }'
+ [[ squash == \s\q\u\a\s\h ]]
+ set +e
+ node /twcr/worker/../worker/squash-package.mjs tailwind.config.cjs
+ exitcode=0
+ set -e
+ [[ 0 != \0 ]]
+ cat package.json
+ sed 's/^/>>> /'
>>> {
>>>   "name": "chrome-extension-template-preact-vite",
>>>   "version": "0.0.1",
>>>   "description": "Chrome extension template with Preact, Tailwind CSS, Vite and Typescript preconfigured.",
>>>   "license": "MIT",
>>>   "repository": {
>>>     "type": "git",
>>>     "url": "https://github.com/fell-lucas/chrome-extension-template-preact-vite.git"
>>>   },
>>>   "type": "module",
>>>   "packageManager": "pnpm@8.10.5",
>>>   "devDependencies": {
>>>     "tailwindcss": "^3.2.7"
>>>   },
>>>   "eslintConfig": {
>>>     "env": {
>>>       "browser": true,
>>>       "es6": true,
>>>       "node": true
>>>     },
>>>     "extends": [
>>>       "preact",
>>>       "eslint:recommended",
>>>       "plugin:@typescript-eslint/recommended",
>>>       "plugin:prettier/recommended"
>>>     ],
>>>     "parser": "@typescript-eslint/parser",
>>>     "parserOptions": {
>>>       "ecmaFeatures": {
>>>         "jsx": true
>>>       },
>>>       "ecmaVersion": "latest",
>>>       "sourceType": "module"
>>>     },
>>>     "plugins": [
>>>       "@typescript-eslint"
>>>     ],
>>>     "globals": {
>>>       "chrome": "readonly"
>>>     },
>>>     "rules": {
>>>       "prettier/prettier": [
>>>         "warn",
>>>         {
>>>           "singleQuote": true,
>>>           "jsxSingleQuote": true,
>>>           "trailingComma": "es5",
>>>           "arrowParens": "avoid"
>>>         }
>>>       ]
>>>     }
>>>   }
>>> }+ rm -f package-lock.json pnpm-lock.yaml yarn.lock
+ '[' ./ '!=' ./ ']'
+ set +e
+ /twcr/worker/../worker/pm-install.sh pnpm /tmp/twcr-bd1855b88186 /twcr/mnt/results
+ package_manager_name=pnpm
+ procdir=/tmp/twcr-bd1855b88186
+ datadir=/twcr/mnt/results
+ case "${package_manager_name}" in
+ '[' '!' -f /tmp/twcr-bd1855b88186/package.json ']'
++ pnpm -v
+ sed -Ei 's/("pnpm": ")(.+)(")/\18.15.4\3/' /tmp/twcr-bd1855b88186/package.json
+ '[' '!' -f package.json ']'
++ pnpm -v
+ sed -Ei 's/("pnpm": ")(.+)(")/\18.15.4\3/' package.json
+ pnpm install
Progress: resolved 1, reused 0, downloaded 0, added 0
Progress: resolved 38, reused 0, downloaded 23, added 0
Progress: resolved 74, reused 0, downloaded 60, added 0
Progress: resolved 105, reused 0, downloaded 103, added 0
Packages: +105
++++++++++++++++++++++++++++++++++++++++++++++++++++++++++++++++++++++++++++++++
Progress: resolved 106, reused 0, downloaded 105, added 105, done

devDependencies:
+ tailwindcss 3.4.1

Done in 4.1s
+ jq -cr '
        .[]
        | [.dependencies, .devDependencies, .optionalDependencies]
        | map(select(.))[]
        | to_entries
        | map({ name: .key, version: .value.version })
        | sort_by(.name)[]
+ pnpm ls --json
      '
+ exitcode=0
+ set -e
+ [[ 0 != \0 ]]
++ jq -sr 'map(select(.name == "tailwindcss")) | first | .version'
+ tailwind_package_version=3.4.1
+ tailwind_config_exporter=tailwind.config.exporter2.cjs
+ '[' -f node_modules/tailwindcss/lib/lib/load-config.js ']'
+ tailwind_config_exporter=tailwind.config.exporter3.mjs
+ cp /twcr/worker/../worker/tailwind.config.exporter3.mjs ./
+ set +e
+ node ./tailwind.config.exporter3.mjs tailwind.config.cjs
+ exitcode=0
+ set -e
+ [[ 0 != \0 ]]
+ echo 'module.exports={plugins:['
+ jq -rs '
        map(select(.name | startswith("@tailwindcss/")))
        | map("require(" + ( .name | tojson ) + "),")[]
      '
+ grep -Ev '"@tailwindcss/postcss7-compat"'
+ true
+ echo ']}'
+ cat tailwind.config.cjs
+ sed 's/^/>>> /'
+ node ./tailwind.config.exporter3.mjs tailwind.config.cjs
>>> module.exports={plugins:[
>>> ]}
++ date -u +%Y-%m-%dT%H:%M:%SZ
+ writetaskstat timestamp_attempt_squash_end 2024-03-04T08:22:37Z
+ jq -nc --arg key timestamp_attempt_squash_end --arg value 2024-03-04T08:22:37Z '{ key: $key, value: $value }'
+ break
++ date -u +%Y-%m-%dT%H:%M:%SZ
+ writetaskstat timestamp_end 2024-03-04T08:22:37Z
+ jq -nc --arg key timestamp_end --arg value 2024-03-04T08:22:37Z '{ key: $key, value: $value }'
+ rm /twcr/mnt/results/extract-failed
+ touch /twcr/mnt/results/extract-completed
