==== RUN-DOCKER
+++ dirname -- ./worker/run.sh
++ cd -- ./worker
++ pwd
+ twcrdir=/twcr/worker/..
+ repo=github.com/tokitouq/coreproject-v3-ui
+ reporef=master
+ repopath=./
+ '[' true == true ']'
+ grep -q '^././'
++ echo github.com/tokitouq/coreproject-v3-ui
++ sha256sum
++ awk '{ print $1 }'
++ cut -c1-12
+ procdir=/tmp/twcr-2a8ae01e9879
++ echo 'github.com/tokitouq/coreproject-v3-ui;master;./'
++ sha256sum
++ awk '{ print $1 }'
++ cut -c1-12
+ datadir=/twcr/worker/../mnt/dataset/data/9e731e399c0c
+ '[' '!' -z /twcr/mnt/results ']'
+ datadir=/twcr/mnt/results
+ touch /twcr/mnt/results/extract-failed
++ base64
++ tr -d =
++ tr /+ _-
++ base64
++ tr -d =
++ tr /+ _-
+ writetaskstat analysis_key github.com/tokitouq/coreproject-v3-ui/bWFzdGVyCg/Li8K
+ jq -nc --arg key analysis_key --arg value github.com/tokitouq/coreproject-v3-ui/bWFzdGVyCg/Li8K '{ key: $key, value: $value }'
++ date -u +%Y%m%d%H%M%S
++ sha256sum
++ awk '{ print $1 }'
++ cut -c1-16
++ head -c 32 /dev/urandom
+ writetaskstat analysis_nonce e7ce823bf7cc0ccd
+ jq -nc --arg key analysis_nonce --arg value e7ce823bf7cc0ccd '{ key: $key, value: $value }'
+ writetaskstat input_repo_name github.com/tokitouq/coreproject-v3-ui
+ jq -nc --arg key input_repo_name --arg value github.com/tokitouq/coreproject-v3-ui '{ key: $key, value: $value }'
+ writetaskstat input_repo_ref master
+ jq -nc --arg key input_repo_ref --arg value master '{ key: $key, value: $value }'
+ writetaskstat input_repo_path ./
+ jq -nc --arg key input_repo_path --arg value ./ '{ key: $key, value: $value }'
++ date -u +%Y-%m-%dT%H:%M:%SZ
+ writetaskstat timestamp_begin 2024-03-05T06:12:58Z
+ jq -nc --arg key timestamp_begin --arg value 2024-03-05T06:12:58Z '{ key: $key, value: $value }'
+ mkdir -p /tmp/twcr-2a8ae01e9879
+ pushd /tmp/twcr-2a8ae01e9879
+ '[' -d .git ']'
+ git clone --depth=1 -b master https://github.com/tokitouq/coreproject-v3-ui.git .
/tmp/twcr-2a8ae01e9879 /twcr
Cloning into '.'...
++ date -u +%Y-%m-%dT%H:%M:%SZ
+ writetaskstat timestamp_git_clone_complete 2024-03-05T06:13:02Z
+ jq -nc --arg key timestamp_git_clone_complete --arg value 2024-03-05T06:13:02Z '{ key: $key, value: $value }'
++ git rev-parse HEAD
+ writetaskstat exec_repo_commit_sha 7a5d4605195f63c2992c96284f803c5d10f23dc4
+ jq -nc --arg key exec_repo_commit_sha --arg value 7a5d4605195f63c2992c96284f803c5d10f23dc4 '{ key: $key, value: $value }'
+++ git show --no-patch --format=%ci
++ date -u --date '2024-03-05 05:17:00 +0530' +%Y-%m-%dT%H:%M:%SZ
+ writetaskstat exec_repo_commit_date 2024-03-04T23:47:00Z
+ jq -nc --arg key exec_repo_commit_date --arg value 2024-03-04T23:47:00Z '{ key: $key, value: $value }'
/tmp/twcr-2a8ae01e9879 /tmp/twcr-2a8ae01e9879 /twcr
+ '[' -z ./ ']'
+ pushd ./
+ tailwind_config_file_name=
+ '[' -f tailwind.config.js ']'
+ '[' -f tailwind.config.cjs ']'
+ '[' -f tailwind.config.mjs ']'
+ '[' -f tailwind.config.ts ']'
+ tailwind_config_file_name=tailwind.config.ts
+ writetaskstat exec_tailwind_config_file tailwind.config.ts
+ jq -nc --arg key exec_tailwind_config_file --arg value tailwind.config.ts '{ key: $key, value: $value }'
+ cp tailwind.config.ts /twcr/mnt/results/extract-raw-tailwind-config.js
+ '[' '!' -f package.json ']'
+ cp package.json /twcr/mnt/results/extract-raw-package.json
++ /twcr/worker/../worker/pm-detect.sh /tmp/twcr-2a8ae01e9879
+ package_manager_name=
+ '[' -z '' ']'
+ '[' ./ '!=' ./ ']'
+ '[' -z '' ']'
+ package_manager_name=npm
+ writetaskstat exec_node_package_manager npm
+ jq -nc --arg key exec_node_package_manager --arg value npm '{ key: $key, value: $value }'
+ attempt_mode=squash
+ true
++ date -u +%Y-%m-%dT%H:%M:%SZ
+ writetaskstat timestamp_attempt_squash_begin 2024-03-05T06:13:02Z
+ jq -nc --arg key timestamp_attempt_squash_begin --arg value 2024-03-05T06:13:02Z '{ key: $key, value: $value }'
+ [[ squash == \s\q\u\a\s\h ]]
+ set +e
+ node /twcr/worker/../worker/squash-package.mjs tailwind.config.ts
+ exitcode=0
+ set -e
+ [[ 0 != \0 ]]
+ cat package.json
+ sed 's/^/>>> /'
>>> {
>>>   "name": "animecore",
>>>   "version": "0.0.1",
>>>   "private": true,
>>>   "devDependencies": {
>>>     "@skeletonlabs/tw-plugin": "^0.3.1",
>>>     "@tailwindcss/forms": "^0.5.7",
>>>     "@tailwindcss/typography": "^0.5.10",
>>>     "tailwind-scrollbar": "^3.1.0",
>>>     "tailwindcss": "^3.4.1"
>>>   },
>>>   "type": "module",
>>>   "workspaces": [
>>>     "./scripts"
>>>   ]
>>> }+ rm -f package-lock.json pnpm-lock.yaml yarn.lock
+ '[' ./ '!=' ./ ']'
+ set +e
+ /twcr/worker/../worker/pm-install.sh npm /tmp/twcr-2a8ae01e9879 /twcr/mnt/results
+ package_manager_name=npm
+ procdir=/tmp/twcr-2a8ae01e9879
+ datadir=/twcr/mnt/results
+ case "${package_manager_name}" in
++ '[' -f package-lock.json ']'
++ echo install
+ npm install --ignore-engines

added 143 packages, and audited 145 packages in 9s

36 packages are looking for funding
  run `npm fund` for details

found 0 vulnerabilities
npm notice 
npm notice New minor version of npm available! 10.2.4 -> 10.5.0
npm notice Changelog: <https://github.com/npm/cli/releases/tag/v10.5.0>
npm notice Run `npm install -g npm@10.5.0` to update!
npm notice 
+ npm query '*'
+ jq -cr '
        map({ name: .name, version: .version })
        | map(select(.name))
        | sort_by(.name)[]
      '
+ exitcode=0
+ set -e
+ [[ 0 != \0 ]]
++ jq -sr 'map(select(.name == "tailwindcss")) | first | .version'
+ tailwind_package_version=3.4.1
+ tailwind_config_exporter=tailwind.config.exporter2.cjs
+ '[' -f node_modules/tailwindcss/lib/lib/load-config.js ']'
+ tailwind_config_exporter=tailwind.config.exporter3.mjs
+ cp /twcr/worker/../worker/tailwind.config.exporter3.mjs ./
+ set +e
+ node ./tailwind.config.exporter3.mjs tailwind.config.ts
node:internal/modules/cjs/loader:1149
  const err = new Error(message);
              ^

Error: Cannot find module '@skeletonlabs/skeleton'
Require stack:
- /tmp/twcr-2a8ae01e9879/tailwind.config.ts
    at Module._resolveFilename (node:internal/modules/cjs/loader:1149:15)
    at Function.resolve (node:internal/modules/helpers:187:19)
    at Function._resolve [as resolve] (/tmp/twcr-2a8ae01e9879/node_modules/jiti/dist/jiti.js:1:251148)
    at /tmp/twcr-2a8ae01e9879/tailwind.config.ts:16:41
    at evalModule (/tmp/twcr-2a8ae01e9879/node_modules/jiti/dist/jiti.js:1:256443)
    at jiti (/tmp/twcr-2a8ae01e9879/node_modules/jiti/dist/jiti.js:1:254371)
    at /tmp/twcr-2a8ae01e9879/node_modules/tailwindcss/lib/lib/load-config.js:48:30
    at Object.loadConfig (/tmp/twcr-2a8ae01e9879/node_modules/tailwindcss/lib/lib/load-config.js:50:6)
    at file:///tmp/twcr-2a8ae01e9879/tailwind.config.exporter3.mjs:5:28
    at ModuleJob.run (node:internal/modules/esm/module_job:218:25) {
  code: 'MODULE_NOT_FOUND',
  requireStack: [ '/tmp/twcr-2a8ae01e9879/tailwind.config.ts' ]
}

Node.js v21.6.2
+ exitcode=1
+ set -e
+ [[ 1 != \0 ]]
+ [[ squash == \s\q\u\a\s\h ]]
+ echo '[worker] WARN: exporter failed; retrying with full install'
[worker] WARN: exporter failed; retrying with full install
+ attempt_mode=full
+ continue
+ true
++ date -u +%Y-%m-%dT%H:%M:%SZ
+ writetaskstat timestamp_attempt_full_begin 2024-03-05T06:13:13Z
+ jq -nc --arg key timestamp_attempt_full_begin --arg value 2024-03-05T06:13:13Z '{ key: $key, value: $value }'
+ [[ full == \s\q\u\a\s\h ]]
+ git clean -fdx
Removing node_modules/
Removing tailwind.config.exporter3.mjs
+ git reset --hard
HEAD is now at 7a5d460 chore(deps-dev): bump @playwright/test from 1.42.0 to 1.42.1 (#1209)
+ set +e
+ /twcr/worker/../worker/pm-install.sh npm /tmp/twcr-2a8ae01e9879 /twcr/mnt/results
+ package_manager_name=npm
+ procdir=/tmp/twcr-2a8ae01e9879
+ datadir=/twcr/mnt/results
+ case "${package_manager_name}" in
++ '[' -f package-lock.json ']'
++ echo ci
+ npm ci --ignore-engines

> animecore@0.0.1 prepare
> svelte-kit sync


added 904 packages, and audited 906 packages in 39s

213 packages are looking for funding
  run `npm fund` for details

found 0 vulnerabilities
+ npm query '*'
+ jq -cr '
        map({ name: .name, version: .version })
        | map(select(.name))
        | sort_by(.name)[]
      '
+ exitcode=0
+ set -e
+ [[ 0 != \0 ]]
++ jq -sr 'map(select(.name == "tailwindcss")) | first | .version'
+ tailwind_package_version=3.4.1
+ tailwind_config_exporter=tailwind.config.exporter2.cjs
+ '[' -f node_modules/tailwindcss/lib/lib/load-config.js ']'
+ tailwind_config_exporter=tailwind.config.exporter3.mjs
+ cp /twcr/worker/../worker/tailwind.config.exporter3.mjs ./
+ set +e
+ node ./tailwind.config.exporter3.mjs tailwind.config.ts
+ exitcode=0
+ set -e
+ [[ 0 != \0 ]]
+ echo 'module.exports={plugins:['
+ jq -rs '
        map(select(.name | startswith("@tailwindcss/")))
        | map("require(" + ( .name | tojson ) + "),")[]
      '
+ grep -Ev '"@tailwindcss/postcss7-compat"'
+ echo ']}'
+ cat tailwind.config.ts
+ sed 's/^/>>> /'
>>> module.exports={plugins:[
>>> require("@tailwindcss/forms"),
>>> require("@tailwindcss/typography"),
>>> ]}
+ node ./tailwind.config.exporter3.mjs tailwind.config.ts
++ date -u +%Y-%m-%dT%H:%M:%SZ
+ writetaskstat timestamp_attempt_full_end 2024-03-05T06:13:54Z
+ jq -nc --arg key timestamp_attempt_full_end --arg value 2024-03-05T06:13:54Z '{ key: $key, value: $value }'
+ break
++ date -u +%Y-%m-%dT%H:%M:%SZ
+ writetaskstat timestamp_end 2024-03-05T06:13:54Z
+ jq -nc --arg key timestamp_end --arg value 2024-03-05T06:13:54Z '{ key: $key, value: $value }'
+ rm /twcr/mnt/results/extract-failed
+ touch /twcr/mnt/results/extract-completed
