==== RUN-DOCKER
+++ dirname -- ./worker/run.sh
++ cd -- ./worker
++ pwd
+ twcrdir=/twcr/worker/..
+ repo=github.com/kontenbase-team/kontenbase-web-v2
+ reporef=main
+ repopath=./
+ '[' true == true ']'
+ grep -q '^././'
++ echo github.com/kontenbase-team/kontenbase-web-v2
++ sha256sum
++ awk '{ print $1 }'
++ cut -c1-12
+ procdir=/tmp/twcr-09906137dd5a
++ echo 'github.com/kontenbase-team/kontenbase-web-v2;main;./'
++ sha256sum
++ awk '{ print $1 }'
++ cut -c1-12
+ datadir=/twcr/worker/../mnt/dataset/data/a0206aef755f
+ '[' '!' -z /twcr/mnt/results ']'
+ datadir=/twcr/mnt/results
+ touch /twcr/mnt/results/extract-failed
++ base64
++ tr -d =
++ tr /+ _-
++ base64
++ tr -d =
++ tr /+ _-
+ writetaskstat analysis_key github.com/kontenbase-team/kontenbase-web-v2/bWFpbgo/Li8K
+ jq -nc --arg key analysis_key --arg value github.com/kontenbase-team/kontenbase-web-v2/bWFpbgo/Li8K '{ key: $key, value: $value }'
++ date -u +%Y%m%d%H%M%S
++ sha256sum
++ awk '{ print $1 }'
++ cut -c1-16
++ head -c 32 /dev/urandom
+ writetaskstat analysis_nonce b5f58f9ed5969884
+ jq -nc --arg key analysis_nonce --arg value b5f58f9ed5969884 '{ key: $key, value: $value }'
+ writetaskstat input_repo_name github.com/kontenbase-team/kontenbase-web-v2
+ jq -nc --arg key input_repo_name --arg value github.com/kontenbase-team/kontenbase-web-v2 '{ key: $key, value: $value }'
+ writetaskstat input_repo_ref main
+ jq -nc --arg key input_repo_ref --arg value main '{ key: $key, value: $value }'
+ writetaskstat input_repo_path ./
+ jq -nc --arg key input_repo_path --arg value ./ '{ key: $key, value: $value }'
++ date -u +%Y-%m-%dT%H:%M:%SZ
+ writetaskstat timestamp_begin 2024-03-05T10:27:47Z
+ jq -nc --arg key timestamp_begin --arg value 2024-03-05T10:27:47Z '{ key: $key, value: $value }'
+ mkdir -p /tmp/twcr-09906137dd5a
/tmp/twcr-09906137dd5a /twcr
+ pushd /tmp/twcr-09906137dd5a
+ '[' -d .git ']'
+ git clone --depth=1 -b main https://github.com/kontenbase-team/kontenbase-web-v2.git .
Cloning into '.'...
++ date -u +%Y-%m-%dT%H:%M:%SZ
+ writetaskstat timestamp_git_clone_complete 2024-03-05T10:27:51Z
+ jq -nc --arg key timestamp_git_clone_complete --arg value 2024-03-05T10:27:51Z '{ key: $key, value: $value }'
++ git rev-parse HEAD
+ writetaskstat exec_repo_commit_sha 845ad90250f52d6f03eea845784c9d596d784010
+ jq -nc --arg key exec_repo_commit_sha --arg value 845ad90250f52d6f03eea845784c9d596d784010 '{ key: $key, value: $value }'
+++ git show --no-patch --format=%ci
++ date -u --date '2023-05-10 15:04:46 +0700' +%Y-%m-%dT%H:%M:%SZ
+ writetaskstat exec_repo_commit_date 2023-05-10T08:04:46Z
+ jq -nc --arg key exec_repo_commit_date --arg value 2023-05-10T08:04:46Z '{ key: $key, value: $value }'
/tmp/twcr-09906137dd5a /tmp/twcr-09906137dd5a /twcr
+ '[' -z ./ ']'
+ pushd ./
+ tailwind_config_file_name=
+ '[' -f tailwind.config.js ']'
+ tailwind_config_file_name=tailwind.config.js
+ writetaskstat exec_tailwind_config_file tailwind.config.js
+ jq -nc --arg key exec_tailwind_config_file --arg value tailwind.config.js '{ key: $key, value: $value }'
+ cp tailwind.config.js /twcr/mnt/results/extract-raw-tailwind-config.js
+ '[' '!' -f package.json ']'
+ cp package.json /twcr/mnt/results/extract-raw-package.json
++ /twcr/worker/../worker/pm-detect.sh /tmp/twcr-09906137dd5a
+ package_manager_name=
+ '[' -z '' ']'
+ '[' ./ '!=' ./ ']'
+ '[' -z '' ']'
+ package_manager_name=npm
+ writetaskstat exec_node_package_manager npm
+ jq -nc --arg key exec_node_package_manager --arg value npm '{ key: $key, value: $value }'
+ attempt_mode=squash
+ true
++ date -u +%Y-%m-%dT%H:%M:%SZ
+ writetaskstat timestamp_attempt_squash_begin 2024-03-05T10:27:51Z
+ jq -nc --arg key timestamp_attempt_squash_begin --arg value 2024-03-05T10:27:51Z '{ key: $key, value: $value }'
+ [[ squash == \s\q\u\a\s\h ]]
+ set +e
+ node /twcr/worker/../worker/squash-package.mjs tailwind.config.js
+ exitcode=0
+ set -e
+ [[ 0 != \0 ]]
+ cat package.json
+ sed 's/^/>>> /'
>>> {
>>>   "name": "kontenbase-web-v2",
>>>   "description": "Kontenbase landing or marketing website v2 based on Rewinds",
>>>   "version": "2.0.0",
>>>   "license": "MIT",
>>>   "sideEffects": false,
>>>   "private": true,
>>>   "lint-staged": {
>>>     "**/*.css": [
>>>       "prettier --write",
>>>       "stylelint --fix"
>>>     ],
>>>     "**/*.{ts,tsx}": [
>>>       "prettier --write",
>>>       "eslint --fix"
>>>     ],
>>>     "**/*.ts?(x)": [
>>>       "bash -c 'npm run typecheck'"
>>>     ]
>>>   },
>>>   "config": {
>>>     "commitizen": {
>>>       "path": "./node_modules/cz-conventional-changelog"
>>>     }
>>>   },
>>>   "dependencies": {
>>>     "@tailwindcss/aspect-ratio": "0.4.0",
>>>     "@tailwindcss/forms": "0.5.2",
>>>     "@tailwindcss/line-clamp": "0.4.0",
>>>     "@tailwindcss/typography": "0.5.2",
>>>     "@vechaiui/core": "0.6.0",
>>>     "flowbite": "^1.6.4",
>>>     "tailwindcss": "3.1.1",
>>>     "tailwindcss-radix": "2.2.0"
>>>   },
>>>   "devDependencies": {}
>>> }+ rm -f package-lock.json pnpm-lock.yaml yarn.lock
+ '[' ./ '!=' ./ ']'
+ set +e
+ /twcr/worker/../worker/pm-install.sh npm /tmp/twcr-09906137dd5a /twcr/mnt/results
+ package_manager_name=npm
+ procdir=/tmp/twcr-09906137dd5a
+ datadir=/twcr/mnt/results
+ case "${package_manager_name}" in
++ '[' -f package-lock.json ']'
++ echo install
+ npm install --ignore-engines

added 75 packages, and audited 76 packages in 6s

17 packages are looking for funding
  run `npm fund` for details

found 0 vulnerabilities
npm notice 
npm notice New minor version of npm available! 10.2.4 -> 10.5.0
npm notice Changelog: <https://github.com/npm/cli/releases/tag/v10.5.0>
npm notice Run `npm install -g npm@10.5.0` to update!
npm notice 
+ npm query '*'
+ jq -cr '
        map({ name: .name, version: .version })
        | map(select(.name))
        | sort_by(.name)[]
      '
+ exitcode=0
+ set -e
+ [[ 0 != \0 ]]
++ jq -sr 'map(select(.name == "tailwindcss")) | first | .version'
+ tailwind_package_version=3.1.1
+ tailwind_config_exporter=tailwind.config.exporter2.cjs
+ '[' -f node_modules/tailwindcss/lib/lib/load-config.js ']'
+ cp /twcr/worker/../worker/tailwind.config.exporter2.cjs ./
+ set +e
+ node ./tailwind.config.exporter2.cjs tailwind.config.js

warn - As of Tailwind CSS v2.2, `lightBlue` has been renamed to `sky`.
warn - Update your configuration file to silence this warning.

warn - As of Tailwind CSS v3.0, `warmGray` has been renamed to `stone`.
warn - Update your configuration file to silence this warning.

warn - As of Tailwind CSS v3.0, `trueGray` has been renamed to `neutral`.
warn - Update your configuration file to silence this warning.

warn - As of Tailwind CSS v3.0, `coolGray` has been renamed to `gray`.
warn - Update your configuration file to silence this warning.

warn - As of Tailwind CSS v3.0, `blueGray` has been renamed to `slate`.
warn - Update your configuration file to silence this warning.
+ exitcode=0
+ set -e
+ [[ 0 != \0 ]]
+ echo 'module.exports={plugins:['
+ jq -rs '
        map(select(.name | startswith("@tailwindcss/")))
        | map("require(" + ( .name | tojson ) + "),")[]
      '
+ grep -Ev '"@tailwindcss/postcss7-compat"'
+ echo ']}'
+ cat tailwind.config.js
+ sed 's/^/>>> /'
>>> module.exports={plugins:[
>>> require("@tailwindcss/aspect-ratio"),
>>> require("@tailwindcss/forms"),
>>> require("@tailwindcss/line-clamp"),
>>> require("@tailwindcss/typography"),
>>> ]}
+ node ./tailwind.config.exporter2.cjs tailwind.config.js
++ date -u +%Y-%m-%dT%H:%M:%SZ
+ writetaskstat timestamp_attempt_squash_end 2024-03-05T10:27:59Z
+ jq -nc --arg key timestamp_attempt_squash_end --arg value 2024-03-05T10:27:59Z '{ key: $key, value: $value }'
+ break
++ date -u +%Y-%m-%dT%H:%M:%SZ
+ writetaskstat timestamp_end 2024-03-05T10:27:59Z
+ jq -nc --arg key timestamp_end --arg value 2024-03-05T10:27:59Z '{ key: $key, value: $value }'
+ rm /twcr/mnt/results/extract-failed
+ touch /twcr/mnt/results/extract-completed
