==== RUN-DOCKER
+++ dirname -- ./worker/run.sh
++ cd -- ./worker
++ pwd
+ twcrdir=/twcr/worker/..
+ repo=github.com/adaptui/react-tailwind
+ reporef=main
+ repopath=./
+ '[' true == true ']'
+ grep -q '^././'
++ echo github.com/adaptui/react-tailwind
++ sha256sum
++ awk '{ print $1 }'
++ cut -c1-12
+ procdir=/tmp/twcr-a064380e3039
++ echo 'github.com/adaptui/react-tailwind;main;./'
++ sha256sum
++ awk '{ print $1 }'
++ cut -c1-12
+ datadir=/twcr/worker/../mnt/dataset/data/73dffc150c71
+ '[' '!' -z /twcr/mnt/results ']'
+ datadir=/twcr/mnt/results
+ touch /twcr/mnt/results/extract-failed
++ base64
++ tr -d =
++ tr /+ _-
++ base64
++ tr -d =
++ tr /+ _-
+ writetaskstat analysis_key github.com/adaptui/react-tailwind/bWFpbgo/Li8K
+ jq -nc --arg key analysis_key --arg value github.com/adaptui/react-tailwind/bWFpbgo/Li8K '{ key: $key, value: $value }'
++ date -u +%Y%m%d%H%M%S
++ sha256sum
++ awk '{ print $1 }'
++ cut -c1-16
++ head -c 32 /dev/urandom
+ writetaskstat analysis_nonce 6b576fa048519990
+ jq -nc --arg key analysis_nonce --arg value 6b576fa048519990 '{ key: $key, value: $value }'
+ writetaskstat input_repo_name github.com/adaptui/react-tailwind
+ jq -nc --arg key input_repo_name --arg value github.com/adaptui/react-tailwind '{ key: $key, value: $value }'
+ writetaskstat input_repo_ref main
+ jq -nc --arg key input_repo_ref --arg value main '{ key: $key, value: $value }'
+ writetaskstat input_repo_path ./
+ jq -nc --arg key input_repo_path --arg value ./ '{ key: $key, value: $value }'
++ date -u +%Y-%m-%dT%H:%M:%SZ
+ writetaskstat timestamp_begin 2024-03-05T05:29:24Z
+ jq -nc --arg key timestamp_begin --arg value 2024-03-05T05:29:24Z '{ key: $key, value: $value }'
+ mkdir -p /tmp/twcr-a064380e3039
+ pushd /tmp/twcr-a064380e3039
+ '[' -d .git ']'
+ git clone --depth=1 -b main https://github.com/adaptui/react-tailwind.git .
/tmp/twcr-a064380e3039 /twcr
Cloning into '.'...
++ date -u +%Y-%m-%dT%H:%M:%SZ
+ writetaskstat timestamp_git_clone_complete 2024-03-05T05:29:25Z
+ jq -nc --arg key timestamp_git_clone_complete --arg value 2024-03-05T05:29:25Z '{ key: $key, value: $value }'
++ git rev-parse HEAD
+ writetaskstat exec_repo_commit_sha f3cdb5e925e52497c49ff75c215d0c2629612676
+ jq -nc --arg key exec_repo_commit_sha --arg value f3cdb5e925e52497c49ff75c215d0c2629612676 '{ key: $key, value: $value }'
+++ git show --no-patch --format=%ci
++ date -u --date '2023-09-29 12:24:37 +0530' +%Y-%m-%dT%H:%M:%SZ
+ writetaskstat exec_repo_commit_date 2023-09-29T06:54:37Z
+ jq -nc --arg key exec_repo_commit_date --arg value 2023-09-29T06:54:37Z '{ key: $key, value: $value }'
/tmp/twcr-a064380e3039 /tmp/twcr-a064380e3039 /twcr
+ '[' -z ./ ']'
+ pushd ./
+ tailwind_config_file_name=
+ '[' -f tailwind.config.js ']'
+ tailwind_config_file_name=tailwind.config.js
+ writetaskstat exec_tailwind_config_file tailwind.config.js
+ jq -nc --arg key exec_tailwind_config_file --arg value tailwind.config.js '{ key: $key, value: $value }'
+ cp tailwind.config.js /twcr/mnt/results/extract-raw-tailwind-config.js
+ '[' '!' -f package.json ']'
+ cp package.json /twcr/mnt/results/extract-raw-package.json
++ /twcr/worker/../worker/pm-detect.sh /tmp/twcr-a064380e3039
+ package_manager_name=yarn
+ '[' -z yarn ']'
+ '[' -z yarn ']'
+ writetaskstat exec_node_package_manager yarn
+ jq -nc --arg key exec_node_package_manager --arg value yarn '{ key: $key, value: $value }'
+ attempt_mode=squash
+ true
++ date -u +%Y-%m-%dT%H:%M:%SZ
+ writetaskstat timestamp_attempt_squash_begin 2024-03-05T05:29:25Z
+ jq -nc --arg key timestamp_attempt_squash_begin --arg value 2024-03-05T05:29:25Z '{ key: $key, value: $value }'
+ [[ squash == \s\q\u\a\s\h ]]
+ set +e
+ node /twcr/worker/../worker/squash-package.mjs tailwind.config.js
+ exitcode=0
+ set -e
+ [[ 0 != \0 ]]
+ cat package.json
+ sed 's/^/>>> /'
>>> {
>>>   "name": "@adaptui/react-tailwind",
>>>   "version": "0.1.0-alpha.5",
>>>   "description": "React UI built with renderleskit-react & tailwind",
>>>   "keywords": [
>>>     "react",
>>>     "ui",
>>>     "adaptui",
>>>     "components",
>>>     "typescript"
>>>   ],
>>>   "bugs": {
>>>     "url": "https://github.com/adaptui/react-tailwind/issues"
>>>   },
>>>   "repository": {
>>>     "type": "git",
>>>     "url": "git+https://github.com/adaptui/react-tailwind.git"
>>>   },
>>>   "license": "MIT",
>>>   "author": "Timeless <hello@timeless.co>",
>>>   "sideEffects": false,
>>>   "exports": {
>>>     ".": {
>>>       "require": "./out/cjs/index.js",
>>>       "import": "./out/esm/index.js",
>>>       "default": "./out/esm/index.js"
>>>     },
>>>     "./preset": "./preset.js"
>>>   },
>>>   "main": "out/cjs/index.js",
>>>   "module": "out/esm/index.js",
>>>   "source": "src/index.ts",
>>>   "types": "out/types/index.d.ts",
>>>   "typings": "out/types/index.d.ts",
>>>   "files": [
>>>     "tailwind-utils",
>>>     "preset.d.ts",
>>>     "preset.js",
>>>     "out"
>>>   ],
>>>   "commitlint": {
>>>     "extends": [
>>>       "@commitlint/config-conventional"
>>>     ]
>>>   },
>>>   "lint-staged": {
>>>     "**/*.{js,jsx,tx,tsx}": [
>>>       "yarn lint:fix"
>>>     ],
>>>     "**/*.{html,css,js,jsx,ts,tsx,md,json}": [
>>>       "yarn format:fix"
>>>     ]
>>>   },
>>>   "browserslist": {
>>>     "production": [
>>>       ">0.2%",
>>>       "not dead",
>>>       "not op_mini all"
>>>     ],
>>>     "development": [
>>>       "last 1 chrome version",
>>>       "last 1 firefox version",
>>>       "last 1 safari version"
>>>     ]
>>>   },
>>>   "dependencies": {},
>>>   "devDependencies": {
>>>     "@tailwindcss/forms": "0.5.2",
>>>     "tailwindcss": "3.1.8"
>>>   },
>>>   "peerDependencies": {},
>>>   "publishConfig": {
>>>     "access": "public",
>>>     "registry": "https://registry.npmjs.org/"
>>>   },
>>>   "gacp": {
>>>     "add": false,
>>>     "push": false,
>>>     "emoji": "emoji",
>>>     "editor": false
>>>   }
>>> }+ rm -f package-lock.json pnpm-lock.yaml yarn.lock
+ '[' ./ '!=' ./ ']'
+ set +e
+ /twcr/worker/../worker/pm-install.sh yarn /tmp/twcr-a064380e3039 /twcr/mnt/results
+ package_manager_name=yarn
+ procdir=/tmp/twcr-a064380e3039
+ datadir=/twcr/mnt/results
+ case "${package_manager_name}" in
+ '[' -z http://tid_b3d632c7a91b:ok@172.18.0.2:3128 ']'
+ yarn config set httpProxy http://tid_b3d632c7a91b:ok@172.18.0.2:3128
yarn config v1.22.19
success Set "httpProxy" to "http://tid_b3d632c7a91b:ok@172.18.0.2:3128".
Done in 0.06s.
+ '[' -z http://tid_b3d632c7a91b:ok@172.18.0.2:3128 ']'
+ yarn config set httpsProxy http://tid_b3d632c7a91b:ok@172.18.0.2:3128
yarn config v1.22.19
success Set "httpsProxy" to "http://tid_b3d632c7a91b:ok@172.18.0.2:3128".
Done in 0.05s.
+ yarn install
yarn install v1.22.19
info No lockfile found.
[1/4] Resolving packages...
(node:131) [DEP0040] DeprecationWarning: The `punycode` module is deprecated. Please use a userland alternative instead.
(Use `node --trace-deprecation ...` to show where the warning was created)
[2/4] Fetching packages...
[3/4] Linking dependencies...
warning " > tailwindcss@3.1.8" has unmet peer dependency "postcss@^8.0.9".
[4/4] Building fresh packages...
success Saved lockfile.
Done in 4.66s.
+ yarn list --depth=0 --json --non-interactive --no-progress
+ jq -cr '
        [.. | .name?]
        | map(select(.))
        | map(capture("^(?<name>@?[^@]+)@(?<version>.+)$"))
        | sort_by(.name)[]'
+ exitcode=0
+ set -e
+ [[ 0 != \0 ]]
++ jq -sr 'map(select(.name == "tailwindcss")) | first | .version'
+ tailwind_package_version=3.1.8
+ tailwind_config_exporter=tailwind.config.exporter2.cjs
+ '[' -f node_modules/tailwindcss/lib/lib/load-config.js ']'
+ cp /twcr/worker/../worker/tailwind.config.exporter2.cjs ./
+ set +e
+ node ./tailwind.config.exporter2.cjs tailwind.config.js
+ exitcode=0
+ set -e
+ [[ 0 != \0 ]]
+ echo 'module.exports={plugins:['
+ jq -rs '
        map(select(.name | startswith("@tailwindcss/")))
        | map("require(" + ( .name | tojson ) + "),")[]
      '
+ grep -Ev '"@tailwindcss/postcss7-compat"'
+ echo ']}'
+ cat tailwind.config.js
+ sed 's/^/>>> /'
+ node ./tailwind.config.exporter2.cjs tailwind.config.js
>>> module.exports={plugins:[
>>> require("@tailwindcss/forms"),
>>> ]}
++ date -u +%Y-%m-%dT%H:%M:%SZ
+ writetaskstat timestamp_attempt_squash_end 2024-03-05T05:29:31Z
+ jq -nc --arg key timestamp_attempt_squash_end --arg value 2024-03-05T05:29:31Z '{ key: $key, value: $value }'
+ break
++ date -u +%Y-%m-%dT%H:%M:%SZ
+ writetaskstat timestamp_end 2024-03-05T05:29:31Z
+ jq -nc --arg key timestamp_end --arg value 2024-03-05T05:29:31Z '{ key: $key, value: $value }'
+ rm /twcr/mnt/results/extract-failed
+ touch /twcr/mnt/results/extract-completed
