==== RUN-DOCKER
+++ dirname -- ./worker/run.sh
++ cd -- ./worker
++ pwd
+ twcrdir=/twcr/worker/..
+ repo=github.com/Fallenbagel/jellyseerr
+ reporef=develop
+ repopath=./
+ '[' true == true ']'
+ grep -q '^././'
++ echo github.com/Fallenbagel/jellyseerr
++ sha256sum
++ awk '{ print $1 }'
++ cut -c1-12
+ procdir=/tmp/twcr-3b19bcaa6065
++ echo 'github.com/Fallenbagel/jellyseerr;develop;./'
++ sha256sum
++ awk '{ print $1 }'
++ cut -c1-12
+ datadir=/twcr/worker/../mnt/dataset/data/9ffa2fe25e21
+ '[' '!' -z /twcr/mnt/results ']'
+ datadir=/twcr/mnt/results
+ touch /twcr/mnt/results/extract-failed
++ base64
++ tr -d =
++ tr /+ _-
++ base64
++ tr -d =
++ tr /+ _-
+ writetaskstat analysis_key github.com/Fallenbagel/jellyseerr/ZGV2ZWxvcAo/Li8K
+ jq -nc --arg key analysis_key --arg value github.com/Fallenbagel/jellyseerr/ZGV2ZWxvcAo/Li8K '{ key: $key, value: $value }'
++ date -u +%Y%m%d%H%M%S
++ sha256sum
++ awk '{ print $1 }'
++ cut -c1-16
++ head -c 32 /dev/urandom
+ writetaskstat analysis_nonce 5c91d61fa68dfe76
+ jq -nc --arg key analysis_nonce --arg value 5c91d61fa68dfe76 '{ key: $key, value: $value }'
+ writetaskstat input_repo_name github.com/Fallenbagel/jellyseerr
+ jq -nc --arg key input_repo_name --arg value github.com/Fallenbagel/jellyseerr '{ key: $key, value: $value }'
+ writetaskstat input_repo_ref develop
+ jq -nc --arg key input_repo_ref --arg value develop '{ key: $key, value: $value }'
+ writetaskstat input_repo_path ./
+ jq -nc --arg key input_repo_path --arg value ./ '{ key: $key, value: $value }'
++ date -u +%Y-%m-%dT%H:%M:%SZ
+ writetaskstat timestamp_begin 2024-03-04T22:23:59Z
+ jq -nc --arg key timestamp_begin --arg value 2024-03-04T22:23:59Z '{ key: $key, value: $value }'
+ mkdir -p /tmp/twcr-3b19bcaa6065
+ pushd /tmp/twcr-3b19bcaa6065
+ '[' -d .git ']'
+ git clone --depth=1 -b develop https://github.com/Fallenbagel/jellyseerr.git .
/tmp/twcr-3b19bcaa6065 /twcr
Cloning into '.'...
++ date -u +%Y-%m-%dT%H:%M:%SZ
+ writetaskstat timestamp_git_clone_complete 2024-03-04T22:24:01Z
+ jq -nc --arg key timestamp_git_clone_complete --arg value 2024-03-04T22:24:01Z '{ key: $key, value: $value }'
++ git rev-parse HEAD
+ writetaskstat exec_repo_commit_sha eee9a025d246c72bcd3aca753d9e49c1f8f064ea
+ jq -nc --arg key exec_repo_commit_sha --arg value eee9a025d246c72bcd3aca753d9e49c1f8f064ea '{ key: $key, value: $value }'
+++ git show --no-patch --format=%ci
++ date -u --date '2024-02-23 12:57:57 +0500' +%Y-%m-%dT%H:%M:%SZ
+ writetaskstat exec_repo_commit_date 2024-02-23T07:57:57Z
+ jq -nc --arg key exec_repo_commit_date --arg value 2024-02-23T07:57:57Z '{ key: $key, value: $value }'
+ '[' -z ./ ']'
+ pushd ./
+ tailwind_config_file_name=
+ '[' -f tailwind.config.js ']'
+ tailwind_config_file_name=tailwind.config.js
+ writetaskstat exec_tailwind_config_file tailwind.config.js
+ jq -nc --arg key exec_tailwind_config_file --arg value tailwind.config.js '{ key: $key, value: $value }'
/tmp/twcr-3b19bcaa6065 /tmp/twcr-3b19bcaa6065 /twcr
+ cp tailwind.config.js /twcr/mnt/results/extract-raw-tailwind-config.js
+ '[' '!' -f package.json ']'
+ cp package.json /twcr/mnt/results/extract-raw-package.json
++ /twcr/worker/../worker/pm-detect.sh /tmp/twcr-3b19bcaa6065
+ package_manager_name=yarn
+ '[' -z yarn ']'
+ '[' -z yarn ']'
+ writetaskstat exec_node_package_manager yarn
+ jq -nc --arg key exec_node_package_manager --arg value yarn '{ key: $key, value: $value }'
+ attempt_mode=squash
+ true
++ date -u +%Y-%m-%dT%H:%M:%SZ
+ writetaskstat timestamp_attempt_squash_begin 2024-03-04T22:24:01Z
+ jq -nc --arg key timestamp_attempt_squash_begin --arg value 2024-03-04T22:24:01Z '{ key: $key, value: $value }'
+ [[ squash == \s\q\u\a\s\h ]]
+ set +e
+ node /twcr/worker/../worker/squash-package.mjs tailwind.config.js
+ exitcode=0
+ set -e
+ [[ 0 != \0 ]]
+ cat package.json
+ sed 's/^/>>> /'
>>> {
>>>   "name": "jellyseerr",
>>>   "version": "0.1.0",
>>>   "private": true,
>>>   "repository": {
>>>     "type": "git",
>>>     "url": "https://github.com/fallenbagel/jellyseerr.git"
>>>   },
>>>   "license": "MIT",
>>>   "dependencies": {},
>>>   "devDependencies": {
>>>     "@tailwindcss/aspect-ratio": "0.4.2",
>>>     "@tailwindcss/forms": "0.5.3",
>>>     "@tailwindcss/typography": "0.5.9",
>>>     "tailwindcss": "3.2.7"
>>>   },
>>>   "resolutions": {
>>>     "sqlite3/node-gyp": "8.4.1",
>>>     "@types/react": "18.0.28",
>>>     "@types/react-dom": "18.0.11",
>>>     "@types/express-session": "1.17.6"
>>>   },
>>>   "config": {
>>>     "commitizen": {
>>>       "path": "./node_modules/cz-conventional-changelog"
>>>     }
>>>   },
>>>   "lint-staged": {
>>>     "**/*.{ts,tsx,js}": [
>>>       "prettier --write",
>>>       "eslint"
>>>     ],
>>>     "**/*.{json,md,css}": [
>>>       "prettier --write"
>>>     ]
>>>   },
>>>   "commitlint": {
>>>     "extends": [
>>>       "@commitlint/config-conventional"
>>>     ]
>>>   },
>>>   "release": {
>>>     "plugins": [
>>>       "@semantic-release/commit-analyzer",
>>>       "@semantic-release/release-notes-generator",
>>>       [
>>>         "@semantic-release/changelog",
>>>         {
>>>           "changelogFile": "CHANGELOG.md"
>>>         }
>>>       ],
>>>       "@semantic-release/npm",
>>>       [
>>>         "@semantic-release/git",
>>>         {
>>>           "assets": [
>>>             "package.json",
>>>             "CHANGELOG.md"
>>>           ],
>>>           "message": "chore(release): ${nextRelease.version}"
>>>         }
>>>       ],
>>>       "semantic-release-docker-buildx",
>>>       [
>>>         "@semantic-release/github",
>>>         {
>>>           "addReleases": "bottom"
>>>         }
>>>       ]
>>>     ],
>>>     "branches": [
>>>       "main"
>>>     ],
>>>     "npmPublish": false,
>>>     "publish": [
>>>       {
>>>         "path": "semantic-release-docker-buildx",
>>>         "buildArgs": {
>>>           "COMMIT_TAG": "$GIT_SHA"
>>>         },
>>>         "imageNames": [
>>>           "fallenbagel/jellyseerr"
>>>         ],
>>>         "platforms": [
>>>           "linux/amd64",
>>>           "linux/arm64",
>>>           "linux/arm/v7"
>>>         ]
>>>       },
>>>       "@semantic-release/github"
>>>     ]
>>>   }
>>> }+ rm -f package-lock.json pnpm-lock.yaml yarn.lock
+ '[' ./ '!=' ./ ']'
+ set +e
+ /twcr/worker/../worker/pm-install.sh yarn /tmp/twcr-3b19bcaa6065 /twcr/mnt/results
+ package_manager_name=yarn
+ procdir=/tmp/twcr-3b19bcaa6065
+ datadir=/twcr/mnt/results
+ case "${package_manager_name}" in
+ '[' -z http://tid_4e48e65236a0:ok@172.18.0.2:3128 ']'
+ yarn config set httpProxy http://tid_4e48e65236a0:ok@172.18.0.2:3128
yarn config v1.22.19
success Set "httpProxy" to "http://tid_4e48e65236a0:ok@172.18.0.2:3128".
Done in 0.05s.
+ '[' -z http://tid_4e48e65236a0:ok@172.18.0.2:3128 ']'
+ yarn config set httpsProxy http://tid_4e48e65236a0:ok@172.18.0.2:3128
yarn config v1.22.19
success Set "httpsProxy" to "http://tid_4e48e65236a0:ok@172.18.0.2:3128".
Done in 0.05s.
+ yarn install
yarn install v1.22.19
info No lockfile found.
[1/4] Resolving packages...
(node:131) [DEP0040] DeprecationWarning: The `punycode` module is deprecated. Please use a userland alternative instead.
(Use `node --trace-deprecation ...` to show where the warning was created)
warning node-gyp > make-fetch-happen > cacache > @npmcli/move-file@1.1.2: This functionality has been moved to @npmcli/fs
[2/4] Fetching packages...
[3/4] Linking dependencies...
warning " > tailwindcss@3.2.7" has unmet peer dependency "postcss@^8.0.9".
[4/4] Building fresh packages...
success Saved lockfile.
Done in 9.83s.
+ yarn list --depth=0 --json --non-interactive --no-progress
+ jq -cr '
        [.. | .name?]
        | map(select(.))
        | map(capture("^(?<name>@?[^@]+)@(?<version>.+)$"))
        | sort_by(.name)[]'
+ exitcode=0
+ set -e
+ [[ 0 != \0 ]]
++ jq -sr 'map(select(.name == "tailwindcss")) | first | .version'
+ tailwind_package_version=3.2.7
+ tailwind_config_exporter=tailwind.config.exporter2.cjs
+ '[' -f node_modules/tailwindcss/lib/lib/load-config.js ']'
+ cp /twcr/worker/../worker/tailwind.config.exporter2.cjs ./
+ set +e
+ node ./tailwind.config.exporter2.cjs tailwind.config.js
+ exitcode=0
+ set -e
+ [[ 0 != \0 ]]
+ echo 'module.exports={plugins:['
+ jq -rs '
        map(select(.name | startswith("@tailwindcss/")))
        | map("require(" + ( .name | tojson ) + "),")[]
      '
+ grep -Ev '"@tailwindcss/postcss7-compat"'
+ echo ']}'
+ cat tailwind.config.js
+ sed 's/^/>>> /'
>>> module.exports={plugins:[
>>> require("@tailwindcss/aspect-ratio"),
>>> require("@tailwindcss/forms"),
>>> require("@tailwindcss/typography"),
>>> ]}
+ node ./tailwind.config.exporter2.cjs tailwind.config.js
++ date -u +%Y-%m-%dT%H:%M:%SZ
+ writetaskstat timestamp_attempt_squash_end 2024-03-04T22:24:13Z
+ jq -nc --arg key timestamp_attempt_squash_end --arg value 2024-03-04T22:24:13Z '{ key: $key, value: $value }'
+ break
++ date -u +%Y-%m-%dT%H:%M:%SZ
+ writetaskstat timestamp_end 2024-03-04T22:24:13Z
+ jq -nc --arg key timestamp_end --arg value 2024-03-04T22:24:13Z '{ key: $key, value: $value }'
+ rm /twcr/mnt/results/extract-failed
+ touch /twcr/mnt/results/extract-completed
