==== RUN-DOCKER
+++ dirname -- ./worker/run.sh
++ cd -- ./worker
++ pwd
+ twcrdir=/twcr/worker/..
+ repo=github.com/KOBA789/itzmono-vite
+ reporef=main
+ repopath=./
+ '[' true == true ']'
+ grep -q '^././'
++ echo github.com/KOBA789/itzmono-vite
++ sha256sum
++ awk '{ print $1 }'
++ cut -c1-12
+ procdir=/tmp/twcr-fbe902a35b1b
++ echo 'github.com/KOBA789/itzmono-vite;main;./'
++ sha256sum
++ awk '{ print $1 }'
++ cut -c1-12
+ datadir=/twcr/worker/../mnt/dataset/data/b214c9ee230b
+ '[' '!' -z /twcr/mnt/results ']'
+ datadir=/twcr/mnt/results
+ touch /twcr/mnt/results/extract-failed
++ base64
++ tr -d =
++ tr /+ _-
++ base64
++ tr -d =
++ tr /+ _-
+ writetaskstat analysis_key github.com/KOBA789/itzmono-vite/bWFpbgo/Li8K
+ jq -nc --arg key analysis_key --arg value github.com/KOBA789/itzmono-vite/bWFpbgo/Li8K '{ key: $key, value: $value }'
++ date -u +%Y%m%d%H%M%S
++ sha256sum
++ awk '{ print $1 }'
++ cut -c1-16
++ head -c 32 /dev/urandom
+ writetaskstat analysis_nonce a9a3eeb6a600eeb5
+ jq -nc --arg key analysis_nonce --arg value a9a3eeb6a600eeb5 '{ key: $key, value: $value }'
+ writetaskstat input_repo_name github.com/KOBA789/itzmono-vite
+ jq -nc --arg key input_repo_name --arg value github.com/KOBA789/itzmono-vite '{ key: $key, value: $value }'
+ writetaskstat input_repo_ref main
+ jq -nc --arg key input_repo_ref --arg value main '{ key: $key, value: $value }'
+ writetaskstat input_repo_path ./
+ jq -nc --arg key input_repo_path --arg value ./ '{ key: $key, value: $value }'
++ date -u +%Y-%m-%dT%H:%M:%SZ
+ writetaskstat timestamp_begin 2024-03-05T04:23:15Z
+ jq -nc --arg key timestamp_begin --arg value 2024-03-05T04:23:15Z '{ key: $key, value: $value }'
+ mkdir -p /tmp/twcr-fbe902a35b1b
/tmp/twcr-fbe902a35b1b /twcr
+ pushd /tmp/twcr-fbe902a35b1b
+ '[' -d .git ']'
+ git clone --depth=1 -b main https://github.com/KOBA789/itzmono-vite.git .
Cloning into '.'...
++ date -u +%Y-%m-%dT%H:%M:%SZ
+ writetaskstat timestamp_git_clone_complete 2024-03-05T04:23:16Z
+ jq -nc --arg key timestamp_git_clone_complete --arg value 2024-03-05T04:23:16Z '{ key: $key, value: $value }'
++ git rev-parse HEAD
+ writetaskstat exec_repo_commit_sha f25ba5380c80953b1412d17761cf47a800fde361
+ jq -nc --arg key exec_repo_commit_sha --arg value f25ba5380c80953b1412d17761cf47a800fde361 '{ key: $key, value: $value }'
+++ git show --no-patch --format=%ci
++ date -u --date '2024-03-05 01:11:24 +0000' +%Y-%m-%dT%H:%M:%SZ
+ writetaskstat exec_repo_commit_date 2024-03-05T01:11:24Z
+ jq -nc --arg key exec_repo_commit_date --arg value 2024-03-05T01:11:24Z '{ key: $key, value: $value }'
/tmp/twcr-fbe902a35b1b /tmp/twcr-fbe902a35b1b /twcr
+ '[' -z ./ ']'
+ pushd ./
+ tailwind_config_file_name=
+ '[' -f tailwind.config.js ']'
+ tailwind_config_file_name=tailwind.config.js
+ writetaskstat exec_tailwind_config_file tailwind.config.js
+ jq -nc --arg key exec_tailwind_config_file --arg value tailwind.config.js '{ key: $key, value: $value }'
+ cp tailwind.config.js /twcr/mnt/results/extract-raw-tailwind-config.js
+ '[' '!' -f package.json ']'
+ cp package.json /twcr/mnt/results/extract-raw-package.json
++ /twcr/worker/../worker/pm-detect.sh /tmp/twcr-fbe902a35b1b
+ package_manager_name=pnpm
+ '[' -z pnpm ']'
+ '[' -z pnpm ']'
+ writetaskstat exec_node_package_manager pnpm
+ jq -nc --arg key exec_node_package_manager --arg value pnpm '{ key: $key, value: $value }'
+ attempt_mode=squash
+ true
++ date -u +%Y-%m-%dT%H:%M:%SZ
+ writetaskstat timestamp_attempt_squash_begin 2024-03-05T04:23:16Z
+ jq -nc --arg key timestamp_attempt_squash_begin --arg value 2024-03-05T04:23:16Z '{ key: $key, value: $value }'
+ [[ squash == \s\q\u\a\s\h ]]
+ set +e
+ node /twcr/worker/../worker/squash-package.mjs tailwind.config.js
+ exitcode=0
+ set -e
+ [[ 0 != \0 ]]
+ cat package.json
+ sed 's/^/>>> /'
>>> {
>>>   "name": "itzmono-vite",
>>>   "version": "0.0.0",
>>>   "dependencies": {
>>>     "tailwindcss": "3.4.1"
>>>   },
>>>   "devDependencies": {},
>>>   "engines": {
>>>     "node": "^21"
>>>   },
>>>   "packageManager": "pnpm@8.15.4"
>>> }+ rm -f package-lock.json pnpm-lock.yaml yarn.lock
+ '[' ./ '!=' ./ ']'
+ set +e
+ /twcr/worker/../worker/pm-install.sh pnpm /tmp/twcr-fbe902a35b1b /twcr/mnt/results
+ package_manager_name=pnpm
+ procdir=/tmp/twcr-fbe902a35b1b
+ datadir=/twcr/mnt/results
+ case "${package_manager_name}" in
+ '[' '!' -f /tmp/twcr-fbe902a35b1b/package.json ']'
++ pnpm -v
+ sed -Ei 's/("pnpm": ")(.+)(")/\18.15.4\3/' /tmp/twcr-fbe902a35b1b/package.json
+ '[' '!' -f package.json ']'
++ pnpm -v
+ sed -Ei 's/("pnpm": ")(.+)(")/\18.15.4\3/' package.json
+ pnpm install
Progress: resolved 1, reused 0, downloaded 0, added 0
Progress: resolved 36, reused 0, downloaded 22, added 0
Progress: resolved 61, reused 0, downloaded 55, added 0
Progress: resolved 90, reused 0, downloaded 86, added 0
Progress: resolved 96, reused 0, downloaded 89, added 0
Progress: resolved 96, reused 0, downloaded 90, added 0
Packages: +105
++++++++++++++++++++++++++++++++++++++++++++++++++++++++++++++++++++++++++++++++
Progress: resolved 106, reused 0, downloaded 104, added 36
Progress: resolved 106, reused 0, downloaded 105, added 105, done

dependencies:
+ tailwindcss 3.4.1

Done in 7.8s
+ pnpm ls --json
+ jq -cr '
        .[]
        | [.dependencies, .devDependencies, .optionalDependencies]
        | map(select(.))[]
        | to_entries
        | map({ name: .key, version: .value.version })
        | sort_by(.name)[]
      '
+ exitcode=0
+ set -e
+ [[ 0 != \0 ]]
++ jq -sr 'map(select(.name == "tailwindcss")) | first | .version'
+ tailwind_package_version=3.4.1
+ tailwind_config_exporter=tailwind.config.exporter2.cjs
+ '[' -f node_modules/tailwindcss/lib/lib/load-config.js ']'
+ tailwind_config_exporter=tailwind.config.exporter3.mjs
+ cp /twcr/worker/../worker/tailwind.config.exporter3.mjs ./
+ set +e
+ node ./tailwind.config.exporter3.mjs tailwind.config.js
+ exitcode=0
+ set -e
+ [[ 0 != \0 ]]
+ echo 'module.exports={plugins:['
+ jq -rs '
        map(select(.name | startswith("@tailwindcss/")))
        | map("require(" + ( .name | tojson ) + "),")[]
      '
+ grep -Ev '"@tailwindcss/postcss7-compat"'
+ true
+ echo ']}'
+ cat tailwind.config.js
+ sed 's/^/>>> /'
>>> module.exports={plugins:[
>>> ]}
+ node ./tailwind.config.exporter3.mjs tailwind.config.js
++ date -u +%Y-%m-%dT%H:%M:%SZ
+ writetaskstat timestamp_attempt_squash_end 2024-03-05T04:23:26Z
+ jq -nc --arg key timestamp_attempt_squash_end --arg value 2024-03-05T04:23:26Z '{ key: $key, value: $value }'
+ break
++ date -u +%Y-%m-%dT%H:%M:%SZ
+ writetaskstat timestamp_end 2024-03-05T04:23:26Z
+ jq -nc --arg key timestamp_end --arg value 2024-03-05T04:23:26Z '{ key: $key, value: $value }'
+ rm /twcr/mnt/results/extract-failed
+ touch /twcr/mnt/results/extract-completed
