==== RUN-DOCKER
+++ dirname -- ./worker/run.sh
++ cd -- ./worker
++ pwd
+ twcrdir=/twcr/worker/..
+ repo=github.com/BeyondRGB/Imaging-Art-beyond-RGB
+ reporef=master
+ repopath=./frontend
+ '[' true == true ']'
+ grep -q '^././'
++ echo github.com/BeyondRGB/Imaging-Art-beyond-RGB
++ sha256sum
++ awk '{ print $1 }'
++ cut -c1-12
+ procdir=/tmp/twcr-f38904091265
++ echo 'github.com/BeyondRGB/Imaging-Art-beyond-RGB;master;./frontend'
++ sha256sum
++ awk '{ print $1 }'
++ cut -c1-12
+ datadir=/twcr/worker/../mnt/dataset/data/05f8096eb0c5
+ '[' '!' -z /twcr/mnt/results ']'
+ datadir=/twcr/mnt/results
+ touch /twcr/mnt/results/extract-failed
++ base64
++ tr -d =
++ tr /+ _-
++ base64
++ tr -d =
++ tr /+ _-
+ writetaskstat analysis_key github.com/BeyondRGB/Imaging-Art-beyond-RGB/bWFzdGVyCg/Li9mcm9udGVuZAo
+ jq -nc --arg key analysis_key --arg value github.com/BeyondRGB/Imaging-Art-beyond-RGB/bWFzdGVyCg/Li9mcm9udGVuZAo '{ key: $key, value: $value }'
++ date -u +%Y%m%d%H%M%S
++ sha256sum
++ awk '{ print $1 }'
++ cut -c1-16
++ head -c 32 /dev/urandom
+ writetaskstat analysis_nonce e16b59b8c64669cc
+ jq -nc --arg key analysis_nonce --arg value e16b59b8c64669cc '{ key: $key, value: $value }'
+ writetaskstat input_repo_name github.com/BeyondRGB/Imaging-Art-beyond-RGB
+ jq -nc --arg key input_repo_name --arg value github.com/BeyondRGB/Imaging-Art-beyond-RGB '{ key: $key, value: $value }'
+ writetaskstat input_repo_ref master
+ jq -nc --arg key input_repo_ref --arg value master '{ key: $key, value: $value }'
+ writetaskstat input_repo_path ./frontend
+ jq -nc --arg key input_repo_path --arg value ./frontend '{ key: $key, value: $value }'
++ date -u +%Y-%m-%dT%H:%M:%SZ
+ writetaskstat timestamp_begin 2024-03-05T08:48:33Z
+ jq -nc --arg key timestamp_begin --arg value 2024-03-05T08:48:33Z '{ key: $key, value: $value }'
+ mkdir -p /tmp/twcr-f38904091265
+ pushd /tmp/twcr-f38904091265
+ '[' -d .git ']'
+ git clone --depth=1 -b master https://github.com/BeyondRGB/Imaging-Art-beyond-RGB.git .
/tmp/twcr-f38904091265 /twcr
Cloning into '.'...
++ date -u +%Y-%m-%dT%H:%M:%SZ
+ writetaskstat timestamp_git_clone_complete 2024-03-05T08:48:34Z
+ jq -nc --arg key timestamp_git_clone_complete --arg value 2024-03-05T08:48:34Z '{ key: $key, value: $value }'
++ git rev-parse HEAD
+ writetaskstat exec_repo_commit_sha 47df2f903172f83d248a50db95da97343b5f29e9
+ jq -nc --arg key exec_repo_commit_sha --arg value 47df2f903172f83d248a50db95da97343b5f29e9 '{ key: $key, value: $value }'
+++ git show --no-patch --format=%ci
++ date -u --date '2023-03-30 00:01:07 +0000' +%Y-%m-%dT%H:%M:%SZ
+ writetaskstat exec_repo_commit_date 2023-03-30T00:01:07Z
+ jq -nc --arg key exec_repo_commit_date --arg value 2023-03-30T00:01:07Z '{ key: $key, value: $value }'
/tmp/twcr-f38904091265/frontend /tmp/twcr-f38904091265 /twcr
+ '[' -z ./frontend ']'
+ pushd ./frontend
+ tailwind_config_file_name=
+ '[' -f tailwind.config.js ']'
+ tailwind_config_file_name=tailwind.config.js
+ writetaskstat exec_tailwind_config_file tailwind.config.js
+ jq -nc --arg key exec_tailwind_config_file --arg value tailwind.config.js '{ key: $key, value: $value }'
+ cp tailwind.config.js /twcr/mnt/results/extract-raw-tailwind-config.js
+ '[' '!' -f package.json ']'
+ cp package.json /twcr/mnt/results/extract-raw-package.json
++ /twcr/worker/../worker/pm-detect.sh /tmp/twcr-f38904091265/frontend
+ package_manager_name=
+ '[' -z '' ']'
+ '[' ./frontend '!=' ./ ']'
++ /twcr/worker/../worker/pm-detect.sh /tmp/twcr-f38904091265
grep: /tmp/twcr-f38904091265/package.json: No such file or directory
grep: /tmp/twcr-f38904091265/package.json: No such file or directory
grep: /tmp/twcr-f38904091265/package.json: No such file or directory
/twcr/worker/../worker/pm-detect.sh: line 17: /tmp/twcr-f38904091265/package.json: No such file or directory
+ package_manager_name=
+ '[' -z '' ']'
+ package_manager_name=npm
+ writetaskstat exec_node_package_manager npm
+ jq -nc --arg key exec_node_package_manager --arg value npm '{ key: $key, value: $value }'
+ attempt_mode=squash
+ true
++ date -u +%Y-%m-%dT%H:%M:%SZ
+ writetaskstat timestamp_attempt_squash_begin 2024-03-05T08:48:35Z
+ jq -nc --arg key timestamp_attempt_squash_begin --arg value 2024-03-05T08:48:35Z '{ key: $key, value: $value }'
+ [[ squash == \s\q\u\a\s\h ]]
+ set +e
+ node /twcr/worker/../worker/squash-package.mjs tailwind.config.js
+ exitcode=0
+ set -e
+ [[ 0 != \0 ]]
+ cat package.json
+ sed 's/^/>>> /'
>>> {
>>>   "name": "beyond-rgb",
>>>   "productName": "Beyond_RGB",
>>>   "version": "1.5.1",
>>>   "description": "Spectral image calibration",
>>>   "main": "src/main/index.js",
>>>   "keywords": [],
>>>   "author": {
>>>     "name": "BeyondRGB",
>>>     "email": ""
>>>   },
>>>   "license": "MIT",
>>>   "config": {
>>>     "forge": {
>>>       "packagerConfig": {
>>>         "icon": "./assets/icon"
>>>       },
>>>       "makers": [
>>>         {
>>>           "name": "@electron-forge/maker-squirrel",
>>>           "config": {
>>>             "name": "BeyondRGB"
>>>           }
>>>         },
>>>         {
>>>           "name": "@electron-forge/maker-zip",
>>>           "platforms": [
>>>             "darwin"
>>>           ]
>>>         },
>>>         {
>>>           "name": "@electron-forge/maker-deb",
>>>           "config": {}
>>>         },
>>>         {
>>>           "name": "@electron-forge/maker-rpm",
>>>           "config": {}
>>>         }
>>>       ]
>>>     }
>>>   },
>>>   "dependencies": {},
>>>   "devDependencies": {
>>>     "tailwindcss": "^3.0.23"
>>>   }
>>> }+ rm -f package-lock.json pnpm-lock.yaml yarn.lock
+ '[' ./frontend '!=' ./ ']'
+ rm -f /tmp/twcr-f38904091265/package.json /tmp/twcr-f38904091265/package-lock.json /tmp/twcr-f38904091265/pnpm-lock.yaml /tmp/twcr-f38904091265/yarn.lock
+ set +e
+ /twcr/worker/../worker/pm-install.sh npm /tmp/twcr-f38904091265 /twcr/mnt/results
+ package_manager_name=npm
+ procdir=/tmp/twcr-f38904091265
+ datadir=/twcr/mnt/results
+ case "${package_manager_name}" in
++ '[' -f package-lock.json ']'
++ echo install
+ npm install --ignore-engines

added 112 packages, and audited 113 packages in 5s

28 packages are looking for funding
  run `npm fund` for details

found 0 vulnerabilities
npm notice 
npm notice New minor version of npm available! 10.2.4 -> 10.5.0
npm notice Changelog: <https://github.com/npm/cli/releases/tag/v10.5.0>
npm notice Run `npm install -g npm@10.5.0` to update!
npm notice 
+ npm query '*'
+ jq -cr '
        map({ name: .name, version: .version })
        | map(select(.name))
        | sort_by(.name)[]
      '
+ exitcode=0
+ set -e
+ [[ 0 != \0 ]]
++ jq -sr 'map(select(.name == "tailwindcss")) | first | .version'
+ tailwind_package_version=3.4.1
+ tailwind_config_exporter=tailwind.config.exporter2.cjs
+ '[' -f node_modules/tailwindcss/lib/lib/load-config.js ']'
+ tailwind_config_exporter=tailwind.config.exporter3.mjs
+ cp /twcr/worker/../worker/tailwind.config.exporter3.mjs ./
+ set +e
+ node ./tailwind.config.exporter3.mjs tailwind.config.js
+ exitcode=0
+ set -e
+ [[ 0 != \0 ]]
+ echo 'module.exports={plugins:['
+ jq -rs '
        map(select(.name | startswith("@tailwindcss/")))
        | map("require(" + ( .name | tojson ) + "),")[]
      '
+ grep -Ev '"@tailwindcss/postcss7-compat"'
+ true
+ echo ']}'
+ cat tailwind.config.js
+ sed 's/^/>>> /'
>>> module.exports={plugins:[
>>> ]}
+ node ./tailwind.config.exporter3.mjs tailwind.config.js
++ date -u +%Y-%m-%dT%H:%M:%SZ
+ writetaskstat timestamp_attempt_squash_end 2024-03-05T08:48:40Z
+ jq -nc --arg key timestamp_attempt_squash_end --arg value 2024-03-05T08:48:40Z '{ key: $key, value: $value }'
+ break
++ date -u +%Y-%m-%dT%H:%M:%SZ
+ writetaskstat timestamp_end 2024-03-05T08:48:40Z
+ jq -nc --arg key timestamp_end --arg value 2024-03-05T08:48:40Z '{ key: $key, value: $value }'
+ rm /twcr/mnt/results/extract-failed
+ touch /twcr/mnt/results/extract-completed
