==== RUN-DOCKER
+++ dirname -- ./worker/run.sh
++ cd -- ./worker
++ pwd
+ twcrdir=/twcr/worker/..
+ repo=github.com/100xDevs-hkirat/week-16-bp-repo
+ reporef=master
+ repopath=./web
+ '[' true == true ']'
+ grep -q '^././'
++ echo github.com/100xDevs-hkirat/week-16-bp-repo
++ sha256sum
++ awk '{ print $1 }'
++ cut -c1-12
+ procdir=/tmp/twcr-78d343032464
++ echo 'github.com/100xDevs-hkirat/week-16-bp-repo;master;./web'
++ sha256sum
++ awk '{ print $1 }'
++ cut -c1-12
+ datadir=/twcr/worker/../mnt/dataset/data/35c1ac3b7d61
+ '[' '!' -z /twcr/mnt/results ']'
+ datadir=/twcr/mnt/results
+ touch /twcr/mnt/results/extract-failed
++ base64
++ tr -d =
++ tr /+ _-
++ base64
++ tr -d =
++ tr /+ _-
+ writetaskstat analysis_key github.com/100xDevs-hkirat/week-16-bp-repo/bWFzdGVyCg/Li93ZWIK
+ jq -nc --arg key analysis_key --arg value github.com/100xDevs-hkirat/week-16-bp-repo/bWFzdGVyCg/Li93ZWIK '{ key: $key, value: $value }'
++ date -u +%Y%m%d%H%M%S
++ sha256sum
++ awk '{ print $1 }'
++ cut -c1-16
++ head -c 32 /dev/urandom
+ writetaskstat analysis_nonce 97ce96c0a603936c
+ jq -nc --arg key analysis_nonce --arg value 97ce96c0a603936c '{ key: $key, value: $value }'
+ writetaskstat input_repo_name github.com/100xDevs-hkirat/week-16-bp-repo
+ jq -nc --arg key input_repo_name --arg value github.com/100xDevs-hkirat/week-16-bp-repo '{ key: $key, value: $value }'
+ writetaskstat input_repo_ref master
+ jq -nc --arg key input_repo_ref --arg value master '{ key: $key, value: $value }'
+ writetaskstat input_repo_path ./web
+ jq -nc --arg key input_repo_path --arg value ./web '{ key: $key, value: $value }'
++ date -u +%Y-%m-%dT%H:%M:%SZ
+ writetaskstat timestamp_begin 2024-03-05T10:08:14Z
+ jq -nc --arg key timestamp_begin --arg value 2024-03-05T10:08:14Z '{ key: $key, value: $value }'
+ mkdir -p /tmp/twcr-78d343032464
+ pushd /tmp/twcr-78d343032464
+ '[' -d .git ']'
+ git clone --depth=1 -b master https://github.com/100xDevs-hkirat/week-16-bp-repo.git .
/tmp/twcr-78d343032464 /twcr
Cloning into '.'...
++ date -u +%Y-%m-%dT%H:%M:%SZ
+ writetaskstat timestamp_git_clone_complete 2024-03-05T10:08:17Z
+ jq -nc --arg key timestamp_git_clone_complete --arg value 2024-03-05T10:08:17Z '{ key: $key, value: $value }'
++ git rev-parse HEAD
+ writetaskstat exec_repo_commit_sha 31b677d34c4a6b151f488ef3194d47ff58cfc37e
+ jq -nc --arg key exec_repo_commit_sha --arg value 31b677d34c4a6b151f488ef3194d47ff58cfc37e '{ key: $key, value: $value }'
+++ git show --no-patch --format=%ci
++ date -u --date '2023-03-13 17:28:05 -0600' +%Y-%m-%dT%H:%M:%SZ
+ writetaskstat exec_repo_commit_date 2023-03-13T23:28:05Z
+ jq -nc --arg key exec_repo_commit_date --arg value 2023-03-13T23:28:05Z '{ key: $key, value: $value }'
/tmp/twcr-78d343032464/web /tmp/twcr-78d343032464 /twcr
+ '[' -z ./web ']'
+ pushd ./web
+ tailwind_config_file_name=
+ '[' -f tailwind.config.js ']'
+ tailwind_config_file_name=tailwind.config.js
+ writetaskstat exec_tailwind_config_file tailwind.config.js
+ jq -nc --arg key exec_tailwind_config_file --arg value tailwind.config.js '{ key: $key, value: $value }'
+ cp tailwind.config.js /twcr/mnt/results/extract-raw-tailwind-config.js
+ '[' '!' -f package.json ']'
+ cp package.json /twcr/mnt/results/extract-raw-package.json
++ /twcr/worker/../worker/pm-detect.sh /tmp/twcr-78d343032464/web
+ package_manager_name=
+ '[' -z '' ']'
+ '[' ./web '!=' ./ ']'
++ /twcr/worker/../worker/pm-detect.sh /tmp/twcr-78d343032464
+ package_manager_name=yarn
+ '[' -z yarn ']'
+ writetaskstat exec_node_package_manager yarn
+ jq -nc --arg key exec_node_package_manager --arg value yarn '{ key: $key, value: $value }'
+ attempt_mode=squash
+ true
++ date -u +%Y-%m-%dT%H:%M:%SZ
+ writetaskstat timestamp_attempt_squash_begin 2024-03-05T10:08:18Z
+ jq -nc --arg key timestamp_attempt_squash_begin --arg value 2024-03-05T10:08:18Z '{ key: $key, value: $value }'
+ [[ squash == \s\q\u\a\s\h ]]
+ set +e
+ node /twcr/worker/../worker/squash-package.mjs tailwind.config.js
+ exitcode=0
+ set -e
+ [[ 0 != \0 ]]
+ cat package.json
+ sed 's/^/>>> /'
>>> {
>>>   "name": "@coral-xyz/backpack-web",
>>>   "version": "1.0.0",
>>>   "private": true,
>>>   "dependencies": {},
>>>   "devDependencies": {
>>>     "@tailwindcss/aspect-ratio": "^0.4.0",
>>>     "@tailwindcss/forms": "^0.5.2",
>>>     "@tailwindcss/typography": "^0.5.2",
>>>     "tailwindcss": "^3.1.4"
>>>   }
>>> }+ rm -f package-lock.json pnpm-lock.yaml yarn.lock
+ '[' ./web '!=' ./ ']'
+ rm -f /tmp/twcr-78d343032464/package.json /tmp/twcr-78d343032464/package-lock.json /tmp/twcr-78d343032464/pnpm-lock.yaml /tmp/twcr-78d343032464/yarn.lock
+ set +e
+ /twcr/worker/../worker/pm-install.sh yarn /tmp/twcr-78d343032464 /twcr/mnt/results
+ package_manager_name=yarn
+ procdir=/tmp/twcr-78d343032464
+ datadir=/twcr/mnt/results
+ case "${package_manager_name}" in
+ '[' -z http://tid_899f4db31a8f:ok@172.18.0.2:3128 ']'
+ yarn config set httpProxy http://tid_899f4db31a8f:ok@172.18.0.2:3128
yarn config v1.22.19
success Set "httpProxy" to "http://tid_899f4db31a8f:ok@172.18.0.2:3128".
Done in 0.03s.
+ '[' -z http://tid_899f4db31a8f:ok@172.18.0.2:3128 ']'
+ yarn config set httpsProxy http://tid_899f4db31a8f:ok@172.18.0.2:3128
yarn config v1.22.19
success Set "httpsProxy" to "http://tid_899f4db31a8f:ok@172.18.0.2:3128".
Done in 0.03s.
+ yarn install
yarn install v1.22.19
info No lockfile found.
[1/4] Resolving packages...
(node:145) [DEP0040] DeprecationWarning: The `punycode` module is deprecated. Please use a userland alternative instead.
(Use `node --trace-deprecation ...` to show where the warning was created)
[2/4] Fetching packages...
[3/4] Linking dependencies...
[4/4] Building fresh packages...
success Saved lockfile.
Done in 8.36s.
+ yarn list --depth=0 --json --non-interactive --no-progress
+ jq -cr '
        [.. | .name?]
        | map(select(.))
        | map(capture("^(?<name>@?[^@]+)@(?<version>.+)$"))
        | sort_by(.name)[]'
+ exitcode=0
+ set -e
+ [[ 0 != \0 ]]
++ jq -sr 'map(select(.name == "tailwindcss")) | first | .version'
+ tailwind_package_version=3.4.1
+ tailwind_config_exporter=tailwind.config.exporter2.cjs
+ '[' -f node_modules/tailwindcss/lib/lib/load-config.js ']'
+ tailwind_config_exporter=tailwind.config.exporter3.mjs
+ cp /twcr/worker/../worker/tailwind.config.exporter3.mjs ./
+ set +e
+ node ./tailwind.config.exporter3.mjs tailwind.config.js
+ exitcode=0
+ set -e
+ [[ 0 != \0 ]]
+ echo 'module.exports={plugins:['
+ jq -rs '
        map(select(.name | startswith("@tailwindcss/")))
        | map("require(" + ( .name | tojson ) + "),")[]
      '
+ grep -Ev '"@tailwindcss/postcss7-compat"'
+ echo ']}'
+ cat tailwind.config.js
+ sed 's/^/>>> /'
>>> module.exports={plugins:[
>>> require("@tailwindcss/aspect-ratio"),
>>> require("@tailwindcss/forms"),
>>> require("@tailwindcss/typography"),
>>> ]}
+ node ./tailwind.config.exporter3.mjs tailwind.config.js
++ date -u +%Y-%m-%dT%H:%M:%SZ
+ writetaskstat timestamp_attempt_squash_end 2024-03-05T10:08:28Z
+ jq -nc --arg key timestamp_attempt_squash_end --arg value 2024-03-05T10:08:28Z '{ key: $key, value: $value }'
+ break
++ date -u +%Y-%m-%dT%H:%M:%SZ
+ writetaskstat timestamp_end 2024-03-05T10:08:28Z
+ jq -nc --arg key timestamp_end --arg value 2024-03-05T10:08:28Z '{ key: $key, value: $value }'
+ rm /twcr/mnt/results/extract-failed
+ touch /twcr/mnt/results/extract-completed
