==== RUN-DOCKER
+++ dirname -- ./worker/run.sh
++ cd -- ./worker
++ pwd
+ twcrdir=/twcr/worker/..
+ repo=github.com/Mazzzoni/memory-cards
+ reporef=main
+ repopath=./workspaces/client
+ '[' true == true ']'
+ grep -q '^././'
++ echo github.com/Mazzzoni/memory-cards
++ sha256sum
++ awk '{ print $1 }'
++ cut -c1-12
+ procdir=/tmp/twcr-c509d0f4e2f7
++ echo 'github.com/Mazzzoni/memory-cards;main;./workspaces/client'
++ sha256sum
++ awk '{ print $1 }'
++ cut -c1-12
+ datadir=/twcr/worker/../mnt/dataset/data/742995f9c6e2
+ '[' '!' -z /twcr/mnt/results ']'
+ datadir=/twcr/mnt/results
+ touch /twcr/mnt/results/extract-failed
++ base64
++ tr -d =
++ tr /+ _-
++ base64
++ tr -d =
++ tr /+ _-
+ writetaskstat analysis_key github.com/Mazzzoni/memory-cards/bWFpbgo/Li93b3Jrc3BhY2VzL2NsaWVudAo
+ jq -nc --arg key analysis_key --arg value github.com/Mazzzoni/memory-cards/bWFpbgo/Li93b3Jrc3BhY2VzL2NsaWVudAo '{ key: $key, value: $value }'
++ date -u +%Y%m%d%H%M%S
++ sha256sum
++ awk '{ print $1 }'
++ cut -c1-16
++ head -c 32 /dev/urandom
+ writetaskstat analysis_nonce 152a368c8c4cd3a3
+ jq -nc --arg key analysis_nonce --arg value 152a368c8c4cd3a3 '{ key: $key, value: $value }'
+ writetaskstat input_repo_name github.com/Mazzzoni/memory-cards
+ jq -nc --arg key input_repo_name --arg value github.com/Mazzzoni/memory-cards '{ key: $key, value: $value }'
+ writetaskstat input_repo_ref main
+ jq -nc --arg key input_repo_ref --arg value main '{ key: $key, value: $value }'
+ writetaskstat input_repo_path ./workspaces/client
+ jq -nc --arg key input_repo_path --arg value ./workspaces/client '{ key: $key, value: $value }'
++ date -u +%Y-%m-%dT%H:%M:%SZ
+ writetaskstat timestamp_begin 2024-03-05T05:10:23Z
+ jq -nc --arg key timestamp_begin --arg value 2024-03-05T05:10:23Z '{ key: $key, value: $value }'
+ mkdir -p /tmp/twcr-c509d0f4e2f7
+ pushd /tmp/twcr-c509d0f4e2f7
+ '[' -d .git ']'
+ git clone --depth=1 -b main https://github.com/Mazzzoni/memory-cards.git .
/tmp/twcr-c509d0f4e2f7 /twcr
Cloning into '.'...
++ date -u +%Y-%m-%dT%H:%M:%SZ
+ writetaskstat timestamp_git_clone_complete 2024-03-05T05:10:23Z
+ jq -nc --arg key timestamp_git_clone_complete --arg value 2024-03-05T05:10:23Z '{ key: $key, value: $value }'
++ git rev-parse HEAD
+ writetaskstat exec_repo_commit_sha dd0231e836b7d27a5184d89440f78f82738f163a
+ jq -nc --arg key exec_repo_commit_sha --arg value dd0231e836b7d27a5184d89440f78f82738f163a '{ key: $key, value: $value }'
+++ git show --no-patch --format=%ci
++ date -u --date '2023-10-01 15:02:05 +0200' +%Y-%m-%dT%H:%M:%SZ
+ writetaskstat exec_repo_commit_date 2023-10-01T13:02:05Z
+ jq -nc --arg key exec_repo_commit_date --arg value 2023-10-01T13:02:05Z '{ key: $key, value: $value }'
+ '[' -z ./workspaces/client ']'
+ pushd ./workspaces/client
+ tailwind_config_file_name=
+ '[' -f tailwind.config.js ']'
+ tailwind_config_file_name=tailwind.config.js
+ writetaskstat exec_tailwind_config_file tailwind.config.js
+ jq -nc --arg key exec_tailwind_config_file --arg value tailwind.config.js '{ key: $key, value: $value }'
/tmp/twcr-c509d0f4e2f7/workspaces/client /tmp/twcr-c509d0f4e2f7 /twcr
+ cp tailwind.config.js /twcr/mnt/results/extract-raw-tailwind-config.js
+ '[' '!' -f package.json ']'
+ cp package.json /twcr/mnt/results/extract-raw-package.json
++ /twcr/worker/../worker/pm-detect.sh /tmp/twcr-c509d0f4e2f7/workspaces/client
+ package_manager_name=
+ '[' -z '' ']'
+ '[' ./workspaces/client '!=' ./ ']'
++ /twcr/worker/../worker/pm-detect.sh /tmp/twcr-c509d0f4e2f7
+ package_manager_name=yarn
+ '[' -z yarn ']'
+ writetaskstat exec_node_package_manager yarn
+ jq -nc --arg key exec_node_package_manager --arg value yarn '{ key: $key, value: $value }'
+ attempt_mode=squash
+ true
++ date -u +%Y-%m-%dT%H:%M:%SZ
+ writetaskstat timestamp_attempt_squash_begin 2024-03-05T05:10:23Z
+ jq -nc --arg key timestamp_attempt_squash_begin --arg value 2024-03-05T05:10:23Z '{ key: $key, value: $value }'
+ [[ squash == \s\q\u\a\s\h ]]
+ set +e
+ node /twcr/worker/../worker/squash-package.mjs tailwind.config.js
+ exitcode=0
+ set -e
+ [[ 0 != \0 ]]
+ cat package.json
+ sed 's/^/>>> /'
>>> {
>>>   "name": "@memory-cards/client",
>>>   "version": "1.0.0",
>>>   "private": true,
>>>   "dependencies": {},
>>>   "devDependencies": {
>>>     "tailwindcss": "^3.0.24"
>>>   }
>>> }+ rm -f package-lock.json pnpm-lock.yaml yarn.lock
+ '[' ./workspaces/client '!=' ./ ']'
+ rm -f /tmp/twcr-c509d0f4e2f7/package.json /tmp/twcr-c509d0f4e2f7/package-lock.json /tmp/twcr-c509d0f4e2f7/pnpm-lock.yaml /tmp/twcr-c509d0f4e2f7/yarn.lock
+ set +e
+ /twcr/worker/../worker/pm-install.sh yarn /tmp/twcr-c509d0f4e2f7 /twcr/mnt/results
+ package_manager_name=yarn
+ procdir=/tmp/twcr-c509d0f4e2f7
+ datadir=/twcr/mnt/results
+ case "${package_manager_name}" in
+ '[' -z http://tid_c203dacfaf0f:ok@172.18.0.2:3128 ']'
+ yarn config set httpProxy http://tid_c203dacfaf0f:ok@172.18.0.2:3128
yarn config v1.22.19
success Set "httpProxy" to "http://tid_c203dacfaf0f:ok@172.18.0.2:3128".
Done in 0.04s.
+ '[' -z http://tid_c203dacfaf0f:ok@172.18.0.2:3128 ']'
+ yarn config set httpsProxy http://tid_c203dacfaf0f:ok@172.18.0.2:3128
yarn config v1.22.19
success Set "httpsProxy" to "http://tid_c203dacfaf0f:ok@172.18.0.2:3128".
Done in 0.04s.
+ yarn install
yarn install v1.22.19
info No lockfile found.
[1/4] Resolving packages...
(node:145) [DEP0040] DeprecationWarning: The `punycode` module is deprecated. Please use a userland alternative instead.
(Use `node --trace-deprecation ...` to show where the warning was created)
[2/4] Fetching packages...
[3/4] Linking dependencies...
[4/4] Building fresh packages...
success Saved lockfile.
Done in 6.19s.
+ yarn list --depth=0 --json --non-interactive --no-progress
+ jq -cr '
        [.. | .name?]
        | map(select(.))
        | map(capture("^(?<name>@?[^@]+)@(?<version>.+)$"))
        | sort_by(.name)[]'
+ exitcode=0
+ set -e
+ [[ 0 != \0 ]]
++ jq -sr 'map(select(.name == "tailwindcss")) | first | .version'
+ tailwind_package_version=3.4.1
+ tailwind_config_exporter=tailwind.config.exporter2.cjs
+ '[' -f node_modules/tailwindcss/lib/lib/load-config.js ']'
+ tailwind_config_exporter=tailwind.config.exporter3.mjs
+ cp /twcr/worker/../worker/tailwind.config.exporter3.mjs ./
+ set +e
+ node ./tailwind.config.exporter3.mjs tailwind.config.js
+ exitcode=0
+ set -e
+ [[ 0 != \0 ]]
+ echo 'module.exports={plugins:['
+ jq -rs '
        map(select(.name | startswith("@tailwindcss/")))
        | map("require(" + ( .name | tojson ) + "),")[]
      '
+ grep -Ev '"@tailwindcss/postcss7-compat"'
+ true
+ echo ']}'
+ cat tailwind.config.js
+ sed 's/^/>>> /'
>>> module.exports={plugins:[
>>> ]}
+ node ./tailwind.config.exporter3.mjs tailwind.config.js
++ date -u +%Y-%m-%dT%H:%M:%SZ
+ writetaskstat timestamp_attempt_squash_end 2024-03-05T05:10:31Z
+ jq -nc --arg key timestamp_attempt_squash_end --arg value 2024-03-05T05:10:31Z '{ key: $key, value: $value }'
+ break
++ date -u +%Y-%m-%dT%H:%M:%SZ
+ writetaskstat timestamp_end 2024-03-05T05:10:31Z
+ jq -nc --arg key timestamp_end --arg value 2024-03-05T05:10:31Z '{ key: $key, value: $value }'
+ rm /twcr/mnt/results/extract-failed
+ touch /twcr/mnt/results/extract-completed
