==== RUN-DOCKER
+++ dirname -- ./worker/run.sh
++ cd -- ./worker
++ pwd
+ twcrdir=/twcr/worker/..
+ repo=github.com/ecklf/tailwindcss-radix
+ reporef=main
+ repopath=./demo
+ '[' true == true ']'
+ grep -q '^././'
++ echo github.com/ecklf/tailwindcss-radix
++ sha256sum
++ awk '{ print $1 }'
++ cut -c1-12
+ procdir=/tmp/twcr-9c34f04765e6
++ echo 'github.com/ecklf/tailwindcss-radix;main;./demo'
++ sha256sum
++ awk '{ print $1 }'
++ cut -c1-12
+ datadir=/twcr/worker/../mnt/dataset/data/f71e8ce91c53
+ '[' '!' -z /twcr/mnt/results ']'
+ datadir=/twcr/mnt/results
+ touch /twcr/mnt/results/extract-failed
++ base64
++ tr -d =
++ tr /+ _-
++ base64
++ tr -d =
++ tr /+ _-
+ writetaskstat analysis_key github.com/ecklf/tailwindcss-radix/bWFpbgo/Li9kZW1vCg
+ jq -nc --arg key analysis_key --arg value github.com/ecklf/tailwindcss-radix/bWFpbgo/Li9kZW1vCg '{ key: $key, value: $value }'
++ date -u +%Y%m%d%H%M%S
++ sha256sum
++ awk '{ print $1 }'
++ cut -c1-16
++ head -c 32 /dev/urandom
+ writetaskstat analysis_nonce 50f9db3d691b0000
+ jq -nc --arg key analysis_nonce --arg value 50f9db3d691b0000 '{ key: $key, value: $value }'
+ writetaskstat input_repo_name github.com/ecklf/tailwindcss-radix
+ jq -nc --arg key input_repo_name --arg value github.com/ecklf/tailwindcss-radix '{ key: $key, value: $value }'
+ writetaskstat input_repo_ref main
+ jq -nc --arg key input_repo_ref --arg value main '{ key: $key, value: $value }'
+ writetaskstat input_repo_path ./demo
+ jq -nc --arg key input_repo_path --arg value ./demo '{ key: $key, value: $value }'
++ date -u +%Y-%m-%dT%H:%M:%SZ
+ writetaskstat timestamp_begin 2024-03-04T02:28:01Z
+ jq -nc --arg key timestamp_begin --arg value 2024-03-04T02:28:01Z '{ key: $key, value: $value }'
+ mkdir -p /tmp/twcr-9c34f04765e6
+ pushd /tmp/twcr-9c34f04765e6
+ '[' -d .git ']'
+ git clone --depth=1 -b main https://github.com/ecklf/tailwindcss-radix.git .
/tmp/twcr-9c34f04765e6 /twcr
Cloning into '.'...
++ date -u +%Y-%m-%dT%H:%M:%SZ
+ writetaskstat timestamp_git_clone_complete 2024-03-04T02:28:02Z
+ jq -nc --arg key timestamp_git_clone_complete --arg value 2024-03-04T02:28:02Z '{ key: $key, value: $value }'
++ git rev-parse HEAD
+ writetaskstat exec_repo_commit_sha 324611899710111fb277772ef2a63010bee26c06
+ jq -nc --arg key exec_repo_commit_sha --arg value 324611899710111fb277772ef2a63010bee26c06 '{ key: $key, value: $value }'
+++ git show --no-patch --format=%ci
++ date -u --date '2023-09-20 14:25:34 +0200' +%Y-%m-%dT%H:%M:%SZ
+ writetaskstat exec_repo_commit_date 2023-09-20T12:25:34Z
+ jq -nc --arg key exec_repo_commit_date --arg value 2023-09-20T12:25:34Z '{ key: $key, value: $value }'
+ '[' -z ./demo ']'
+ pushd ./demo
+ tailwind_config_file_name=
+ '[' -f tailwind.config.js ']'
+ tailwind_config_file_name=tailwind.config.js
+ writetaskstat exec_tailwind_config_file tailwind.config.js
+ jq -nc --arg key exec_tailwind_config_file --arg value tailwind.config.js '{ key: $key, value: $value }'
/tmp/twcr-9c34f04765e6/demo /tmp/twcr-9c34f04765e6 /twcr
+ cp tailwind.config.js /twcr/mnt/results/extract-raw-tailwind-config.js
+ '[' '!' -f package.json ']'
+ cp package.json /twcr/mnt/results/extract-raw-package.json
++ /twcr/worker/../worker/pm-detect.sh /tmp/twcr-9c34f04765e6/demo
+ package_manager_name=pnpm
+ '[' -z pnpm ']'
+ '[' -z pnpm ']'
+ writetaskstat exec_node_package_manager pnpm
+ jq -nc --arg key exec_node_package_manager --arg value pnpm '{ key: $key, value: $value }'
+ attempt_mode=squash
+ true
++ date -u +%Y-%m-%dT%H:%M:%SZ
+ writetaskstat timestamp_attempt_squash_begin 2024-03-04T02:28:02Z
+ jq -nc --arg key timestamp_attempt_squash_begin --arg value 2024-03-04T02:28:02Z '{ key: $key, value: $value }'
+ [[ squash == \s\q\u\a\s\h ]]
+ set +e
+ node /twcr/worker/../worker/squash-package.mjs tailwind.config.js
+ exitcode=0
+ set -e
+ [[ 0 != \0 ]]
+ cat package.json
+ sed 's/^/>>> /'
>>> {
>>>   "private": true,
>>>   "dependencies": {
>>>     "tailwindcss-radix": "^2.6.2"
>>>   },
>>>   "devDependencies": {
>>>     "@tailwindcss/forms": "^0.5.3",
>>>     "tailwindcss": "^3.2.4"
>>>   }
>>> }+ rm -f package-lock.json pnpm-lock.yaml yarn.lock
+ '[' ./demo '!=' ./ ']'
+ rm -f /tmp/twcr-9c34f04765e6/package.json /tmp/twcr-9c34f04765e6/package-lock.json /tmp/twcr-9c34f04765e6/pnpm-lock.yaml /tmp/twcr-9c34f04765e6/yarn.lock
+ set +e
+ /twcr/worker/../worker/pm-install.sh pnpm /tmp/twcr-9c34f04765e6 /twcr/mnt/results
+ package_manager_name=pnpm
+ procdir=/tmp/twcr-9c34f04765e6
+ datadir=/twcr/mnt/results
+ case "${package_manager_name}" in
+ '[' '!' -f /tmp/twcr-9c34f04765e6/package.json ']'
+ '[' '!' -f package.json ']'
++ pnpm -v
+ sed -Ei 's/("pnpm": ")(.+)(")/\18.15.4\3/' package.json
+ pnpm install
Progress: resolved 1, reused 0, downloaded 0, added 0
Progress: resolved 27, reused 0, downloaded 19, added 0
Progress: resolved 62, reused 0, downloaded 50, added 0
Progress: resolved 98, reused 0, downloaded 89, added 0
Packages: +108
++++++++++++++++++++++++++++++++++++++++++++++++++++++++++++++++++++++++++++++++
Progress: resolved 109, reused 0, downloaded 108, added 108, done

dependencies:
+ tailwindcss-radix 2.8.0

devDependencies:
+ @tailwindcss/forms 0.5.7
+ tailwindcss 3.4.1

Done in 4.4s
+ pnpm ls --json
+ jq -cr '
        .[]
        | [.dependencies, .devDependencies, .optionalDependencies]
        | map(select(.))[]
        | to_entries
        | map({ name: .key, version: .value.version })
        | sort_by(.name)[]
      '
+ exitcode=0
+ set -e
+ [[ 0 != \0 ]]
++ jq -sr 'map(select(.name == "tailwindcss")) | first | .version'
+ tailwind_package_version=3.4.1
+ tailwind_config_exporter=tailwind.config.exporter2.cjs
+ '[' -f node_modules/tailwindcss/lib/lib/load-config.js ']'
+ tailwind_config_exporter=tailwind.config.exporter3.mjs
+ cp /twcr/worker/../worker/tailwind.config.exporter3.mjs ./
+ set +e
+ node ./tailwind.config.exporter3.mjs tailwind.config.js
+ exitcode=0
+ set -e
+ [[ 0 != \0 ]]
+ echo 'module.exports={plugins:['
+ jq -rs '
        map(select(.name | startswith("@tailwindcss/")))
        | map("require(" + ( .name | tojson ) + "),")[]
      '
+ grep -Ev '"@tailwindcss/postcss7-compat"'
+ echo ']}'
+ cat tailwind.config.js
+ sed 's/^/>>> /'
+ node ./tailwind.config.exporter3.mjs tailwind.config.js
>>> module.exports={plugins:[
>>> require("@tailwindcss/forms"),
>>> ]}
++ date -u +%Y-%m-%dT%H:%M:%SZ
+ writetaskstat timestamp_attempt_squash_end 2024-03-04T02:28:08Z
+ jq -nc --arg key timestamp_attempt_squash_end --arg value 2024-03-04T02:28:08Z '{ key: $key, value: $value }'
+ break
++ date -u +%Y-%m-%dT%H:%M:%SZ
+ writetaskstat timestamp_end 2024-03-04T02:28:08Z
+ jq -nc --arg key timestamp_end --arg value 2024-03-04T02:28:08Z '{ key: $key, value: $value }'
+ rm /twcr/mnt/results/extract-failed
+ touch /twcr/mnt/results/extract-completed
