==== RUN-DOCKER
+++ dirname -- ./worker/run.sh
++ cd -- ./worker
++ pwd
+ twcrdir=/twcr/worker/..
+ repo=github.com/lcomplete/huntly
+ reporef=main
+ repopath=./app/tauri
+ '[' true == true ']'
+ grep -q '^././'
++ echo github.com/lcomplete/huntly
++ sha256sum
++ awk '{ print $1 }'
++ cut -c1-12
+ procdir=/tmp/twcr-e1a4bc17dec8
++ echo 'github.com/lcomplete/huntly;main;./app/tauri'
++ sha256sum
++ awk '{ print $1 }'
++ cut -c1-12
+ datadir=/twcr/worker/../mnt/dataset/data/f62d5dd89229
+ '[' '!' -z /twcr/mnt/results ']'
+ datadir=/twcr/mnt/results
+ touch /twcr/mnt/results/extract-failed
++ base64
++ tr -d =
++ tr /+ _-
++ base64
++ tr -d =
++ tr /+ _-
+ writetaskstat analysis_key github.com/lcomplete/huntly/bWFpbgo/Li9hcHAvdGF1cmkK
+ jq -nc --arg key analysis_key --arg value github.com/lcomplete/huntly/bWFpbgo/Li9hcHAvdGF1cmkK '{ key: $key, value: $value }'
++ date -u +%Y%m%d%H%M%S
++ sha256sum
++ awk '{ print $1 }'
++ cut -c1-16
++ head -c 32 /dev/urandom
+ writetaskstat analysis_nonce 138c02bce3f8453e
+ jq -nc --arg key analysis_nonce --arg value 138c02bce3f8453e '{ key: $key, value: $value }'
+ writetaskstat input_repo_name github.com/lcomplete/huntly
+ jq -nc --arg key input_repo_name --arg value github.com/lcomplete/huntly '{ key: $key, value: $value }'
+ writetaskstat input_repo_ref main
+ jq -nc --arg key input_repo_ref --arg value main '{ key: $key, value: $value }'
+ writetaskstat input_repo_path ./app/tauri
+ jq -nc --arg key input_repo_path --arg value ./app/tauri '{ key: $key, value: $value }'
++ date -u +%Y-%m-%dT%H:%M:%SZ
+ writetaskstat timestamp_begin 2024-03-04T22:43:59Z
+ jq -nc --arg key timestamp_begin --arg value 2024-03-04T22:43:59Z '{ key: $key, value: $value }'
+ mkdir -p /tmp/twcr-e1a4bc17dec8
/tmp/twcr-e1a4bc17dec8 /twcr
+ pushd /tmp/twcr-e1a4bc17dec8
+ '[' -d .git ']'
+ git clone --depth=1 -b main https://github.com/lcomplete/huntly.git .
Cloning into '.'...
++ date -u +%Y-%m-%dT%H:%M:%SZ
+ writetaskstat timestamp_git_clone_complete 2024-03-04T22:44:00Z
+ jq -nc --arg key timestamp_git_clone_complete --arg value 2024-03-04T22:44:00Z '{ key: $key, value: $value }'
++ git rev-parse HEAD
+ writetaskstat exec_repo_commit_sha 1094fda868e4689862870aa6916bb3196e9f0709
+ jq -nc --arg key exec_repo_commit_sha --arg value 1094fda868e4689862870aa6916bb3196e9f0709 '{ key: $key, value: $value }'
+++ git show --no-patch --format=%ci
++ date -u --date '2023-09-28 18:41:06 +0800' +%Y-%m-%dT%H:%M:%SZ
+ writetaskstat exec_repo_commit_date 2023-09-28T10:41:06Z
+ jq -nc --arg key exec_repo_commit_date --arg value 2023-09-28T10:41:06Z '{ key: $key, value: $value }'
+ '[' -z ./app/tauri ']'
+ pushd ./app/tauri
+ tailwind_config_file_name=
+ '[' -f tailwind.config.js ']'
+ tailwind_config_file_name=tailwind.config.js
+ writetaskstat exec_tailwind_config_file tailwind.config.js
+ jq -nc --arg key exec_tailwind_config_file --arg value tailwind.config.js '{ key: $key, value: $value }'
/tmp/twcr-e1a4bc17dec8/app/tauri /tmp/twcr-e1a4bc17dec8 /twcr
+ cp tailwind.config.js /twcr/mnt/results/extract-raw-tailwind-config.js
+ '[' '!' -f package.json ']'
+ cp package.json /twcr/mnt/results/extract-raw-package.json
++ /twcr/worker/../worker/pm-detect.sh /tmp/twcr-e1a4bc17dec8/app/tauri
+ package_manager_name=yarn
+ '[' -z yarn ']'
+ '[' -z yarn ']'
+ writetaskstat exec_node_package_manager yarn
+ jq -nc --arg key exec_node_package_manager --arg value yarn '{ key: $key, value: $value }'
+ attempt_mode=squash
+ true
++ date -u +%Y-%m-%dT%H:%M:%SZ
+ writetaskstat timestamp_attempt_squash_begin 2024-03-04T22:44:00Z
+ jq -nc --arg key timestamp_attempt_squash_begin --arg value 2024-03-04T22:44:00Z '{ key: $key, value: $value }'
+ [[ squash == \s\q\u\a\s\h ]]
+ set +e
+ node /twcr/worker/../worker/squash-package.mjs tailwind.config.js
+ exitcode=0
+ set -e
+ [[ 0 != \0 ]]
+ cat package.json
+ sed 's/^/>>> /'
>>> {
>>>   "name": "tauri",
>>>   "private": true,
>>>   "version": "0.0.0",
>>>   "type": "module",
>>>   "dependencies": {},
>>>   "devDependencies": {
>>>     "tailwindcss": "^3.3.1"
>>>   }
>>> }+ rm -f package-lock.json pnpm-lock.yaml yarn.lock
+ '[' ./app/tauri '!=' ./ ']'
+ rm -f /tmp/twcr-e1a4bc17dec8/package.json /tmp/twcr-e1a4bc17dec8/package-lock.json /tmp/twcr-e1a4bc17dec8/pnpm-lock.yaml /tmp/twcr-e1a4bc17dec8/yarn.lock
+ set +e
+ /twcr/worker/../worker/pm-install.sh yarn /tmp/twcr-e1a4bc17dec8 /twcr/mnt/results
+ package_manager_name=yarn
+ procdir=/tmp/twcr-e1a4bc17dec8
+ datadir=/twcr/mnt/results
+ case "${package_manager_name}" in
+ '[' -z http://tid_b3d8a26a465a:ok@172.18.0.2:3128 ']'
+ yarn config set httpProxy http://tid_b3d8a26a465a:ok@172.18.0.2:3128
yarn config v1.22.19
success Set "httpProxy" to "http://tid_b3d8a26a465a:ok@172.18.0.2:3128".
Done in 0.08s.
+ '[' -z http://tid_b3d8a26a465a:ok@172.18.0.2:3128 ']'
+ yarn config set httpsProxy http://tid_b3d8a26a465a:ok@172.18.0.2:3128
yarn config v1.22.19
success Set "httpsProxy" to "http://tid_b3d8a26a465a:ok@172.18.0.2:3128".
Done in 0.07s.
+ yarn install
yarn install v1.22.19
info No lockfile found.
[1/4] Resolving packages...
(node:132) [DEP0040] DeprecationWarning: The `punycode` module is deprecated. Please use a userland alternative instead.
(Use `node --trace-deprecation ...` to show where the warning was created)
[2/4] Fetching packages...
[3/4] Linking dependencies...
[4/4] Building fresh packages...
success Saved lockfile.
Done in 9.64s.
+ yarn list --depth=0 --json --non-interactive --no-progress
+ jq -cr '
        [.. | .name?]
        | map(select(.))
        | map(capture("^(?<name>@?[^@]+)@(?<version>.+)$"))
        | sort_by(.name)[]'
+ exitcode=0
+ set -e
+ [[ 0 != \0 ]]
++ jq -sr 'map(select(.name == "tailwindcss")) | first | .version'
+ tailwind_package_version=3.4.1
+ tailwind_config_exporter=tailwind.config.exporter2.cjs
+ '[' -f node_modules/tailwindcss/lib/lib/load-config.js ']'
+ tailwind_config_exporter=tailwind.config.exporter3.mjs
+ cp /twcr/worker/../worker/tailwind.config.exporter3.mjs ./
+ set +e
+ node ./tailwind.config.exporter3.mjs tailwind.config.js
+ exitcode=0
+ set -e
+ [[ 0 != \0 ]]
+ echo 'module.exports={plugins:['
+ jq -rs '
        map(select(.name | startswith("@tailwindcss/")))
        | map("require(" + ( .name | tojson ) + "),")[]
      '
+ grep -Ev '"@tailwindcss/postcss7-compat"'
+ true
+ echo ']}'
+ cat tailwind.config.js
+ sed 's/^/>>> /'
>>> module.exports={plugins:[
>>> ]}
+ node ./tailwind.config.exporter3.mjs tailwind.config.js
++ date -u +%Y-%m-%dT%H:%M:%SZ
+ writetaskstat timestamp_attempt_squash_end 2024-03-04T22:44:13Z
+ jq -nc --arg key timestamp_attempt_squash_end --arg value 2024-03-04T22:44:13Z '{ key: $key, value: $value }'
+ break
++ date -u +%Y-%m-%dT%H:%M:%SZ
+ writetaskstat timestamp_end 2024-03-04T22:44:13Z
+ jq -nc --arg key timestamp_end --arg value 2024-03-04T22:44:13Z '{ key: $key, value: $value }'
+ rm /twcr/mnt/results/extract-failed
+ touch /twcr/mnt/results/extract-completed
