==== RUN-DOCKER
+++ dirname -- ./worker/run.sh
++ cd -- ./worker
++ pwd
+ twcrdir=/twcr/worker/..
+ repo=github.com/wundergraph/cosmo
+ reporef=main
+ repopath=./keycloak/theme
+ '[' true == true ']'
+ grep -q '^././'
++ echo github.com/wundergraph/cosmo
++ sha256sum
++ awk '{ print $1 }'
++ cut -c1-12
+ procdir=/tmp/twcr-7f970d2d52e8
++ echo 'github.com/wundergraph/cosmo;main;./keycloak/theme'
++ sha256sum
++ awk '{ print $1 }'
++ cut -c1-12
+ datadir=/twcr/worker/../mnt/dataset/data/1326f86fcaeb
+ '[' '!' -z /twcr/mnt/results ']'
+ datadir=/twcr/mnt/results
+ touch /twcr/mnt/results/extract-failed
++ base64
++ tr -d =
++ tr /+ _-
++ base64
++ tr -d =
++ tr /+ _-
+ writetaskstat analysis_key github.com/wundergraph/cosmo/bWFpbgo/Li9rZXljbG9hay90aGVtZQo
+ jq -nc --arg key analysis_key --arg value github.com/wundergraph/cosmo/bWFpbgo/Li9rZXljbG9hay90aGVtZQo '{ key: $key, value: $value }'
++ date -u +%Y%m%d%H%M%S
++ sha256sum
++ awk '{ print $1 }'
++ cut -c1-16
++ head -c 32 /dev/urandom
+ writetaskstat analysis_nonce fc72e8168a1ef523
+ jq -nc --arg key analysis_nonce --arg value fc72e8168a1ef523 '{ key: $key, value: $value }'
+ writetaskstat input_repo_name github.com/wundergraph/cosmo
+ jq -nc --arg key input_repo_name --arg value github.com/wundergraph/cosmo '{ key: $key, value: $value }'
+ writetaskstat input_repo_ref main
+ jq -nc --arg key input_repo_ref --arg value main '{ key: $key, value: $value }'
+ writetaskstat input_repo_path ./keycloak/theme
+ jq -nc --arg key input_repo_path --arg value ./keycloak/theme '{ key: $key, value: $value }'
++ date -u +%Y-%m-%dT%H:%M:%SZ
+ writetaskstat timestamp_begin 2024-03-05T00:53:45Z
+ jq -nc --arg key timestamp_begin --arg value 2024-03-05T00:53:45Z '{ key: $key, value: $value }'
+ mkdir -p /tmp/twcr-7f970d2d52e8
+ pushd /tmp/twcr-7f970d2d52e8
+ '[' -d .git ']'
+ git clone --depth=1 -b main https://github.com/wundergraph/cosmo.git .
/tmp/twcr-7f970d2d52e8 /twcr
Cloning into '.'...
++ date -u +%Y-%m-%dT%H:%M:%SZ
+ writetaskstat timestamp_git_clone_complete 2024-03-05T00:53:46Z
+ jq -nc --arg key timestamp_git_clone_complete --arg value 2024-03-05T00:53:46Z '{ key: $key, value: $value }'
++ git rev-parse HEAD
+ writetaskstat exec_repo_commit_sha b75438f8cf004275232bc6122050eb665297aaa8
+ jq -nc --arg key exec_repo_commit_sha --arg value b75438f8cf004275232bc6122050eb665297aaa8 '{ key: $key, value: $value }'
+++ git show --no-patch --format=%ci
++ date -u --date '2024-03-04 22:00:20 +0200' +%Y-%m-%dT%H:%M:%SZ
+ writetaskstat exec_repo_commit_date 2024-03-04T20:00:20Z
+ jq -nc --arg key exec_repo_commit_date --arg value 2024-03-04T20:00:20Z '{ key: $key, value: $value }'
/tmp/twcr-7f970d2d52e8/keycloak/theme /tmp/twcr-7f970d2d52e8 /twcr
+ '[' -z ./keycloak/theme ']'
+ pushd ./keycloak/theme
+ tailwind_config_file_name=
+ '[' -f tailwind.config.js ']'
+ tailwind_config_file_name=tailwind.config.js
+ writetaskstat exec_tailwind_config_file tailwind.config.js
+ jq -nc --arg key exec_tailwind_config_file --arg value tailwind.config.js '{ key: $key, value: $value }'
+ cp tailwind.config.js /twcr/mnt/results/extract-raw-tailwind-config.js
+ '[' '!' -f package.json ']'
+ cp package.json /twcr/mnt/results/extract-raw-package.json
++ /twcr/worker/../worker/pm-detect.sh /tmp/twcr-7f970d2d52e8/keycloak/theme
+ package_manager_name=
+ '[' -z '' ']'
+ '[' ./keycloak/theme '!=' ./ ']'
++ /twcr/worker/../worker/pm-detect.sh /tmp/twcr-7f970d2d52e8
+ package_manager_name=pnpm
+ '[' -z pnpm ']'
+ writetaskstat exec_node_package_manager pnpm
+ jq -nc --arg key exec_node_package_manager --arg value pnpm '{ key: $key, value: $value }'
+ attempt_mode=squash
+ true
++ date -u +%Y-%m-%dT%H:%M:%SZ
+ writetaskstat timestamp_attempt_squash_begin 2024-03-05T00:53:46Z
+ jq -nc --arg key timestamp_attempt_squash_begin --arg value 2024-03-05T00:53:46Z '{ key: $key, value: $value }'
+ [[ squash == \s\q\u\a\s\h ]]
+ set +e
+ node /twcr/worker/../worker/squash-package.mjs tailwind.config.js
+ exitcode=0
+ set -e
+ [[ 0 != \0 ]]
+ cat package.json
+ sed 's/^/>>> /'
>>> {
>>>   "name": "keycloak-theme",
>>>   "version": "1.0.0",
>>>   "keywords": [
>>>     "keycloak",
>>>     "theme",
>>>     "keycloak-theme"
>>>   ],
>>>   "description": "WunderGraph Theme for Keycloak",
>>>   "devDependencies": {
>>>     "@tailwindcss/forms": "^0.5.4",
>>>     "tailwindcss": "^3.3.3"
>>>   },
>>>   "dependencies": {}
>>> }+ rm -f package-lock.json pnpm-lock.yaml yarn.lock
+ '[' ./keycloak/theme '!=' ./ ']'
+ rm -f /tmp/twcr-7f970d2d52e8/package.json /tmp/twcr-7f970d2d52e8/package-lock.json /tmp/twcr-7f970d2d52e8/pnpm-lock.yaml /tmp/twcr-7f970d2d52e8/yarn.lock
+ set +e
+ /twcr/worker/../worker/pm-install.sh pnpm /tmp/twcr-7f970d2d52e8 /twcr/mnt/results
+ package_manager_name=pnpm
+ procdir=/tmp/twcr-7f970d2d52e8
+ datadir=/twcr/mnt/results
+ case "${package_manager_name}" in
+ '[' '!' -f /tmp/twcr-7f970d2d52e8/package.json ']'
+ '[' '!' -f package.json ']'
++ pnpm -v
+ sed -Ei 's/("pnpm": ")(.+)(")/\18.15.4\3/' package.json
+ pnpm install
Scope: all 9 workspace projects
../..                                    | Progress: resolved 1, reused 0, downloaded 0, added 0
../..                                    | Progress: resolved 27, reused 0, downloaded 15, added 0
../..                                    | Progress: resolved 49, reused 0, downloaded 43, added 0
../../controlplane                       |  WARN  deprecated @types/prettier@3.0.0
../..                                    | Progress: resolved 77, reused 0, downloaded 63, added 0
../..                                    | Progress: resolved 102, reused 0, downloaded 87, added 0
../..                                    | Progress: resolved 123, reused 0, downloaded 110, added 0
../..                                    | Progress: resolved 146, reused 0, downloaded 132, added 0
../..                                    | Progress: resolved 167, reused 0, downloaded 151, added 0
../..                                    | Progress: resolved 187, reused 0, downloaded 167, added 0
../..                                    | Progress: resolved 191, reused 0, downloaded 188, added 0
../..                                    | Progress: resolved 211, reused 0, downloaded 203, added 0
../..                                    | Progress: resolved 239, reused 0, downloaded 226, added 0
../..                                    | Progress: resolved 263, reused 0, downloaded 250, added 0
../..                                    | Progress: resolved 298, reused 0, downloaded 283, added 0
../..                                    | Progress: resolved 330, reused 0, downloaded 315, added 0
../..                                    | Progress: resolved 364, reused 0, downloaded 340, added 0
../..                                    | Progress: resolved 384, reused 0, downloaded 362, added 0
../..                                    | Progress: resolved 422, reused 0, downloaded 379, added 0
../..                                    | Progress: resolved 460, reused 0, downloaded 409, added 0
../..                                    | Progress: resolved 489, reused 0, downloaded 440, added 0
../..                                    | Progress: resolved 524, reused 0, downloaded 472, added 0
../..                                    | Progress: resolved 559, reused 0, downloaded 502, added 0
../..                                    | Progress: resolved 591, reused 0, downloaded 534, added 0
../..                                    | Progress: resolved 621, reused 0, downloaded 559, added 0
../..                                    | Progress: resolved 639, reused 0, downloaded 579, added 0
../..                                    | Progress: resolved 664, reused 0, downloaded 595, added 0
../..                                    | Progress: resolved 690, reused 0, downloaded 618, added 0
../..                                    | Progress: resolved 721, reused 0, downloaded 649, added 0
../..                                    | Progress: resolved 780, reused 0, downloaded 681, added 0
../..                                    | Progress: resolved 799, reused 0, downloaded 698, added 0
../..                                    | Progress: resolved 819, reused 0, downloaded 715, added 0
../..                                    | Progress: resolved 845, reused 0, downloaded 739, added 0
../..                                    | Progress: resolved 869, reused 0, downloaded 762, added 0
../..                                    | Progress: resolved 924, reused 0, downloaded 796, added 0
../..                                    | Progress: resolved 950, reused 0, downloaded 820, added 0
../..                                    | Progress: resolved 988, reused 0, downloaded 852, added 0
../..                                    | Progress: resolved 1024, reused 0, downloaded 876, added 0
../..                                    | Progress: resolved 1057, reused 0, downloaded 906, added 0
../..                                    | Progress: resolved 1088, reused 0, downloaded 941, added 0
../..                                    | Progress: resolved 1122, reused 0, downloaded 970, added 0
../..                                    | Progress: resolved 1146, reused 0, downloaded 997, added 0
../..                                    | Progress: resolved 1180, reused 0, downloaded 1025, added 0
../..                                    | Progress: resolved 1214, reused 0, downloaded 1061, added 0
../..                                    | Progress: resolved 1245, reused 0, downloaded 1088, added 0
../..                                    | Progress: resolved 1284, reused 0, downloaded 1121, added 0
../..                                    | Progress: resolved 1318, reused 0, downloaded 1152, added 0
../..                                    | Progress: resolved 1349, reused 0, downloaded 1187, added 0
../..                                    | Progress: resolved 1390, reused 0, downloaded 1223, added 0
../..                                    | Progress: resolved 1426, reused 0, downloaded 1254, added 0
../..                                    | Progress: resolved 1464, reused 0, downloaded 1291, added 0
../..                                    | Progress: resolved 1501, reused 0, downloaded 1321, added 0
../..                                    | Progress: resolved 1534, reused 0, downloaded 1355, added 0
../..                                    | Progress: resolved 1569, reused 0, downloaded 1391, added 0
../..                                    | Progress: resolved 1613, reused 0, downloaded 1425, added 0
../..                                    | Progress: resolved 1646, reused 0, downloaded 1464, added 0
../..                                    | Progress: resolved 1679, reused 0, downloaded 1495, added 0
../..                                    | Progress: resolved 1689, reused 0, downloaded 1540, added 0
../..                                    |    +1609 ++++++++++++++++++++++++++++
../..                                    | Progress: resolved 1689, reused 0, downloaded 1556, added 1105
../..                                    | Progress: resolved 1689, reused 0, downloaded 1572, added 1583
../..                                    | Progress: resolved 1689, reused 0, downloaded 1595, added 1609, done
.../es5-ext@0.10.64/node_modules/es5-ext postinstall$  node -e "try{require('./_postinstall')}catch(e){}" || exit 0
.../es5-ext@0.10.64/node_modules/es5-ext postinstall: Done
.../esbuild@0.20.1/node_modules/esbuild postinstall$ node install.js
.../esbuild@0.19.12/node_modules/esbuild postinstall$ node install.js
.../node_modules/@bufbuild/buf postinstall$ node ./install.js
.../esbuild@0.18.20/node_modules/esbuild postinstall$ node install.js
.../node_modules/msgpackr-extract install$ node-gyp-build-optional-packages
.../esbuild@0.20.1/node_modules/esbuild postinstall: Done
.../esbuild@0.18.20/node_modules/esbuild postinstall: Done
.../esbuild@0.19.12/node_modules/esbuild postinstall: Done
.../node_modules/@bufbuild/buf postinstall: Done
.../node_modules/msgpackr-extract install: Done
 WARN  Issues with peer dependencies found
studio
└─┬ @graphiql/plugin-explorer 1.0.2
  └─┬ graphiql-explorer 0.9.0
    ├── ✕ unmet peer graphql@"^0.6.0 || ^0.7.0 || ^0.8.0-b || ^0.9.0 || ^0.10.0 || ^0.11.0 || ^0.12.0 || ^0.13.0 || ^14.0.0 || ^15.0.0": found 16.8.1
    ├── ✕ unmet peer react@"^15.6.0 || ^16.0.0": found 18.2.0
    └── ✕ unmet peer react-dom@"^15.6.0 || ^16.0.0": found 18.2.0

Done in 1m 5.6s
+ pnpm ls --json
+ jq -cr '
        .[]
        | [.dependencies, .devDependencies, .optionalDependencies]
        | map(select(.))[]
        | to_entries
        | map({ name: .key, version: .value.version })
        | sort_by(.name)[]
      '
+ exitcode=0
+ set -e
+ [[ 0 != \0 ]]
++ jq -sr 'map(select(.name == "tailwindcss")) | first | .version'
+ tailwind_package_version=null
+ tailwind_config_exporter=tailwind.config.exporter2.cjs
+ '[' -f node_modules/tailwindcss/lib/lib/load-config.js ']'
+ cp /twcr/worker/../worker/tailwind.config.exporter2.cjs ./
+ set +e
+ node ./tailwind.config.exporter2.cjs tailwind.config.js
node:internal/modules/cjs/loader:1152
  throw err;
  ^

Error: Cannot find module 'tailwindcss/resolveConfig.js'
Require stack:
- /tmp/twcr-7f970d2d52e8/keycloak/theme/tailwind.config.exporter2.cjs
    at Module._resolveFilename (node:internal/modules/cjs/loader:1149:15)
    at Module._load (node:internal/modules/cjs/loader:990:27)
    at Module.require (node:internal/modules/cjs/loader:1237:19)
    at require (node:internal/modules/helpers:176:18)
    at Object.<anonymous> (/tmp/twcr-7f970d2d52e8/keycloak/theme/tailwind.config.exporter2.cjs:1:23)
    at Module._compile (node:internal/modules/cjs/loader:1378:14)
    at Module._extensions..js (node:internal/modules/cjs/loader:1437:10)
    at Module.load (node:internal/modules/cjs/loader:1212:32)
    at Module._load (node:internal/modules/cjs/loader:1028:12)
    at Function.executeUserEntryPoint [as runMain] (node:internal/modules/run_main:142:12) {
  code: 'MODULE_NOT_FOUND',
  requireStack: [
    '/tmp/twcr-7f970d2d52e8/keycloak/theme/tailwind.config.exporter2.cjs'
  ]
}

Node.js v21.6.2
+ exitcode=1
+ set -e
+ [[ 1 != \0 ]]
+ [[ squash == \s\q\u\a\s\h ]]
+ echo '[worker] WARN: exporter failed; retrying with full install'
[worker] WARN: exporter failed; retrying with full install
+ attempt_mode=full
+ continue
+ true
++ date -u +%Y-%m-%dT%H:%M:%SZ
+ writetaskstat timestamp_attempt_full_begin 2024-03-05T00:54:53Z
+ jq -nc --arg key timestamp_attempt_full_begin --arg value 2024-03-05T00:54:53Z '{ key: $key, value: $value }'
+ [[ full == \s\q\u\a\s\h ]]
+ git clean -fdx
Removing tailwind.config.exporter2.cjs
+ git reset --hard
HEAD is now at b75438f chore: update demo (#591)
+ set +e
+ /twcr/worker/../worker/pm-install.sh pnpm /tmp/twcr-7f970d2d52e8 /twcr/mnt/results
+ package_manager_name=pnpm
+ procdir=/tmp/twcr-7f970d2d52e8
+ datadir=/twcr/mnt/results
+ case "${package_manager_name}" in
+ '[' '!' -f /tmp/twcr-7f970d2d52e8/package.json ']'
++ pnpm -v
+ sed -Ei 's/("pnpm": ")(.+)(")/\18.15.4\3/' /tmp/twcr-7f970d2d52e8/package.json
+ '[' '!' -f package.json ']'
++ pnpm -v
+ sed -Ei 's/("pnpm": ")(.+)(")/\18.15.4\3/' package.json
+ pnpm install
Scope: all 10 workspace projects
../..                                    | Progress: resolved 1, reused 0, downloaded 0, added 0
../..                                    |    +1311 -421 +++++++++++++++++------
../..                                    | Progress: resolved 1311, reused 278, downloaded 0, added 0
../..                                    | Progress: resolved 1311, reused 283, downloaded 32, added 97
../..                                    | Progress: resolved 1311, reused 283, downloaded 73, added 137
../..                                    | Progress: resolved 1311, reused 283, downloaded 140, added 219
../..                                    | Progress: resolved 1311, reused 283, downloaded 193, added 277
../..                                    | Progress: resolved 1311, reused 283, downloaded 232, added 317
../..                                    | Progress: resolved 1311, reused 283, downloaded 278, added 364
../..                                    | Progress: resolved 1311, reused 283, downloaded 322, added 408
../..                                    | Progress: resolved 1311, reused 283, downloaded 366, added 452
../..                                    | Progress: resolved 1311, reused 283, downloaded 407, added 492
../..                                    | Progress: resolved 1311, reused 283, downloaded 449, added 534
../..                                    | Progress: resolved 1311, reused 283, downloaded 485, added 571
../..                                    | Progress: resolved 1311, reused 283, downloaded 522, added 608
../..                                    | Progress: resolved 1311, reused 283, downloaded 568, added 654
../..                                    | Progress: resolved 1311, reused 283, downloaded 611, added 697
../..                                    | Progress: resolved 1311, reused 283, downloaded 665, added 751
../..                                    | Progress: resolved 1311, reused 283, downloaded 721, added 807
../..                                    | Progress: resolved 1311, reused 283, downloaded 783, added 869
../..                                    | Progress: resolved 1311, reused 283, downloaded 844, added 930
../..                                    | Progress: resolved 1311, reused 283, downloaded 907, added 993
../..                                    | Progress: resolved 1311, reused 283, downloaded 966, added 1053
../..                                    | Progress: resolved 1311, reused 283, downloaded 984, added 1071, done
.../es5-ext@0.10.62/node_modules/es5-ext postinstall$  node -e "try{require('./_postinstall')}catch(e){}" || exit 0
.../es5-ext@0.10.62/node_modules/es5-ext postinstall: Done
.../esbuild@0.20.0/node_modules/esbuild postinstall$ node install.js
.../esbuild@0.17.19/node_modules/esbuild postinstall$ node install.js
.../node_modules/@bufbuild/buf postinstall$ node ./install.js
.../esbuild@0.19.11/node_modules/esbuild postinstall$ node install.js
.../esbuild@0.20.0/node_modules/esbuild postinstall: Done
.../esbuild@0.17.19/node_modules/esbuild postinstall: Done
.../node_modules/@bufbuild/buf postinstall: Done
.../esbuild@0.19.11/node_modules/esbuild postinstall: Done
Done in 27.2s
+ pnpm ls --json
+ jq -cr '
        .[]
        | [.dependencies, .devDependencies, .optionalDependencies]
        | map(select(.))[]
        | to_entries
        | map({ name: .key, version: .value.version })
        | sort_by(.name)[]
      '
+ exitcode=0
+ set -e
+ [[ 0 != \0 ]]
++ jq -sr 'map(select(.name == "tailwindcss")) | first | .version'
+ tailwind_package_version=null
+ tailwind_config_exporter=tailwind.config.exporter2.cjs
+ '[' -f node_modules/tailwindcss/lib/lib/load-config.js ']'
+ cp /twcr/worker/../worker/tailwind.config.exporter2.cjs ./
+ set +e
+ node ./tailwind.config.exporter2.cjs tailwind.config.js
node:internal/modules/cjs/loader:1152
  throw err;
  ^

Error: Cannot find module 'tailwindcss/resolveConfig.js'
Require stack:
- /tmp/twcr-7f970d2d52e8/keycloak/theme/tailwind.config.exporter2.cjs
    at Module._resolveFilename (node:internal/modules/cjs/loader:1149:15)
    at Module._load (node:internal/modules/cjs/loader:990:27)
    at Module.require (node:internal/modules/cjs/loader:1237:19)
    at require (node:internal/modules/helpers:176:18)
    at Object.<anonymous> (/tmp/twcr-7f970d2d52e8/keycloak/theme/tailwind.config.exporter2.cjs:1:23)
    at Module._compile (node:internal/modules/cjs/loader:1378:14)
    at Module._extensions..js (node:internal/modules/cjs/loader:1437:10)
    at Module.load (node:internal/modules/cjs/loader:1212:32)
    at Module._load (node:internal/modules/cjs/loader:1028:12)
    at Function.executeUserEntryPoint [as runMain] (node:internal/modules/run_main:142:12) {
  code: 'MODULE_NOT_FOUND',
  requireStack: [
    '/tmp/twcr-7f970d2d52e8/keycloak/theme/tailwind.config.exporter2.cjs'
  ]
}

Node.js v21.6.2
+ exitcode=1
+ set -e
+ [[ 1 != \0 ]]
+ [[ full == \s\q\u\a\s\h ]]
+ exit 1
