==== RUN-DOCKER
+++ dirname -- ./worker/run.sh
++ cd -- ./worker
++ pwd
+ twcrdir=/twcr/worker/..
+ repo=github.com/gregberge/twc
+ reporef=main
+ repopath=./website
+ '[' true == true ']'
+ grep -q '^././'
++ echo github.com/gregberge/twc
++ sha256sum
++ awk '{ print $1 }'
++ cut -c1-12
+ procdir=/tmp/twcr-8073d7b7a259
++ echo 'github.com/gregberge/twc;main;./website'
++ sha256sum
++ awk '{ print $1 }'
++ cut -c1-12
+ datadir=/twcr/worker/../mnt/dataset/data/718b46062fb1
+ '[' '!' -z /twcr/mnt/results ']'
+ datadir=/twcr/mnt/results
+ touch /twcr/mnt/results/extract-failed
++ base64
++ tr -d =
++ tr /+ _-
++ base64
++ tr -d =
++ tr /+ _-
+ writetaskstat analysis_key github.com/gregberge/twc/bWFpbgo/Li93ZWJzaXRlCg
+ jq -nc --arg key analysis_key --arg value github.com/gregberge/twc/bWFpbgo/Li93ZWJzaXRlCg '{ key: $key, value: $value }'
++ date -u +%Y%m%d%H%M%S
++ sha256sum
++ awk '{ print $1 }'
++ cut -c1-16
++ head -c 32 /dev/urandom
+ writetaskstat analysis_nonce 9e3599ba76ebac85
+ jq -nc --arg key analysis_nonce --arg value 9e3599ba76ebac85 '{ key: $key, value: $value }'
+ writetaskstat input_repo_name github.com/gregberge/twc
+ jq -nc --arg key input_repo_name --arg value github.com/gregberge/twc '{ key: $key, value: $value }'
+ writetaskstat input_repo_ref main
+ jq -nc --arg key input_repo_ref --arg value main '{ key: $key, value: $value }'
+ writetaskstat input_repo_path ./website
+ jq -nc --arg key input_repo_path --arg value ./website '{ key: $key, value: $value }'
++ date -u +%Y-%m-%dT%H:%M:%SZ
+ writetaskstat timestamp_begin 2024-03-04T03:15:02Z
+ jq -nc --arg key timestamp_begin --arg value 2024-03-04T03:15:02Z '{ key: $key, value: $value }'
+ mkdir -p /tmp/twcr-8073d7b7a259
/tmp/twcr-8073d7b7a259 /twcr
+ pushd /tmp/twcr-8073d7b7a259
+ '[' -d .git ']'
+ git clone --depth=1 -b main https://github.com/gregberge/twc.git .
Cloning into '.'...
++ date -u +%Y-%m-%dT%H:%M:%SZ
+ writetaskstat timestamp_git_clone_complete 2024-03-04T03:15:04Z
+ jq -nc --arg key timestamp_git_clone_complete --arg value 2024-03-04T03:15:04Z '{ key: $key, value: $value }'
++ git rev-parse HEAD
+ writetaskstat exec_repo_commit_sha 3b44a2fa416d8e0c9d972062e43fdf69e57e357c
+ jq -nc --arg key exec_repo_commit_sha --arg value 3b44a2fa416d8e0c9d972062e43fdf69e57e357c '{ key: $key, value: $value }'
+++ git show --no-patch --format=%ci
++ date -u --date '2024-01-18 14:40:21 +0100' +%Y-%m-%dT%H:%M:%SZ
+ writetaskstat exec_repo_commit_date 2024-01-18T13:40:21Z
+ jq -nc --arg key exec_repo_commit_date --arg value 2024-01-18T13:40:21Z '{ key: $key, value: $value }'
/tmp/twcr-8073d7b7a259/website /tmp/twcr-8073d7b7a259 /twcr
+ '[' -z ./website ']'
+ pushd ./website
+ tailwind_config_file_name=
+ '[' -f tailwind.config.js ']'
+ tailwind_config_file_name=tailwind.config.js
+ writetaskstat exec_tailwind_config_file tailwind.config.js
+ jq -nc --arg key exec_tailwind_config_file --arg value tailwind.config.js '{ key: $key, value: $value }'
+ cp tailwind.config.js /twcr/mnt/results/extract-raw-tailwind-config.js
+ '[' '!' -f package.json ']'
+ cp package.json /twcr/mnt/results/extract-raw-package.json
++ /twcr/worker/../worker/pm-detect.sh /tmp/twcr-8073d7b7a259/website
+ package_manager_name=pnpm
+ '[' -z pnpm ']'
+ '[' -z pnpm ']'
+ writetaskstat exec_node_package_manager pnpm
+ jq -nc --arg key exec_node_package_manager --arg value pnpm '{ key: $key, value: $value }'
+ attempt_mode=squash
+ true
++ date -u +%Y-%m-%dT%H:%M:%SZ
+ writetaskstat timestamp_attempt_squash_begin 2024-03-04T03:15:04Z
+ jq -nc --arg key timestamp_attempt_squash_begin --arg value 2024-03-04T03:15:04Z '{ key: $key, value: $value }'
+ [[ squash == \s\q\u\a\s\h ]]
+ set +e
+ node /twcr/worker/../worker/squash-package.mjs tailwind.config.js
+ exitcode=0
+ set -e
+ [[ 0 != \0 ]]
+ cat package.json
+ sed 's/^/>>> /'
>>> {
>>>   "name": "website",
>>>   "version": "1.0.0",
>>>   "description": "",
>>>   "main": "index.js",
>>>   "keywords": [],
>>>   "author": "",
>>>   "license": "ISC",
>>>   "dependencies": {},
>>>   "devDependencies": {
>>>     "tailwindcss": "^3.4.0",
>>>     "windy-radix-palette": "2.0.0-beta.7"
>>>   }
>>> }+ rm -f package-lock.json pnpm-lock.yaml yarn.lock
+ '[' ./website '!=' ./ ']'
+ rm -f /tmp/twcr-8073d7b7a259/package.json /tmp/twcr-8073d7b7a259/package-lock.json /tmp/twcr-8073d7b7a259/pnpm-lock.yaml /tmp/twcr-8073d7b7a259/yarn.lock
+ set +e
+ /twcr/worker/../worker/pm-install.sh pnpm /tmp/twcr-8073d7b7a259 /twcr/mnt/results
+ package_manager_name=pnpm
+ procdir=/tmp/twcr-8073d7b7a259
+ datadir=/twcr/mnt/results
+ case "${package_manager_name}" in
+ '[' '!' -f /tmp/twcr-8073d7b7a259/package.json ']'
+ '[' '!' -f package.json ']'
++ pnpm -v
+ sed -Ei 's/("pnpm": ")(.+)(")/\18.15.4\3/' package.json
+ pnpm install
Progress: resolved 1, reused 0, downloaded 0, added 0
Progress: resolved 26, reused 0, downloaded 21, added 0
Progress: resolved 52, reused 0, downloaded 46, added 0
Progress: resolved 79, reused 0, downloaded 71, added 0
Progress: resolved 107, reused 0, downloaded 104, added 0
Packages: +109
++++++++++++++++++++++++++++++++++++++++++++++++++++++++++++++++++++++++++++++++
Progress: resolved 110, reused 0, downloaded 109, added 109, done

devDependencies:
+ tailwindcss 3.4.1
+ windy-radix-palette 2.0.0-beta.7

Done in 6.3s
+ pnpm ls --json
+ jq -cr '
        .[]
        | [.dependencies, .devDependencies, .optionalDependencies]
        | map(select(.))[]
        | to_entries
        | map({ name: .key, version: .value.version })
        | sort_by(.name)[]
      '
+ exitcode=0
+ set -e
+ [[ 0 != \0 ]]
++ jq -sr 'map(select(.name == "tailwindcss")) | first | .version'
+ tailwind_package_version=3.4.1
+ tailwind_config_exporter=tailwind.config.exporter2.cjs
+ '[' -f node_modules/tailwindcss/lib/lib/load-config.js ']'
+ tailwind_config_exporter=tailwind.config.exporter3.mjs
+ cp /twcr/worker/../worker/tailwind.config.exporter3.mjs ./
+ set +e
+ node ./tailwind.config.exporter3.mjs tailwind.config.js
+ exitcode=0
+ set -e
+ [[ 0 != \0 ]]
+ echo 'module.exports={plugins:['
+ jq -rs '
        map(select(.name | startswith("@tailwindcss/")))
        | map("require(" + ( .name | tojson ) + "),")[]
      '
+ grep -Ev '"@tailwindcss/postcss7-compat"'
+ true
+ echo ']}'
+ cat tailwind.config.js
+ sed 's/^/>>> /'
>>> module.exports={plugins:[
>>> ]}
+ node ./tailwind.config.exporter3.mjs tailwind.config.js
++ date -u +%Y-%m-%dT%H:%M:%SZ
+ writetaskstat timestamp_attempt_squash_end 2024-03-04T03:15:12Z
+ jq -nc --arg key timestamp_attempt_squash_end --arg value 2024-03-04T03:15:12Z '{ key: $key, value: $value }'
+ break
++ date -u +%Y-%m-%dT%H:%M:%SZ
+ writetaskstat timestamp_end 2024-03-04T03:15:12Z
+ jq -nc --arg key timestamp_end --arg value 2024-03-04T03:15:12Z '{ key: $key, value: $value }'
+ rm /twcr/mnt/results/extract-failed
+ touch /twcr/mnt/results/extract-completed
