==== RUN-DOCKER
+++ dirname -- ./worker/run.sh
++ cd -- ./worker
++ pwd
+ twcrdir=/twcr/worker/..
+ repo=github.com/openMF/web-app
+ reporef=master
+ repopath=./
++ echo github.com/openMF/web-app
++ sha256sum
++ awk '{ print $1 }'
++ cut -c1-12
+ procdir=/tmp/twcr-7244d05e530d
++ echo 'github.com/openMF/web-app;master;./'
++ sha256sum
++ awk '{ print $1 }'
++ cut -c1-12
+ datadir=/twcr/worker/../mnt/dataset/data/3a16d6b763a6
+ '[' '!' -z /twcr/mnt/results ']'
+ datadir=/twcr/mnt/results
+ touch /twcr/mnt/results/extract-failed
++ base64
++ tr -d =
++ tr /+ _-
++ base64
++ tr -d =
++ tr /+ _-
+ writetaskstat analysis_key github.com/openMF/web-app/bWFzdGVyCg/Li8K
+ jq -nc --arg key analysis_key --arg value github.com/openMF/web-app/bWFzdGVyCg/Li8K '{ key: $key, value: $value }'
++ date -u +%Y%m%d%H%M%S
++ sha256sum
++ awk '{ print $1 }'
++ cut -c1-16
++ head -c 32 /dev/urandom
+ writetaskstat analysis_nonce 57a156212f049dff
+ jq -nc --arg key analysis_nonce --arg value 57a156212f049dff '{ key: $key, value: $value }'
+ writetaskstat input_repo_name github.com/openMF/web-app
+ jq -nc --arg key input_repo_name --arg value github.com/openMF/web-app '{ key: $key, value: $value }'
+ writetaskstat input_repo_ref master
+ jq -nc --arg key input_repo_ref --arg value master '{ key: $key, value: $value }'
+ writetaskstat input_repo_path ./
+ jq -nc --arg key input_repo_path --arg value ./ '{ key: $key, value: $value }'
++ date -u +%Y-%m-%dT%H:%M:%SZ
+ writetaskstat timestamp_begin 2024-03-03T00:20:54Z
+ jq -nc --arg key timestamp_begin --arg value 2024-03-03T00:20:54Z '{ key: $key, value: $value }'
+ mkdir -p /tmp/twcr-7244d05e530d
+ pushd /tmp/twcr-7244d05e530d
+ '[' -d .git ']'
+ git clone --depth=1 -b master https://github.com/openMF/web-app.git .
/tmp/twcr-7244d05e530d /twcr
Cloning into '.'...
++ date -u +%Y-%m-%dT%H:%M:%SZ
+ writetaskstat timestamp_git_clone_complete 2024-03-03T00:20:56Z
+ jq -nc --arg key timestamp_git_clone_complete --arg value 2024-03-03T00:20:56Z '{ key: $key, value: $value }'
++ git rev-parse HEAD
+ writetaskstat exec_repo_commit_sha 36a8e275be43520060e34debb5d95992ce44038d
+ jq -nc --arg key exec_repo_commit_sha --arg value 36a8e275be43520060e34debb5d95992ce44038d '{ key: $key, value: $value }'
+++ git show --no-patch --format=%ci
++ date -u --date '2024-02-28 09:20:36 +0100' +%Y-%m-%dT%H:%M:%SZ
+ writetaskstat exec_repo_commit_date 2024-02-28T08:20:36Z
+ jq -nc --arg key exec_repo_commit_date --arg value 2024-02-28T08:20:36Z '{ key: $key, value: $value }'
/tmp/twcr-7244d05e530d /tmp/twcr-7244d05e530d /twcr
+ '[' -z ./ ']'
+ pushd ./
+ tailwind_config_file_name=
+ '[' -f tailwind.config.js ']'
+ tailwind_config_file_name=tailwind.config.js
+ writetaskstat exec_tailwind_config_file tailwind.config.js
+ jq -nc --arg key exec_tailwind_config_file --arg value tailwind.config.js '{ key: $key, value: $value }'
+ cp tailwind.config.js /twcr/mnt/results/extract-raw-tailwind-config.js
+ '[' '!' -f package.json ']'
+ cp package.json /twcr/mnt/results/extract-raw-package.json
+ package_manager_name=npm
+ grep -q '"packageManager":[^"]+"pnpm@"' package.json
+ '[' -f pnpm-lock.yaml ']'
+ '[' -f pnpm-workspace.yaml ']'
+ '[' -f /tmp/twcr-7244d05e530d/pnpm-workspace.yaml ']'
+ cat README.md
+ grep -q 'pnpm install'
+ grep -q '"packageManager":[^"]+"yarn@"' package.json
+ '[' -f yarn.lock ']'
+ grep -q '":[^"]+"workspace:' package.json
+ cat README.md
+ grep -q 'yarn install'
+ writetaskstat exec_node_package_manager npm
+ jq -nc --arg key exec_node_package_manager --arg value npm '{ key: $key, value: $value }'
+ attempt_mode=squash
+ true
++ date -u +%Y-%m-%dT%H:%M:%SZ
+ writetaskstat timestamp_attempt_squash_begin 2024-03-03T00:20:56Z
+ jq -nc --arg key timestamp_attempt_squash_begin --arg value 2024-03-03T00:20:56Z '{ key: $key, value: $value }'
+ [[ squash == \s\q\u\a\s\h ]]
+ set +e
+ node /twcr/worker/../worker/squash-package.mjs tailwind.config.js
+ exitcode=0
+ set -e
+ [[ 0 != \0 ]]
+ cat package.json
+ sed 's/^/>>> /'
>>> {
>>>   "name": "mifosx-web-app",
>>>   "version": "0.0.0",
>>>   "description": "MifosX Web App is the default web application built on top of the Fineract platform for the Mifos user community leveraging the popular Angular framework.",
>>>   "keywords": [
>>>     "mifos",
>>>     "openmf",
>>>     "fineract",
>>>     "angular"
>>>   ],
>>>   "homepage": "https://github.com/openMF/web-app",
>>>   "license": "MPL-2.0",
>>>   "dependencies": {
>>>     "@tailwindcss/forms": "^0.5.4"
>>>   },
>>>   "devDependencies": {
>>>     "tailwindcss": "^3.3.3"
>>>   },
>>>   "repository": {
>>>     "type": "git",
>>>     "url": "https://github.com/openMF/web-app.git"
>>>   },
>>>   "bugs": {
>>>     "url": "https://github.com/openMF/web-app/issues"
>>>   },
>>>   "engines": {
>>>     "node": ">= 16.15.1",
>>>     "npm": ">= 8.11.0"
>>>   }
>>> }+ set +e
+ /twcr/worker/../worker/pm-install.sh npm /tmp/twcr-7244d05e530d /twcr/mnt/results
+ package_manager_name=npm
+ procdir=/tmp/twcr-7244d05e530d
+ datadir=/twcr/mnt/results
+ case "${package_manager_name}" in
++ '[' -f package-lock.json ']'
++ echo ci
+ npm ci --ignore-engines

added 100 packages, and audited 101 packages in 4s

15 packages are looking for funding
  run `npm fund` for details

1 moderate severity vulnerability

To address all issues, run:
  npm audit fix

Run `npm audit` for details.
npm notice 
npm notice New minor version of npm available! 10.2.4 -> 10.5.0
npm notice Changelog: <https://github.com/npm/cli/releases/tag/v10.5.0>
npm notice Run `npm install -g npm@10.5.0` to update!
npm notice 
+ npm query '*'
+ jq -cr '
        map({ name: .name, version: .version })
        | map(select(.name))
        | sort_by(.name)[]
      '
+ exitcode=0
+ set -e
+ [[ 0 != \0 ]]
++ jq -sr 'map(select(.name == "tailwindcss")) | first | .version'
+ tailwind_package_version=3.3.3
+ tailwind_config_exporter=tailwind.config.exporter3.mjs
+ true
+ cp /twcr/worker/../worker/tailwind.config.exporter3.mjs ./
+ set +e
+ node ./tailwind.config.exporter3.mjs tailwind.config.js
+ exitcode=0
+ set -e
+ [[ 0 != \0 ]]
+ break
+ echo 'module.exports={plugins:['
+ jq -rs '
        map(select(.name | startswith("@tailwindcss/")))
        | map("require(" + ( .name | tojson ) + "),")[]
      '
+ echo ']}'
+ cat tailwind.config.js
+ sed 's/^/>>> /'
>>> module.exports={plugins:[
>>> require("@tailwindcss/forms"),
>>> ]}
+ node ./tailwind.config.exporter3.mjs tailwind.config.js
++ date -u +%Y-%m-%dT%H:%M:%SZ
+ writetaskstat timestamp_attempt_squash_end 2024-03-03T00:21:01Z
+ jq -nc --arg key timestamp_attempt_squash_end --arg value 2024-03-03T00:21:01Z '{ key: $key, value: $value }'
+ break
++ date -u +%Y-%m-%dT%H:%M:%SZ
+ writetaskstat timestamp_end 2024-03-03T00:21:01Z
+ jq -nc --arg key timestamp_end --arg value 2024-03-03T00:21:01Z '{ key: $key, value: $value }'
+ rm /twcr/mnt/results/extract-failed
+ touch /twcr/mnt/results/extract-completed
