==== RUN-DOCKER
+++ dirname -- ./worker/run.sh
++ cd -- ./worker
++ pwd
+ twcrdir=/twcr/worker/..
+ repo=github.com/roots/sage
+ reporef=main
+ repopath=./
++ echo github.com/roots/sage
++ sha256sum
++ awk '{ print $1 }'
++ cut -c1-12
+ procdir=/tmp/twcr-66f67caf1021
++ echo 'github.com/roots/sage;main;./'
++ sha256sum
++ awk '{ print $1 }'
++ cut -c1-12
+ datadir=/twcr/worker/../mnt/dataset/data/1acf8b7e7c5a
+ '[' '!' -z /twcr/mnt/results ']'
+ datadir=/twcr/mnt/results
+ touch /twcr/mnt/results/extract-failed
++ base64
++ tr -d =
++ tr /+ _-
++ base64
++ tr -d =
++ tr /+ _-
+ writetaskstat analysis_key github.com/roots/sage/bWFpbgo/Li8K
+ jq -nc --arg key analysis_key --arg value github.com/roots/sage/bWFpbgo/Li8K '{ key: $key, value: $value }'
++ date -u +%Y%m%d%H%M%S
++ sha256sum
++ awk '{ print $1 }'
++ cut -c1-16
++ head -c 32 /dev/urandom
+ writetaskstat analysis_nonce 331474540d54e2b2
+ jq -nc --arg key analysis_nonce --arg value 331474540d54e2b2 '{ key: $key, value: $value }'
+ writetaskstat input_repo_name github.com/roots/sage
+ jq -nc --arg key input_repo_name --arg value github.com/roots/sage '{ key: $key, value: $value }'
+ writetaskstat input_repo_ref main
+ jq -nc --arg key input_repo_ref --arg value main '{ key: $key, value: $value }'
+ writetaskstat input_repo_path ./
+ jq -nc --arg key input_repo_path --arg value ./ '{ key: $key, value: $value }'
++ date -u +%Y-%m-%dT%H:%M:%SZ
+ writetaskstat timestamp_begin 2024-03-02T22:47:25Z
+ jq -nc --arg key timestamp_begin --arg value 2024-03-02T22:47:25Z '{ key: $key, value: $value }'
+ mkdir -p /tmp/twcr-66f67caf1021
+ pushd /tmp/twcr-66f67caf1021
+ '[' -d .git ']'
+ git clone --depth=1 -b main https://github.com/roots/sage.git .
/tmp/twcr-66f67caf1021 /twcr
Cloning into '.'...
++ date -u +%Y-%m-%dT%H:%M:%SZ
+ writetaskstat timestamp_git_clone_complete 2024-03-02T22:47:25Z
+ jq -nc --arg key timestamp_git_clone_complete --arg value 2024-03-02T22:47:25Z '{ key: $key, value: $value }'
++ git rev-parse HEAD
+ writetaskstat exec_repo_commit_sha 5693139abc48ceb8893f45f07a8ade61f17846ac
+ jq -nc --arg key exec_repo_commit_sha --arg value 5693139abc48ceb8893f45f07a8ade61f17846ac '{ key: $key, value: $value }'
+++ git show --no-patch --format=%ci
++ date -u --date '2024-02-06 08:50:26 -0600' +%Y-%m-%dT%H:%M:%SZ
+ writetaskstat exec_repo_commit_date 2024-02-06T14:50:26Z
+ jq -nc --arg key exec_repo_commit_date --arg value 2024-02-06T14:50:26Z '{ key: $key, value: $value }'
/tmp/twcr-66f67caf1021 /tmp/twcr-66f67caf1021 /twcr
+ '[' -z ./ ']'
+ pushd ./
+ tailwind_config_file_name=
+ '[' -f tailwind.config.js ']'
+ tailwind_config_file_name=tailwind.config.js
+ writetaskstat exec_tailwind_config_file tailwind.config.js
+ jq -nc --arg key exec_tailwind_config_file --arg value tailwind.config.js '{ key: $key, value: $value }'
+ cp tailwind.config.js /twcr/mnt/results/extract-raw-tailwind-config.js
+ '[' '!' -f package.json ']'
+ cp package.json /twcr/mnt/results/extract-raw-package.json
+ package_manager_name=npm
+ grep -q '"packageManager":[^"]+"pnpm@"' package.json
+ '[' -f pnpm-lock.yaml ']'
+ '[' -f pnpm-workspace.yaml ']'
+ '[' -f /tmp/twcr-66f67caf1021/pnpm-workspace.yaml ']'
+ cat README.md
+ grep -q 'pnpm install'
+ grep -q '"packageManager":[^"]+"yarn@"' package.json
+ '[' -f yarn.lock ']'
+ package_manager_name=yarn
+ writetaskstat exec_node_package_manager yarn
+ jq -nc --arg key exec_node_package_manager --arg value yarn '{ key: $key, value: $value }'
+ attempt_mode=squash
+ true
++ date -u +%Y-%m-%dT%H:%M:%SZ
+ writetaskstat timestamp_attempt_squash_begin 2024-03-02T22:47:25Z
+ jq -nc --arg key timestamp_attempt_squash_begin --arg value 2024-03-02T22:47:25Z '{ key: $key, value: $value }'
+ [[ squash == \s\q\u\a\s\h ]]
+ set +e
+ node /twcr/worker/../worker/squash-package.mjs tailwind.config.js
[squash-package] ERROR: failed to find any match for import path (tailwindcss)
+ exitcode=1
+ set -e
+ [[ 1 != \0 ]]
+ echo '[worker] WARN: squash failed; retrying with full install'
[worker] WARN: squash failed; retrying with full install
+ attempt_mode=full
+ continue
+ true
++ date -u +%Y-%m-%dT%H:%M:%SZ
+ writetaskstat timestamp_attempt_full_begin 2024-03-02T22:47:25Z
+ jq -nc --arg key timestamp_attempt_full_begin --arg value 2024-03-02T22:47:25Z '{ key: $key, value: $value }'
+ [[ full == \s\q\u\a\s\h ]]
+ git checkout .
Updated 0 paths from the index
+ git clean -fdx
+ set +e
+ /twcr/worker/../worker/pm-install.sh yarn /tmp/twcr-66f67caf1021 /twcr/mnt/results
+ package_manager_name=yarn
+ procdir=/tmp/twcr-66f67caf1021
+ datadir=/twcr/mnt/results
+ case "${package_manager_name}" in
+ yarn install --ignore-engines
yarn install v1.22.19
[1/4] Resolving packages...
[2/4] Fetching packages...
(node:88) [DEP0040] DeprecationWarning: The `punycode` module is deprecated. Please use a userland alternative instead.
(Use `node --trace-deprecation ...` to show where the warning was created)
[3/4] Linking dependencies...
warning "@roots/bud > @roots/bud-support > remark-loader@5.0.0" has incorrect peer dependency "remark@^14.0.0".
warning "@roots/sage > @roots/bud-preset-wordpress > @roots/bud-react > @babel/preset-react@7.23.3" has unmet peer dependency "@babel/core@^7.0.0-0".
warning "@roots/sage > @roots/bud-preset-wordpress > @roots/bud-react > @babel/preset-react > @babel/plugin-transform-react-display-name@7.23.3" has unmet peer dependency "@babel/core@^7.0.0-0".
warning "@roots/sage > @roots/bud-preset-wordpress > @roots/bud-react > @babel/preset-react > @babel/plugin-transform-react-jsx@7.23.4" has unmet peer dependency "@babel/core@^7.0.0-0".
warning "@roots/sage > @roots/bud-preset-wordpress > @roots/bud-react > @babel/preset-react > @babel/plugin-transform-react-jsx-development@7.22.5" has unmet peer dependency "@babel/core@^7.0.0-0".
warning "@roots/sage > @roots/bud-preset-wordpress > @roots/bud-react > @babel/preset-react > @babel/plugin-transform-react-pure-annotations@7.23.3" has unmet peer dependency "@babel/core@^7.0.0-0".
warning "@roots/sage > @roots/bud-preset-wordpress > @roots/bud-react > @babel/preset-react > @babel/plugin-transform-react-jsx > @babel/plugin-syntax-jsx@7.23.3" has unmet peer dependency "@babel/core@^7.0.0-0".
warning "@roots/sage > @roots/bud-preset-wordpress > @roots/bud-react > @babel/preset-react > @babel/plugin-transform-react-jsx-development > @babel/plugin-transform-react-jsx@7.22.15" has unmet peer dependency "@babel/core@^7.0.0-0".
warning "@roots/sage > @roots/bud-preset-wordpress > @roots/bud-react > @babel/preset-react > @babel/plugin-transform-react-jsx-development > @babel/plugin-transform-react-jsx > @babel/plugin-syntax-jsx@7.22.5" has unmet peer dependency "@babel/core@^7.0.0-0".
warning Workspaces can only be enabled in private projects.
warning Workspaces can only be enabled in private projects.
warning Workspaces can only be enabled in private projects.
warning Workspaces can only be enabled in private projects.
warning Workspaces can only be enabled in private projects.
[4/4] Building fresh packages...
Done in 75.94s.
+ yarn list --depth=0 --json --non-interactive --no-progress
+ jq -cr '
        [.. | .name?]
        | map(select(.))
        | map(capture("^(?<name>@?[^@]+)@(?<version>.+)$"))
        | sort_by(.name)[]'
+ exitcode=0
+ set -e
+ [[ 0 != \0 ]]
++ jq -sr 'map(select(.name == "tailwindcss")) | first | .version'
+ tailwind_package_version=3.4.0
+ tailwind_config_exporter=tailwind.config.exporter3.mjs
+ true
+ cp /twcr/worker/../worker/tailwind.config.exporter3.mjs ./
+ set +e
+ node ./tailwind.config.exporter3.mjs tailwind.config.js
+ exitcode=0
+ set -e
+ [[ 0 != \0 ]]
+ break
+ echo 'module.exports={plugins:['
+ jq -rs '
        map(select(.name | startswith("@tailwindcss/")))
        | map("require(" + ( .name | tojson ) + "),")[]
      '
+ echo ']}'
+ cat tailwind.config.js
+ sed 's/^/>>> /'
>>> module.exports={plugins:[
>>> ]}
+ node ./tailwind.config.exporter3.mjs tailwind.config.js
++ date -u +%Y-%m-%dT%H:%M:%SZ
+ writetaskstat timestamp_attempt_full_end 2024-03-02T22:48:43Z
+ jq -nc --arg key timestamp_attempt_full_end --arg value 2024-03-02T22:48:43Z '{ key: $key, value: $value }'
+ break
++ date -u +%Y-%m-%dT%H:%M:%SZ
+ writetaskstat timestamp_end 2024-03-02T22:48:43Z
+ jq -nc --arg key timestamp_end --arg value 2024-03-02T22:48:43Z '{ key: $key, value: $value }'
+ rm /twcr/mnt/results/extract-failed
+ touch /twcr/mnt/results/extract-completed
