==== RUN-DOCKER
+++ dirname -- ./worker/run.sh
++ cd -- ./worker
++ pwd
+ twcrdir=/twcr/worker/..
+ repo=github.com/bodhish/mytemplate.xyz
+ reporef=master
+ repopath=./packages/mytemplate
+ '[' true == true ']'
+ grep -q '^././'
++ echo github.com/bodhish/mytemplate.xyz
++ sha256sum
++ awk '{ print $1 }'
++ cut -c1-12
+ procdir=/tmp/twcr-4bcd4493e71e
++ echo 'github.com/bodhish/mytemplate.xyz;master;./packages/mytemplate'
++ sha256sum
++ awk '{ print $1 }'
++ cut -c1-12
+ datadir=/twcr/worker/../mnt/dataset/data/37150b3568d9
+ '[' '!' -z /twcr/mnt/results ']'
+ datadir=/twcr/mnt/results
+ touch /twcr/mnt/results/extract-failed
++ base64
++ tr -d =
++ tr /+ _-
++ base64
++ tr -d =
++ tr /+ _-
+ writetaskstat analysis_key github.com/bodhish/mytemplate.xyz/bWFzdGVyCg/Li9wYWNrYWdlcy9teXRlbXBsYXRlCg
+ jq -nc --arg key analysis_key --arg value github.com/bodhish/mytemplate.xyz/bWFzdGVyCg/Li9wYWNrYWdlcy9teXRlbXBsYXRlCg '{ key: $key, value: $value }'
++ date -u +%Y%m%d%H%M%S
++ sha256sum
++ awk '{ print $1 }'
++ cut -c1-16
++ head -c 32 /dev/urandom
+ writetaskstat analysis_nonce dab31fa462ada048
+ jq -nc --arg key analysis_nonce --arg value dab31fa462ada048 '{ key: $key, value: $value }'
+ writetaskstat input_repo_name github.com/bodhish/mytemplate.xyz
+ jq -nc --arg key input_repo_name --arg value github.com/bodhish/mytemplate.xyz '{ key: $key, value: $value }'
+ writetaskstat input_repo_ref master
+ jq -nc --arg key input_repo_ref --arg value master '{ key: $key, value: $value }'
+ writetaskstat input_repo_path ./packages/mytemplate
+ jq -nc --arg key input_repo_path --arg value ./packages/mytemplate '{ key: $key, value: $value }'
++ date -u +%Y-%m-%dT%H:%M:%SZ
+ writetaskstat timestamp_begin 2024-03-05T03:28:07Z
+ jq -nc --arg key timestamp_begin --arg value 2024-03-05T03:28:07Z '{ key: $key, value: $value }'
+ mkdir -p /tmp/twcr-4bcd4493e71e
/tmp/twcr-4bcd4493e71e /twcr
+ pushd /tmp/twcr-4bcd4493e71e
+ '[' -d .git ']'
+ git clone --depth=1 -b master https://github.com/bodhish/mytemplate.xyz.git .
Cloning into '.'...
++ date -u +%Y-%m-%dT%H:%M:%SZ
+ writetaskstat timestamp_git_clone_complete 2024-03-05T03:28:08Z
+ jq -nc --arg key timestamp_git_clone_complete --arg value 2024-03-05T03:28:08Z '{ key: $key, value: $value }'
++ git rev-parse HEAD
+ writetaskstat exec_repo_commit_sha f4ed5ea48f5a8b1c102f4b44526741837696b8ad
+ jq -nc --arg key exec_repo_commit_sha --arg value f4ed5ea48f5a8b1c102f4b44526741837696b8ad '{ key: $key, value: $value }'
+++ git show --no-patch --format=%ci
++ date -u --date '2023-12-11 12:04:08 +0530' +%Y-%m-%dT%H:%M:%SZ
+ writetaskstat exec_repo_commit_date 2023-12-11T06:34:08Z
+ jq -nc --arg key exec_repo_commit_date --arg value 2023-12-11T06:34:08Z '{ key: $key, value: $value }'
/tmp/twcr-4bcd4493e71e/packages/mytemplate /tmp/twcr-4bcd4493e71e /twcr
+ '[' -z ./packages/mytemplate ']'
+ pushd ./packages/mytemplate
+ tailwind_config_file_name=
+ '[' -f tailwind.config.js ']'
+ tailwind_config_file_name=tailwind.config.js
+ writetaskstat exec_tailwind_config_file tailwind.config.js
+ jq -nc --arg key exec_tailwind_config_file --arg value tailwind.config.js '{ key: $key, value: $value }'
+ cp tailwind.config.js /twcr/mnt/results/extract-raw-tailwind-config.js
+ '[' '!' -f package.json ']'
+ cp package.json /twcr/mnt/results/extract-raw-package.json
++ /twcr/worker/../worker/pm-detect.sh /tmp/twcr-4bcd4493e71e/packages/mytemplate
+ package_manager_name=
+ '[' -z '' ']'
+ '[' ./packages/mytemplate '!=' ./ ']'
++ /twcr/worker/../worker/pm-detect.sh /tmp/twcr-4bcd4493e71e
+ package_manager_name=yarn
+ '[' -z yarn ']'
+ writetaskstat exec_node_package_manager yarn
+ jq -nc --arg key exec_node_package_manager --arg value yarn '{ key: $key, value: $value }'
+ attempt_mode=squash
+ true
++ date -u +%Y-%m-%dT%H:%M:%SZ
+ writetaskstat timestamp_attempt_squash_begin 2024-03-05T03:28:08Z
+ jq -nc --arg key timestamp_attempt_squash_begin --arg value 2024-03-05T03:28:08Z '{ key: $key, value: $value }'
+ [[ squash == \s\q\u\a\s\h ]]
+ set +e
+ node /twcr/worker/../worker/squash-package.mjs tailwind.config.js
+ exitcode=0
+ set -e
+ [[ 0 != \0 ]]
+ cat package.json
+ sed 's/^/>>> /'
+ rm -f package-lock.json pnpm-lock.yaml yarn.lock
>>> {
>>>   "name": "mytemplate.xyz",
>>>   "version": "0.7.0",
>>>   "keywords": [
>>>     "BuckleScript",
>>>     "ReasonReact",
>>>     "reason-react"
>>>   ],
>>>   "author": "bodhish",
>>>   "license": "MIT",
>>>   "repository": {
>>>     "type": "git",
>>>     "url": "https://github.com/bodhish/mytemplate.xyz/tree/master/template"
>>>   },
>>>   "dependencies": {},
>>>   "devDependencies": {
>>>     "tailwindcss": "^3.3.3"
>>>   }
>>> }+ '[' ./packages/mytemplate '!=' ./ ']'
+ rm -f /tmp/twcr-4bcd4493e71e/package.json /tmp/twcr-4bcd4493e71e/package-lock.json /tmp/twcr-4bcd4493e71e/pnpm-lock.yaml /tmp/twcr-4bcd4493e71e/yarn.lock
+ set +e
+ /twcr/worker/../worker/pm-install.sh yarn /tmp/twcr-4bcd4493e71e /twcr/mnt/results
+ package_manager_name=yarn
+ procdir=/tmp/twcr-4bcd4493e71e
+ datadir=/twcr/mnt/results
+ case "${package_manager_name}" in
+ '[' -z http://tid_eb5e22be8655:ok@172.18.0.2:3128 ']'
+ yarn config set httpProxy http://tid_eb5e22be8655:ok@172.18.0.2:3128
yarn config v1.22.19
success Set "httpProxy" to "http://tid_eb5e22be8655:ok@172.18.0.2:3128".
Done in 0.07s.
+ '[' -z http://tid_eb5e22be8655:ok@172.18.0.2:3128 ']'
+ yarn config set httpsProxy http://tid_eb5e22be8655:ok@172.18.0.2:3128
yarn config v1.22.19
success Set "httpsProxy" to "http://tid_eb5e22be8655:ok@172.18.0.2:3128".
Done in 0.07s.
+ yarn install
yarn install v1.22.19
info No lockfile found.
[1/4] Resolving packages...
(node:145) [DEP0040] DeprecationWarning: The `punycode` module is deprecated. Please use a userland alternative instead.
(Use `node --trace-deprecation ...` to show where the warning was created)
[2/4] Fetching packages...
[3/4] Linking dependencies...
[4/4] Building fresh packages...
success Saved lockfile.
Done in 8.03s.
+ yarn list --depth=0 --json --non-interactive --no-progress
+ jq -cr '
        [.. | .name?]
        | map(select(.))
        | map(capture("^(?<name>@?[^@]+)@(?<version>.+)$"))
        | sort_by(.name)[]'
+ exitcode=0
+ set -e
+ [[ 0 != \0 ]]
++ jq -sr 'map(select(.name == "tailwindcss")) | first | .version'
+ tailwind_package_version=3.4.1
+ tailwind_config_exporter=tailwind.config.exporter2.cjs
+ '[' -f node_modules/tailwindcss/lib/lib/load-config.js ']'
+ tailwind_config_exporter=tailwind.config.exporter3.mjs
+ cp /twcr/worker/../worker/tailwind.config.exporter3.mjs ./
+ set +e
+ node ./tailwind.config.exporter3.mjs tailwind.config.js
+ exitcode=0
+ set -e
+ [[ 0 != \0 ]]
+ echo 'module.exports={plugins:['
+ jq -rs '
        map(select(.name | startswith("@tailwindcss/")))
        | map("require(" + ( .name | tojson ) + "),")[]
      '
+ grep -Ev '"@tailwindcss/postcss7-compat"'
+ true
+ echo ']}'
+ cat tailwind.config.js
+ sed 's/^/>>> /'
>>> module.exports={plugins:[
>>> ]}
+ node ./tailwind.config.exporter3.mjs tailwind.config.js
++ date -u +%Y-%m-%dT%H:%M:%SZ
+ writetaskstat timestamp_attempt_squash_end 2024-03-05T03:28:18Z
+ jq -nc --arg key timestamp_attempt_squash_end --arg value 2024-03-05T03:28:18Z '{ key: $key, value: $value }'
+ break
++ date -u +%Y-%m-%dT%H:%M:%SZ
+ writetaskstat timestamp_end 2024-03-05T03:28:18Z
+ jq -nc --arg key timestamp_end --arg value 2024-03-05T03:28:18Z '{ key: $key, value: $value }'
+ rm /twcr/mnt/results/extract-failed
+ touch /twcr/mnt/results/extract-completed
