==== RUN-DOCKER
+++ dirname -- ./worker/run.sh
++ cd -- ./worker
++ pwd
+ twcrdir=/twcr/worker/..
+ repo=github.com/COS301-SE-2022/Intelligent-VMS-Visitor-Management-System-
+ reporef=main
+ repopath=./client
+ '[' true == true ']'
+ grep -q '^././'
++ echo github.com/COS301-SE-2022/Intelligent-VMS-Visitor-Management-System-
++ sha256sum
++ awk '{ print $1 }'
++ cut -c1-12
+ procdir=/tmp/twcr-86041073c522
++ echo 'github.com/COS301-SE-2022/Intelligent-VMS-Visitor-Management-System-;main;./client'
++ sha256sum
++ awk '{ print $1 }'
++ cut -c1-12
+ datadir=/twcr/worker/../mnt/dataset/data/80b695bfb38e
+ '[' '!' -z /twcr/mnt/results ']'
+ datadir=/twcr/mnt/results
+ touch /twcr/mnt/results/extract-failed
++ base64
++ tr -d =
++ tr /+ _-
++ base64
++ tr -d =
++ tr /+ _-
+ writetaskstat analysis_key github.com/COS301-SE-2022/Intelligent-VMS-Visitor-Management-System-/bWFpbgo/Li9jbGllbnQK
+ jq -nc --arg key analysis_key --arg value github.com/COS301-SE-2022/Intelligent-VMS-Visitor-Management-System-/bWFpbgo/Li9jbGllbnQK '{ key: $key, value: $value }'
++ date -u +%Y%m%d%H%M%S
++ sha256sum
++ awk '{ print $1 }'
++ cut -c1-16
++ head -c 32 /dev/urandom
+ writetaskstat analysis_nonce 72d9be5eccf0278e
+ jq -nc --arg key analysis_nonce --arg value 72d9be5eccf0278e '{ key: $key, value: $value }'
+ writetaskstat input_repo_name github.com/COS301-SE-2022/Intelligent-VMS-Visitor-Management-System-
+ jq -nc --arg key input_repo_name --arg value github.com/COS301-SE-2022/Intelligent-VMS-Visitor-Management-System- '{ key: $key, value: $value }'
+ writetaskstat input_repo_ref main
+ jq -nc --arg key input_repo_ref --arg value main '{ key: $key, value: $value }'
+ writetaskstat input_repo_path ./client
+ jq -nc --arg key input_repo_path --arg value ./client '{ key: $key, value: $value }'
++ date -u +%Y-%m-%dT%H:%M:%SZ
+ writetaskstat timestamp_begin 2024-03-05T08:40:21Z
+ jq -nc --arg key timestamp_begin --arg value 2024-03-05T08:40:21Z '{ key: $key, value: $value }'
+ mkdir -p /tmp/twcr-86041073c522
+ pushd /tmp/twcr-86041073c522
+ '[' -d .git ']'
+ git clone --depth=1 -b main https://github.com/COS301-SE-2022/Intelligent-VMS-Visitor-Management-System-.git .
/tmp/twcr-86041073c522 /twcr
Cloning into '.'...
++ date -u +%Y-%m-%dT%H:%M:%SZ
+ writetaskstat timestamp_git_clone_complete 2024-03-05T08:40:23Z
+ jq -nc --arg key timestamp_git_clone_complete --arg value 2024-03-05T08:40:23Z '{ key: $key, value: $value }'
++ git rev-parse HEAD
+ writetaskstat exec_repo_commit_sha 2ac89a92520b07268ff80cc16da816f12db52d7d
+ jq -nc --arg key exec_repo_commit_sha --arg value 2ac89a92520b07268ff80cc16da816f12db52d7d '{ key: $key, value: $value }'
+++ git show --no-patch --format=%ci
++ date -u --date '2022-10-25 19:04:08 +0200' +%Y-%m-%dT%H:%M:%SZ
+ writetaskstat exec_repo_commit_date 2022-10-25T17:04:08Z
+ jq -nc --arg key exec_repo_commit_date --arg value 2022-10-25T17:04:08Z '{ key: $key, value: $value }'
/tmp/twcr-86041073c522/client /tmp/twcr-86041073c522 /twcr
+ '[' -z ./client ']'
+ pushd ./client
+ tailwind_config_file_name=
+ '[' -f tailwind.config.js ']'
+ tailwind_config_file_name=tailwind.config.js
+ writetaskstat exec_tailwind_config_file tailwind.config.js
+ jq -nc --arg key exec_tailwind_config_file --arg value tailwind.config.js '{ key: $key, value: $value }'
+ cp tailwind.config.js /twcr/mnt/results/extract-raw-tailwind-config.js
+ '[' '!' -f package.json ']'
+ cp package.json /twcr/mnt/results/extract-raw-package.json
++ /twcr/worker/../worker/pm-detect.sh /tmp/twcr-86041073c522/client
+ package_manager_name=yarn
+ '[' -z yarn ']'
+ '[' -z yarn ']'
+ writetaskstat exec_node_package_manager yarn
+ jq -nc --arg key exec_node_package_manager --arg value yarn '{ key: $key, value: $value }'
+ attempt_mode=squash
+ true
++ date -u +%Y-%m-%dT%H:%M:%SZ
+ writetaskstat timestamp_attempt_squash_begin 2024-03-05T08:40:23Z
+ jq -nc --arg key timestamp_attempt_squash_begin --arg value 2024-03-05T08:40:23Z '{ key: $key, value: $value }'
+ [[ squash == \s\q\u\a\s\h ]]
+ set +e
+ node /twcr/worker/../worker/squash-package.mjs tailwind.config.js
+ exitcode=0
+ set -e
+ [[ 0 != \0 ]]
+ cat package.json
+ sed 's/^/>>> /'
>>> {
>>>   "private": true,
>>>   "dependencies": {
>>>     "@tailwindcss/typography": "^0.5.2",
>>>     "daisyui": "^2.14.3"
>>>   },
>>>   "devDependencies": {
>>>     "tailwindcss": "^3.0.7"
>>>   },
>>>   "browser": {
>>>     "html-pdf": false
>>>   }
>>> }+ rm -f package-lock.json pnpm-lock.yaml yarn.lock
+ '[' ./client '!=' ./ ']'
+ rm -f /tmp/twcr-86041073c522/package.json /tmp/twcr-86041073c522/package-lock.json /tmp/twcr-86041073c522/pnpm-lock.yaml /tmp/twcr-86041073c522/yarn.lock
+ set +e
+ /twcr/worker/../worker/pm-install.sh yarn /tmp/twcr-86041073c522 /twcr/mnt/results
+ package_manager_name=yarn
+ procdir=/tmp/twcr-86041073c522
+ datadir=/twcr/mnt/results
+ case "${package_manager_name}" in
+ '[' -z http://tid_2d1741c8dc44:ok@172.18.0.2:3128 ']'
+ yarn config set httpProxy http://tid_2d1741c8dc44:ok@172.18.0.2:3128
yarn config v1.22.19
success Set "httpProxy" to "http://tid_2d1741c8dc44:ok@172.18.0.2:3128".
Done in 0.04s.
+ '[' -z http://tid_2d1741c8dc44:ok@172.18.0.2:3128 ']'
+ yarn config set httpsProxy http://tid_2d1741c8dc44:ok@172.18.0.2:3128
yarn config v1.22.19
success Set "httpsProxy" to "http://tid_2d1741c8dc44:ok@172.18.0.2:3128".
Done in 0.04s.
+ yarn install
yarn install v1.22.19
info No lockfile found.
[1/4] Resolving packages...
(node:132) [DEP0040] DeprecationWarning: The `punycode` module is deprecated. Please use a userland alternative instead.
(Use `node --trace-deprecation ...` to show where the warning was created)
[2/4] Fetching packages...
[3/4] Linking dependencies...
warning " > daisyui@2.52.0" has unmet peer dependency "autoprefixer@^10.0.2".
warning " > daisyui@2.52.0" has unmet peer dependency "postcss@^8.1.6".
warning "daisyui > postcss-js@4.0.1" has unmet peer dependency "postcss@^8.4.21".
[4/4] Building fresh packages...
success Saved lockfile.
Done in 7.57s.
+ yarn list --depth=0 --json --non-interactive --no-progress
+ jq -cr '
        [.. | .name?]
        | map(select(.))
        | map(capture("^(?<name>@?[^@]+)@(?<version>.+)$"))
        | sort_by(.name)[]'
+ exitcode=0
+ set -e
+ [[ 0 != \0 ]]
++ jq -sr 'map(select(.name == "tailwindcss")) | first | .version'
+ tailwind_package_version=3.4.1
+ tailwind_config_exporter=tailwind.config.exporter2.cjs
+ '[' -f node_modules/tailwindcss/lib/lib/load-config.js ']'
+ tailwind_config_exporter=tailwind.config.exporter3.mjs
+ cp /twcr/worker/../worker/tailwind.config.exporter3.mjs ./
+ set +e
+ node ./tailwind.config.exporter3.mjs tailwind.config.js
+ exitcode=0
+ set -e
+ [[ 0 != \0 ]]
+ echo 'module.exports={plugins:['
+ jq -rs '
        map(select(.name | startswith("@tailwindcss/")))
        | map("require(" + ( .name | tojson ) + "),")[]
      '
+ grep -Ev '"@tailwindcss/postcss7-compat"'
+ echo ']}'
+ cat tailwind.config.js
+ sed 's/^/>>> /'
>>> module.exports={plugins:[
>>> require("@tailwindcss/typography"),
>>> ]}
+ node ./tailwind.config.exporter3.mjs tailwind.config.js
++ date -u +%Y-%m-%dT%H:%M:%SZ
+ writetaskstat timestamp_attempt_squash_end 2024-03-05T08:40:32Z
+ jq -nc --arg key timestamp_attempt_squash_end --arg value 2024-03-05T08:40:32Z '{ key: $key, value: $value }'
+ break
++ date -u +%Y-%m-%dT%H:%M:%SZ
+ writetaskstat timestamp_end 2024-03-05T08:40:32Z
+ jq -nc --arg key timestamp_end --arg value 2024-03-05T08:40:32Z '{ key: $key, value: $value }'
+ rm /twcr/mnt/results/extract-failed
+ touch /twcr/mnt/results/extract-completed
