==== RUN-DOCKER
+++ dirname -- ./worker/run.sh
++ cd -- ./worker
++ pwd
+ twcrdir=/twcr/worker/..
+ repo=github.com/ikram-shah/iris-fhir-transcribe-summarize-export
+ reporef=master
+ repopath=./src/vue
+ '[' true == true ']'
+ grep -q '^././'
++ echo github.com/ikram-shah/iris-fhir-transcribe-summarize-export
++ sha256sum
++ awk '{ print $1 }'
++ cut -c1-12
+ procdir=/tmp/twcr-79249e7bc407
++ echo 'github.com/ikram-shah/iris-fhir-transcribe-summarize-export;master;./src/vue'
++ sha256sum
++ awk '{ print $1 }'
++ cut -c1-12
+ datadir=/twcr/worker/../mnt/dataset/data/7b3e992b82f2
+ '[' '!' -z /twcr/mnt/results ']'
+ datadir=/twcr/mnt/results
+ touch /twcr/mnt/results/extract-failed
++ base64
++ tr -d =
++ tr /+ _-
++ base64
++ tr -d =
++ tr /+ _-
+ writetaskstat analysis_key github.com/ikram-shah/iris-fhir-transcribe-summarize-export/bWFzdGVyCg/Li9zcmMvdnVlCg
+ jq -nc --arg key analysis_key --arg value github.com/ikram-shah/iris-fhir-transcribe-summarize-export/bWFzdGVyCg/Li9zcmMvdnVlCg '{ key: $key, value: $value }'
++ date -u +%Y%m%d%H%M%S
++ sha256sum
++ awk '{ print $1 }'
++ cut -c1-16
++ head -c 32 /dev/urandom
+ writetaskstat analysis_nonce 210a7d7a1650969b
+ jq -nc --arg key analysis_nonce --arg value 210a7d7a1650969b '{ key: $key, value: $value }'
+ writetaskstat input_repo_name github.com/ikram-shah/iris-fhir-transcribe-summarize-export
+ jq -nc --arg key input_repo_name --arg value github.com/ikram-shah/iris-fhir-transcribe-summarize-export '{ key: $key, value: $value }'
+ writetaskstat input_repo_ref master
+ jq -nc --arg key input_repo_ref --arg value master '{ key: $key, value: $value }'
+ writetaskstat input_repo_path ./src/vue
+ jq -nc --arg key input_repo_path --arg value ./src/vue '{ key: $key, value: $value }'
++ date -u +%Y-%m-%dT%H:%M:%SZ
+ writetaskstat timestamp_begin 2024-03-04T11:29:01Z
+ jq -nc --arg key timestamp_begin --arg value 2024-03-04T11:29:01Z '{ key: $key, value: $value }'
+ mkdir -p /tmp/twcr-79249e7bc407
+ pushd /tmp/twcr-79249e7bc407
+ '[' -d .git ']'
+ git clone --depth=1 -b master https://github.com/ikram-shah/iris-fhir-transcribe-summarize-export.git .
/tmp/twcr-79249e7bc407 /twcr
Cloning into '.'...
++ date -u +%Y-%m-%dT%H:%M:%SZ
+ writetaskstat timestamp_git_clone_complete 2024-03-04T11:29:02Z
+ jq -nc --arg key timestamp_git_clone_complete --arg value 2024-03-04T11:29:02Z '{ key: $key, value: $value }'
++ git rev-parse HEAD
+ writetaskstat exec_repo_commit_sha 8813985e556853407f59e7c636784be4ca731320
+ jq -nc --arg key exec_repo_commit_sha --arg value 8813985e556853407f59e7c636784be4ca731320 '{ key: $key, value: $value }'
+++ git show --no-patch --format=%ci
++ date -u --date '2023-07-07 00:34:48 +0200' +%Y-%m-%dT%H:%M:%SZ
+ writetaskstat exec_repo_commit_date 2023-07-06T22:34:48Z
+ jq -nc --arg key exec_repo_commit_date --arg value 2023-07-06T22:34:48Z '{ key: $key, value: $value }'
+ '[' -z ./src/vue ']'
+ pushd ./src/vue
+ tailwind_config_file_name=
+ '[' -f tailwind.config.js ']'
+ tailwind_config_file_name=tailwind.config.js
+ writetaskstat exec_tailwind_config_file tailwind.config.js
+ jq -nc --arg key exec_tailwind_config_file --arg value tailwind.config.js '{ key: $key, value: $value }'
/tmp/twcr-79249e7bc407/src/vue /tmp/twcr-79249e7bc407 /twcr
+ cp tailwind.config.js /twcr/mnt/results/extract-raw-tailwind-config.js
+ '[' '!' -f package.json ']'
+ cp package.json /twcr/mnt/results/extract-raw-package.json
++ /twcr/worker/../worker/pm-detect.sh /tmp/twcr-79249e7bc407/src/vue
+ package_manager_name=
+ '[' -z '' ']'
+ '[' ./src/vue '!=' ./ ']'
++ /twcr/worker/../worker/pm-detect.sh /tmp/twcr-79249e7bc407
grep: /tmp/twcr-79249e7bc407/package.json: No such file or directory
grep: /tmp/twcr-79249e7bc407/package.json: No such file or directory
grep: /tmp/twcr-79249e7bc407/package.json: No such file or directory
/twcr/worker/../worker/pm-detect.sh: line 17: /tmp/twcr-79249e7bc407/package.json: No such file or directory
+ package_manager_name=
+ '[' -z '' ']'
+ package_manager_name=npm
+ writetaskstat exec_node_package_manager npm
+ jq -nc --arg key exec_node_package_manager --arg value npm '{ key: $key, value: $value }'
+ attempt_mode=squash
+ true
++ date -u +%Y-%m-%dT%H:%M:%SZ
+ writetaskstat timestamp_attempt_squash_begin 2024-03-04T11:29:02Z
+ jq -nc --arg key timestamp_attempt_squash_begin --arg value 2024-03-04T11:29:02Z '{ key: $key, value: $value }'
+ [[ squash == \s\q\u\a\s\h ]]
+ set +e
+ node /twcr/worker/../worker/squash-package.mjs tailwind.config.js
+ exitcode=0
+ set -e
+ [[ 0 != \0 ]]
+ cat package.json
+ sed 's/^/>>> /'
>>> {
>>>   "name": "FHIR-Voice-AI-Docs",
>>>   "version": "0.1.0",
>>>   "private": true,
>>>   "dependencies": {},
>>>   "devDependencies": {
>>>     "tailwindcss": "^3.3.2"
>>>   },
>>>   "eslintConfig": {
>>>     "root": true,
>>>     "env": {
>>>       "node": true
>>>     },
>>>     "extends": [
>>>       "plugin:vue/vue3-essential",
>>>       "eslint:recommended"
>>>     ],
>>>     "parserOptions": {
>>>       "parser": "@babel/eslint-parser"
>>>     },
>>>     "rules": {}
>>>   },
>>>   "browserslist": [
>>>     "> 1%",
>>>     "last 2 versions",
>>>     "not dead",
>>>     "not ie 11"
>>>   ]
>>> }+ rm -f package-lock.json pnpm-lock.yaml yarn.lock
+ '[' ./src/vue '!=' ./ ']'
+ rm -f /tmp/twcr-79249e7bc407/package.json /tmp/twcr-79249e7bc407/package-lock.json /tmp/twcr-79249e7bc407/pnpm-lock.yaml /tmp/twcr-79249e7bc407/yarn.lock
+ set +e
+ /twcr/worker/../worker/pm-install.sh npm /tmp/twcr-79249e7bc407 /twcr/mnt/results
+ package_manager_name=npm
+ procdir=/tmp/twcr-79249e7bc407
+ datadir=/twcr/mnt/results
+ case "${package_manager_name}" in
++ '[' -f package-lock.json ']'
++ echo install
+ npm install --ignore-engines

added 112 packages, and audited 113 packages in 4s

28 packages are looking for funding
  run `npm fund` for details

found 0 vulnerabilities
npm notice 
npm notice New minor version of npm available! 10.2.4 -> 10.5.0
npm notice Changelog: <https://github.com/npm/cli/releases/tag/v10.5.0>
npm notice Run `npm install -g npm@10.5.0` to update!
npm notice 
+ npm query '*'
+ jq -cr '
        map({ name: .name, version: .version })
        | map(select(.name))
        | sort_by(.name)[]
      '
+ exitcode=0
+ set -e
+ [[ 0 != \0 ]]
++ jq -sr 'map(select(.name == "tailwindcss")) | first | .version'
+ tailwind_package_version=3.4.1
+ tailwind_config_exporter=tailwind.config.exporter2.cjs
+ '[' -f node_modules/tailwindcss/lib/lib/load-config.js ']'
+ tailwind_config_exporter=tailwind.config.exporter3.mjs
+ cp /twcr/worker/../worker/tailwind.config.exporter3.mjs ./
+ set +e
+ node ./tailwind.config.exporter3.mjs tailwind.config.js

warn - The `purge`/`content` options have changed in Tailwind CSS v3.0.
warn - Update your configuration file to eliminate this warning.
warn - https://tailwindcss.com/docs/upgrade-guide#configure-content-sources
+ exitcode=0
+ set -e
+ [[ 0 != \0 ]]
+ echo 'module.exports={plugins:['
+ jq -rs '
        map(select(.name | startswith("@tailwindcss/")))
        | map("require(" + ( .name | tojson ) + "),")[]
      '
+ grep -Ev '"@tailwindcss/postcss7-compat"'
+ true
+ echo ']}'
+ cat tailwind.config.js
+ sed 's/^/>>> /'
>>> module.exports={plugins:[
>>> ]}
+ node ./tailwind.config.exporter3.mjs tailwind.config.js
++ date -u +%Y-%m-%dT%H:%M:%SZ
+ writetaskstat timestamp_attempt_squash_end 2024-03-04T11:29:08Z
+ jq -nc --arg key timestamp_attempt_squash_end --arg value 2024-03-04T11:29:08Z '{ key: $key, value: $value }'
+ break
++ date -u +%Y-%m-%dT%H:%M:%SZ
+ writetaskstat timestamp_end 2024-03-04T11:29:08Z
+ jq -nc --arg key timestamp_end --arg value 2024-03-04T11:29:08Z '{ key: $key, value: $value }'
+ rm /twcr/mnt/results/extract-failed
+ touch /twcr/mnt/results/extract-completed
