==== RUN-DOCKER
+++ dirname -- ./worker/run.sh
++ cd -- ./worker
++ pwd
+ twcrdir=/twcr/worker/..
+ repo=github.com/shareweave/shareweave
+ reporef=master
+ repopath=./frontend
+ '[' true == true ']'
+ grep -q '^././'
++ echo github.com/shareweave/shareweave
++ sha256sum
++ awk '{ print $1 }'
++ cut -c1-12
+ procdir=/tmp/twcr-a6e132a84057
++ echo 'github.com/shareweave/shareweave;master;./frontend'
++ sha256sum
++ awk '{ print $1 }'
++ cut -c1-12
+ datadir=/twcr/worker/../mnt/dataset/data/824d8c7cf09d
+ '[' '!' -z /twcr/mnt/results ']'
+ datadir=/twcr/mnt/results
+ touch /twcr/mnt/results/extract-failed
++ base64
++ tr -d =
++ tr /+ _-
++ base64
++ tr -d =
++ tr /+ _-
+ writetaskstat analysis_key github.com/shareweave/shareweave/bWFzdGVyCg/Li9mcm9udGVuZAo
+ jq -nc --arg key analysis_key --arg value github.com/shareweave/shareweave/bWFzdGVyCg/Li9mcm9udGVuZAo '{ key: $key, value: $value }'
++ date -u +%Y%m%d%H%M%S
++ sha256sum
++ awk '{ print $1 }'
++ cut -c1-16
++ head -c 32 /dev/urandom
+ writetaskstat analysis_nonce cc405129b54b2c35
+ jq -nc --arg key analysis_nonce --arg value cc405129b54b2c35 '{ key: $key, value: $value }'
+ writetaskstat input_repo_name github.com/shareweave/shareweave
+ jq -nc --arg key input_repo_name --arg value github.com/shareweave/shareweave '{ key: $key, value: $value }'
+ writetaskstat input_repo_ref master
+ jq -nc --arg key input_repo_ref --arg value master '{ key: $key, value: $value }'
+ writetaskstat input_repo_path ./frontend
+ jq -nc --arg key input_repo_path --arg value ./frontend '{ key: $key, value: $value }'
++ date -u +%Y-%m-%dT%H:%M:%SZ
+ writetaskstat timestamp_begin 2024-03-04T10:46:11Z
+ jq -nc --arg key timestamp_begin --arg value 2024-03-04T10:46:11Z '{ key: $key, value: $value }'
+ mkdir -p /tmp/twcr-a6e132a84057
/tmp/twcr-a6e132a84057 /twcr
+ pushd /tmp/twcr-a6e132a84057
+ '[' -d .git ']'
+ git clone --depth=1 -b master https://github.com/shareweave/shareweave.git .
Cloning into '.'...
++ date -u +%Y-%m-%dT%H:%M:%SZ
+ writetaskstat timestamp_git_clone_complete 2024-03-04T10:46:12Z
+ jq -nc --arg key timestamp_git_clone_complete --arg value 2024-03-04T10:46:12Z '{ key: $key, value: $value }'
++ git rev-parse HEAD
+ writetaskstat exec_repo_commit_sha 1cc8a23ad48207a5c1ffb7fcc542aa7bbfde9261
+ jq -nc --arg key exec_repo_commit_sha --arg value 1cc8a23ad48207a5c1ffb7fcc542aa7bbfde9261 '{ key: $key, value: $value }'
+++ git show --no-patch --format=%ci
++ date -u --date '2022-09-15 21:44:02 -0400' +%Y-%m-%dT%H:%M:%SZ
+ writetaskstat exec_repo_commit_date 2022-09-16T01:44:02Z
+ jq -nc --arg key exec_repo_commit_date --arg value 2022-09-16T01:44:02Z '{ key: $key, value: $value }'
/tmp/twcr-a6e132a84057/frontend /tmp/twcr-a6e132a84057 /twcr
+ '[' -z ./frontend ']'
+ pushd ./frontend
+ tailwind_config_file_name=
+ '[' -f tailwind.config.js ']'
+ '[' -f tailwind.config.cjs ']'
+ tailwind_config_file_name=tailwind.config.cjs
+ writetaskstat exec_tailwind_config_file tailwind.config.cjs
+ jq -nc --arg key exec_tailwind_config_file --arg value tailwind.config.cjs '{ key: $key, value: $value }'
+ cp tailwind.config.cjs /twcr/mnt/results/extract-raw-tailwind-config.js
+ '[' '!' -f package.json ']'
+ cp package.json /twcr/mnt/results/extract-raw-package.json
++ /twcr/worker/../worker/pm-detect.sh /tmp/twcr-a6e132a84057/frontend
+ package_manager_name=
+ '[' -z '' ']'
+ '[' ./frontend '!=' ./ ']'
++ /twcr/worker/../worker/pm-detect.sh /tmp/twcr-a6e132a84057
+ package_manager_name=yarn
+ '[' -z yarn ']'
+ writetaskstat exec_node_package_manager yarn
+ jq -nc --arg key exec_node_package_manager --arg value yarn '{ key: $key, value: $value }'
+ attempt_mode=squash
+ true
++ date -u +%Y-%m-%dT%H:%M:%SZ
+ writetaskstat timestamp_attempt_squash_begin 2024-03-04T10:46:12Z
+ jq -nc --arg key timestamp_attempt_squash_begin --arg value 2024-03-04T10:46:12Z '{ key: $key, value: $value }'
+ [[ squash == \s\q\u\a\s\h ]]
+ set +e
+ node /twcr/worker/../worker/squash-package.mjs tailwind.config.cjs
+ exitcode=0
+ set -e
+ [[ 0 != \0 ]]
+ cat package.json
+ sed 's/^/>>> /'
>>> {
>>>   "name": "frontend",
>>>   "version": "0.0.1",
>>>   "devDependencies": {
>>>     "tailwindcss": "^3.0.15"
>>>   },
>>>   "type": "module",
>>>   "dependencies": {}
>>> }+ rm -f package-lock.json pnpm-lock.yaml yarn.lock
+ '[' ./frontend '!=' ./ ']'
+ rm -f /tmp/twcr-a6e132a84057/package.json /tmp/twcr-a6e132a84057/package-lock.json /tmp/twcr-a6e132a84057/pnpm-lock.yaml /tmp/twcr-a6e132a84057/yarn.lock
+ set +e
+ /twcr/worker/../worker/pm-install.sh yarn /tmp/twcr-a6e132a84057 /twcr/mnt/results
+ package_manager_name=yarn
+ procdir=/tmp/twcr-a6e132a84057
+ datadir=/twcr/mnt/results
+ case "${package_manager_name}" in
+ '[' -z http://tid_1dda44fbef50:ok@172.18.0.2:3128 ']'
+ yarn config set httpProxy http://tid_1dda44fbef50:ok@172.18.0.2:3128
yarn config v1.22.19
warning package.json: No license field
success Set "httpProxy" to "http://tid_1dda44fbef50:ok@172.18.0.2:3128".
Done in 0.05s.
+ '[' -z http://tid_1dda44fbef50:ok@172.18.0.2:3128 ']'
+ yarn config set httpsProxy http://tid_1dda44fbef50:ok@172.18.0.2:3128
yarn config v1.22.19
warning package.json: No license field
success Set "httpsProxy" to "http://tid_1dda44fbef50:ok@172.18.0.2:3128".
Done in 0.04s.
+ yarn install
yarn install v1.22.19
warning package.json: No license field
info No lockfile found.
warning frontend@0.0.1: No license field
[1/4] Resolving packages...
(node:145) [DEP0040] DeprecationWarning: The `punycode` module is deprecated. Please use a userland alternative instead.
(Use `node --trace-deprecation ...` to show where the warning was created)
[2/4] Fetching packages...
[3/4] Linking dependencies...
[4/4] Building fresh packages...
success Saved lockfile.
Done in 5.95s.
+ yarn list --depth=0 --json --non-interactive --no-progress
+ jq -cr '
        [.. | .name?]
        | map(select(.))
        | map(capture("^(?<name>@?[^@]+)@(?<version>.+)$"))
        | sort_by(.name)[]'
{"type":"warning","data":"package.json: No license field"}
{"type":"warning","data":"frontend@0.0.1: No license field"}
+ exitcode=0
+ set -e
+ [[ 0 != \0 ]]
++ jq -sr 'map(select(.name == "tailwindcss")) | first | .version'
+ tailwind_package_version=3.4.1
+ tailwind_config_exporter=tailwind.config.exporter2.cjs
+ '[' -f node_modules/tailwindcss/lib/lib/load-config.js ']'
+ tailwind_config_exporter=tailwind.config.exporter3.mjs
+ cp /twcr/worker/../worker/tailwind.config.exporter3.mjs ./
+ set +e
+ node ./tailwind.config.exporter3.mjs tailwind.config.cjs
+ exitcode=0
+ set -e
+ [[ 0 != \0 ]]
+ echo 'module.exports={plugins:['
+ jq -rs '
        map(select(.name | startswith("@tailwindcss/")))
        | map("require(" + ( .name | tojson ) + "),")[]
      '
+ grep -Ev '"@tailwindcss/postcss7-compat"'
+ true
+ echo ']}'
+ cat tailwind.config.cjs
+ sed 's/^/>>> /'
>>> module.exports={plugins:[
>>> ]}
+ node ./tailwind.config.exporter3.mjs tailwind.config.cjs
++ date -u +%Y-%m-%dT%H:%M:%SZ
+ writetaskstat timestamp_attempt_squash_end 2024-03-04T10:46:20Z
+ jq -nc --arg key timestamp_attempt_squash_end --arg value 2024-03-04T10:46:20Z '{ key: $key, value: $value }'
+ break
++ date -u +%Y-%m-%dT%H:%M:%SZ
+ writetaskstat timestamp_end 2024-03-04T10:46:20Z
+ jq -nc --arg key timestamp_end --arg value 2024-03-04T10:46:20Z '{ key: $key, value: $value }'
+ rm /twcr/mnt/results/extract-failed
+ touch /twcr/mnt/results/extract-completed
