==== RUN-DOCKER
+++ dirname -- ./worker/run.sh
++ cd -- ./worker
++ pwd
+ twcrdir=/twcr/worker/..
+ repo=github.com/CraigChat/craig
+ reporef=master
+ repopath=./apps/dashboard
+ '[' true == true ']'
+ grep -q '^././'
++ echo github.com/CraigChat/craig
++ sha256sum
++ awk '{ print $1 }'
++ cut -c1-12
+ procdir=/tmp/twcr-1e807a3ae38a
++ echo 'github.com/CraigChat/craig;master;./apps/dashboard'
++ sha256sum
++ awk '{ print $1 }'
++ cut -c1-12
+ datadir=/twcr/worker/../mnt/dataset/data/cf5650f9ebb7
+ '[' '!' -z /twcr/mnt/results ']'
+ datadir=/twcr/mnt/results
+ touch /twcr/mnt/results/extract-failed
++ base64
++ tr -d =
++ tr /+ _-
++ base64
++ tr /+ _-
++ tr -d =
+ writetaskstat analysis_key github.com/CraigChat/craig/bWFzdGVyCg/Li9hcHBzL2Rhc2hib2FyZAo
+ jq -nc --arg key analysis_key --arg value github.com/CraigChat/craig/bWFzdGVyCg/Li9hcHBzL2Rhc2hib2FyZAo '{ key: $key, value: $value }'
++ date -u +%Y%m%d%H%M%S
++ sha256sum
++ awk '{ print $1 }'
++ cut -c1-16
++ head -c 32 /dev/urandom
+ writetaskstat analysis_nonce 850c6a1df3ab9ddf
+ jq -nc --arg key analysis_nonce --arg value 850c6a1df3ab9ddf '{ key: $key, value: $value }'
+ writetaskstat input_repo_name github.com/CraigChat/craig
+ jq -nc --arg key input_repo_name --arg value github.com/CraigChat/craig '{ key: $key, value: $value }'
+ writetaskstat input_repo_ref master
+ jq -nc --arg key input_repo_ref --arg value master '{ key: $key, value: $value }'
+ writetaskstat input_repo_path ./apps/dashboard
+ jq -nc --arg key input_repo_path --arg value ./apps/dashboard '{ key: $key, value: $value }'
++ date -u +%Y-%m-%dT%H:%M:%SZ
+ writetaskstat timestamp_begin 2024-03-04T05:31:19Z
+ jq -nc --arg key timestamp_begin --arg value 2024-03-04T05:31:19Z '{ key: $key, value: $value }'
+ mkdir -p /tmp/twcr-1e807a3ae38a
/tmp/twcr-1e807a3ae38a /twcr
+ pushd /tmp/twcr-1e807a3ae38a
+ '[' -d .git ']'
+ git clone --depth=1 -b master https://github.com/CraigChat/craig.git .
Cloning into '.'...
++ date -u +%Y-%m-%dT%H:%M:%SZ
+ writetaskstat timestamp_git_clone_complete 2024-03-04T05:31:20Z
+ jq -nc --arg key timestamp_git_clone_complete --arg value 2024-03-04T05:31:20Z '{ key: $key, value: $value }'
++ git rev-parse HEAD
+ writetaskstat exec_repo_commit_sha 1c5a0ebf8193c68a767f5367b3a15eb95e862957
+ jq -nc --arg key exec_repo_commit_sha --arg value 1c5a0ebf8193c68a767f5367b3a15eb95e862957 '{ key: $key, value: $value }'
+++ git show --no-patch --format=%ci
++ date -u --date '2024-02-12 12:29:39 -0600' +%Y-%m-%dT%H:%M:%SZ
+ writetaskstat exec_repo_commit_date 2024-02-12T18:29:39Z
+ jq -nc --arg key exec_repo_commit_date --arg value 2024-02-12T18:29:39Z '{ key: $key, value: $value }'
+ '[' -z ./apps/dashboard ']'
+ pushd ./apps/dashboard
+ tailwind_config_file_name=
+ '[' -f tailwind.config.js ']'
+ tailwind_config_file_name=tailwind.config.js
+ writetaskstat exec_tailwind_config_file tailwind.config.js
+ jq -nc --arg key exec_tailwind_config_file --arg value tailwind.config.js '{ key: $key, value: $value }'
/tmp/twcr-1e807a3ae38a/apps/dashboard /tmp/twcr-1e807a3ae38a /twcr
+ cp tailwind.config.js /twcr/mnt/results/extract-raw-tailwind-config.js
+ '[' '!' -f package.json ']'
+ cp package.json /twcr/mnt/results/extract-raw-package.json
++ /twcr/worker/../worker/pm-detect.sh /tmp/twcr-1e807a3ae38a/apps/dashboard
+ package_manager_name=
+ '[' -z '' ']'
+ '[' ./apps/dashboard '!=' ./ ']'
++ /twcr/worker/../worker/pm-detect.sh /tmp/twcr-1e807a3ae38a
+ package_manager_name=yarn
+ '[' -z yarn ']'
+ writetaskstat exec_node_package_manager yarn
+ jq -nc --arg key exec_node_package_manager --arg value yarn '{ key: $key, value: $value }'
+ attempt_mode=squash
+ true
++ date -u +%Y-%m-%dT%H:%M:%SZ
+ writetaskstat timestamp_attempt_squash_begin 2024-03-04T05:31:20Z
+ jq -nc --arg key timestamp_attempt_squash_begin --arg value 2024-03-04T05:31:20Z '{ key: $key, value: $value }'
+ [[ squash == \s\q\u\a\s\h ]]
+ set +e
+ node /twcr/worker/../worker/squash-package.mjs tailwind.config.js
+ exitcode=0
+ set -e
+ [[ 0 != \0 ]]
+ cat package.json
+ sed 's/^/>>> /'
>>> {
>>>   "name": "craig-dashboard",
>>>   "version": "1.0.0",
>>>   "private": true,
>>>   "author": {
>>>     "name": "Snazzah",
>>>     "email": "me@snazzah.com",
>>>     "url": "https://snazzah.com/"
>>>   },
>>>   "dependencies": {
>>>     "tailwindcss": "^3.2.4"
>>>   },
>>>   "devDependencies": {}
>>> }+ rm -f package-lock.json pnpm-lock.yaml yarn.lock
+ '[' ./apps/dashboard '!=' ./ ']'
+ rm -f /tmp/twcr-1e807a3ae38a/package.json /tmp/twcr-1e807a3ae38a/package-lock.json /tmp/twcr-1e807a3ae38a/pnpm-lock.yaml /tmp/twcr-1e807a3ae38a/yarn.lock
+ set +e
+ /twcr/worker/../worker/pm-install.sh yarn /tmp/twcr-1e807a3ae38a /twcr/mnt/results
+ package_manager_name=yarn
+ procdir=/tmp/twcr-1e807a3ae38a
+ datadir=/twcr/mnt/results
+ case "${package_manager_name}" in
+ '[' -z http://tid_8515b0028c7b:ok@172.18.0.2:3128 ']'
+ yarn config set httpProxy http://tid_8515b0028c7b:ok@172.18.0.2:3128
yarn config v1.22.19
success Set "httpProxy" to "http://tid_8515b0028c7b:ok@172.18.0.2:3128".
Done in 0.04s.
+ '[' -z http://tid_8515b0028c7b:ok@172.18.0.2:3128 ']'
+ yarn config set httpsProxy http://tid_8515b0028c7b:ok@172.18.0.2:3128
yarn config v1.22.19
success Set "httpsProxy" to "http://tid_8515b0028c7b:ok@172.18.0.2:3128".
Done in 0.03s.
+ yarn install
yarn install v1.22.19
info No lockfile found.
[1/4] Resolving packages...
(node:145) [DEP0040] DeprecationWarning: The `punycode` module is deprecated. Please use a userland alternative instead.
(Use `node --trace-deprecation ...` to show where the warning was created)
[2/4] Fetching packages...
[3/4] Linking dependencies...
[4/4] Building fresh packages...
success Saved lockfile.
Done in 6.15s.
+ yarn list --depth=0 --json --non-interactive --no-progress
+ jq -cr '
        [.. | .name?]
        | map(select(.))
        | map(capture("^(?<name>@?[^@]+)@(?<version>.+)$"))
        | sort_by(.name)[]'
+ exitcode=0
+ set -e
+ [[ 0 != \0 ]]
++ jq -sr 'map(select(.name == "tailwindcss")) | first | .version'
+ tailwind_package_version=3.4.1
+ tailwind_config_exporter=tailwind.config.exporter2.cjs
+ '[' -f node_modules/tailwindcss/lib/lib/load-config.js ']'
+ tailwind_config_exporter=tailwind.config.exporter3.mjs
+ cp /twcr/worker/../worker/tailwind.config.exporter3.mjs ./
+ set +e
+ node ./tailwind.config.exporter3.mjs tailwind.config.js
+ exitcode=0
+ set -e
+ [[ 0 != \0 ]]
+ echo 'module.exports={plugins:['
+ jq -rs '
        map(select(.name | startswith("@tailwindcss/")))
        | map("require(" + ( .name | tojson ) + "),")[]
      '
+ grep -Ev '"@tailwindcss/postcss7-compat"'
+ true
+ echo ']}'
+ cat tailwind.config.js
+ sed 's/^/>>> /'
>>> module.exports={plugins:[
>>> ]}
+ node ./tailwind.config.exporter3.mjs tailwind.config.js
++ date -u +%Y-%m-%dT%H:%M:%SZ
+ writetaskstat timestamp_attempt_squash_end 2024-03-04T05:31:28Z
+ jq -nc --arg key timestamp_attempt_squash_end --arg value 2024-03-04T05:31:28Z '{ key: $key, value: $value }'
+ break
++ date -u +%Y-%m-%dT%H:%M:%SZ
+ writetaskstat timestamp_end 2024-03-04T05:31:28Z
+ jq -nc --arg key timestamp_end --arg value 2024-03-04T05:31:28Z '{ key: $key, value: $value }'
+ rm /twcr/mnt/results/extract-failed
+ touch /twcr/mnt/results/extract-completed
