==== RUN-DOCKER
+++ dirname -- ./worker/run.sh
++ cd -- ./worker
++ pwd
+ twcrdir=/twcr/worker/..
+ repo=github.com/dorneanu/gocial
+ reporef=main
+ repopath=./server/html
+ '[' true == true ']'
+ grep -q '^././'
++ echo github.com/dorneanu/gocial
++ sha256sum
++ awk '{ print $1 }'
++ cut -c1-12
+ procdir=/tmp/twcr-15c368ec9000
++ echo 'github.com/dorneanu/gocial;main;./server/html'
++ sha256sum
++ awk '{ print $1 }'
++ cut -c1-12
+ datadir=/twcr/worker/../mnt/dataset/data/b53fd096367d
+ '[' '!' -z /twcr/mnt/results ']'
+ datadir=/twcr/mnt/results
+ touch /twcr/mnt/results/extract-failed
++ base64
++ tr -d =
++ tr /+ _-
++ base64
++ tr -d =
++ tr /+ _-
+ writetaskstat analysis_key github.com/dorneanu/gocial/bWFpbgo/Li9zZXJ2ZXIvaHRtbAo
+ jq -nc --arg key analysis_key --arg value github.com/dorneanu/gocial/bWFpbgo/Li9zZXJ2ZXIvaHRtbAo '{ key: $key, value: $value }'
++ date -u +%Y%m%d%H%M%S
++ sha256sum
++ awk '{ print $1 }'
++ cut -c1-16
++ head -c 32 /dev/urandom
+ writetaskstat analysis_nonce cb1f1a98a45f3405
+ jq -nc --arg key analysis_nonce --arg value cb1f1a98a45f3405 '{ key: $key, value: $value }'
+ writetaskstat input_repo_name github.com/dorneanu/gocial
+ jq -nc --arg key input_repo_name --arg value github.com/dorneanu/gocial '{ key: $key, value: $value }'
+ writetaskstat input_repo_ref main
+ jq -nc --arg key input_repo_ref --arg value main '{ key: $key, value: $value }'
+ writetaskstat input_repo_path ./server/html
+ jq -nc --arg key input_repo_path --arg value ./server/html '{ key: $key, value: $value }'
++ date -u +%Y-%m-%dT%H:%M:%SZ
+ writetaskstat timestamp_begin 2024-03-05T05:12:11Z
+ jq -nc --arg key timestamp_begin --arg value 2024-03-05T05:12:11Z '{ key: $key, value: $value }'
+ mkdir -p /tmp/twcr-15c368ec9000
+ pushd /tmp/twcr-15c368ec9000
+ '[' -d .git ']'
+ git clone --depth=1 -b main https://github.com/dorneanu/gocial.git .
/tmp/twcr-15c368ec9000 /twcr
Cloning into '.'...
++ date -u +%Y-%m-%dT%H:%M:%SZ
+ writetaskstat timestamp_git_clone_complete 2024-03-05T05:12:12Z
+ jq -nc --arg key timestamp_git_clone_complete --arg value 2024-03-05T05:12:12Z '{ key: $key, value: $value }'
++ git rev-parse HEAD
+ writetaskstat exec_repo_commit_sha 2fedba72d1ee968df0d0134d0f3d5df3ab96fb7a
+ jq -nc --arg key exec_repo_commit_sha --arg value 2fedba72d1ee968df0d0134d0f3d5df3ab96fb7a '{ key: $key, value: $value }'
+++ git show --no-patch --format=%ci
++ date -u --date '2022-12-15 20:58:34 +0100' +%Y-%m-%dT%H:%M:%SZ
+ writetaskstat exec_repo_commit_date 2022-12-15T19:58:34Z
+ jq -nc --arg key exec_repo_commit_date --arg value 2022-12-15T19:58:34Z '{ key: $key, value: $value }'
/tmp/twcr-15c368ec9000/server/html /tmp/twcr-15c368ec9000 /twcr
+ '[' -z ./server/html ']'
+ pushd ./server/html
+ tailwind_config_file_name=
+ '[' -f tailwind.config.js ']'
+ tailwind_config_file_name=tailwind.config.js
+ writetaskstat exec_tailwind_config_file tailwind.config.js
+ jq -nc --arg key exec_tailwind_config_file --arg value tailwind.config.js '{ key: $key, value: $value }'
+ cp tailwind.config.js /twcr/mnt/results/extract-raw-tailwind-config.js
+ '[' '!' -f package.json ']'
+ cp package.json /twcr/mnt/results/extract-raw-package.json
++ /twcr/worker/../worker/pm-detect.sh /tmp/twcr-15c368ec9000/server/html
+ package_manager_name=
+ '[' -z '' ']'
+ '[' ./server/html '!=' ./ ']'
++ /twcr/worker/../worker/pm-detect.sh /tmp/twcr-15c368ec9000
grep: /tmp/twcr-15c368ec9000/package.json: No such file or directory
grep: /tmp/twcr-15c368ec9000/package.json: No such file or directory
grep: /tmp/twcr-15c368ec9000/package.json: No such file or directory
/twcr/worker/../worker/pm-detect.sh: line 17: /tmp/twcr-15c368ec9000/package.json: No such file or directory
+ package_manager_name=
+ '[' -z '' ']'
+ package_manager_name=npm
+ writetaskstat exec_node_package_manager npm
+ jq -nc --arg key exec_node_package_manager --arg value npm '{ key: $key, value: $value }'
+ attempt_mode=squash
+ true
++ date -u +%Y-%m-%dT%H:%M:%SZ
+ writetaskstat timestamp_attempt_squash_begin 2024-03-05T05:12:12Z
+ jq -nc --arg key timestamp_attempt_squash_begin --arg value 2024-03-05T05:12:12Z '{ key: $key, value: $value }'
+ [[ squash == \s\q\u\a\s\h ]]
+ set +e
+ node /twcr/worker/../worker/squash-package.mjs tailwind.config.js
+ exitcode=0
+ set -e
+ [[ 0 != \0 ]]
+ cat package.json
+ sed 's/^/>>> /'
>>> {
>>>   "devDependencies": {
>>>     "@tailwindcss/aspect-ratio": "^0.4.0",
>>>     "@tailwindcss/forms": "^0.5.1",
>>>     "autoprefixer": "^10.4.7",
>>>     "tailwindcss": "^3.0.24"
>>>   },
>>>   "dependencies": {}
>>> }+ rm -f package-lock.json pnpm-lock.yaml yarn.lock
+ '[' ./server/html '!=' ./ ']'
+ rm -f /tmp/twcr-15c368ec9000/package.json /tmp/twcr-15c368ec9000/package-lock.json /tmp/twcr-15c368ec9000/pnpm-lock.yaml /tmp/twcr-15c368ec9000/yarn.lock
+ set +e
+ /twcr/worker/../worker/pm-install.sh npm /tmp/twcr-15c368ec9000 /twcr/mnt/results
+ package_manager_name=npm
+ procdir=/tmp/twcr-15c368ec9000
+ datadir=/twcr/mnt/results
+ case "${package_manager_name}" in
++ '[' -f package-lock.json ']'
++ echo install
+ npm install --ignore-engines

added 124 packages, and audited 125 packages in 6s

33 packages are looking for funding
  run `npm fund` for details

found 0 vulnerabilities
npm notice 
npm notice New minor version of npm available! 10.2.4 -> 10.5.0
npm notice Changelog: <https://github.com/npm/cli/releases/tag/v10.5.0>
npm notice Run `npm install -g npm@10.5.0` to update!
npm notice 
+ npm query '*'
+ jq -cr '
        map({ name: .name, version: .version })
        | map(select(.name))
        | sort_by(.name)[]
      '
+ exitcode=0
+ set -e
+ [[ 0 != \0 ]]
++ jq -sr 'map(select(.name == "tailwindcss")) | first | .version'
+ tailwind_package_version=3.4.1
+ tailwind_config_exporter=tailwind.config.exporter2.cjs
+ '[' -f node_modules/tailwindcss/lib/lib/load-config.js ']'
+ tailwind_config_exporter=tailwind.config.exporter3.mjs
+ cp /twcr/worker/../worker/tailwind.config.exporter3.mjs ./
+ set +e
+ node ./tailwind.config.exporter3.mjs tailwind.config.js
+ exitcode=0
+ set -e
+ [[ 0 != \0 ]]
+ echo 'module.exports={plugins:['
+ jq -rs '
        map(select(.name | startswith("@tailwindcss/")))
        | map("require(" + ( .name | tojson ) + "),")[]
      '
+ grep -Ev '"@tailwindcss/postcss7-compat"'
+ echo ']}'
+ cat tailwind.config.js
+ sed 's/^/>>> /'
>>> module.exports={plugins:[
>>> require("@tailwindcss/aspect-ratio"),
>>> require("@tailwindcss/forms"),
>>> ]}
+ node ./tailwind.config.exporter3.mjs tailwind.config.js
++ date -u +%Y-%m-%dT%H:%M:%SZ
+ writetaskstat timestamp_attempt_squash_end 2024-03-05T05:12:20Z
+ jq -nc --arg key timestamp_attempt_squash_end --arg value 2024-03-05T05:12:20Z '{ key: $key, value: $value }'
+ break
++ date -u +%Y-%m-%dT%H:%M:%SZ
+ writetaskstat timestamp_end 2024-03-05T05:12:20Z
+ jq -nc --arg key timestamp_end --arg value 2024-03-05T05:12:20Z '{ key: $key, value: $value }'
+ rm /twcr/mnt/results/extract-failed
+ touch /twcr/mnt/results/extract-completed
