==== RUN-DOCKER
+++ dirname -- ./worker/run.sh
++ cd -- ./worker
++ pwd
+ twcrdir=/twcr/worker/..
+ repo=github.com/swellstores/origin-theme
+ reporef=master
+ repopath=./
+ '[' true == true ']'
+ grep -q '^././'
++ echo github.com/swellstores/origin-theme
++ sha256sum
++ awk '{ print $1 }'
++ cut -c1-12
+ procdir=/tmp/twcr-ac14411c8e7e
++ sha256sum
++ echo 'github.com/swellstores/origin-theme;master;./'
++ awk '{ print $1 }'
++ cut -c1-12
+ datadir=/twcr/worker/../mnt/dataset/data/7b7aa12e6306
+ '[' '!' -z /twcr/mnt/results ']'
+ datadir=/twcr/mnt/results
+ touch /twcr/mnt/results/extract-failed
++ base64
++ tr -d =
++ tr /+ _-
++ base64
++ tr -d =
++ tr /+ _-
+ writetaskstat analysis_key github.com/swellstores/origin-theme/bWFzdGVyCg/Li8K
+ jq -nc --arg key analysis_key --arg value github.com/swellstores/origin-theme/bWFzdGVyCg/Li8K '{ key: $key, value: $value }'
++ date -u +%Y%m%d%H%M%S
++ sha256sum
++ awk '{ print $1 }'
++ cut -c1-16
++ head -c 32 /dev/urandom
+ writetaskstat analysis_nonce 9368175914c60e26
+ jq -nc --arg key analysis_nonce --arg value 9368175914c60e26 '{ key: $key, value: $value }'
+ writetaskstat input_repo_name github.com/swellstores/origin-theme
+ jq -nc --arg key input_repo_name --arg value github.com/swellstores/origin-theme '{ key: $key, value: $value }'
+ writetaskstat input_repo_ref master
+ jq -nc --arg key input_repo_ref --arg value master '{ key: $key, value: $value }'
+ writetaskstat input_repo_path ./
+ jq -nc --arg key input_repo_path --arg value ./ '{ key: $key, value: $value }'
++ date -u +%Y-%m-%dT%H:%M:%SZ
+ writetaskstat timestamp_begin 2024-03-04T07:21:01Z
+ jq -nc --arg key timestamp_begin --arg value 2024-03-04T07:21:01Z '{ key: $key, value: $value }'
+ mkdir -p /tmp/twcr-ac14411c8e7e
/tmp/twcr-ac14411c8e7e /twcr
+ pushd /tmp/twcr-ac14411c8e7e
+ '[' -d .git ']'
+ git clone --depth=1 -b master https://github.com/swellstores/origin-theme.git .
Cloning into '.'...
++ date -u +%Y-%m-%dT%H:%M:%SZ
+ writetaskstat timestamp_git_clone_complete 2024-03-04T07:21:02Z
+ jq -nc --arg key timestamp_git_clone_complete --arg value 2024-03-04T07:21:02Z '{ key: $key, value: $value }'
++ git rev-parse HEAD
+ writetaskstat exec_repo_commit_sha 68db954d86a41ce14d3144f7d5723cc9d25fc818
+ jq -nc --arg key exec_repo_commit_sha --arg value 68db954d86a41ce14d3144f7d5723cc9d25fc818 '{ key: $key, value: $value }'
+++ git show --no-patch --format=%ci
++ date -u --date '2024-02-07 11:38:36 -0800' +%Y-%m-%dT%H:%M:%SZ
+ writetaskstat exec_repo_commit_date 2024-02-07T19:38:36Z
+ jq -nc --arg key exec_repo_commit_date --arg value 2024-02-07T19:38:36Z '{ key: $key, value: $value }'
/tmp/twcr-ac14411c8e7e /tmp/twcr-ac14411c8e7e /twcr
+ '[' -z ./ ']'
+ pushd ./
+ tailwind_config_file_name=
+ '[' -f tailwind.config.js ']'
+ tailwind_config_file_name=tailwind.config.js
+ writetaskstat exec_tailwind_config_file tailwind.config.js
+ jq -nc --arg key exec_tailwind_config_file --arg value tailwind.config.js '{ key: $key, value: $value }'
+ cp tailwind.config.js /twcr/mnt/results/extract-raw-tailwind-config.js
+ '[' '!' -f package.json ']'
+ cp package.json /twcr/mnt/results/extract-raw-package.json
++ /twcr/worker/../worker/pm-detect.sh /tmp/twcr-ac14411c8e7e
+ package_manager_name=yarn
+ '[' -z yarn ']'
+ '[' -z yarn ']'
+ writetaskstat exec_node_package_manager yarn
+ jq -nc --arg key exec_node_package_manager --arg value yarn '{ key: $key, value: $value }'
+ attempt_mode=squash
+ true
++ date -u +%Y-%m-%dT%H:%M:%SZ
+ writetaskstat timestamp_attempt_squash_begin 2024-03-04T07:21:02Z
+ jq -nc --arg key timestamp_attempt_squash_begin --arg value 2024-03-04T07:21:02Z '{ key: $key, value: $value }'
+ [[ squash == \s\q\u\a\s\h ]]
+ set +e
+ node /twcr/worker/../worker/squash-package.mjs tailwind.config.js
+ exitcode=0
+ set -e
+ [[ 0 != \0 ]]
+ cat package.json
+ sed 's/^/>>> /'
>>> {
>>>   "name": "swell-origin-theme",
>>>   "version": "2.0.16",
>>>   "description": "Origin PWA theme/starter for Swell ecommerce platform",
>>>   "author": "Swell",
>>>   "homepage": "https://www.swell.is/",
>>>   "repository": {
>>>     "type": "git",
>>>     "url": "https://github.com/swellstores/origin-theme/"
>>>   },
>>>   "license": "MIT",
>>>   "private": true,
>>>   "engines": {
>>>     "node": "16.20",
>>>     "npm": ">=8.19.4"
>>>   },
>>>   "dependencies": {},
>>>   "devDependencies": {
>>>     "@nuxtjs/tailwindcss": "^4.2.1",
>>>     "tailwindcss": "^2.2.19"
>>>   }
>>> }+ rm -f package-lock.json pnpm-lock.yaml yarn.lock
+ '[' ./ '!=' ./ ']'
+ set +e
+ /twcr/worker/../worker/pm-install.sh yarn /tmp/twcr-ac14411c8e7e /twcr/mnt/results
+ package_manager_name=yarn
+ procdir=/tmp/twcr-ac14411c8e7e
+ datadir=/twcr/mnt/results
+ case "${package_manager_name}" in
+ '[' -z http://tid_59b0050dcebb:ok@172.18.0.2:3128 ']'
+ yarn config set httpProxy http://tid_59b0050dcebb:ok@172.18.0.2:3128
yarn config v1.22.19
success Set "httpProxy" to "http://tid_59b0050dcebb:ok@172.18.0.2:3128".
Done in 0.05s.
+ '[' -z http://tid_59b0050dcebb:ok@172.18.0.2:3128 ']'
+ yarn config set httpsProxy http://tid_59b0050dcebb:ok@172.18.0.2:3128
yarn config v1.22.19
success Set "httpsProxy" to "http://tid_59b0050dcebb:ok@172.18.0.2:3128".
Done in 0.05s.
+ yarn install
yarn install v1.22.19
info No lockfile found.
[1/6] Validating package.json...
error swell-origin-theme@2.0.16: The engine "node" is incompatible with this module. Expected version "16.20". Got "21.6.2"
info Visit https://yarnpkg.com/en/docs/cli/install for documentation about this command.
error Found incompatible module.
+ exitcode=1
+ set -e
+ [[ 1 != \0 ]]
+ [[ squash == \s\q\u\a\s\h ]]
+ echo '[worker] WARN: package manager failed; retrying with full install'
[worker] WARN: package manager failed; retrying with full install
+ attempt_mode=full
+ continue
+ true
++ date -u +%Y-%m-%dT%H:%M:%SZ
+ writetaskstat timestamp_attempt_full_begin 2024-03-04T07:21:03Z
+ jq -nc --arg key timestamp_attempt_full_begin --arg value 2024-03-04T07:21:03Z '{ key: $key, value: $value }'
+ [[ full == \s\q\u\a\s\h ]]
+ git clean -fdx
+ git reset --hard
HEAD is now at 68db954 specifiy Nuxt version (#115)
+ set +e
+ /twcr/worker/../worker/pm-install.sh yarn /tmp/twcr-ac14411c8e7e /twcr/mnt/results
+ package_manager_name=yarn
+ procdir=/tmp/twcr-ac14411c8e7e
+ datadir=/twcr/mnt/results
+ case "${package_manager_name}" in
+ '[' -z http://tid_59b0050dcebb:ok@172.18.0.2:3128 ']'
+ yarn config set httpProxy http://tid_59b0050dcebb:ok@172.18.0.2:3128
yarn config v1.22.19
success Set "httpProxy" to "http://tid_59b0050dcebb:ok@172.18.0.2:3128".
Done in 0.05s.
+ '[' -z http://tid_59b0050dcebb:ok@172.18.0.2:3128 ']'
+ yarn config set httpsProxy http://tid_59b0050dcebb:ok@172.18.0.2:3128
yarn config v1.22.19
success Set "httpsProxy" to "http://tid_59b0050dcebb:ok@172.18.0.2:3128".
Done in 0.05s.
+ yarn install
yarn install v1.22.19
[1/6] Validating package.json...
error swell-origin-theme@2.0.16: The engine "node" is incompatible with this module. Expected version "16.20". Got "21.6.2"
info Visit https://yarnpkg.com/en/docs/cli/install for documentation about this command.
error Found incompatible module.
+ exitcode=1
+ set -e
+ [[ 1 != \0 ]]
+ [[ full == \s\q\u\a\s\h ]]
+ exit 1
