==== RUN-DOCKER
+++ dirname -- ./worker/run.sh
++ cd -- ./worker
++ pwd
+ twcrdir=/twcr/worker/..
+ repo=github.com/danstepanov/create-expo-stack
+ reporef=main
+ repopath=./www
+ '[' true == true ']'
+ grep -q '^././'
++ echo github.com/danstepanov/create-expo-stack
++ sha256sum
++ awk '{ print $1 }'
++ cut -c1-12
+ procdir=/tmp/twcr-6ddff426307a
++ echo 'github.com/danstepanov/create-expo-stack;main;./www'
++ sha256sum
++ awk '{ print $1 }'
++ cut -c1-12
+ datadir=/twcr/worker/../mnt/dataset/data/8d1e53a4074f
+ '[' '!' -z /twcr/mnt/results ']'
+ datadir=/twcr/mnt/results
+ touch /twcr/mnt/results/extract-failed
++ base64
++ tr -d =
++ tr /+ _-
++ base64
++ tr -d =
++ tr /+ _-
+ writetaskstat analysis_key github.com/danstepanov/create-expo-stack/bWFpbgo/Li93d3cK
+ jq -nc --arg key analysis_key --arg value github.com/danstepanov/create-expo-stack/bWFpbgo/Li93d3cK '{ key: $key, value: $value }'
++ date -u +%Y%m%d%H%M%S
++ sha256sum
++ awk '{ print $1 }'
++ cut -c1-16
++ head -c 32 /dev/urandom
+ writetaskstat analysis_nonce e6597af3d9ef5eaa
+ jq -nc --arg key analysis_nonce --arg value e6597af3d9ef5eaa '{ key: $key, value: $value }'
+ writetaskstat input_repo_name github.com/danstepanov/create-expo-stack
+ jq -nc --arg key input_repo_name --arg value github.com/danstepanov/create-expo-stack '{ key: $key, value: $value }'
+ writetaskstat input_repo_ref main
+ jq -nc --arg key input_repo_ref --arg value main '{ key: $key, value: $value }'
+ writetaskstat input_repo_path ./www
+ jq -nc --arg key input_repo_path --arg value ./www '{ key: $key, value: $value }'
++ date -u +%Y-%m-%dT%H:%M:%SZ
+ writetaskstat timestamp_begin 2024-03-04T03:41:09Z
+ jq -nc --arg key timestamp_begin --arg value 2024-03-04T03:41:09Z '{ key: $key, value: $value }'
+ mkdir -p /tmp/twcr-6ddff426307a
+ pushd /tmp/twcr-6ddff426307a
+ '[' -d .git ']'
+ git clone --depth=1 -b main https://github.com/danstepanov/create-expo-stack.git .
/tmp/twcr-6ddff426307a /twcr
Cloning into '.'...
++ date -u +%Y-%m-%dT%H:%M:%SZ
+ writetaskstat timestamp_git_clone_complete 2024-03-04T03:41:10Z
+ jq -nc --arg key timestamp_git_clone_complete --arg value 2024-03-04T03:41:10Z '{ key: $key, value: $value }'
++ git rev-parse HEAD
+ writetaskstat exec_repo_commit_sha 160eed8906c1b16f589a76a3c0d3c76d02c2f83e
+ jq -nc --arg key exec_repo_commit_sha --arg value 160eed8906c1b16f589a76a3c0d3c76d02c2f83e '{ key: $key, value: $value }'
+++ git show --no-patch --format=%ci
++ date -u --date '2024-02-28 23:36:40 -0800' +%Y-%m-%dT%H:%M:%SZ
+ writetaskstat exec_repo_commit_date 2024-02-29T07:36:40Z
+ jq -nc --arg key exec_repo_commit_date --arg value 2024-02-29T07:36:40Z '{ key: $key, value: $value }'
/tmp/twcr-6ddff426307a/www /tmp/twcr-6ddff426307a /twcr
+ '[' -z ./www ']'
+ pushd ./www
+ tailwind_config_file_name=
+ '[' -f tailwind.config.js ']'
+ '[' -f tailwind.config.cjs ']'
+ '[' -f tailwind.config.mjs ']'
+ tailwind_config_file_name=tailwind.config.mjs
+ writetaskstat exec_tailwind_config_file tailwind.config.mjs
+ jq -nc --arg key exec_tailwind_config_file --arg value tailwind.config.mjs '{ key: $key, value: $value }'
+ cp tailwind.config.mjs /twcr/mnt/results/extract-raw-tailwind-config.js
+ '[' '!' -f package.json ']'
+ cp package.json /twcr/mnt/results/extract-raw-package.json
++ /twcr/worker/../worker/pm-detect.sh /tmp/twcr-6ddff426307a/www
+ package_manager_name=
+ '[' -z '' ']'
+ '[' ./www '!=' ./ ']'
++ /twcr/worker/../worker/pm-detect.sh /tmp/twcr-6ddff426307a
+ package_manager_name=
+ '[' -z '' ']'
+ package_manager_name=npm
+ writetaskstat exec_node_package_manager npm
+ jq -nc --arg key exec_node_package_manager --arg value npm '{ key: $key, value: $value }'
+ attempt_mode=squash
+ true
++ date -u +%Y-%m-%dT%H:%M:%SZ
+ writetaskstat timestamp_attempt_squash_begin 2024-03-04T03:41:10Z
+ jq -nc --arg key timestamp_attempt_squash_begin --arg value 2024-03-04T03:41:10Z '{ key: $key, value: $value }'
+ [[ squash == \s\q\u\a\s\h ]]
+ set +e
+ node /twcr/worker/../worker/squash-package.mjs tailwind.config.mjs
+ exitcode=0
+ set -e
+ [[ 0 != \0 ]]
+ cat package.json
+ sed 's/^/>>> /'
>>> {
>>>   "name": "create-expo-stack-landing",
>>>   "type": "module",
>>>   "version": "0.0.1",
>>>   "dependencies": {
>>>     "@astrojs/tailwind": "^5.0.2",
>>>     "tailwindcss-animate": "^1.0.7"
>>>   },
>>>   "devDependencies": {
>>>     "tailwindcss": "^3.0.24"
>>>   }
>>> }+ rm -f package-lock.json pnpm-lock.yaml yarn.lock
+ '[' ./www '!=' ./ ']'
+ rm -f /tmp/twcr-6ddff426307a/package.json /tmp/twcr-6ddff426307a/package-lock.json /tmp/twcr-6ddff426307a/pnpm-lock.yaml /tmp/twcr-6ddff426307a/yarn.lock
+ set +e
+ /twcr/worker/../worker/pm-install.sh npm /tmp/twcr-6ddff426307a /twcr/mnt/results
+ package_manager_name=npm
+ procdir=/tmp/twcr-6ddff426307a
+ datadir=/twcr/mnt/results
+ case "${package_manager_name}" in
++ '[' -f package-lock.json ']'
++ echo install
+ npm install --ignore-engines

added 498 packages, and audited 499 packages in 28s

195 packages are looking for funding
  run `npm fund` for details

found 0 vulnerabilities
npm notice 
npm notice New minor version of npm available! 10.2.4 -> 10.5.0
npm notice Changelog: <https://github.com/npm/cli/releases/tag/v10.5.0>
npm notice Run `npm install -g npm@10.5.0` to update!
npm notice 
+ npm query '*'
+ jq -cr '
        map({ name: .name, version: .version })
        | map(select(.name))
        | sort_by(.name)[]
      '
+ exitcode=0
+ set -e
+ [[ 0 != \0 ]]
++ jq -sr 'map(select(.name == "tailwindcss")) | first | .version'
+ tailwind_package_version=3.4.1
+ tailwind_config_exporter=tailwind.config.exporter2.cjs
+ '[' -f node_modules/tailwindcss/lib/lib/load-config.js ']'
+ tailwind_config_exporter=tailwind.config.exporter3.mjs
+ cp /twcr/worker/../worker/tailwind.config.exporter3.mjs ./
+ set +e
+ node ./tailwind.config.exporter3.mjs tailwind.config.mjs
+ exitcode=0
+ set -e
+ [[ 0 != \0 ]]
+ echo 'module.exports={plugins:['
+ jq -rs '
        map(select(.name | startswith("@tailwindcss/")))
        | map("require(" + ( .name | tojson ) + "),")[]
      '
+ grep -Ev '"@tailwindcss/postcss7-compat"'
+ true
+ echo ']}'
+ cat tailwind.config.mjs
+ sed 's/^/>>> /'
>>> module.exports={plugins:[
>>> ]}
+ node ./tailwind.config.exporter3.mjs tailwind.config.mjs
++ date -u +%Y-%m-%dT%H:%M:%SZ
+ writetaskstat timestamp_attempt_squash_end 2024-03-04T03:41:40Z
+ jq -nc --arg key timestamp_attempt_squash_end --arg value 2024-03-04T03:41:40Z '{ key: $key, value: $value }'
+ break
++ date -u +%Y-%m-%dT%H:%M:%SZ
+ writetaskstat timestamp_end 2024-03-04T03:41:40Z
+ jq -nc --arg key timestamp_end --arg value 2024-03-04T03:41:40Z '{ key: $key, value: $value }'
+ rm /twcr/mnt/results/extract-failed
+ touch /twcr/mnt/results/extract-completed
