==== RUN-DOCKER
+++ dirname -- ./worker/run.sh
++ cd -- ./worker
++ pwd
+ twcrdir=/twcr/worker/..
+ repo=github.com/zhanglun/lettura
+ reporef=master
+ repopath=./
+ '[' true == true ']'
+ grep -q '^././'
++ echo github.com/zhanglun/lettura
++ sha256sum
++ awk '{ print $1 }'
++ cut -c1-12
+ procdir=/tmp/twcr-ccbd6878e2ea
++ echo 'github.com/zhanglun/lettura;master;./'
++ sha256sum
++ awk '{ print $1 }'
++ cut -c1-12
+ datadir=/twcr/worker/../mnt/dataset/data/c0d6baec728f
+ '[' '!' -z /twcr/mnt/results ']'
+ datadir=/twcr/mnt/results
+ touch /twcr/mnt/results/extract-failed
++ base64
++ tr -d =
++ tr /+ _-
++ base64
++ tr -d =
++ tr /+ _-
+ writetaskstat analysis_key github.com/zhanglun/lettura/bWFzdGVyCg/Li8K
+ jq -nc --arg key analysis_key --arg value github.com/zhanglun/lettura/bWFzdGVyCg/Li8K '{ key: $key, value: $value }'
++ date -u +%Y%m%d%H%M%S
++ sha256sum
++ awk '{ print $1 }'
++ cut -c1-16
++ head -c 32 /dev/urandom
+ writetaskstat analysis_nonce de2be1851057295d
+ jq -nc --arg key analysis_nonce --arg value de2be1851057295d '{ key: $key, value: $value }'
+ writetaskstat input_repo_name github.com/zhanglun/lettura
+ jq -nc --arg key input_repo_name --arg value github.com/zhanglun/lettura '{ key: $key, value: $value }'
+ writetaskstat input_repo_ref master
+ jq -nc --arg key input_repo_ref --arg value master '{ key: $key, value: $value }'
+ writetaskstat input_repo_path ./
+ jq -nc --arg key input_repo_path --arg value ./ '{ key: $key, value: $value }'
++ date -u +%Y-%m-%dT%H:%M:%SZ
+ writetaskstat timestamp_begin 2024-03-04T03:16:25Z
+ jq -nc --arg key timestamp_begin --arg value 2024-03-04T03:16:25Z '{ key: $key, value: $value }'
+ mkdir -p /tmp/twcr-ccbd6878e2ea
+ pushd /tmp/twcr-ccbd6878e2ea
+ '[' -d .git ']'
+ git clone --depth=1 -b master https://github.com/zhanglun/lettura.git .
/tmp/twcr-ccbd6878e2ea /twcr
Cloning into '.'...
++ date -u +%Y-%m-%dT%H:%M:%SZ
+ writetaskstat timestamp_git_clone_complete 2024-03-04T03:16:26Z
+ jq -nc --arg key timestamp_git_clone_complete --arg value 2024-03-04T03:16:26Z '{ key: $key, value: $value }'
++ git rev-parse HEAD
+ writetaskstat exec_repo_commit_sha 7315bf6f1652a940306ce6bc9b6cdc63b28488e1
+ jq -nc --arg key exec_repo_commit_sha --arg value 7315bf6f1652a940306ce6bc9b6cdc63b28488e1 '{ key: $key, value: $value }'
+++ git show --no-patch --format=%ci
++ date -u --date '2024-02-28 15:53:15 +0800' +%Y-%m-%dT%H:%M:%SZ
+ writetaskstat exec_repo_commit_date 2024-02-28T07:53:15Z
+ jq -nc --arg key exec_repo_commit_date --arg value 2024-02-28T07:53:15Z '{ key: $key, value: $value }'
/tmp/twcr-ccbd6878e2ea /tmp/twcr-ccbd6878e2ea /twcr
+ '[' -z ./ ']'
+ pushd ./
+ tailwind_config_file_name=
+ '[' -f tailwind.config.js ']'
+ tailwind_config_file_name=tailwind.config.js
+ writetaskstat exec_tailwind_config_file tailwind.config.js
+ jq -nc --arg key exec_tailwind_config_file --arg value tailwind.config.js '{ key: $key, value: $value }'
+ cp tailwind.config.js /twcr/mnt/results/extract-raw-tailwind-config.js
+ '[' '!' -f package.json ']'
+ cp package.json /twcr/mnt/results/extract-raw-package.json
++ /twcr/worker/../worker/pm-detect.sh /tmp/twcr-ccbd6878e2ea
+ package_manager_name=pnpm
+ '[' -z pnpm ']'
+ '[' -z pnpm ']'
+ writetaskstat exec_node_package_manager pnpm
+ jq -nc --arg key exec_node_package_manager --arg value pnpm '{ key: $key, value: $value }'
+ attempt_mode=squash
+ true
++ date -u +%Y-%m-%dT%H:%M:%SZ
+ writetaskstat timestamp_attempt_squash_begin 2024-03-04T03:16:26Z
+ jq -nc --arg key timestamp_attempt_squash_begin --arg value 2024-03-04T03:16:26Z '{ key: $key, value: $value }'
+ [[ squash == \s\q\u\a\s\h ]]
+ set +e
+ node /twcr/worker/../worker/squash-package.mjs tailwind.config.js
+ exitcode=0
+ set -e
+ [[ 0 != \0 ]]
+ cat package.json
+ sed 's/^/>>> /'
+ rm -f package-lock.json pnpm-lock.yaml yarn.lock
>>> {
>>>   "name": "lettura",
>>>   "version": "0.1.15",
>>>   "private": true,
>>>   "dependencies": {
>>>     "@tailwindcss/line-clamp": "^0.4.4",
>>>     "tailwindcss": "^3.3.5",
>>>     "tailwindcss-animate": "^1.0.7"
>>>   },
>>>   "devDependencies": {
>>>     "@tailwindcss/typography": "^0.5.10",
>>>     "tailwindcss": "^3.1.8"
>>>   }
>>> }+ '[' ./ '!=' ./ ']'
+ set +e
+ /twcr/worker/../worker/pm-install.sh pnpm /tmp/twcr-ccbd6878e2ea /twcr/mnt/results
+ package_manager_name=pnpm
+ procdir=/tmp/twcr-ccbd6878e2ea
+ datadir=/twcr/mnt/results
+ case "${package_manager_name}" in
+ '[' '!' -f /tmp/twcr-ccbd6878e2ea/package.json ']'
++ pnpm -v
+ sed -Ei 's/("pnpm": ")(.+)(")/\18.15.4\3/' /tmp/twcr-ccbd6878e2ea/package.json
+ '[' '!' -f package.json ']'
++ pnpm -v
+ sed -Ei 's/("pnpm": ")(.+)(")/\18.15.4\3/' package.json
+ pnpm install
Progress: resolved 1, reused 0, downloaded 0, added 0
Progress: resolved 20, reused 0, downloaded 6, added 0
Progress: resolved 47, reused 0, downloaded 32, added 0
Progress: resolved 67, reused 0, downloaded 60, added 0
Progress: resolved 88, reused 0, downloaded 79, added 0
Progress: resolved 112, reused 0, downloaded 110, added 0
Packages: +112
++++++++++++++++++++++++++++++++++++++++++++++++++++++++++++++++++++++++++++++++
Progress: resolved 113, reused 0, downloaded 112, added 112, done

dependencies:
+ @tailwindcss/line-clamp 0.4.4
+ tailwindcss-animate 1.0.7

devDependencies:
+ @tailwindcss/typography 0.5.10
+ tailwindcss 3.4.1

Done in 6.7s
+ pnpm ls --json
+ jq -cr '
        .[]
        | [.dependencies, .devDependencies, .optionalDependencies]
        | map(select(.))[]
        | to_entries
        | map({ name: .key, version: .value.version })
        | sort_by(.name)[]
      '
+ exitcode=0
+ set -e
+ [[ 0 != \0 ]]
++ jq -sr 'map(select(.name == "tailwindcss")) | first | .version'
+ tailwind_package_version=3.4.1
+ tailwind_config_exporter=tailwind.config.exporter2.cjs
+ '[' -f node_modules/tailwindcss/lib/lib/load-config.js ']'
+ tailwind_config_exporter=tailwind.config.exporter3.mjs
+ cp /twcr/worker/../worker/tailwind.config.exporter3.mjs ./
+ set +e
+ node ./tailwind.config.exporter3.mjs tailwind.config.js

warn - As of Tailwind CSS v2.2, `lightBlue` has been renamed to `sky`.
warn - Update your configuration file to silence this warning.

warn - As of Tailwind CSS v3.0, `warmGray` has been renamed to `stone`.
warn - Update your configuration file to silence this warning.

warn - As of Tailwind CSS v3.0, `trueGray` has been renamed to `neutral`.
warn - Update your configuration file to silence this warning.

warn - As of Tailwind CSS v3.0, `coolGray` has been renamed to `gray`.
warn - Update your configuration file to silence this warning.

warn - As of Tailwind CSS v3.0, `blueGray` has been renamed to `slate`.
warn - Update your configuration file to silence this warning.
+ exitcode=0
+ set -e
+ [[ 0 != \0 ]]
+ echo 'module.exports={plugins:['
+ jq -rs '
        map(select(.name | startswith("@tailwindcss/")))
        | map("require(" + ( .name | tojson ) + "),")[]
      '
+ grep -Ev '"@tailwindcss/postcss7-compat"'
+ echo ']}'
+ cat tailwind.config.js
+ sed 's/^/>>> /'
>>> module.exports={plugins:[
>>> require("@tailwindcss/line-clamp"),
>>> require("@tailwindcss/typography"),
>>> ]}
+ node ./tailwind.config.exporter3.mjs tailwind.config.js
++ date -u +%Y-%m-%dT%H:%M:%SZ
+ writetaskstat timestamp_attempt_squash_end 2024-03-04T03:16:36Z
+ jq -nc --arg key timestamp_attempt_squash_end --arg value 2024-03-04T03:16:36Z '{ key: $key, value: $value }'
+ break
++ date -u +%Y-%m-%dT%H:%M:%SZ
+ writetaskstat timestamp_end 2024-03-04T03:16:36Z
+ jq -nc --arg key timestamp_end --arg value 2024-03-04T03:16:36Z '{ key: $key, value: $value }'
+ rm /twcr/mnt/results/extract-failed
+ touch /twcr/mnt/results/extract-completed
