==== RUN-DOCKER
+++ dirname -- ./worker/run.sh
++ cd -- ./worker
++ pwd
+ twcrdir=/twcr/worker/..
+ repo=github.com/HazyResearch/meerkat
+ reporef=main
+ repopath=./website
+ '[' true == true ']'
+ grep -q '^././'
++ echo github.com/HazyResearch/meerkat
++ sha256sum
++ awk '{ print $1 }'
++ cut -c1-12
+ procdir=/tmp/twcr-3dd265ff8772
++ echo 'github.com/HazyResearch/meerkat;main;./website'
++ sha256sum
++ awk '{ print $1 }'
++ cut -c1-12
+ datadir=/twcr/worker/../mnt/dataset/data/76ed3aa5b49e
+ '[' '!' -z /twcr/mnt/results ']'
+ datadir=/twcr/mnt/results
+ touch /twcr/mnt/results/extract-failed
++ base64
++ tr -d =
++ tr /+ _-
++ base64
++ tr -d =
++ tr /+ _-
+ writetaskstat analysis_key github.com/HazyResearch/meerkat/bWFpbgo/Li93ZWJzaXRlCg
+ jq -nc --arg key analysis_key --arg value github.com/HazyResearch/meerkat/bWFpbgo/Li93ZWJzaXRlCg '{ key: $key, value: $value }'
++ date -u +%Y%m%d%H%M%S
++ sha256sum
++ awk '{ print $1 }'
++ cut -c1-16
++ head -c 32 /dev/urandom
+ writetaskstat analysis_nonce f23a6c6e99384f65
+ jq -nc --arg key analysis_nonce --arg value f23a6c6e99384f65 '{ key: $key, value: $value }'
+ writetaskstat input_repo_name github.com/HazyResearch/meerkat
+ jq -nc --arg key input_repo_name --arg value github.com/HazyResearch/meerkat '{ key: $key, value: $value }'
+ writetaskstat input_repo_ref main
+ jq -nc --arg key input_repo_ref --arg value main '{ key: $key, value: $value }'
+ writetaskstat input_repo_path ./website
+ jq -nc --arg key input_repo_path --arg value ./website '{ key: $key, value: $value }'
++ date -u +%Y-%m-%dT%H:%M:%SZ
+ writetaskstat timestamp_begin 2024-03-05T00:12:50Z
+ jq -nc --arg key timestamp_begin --arg value 2024-03-05T00:12:50Z '{ key: $key, value: $value }'
+ mkdir -p /tmp/twcr-3dd265ff8772
+ pushd /tmp/twcr-3dd265ff8772
+ '[' -d .git ']'
+ git clone --depth=1 -b main https://github.com/HazyResearch/meerkat.git .
/tmp/twcr-3dd265ff8772 /twcr
Cloning into '.'...
++ date -u +%Y-%m-%dT%H:%M:%SZ
+ writetaskstat timestamp_git_clone_complete 2024-03-05T00:12:52Z
+ jq -nc --arg key timestamp_git_clone_complete --arg value 2024-03-05T00:12:52Z '{ key: $key, value: $value }'
++ git rev-parse HEAD
+ writetaskstat exec_repo_commit_sha b08d6061f7d3e0acdc04a6304cf8fc27c2d72b30
+ jq -nc --arg key exec_repo_commit_sha --arg value b08d6061f7d3e0acdc04a6304cf8fc27c2d72b30 '{ key: $key, value: $value }'
+++ git show --no-patch --format=%ci
++ date -u --date '2024-02-25 10:15:06 -0800' +%Y-%m-%dT%H:%M:%SZ
+ writetaskstat exec_repo_commit_date 2024-02-25T18:15:06Z
+ jq -nc --arg key exec_repo_commit_date --arg value 2024-02-25T18:15:06Z '{ key: $key, value: $value }'
+ '[' -z ./website ']'
+ pushd ./website
+ tailwind_config_file_name=
+ '[' -f tailwind.config.js ']'
+ '[' -f tailwind.config.cjs ']'
+ tailwind_config_file_name=tailwind.config.cjs
+ writetaskstat exec_tailwind_config_file tailwind.config.cjs
+ jq -nc --arg key exec_tailwind_config_file --arg value tailwind.config.cjs '{ key: $key, value: $value }'
/tmp/twcr-3dd265ff8772/website /tmp/twcr-3dd265ff8772 /twcr
+ cp tailwind.config.cjs /twcr/mnt/results/extract-raw-tailwind-config.js
+ '[' '!' -f package.json ']'
+ cp package.json /twcr/mnt/results/extract-raw-package.json
++ /twcr/worker/../worker/pm-detect.sh /tmp/twcr-3dd265ff8772/website
+ package_manager_name=pnpm
+ '[' -z pnpm ']'
+ '[' -z pnpm ']'
+ writetaskstat exec_node_package_manager pnpm
+ jq -nc --arg key exec_node_package_manager --arg value pnpm '{ key: $key, value: $value }'
+ attempt_mode=squash
+ true
++ date -u +%Y-%m-%dT%H:%M:%SZ
+ writetaskstat timestamp_attempt_squash_begin 2024-03-05T00:12:53Z
+ jq -nc --arg key timestamp_attempt_squash_begin --arg value 2024-03-05T00:12:53Z '{ key: $key, value: $value }'
+ [[ squash == \s\q\u\a\s\h ]]
+ set +e
+ node /twcr/worker/../worker/squash-package.mjs tailwind.config.cjs
+ exitcode=0
+ set -e
+ [[ 0 != \0 ]]
+ cat package.json
+ sed 's/^/>>> /'
>>> {
>>>   "name": "meerkat-website",
>>>   "version": "0.0.1",
>>>   "private": true,
>>>   "devDependencies": {
>>>     "@tailwindcss/typography": "^0.5.9",
>>>     "flowbite": "^1.6.3",
>>>     "tailwindcss": "^3.2.4"
>>>   },
>>>   "type": "module",
>>>   "dependencies": {}
>>> }+ rm -f package-lock.json pnpm-lock.yaml yarn.lock
+ '[' ./website '!=' ./ ']'
+ rm -f /tmp/twcr-3dd265ff8772/package.json /tmp/twcr-3dd265ff8772/package-lock.json /tmp/twcr-3dd265ff8772/pnpm-lock.yaml /tmp/twcr-3dd265ff8772/yarn.lock
+ set +e
+ /twcr/worker/../worker/pm-install.sh pnpm /tmp/twcr-3dd265ff8772 /twcr/mnt/results
+ package_manager_name=pnpm
+ procdir=/tmp/twcr-3dd265ff8772
+ datadir=/twcr/mnt/results
+ case "${package_manager_name}" in
+ '[' '!' -f /tmp/twcr-3dd265ff8772/package.json ']'
+ '[' '!' -f package.json ']'
++ pnpm -v
+ sed -Ei 's/("pnpm": ")(.+)(")/\18.15.4\3/' package.json
+ pnpm install
Progress: resolved 1, reused 0, downloaded 0, added 0
Progress: resolved 33, reused 0, downloaded 26, added 0
Progress: resolved 73, reused 0, downloaded 63, added 0
Progress: resolved 111, reused 0, downloaded 104, added 0
Packages: +113
++++++++++++++++++++++++++++++++++++++++++++++++++++++++++++++++++++++++++++++++
Progress: resolved 114, reused 0, downloaded 113, added 113, done

devDependencies:
+ @tailwindcss/typography 0.5.10
+ flowbite 1.8.1 (2.3.0 is available)
+ tailwindcss 3.4.1

Done in 4.3s
+ pnpm ls --json
+ jq -cr '
        .[]
        | [.dependencies, .devDependencies, .optionalDependencies]
        | map(select(.))[]
        | to_entries
        | map({ name: .key, version: .value.version })
        | sort_by(.name)[]
      '
+ exitcode=0
+ set -e
+ [[ 0 != \0 ]]
++ jq -sr 'map(select(.name == "tailwindcss")) | first | .version'
+ tailwind_package_version=3.4.1
+ tailwind_config_exporter=tailwind.config.exporter2.cjs
+ '[' -f node_modules/tailwindcss/lib/lib/load-config.js ']'
+ tailwind_config_exporter=tailwind.config.exporter3.mjs
+ cp /twcr/worker/../worker/tailwind.config.exporter3.mjs ./
+ set +e
+ node ./tailwind.config.exporter3.mjs tailwind.config.cjs
+ exitcode=0
+ set -e
+ [[ 0 != \0 ]]
+ echo 'module.exports={plugins:['
+ jq -rs '
        map(select(.name | startswith("@tailwindcss/")))
        | map("require(" + ( .name | tojson ) + "),")[]
      '
+ grep -Ev '"@tailwindcss/postcss7-compat"'
+ echo ']}'
+ cat tailwind.config.cjs
+ sed 's/^/>>> /'
>>> module.exports={plugins:[
>>> require("@tailwindcss/typography"),
>>> ]}
+ node ./tailwind.config.exporter3.mjs tailwind.config.cjs
++ date -u +%Y-%m-%dT%H:%M:%SZ
+ writetaskstat timestamp_attempt_squash_end 2024-03-05T00:12:58Z
+ jq -nc --arg key timestamp_attempt_squash_end --arg value 2024-03-05T00:12:58Z '{ key: $key, value: $value }'
+ break
++ date -u +%Y-%m-%dT%H:%M:%SZ
+ writetaskstat timestamp_end 2024-03-05T00:12:58Z
+ jq -nc --arg key timestamp_end --arg value 2024-03-05T00:12:58Z '{ key: $key, value: $value }'
+ rm /twcr/mnt/results/extract-failed
+ touch /twcr/mnt/results/extract-completed
