==== RUN-DOCKER
+++ dirname -- ./worker/run.sh
++ cd -- ./worker
++ pwd
+ twcrdir=/twcr/worker/..
+ repo=github.com/devicetree-org/devicetree-website
+ reporef=main
+ repopath=./
+ '[' true == true ']'
+ grep -q '^././'
++ echo github.com/devicetree-org/devicetree-website
++ sha256sum
++ awk '{ print $1 }'
++ cut -c1-12
+ procdir=/tmp/twcr-bf71fd0e2a37
++ echo 'github.com/devicetree-org/devicetree-website;main;./'
++ sha256sum
++ awk '{ print $1 }'
++ cut -c1-12
+ datadir=/twcr/worker/../mnt/dataset/data/7e863d3b8bf7
+ '[' '!' -z /twcr/mnt/results ']'
+ datadir=/twcr/mnt/results
+ touch /twcr/mnt/results/extract-failed
++ base64
++ tr -d =
++ tr /+ _-
++ base64
++ tr -d =
++ tr /+ _-
+ writetaskstat analysis_key github.com/devicetree-org/devicetree-website/bWFpbgo/Li8K
+ jq -nc --arg key analysis_key --arg value github.com/devicetree-org/devicetree-website/bWFpbgo/Li8K '{ key: $key, value: $value }'
++ date -u +%Y%m%d%H%M%S
++ sha256sum
++ awk '{ print $1 }'
++ cut -c1-16
++ head -c 32 /dev/urandom
+ writetaskstat analysis_nonce 7af6a5c8036f5cf9
+ jq -nc --arg key analysis_nonce --arg value 7af6a5c8036f5cf9 '{ key: $key, value: $value }'
+ writetaskstat input_repo_name github.com/devicetree-org/devicetree-website
+ jq -nc --arg key input_repo_name --arg value github.com/devicetree-org/devicetree-website '{ key: $key, value: $value }'
+ writetaskstat input_repo_ref main
+ jq -nc --arg key input_repo_ref --arg value main '{ key: $key, value: $value }'
+ writetaskstat input_repo_path ./
+ jq -nc --arg key input_repo_path --arg value ./ '{ key: $key, value: $value }'
++ date -u +%Y-%m-%dT%H:%M:%SZ
+ writetaskstat timestamp_begin 2024-03-05T10:05:30Z
+ jq -nc --arg key timestamp_begin --arg value 2024-03-05T10:05:30Z '{ key: $key, value: $value }'
+ mkdir -p /tmp/twcr-bf71fd0e2a37
+ pushd /tmp/twcr-bf71fd0e2a37
+ '[' -d .git ']'
+ git clone --depth=1 -b main https://github.com/devicetree-org/devicetree-website.git .
/tmp/twcr-bf71fd0e2a37 /twcr
Cloning into '.'...
++ date -u +%Y-%m-%dT%H:%M:%SZ
+ writetaskstat timestamp_git_clone_complete 2024-03-05T10:05:31Z
+ jq -nc --arg key timestamp_git_clone_complete --arg value 2024-03-05T10:05:31Z '{ key: $key, value: $value }'
++ git rev-parse HEAD
+ writetaskstat exec_repo_commit_sha 3d35d7c14a0799d7e7015daa47b5495f7358ab6f
+ jq -nc --arg key exec_repo_commit_sha --arg value 3d35d7c14a0799d7e7015daa47b5495f7358ab6f '{ key: $key, value: $value }'
+++ git show --no-patch --format=%ci
++ date -u --date '2023-10-21 09:06:38 +0100' +%Y-%m-%dT%H:%M:%SZ
+ writetaskstat exec_repo_commit_date 2023-10-21T08:06:38Z
+ jq -nc --arg key exec_repo_commit_date --arg value 2023-10-21T08:06:38Z '{ key: $key, value: $value }'
/tmp/twcr-bf71fd0e2a37 /tmp/twcr-bf71fd0e2a37 /twcr
+ '[' -z ./ ']'
+ pushd ./
+ tailwind_config_file_name=
+ '[' -f tailwind.config.js ']'
+ '[' -f tailwind.config.cjs ']'
+ tailwind_config_file_name=tailwind.config.cjs
+ writetaskstat exec_tailwind_config_file tailwind.config.cjs
+ jq -nc --arg key exec_tailwind_config_file --arg value tailwind.config.cjs '{ key: $key, value: $value }'
+ cp tailwind.config.cjs /twcr/mnt/results/extract-raw-tailwind-config.js
+ '[' '!' -f package.json ']'
+ cp package.json /twcr/mnt/results/extract-raw-package.json
++ /twcr/worker/../worker/pm-detect.sh /tmp/twcr-bf71fd0e2a37
+ package_manager_name=yarn
+ '[' -z yarn ']'
+ '[' -z yarn ']'
+ writetaskstat exec_node_package_manager yarn
+ jq -nc --arg key exec_node_package_manager --arg value yarn '{ key: $key, value: $value }'
+ attempt_mode=squash
+ true
++ date -u +%Y-%m-%dT%H:%M:%SZ
+ writetaskstat timestamp_attempt_squash_begin 2024-03-05T10:05:31Z
+ jq -nc --arg key timestamp_attempt_squash_begin --arg value 2024-03-05T10:05:31Z '{ key: $key, value: $value }'
+ [[ squash == \s\q\u\a\s\h ]]
+ set +e
+ node /twcr/worker/../worker/squash-package.mjs tailwind.config.cjs
+ exitcode=0
+ set -e
+ [[ 0 != \0 ]]
+ cat package.json
+ sed 's/^/>>> /'
>>> {
>>>   "name": "website",
>>>   "type": "module",
>>>   "version": "0.0.1",
>>>   "dependencies": {
>>>     "@astrojs/tailwind": "^5.0.1",
>>>     "tailwindcss": "^3.0.24",
>>>     "tw-elements": "^1.0.0"
>>>   },
>>>   "devDependencies": {}
>>> }+ rm -f package-lock.json pnpm-lock.yaml yarn.lock
+ '[' ./ '!=' ./ ']'
+ set +e
+ /twcr/worker/../worker/pm-install.sh yarn /tmp/twcr-bf71fd0e2a37 /twcr/mnt/results
+ package_manager_name=yarn
+ procdir=/tmp/twcr-bf71fd0e2a37
+ datadir=/twcr/mnt/results
+ case "${package_manager_name}" in
+ '[' -z http://tid_b8d3832d7ae3:ok@172.18.0.2:3128 ']'
+ yarn config set httpProxy http://tid_b8d3832d7ae3:ok@172.18.0.2:3128
yarn config v1.22.19
warning package.json: No license field
success Set "httpProxy" to "http://tid_b8d3832d7ae3:ok@172.18.0.2:3128".
Done in 0.04s.
+ '[' -z http://tid_b8d3832d7ae3:ok@172.18.0.2:3128 ']'
+ yarn config set httpsProxy http://tid_b8d3832d7ae3:ok@172.18.0.2:3128
yarn config v1.22.19
warning package.json: No license field
success Set "httpsProxy" to "http://tid_b8d3832d7ae3:ok@172.18.0.2:3128".
Done in 0.03s.
+ yarn install
yarn install v1.22.19
warning package.json: No license field
info No lockfile found.
warning website@0.0.1: No license field
[1/4] Resolving packages...
(node:131) [DEP0040] DeprecationWarning: The `punycode` module is deprecated. Please use a userland alternative instead.
(Use `node --trace-deprecation ...` to show where the warning was created)
[2/4] Fetching packages...
[3/4] Linking dependencies...
warning " > @astrojs/tailwind@5.1.0" has unmet peer dependency "astro@^3.0.0 || ^4.0.0".
warning "tw-elements > tailwindcss@3.3.0" has unmet peer dependency "postcss@^8.0.9".
[4/4] Building fresh packages...
success Saved lockfile.
Done in 13.25s.
+ yarn list --depth=0 --json --non-interactive --no-progress
+ jq -cr '
        [.. | .name?]
        | map(select(.))
        | map(capture("^(?<name>@?[^@]+)@(?<version>.+)$"))
        | sort_by(.name)[]'
{"type":"warning","data":"package.json: No license field"}
{"type":"warning","data":"website@0.0.1: No license field"}
+ exitcode=0
+ set -e
+ [[ 0 != \0 ]]
++ jq -sr 'map(select(.name == "tailwindcss")) | first | .version'
+ tailwind_package_version=3.4.1
+ tailwind_config_exporter=tailwind.config.exporter2.cjs
+ '[' -f node_modules/tailwindcss/lib/lib/load-config.js ']'
+ tailwind_config_exporter=tailwind.config.exporter3.mjs
+ cp /twcr/worker/../worker/tailwind.config.exporter3.mjs ./
+ set +e
+ node ./tailwind.config.exporter3.mjs tailwind.config.cjs
+ exitcode=0
+ set -e
+ [[ 0 != \0 ]]
+ echo 'module.exports={plugins:['
+ jq -rs '
        map(select(.name | startswith("@tailwindcss/")))
        | map("require(" + ( .name | tojson ) + "),")[]
      '
+ grep -Ev '"@tailwindcss/postcss7-compat"'
+ true
+ echo ']}'
+ cat tailwind.config.cjs
+ sed 's/^/>>> /'
>>> module.exports={plugins:[
>>> ]}
+ node ./tailwind.config.exporter3.mjs tailwind.config.cjs
++ date -u +%Y-%m-%dT%H:%M:%SZ
+ writetaskstat timestamp_attempt_squash_end 2024-03-05T10:05:46Z
+ jq -nc --arg key timestamp_attempt_squash_end --arg value 2024-03-05T10:05:46Z '{ key: $key, value: $value }'
+ break
++ date -u +%Y-%m-%dT%H:%M:%SZ
+ writetaskstat timestamp_end 2024-03-05T10:05:46Z
+ jq -nc --arg key timestamp_end --arg value 2024-03-05T10:05:46Z '{ key: $key, value: $value }'
+ rm /twcr/mnt/results/extract-failed
+ touch /twcr/mnt/results/extract-completed
