==== RUN-DOCKER
+++ dirname -- ./worker/run.sh
++ cd -- ./worker
++ pwd
+ twcrdir=/twcr/worker/..
+ repo=github.com/wireui/old-docs
+ reporef=main
+ repopath=./
+ '[' true == true ']'
+ grep -q '^././'
++ echo github.com/wireui/old-docs
++ sha256sum
++ awk '{ print $1 }'
++ cut -c1-12
+ procdir=/tmp/twcr-fcf872804364
++ echo 'github.com/wireui/old-docs;main;./'
++ sha256sum
++ awk '{ print $1 }'
++ cut -c1-12
+ datadir=/twcr/worker/../mnt/dataset/data/265f57f02b21
+ '[' '!' -z /twcr/mnt/results ']'
+ datadir=/twcr/mnt/results
+ touch /twcr/mnt/results/extract-failed
++ base64
++ tr -d =
++ tr /+ _-
++ base64
++ tr -d =
++ tr /+ _-
+ writetaskstat analysis_key github.com/wireui/old-docs/bWFpbgo/Li8K
+ jq -nc --arg key analysis_key --arg value github.com/wireui/old-docs/bWFpbgo/Li8K '{ key: $key, value: $value }'
++ date -u +%Y%m%d%H%M%S
++ sha256sum
++ awk '{ print $1 }'
++ cut -c1-16
++ head -c 32 /dev/urandom
+ writetaskstat analysis_nonce 40dff36388284c6c
+ jq -nc --arg key analysis_nonce --arg value 40dff36388284c6c '{ key: $key, value: $value }'
+ writetaskstat input_repo_name github.com/wireui/old-docs
+ jq -nc --arg key input_repo_name --arg value github.com/wireui/old-docs '{ key: $key, value: $value }'
+ writetaskstat input_repo_ref main
+ jq -nc --arg key input_repo_ref --arg value main '{ key: $key, value: $value }'
+ writetaskstat input_repo_path ./
+ jq -nc --arg key input_repo_path --arg value ./ '{ key: $key, value: $value }'
++ date -u +%Y-%m-%dT%H:%M:%SZ
+ writetaskstat timestamp_begin 2024-03-05T07:09:47Z
+ jq -nc --arg key timestamp_begin --arg value 2024-03-05T07:09:47Z '{ key: $key, value: $value }'
+ mkdir -p /tmp/twcr-fcf872804364
+ pushd /tmp/twcr-fcf872804364
+ '[' -d .git ']'
+ git clone --depth=1 -b main https://github.com/wireui/old-docs.git .
/tmp/twcr-fcf872804364 /twcr
Cloning into '.'...
++ date -u +%Y-%m-%dT%H:%M:%SZ
+ writetaskstat timestamp_git_clone_complete 2024-03-05T07:09:49Z
+ jq -nc --arg key timestamp_git_clone_complete --arg value 2024-03-05T07:09:49Z '{ key: $key, value: $value }'
++ git rev-parse HEAD
+ writetaskstat exec_repo_commit_sha 0d9071b6d2a41c9bd40d3a65625ff5d5e2b3e2cd
+ jq -nc --arg key exec_repo_commit_sha --arg value 0d9071b6d2a41c9bd40d3a65625ff5d5e2b3e2cd '{ key: $key, value: $value }'
+++ git show --no-patch --format=%ci
++ date -u --date '2023-11-14 15:01:56 -0300' +%Y-%m-%dT%H:%M:%SZ
+ writetaskstat exec_repo_commit_date 2023-11-14T18:01:56Z
+ jq -nc --arg key exec_repo_commit_date --arg value 2023-11-14T18:01:56Z '{ key: $key, value: $value }'
+ '[' -z ./ ']'
+ pushd ./
+ tailwind_config_file_name=
+ '[' -f tailwind.config.js ']'
+ tailwind_config_file_name=tailwind.config.js
+ writetaskstat exec_tailwind_config_file tailwind.config.js
+ jq -nc --arg key exec_tailwind_config_file --arg value tailwind.config.js '{ key: $key, value: $value }'
/tmp/twcr-fcf872804364 /tmp/twcr-fcf872804364 /twcr
+ cp tailwind.config.js /twcr/mnt/results/extract-raw-tailwind-config.js
+ '[' '!' -f package.json ']'
+ cp package.json /twcr/mnt/results/extract-raw-package.json
++ /twcr/worker/../worker/pm-detect.sh /tmp/twcr-fcf872804364
+ package_manager_name=yarn
+ '[' -z yarn ']'
+ '[' -z yarn ']'
+ writetaskstat exec_node_package_manager yarn
+ jq -nc --arg key exec_node_package_manager --arg value yarn '{ key: $key, value: $value }'
+ attempt_mode=squash
+ true
++ date -u +%Y-%m-%dT%H:%M:%SZ
+ writetaskstat timestamp_attempt_squash_begin 2024-03-05T07:09:49Z
+ jq -nc --arg key timestamp_attempt_squash_begin --arg value 2024-03-05T07:09:49Z '{ key: $key, value: $value }'
+ [[ squash == \s\q\u\a\s\h ]]
+ set +e
+ node /twcr/worker/../worker/squash-package.mjs tailwind.config.js
+ exitcode=0
+ set -e
+ [[ 0 != \0 ]]
+ cat package.json
+ sed 's/^/>>> /'
>>> {
>>>   "private": true,
>>>   "type": "module",
>>>   "devDependencies": {
>>>     "@tailwindcss/aspect-ratio": "^0.4.2",
>>>     "@tailwindcss/forms": "^0.5.6",
>>>     "@tailwindcss/typography": "^0.5.10",
>>>     "tailwindcss": "^3.3.3"
>>>   }
>>> }+ rm -f package-lock.json pnpm-lock.yaml yarn.lock
+ '[' ./ '!=' ./ ']'
+ set +e
+ /twcr/worker/../worker/pm-install.sh yarn /tmp/twcr-fcf872804364 /twcr/mnt/results
+ package_manager_name=yarn
+ procdir=/tmp/twcr-fcf872804364
+ datadir=/twcr/mnt/results
+ case "${package_manager_name}" in
+ '[' -z http://tid_e73021a234e4:ok@172.18.0.2:3128 ']'
+ yarn config set httpProxy http://tid_e73021a234e4:ok@172.18.0.2:3128
yarn config v1.22.19
success Set "httpProxy" to "http://tid_e73021a234e4:ok@172.18.0.2:3128".
Done in 0.04s.
+ '[' -z http://tid_e73021a234e4:ok@172.18.0.2:3128 ']'
+ yarn config set httpsProxy http://tid_e73021a234e4:ok@172.18.0.2:3128
yarn config v1.22.19
success Set "httpsProxy" to "http://tid_e73021a234e4:ok@172.18.0.2:3128".
Done in 0.03s.
+ yarn install
yarn install v1.22.19
info No lockfile found.
[1/4] Resolving packages...
(node:131) [DEP0040] DeprecationWarning: The `punycode` module is deprecated. Please use a userland alternative instead.
(Use `node --trace-deprecation ...` to show where the warning was created)
[2/4] Fetching packages...
[3/4] Linking dependencies...
[4/4] Building fresh packages...
success Saved lockfile.
Done in 9.16s.
+ yarn list --depth=0 --json --non-interactive --no-progress
+ jq -cr '
        [.. | .name?]
        | map(select(.))
        | map(capture("^(?<name>@?[^@]+)@(?<version>.+)$"))
        | sort_by(.name)[]'
+ exitcode=0
+ set -e
+ [[ 0 != \0 ]]
++ jq -sr 'map(select(.name == "tailwindcss")) | first | .version'
+ tailwind_package_version=3.4.1
+ tailwind_config_exporter=tailwind.config.exporter2.cjs
+ '[' -f node_modules/tailwindcss/lib/lib/load-config.js ']'
+ tailwind_config_exporter=tailwind.config.exporter3.mjs
+ cp /twcr/worker/../worker/tailwind.config.exporter3.mjs ./
+ set +e
+ node ./tailwind.config.exporter3.mjs tailwind.config.js
node:internal/modules/cjs/loader:1149
  const err = new Error(message);
              ^

Error: Cannot find module './vendor/wireui/wireui/tailwind.config.js'
Require stack:
- /tmp/twcr-fcf872804364/tailwind.config.js
    at Module._resolveFilename (node:internal/modules/cjs/loader:1149:15)
    at Function.resolve (node:internal/modules/helpers:187:19)
    at _resolve (/tmp/twcr-fcf872804364/node_modules/jiti/dist/jiti.js:1:251148)
    at jiti (/tmp/twcr-fcf872804364/node_modules/jiti/dist/jiti.js:1:253746)
    at /tmp/twcr-fcf872804364/tailwind.config.js:2:13
    at evalModule (/tmp/twcr-fcf872804364/node_modules/jiti/dist/jiti.js:1:256443)
    at jiti (/tmp/twcr-fcf872804364/node_modules/jiti/dist/jiti.js:1:254371)
    at /tmp/twcr-fcf872804364/node_modules/tailwindcss/lib/lib/load-config.js:48:30
    at Object.loadConfig (/tmp/twcr-fcf872804364/node_modules/tailwindcss/lib/lib/load-config.js:50:6)
    at file:///tmp/twcr-fcf872804364/tailwind.config.exporter3.mjs:5:28 {
  code: 'MODULE_NOT_FOUND',
  requireStack: [ '/tmp/twcr-fcf872804364/tailwind.config.js' ]
}

Node.js v21.6.2
+ exitcode=1
+ set -e
+ [[ 1 != \0 ]]
+ [[ squash == \s\q\u\a\s\h ]]
+ echo '[worker] WARN: exporter failed; retrying with full install'
[worker] WARN: exporter failed; retrying with full install
+ attempt_mode=full
+ continue
+ true
++ date -u +%Y-%m-%dT%H:%M:%SZ
+ writetaskstat timestamp_attempt_full_begin 2024-03-05T07:10:00Z
+ jq -nc --arg key timestamp_attempt_full_begin --arg value 2024-03-05T07:10:00Z '{ key: $key, value: $value }'
+ [[ full == \s\q\u\a\s\h ]]
+ git clean -fdx
Removing node_modules/
Removing tailwind.config.exporter3.mjs
+ git reset --hard
HEAD is now at 0d9071b Merge pull request #56 from wireui/adjust-switch-version
+ set +e
+ /twcr/worker/../worker/pm-install.sh yarn /tmp/twcr-fcf872804364 /twcr/mnt/results
+ package_manager_name=yarn
+ procdir=/tmp/twcr-fcf872804364
+ datadir=/twcr/mnt/results
+ case "${package_manager_name}" in
+ '[' -z http://tid_e73021a234e4:ok@172.18.0.2:3128 ']'
+ yarn config set httpProxy http://tid_e73021a234e4:ok@172.18.0.2:3128
yarn config v1.22.19
success Set "httpProxy" to "http://tid_e73021a234e4:ok@172.18.0.2:3128".
Done in 0.04s.
+ '[' -z http://tid_e73021a234e4:ok@172.18.0.2:3128 ']'
+ yarn config set httpsProxy http://tid_e73021a234e4:ok@172.18.0.2:3128
yarn config v1.22.19
success Set "httpsProxy" to "http://tid_e73021a234e4:ok@172.18.0.2:3128".
Done in 0.04s.
+ yarn install
yarn install v1.22.19
[1/4] Resolving packages...
[2/4] Fetching packages...
(node:235) [DEP0040] DeprecationWarning: The `punycode` module is deprecated. Please use a userland alternative instead.
(Use `node --trace-deprecation ...` to show where the warning was created)
[3/4] Linking dependencies...
[4/4] Building fresh packages...
Done in 8.93s.
+ yarn list --depth=0 --json --non-interactive --no-progress
+ jq -cr '
        [.. | .name?]
        | map(select(.))
        | map(capture("^(?<name>@?[^@]+)@(?<version>.+)$"))
        | sort_by(.name)[]'
+ exitcode=0
+ set -e
+ [[ 0 != \0 ]]
++ jq -sr 'map(select(.name == "tailwindcss")) | first | .version'
+ tailwind_package_version=3.3.3
+ tailwind_config_exporter=tailwind.config.exporter2.cjs
+ '[' -f node_modules/tailwindcss/lib/lib/load-config.js ']'
+ tailwind_config_exporter=tailwind.config.exporter3.mjs
+ cp /twcr/worker/../worker/tailwind.config.exporter3.mjs ./
+ set +e
+ node ./tailwind.config.exporter3.mjs tailwind.config.js
node:internal/modules/cjs/loader:1149
  const err = new Error(message);
              ^

Error: Cannot find module './vendor/wireui/wireui/tailwind.config.js'
Require stack:
- /tmp/twcr-fcf872804364/tailwind.config.js
    at Module._resolveFilename (node:internal/modules/cjs/loader:1149:15)
    at Function.resolve (node:internal/modules/helpers:187:19)
    at _resolve (/tmp/twcr-fcf872804364/node_modules/jiti/dist/jiti.js:1:250334)
    at jiti (/tmp/twcr-fcf872804364/node_modules/jiti/dist/jiti.js:1:252917)
    at /tmp/twcr-fcf872804364/tailwind.config.js:2:13
    at evalModule (/tmp/twcr-fcf872804364/node_modules/jiti/dist/jiti.js:1:255614)
    at jiti (/tmp/twcr-fcf872804364/node_modules/jiti/dist/jiti.js:1:253542)
    at /tmp/twcr-fcf872804364/node_modules/tailwindcss/lib/lib/load-config.js:37:30
    at Object.loadConfig (/tmp/twcr-fcf872804364/node_modules/tailwindcss/lib/lib/load-config.js:39:6)
    at file:///tmp/twcr-fcf872804364/tailwind.config.exporter3.mjs:5:28 {
  code: 'MODULE_NOT_FOUND',
  requireStack: [ '/tmp/twcr-fcf872804364/tailwind.config.js' ]
}

Node.js v21.6.2
+ exitcode=1
+ set -e
+ [[ 1 != \0 ]]
+ [[ full == \s\q\u\a\s\h ]]
+ exit 1
