==== RUN-DOCKER
+++ dirname -- ./worker/run.sh
++ cd -- ./worker
++ pwd
+ twcrdir=/twcr/worker/..
+ repo=github.com/jbrodriguez/unbalance
+ reporef=main
+ repopath=./ui
+ '[' true == true ']'
+ grep -q '^././'
++ echo github.com/jbrodriguez/unbalance
++ sha256sum
++ awk '{ print $1 }'
++ cut -c1-12
+ procdir=/tmp/twcr-97528a25b3ef
++ echo 'github.com/jbrodriguez/unbalance;main;./ui'
++ sha256sum
++ awk '{ print $1 }'
++ cut -c1-12
+ datadir=/twcr/worker/../mnt/dataset/data/5297728e60cc
+ '[' '!' -z /twcr/mnt/results ']'
+ datadir=/twcr/mnt/results
+ touch /twcr/mnt/results/extract-failed
++ base64
++ tr -d =
++ tr /+ _-
++ base64
++ tr -d =
++ tr /+ _-
+ writetaskstat analysis_key github.com/jbrodriguez/unbalance/bWFpbgo/Li91aQo
+ jq -nc --arg key analysis_key --arg value github.com/jbrodriguez/unbalance/bWFpbgo/Li91aQo '{ key: $key, value: $value }'
++ date -u +%Y%m%d%H%M%S
++ sha256sum
++ awk '{ print $1 }'
++ cut -c1-16
++ head -c 32 /dev/urandom
+ writetaskstat analysis_nonce 4353a1f1ef5bf508
+ jq -nc --arg key analysis_nonce --arg value 4353a1f1ef5bf508 '{ key: $key, value: $value }'
+ writetaskstat input_repo_name github.com/jbrodriguez/unbalance
+ jq -nc --arg key input_repo_name --arg value github.com/jbrodriguez/unbalance '{ key: $key, value: $value }'
+ writetaskstat input_repo_ref main
+ jq -nc --arg key input_repo_ref --arg value main '{ key: $key, value: $value }'
+ writetaskstat input_repo_path ./ui
+ jq -nc --arg key input_repo_path --arg value ./ui '{ key: $key, value: $value }'
++ date -u +%Y-%m-%dT%H:%M:%SZ
+ writetaskstat timestamp_begin 2024-03-05T01:37:39Z
+ jq -nc --arg key timestamp_begin --arg value 2024-03-05T01:37:39Z '{ key: $key, value: $value }'
+ mkdir -p /tmp/twcr-97528a25b3ef
+ pushd /tmp/twcr-97528a25b3ef
+ '[' -d .git ']'
+ git clone --depth=1 -b main https://github.com/jbrodriguez/unbalance.git .
/tmp/twcr-97528a25b3ef /twcr
Cloning into '.'...
++ date -u +%Y-%m-%dT%H:%M:%SZ
+ writetaskstat timestamp_git_clone_complete 2024-03-05T01:37:40Z
+ jq -nc --arg key timestamp_git_clone_complete --arg value 2024-03-05T01:37:40Z '{ key: $key, value: $value }'
++ git rev-parse HEAD
+ writetaskstat exec_repo_commit_sha 66d6e6ebfb125cd0d3b107058307149e596e982a
+ jq -nc --arg key exec_repo_commit_sha --arg value 66d6e6ebfb125cd0d3b107058307149e596e982a '{ key: $key, value: $value }'
+++ git show --no-patch --format=%ci
++ date -u --date '2024-01-26 10:20:52 -0500' +%Y-%m-%dT%H:%M:%SZ
+ writetaskstat exec_repo_commit_date 2024-01-26T15:20:52Z
+ jq -nc --arg key exec_repo_commit_date --arg value 2024-01-26T15:20:52Z '{ key: $key, value: $value }'
+ '[' -z ./ui ']'
+ pushd ./ui
+ tailwind_config_file_name=
+ '[' -f tailwind.config.js ']'
+ tailwind_config_file_name=tailwind.config.js
+ writetaskstat exec_tailwind_config_file tailwind.config.js
+ jq -nc --arg key exec_tailwind_config_file --arg value tailwind.config.js '{ key: $key, value: $value }'
/tmp/twcr-97528a25b3ef/ui /tmp/twcr-97528a25b3ef /twcr
+ cp tailwind.config.js /twcr/mnt/results/extract-raw-tailwind-config.js
+ '[' '!' -f package.json ']'
+ cp package.json /twcr/mnt/results/extract-raw-package.json
++ /twcr/worker/../worker/pm-detect.sh /tmp/twcr-97528a25b3ef/ui
+ package_manager_name=
+ '[' -z '' ']'
+ '[' ./ui '!=' ./ ']'
++ /twcr/worker/../worker/pm-detect.sh /tmp/twcr-97528a25b3ef
grep: /tmp/twcr-97528a25b3ef/package.json: No such file or directory
grep: /tmp/twcr-97528a25b3ef/package.json: No such file or directory
grep: /tmp/twcr-97528a25b3ef/package.json: No such file or directory
/twcr/worker/../worker/pm-detect.sh: line 17: /tmp/twcr-97528a25b3ef/package.json: No such file or directory
+ package_manager_name=
+ '[' -z '' ']'
+ package_manager_name=npm
+ writetaskstat exec_node_package_manager npm
+ jq -nc --arg key exec_node_package_manager --arg value npm '{ key: $key, value: $value }'
+ attempt_mode=squash
+ true
++ date -u +%Y-%m-%dT%H:%M:%SZ
+ writetaskstat timestamp_attempt_squash_begin 2024-03-05T01:37:40Z
+ jq -nc --arg key timestamp_attempt_squash_begin --arg value 2024-03-05T01:37:40Z '{ key: $key, value: $value }'
+ [[ squash == \s\q\u\a\s\h ]]
+ set +e
+ node /twcr/worker/../worker/squash-package.mjs tailwind.config.js
+ exitcode=0
+ set -e
+ [[ 0 != \0 ]]
+ cat package.json
+ sed 's/^/>>> /'
>>> {
>>>   "name": "ui",
>>>   "private": true,
>>>   "version": "0.0.0",
>>>   "type": "module",
>>>   "dependencies": {
>>>     "tailwindcss-animate": "^1.0.7"
>>>   },
>>>   "devDependencies": {
>>>     "tailwindcss": "^3.4.1"
>>>   }
>>> }+ rm -f package-lock.json pnpm-lock.yaml yarn.lock
+ '[' ./ui '!=' ./ ']'
+ rm -f /tmp/twcr-97528a25b3ef/package.json /tmp/twcr-97528a25b3ef/package-lock.json /tmp/twcr-97528a25b3ef/pnpm-lock.yaml /tmp/twcr-97528a25b3ef/yarn.lock
+ set +e
+ /twcr/worker/../worker/pm-install.sh npm /tmp/twcr-97528a25b3ef /twcr/mnt/results
+ package_manager_name=npm
+ procdir=/tmp/twcr-97528a25b3ef
+ datadir=/twcr/mnt/results
+ case "${package_manager_name}" in
++ '[' -f package-lock.json ']'
++ echo install
+ npm install --ignore-engines

added 113 packages, and audited 114 packages in 5s

28 packages are looking for funding
  run `npm fund` for details

found 0 vulnerabilities
npm notice 
npm notice New minor version of npm available! 10.2.4 -> 10.5.0
npm notice Changelog: <https://github.com/npm/cli/releases/tag/v10.5.0>
npm notice Run `npm install -g npm@10.5.0` to update!
npm notice 
+ npm query '*'
+ jq -cr '
        map({ name: .name, version: .version })
        | map(select(.name))
        | sort_by(.name)[]
      '
+ exitcode=0
+ set -e
+ [[ 0 != \0 ]]
++ jq -sr 'map(select(.name == "tailwindcss")) | first | .version'
+ tailwind_package_version=3.4.1
+ tailwind_config_exporter=tailwind.config.exporter2.cjs
+ '[' -f node_modules/tailwindcss/lib/lib/load-config.js ']'
+ tailwind_config_exporter=tailwind.config.exporter3.mjs
+ cp /twcr/worker/../worker/tailwind.config.exporter3.mjs ./
+ set +e
+ node ./tailwind.config.exporter3.mjs tailwind.config.js
+ exitcode=0
+ set -e
+ [[ 0 != \0 ]]
+ echo 'module.exports={plugins:['
+ jq -rs '
        map(select(.name | startswith("@tailwindcss/")))
        | map("require(" + ( .name | tojson ) + "),")[]
      '
+ grep -Ev '"@tailwindcss/postcss7-compat"'
+ true
+ echo ']}'
+ cat tailwind.config.js
+ sed 's/^/>>> /'
>>> module.exports={plugins:[
>>> ]}
+ node ./tailwind.config.exporter3.mjs tailwind.config.js
++ date -u +%Y-%m-%dT%H:%M:%SZ
+ writetaskstat timestamp_attempt_squash_end 2024-03-05T01:37:46Z
+ jq -nc --arg key timestamp_attempt_squash_end --arg value 2024-03-05T01:37:46Z '{ key: $key, value: $value }'
+ break
++ date -u +%Y-%m-%dT%H:%M:%SZ
+ writetaskstat timestamp_end 2024-03-05T01:37:46Z
+ jq -nc --arg key timestamp_end --arg value 2024-03-05T01:37:46Z '{ key: $key, value: $value }'
+ rm /twcr/mnt/results/extract-failed
+ touch /twcr/mnt/results/extract-completed
