==== RUN-DOCKER
+++ dirname -- ./worker/run.sh
++ cd -- ./worker
++ pwd
+ twcrdir=/twcr/worker/..
+ repo=github.com/rgossiaux/svelte-headlessui
+ reporef=master
+ repopath=./
+ '[' true == true ']'
+ grep -q '^././'
++ echo github.com/rgossiaux/svelte-headlessui
++ sha256sum
++ awk '{ print $1 }'
++ cut -c1-12
+ procdir=/tmp/twcr-035d9b9541a3
++ echo 'github.com/rgossiaux/svelte-headlessui;master;./'
++ sha256sum
++ awk '{ print $1 }'
++ cut -c1-12
+ datadir=/twcr/worker/../mnt/dataset/data/a0d180ca0b21
+ '[' '!' -z /twcr/mnt/results ']'
+ datadir=/twcr/mnt/results
+ touch /twcr/mnt/results/extract-failed
++ base64
++ tr -d =
++ tr /+ _-
++ base64
++ tr -d =
++ tr /+ _-
+ writetaskstat analysis_key github.com/rgossiaux/svelte-headlessui/bWFzdGVyCg/Li8K
+ jq -nc --arg key analysis_key --arg value github.com/rgossiaux/svelte-headlessui/bWFzdGVyCg/Li8K '{ key: $key, value: $value }'
++ date -u +%Y%m%d%H%M%S
++ sha256sum
++ awk '{ print $1 }'
++ cut -c1-16
++ head -c 32 /dev/urandom
+ writetaskstat analysis_nonce 2ad3fa6992810877
+ jq -nc --arg key analysis_nonce --arg value 2ad3fa6992810877 '{ key: $key, value: $value }'
+ writetaskstat input_repo_name github.com/rgossiaux/svelte-headlessui
+ jq -nc --arg key input_repo_name --arg value github.com/rgossiaux/svelte-headlessui '{ key: $key, value: $value }'
+ writetaskstat input_repo_ref master
+ jq -nc --arg key input_repo_ref --arg value master '{ key: $key, value: $value }'
+ writetaskstat input_repo_path ./
+ jq -nc --arg key input_repo_path --arg value ./ '{ key: $key, value: $value }'
++ date -u +%Y-%m-%dT%H:%M:%SZ
+ writetaskstat timestamp_begin 2024-03-04T02:47:43Z
+ jq -nc --arg key timestamp_begin --arg value 2024-03-04T02:47:43Z '{ key: $key, value: $value }'
+ mkdir -p /tmp/twcr-035d9b9541a3
/tmp/twcr-035d9b9541a3 /twcr
+ pushd /tmp/twcr-035d9b9541a3
+ '[' -d .git ']'
+ git clone --depth=1 -b master https://github.com/rgossiaux/svelte-headlessui.git .
Cloning into '.'...
++ date -u +%Y-%m-%dT%H:%M:%SZ
+ writetaskstat timestamp_git_clone_complete 2024-03-04T02:47:44Z
+ jq -nc --arg key timestamp_git_clone_complete --arg value 2024-03-04T02:47:44Z '{ key: $key, value: $value }'
++ git rev-parse HEAD
+ writetaskstat exec_repo_commit_sha 1b3cb7da17af89639126da8fd08406672260616f
+ jq -nc --arg key exec_repo_commit_sha --arg value 1b3cb7da17af89639126da8fd08406672260616f '{ key: $key, value: $value }'
+++ git show --no-patch --format=%ci
++ date -u --date '2023-07-11 13:24:35 -0700' +%Y-%m-%dT%H:%M:%SZ
+ writetaskstat exec_repo_commit_date 2023-07-11T20:24:35Z
+ jq -nc --arg key exec_repo_commit_date --arg value 2023-07-11T20:24:35Z '{ key: $key, value: $value }'
+ '[' -z ./ ']'
+ pushd ./
+ tailwind_config_file_name=
+ '[' -f tailwind.config.js ']'
+ '[' -f tailwind.config.cjs ']'
+ tailwind_config_file_name=tailwind.config.cjs
+ writetaskstat exec_tailwind_config_file tailwind.config.cjs
+ jq -nc --arg key exec_tailwind_config_file --arg value tailwind.config.cjs '{ key: $key, value: $value }'
/tmp/twcr-035d9b9541a3 /tmp/twcr-035d9b9541a3 /twcr
+ cp tailwind.config.cjs /twcr/mnt/results/extract-raw-tailwind-config.js
+ '[' '!' -f package.json ']'
+ cp package.json /twcr/mnt/results/extract-raw-package.json
++ /twcr/worker/../worker/pm-detect.sh /tmp/twcr-035d9b9541a3
+ package_manager_name=
+ '[' -z '' ']'
+ '[' ./ '!=' ./ ']'
+ '[' -z '' ']'
+ package_manager_name=npm
+ writetaskstat exec_node_package_manager npm
+ jq -nc --arg key exec_node_package_manager --arg value npm '{ key: $key, value: $value }'
+ attempt_mode=squash
+ true
++ date -u +%Y-%m-%dT%H:%M:%SZ
+ writetaskstat timestamp_attempt_squash_begin 2024-03-04T02:47:44Z
+ jq -nc --arg key timestamp_attempt_squash_begin --arg value 2024-03-04T02:47:44Z '{ key: $key, value: $value }'
+ [[ squash == \s\q\u\a\s\h ]]
+ set +e
+ node /twcr/worker/../worker/squash-package.mjs tailwind.config.cjs
+ exitcode=0
+ set -e
+ [[ 0 != \0 ]]
+ cat package.json
+ sed 's/^/>>> /'
>>> {
>>>   "name": "@rgossiaux/svelte-headlessui",
>>>   "description": "A complete, full-featured, unofficial Svelte port of Headless UI, an unstyled, fully accessible UI component library.",
>>>   "keywords": [
>>>     "svelte",
>>>     "headlessui",
>>>     "svelte3",
>>>     "svelte-components",
>>>     "headless",
>>>     "sveltejs"
>>>   ],
>>>   "homepage": "https://svelte-headlessui.goss.io",
>>>   "bugs": {
>>>     "url": "https://github.com/rgossiaux/svelte-headlessui/issues"
>>>   },
>>>   "license": "MIT",
>>>   "repository": "github:rgossiaux/svelte-headlessui",
>>>   "version": "2.0.0",
>>>   "peerDependencies": {},
>>>   "devDependencies": {
>>>     "@tailwindcss/forms": "^0.4.0",
>>>     "@tailwindcss/typography": "^0.5.0",
>>>     "tailwindcss": "^3.0.0"
>>>   },
>>>   "type": "module"
>>> }+ rm -f package-lock.json pnpm-lock.yaml yarn.lock
+ '[' ./ '!=' ./ ']'
+ set +e
+ /twcr/worker/../worker/pm-install.sh npm /tmp/twcr-035d9b9541a3 /twcr/mnt/results
+ package_manager_name=npm
+ procdir=/tmp/twcr-035d9b9541a3
+ datadir=/twcr/mnt/results
+ case "${package_manager_name}" in
++ '[' -f package-lock.json ']'
++ echo install
+ npm install --ignore-engines

added 120 packages, and audited 121 packages in 4s

28 packages are looking for funding
  run `npm fund` for details

found 0 vulnerabilities
npm notice 
npm notice New minor version of npm available! 10.2.4 -> 10.5.0
npm notice Changelog: <https://github.com/npm/cli/releases/tag/v10.5.0>
npm notice Run `npm install -g npm@10.5.0` to update!
npm notice 
+ npm query '*'
+ jq -cr '
        map({ name: .name, version: .version })
        | map(select(.name))
        | sort_by(.name)[]
      '
+ exitcode=0
+ set -e
+ [[ 0 != \0 ]]
++ jq -sr 'map(select(.name == "tailwindcss")) | first | .version'
+ tailwind_package_version=3.4.1
+ tailwind_config_exporter=tailwind.config.exporter2.cjs
+ '[' -f node_modules/tailwindcss/lib/lib/load-config.js ']'
+ tailwind_config_exporter=tailwind.config.exporter3.mjs
+ cp /twcr/worker/../worker/tailwind.config.exporter3.mjs ./
+ set +e
+ node ./tailwind.config.exporter3.mjs tailwind.config.cjs
+ exitcode=0
+ set -e
+ [[ 0 != \0 ]]
+ echo 'module.exports={plugins:['
+ jq -rs '
        map(select(.name | startswith("@tailwindcss/")))
        | map("require(" + ( .name | tojson ) + "),")[]
      '
+ grep -Ev '"@tailwindcss/postcss7-compat"'
+ echo ']}'
+ cat tailwind.config.cjs
+ sed 's/^/>>> /'
>>> module.exports={plugins:[
>>> require("@tailwindcss/forms"),
>>> require("@tailwindcss/typography"),
>>> ]}
+ node ./tailwind.config.exporter3.mjs tailwind.config.cjs
++ date -u +%Y-%m-%dT%H:%M:%SZ
+ writetaskstat timestamp_attempt_squash_end 2024-03-04T02:47:50Z
+ jq -nc --arg key timestamp_attempt_squash_end --arg value 2024-03-04T02:47:50Z '{ key: $key, value: $value }'
+ break
++ date -u +%Y-%m-%dT%H:%M:%SZ
+ writetaskstat timestamp_end 2024-03-04T02:47:50Z
+ jq -nc --arg key timestamp_end --arg value 2024-03-04T02:47:50Z '{ key: $key, value: $value }'
+ rm /twcr/mnt/results/extract-failed
+ touch /twcr/mnt/results/extract-completed
