==== RUN-DOCKER
+++ dirname -- ./worker/run.sh
++ cd -- ./worker
++ pwd
+ twcrdir=/twcr/worker/..
+ repo=github.com/facebook/lexical
+ reporef=main
+ repopath=./packages/lexical-website
+ '[' true == true ']'
+ grep -q '^././'
++ echo github.com/facebook/lexical
++ sha256sum
++ awk '{ print $1 }'
++ cut -c1-12
+ procdir=/tmp/twcr-f83732ec0f96
++ echo 'github.com/facebook/lexical;main;./packages/lexical-website'
++ sha256sum
++ awk '{ print $1 }'
++ cut -c1-12
+ datadir=/twcr/worker/../mnt/dataset/data/4d1b3d2c4b2d
+ '[' '!' -z /twcr/mnt/results ']'
+ datadir=/twcr/mnt/results
+ touch /twcr/mnt/results/extract-failed
++ base64
++ tr -d =
++ tr /+ _-
++ base64
++ tr -d =
++ tr /+ _-
+ writetaskstat analysis_key github.com/facebook/lexical/bWFpbgo/Li9wYWNrYWdlcy9sZXhpY2FsLXdlYnNpdGUK
+ jq -nc --arg key analysis_key --arg value github.com/facebook/lexical/bWFpbgo/Li9wYWNrYWdlcy9sZXhpY2FsLXdlYnNpdGUK '{ key: $key, value: $value }'
++ date -u +%Y%m%d%H%M%S
++ sha256sum
++ awk '{ print $1 }'
++ cut -c1-16
++ head -c 32 /dev/urandom
+ writetaskstat analysis_nonce 7392a16de93fccb0
+ jq -nc --arg key analysis_nonce --arg value 7392a16de93fccb0 '{ key: $key, value: $value }'
+ writetaskstat input_repo_name github.com/facebook/lexical
+ jq -nc --arg key input_repo_name --arg value github.com/facebook/lexical '{ key: $key, value: $value }'
+ writetaskstat input_repo_ref main
+ jq -nc --arg key input_repo_ref --arg value main '{ key: $key, value: $value }'
+ writetaskstat input_repo_path ./packages/lexical-website
+ jq -nc --arg key input_repo_path --arg value ./packages/lexical-website '{ key: $key, value: $value }'
++ date -u +%Y-%m-%dT%H:%M:%SZ
+ writetaskstat timestamp_begin 2024-03-04T20:20:56Z
+ jq -nc --arg key timestamp_begin --arg value 2024-03-04T20:20:56Z '{ key: $key, value: $value }'
+ mkdir -p /tmp/twcr-f83732ec0f96
/tmp/twcr-f83732ec0f96 /twcr
+ pushd /tmp/twcr-f83732ec0f96
+ '[' -d .git ']'
+ git clone --depth=1 -b main https://github.com/facebook/lexical.git .
Cloning into '.'...
++ date -u +%Y-%m-%dT%H:%M:%SZ
+ writetaskstat timestamp_git_clone_complete 2024-03-04T20:20:58Z
+ jq -nc --arg key timestamp_git_clone_complete --arg value 2024-03-04T20:20:58Z '{ key: $key, value: $value }'
++ git rev-parse HEAD
+ writetaskstat exec_repo_commit_sha 7a62b6ed35b87eda7ad924b0643f3c4fcc115ac7
+ jq -nc --arg key exec_repo_commit_sha --arg value 7a62b6ed35b87eda7ad924b0643f3c4fcc115ac7 '{ key: $key, value: $value }'
+++ git show --no-patch --format=%ci
++ date -u --date '2024-03-02 12:00:35 -0700' +%Y-%m-%dT%H:%M:%SZ
+ writetaskstat exec_repo_commit_date 2024-03-02T19:00:35Z
+ jq -nc --arg key exec_repo_commit_date --arg value 2024-03-02T19:00:35Z '{ key: $key, value: $value }'
/tmp/twcr-f83732ec0f96/packages/lexical-website /tmp/twcr-f83732ec0f96 /twcr
+ '[' -z ./packages/lexical-website ']'
+ pushd ./packages/lexical-website
+ tailwind_config_file_name=
+ '[' -f tailwind.config.js ']'
+ tailwind_config_file_name=tailwind.config.js
+ writetaskstat exec_tailwind_config_file tailwind.config.js
+ jq -nc --arg key exec_tailwind_config_file --arg value tailwind.config.js '{ key: $key, value: $value }'
+ cp tailwind.config.js /twcr/mnt/results/extract-raw-tailwind-config.js
+ '[' '!' -f package.json ']'
+ cp package.json /twcr/mnt/results/extract-raw-package.json
++ /twcr/worker/../worker/pm-detect.sh /tmp/twcr-f83732ec0f96/packages/lexical-website
+ package_manager_name=
+ '[' -z '' ']'
+ '[' ./packages/lexical-website '!=' ./ ']'
++ /twcr/worker/../worker/pm-detect.sh /tmp/twcr-f83732ec0f96
+ package_manager_name=
+ '[' -z '' ']'
+ package_manager_name=npm
+ writetaskstat exec_node_package_manager npm
+ jq -nc --arg key exec_node_package_manager --arg value npm '{ key: $key, value: $value }'
+ attempt_mode=squash
+ true
++ date -u +%Y-%m-%dT%H:%M:%SZ
+ writetaskstat timestamp_attempt_squash_begin 2024-03-04T20:20:58Z
+ jq -nc --arg key timestamp_attempt_squash_begin --arg value 2024-03-04T20:20:58Z '{ key: $key, value: $value }'
+ [[ squash == \s\q\u\a\s\h ]]
+ set +e
+ node /twcr/worker/../worker/squash-package.mjs tailwind.config.js
+ exitcode=0
+ set -e
+ [[ 0 != \0 ]]
+ cat package.json
+ sed 's/^/>>> /'
>>> {
>>>   "name": "@lexical/website",
>>>   "version": "0.0.0",
>>>   "private": true,
>>>   "dependencies": {},
>>>   "devDependencies": {
>>>     "tailwindcss": "^3.3.3"
>>>   },
>>>   "browserslist": {
>>>     "production": [
>>>       ">0.5%",
>>>       "not dead",
>>>       "not op_mini all"
>>>     ],
>>>     "development": [
>>>       "last 1 chrome version",
>>>       "last 1 firefox version",
>>>       "last 1 safari version"
>>>     ]
>>>   },
>>>   "overrides": {
>>>     "react": "^18.0.0-alpha-64931821a-20210808",
>>>     "react-dom": "^18.0.0-alpha-64931821a-20210808"
>>>   }
>>> }+ rm -f package-lock.json pnpm-lock.yaml yarn.lock
+ '[' ./packages/lexical-website '!=' ./ ']'
+ rm -f /tmp/twcr-f83732ec0f96/package.json /tmp/twcr-f83732ec0f96/package-lock.json /tmp/twcr-f83732ec0f96/pnpm-lock.yaml /tmp/twcr-f83732ec0f96/yarn.lock
+ set +e
+ /twcr/worker/../worker/pm-install.sh npm /tmp/twcr-f83732ec0f96 /twcr/mnt/results
+ package_manager_name=npm
+ procdir=/tmp/twcr-f83732ec0f96
+ datadir=/twcr/mnt/results
+ case "${package_manager_name}" in
++ '[' -f package-lock.json ']'
++ echo install
+ npm install --ignore-engines

added 112 packages, and audited 113 packages in 6s

28 packages are looking for funding
  run `npm fund` for details

found 0 vulnerabilities
npm notice 
npm notice New minor version of npm available! 10.2.4 -> 10.5.0
npm notice Changelog: <https://github.com/npm/cli/releases/tag/v10.5.0>
npm notice Run `npm install -g npm@10.5.0` to update!
npm notice 
+ npm query '*'
+ jq -cr '
        map({ name: .name, version: .version })
        | map(select(.name))
        | sort_by(.name)[]
      '
+ exitcode=0
+ set -e
+ [[ 0 != \0 ]]
++ jq -sr 'map(select(.name == "tailwindcss")) | first | .version'
+ tailwind_package_version=3.4.1
+ tailwind_config_exporter=tailwind.config.exporter2.cjs
+ '[' -f node_modules/tailwindcss/lib/lib/load-config.js ']'
+ tailwind_config_exporter=tailwind.config.exporter3.mjs
+ cp /twcr/worker/../worker/tailwind.config.exporter3.mjs ./
+ set +e
+ node ./tailwind.config.exporter3.mjs tailwind.config.js
+ exitcode=0
+ set -e
+ [[ 0 != \0 ]]
+ echo 'module.exports={plugins:['
+ jq -rs '
        map(select(.name | startswith("@tailwindcss/")))
        | map("require(" + ( .name | tojson ) + "),")[]
      '
+ grep -Ev '"@tailwindcss/postcss7-compat"'
+ true
+ echo ']}'
+ cat tailwind.config.js
+ sed 's/^/>>> /'
>>> module.exports={plugins:[
>>> ]}
+ node ./tailwind.config.exporter3.mjs tailwind.config.js
++ date -u +%Y-%m-%dT%H:%M:%SZ
+ writetaskstat timestamp_attempt_squash_end 2024-03-04T20:21:06Z
+ jq -nc --arg key timestamp_attempt_squash_end --arg value 2024-03-04T20:21:06Z '{ key: $key, value: $value }'
+ break
++ date -u +%Y-%m-%dT%H:%M:%SZ
+ writetaskstat timestamp_end 2024-03-04T20:21:06Z
+ jq -nc --arg key timestamp_end --arg value 2024-03-04T20:21:06Z '{ key: $key, value: $value }'
+ rm /twcr/mnt/results/extract-failed
+ touch /twcr/mnt/results/extract-completed
