==== RUN-DOCKER
+++ dirname -- ./worker/run.sh
++ cd -- ./worker
++ pwd
+ twcrdir=/twcr/worker/..
+ repo=github.com/elixir-cloud-aai/web-components
+ reporef=master
+ repopath=./
+ '[' true == true ']'
+ grep -q '^././'
++ sha256sum
++ echo github.com/elixir-cloud-aai/web-components
++ awk '{ print $1 }'
++ cut -c1-12
+ procdir=/tmp/twcr-8fa705171597
++ echo 'github.com/elixir-cloud-aai/web-components;master;./'
++ sha256sum
++ awk '{ print $1 }'
++ cut -c1-12
+ datadir=/twcr/worker/../mnt/dataset/data/2a042eee7ea5
+ '[' '!' -z /twcr/mnt/results ']'
+ datadir=/twcr/mnt/results
+ touch /twcr/mnt/results/extract-failed
++ base64
++ tr -d =
++ tr /+ _-
++ base64
++ tr -d =
++ tr /+ _-
+ writetaskstat analysis_key github.com/elixir-cloud-aai/web-components/bWFzdGVyCg/Li8K
+ jq -nc --arg key analysis_key --arg value github.com/elixir-cloud-aai/web-components/bWFzdGVyCg/Li8K '{ key: $key, value: $value }'
++ date -u +%Y%m%d%H%M%S
++ sha256sum
++ awk '{ print $1 }'
++ cut -c1-16
++ head -c 32 /dev/urandom
+ writetaskstat analysis_nonce 546285d59d0dbdaa
+ jq -nc --arg key analysis_nonce --arg value 546285d59d0dbdaa '{ key: $key, value: $value }'
+ writetaskstat input_repo_name github.com/elixir-cloud-aai/web-components
+ jq -nc --arg key input_repo_name --arg value github.com/elixir-cloud-aai/web-components '{ key: $key, value: $value }'
+ writetaskstat input_repo_ref master
+ jq -nc --arg key input_repo_ref --arg value master '{ key: $key, value: $value }'
+ writetaskstat input_repo_path ./
+ jq -nc --arg key input_repo_path --arg value ./ '{ key: $key, value: $value }'
++ date -u +%Y-%m-%dT%H:%M:%SZ
+ writetaskstat timestamp_begin 2024-03-05T13:25:43Z
+ jq -nc --arg key timestamp_begin --arg value 2024-03-05T13:25:43Z '{ key: $key, value: $value }'
+ mkdir -p /tmp/twcr-8fa705171597
/tmp/twcr-8fa705171597 /twcr
+ pushd /tmp/twcr-8fa705171597
+ '[' -d .git ']'
+ git clone --depth=1 -b master https://github.com/elixir-cloud-aai/web-components.git .
Cloning into '.'...
++ date -u +%Y-%m-%dT%H:%M:%SZ
+ writetaskstat timestamp_git_clone_complete 2024-03-05T13:25:43Z
+ jq -nc --arg key timestamp_git_clone_complete --arg value 2024-03-05T13:25:43Z '{ key: $key, value: $value }'
++ git rev-parse HEAD
+ writetaskstat exec_repo_commit_sha 1c28f7bf622c019ae6e0ad64a7eb96ad43bbf8cc
+ jq -nc --arg key exec_repo_commit_sha --arg value 1c28f7bf622c019ae6e0ad64a7eb96ad43bbf8cc '{ key: $key, value: $value }'
+++ git show --no-patch --format=%ci
++ date -u --date '2023-03-26 21:19:20 +0530' +%Y-%m-%dT%H:%M:%SZ
+ writetaskstat exec_repo_commit_date 2023-03-26T15:49:20Z
+ jq -nc --arg key exec_repo_commit_date --arg value 2023-03-26T15:49:20Z '{ key: $key, value: $value }'
/tmp/twcr-8fa705171597 /tmp/twcr-8fa705171597 /twcr
+ '[' -z ./ ']'
+ pushd ./
+ tailwind_config_file_name=
+ '[' -f tailwind.config.js ']'
+ tailwind_config_file_name=tailwind.config.js
+ writetaskstat exec_tailwind_config_file tailwind.config.js
+ jq -nc --arg key exec_tailwind_config_file --arg value tailwind.config.js '{ key: $key, value: $value }'
+ cp tailwind.config.js /twcr/mnt/results/extract-raw-tailwind-config.js
+ '[' '!' -f package.json ']'
+ cp package.json /twcr/mnt/results/extract-raw-package.json
++ /twcr/worker/../worker/pm-detect.sh /tmp/twcr-8fa705171597
+ package_manager_name=
+ '[' -z '' ']'
+ '[' ./ '!=' ./ ']'
+ '[' -z '' ']'
+ package_manager_name=npm
+ writetaskstat exec_node_package_manager npm
+ jq -nc --arg key exec_node_package_manager --arg value npm '{ key: $key, value: $value }'
+ attempt_mode=squash
+ true
++ date -u +%Y-%m-%dT%H:%M:%SZ
+ writetaskstat timestamp_attempt_squash_begin 2024-03-05T13:25:43Z
+ jq -nc --arg key timestamp_attempt_squash_begin --arg value 2024-03-05T13:25:43Z '{ key: $key, value: $value }'
+ [[ squash == \s\q\u\a\s\h ]]
+ set +e
+ node /twcr/worker/../worker/squash-package.mjs tailwind.config.js
+ exitcode=0
+ set -e
+ [[ 0 != \0 ]]
+ cat package.json
+ sed 's/^/>>> /'
>>> {
>>>   "name": "elixir-cloud-components",
>>>   "version": "1.2.0",
>>>   "description": "Stencil Component Starter",
>>>   "main": "dist/index.cjs.js",
>>>   "module": "dist/custom-elements/index.js",
>>>   "es2015": "dist/esm/index.mjs",
>>>   "es2017": "dist/esm/index.mjs",
>>>   "types": "dist/custom-elements/index.d.ts",
>>>   "collection": "dist/collection/collection-manifest.json",
>>>   "collection:main": "dist/collection/index.js",
>>>   "unpkg": "dist/web-components/web-components.esm.js",
>>>   "homepage": "https://web-components-beta.vercel.app/",
>>>   "files": [
>>>     "dist/",
>>>     "loader/"
>>>   ],
>>>   "devDependencies": {
>>>     "tailwindcss": "^2.1.4"
>>>   },
>>>   "license": "MIT",
>>>   "dependencies": {}
>>> }+ rm -f package-lock.json pnpm-lock.yaml yarn.lock
+ '[' ./ '!=' ./ ']'
+ set +e
+ /twcr/worker/../worker/pm-install.sh npm /tmp/twcr-8fa705171597 /twcr/mnt/results
+ package_manager_name=npm
+ procdir=/tmp/twcr-8fa705171597
+ datadir=/twcr/mnt/results
+ case "${package_manager_name}" in
++ '[' -f package-lock.json ']'
++ echo install
+ npm install --ignore-engines

added 142 packages, and audited 143 packages in 6s

28 packages are looking for funding
  run `npm fund` for details

found 0 vulnerabilities
npm notice 
npm notice New minor version of npm available! 10.2.4 -> 10.5.0
npm notice Changelog: <https://github.com/npm/cli/releases/tag/v10.5.0>
npm notice Run `npm install -g npm@10.5.0` to update!
npm notice 
+ npm query '*'
+ jq -cr '
        map({ name: .name, version: .version })
        | map(select(.name))
        | sort_by(.name)[]
      '
+ exitcode=0
+ set -e
+ [[ 0 != \0 ]]
++ jq -sr 'map(select(.name == "tailwindcss")) | first | .version'
+ tailwind_package_version=2.2.19
+ tailwind_config_exporter=tailwind.config.exporter2.cjs
+ '[' -f node_modules/tailwindcss/lib/lib/load-config.js ']'
+ cp /twcr/worker/../worker/tailwind.config.exporter2.cjs ./
+ set +e
+ node ./tailwind.config.exporter2.cjs tailwind.config.js
+ exitcode=0
+ set -e
+ [[ 0 != \0 ]]
+ echo 'module.exports={plugins:['
+ jq -rs '
        map(select(.name | startswith("@tailwindcss/")))
        | map("require(" + ( .name | tojson ) + "),")[]
      '
+ grep -Ev '"@tailwindcss/postcss7-compat"'
+ true
+ echo ']}'
+ cat tailwind.config.js
+ sed 's/^/>>> /'
>>> module.exports={plugins:[
>>> ]}
+ node ./tailwind.config.exporter2.cjs tailwind.config.js
++ date -u +%Y-%m-%dT%H:%M:%SZ
+ writetaskstat timestamp_attempt_squash_end 2024-03-05T13:25:51Z
+ jq -nc --arg key timestamp_attempt_squash_end --arg value 2024-03-05T13:25:51Z '{ key: $key, value: $value }'
+ break
++ date -u +%Y-%m-%dT%H:%M:%SZ
+ writetaskstat timestamp_end 2024-03-05T13:25:51Z
+ jq -nc --arg key timestamp_end --arg value 2024-03-05T13:25:51Z '{ key: $key, value: $value }'
+ rm /twcr/mnt/results/extract-failed
+ touch /twcr/mnt/results/extract-completed
