==== RUN-DOCKER
+++ dirname -- ./worker/run.sh
++ cd -- ./worker
++ pwd
+ twcrdir=/twcr/worker/..
+ repo=github.com/jherr/nextjs13-state-zustand
+ reporef=main
+ repopath=./finished
+ '[' true == true ']'
+ grep -q '^././'
++ echo github.com/jherr/nextjs13-state-zustand
++ sha256sum
++ awk '{ print $1 }'
++ cut -c1-12
+ procdir=/tmp/twcr-cb80d863d775
++ echo 'github.com/jherr/nextjs13-state-zustand;main;./finished'
++ sha256sum
++ awk '{ print $1 }'
++ cut -c1-12
+ datadir=/twcr/worker/../mnt/dataset/data/48e0d0b1a832
+ '[' '!' -z /twcr/mnt/results ']'
+ datadir=/twcr/mnt/results
+ touch /twcr/mnt/results/extract-failed
++ base64
++ tr -d =
++ tr /+ _-
++ base64
++ tr -d =
++ tr /+ _-
+ writetaskstat analysis_key github.com/jherr/nextjs13-state-zustand/bWFpbgo/Li9maW5pc2hlZAo
+ jq -nc --arg key analysis_key --arg value github.com/jherr/nextjs13-state-zustand/bWFpbgo/Li9maW5pc2hlZAo '{ key: $key, value: $value }'
++ date -u +%Y%m%d%H%M%S
++ sha256sum
++ awk '{ print $1 }'
++ cut -c1-16
++ head -c 32 /dev/urandom
+ writetaskstat analysis_nonce 2b5eca957a7b666d
+ jq -nc --arg key analysis_nonce --arg value 2b5eca957a7b666d '{ key: $key, value: $value }'
+ writetaskstat input_repo_name github.com/jherr/nextjs13-state-zustand
+ jq -nc --arg key input_repo_name --arg value github.com/jherr/nextjs13-state-zustand '{ key: $key, value: $value }'
+ writetaskstat input_repo_ref main
+ jq -nc --arg key input_repo_ref --arg value main '{ key: $key, value: $value }'
+ writetaskstat input_repo_path ./finished
+ jq -nc --arg key input_repo_path --arg value ./finished '{ key: $key, value: $value }'
++ date -u +%Y-%m-%dT%H:%M:%SZ
+ writetaskstat timestamp_begin 2024-03-05T03:53:09Z
+ jq -nc --arg key timestamp_begin --arg value 2024-03-05T03:53:09Z '{ key: $key, value: $value }'
+ mkdir -p /tmp/twcr-cb80d863d775
+ pushd /tmp/twcr-cb80d863d775
+ '[' -d .git ']'
+ git clone --depth=1 -b main https://github.com/jherr/nextjs13-state-zustand.git .
/tmp/twcr-cb80d863d775 /twcr
Cloning into '.'...
++ date -u +%Y-%m-%dT%H:%M:%SZ
+ writetaskstat timestamp_git_clone_complete 2024-03-05T03:53:10Z
+ jq -nc --arg key timestamp_git_clone_complete --arg value 2024-03-05T03:53:10Z '{ key: $key, value: $value }'
++ git rev-parse HEAD
+ writetaskstat exec_repo_commit_sha acf62df2ba3ddf3a916728481c490c6c6bc1a171
+ jq -nc --arg key exec_repo_commit_sha --arg value acf62df2ba3ddf3a916728481c490c6c6bc1a171 '{ key: $key, value: $value }'
+++ git show --no-patch --format=%ci
++ date -u --date '2023-01-17 07:41:48 -0800' +%Y-%m-%dT%H:%M:%SZ
+ writetaskstat exec_repo_commit_date 2023-01-17T15:41:48Z
+ jq -nc --arg key exec_repo_commit_date --arg value 2023-01-17T15:41:48Z '{ key: $key, value: $value }'
/tmp/twcr-cb80d863d775/finished /tmp/twcr-cb80d863d775 /twcr
+ '[' -z ./finished ']'
+ pushd ./finished
+ tailwind_config_file_name=
+ '[' -f tailwind.config.js ']'
+ tailwind_config_file_name=tailwind.config.js
+ writetaskstat exec_tailwind_config_file tailwind.config.js
+ jq -nc --arg key exec_tailwind_config_file --arg value tailwind.config.js '{ key: $key, value: $value }'
+ cp tailwind.config.js /twcr/mnt/results/extract-raw-tailwind-config.js
+ '[' '!' -f package.json ']'
+ cp package.json /twcr/mnt/results/extract-raw-package.json
++ /twcr/worker/../worker/pm-detect.sh /tmp/twcr-cb80d863d775/finished
+ package_manager_name=
+ '[' -z '' ']'
+ '[' ./finished '!=' ./ ']'
++ /twcr/worker/../worker/pm-detect.sh /tmp/twcr-cb80d863d775
grep: /tmp/twcr-cb80d863d775/package.json: No such file or directory
grep: /tmp/twcr-cb80d863d775/package.json: No such file or directory
grep: /tmp/twcr-cb80d863d775/package.json: No such file or directory
/twcr/worker/../worker/pm-detect.sh: line 17: /tmp/twcr-cb80d863d775/package.json: No such file or directory
+ package_manager_name=
+ '[' -z '' ']'
+ package_manager_name=npm
+ writetaskstat exec_node_package_manager npm
+ jq -nc --arg key exec_node_package_manager --arg value npm '{ key: $key, value: $value }'
+ attempt_mode=squash
+ true
++ date -u +%Y-%m-%dT%H:%M:%SZ
+ writetaskstat timestamp_attempt_squash_begin 2024-03-05T03:53:10Z
+ jq -nc --arg key timestamp_attempt_squash_begin --arg value 2024-03-05T03:53:10Z '{ key: $key, value: $value }'
+ [[ squash == \s\q\u\a\s\h ]]
+ set +e
+ node /twcr/worker/../worker/squash-package.mjs tailwind.config.js
+ exitcode=0
+ set -e
+ [[ 0 != \0 ]]
+ cat package.json
+ sed 's/^/>>> /'
>>> {
>>>   "name": "nextjs13-rsc-state-mgmt",
>>>   "version": "0.1.0",
>>>   "private": true,
>>>   "dependencies": {},
>>>   "devDependencies": {
>>>     "tailwindcss": "^3.2.4"
>>>   }
>>> }+ rm -f package-lock.json pnpm-lock.yaml yarn.lock
+ '[' ./finished '!=' ./ ']'
+ rm -f /tmp/twcr-cb80d863d775/package.json /tmp/twcr-cb80d863d775/package-lock.json /tmp/twcr-cb80d863d775/pnpm-lock.yaml /tmp/twcr-cb80d863d775/yarn.lock
+ set +e
+ /twcr/worker/../worker/pm-install.sh npm /tmp/twcr-cb80d863d775 /twcr/mnt/results
+ package_manager_name=npm
+ procdir=/tmp/twcr-cb80d863d775
+ datadir=/twcr/mnt/results
+ case "${package_manager_name}" in
++ '[' -f package-lock.json ']'
++ echo install
+ npm install --ignore-engines

added 112 packages, and audited 113 packages in 4s

28 packages are looking for funding
  run `npm fund` for details

found 0 vulnerabilities
npm notice 
npm notice New minor version of npm available! 10.2.4 -> 10.5.0
npm notice Changelog: <https://github.com/npm/cli/releases/tag/v10.5.0>
npm notice Run `npm install -g npm@10.5.0` to update!
npm notice 
+ npm query '*'
+ jq -cr '
        map({ name: .name, version: .version })
        | map(select(.name))
        | sort_by(.name)[]
      '
+ exitcode=0
+ set -e
+ [[ 0 != \0 ]]
++ jq -sr 'map(select(.name == "tailwindcss")) | first | .version'
+ tailwind_package_version=3.4.1
+ tailwind_config_exporter=tailwind.config.exporter2.cjs
+ '[' -f node_modules/tailwindcss/lib/lib/load-config.js ']'
+ tailwind_config_exporter=tailwind.config.exporter3.mjs
+ cp /twcr/worker/../worker/tailwind.config.exporter3.mjs ./
+ set +e
+ node ./tailwind.config.exporter3.mjs tailwind.config.js
+ exitcode=0
+ set -e
+ [[ 0 != \0 ]]
+ echo 'module.exports={plugins:['
+ jq -rs '
        map(select(.name | startswith("@tailwindcss/")))
        | map("require(" + ( .name | tojson ) + "),")[]
      '
+ grep -Ev '"@tailwindcss/postcss7-compat"'
+ true
+ echo ']}'
+ cat tailwind.config.js
+ sed 's/^/>>> /'
>>> module.exports={plugins:[
>>> ]}
+ node ./tailwind.config.exporter3.mjs tailwind.config.js
++ date -u +%Y-%m-%dT%H:%M:%SZ
+ writetaskstat timestamp_attempt_squash_end 2024-03-05T03:53:16Z
+ jq -nc --arg key timestamp_attempt_squash_end --arg value 2024-03-05T03:53:16Z '{ key: $key, value: $value }'
+ break
++ date -u +%Y-%m-%dT%H:%M:%SZ
+ writetaskstat timestamp_end 2024-03-05T03:53:16Z
+ jq -nc --arg key timestamp_end --arg value 2024-03-05T03:53:16Z '{ key: $key, value: $value }'
+ rm /twcr/mnt/results/extract-failed
+ touch /twcr/mnt/results/extract-completed
