==== RUN-DOCKER
+++ dirname -- ./worker/run.sh
++ cd -- ./worker
++ pwd
+ twcrdir=/twcr/worker/..
+ repo=github.com/cam-inc/viron
+ reporef=develop
+ repopath=./packages/app
++ echo github.com/cam-inc/viron
++ sha256sum
++ awk '{ print $1 }'
++ cut -c1-12
+ procdir=/tmp/twcr-acd02661cf86
++ echo 'github.com/cam-inc/viron;develop;./packages/app'
++ sha256sum
++ awk '{ print $1 }'
++ cut -c1-12
+ datadir=/twcr/worker/../mnt/dataset/data/51caeb7b1db6
+ '[' '!' -z /twcr/mnt/results ']'
+ datadir=/twcr/mnt/results
+ touch /twcr/mnt/results/extract-failed
++ base64
++ tr -d =
++ tr /+ _-
++ base64
++ tr -d =
++ tr /+ _-
+ writetaskstat analysis_key github.com/cam-inc/viron/ZGV2ZWxvcAo/Li9wYWNrYWdlcy9hcHAK
+ jq -nc --arg key analysis_key --arg value github.com/cam-inc/viron/ZGV2ZWxvcAo/Li9wYWNrYWdlcy9hcHAK '{ key: $key, value: $value }'
++ date -u +%Y%m%d%H%M%S
++ sha256sum
++ awk '{ print $1 }'
++ cut -c1-16
++ head -c 32 /dev/urandom
+ writetaskstat analysis_nonce d85da1d9bebdd18e
+ jq -nc --arg key analysis_nonce --arg value d85da1d9bebdd18e '{ key: $key, value: $value }'
+ writetaskstat input_repo_name github.com/cam-inc/viron
+ jq -nc --arg key input_repo_name --arg value github.com/cam-inc/viron '{ key: $key, value: $value }'
+ writetaskstat input_repo_ref develop
+ jq -nc --arg key input_repo_ref --arg value develop '{ key: $key, value: $value }'
+ writetaskstat input_repo_path ./packages/app
+ jq -nc --arg key input_repo_path --arg value ./packages/app '{ key: $key, value: $value }'
++ date -u +%Y-%m-%dT%H:%M:%SZ
+ writetaskstat timestamp_begin 2024-03-02T23:08:07Z
+ jq -nc --arg key timestamp_begin --arg value 2024-03-02T23:08:07Z '{ key: $key, value: $value }'
+ mkdir -p /tmp/twcr-acd02661cf86
/tmp/twcr-acd02661cf86 /twcr
+ pushd /tmp/twcr-acd02661cf86
+ '[' -d .git ']'
+ git clone --depth=1 -b develop https://github.com/cam-inc/viron.git .
Cloning into '.'...
++ date -u +%Y-%m-%dT%H:%M:%SZ
+ writetaskstat timestamp_git_clone_complete 2024-03-02T23:08:09Z
+ jq -nc --arg key timestamp_git_clone_complete --arg value 2024-03-02T23:08:09Z '{ key: $key, value: $value }'
++ git rev-parse HEAD
+ writetaskstat exec_repo_commit_sha f4c3e2908fe62c11c9edbb681ba74b129999239d
+ jq -nc --arg key exec_repo_commit_sha --arg value f4c3e2908fe62c11c9edbb681ba74b129999239d '{ key: $key, value: $value }'
+++ git show --no-patch --format=%ci
++ date -u --date '2024-02-20 10:31:20 +0900' +%Y-%m-%dT%H:%M:%SZ
+ writetaskstat exec_repo_commit_date 2024-02-20T01:31:20Z
+ jq -nc --arg key exec_repo_commit_date --arg value 2024-02-20T01:31:20Z '{ key: $key, value: $value }'
+ '[' -z ./packages/app ']'
+ pushd ./packages/app
+ tailwind_config_file_name=
+ '[' -f tailwind.config.js ']'
+ tailwind_config_file_name=tailwind.config.js
+ writetaskstat exec_tailwind_config_file tailwind.config.js
+ jq -nc --arg key exec_tailwind_config_file --arg value tailwind.config.js '{ key: $key, value: $value }'
/tmp/twcr-acd02661cf86/packages/app /tmp/twcr-acd02661cf86 /twcr
+ cp tailwind.config.js /twcr/mnt/results/extract-raw-tailwind-config.js
+ '[' '!' -f package.json ']'
+ cp package.json /twcr/mnt/results/extract-raw-package.json
+ package_manager_name=npm
+ grep -q '"packageManager":[^"]+"pnpm@"' package.json
+ '[' -f pnpm-lock.yaml ']'
+ '[' -f pnpm-workspace.yaml ']'
+ '[' -f /tmp/twcr-acd02661cf86/pnpm-workspace.yaml ']'
+ cat README.md
+ grep -q 'pnpm install'
+ grep -q '"packageManager":[^"]+"yarn@"' package.json
+ '[' -f yarn.lock ']'
+ grep -q '":[^"]+"workspace:' package.json
+ cat README.md
+ grep -q 'yarn install'
+ writetaskstat exec_node_package_manager npm
+ jq -nc --arg key exec_node_package_manager --arg value npm '{ key: $key, value: $value }'
+ attempt_mode=squash
+ true
++ date -u +%Y-%m-%dT%H:%M:%SZ
+ writetaskstat timestamp_attempt_squash_begin 2024-03-02T23:08:09Z
+ jq -nc --arg key timestamp_attempt_squash_begin --arg value 2024-03-02T23:08:09Z '{ key: $key, value: $value }'
+ [[ squash == \s\q\u\a\s\h ]]
+ set +e
+ node /twcr/worker/../worker/squash-package.mjs tailwind.config.js
+ exitcode=0
+ set -e
+ [[ 0 != \0 ]]
+ cat package.json
+ sed 's/^/>>> /'
>>> {
>>>   "name": "@viron/app",
>>>   "version": "2.13.0",
>>>   "engines": {
>>>     "node": ">=18.14.0",
>>>     "npm": ">=9.3.1"
>>>   },
>>>   "browserslist": [
>>>     ">5%",
>>>     "last 2 versions",
>>>     "not dead"
>>>   ],
>>>   "lint-staged": {
>>>     "**/*.{js,jsx,ts,tsx}": [
>>>       "prettier --write",
>>>       "eslint"
>>>     ]
>>>   },
>>>   "dependencies": {
>>>     "@tailwindcss/aspect-ratio": "^0.2.1",
>>>     "@tailwindcss/container-queries": "^0.1.1",
>>>     "tailwindcss": "^3.3.2"
>>>   },
>>>   "devDependencies": {
>>>     "@types/tailwindcss": "^2.0.6"
>>>   }
>>> }+ set +e
+ /twcr/worker/../worker/pm-install.sh npm /tmp/twcr-acd02661cf86 /twcr/mnt/results
+ package_manager_name=npm
+ procdir=/tmp/twcr-acd02661cf86
+ datadir=/twcr/mnt/results
+ case "${package_manager_name}" in
++ '[' -f package-lock.json ']'
++ echo install
+ npm install --ignore-engines

> prepare
> which husky && husky install || echo skip.

skip.

added 103 packages, and audited 105 packages in 12s

14 packages are looking for funding
  run `npm fund` for details

found 0 vulnerabilities
npm notice 
npm notice New minor version of npm available! 10.2.4 -> 10.5.0
npm notice Changelog: <https://github.com/npm/cli/releases/tag/v10.5.0>
npm notice Run `npm install -g npm@10.5.0` to update!
npm notice 
+ npm query '*'
+ jq -cr '
        map({ name: .name, version: .version })
        | map(select(.name))
        | sort_by(.name)[]
      '
+ exitcode=0
+ set -e
+ [[ 0 != \0 ]]
++ jq -sr 'map(select(.name == "tailwindcss")) | first | .version'
+ tailwind_package_version=3.3.2
+ tailwind_config_exporter=tailwind.config.exporter3.mjs
+ true
+ cp /twcr/worker/../worker/tailwind.config.exporter3.mjs ./
+ set +e
+ node ./tailwind.config.exporter3.mjs tailwind.config.js
+ exitcode=0
+ set -e
+ [[ 0 != \0 ]]
+ break
+ echo 'module.exports={plugins:['
+ jq -rs '
        map(select(.name | startswith("@tailwindcss/")))
        | map("require(" + ( .name | tojson ) + "),")[]
      '
+ echo ']}'
+ cat tailwind.config.js
+ sed 's/^/>>> /'
>>> module.exports={plugins:[
>>> require("@tailwindcss/aspect-ratio"),
>>> require("@tailwindcss/container-queries"),
>>> ]}
+ node ./tailwind.config.exporter3.mjs tailwind.config.js
++ date -u +%Y-%m-%dT%H:%M:%SZ
+ writetaskstat timestamp_attempt_squash_end 2024-03-02T23:08:22Z
+ jq -nc --arg key timestamp_attempt_squash_end --arg value 2024-03-02T23:08:22Z '{ key: $key, value: $value }'
+ break
++ date -u +%Y-%m-%dT%H:%M:%SZ
+ writetaskstat timestamp_end 2024-03-02T23:08:22Z
+ jq -nc --arg key timestamp_end --arg value 2024-03-02T23:08:22Z '{ key: $key, value: $value }'
+ rm /twcr/mnt/results/extract-failed
+ touch /twcr/mnt/results/extract-completed
