==== RUN-DOCKER
+++ dirname -- ./worker/run.sh
++ cd -- ./worker
++ pwd
+ twcrdir=/twcr/worker/..
+ repo=github.com/tszhong0411/honghong.me
+ reporef=main
+ repopath=./packages/tailwind-config
+ '[' true == true ']'
+ grep -q '^././'
++ echo github.com/tszhong0411/honghong.me
++ sha256sum
++ awk '{ print $1 }'
++ cut -c1-12
+ procdir=/tmp/twcr-bbf140a04cdc
++ echo 'github.com/tszhong0411/honghong.me;main;./packages/tailwind-config'
++ sha256sum
++ awk '{ print $1 }'
++ cut -c1-12
+ datadir=/twcr/worker/../mnt/dataset/data/7d99733570fc
+ '[' '!' -z /twcr/mnt/results ']'
+ datadir=/twcr/mnt/results
+ touch /twcr/mnt/results/extract-failed
++ base64
++ tr -d =
++ tr /+ _-
++ base64
++ tr -d =
++ tr /+ _-
+ writetaskstat analysis_key github.com/tszhong0411/honghong.me/bWFpbgo/Li9wYWNrYWdlcy90YWlsd2luZC1jb25maWcK
+ jq -nc --arg key analysis_key --arg value github.com/tszhong0411/honghong.me/bWFpbgo/Li9wYWNrYWdlcy90YWlsd2luZC1jb25maWcK '{ key: $key, value: $value }'
++ date -u +%Y%m%d%H%M%S
++ sha256sum
++ awk '{ print $1 }'
++ cut -c1-16
++ head -c 32 /dev/urandom
+ writetaskstat analysis_nonce f89df1ef58ec4e81
+ jq -nc --arg key analysis_nonce --arg value f89df1ef58ec4e81 '{ key: $key, value: $value }'
+ writetaskstat input_repo_name github.com/tszhong0411/honghong.me
+ jq -nc --arg key input_repo_name --arg value github.com/tszhong0411/honghong.me '{ key: $key, value: $value }'
+ writetaskstat input_repo_ref main
+ jq -nc --arg key input_repo_ref --arg value main '{ key: $key, value: $value }'
+ writetaskstat input_repo_path ./packages/tailwind-config
+ jq -nc --arg key input_repo_path --arg value ./packages/tailwind-config '{ key: $key, value: $value }'
++ date -u +%Y-%m-%dT%H:%M:%SZ
+ writetaskstat timestamp_begin 2024-03-05T01:05:33Z
+ jq -nc --arg key timestamp_begin --arg value 2024-03-05T01:05:33Z '{ key: $key, value: $value }'
+ mkdir -p /tmp/twcr-bbf140a04cdc
/tmp/twcr-bbf140a04cdc /twcr
+ pushd /tmp/twcr-bbf140a04cdc
+ '[' -d .git ']'
+ git clone --depth=1 -b main https://github.com/tszhong0411/honghong.me.git .
Cloning into '.'...
++ date -u +%Y-%m-%dT%H:%M:%SZ
+ writetaskstat timestamp_git_clone_complete 2024-03-05T01:05:35Z
+ jq -nc --arg key timestamp_git_clone_complete --arg value 2024-03-05T01:05:35Z '{ key: $key, value: $value }'
++ git rev-parse HEAD
+ writetaskstat exec_repo_commit_sha a854e3fff52b822098e2f581598ecef0c38d619a
+ jq -nc --arg key exec_repo_commit_sha --arg value a854e3fff52b822098e2f581598ecef0c38d619a '{ key: $key, value: $value }'
+++ git show --no-patch --format=%ci
++ date -u --date '2024-03-04 22:16:23 +0800' +%Y-%m-%dT%H:%M:%SZ
+ writetaskstat exec_repo_commit_date 2024-03-04T14:16:23Z
+ jq -nc --arg key exec_repo_commit_date --arg value 2024-03-04T14:16:23Z '{ key: $key, value: $value }'
/tmp/twcr-bbf140a04cdc/packages/tailwind-config /tmp/twcr-bbf140a04cdc /twcr
+ '[' -z ./packages/tailwind-config ']'
+ pushd ./packages/tailwind-config
+ tailwind_config_file_name=
+ '[' -f tailwind.config.js ']'
+ '[' -f tailwind.config.cjs ']'
+ '[' -f tailwind.config.mjs ']'
+ '[' -f tailwind.config.ts ']'
+ tailwind_config_file_name=tailwind.config.ts
+ writetaskstat exec_tailwind_config_file tailwind.config.ts
+ jq -nc --arg key exec_tailwind_config_file --arg value tailwind.config.ts '{ key: $key, value: $value }'
+ cp tailwind.config.ts /twcr/mnt/results/extract-raw-tailwind-config.js
+ '[' '!' -f package.json ']'
+ cp package.json /twcr/mnt/results/extract-raw-package.json
++ /twcr/worker/../worker/pm-detect.sh /tmp/twcr-bbf140a04cdc/packages/tailwind-config
+ package_manager_name=
+ '[' -z '' ']'
+ '[' ./packages/tailwind-config '!=' ./ ']'
++ /twcr/worker/../worker/pm-detect.sh /tmp/twcr-bbf140a04cdc
+ package_manager_name=pnpm
+ '[' -z pnpm ']'
+ writetaskstat exec_node_package_manager pnpm
+ jq -nc --arg key exec_node_package_manager --arg value pnpm '{ key: $key, value: $value }'
+ attempt_mode=squash
+ true
++ date -u +%Y-%m-%dT%H:%M:%SZ
+ writetaskstat timestamp_attempt_squash_begin 2024-03-05T01:05:35Z
+ jq -nc --arg key timestamp_attempt_squash_begin --arg value 2024-03-05T01:05:35Z '{ key: $key, value: $value }'
+ [[ squash == \s\q\u\a\s\h ]]
+ set +e
+ node /twcr/worker/../worker/squash-package.mjs tailwind.config.ts
+ exitcode=0
+ set -e
+ [[ 0 != \0 ]]
+ cat package.json
+ sed 's/^/>>> /'
>>> {
>>>   "name": "@tszhong0411/tailwind-config",
>>>   "version": "0.0.3",
>>>   "description": "The Tailwind CSS configuration for tszhong0411's projects",
>>>   "license": "MIT",
>>>   "author": "tszhong0411 <me@honghong.me> (https://github.com/tszhong0411/)",
>>>   "homepage": "https://github.com/tszhong0411/honghong.me#readme",
>>>   "repository": {
>>>     "type": "git",
>>>     "url": "git+https://github.com/tszhong0411/honghong.me.git"
>>>   },
>>>   "bugs": {
>>>     "url": "https://github.com/tszhong0411/honghong.me/issues"
>>>   },
>>>   "main": "tailwind.config.ts",
>>>   "files": [
>>>     "tailwind.config.ts"
>>>   ],
>>>   "dependencies": {
>>>     "@tailwindcss/typography": "^0.5.10",
>>>     "tailwindcss-animate": "^1.0.7"
>>>   },
>>>   "devDependencies": {
>>>     "tailwindcss": "^3.4.1"
>>>   },
>>>   "publishConfig": {
>>>     "access": "public"
>>>   },
>>>   "lint-staged": {
>>>     "*.{ts,json,md}": "prettier --cache --write"
>>>   }
>>> }+ rm -f package-lock.json pnpm-lock.yaml yarn.lock
+ '[' ./packages/tailwind-config '!=' ./ ']'
+ rm -f /tmp/twcr-bbf140a04cdc/package.json /tmp/twcr-bbf140a04cdc/package-lock.json /tmp/twcr-bbf140a04cdc/pnpm-lock.yaml /tmp/twcr-bbf140a04cdc/yarn.lock
+ set +e
+ /twcr/worker/../worker/pm-install.sh pnpm /tmp/twcr-bbf140a04cdc /twcr/mnt/results
+ package_manager_name=pnpm
+ procdir=/tmp/twcr-bbf140a04cdc
+ datadir=/twcr/mnt/results
+ case "${package_manager_name}" in
+ '[' '!' -f /tmp/twcr-bbf140a04cdc/package.json ']'
+ '[' '!' -f package.json ']'
++ pnpm -v
+ sed -Ei 's/("pnpm": ")(.+)(")/\18.15.4\3/' package.json
+ pnpm install
Scope: all 9 workspace projects
../..                                    | Progress: resolved 1, reused 0, downloaded 0, added 0
../..                                    | Progress: resolved 27, reused 0, downloaded 17, added 0
../..                                    | Progress: resolved 49, reused 0, downloaded 36, added 0
../..                                    | Progress: resolved 70, reused 0, downloaded 60, added 0
../mdx                                   |  WARN  deprecated hast@1.0.0
../..                                    | Progress: resolved 101, reused 0, downloaded 88, added 0
../..                                    | Progress: resolved 124, reused 0, downloaded 117, added 0
../..                                    | Progress: resolved 152, reused 0, downloaded 136, added 0
../..                                    | Progress: resolved 177, reused 0, downloaded 161, added 0
../..                                    | Progress: resolved 204, reused 0, downloaded 187, added 0
../..                                    | Progress: resolved 230, reused 0, downloaded 213, added 0
../..                                    | Progress: resolved 263, reused 0, downloaded 234, added 0
../..                                    | Progress: resolved 299, reused 0, downloaded 250, added 0
../..                                    | Progress: resolved 316, reused 0, downloaded 269, added 0
../..                                    | Progress: resolved 328, reused 0, downloaded 282, added 0
../..                                    | Progress: resolved 349, reused 0, downloaded 301, added 0
../..                                    | Progress: resolved 376, reused 0, downloaded 326, added 0
../..                                    | Progress: resolved 419, reused 0, downloaded 358, added 0
../..                                    | Progress: resolved 447, reused 0, downloaded 391, added 0
../..                                    | Progress: resolved 479, reused 0, downloaded 419, added 0
../..                                    | Progress: resolved 521, reused 0, downloaded 438, added 0
../..                                    | Progress: resolved 553, reused 0, downloaded 469, added 0
../..                                    | Progress: resolved 593, reused 0, downloaded 501, added 0
../..                                    | Progress: resolved 669, reused 0, downloaded 532, added 0
../..                                    | Progress: resolved 685, reused 0, downloaded 550, added 0
../..                                    | Progress: resolved 709, reused 0, downloaded 573, added 0
../..                                    | Progress: resolved 728, reused 0, downloaded 588, added 0
../..                                    | Progress: resolved 758, reused 0, downloaded 619, added 0
../..                                    | Progress: resolved 800, reused 0, downloaded 653, added 0
../..                                    | Progress: resolved 825, reused 0, downloaded 685, added 0
../..                                    | Progress: resolved 858, reused 0, downloaded 715, added 0
../..                                    | Progress: resolved 897, reused 0, downloaded 747, added 0
../..                                    | Progress: resolved 934, reused 0, downloaded 786, added 0
../..                                    | Progress: resolved 975, reused 0, downloaded 820, added 0
../..                                    | Progress: resolved 1033, reused 0, downloaded 858, added 0
../..                                    | Progress: resolved 1071, reused 0, downloaded 893, added 0
../..                                    | Progress: resolved 1107, reused 0, downloaded 929, added 0
../..                                    | Progress: resolved 1141, reused 0, downloaded 954, added 0
../..                                    | Progress: resolved 1161, reused 0, downloaded 991, added 0
../..                                    | Progress: resolved 1178, reused 0, downloaded 1025, added 0
../..                                    | Progress: resolved 1209, reused 0, downloaded 1062, added 0
../..                                    | Progress: resolved 1233, reused 0, downloaded 1082, added 0
../..                                    | Progress: resolved 1254, reused 0, downloaded 1105, added 0
../..                                    | Progress: resolved 1289, reused 0, downloaded 1139, added 0
../..                                    | Progress: resolved 1319, reused 0, downloaded 1166, added 0
../..                                    | Progress: resolved 1358, reused 0, downloaded 1200, added 0
../..                                    | Progress: resolved 1389, reused 0, downloaded 1233, added 0
../..                                    | Progress: resolved 1426, reused 0, downloaded 1264, added 0
../..                                    | Progress: resolved 1458, reused 0, downloaded 1291, added 0
../..                                    | Progress: resolved 1489, reused 0, downloaded 1322, added 0
../..                                    | Progress: resolved 1516, reused 0, downloaded 1355, added 0
../..                                    | Progress: resolved 1527, reused 0, downloaded 1399, added 0
../..                                    | Progress: resolved 1557, reused 0, downloaded 1430, added 0
 WARN  7 deprecated subdependencies found: @babel/plugin-proposal-async-generator-functions@7.20.7, @babel/plugin-proposal-class-properties@7.18.6, @babel/plugin-proposal-nullish-coalescing-operator@7.18.6, @babel/plugin-proposal-numeric-separator@7.18.6, @babel/plugin-proposal-object-rest-spread@7.20.7, @babel/plugin-proposal-optional-catch-binding@7.18.6, @babel/plugin-proposal-optional-chaining@7.21.0
../..                                    |    +1452 ++++++++++++++++++++++++++++
../..                                    | Progress: resolved 1567, reused 0, downloaded 1448, added 0
../..                                    | Progress: resolved 1567, reused 0, downloaded 1450, added 1449
../..                                    | Progress: resolved 1567, reused 0, downloaded 1450, added 1452, done
.../es5-ext@0.10.64/node_modules/es5-ext postinstall$  node -e "try{require('./_postinstall')}catch(e){}" || exit 0
.../es5-ext@0.10.64/node_modules/es5-ext postinstall: Done
.../node_modules/@swc/core postinstall$ node postinstall.js
.../esbuild@0.18.20/node_modules/esbuild postinstall$ node install.js
.../esbuild@0.19.12/node_modules/esbuild postinstall$ node install.js
.../esbuild@0.19.11/node_modules/esbuild postinstall$ node install.js
.../node_modules/@swc/core postinstall: Done
.../esbuild@0.18.20/node_modules/esbuild postinstall: Done
.../esbuild@0.19.12/node_modules/esbuild postinstall: Done
.../esbuild@0.19.11/node_modules/esbuild postinstall: Done
.../sharp@0.33.2/node_modules/sharp install$ node install/check
.../sharp@0.33.2/node_modules/sharp install: Done

dependencies:
+ @tailwindcss/typography 0.5.10
+ tailwindcss-animate 1.0.7

devDependencies:
+ tailwindcss 3.4.1

Done in 59.3s
+ pnpm ls --json
+ jq -cr '
        .[]
        | [.dependencies, .devDependencies, .optionalDependencies]
        | map(select(.))[]
        | to_entries
        | map({ name: .key, version: .value.version })
        | sort_by(.name)[]
      '
+ exitcode=0
+ set -e
+ [[ 0 != \0 ]]
++ jq -sr 'map(select(.name == "tailwindcss")) | first | .version'
+ tailwind_package_version=3.4.1
+ tailwind_config_exporter=tailwind.config.exporter2.cjs
+ '[' -f node_modules/tailwindcss/lib/lib/load-config.js ']'
+ tailwind_config_exporter=tailwind.config.exporter3.mjs
+ cp /twcr/worker/../worker/tailwind.config.exporter3.mjs ./
+ set +e
+ node ./tailwind.config.exporter3.mjs tailwind.config.ts
+ exitcode=0
+ set -e
+ [[ 0 != \0 ]]
+ echo 'module.exports={plugins:['
+ jq -rs '
        map(select(.name | startswith("@tailwindcss/")))
        | map("require(" + ( .name | tojson ) + "),")[]
      '
+ grep -Ev '"@tailwindcss/postcss7-compat"'
+ echo ']}'
+ cat tailwind.config.ts
+ sed 's/^/>>> /'
>>> module.exports={plugins:[
>>> require("@tailwindcss/typography"),
>>> ]}
+ node ./tailwind.config.exporter3.mjs tailwind.config.ts
++ date -u +%Y-%m-%dT%H:%M:%SZ
+ writetaskstat timestamp_attempt_squash_end 2024-03-05T01:06:37Z
+ jq -nc --arg key timestamp_attempt_squash_end --arg value 2024-03-05T01:06:37Z '{ key: $key, value: $value }'
+ break
++ date -u +%Y-%m-%dT%H:%M:%SZ
+ writetaskstat timestamp_end 2024-03-05T01:06:37Z
+ jq -nc --arg key timestamp_end --arg value 2024-03-05T01:06:37Z '{ key: $key, value: $value }'
+ rm /twcr/mnt/results/extract-failed
+ touch /twcr/mnt/results/extract-completed
