==== RUN-DOCKER
+++ dirname -- ./worker/run.sh
++ cd -- ./worker
++ pwd
+ twcrdir=/twcr/worker/..
+ repo=github.com/sonofmagic/weapp-tailwindcss
+ reporef=main
+ repopath=./demo/taro-app
+ '[' true == true ']'
+ grep -q '^././'
++ echo github.com/sonofmagic/weapp-tailwindcss
++ sha256sum
++ awk '{ print $1 }'
++ cut -c1-12
+ procdir=/tmp/twcr-225add5617ea
++ echo 'github.com/sonofmagic/weapp-tailwindcss;main;./demo/taro-app'
++ sha256sum
++ awk '{ print $1 }'
++ cut -c1-12
+ datadir=/twcr/worker/../mnt/dataset/data/9693096f84b3
+ '[' '!' -z /twcr/mnt/results ']'
+ datadir=/twcr/mnt/results
+ touch /twcr/mnt/results/extract-failed
++ base64
++ tr -d =
++ tr /+ _-
++ base64
++ tr -d =
++ tr /+ _-
+ writetaskstat analysis_key github.com/sonofmagic/weapp-tailwindcss/bWFpbgo/Li9kZW1vL3Rhcm8tYXBwCg
+ jq -nc --arg key analysis_key --arg value github.com/sonofmagic/weapp-tailwindcss/bWFpbgo/Li9kZW1vL3Rhcm8tYXBwCg '{ key: $key, value: $value }'
++ date -u +%Y%m%d%H%M%S
++ sha256sum
++ awk '{ print $1 }'
++ cut -c1-16
++ head -c 32 /dev/urandom
+ writetaskstat analysis_nonce 7c61601fd1ccfda0
+ jq -nc --arg key analysis_nonce --arg value 7c61601fd1ccfda0 '{ key: $key, value: $value }'
+ writetaskstat input_repo_name github.com/sonofmagic/weapp-tailwindcss
+ jq -nc --arg key input_repo_name --arg value github.com/sonofmagic/weapp-tailwindcss '{ key: $key, value: $value }'
+ writetaskstat input_repo_ref main
+ jq -nc --arg key input_repo_ref --arg value main '{ key: $key, value: $value }'
+ writetaskstat input_repo_path ./demo/taro-app
+ jq -nc --arg key input_repo_path --arg value ./demo/taro-app '{ key: $key, value: $value }'
++ date -u +%Y-%m-%dT%H:%M:%SZ
+ writetaskstat timestamp_begin 2024-03-04T23:50:35Z
+ jq -nc --arg key timestamp_begin --arg value 2024-03-04T23:50:35Z '{ key: $key, value: $value }'
+ mkdir -p /tmp/twcr-225add5617ea
+ pushd /tmp/twcr-225add5617ea
+ '[' -d .git ']'
+ git clone --depth=1 -b main https://github.com/sonofmagic/weapp-tailwindcss.git .
/tmp/twcr-225add5617ea /twcr
Cloning into '.'...
++ date -u +%Y-%m-%dT%H:%M:%SZ
+ writetaskstat timestamp_git_clone_complete 2024-03-04T23:50:38Z
+ jq -nc --arg key timestamp_git_clone_complete --arg value 2024-03-04T23:50:38Z '{ key: $key, value: $value }'
++ git rev-parse HEAD
+ writetaskstat exec_repo_commit_sha e5b84a47e42e1893d421d88c93f672b8d5ed655d
+ jq -nc --arg key exec_repo_commit_sha --arg value e5b84a47e42e1893d421d88c93f672b8d5ed655d '{ key: $key, value: $value }'
+++ git show --no-patch --format=%ci
++ date -u --date '2024-02-23 21:07:34 +0800' +%Y-%m-%dT%H:%M:%SZ
+ writetaskstat exec_repo_commit_date 2024-02-23T13:07:34Z
+ jq -nc --arg key exec_repo_commit_date --arg value 2024-02-23T13:07:34Z '{ key: $key, value: $value }'
/tmp/twcr-225add5617ea/demo/taro-app /tmp/twcr-225add5617ea /twcr
+ '[' -z ./demo/taro-app ']'
+ pushd ./demo/taro-app
+ tailwind_config_file_name=
+ '[' -f tailwind.config.js ']'
+ tailwind_config_file_name=tailwind.config.js
+ writetaskstat exec_tailwind_config_file tailwind.config.js
+ jq -nc --arg key exec_tailwind_config_file --arg value tailwind.config.js '{ key: $key, value: $value }'
+ cp tailwind.config.js /twcr/mnt/results/extract-raw-tailwind-config.js
+ '[' '!' -f package.json ']'
+ cp package.json /twcr/mnt/results/extract-raw-package.json
++ /twcr/worker/../worker/pm-detect.sh /tmp/twcr-225add5617ea/demo/taro-app
+ package_manager_name=yarn
+ '[' -z yarn ']'
+ '[' -z yarn ']'
+ writetaskstat exec_node_package_manager yarn
+ jq -nc --arg key exec_node_package_manager --arg value yarn '{ key: $key, value: $value }'
+ attempt_mode=squash
+ true
++ date -u +%Y-%m-%dT%H:%M:%SZ
+ writetaskstat timestamp_attempt_squash_begin 2024-03-04T23:50:38Z
+ jq -nc --arg key timestamp_attempt_squash_begin --arg value 2024-03-04T23:50:38Z '{ key: $key, value: $value }'
+ [[ squash == \s\q\u\a\s\h ]]
+ set +e
+ node /twcr/worker/../worker/squash-package.mjs tailwind.config.js
[squash-package] ERROR: failed to find any match for import path (daisyui)
+ exitcode=1
+ set -e
+ [[ 1 != \0 ]]
+ echo '[worker] WARN: squash failed; retrying with full install'
[worker] WARN: squash failed; retrying with full install
+ attempt_mode=full
+ continue
+ true
++ date -u +%Y-%m-%dT%H:%M:%SZ
+ writetaskstat timestamp_attempt_full_begin 2024-03-04T23:50:38Z
+ jq -nc --arg key timestamp_attempt_full_begin --arg value 2024-03-04T23:50:38Z '{ key: $key, value: $value }'
+ [[ full == \s\q\u\a\s\h ]]
+ git clean -fdx
+ git reset --hard
HEAD is now at e5b84a4 chore: add css vars docs
+ set +e
+ /twcr/worker/../worker/pm-install.sh yarn /tmp/twcr-225add5617ea /twcr/mnt/results
+ package_manager_name=yarn
+ procdir=/tmp/twcr-225add5617ea
+ datadir=/twcr/mnt/results
+ case "${package_manager_name}" in
+ '[' -z http://tid_9742400262dd:ok@172.18.0.2:3128 ']'
+ yarn config set httpProxy http://tid_9742400262dd:ok@172.18.0.2:3128
yarn config v1.22.19
success Set "httpProxy" to "http://tid_9742400262dd:ok@172.18.0.2:3128".
Done in 0.07s.
+ '[' -z http://tid_9742400262dd:ok@172.18.0.2:3128 ']'
+ yarn config set httpsProxy http://tid_9742400262dd:ok@172.18.0.2:3128
yarn config v1.22.19
success Set "httpsProxy" to "http://tid_9742400262dd:ok@172.18.0.2:3128".
Done in 0.07s.
+ yarn install
yarn install v1.22.19
[1/5] Validating package.json...
[2/5] Resolving packages...
[3/5] Fetching packages...
(node:132) [DEP0040] DeprecationWarning: The `punycode` module is deprecated. Please use a userland alternative instead.
(Use `node --trace-deprecation ...` to show where the warning was created)
[4/5] Linking dependencies...
warning "@tarojs/components > @tarojs/components-advanced@3.6.23" has unmet peer dependency "@tarojs/shared@~3.6.23".
warning " > @tarojs/taro@3.6.23" has unmet peer dependency "@tarojs/helper@~3.6.23".
warning " > @tarojs/runtime@3.6.23" has unmet peer dependency "@tarojs/shared@~3.6.23".
warning " > @tarojs/react@3.6.23" has unmet peer dependency "@tarojs/shared@~3.6.23".
warning " > taro-hooks@2.0.10" has unmet peer dependency "@tarojs/taro-h5@>= 3.4.x".
warning "taro-hooks > @taro-hooks/use-request@2.0.10" has unmet peer dependency "@tarojs/taro-h5@>= 3.4.x".
warning " > @pmmmwh/react-refresh-webpack-plugin@0.5.11" has unmet peer dependency "react-refresh@>=0.10.0 <1.0.0".
warning " > @tarojs/mini-runner@3.6.23" has unmet peer dependency "@tarojs/shared@~3.6.23".
warning "@tarojs/mini-runner > @tarojs/plugin-platform-qq@3.6.23" has unmet peer dependency "@tarojs/shared@~3.6.23".
warning "@tarojs/mini-runner > @tarojs/plugin-platform-swan@3.6.23" has unmet peer dependency "@tarojs/shared@~3.6.23".
warning "@tarojs/mini-runner > @tarojs/plugin-platform-tt@3.6.23" has unmet peer dependency "@tarojs/shared@~3.6.23".
warning "@tarojs/mini-runner > @tarojs/plugin-platform-weapp@3.6.23" has unmet peer dependency "@tarojs/shared@~3.6.23".
warning " > @tarojs/plugin-framework-react@3.6.23" has unmet peer dependency "@tarojs/shared@~3.6.23".
warning " > @tarojs/webpack-runner@3.6.23" has incorrect peer dependency "webpack@^4.46.0".
warning " > @tarojs/webpack5-runner@3.6.23" has unmet peer dependency "@tarojs/shared@~3.6.23".
warning " > tailwind-css-variables-theme-generator@0.4.0" has unmet peer dependency "sass@>=1.45.0".
[5/5] Building fresh packages...
$ weapp-tw patch
Done in 266.83s.
+ yarn list --depth=0 --json --non-interactive --no-progress
+ jq -cr '
        [.. | .name?]
        | map(select(.))
        | map(capture("^(?<name>@?[^@]+)@(?<version>.+)$"))
        | sort_by(.name)[]'
+ exitcode=0
+ set -e
+ [[ 0 != \0 ]]
++ jq -sr 'map(select(.name == "tailwindcss")) | first | .version'
+ tailwind_package_version=3.4.1
+ tailwind_config_exporter=tailwind.config.exporter2.cjs
+ '[' -f node_modules/tailwindcss/lib/lib/load-config.js ']'
+ tailwind_config_exporter=tailwind.config.exporter3.mjs
+ cp /twcr/worker/../worker/tailwind.config.exporter3.mjs ./
+ set +e
+ node ./tailwind.config.exporter3.mjs tailwind.config.js
+ exitcode=0
+ set -e
+ [[ 0 != \0 ]]
+ echo 'module.exports={plugins:['
+ jq -rs '
        map(select(.name | startswith("@tailwindcss/")))
        | map("require(" + ( .name | tojson ) + "),")[]
      '
+ grep -Ev '"@tailwindcss/postcss7-compat"'
+ true
+ echo ']}'
+ cat tailwind.config.js
+ sed 's/^/>>> /'
>>> module.exports={plugins:[
>>> ]}
+ node ./tailwind.config.exporter3.mjs tailwind.config.js
++ date -u +%Y-%m-%dT%H:%M:%SZ
+ writetaskstat timestamp_attempt_full_end 2024-03-04T23:55:08Z
+ jq -nc --arg key timestamp_attempt_full_end --arg value 2024-03-04T23:55:08Z '{ key: $key, value: $value }'
+ break
++ date -u +%Y-%m-%dT%H:%M:%SZ
+ writetaskstat timestamp_end 2024-03-04T23:55:08Z
+ jq -nc --arg key timestamp_end --arg value 2024-03-04T23:55:08Z '{ key: $key, value: $value }'
+ rm /twcr/mnt/results/extract-failed
+ touch /twcr/mnt/results/extract-completed
