==== RUN-DOCKER
+++ dirname -- ./worker/run.sh
++ cd -- ./worker
++ pwd
+ twcrdir=/twcr/worker/..
+ repo=github.com/nickfrosty/compressed.app
+ reporef=main
+ repopath=./
+ '[' true == true ']'
+ grep -q '^././'
++ echo github.com/nickfrosty/compressed.app
++ sha256sum
++ awk '{ print $1 }'
++ cut -c1-12
+ procdir=/tmp/twcr-3b6cd15baf07
++ echo 'github.com/nickfrosty/compressed.app;main;./'
++ sha256sum
++ awk '{ print $1 }'
++ cut -c1-12
+ datadir=/twcr/worker/../mnt/dataset/data/d934a987d8a1
+ '[' '!' -z /twcr/mnt/results ']'
+ datadir=/twcr/mnt/results
+ touch /twcr/mnt/results/extract-failed
++ base64
++ tr -d =
++ tr /+ _-
++ base64
++ tr -d =
++ tr /+ _-
+ writetaskstat analysis_key github.com/nickfrosty/compressed.app/bWFpbgo/Li8K
+ jq -nc --arg key analysis_key --arg value github.com/nickfrosty/compressed.app/bWFpbgo/Li8K '{ key: $key, value: $value }'
++ date -u +%Y%m%d%H%M%S
++ sha256sum
++ awk '{ print $1 }'
++ cut -c1-16
++ head -c 32 /dev/urandom
+ writetaskstat analysis_nonce d57cc84d4c1b80e6
+ jq -nc --arg key analysis_nonce --arg value d57cc84d4c1b80e6 '{ key: $key, value: $value }'
+ writetaskstat input_repo_name github.com/nickfrosty/compressed.app
+ jq -nc --arg key input_repo_name --arg value github.com/nickfrosty/compressed.app '{ key: $key, value: $value }'
+ writetaskstat input_repo_ref main
+ jq -nc --arg key input_repo_ref --arg value main '{ key: $key, value: $value }'
+ writetaskstat input_repo_path ./
+ jq -nc --arg key input_repo_path --arg value ./ '{ key: $key, value: $value }'
++ date -u +%Y-%m-%dT%H:%M:%SZ
+ writetaskstat timestamp_begin 2024-03-05T11:56:06Z
+ jq -nc --arg key timestamp_begin --arg value 2024-03-05T11:56:06Z '{ key: $key, value: $value }'
+ mkdir -p /tmp/twcr-3b6cd15baf07
+ pushd /tmp/twcr-3b6cd15baf07
+ '[' -d .git ']'
+ git clone --depth=1 -b main https://github.com/nickfrosty/compressed.app.git .
/tmp/twcr-3b6cd15baf07 /twcr
Cloning into '.'...
++ date -u +%Y-%m-%dT%H:%M:%SZ
+ writetaskstat timestamp_git_clone_complete 2024-03-05T11:56:07Z
+ jq -nc --arg key timestamp_git_clone_complete --arg value 2024-03-05T11:56:07Z '{ key: $key, value: $value }'
++ git rev-parse HEAD
+ writetaskstat exec_repo_commit_sha 8d6ab48db9e918dd03f4f8128d675817bf2ffe00
+ jq -nc --arg key exec_repo_commit_sha --arg value 8d6ab48db9e918dd03f4f8128d675817bf2ffe00 '{ key: $key, value: $value }'
+++ git show --no-patch --format=%ci
++ date -u --date '2023-10-17 20:25:12 -0400' +%Y-%m-%dT%H:%M:%SZ
+ writetaskstat exec_repo_commit_date 2023-10-18T00:25:12Z
+ jq -nc --arg key exec_repo_commit_date --arg value 2023-10-18T00:25:12Z '{ key: $key, value: $value }'
/tmp/twcr-3b6cd15baf07 /tmp/twcr-3b6cd15baf07 /twcr
+ '[' -z ./ ']'
+ pushd ./
+ tailwind_config_file_name=
+ '[' -f tailwind.config.js ']'
+ tailwind_config_file_name=tailwind.config.js
+ writetaskstat exec_tailwind_config_file tailwind.config.js
+ jq -nc --arg key exec_tailwind_config_file --arg value tailwind.config.js '{ key: $key, value: $value }'
+ cp tailwind.config.js /twcr/mnt/results/extract-raw-tailwind-config.js
+ '[' '!' -f package.json ']'
+ cp package.json /twcr/mnt/results/extract-raw-package.json
++ /twcr/worker/../worker/pm-detect.sh /tmp/twcr-3b6cd15baf07
+ package_manager_name=yarn
+ '[' -z yarn ']'
+ '[' -z yarn ']'
+ writetaskstat exec_node_package_manager yarn
+ jq -nc --arg key exec_node_package_manager --arg value yarn '{ key: $key, value: $value }'
+ attempt_mode=squash
+ true
++ date -u +%Y-%m-%dT%H:%M:%SZ
+ writetaskstat timestamp_attempt_squash_begin 2024-03-05T11:56:07Z
+ jq -nc --arg key timestamp_attempt_squash_begin --arg value 2024-03-05T11:56:07Z '{ key: $key, value: $value }'
+ [[ squash == \s\q\u\a\s\h ]]
+ set +e
+ node /twcr/worker/../worker/squash-package.mjs tailwind.config.js
[squash-package] ERROR: failed to find any match for import path (@tailwindcss/line-clamp)
+ exitcode=1
+ set -e
+ [[ 1 != \0 ]]
+ echo '[worker] WARN: squash failed; retrying with full install'
[worker] WARN: squash failed; retrying with full install
+ attempt_mode=full
+ continue
+ true
++ date -u +%Y-%m-%dT%H:%M:%SZ
+ writetaskstat timestamp_attempt_full_begin 2024-03-05T11:56:07Z
+ jq -nc --arg key timestamp_attempt_full_begin --arg value 2024-03-05T11:56:07Z '{ key: $key, value: $value }'
+ [[ full == \s\q\u\a\s\h ]]
+ git clean -fdx
+ git reset --hard
HEAD is now at 8d6ab48 build: updated compression package
+ set +e
+ /twcr/worker/../worker/pm-install.sh yarn /tmp/twcr-3b6cd15baf07 /twcr/mnt/results
+ package_manager_name=yarn
+ procdir=/tmp/twcr-3b6cd15baf07
+ datadir=/twcr/mnt/results
+ case "${package_manager_name}" in
+ '[' -z http://tid_1e5ae0ed868f:ok@172.18.0.2:3128 ']'
+ yarn config set httpProxy http://tid_1e5ae0ed868f:ok@172.18.0.2:3128
yarn config v1.22.19
success Set "httpProxy" to "http://tid_1e5ae0ed868f:ok@172.18.0.2:3128".
Done in 0.04s.
+ '[' -z http://tid_1e5ae0ed868f:ok@172.18.0.2:3128 ']'
+ yarn config set httpsProxy http://tid_1e5ae0ed868f:ok@172.18.0.2:3128
yarn config v1.22.19
success Set "httpsProxy" to "http://tid_1e5ae0ed868f:ok@172.18.0.2:3128".
Done in 0.05s.
+ yarn install
yarn install v1.22.19
[1/5] Validating package.json...
[2/5] Resolving packages...
[3/5] Fetching packages...
(node:132) [DEP0040] DeprecationWarning: The `punycode` module is deprecated. Please use a userland alternative instead.
(Use `node --trace-deprecation ...` to show where the warning was created)
[4/5] Linking dependencies...
[5/5] Building fresh packages...
Done in 58.92s.
+ yarn list --depth=0 --json --non-interactive --no-progress
+ jq -cr '
        [.. | .name?]
        | map(select(.))
        | map(capture("^(?<name>@?[^@]+)@(?<version>.+)$"))
        | sort_by(.name)[]'
+ exitcode=0
+ set -e
+ [[ 0 != \0 ]]
++ jq -sr 'map(select(.name == "tailwindcss")) | first | .version'
+ tailwind_package_version=3.2.7
+ tailwind_config_exporter=tailwind.config.exporter2.cjs
+ '[' -f node_modules/tailwindcss/lib/lib/load-config.js ']'
+ cp /twcr/worker/../worker/tailwind.config.exporter2.cjs ./
+ set +e
+ node ./tailwind.config.exporter2.cjs tailwind.config.js
+ exitcode=0
+ set -e
+ [[ 0 != \0 ]]
+ echo 'module.exports={plugins:['
+ jq -rs '
        map(select(.name | startswith("@tailwindcss/")))
        | map("require(" + ( .name | tojson ) + "),")[]
      '
+ grep -Ev '"@tailwindcss/postcss7-compat"'
+ echo ']}'
+ cat tailwind.config.js
+ sed 's/^/>>> /'
>>> module.exports={plugins:[
>>> require("@tailwindcss/typography"),
>>> ]}
+ node ./tailwind.config.exporter2.cjs tailwind.config.js
++ date -u +%Y-%m-%dT%H:%M:%SZ
+ writetaskstat timestamp_attempt_full_end 2024-03-05T11:57:08Z
+ jq -nc --arg key timestamp_attempt_full_end --arg value 2024-03-05T11:57:08Z '{ key: $key, value: $value }'
+ break
++ date -u +%Y-%m-%dT%H:%M:%SZ
+ writetaskstat timestamp_end 2024-03-05T11:57:08Z
+ jq -nc --arg key timestamp_end --arg value 2024-03-05T11:57:08Z '{ key: $key, value: $value }'
+ rm /twcr/mnt/results/extract-failed
+ touch /twcr/mnt/results/extract-completed
