==== RUN-DOCKER
+++ dirname -- ./worker/run.sh
++ cd -- ./worker
++ pwd
+ twcrdir=/twcr/worker/..
+ repo=github.com/Girish21/remix-cloudflare-workers-template
+ reporef=main
+ repopath=./packages/remix-app
+ '[' true == true ']'
+ grep -q '^././'
++ echo github.com/Girish21/remix-cloudflare-workers-template
++ sha256sum
++ awk '{ print $1 }'
++ cut -c1-12
+ procdir=/tmp/twcr-db8f1462a490
++ echo 'github.com/Girish21/remix-cloudflare-workers-template;main;./packages/remix-app'
++ sha256sum
++ awk '{ print $1 }'
++ cut -c1-12
+ datadir=/twcr/worker/../mnt/dataset/data/8ef658570762
+ '[' '!' -z /twcr/mnt/results ']'
+ datadir=/twcr/mnt/results
+ touch /twcr/mnt/results/extract-failed
++ base64
++ tr -d =
++ tr /+ _-
++ base64
++ tr -d =
++ tr /+ _-
+ writetaskstat analysis_key github.com/Girish21/remix-cloudflare-workers-template/bWFpbgo/Li9wYWNrYWdlcy9yZW1peC1hcHAK
+ jq -nc --arg key analysis_key --arg value github.com/Girish21/remix-cloudflare-workers-template/bWFpbgo/Li9wYWNrYWdlcy9yZW1peC1hcHAK '{ key: $key, value: $value }'
++ date -u +%Y%m%d%H%M%S
++ sha256sum
++ awk '{ print $1 }'
++ cut -c1-16
++ head -c 32 /dev/urandom
+ writetaskstat analysis_nonce 7eae1e06a4cbd979
+ jq -nc --arg key analysis_nonce --arg value 7eae1e06a4cbd979 '{ key: $key, value: $value }'
+ writetaskstat input_repo_name github.com/Girish21/remix-cloudflare-workers-template
+ jq -nc --arg key input_repo_name --arg value github.com/Girish21/remix-cloudflare-workers-template '{ key: $key, value: $value }'
+ writetaskstat input_repo_ref main
+ jq -nc --arg key input_repo_ref --arg value main '{ key: $key, value: $value }'
+ writetaskstat input_repo_path ./packages/remix-app
+ jq -nc --arg key input_repo_path --arg value ./packages/remix-app '{ key: $key, value: $value }'
++ date -u +%Y-%m-%dT%H:%M:%SZ
+ writetaskstat timestamp_begin 2024-03-05T04:24:17Z
+ jq -nc --arg key timestamp_begin --arg value 2024-03-05T04:24:17Z '{ key: $key, value: $value }'
+ mkdir -p /tmp/twcr-db8f1462a490
/tmp/twcr-db8f1462a490 /twcr
+ pushd /tmp/twcr-db8f1462a490
+ '[' -d .git ']'
+ git clone --depth=1 -b main https://github.com/Girish21/remix-cloudflare-workers-template.git .
Cloning into '.'...
++ date -u +%Y-%m-%dT%H:%M:%SZ
+ writetaskstat timestamp_git_clone_complete 2024-03-05T04:24:18Z
+ jq -nc --arg key timestamp_git_clone_complete --arg value 2024-03-05T04:24:18Z '{ key: $key, value: $value }'
++ git rev-parse HEAD
+ writetaskstat exec_repo_commit_sha 5b02b18977be732e8e2ca6f28621b6e72ff52a4e
+ jq -nc --arg key exec_repo_commit_sha --arg value 5b02b18977be732e8e2ca6f28621b6e72ff52a4e '{ key: $key, value: $value }'
+++ git show --no-patch --format=%ci
++ date -u --date '2023-04-09 12:48:02 +0530' +%Y-%m-%dT%H:%M:%SZ
+ writetaskstat exec_repo_commit_date 2023-04-09T07:18:02Z
+ jq -nc --arg key exec_repo_commit_date --arg value 2023-04-09T07:18:02Z '{ key: $key, value: $value }'
+ '[' -z ./packages/remix-app ']'
+ pushd ./packages/remix-app
+ tailwind_config_file_name=
+ '[' -f tailwind.config.js ']'
+ tailwind_config_file_name=tailwind.config.js
+ writetaskstat exec_tailwind_config_file tailwind.config.js
+ jq -nc --arg key exec_tailwind_config_file --arg value tailwind.config.js '{ key: $key, value: $value }'
/tmp/twcr-db8f1462a490/packages/remix-app /tmp/twcr-db8f1462a490 /twcr
+ cp tailwind.config.js /twcr/mnt/results/extract-raw-tailwind-config.js
+ '[' '!' -f package.json ']'
+ cp package.json /twcr/mnt/results/extract-raw-package.json
++ /twcr/worker/../worker/pm-detect.sh /tmp/twcr-db8f1462a490/packages/remix-app
+ package_manager_name=
+ '[' -z '' ']'
+ '[' ./packages/remix-app '!=' ./ ']'
++ /twcr/worker/../worker/pm-detect.sh /tmp/twcr-db8f1462a490
+ package_manager_name=
+ '[' -z '' ']'
+ package_manager_name=npm
+ writetaskstat exec_node_package_manager npm
+ jq -nc --arg key exec_node_package_manager --arg value npm '{ key: $key, value: $value }'
+ attempt_mode=squash
+ true
++ date -u +%Y-%m-%dT%H:%M:%SZ
+ writetaskstat timestamp_attempt_squash_begin 2024-03-05T04:24:18Z
+ jq -nc --arg key timestamp_attempt_squash_begin --arg value 2024-03-05T04:24:18Z '{ key: $key, value: $value }'
+ [[ squash == \s\q\u\a\s\h ]]
+ set +e
+ node /twcr/worker/../worker/squash-package.mjs tailwind.config.js
+ exitcode=0
+ set -e
+ [[ 0 != \0 ]]
+ cat package.json
+ sed 's/^/>>> /'
>>> {
>>>   "name": "remix-app",
>>>   "version": "0.0.0",
>>>   "license": "MIT",
>>>   "main": "./build/index.js",
>>>   "types": "./build.d.ts",
>>>   "dependencies": {},
>>>   "devDependencies": {
>>>     "tailwindcss": "^3.3.1"
>>>   }
>>> }+ rm -f package-lock.json pnpm-lock.yaml yarn.lock
+ '[' ./packages/remix-app '!=' ./ ']'
+ rm -f /tmp/twcr-db8f1462a490/package.json /tmp/twcr-db8f1462a490/package-lock.json /tmp/twcr-db8f1462a490/pnpm-lock.yaml /tmp/twcr-db8f1462a490/yarn.lock
+ set +e
+ /twcr/worker/../worker/pm-install.sh npm /tmp/twcr-db8f1462a490 /twcr/mnt/results
+ package_manager_name=npm
+ procdir=/tmp/twcr-db8f1462a490
+ datadir=/twcr/mnt/results
+ case "${package_manager_name}" in
++ '[' -f package-lock.json ']'
++ echo install
+ npm install --ignore-engines

added 112 packages, and audited 113 packages in 4s

28 packages are looking for funding
  run `npm fund` for details

found 0 vulnerabilities
npm notice 
npm notice New minor version of npm available! 10.2.4 -> 10.5.0
npm notice Changelog: <https://github.com/npm/cli/releases/tag/v10.5.0>
npm notice Run `npm install -g npm@10.5.0` to update!
npm notice 
+ npm query '*'
+ jq -cr '
        map({ name: .name, version: .version })
        | map(select(.name))
        | sort_by(.name)[]
      '
+ exitcode=0
+ set -e
+ [[ 0 != \0 ]]
++ jq -sr 'map(select(.name == "tailwindcss")) | first | .version'
+ tailwind_package_version=3.4.1
+ tailwind_config_exporter=tailwind.config.exporter2.cjs
+ '[' -f node_modules/tailwindcss/lib/lib/load-config.js ']'
+ tailwind_config_exporter=tailwind.config.exporter3.mjs
+ cp /twcr/worker/../worker/tailwind.config.exporter3.mjs ./
+ set +e
+ node ./tailwind.config.exporter3.mjs tailwind.config.js
+ exitcode=0
+ set -e
+ [[ 0 != \0 ]]
+ echo 'module.exports={plugins:['
+ jq -rs '
        map(select(.name | startswith("@tailwindcss/")))
        | map("require(" + ( .name | tojson ) + "),")[]
      '
+ grep -Ev '"@tailwindcss/postcss7-compat"'
+ true
+ echo ']}'
+ cat tailwind.config.js
+ sed 's/^/>>> /'
>>> module.exports={plugins:[
>>> ]}
+ node ./tailwind.config.exporter3.mjs tailwind.config.js
++ date -u +%Y-%m-%dT%H:%M:%SZ
+ writetaskstat timestamp_attempt_squash_end 2024-03-05T04:24:24Z
+ jq -nc --arg key timestamp_attempt_squash_end --arg value 2024-03-05T04:24:24Z '{ key: $key, value: $value }'
+ break
++ date -u +%Y-%m-%dT%H:%M:%SZ
+ writetaskstat timestamp_end 2024-03-05T04:24:24Z
+ jq -nc --arg key timestamp_end --arg value 2024-03-05T04:24:24Z '{ key: $key, value: $value }'
+ rm /twcr/mnt/results/extract-failed
+ touch /twcr/mnt/results/extract-completed
