==== RUN-DOCKER
+++ dirname -- ./worker/run.sh
++ cd -- ./worker
++ pwd
+ twcrdir=/twcr/worker/..
+ repo=github.com/lucasmrl/chat-app
+ reporef=master
+ repopath=./client
+ '[' true == true ']'
+ grep -q '^././'
++ echo github.com/lucasmrl/chat-app
++ sha256sum
++ awk '{ print $1 }'
++ cut -c1-12
+ procdir=/tmp/twcr-ff7cef84b256
++ echo 'github.com/lucasmrl/chat-app;master;./client'
++ sha256sum
++ awk '{ print $1 }'
++ cut -c1-12
+ datadir=/twcr/worker/../mnt/dataset/data/4b380009ac3d
+ '[' '!' -z /twcr/mnt/results ']'
+ datadir=/twcr/mnt/results
+ touch /twcr/mnt/results/extract-failed
++ base64
++ tr -d =
++ tr /+ _-
++ base64
++ tr -d =
++ tr /+ _-
+ writetaskstat analysis_key github.com/lucasmrl/chat-app/bWFzdGVyCg/Li9jbGllbnQK
+ jq -nc --arg key analysis_key --arg value github.com/lucasmrl/chat-app/bWFzdGVyCg/Li9jbGllbnQK '{ key: $key, value: $value }'
++ date -u +%Y%m%d%H%M%S
++ sha256sum
++ awk '{ print $1 }'
++ cut -c1-16
++ head -c 32 /dev/urandom
+ writetaskstat analysis_nonce c2fa45629cb5e198
+ jq -nc --arg key analysis_nonce --arg value c2fa45629cb5e198 '{ key: $key, value: $value }'
+ writetaskstat input_repo_name github.com/lucasmrl/chat-app
+ jq -nc --arg key input_repo_name --arg value github.com/lucasmrl/chat-app '{ key: $key, value: $value }'
+ writetaskstat input_repo_ref master
+ jq -nc --arg key input_repo_ref --arg value master '{ key: $key, value: $value }'
+ writetaskstat input_repo_path ./client
+ jq -nc --arg key input_repo_path --arg value ./client '{ key: $key, value: $value }'
++ date -u +%Y-%m-%dT%H:%M:%SZ
+ writetaskstat timestamp_begin 2024-03-04T09:12:47Z
+ jq -nc --arg key timestamp_begin --arg value 2024-03-04T09:12:47Z '{ key: $key, value: $value }'
+ mkdir -p /tmp/twcr-ff7cef84b256
/tmp/twcr-ff7cef84b256 /twcr
+ pushd /tmp/twcr-ff7cef84b256
+ '[' -d .git ']'
+ git clone --depth=1 -b master https://github.com/lucasmrl/chat-app.git .
Cloning into '.'...
++ date -u +%Y-%m-%dT%H:%M:%SZ
+ writetaskstat timestamp_git_clone_complete 2024-03-04T09:12:48Z
+ jq -nc --arg key timestamp_git_clone_complete --arg value 2024-03-04T09:12:48Z '{ key: $key, value: $value }'
++ git rev-parse HEAD
+ writetaskstat exec_repo_commit_sha 73e3587527d56b0946faec02e7ab945d0c56616b
+ jq -nc --arg key exec_repo_commit_sha --arg value 73e3587527d56b0946faec02e7ab945d0c56616b '{ key: $key, value: $value }'
+++ git show --no-patch --format=%ci
++ date -u --date '2023-03-13 14:07:28 -0500' +%Y-%m-%dT%H:%M:%SZ
+ writetaskstat exec_repo_commit_date 2023-03-13T19:07:28Z
+ jq -nc --arg key exec_repo_commit_date --arg value 2023-03-13T19:07:28Z '{ key: $key, value: $value }'
+ '[' -z ./client ']'
+ pushd ./client
+ tailwind_config_file_name=
+ '[' -f tailwind.config.js ']'
+ tailwind_config_file_name=tailwind.config.js
+ writetaskstat exec_tailwind_config_file tailwind.config.js
+ jq -nc --arg key exec_tailwind_config_file --arg value tailwind.config.js '{ key: $key, value: $value }'
/tmp/twcr-ff7cef84b256/client /tmp/twcr-ff7cef84b256 /twcr
+ cp tailwind.config.js /twcr/mnt/results/extract-raw-tailwind-config.js
+ '[' '!' -f package.json ']'
+ cp package.json /twcr/mnt/results/extract-raw-package.json
++ /twcr/worker/../worker/pm-detect.sh /tmp/twcr-ff7cef84b256/client
+ package_manager_name=yarn
+ '[' -z yarn ']'
+ '[' -z yarn ']'
+ writetaskstat exec_node_package_manager yarn
+ jq -nc --arg key exec_node_package_manager --arg value yarn '{ key: $key, value: $value }'
+ attempt_mode=squash
+ true
++ date -u +%Y-%m-%dT%H:%M:%SZ
+ writetaskstat timestamp_attempt_squash_begin 2024-03-04T09:12:48Z
+ jq -nc --arg key timestamp_attempt_squash_begin --arg value 2024-03-04T09:12:48Z '{ key: $key, value: $value }'
+ [[ squash == \s\q\u\a\s\h ]]
+ set +e
+ node /twcr/worker/../worker/squash-package.mjs tailwind.config.js
+ exitcode=0
+ set -e
+ [[ 0 != \0 ]]
+ cat package.json
+ sed 's/^/>>> /'
>>> {
>>>   "name": "client",
>>>   "version": "0.1.0",
>>>   "private": true,
>>>   "dependencies": {
>>>     "tailwindcss": "npm:@tailwindcss/postcss7-compat@^2.0.2"
>>>   },
>>>   "eslintConfig": {
>>>     "extends": [
>>>       "react-app",
>>>       "react-app/jest"
>>>     ]
>>>   },
>>>   "browserslist": {
>>>     "production": [
>>>       ">0.2%",
>>>       "not dead",
>>>       "not op_mini all"
>>>     ],
>>>     "development": [
>>>       "last 1 chrome version",
>>>       "last 1 firefox version",
>>>       "last 1 safari version"
>>>     ]
>>>   },
>>>   "proxy": "http://localhost:8080",
>>>   "devDependencies": {}
>>> }+ rm -f package-lock.json pnpm-lock.yaml yarn.lock
+ '[' ./client '!=' ./ ']'
+ rm -f /tmp/twcr-ff7cef84b256/package.json /tmp/twcr-ff7cef84b256/package-lock.json /tmp/twcr-ff7cef84b256/pnpm-lock.yaml /tmp/twcr-ff7cef84b256/yarn.lock
+ set +e
+ /twcr/worker/../worker/pm-install.sh yarn /tmp/twcr-ff7cef84b256 /twcr/mnt/results
+ package_manager_name=yarn
+ procdir=/tmp/twcr-ff7cef84b256
+ datadir=/twcr/mnt/results
+ case "${package_manager_name}" in
+ '[' -z http://tid_7ac42cfb68ca:ok@172.18.0.2:3128 ']'
+ yarn config set httpProxy http://tid_7ac42cfb68ca:ok@172.18.0.2:3128
yarn config v1.22.19
success Set "httpProxy" to "http://tid_7ac42cfb68ca:ok@172.18.0.2:3128".
Done in 0.03s.
+ '[' -z http://tid_7ac42cfb68ca:ok@172.18.0.2:3128 ']'
+ yarn config set httpsProxy http://tid_7ac42cfb68ca:ok@172.18.0.2:3128
yarn config v1.22.19
success Set "httpsProxy" to "http://tid_7ac42cfb68ca:ok@172.18.0.2:3128".
Done in 0.03s.
+ yarn install
yarn install v1.22.19
info No lockfile found.
[1/4] Resolving packages...
(node:132) [DEP0040] DeprecationWarning: The `punycode` module is deprecated. Please use a userland alternative instead.
(Use `node --trace-deprecation ...` to show where the warning was created)
[2/4] Fetching packages...
[3/4] Linking dependencies...
[4/4] Building fresh packages...
success Saved lockfile.
Done in 9.18s.
+ yarn list --depth=0 --json --non-interactive --no-progress
+ jq -cr '
        [.. | .name?]
        | map(select(.))
        | map(capture("^(?<name>@?[^@]+)@(?<version>.+)$"))
        | sort_by(.name)[]'
+ exitcode=0
+ set -e
+ [[ 0 != \0 ]]
++ jq -sr 'map(select(.name == "tailwindcss")) | first | .version'
+ tailwind_package_version=2.2.17
+ tailwind_config_exporter=tailwind.config.exporter2.cjs
+ '[' -f node_modules/tailwindcss/lib/lib/load-config.js ']'
+ cp /twcr/worker/../worker/tailwind.config.exporter2.cjs ./
+ set +e
+ node ./tailwind.config.exporter2.cjs tailwind.config.js
+ exitcode=0
+ set -e
+ [[ 0 != \0 ]]
+ echo 'module.exports={plugins:['
+ jq -rs '
        map(select(.name | startswith("@tailwindcss/")))
        | map("require(" + ( .name | tojson ) + "),")[]
      '
+ grep -Ev '"@tailwindcss/postcss7-compat"'
+ true
+ echo ']}'
+ cat tailwind.config.js
+ sed 's/^/>>> /'
>>> module.exports={plugins:[
>>> ]}
+ node ./tailwind.config.exporter2.cjs tailwind.config.js
++ date -u +%Y-%m-%dT%H:%M:%SZ
+ writetaskstat timestamp_attempt_squash_end 2024-03-04T09:12:58Z
+ jq -nc --arg key timestamp_attempt_squash_end --arg value 2024-03-04T09:12:58Z '{ key: $key, value: $value }'
+ break
++ date -u +%Y-%m-%dT%H:%M:%SZ
+ writetaskstat timestamp_end 2024-03-04T09:12:58Z
+ jq -nc --arg key timestamp_end --arg value 2024-03-04T09:12:58Z '{ key: $key, value: $value }'
+ rm /twcr/mnt/results/extract-failed
+ touch /twcr/mnt/results/extract-completed
