==== RUN-DOCKER
+++ dirname -- ./worker/run.sh
++ cd -- ./worker
++ pwd
+ twcrdir=/twcr/worker/..
+ repo=github.com/kamranahmedse/driver.js
+ reporef=master
+ repopath=./docs
+ '[' true == true ']'
+ grep -q '^././'
++ sha256sum
++ echo github.com/kamranahmedse/driver.js
++ awk '{ print $1 }'
++ cut -c1-12
+ procdir=/tmp/twcr-175f8213ece3
++ echo 'github.com/kamranahmedse/driver.js;master;./docs'
++ sha256sum
++ awk '{ print $1 }'
++ cut -c1-12
+ datadir=/twcr/worker/../mnt/dataset/data/be013807d4df
+ '[' '!' -z /twcr/mnt/results ']'
+ datadir=/twcr/mnt/results
+ touch /twcr/mnt/results/extract-failed
++ base64
++ tr -d =
++ tr /+ _-
++ base64
++ tr -d =
++ tr /+ _-
+ writetaskstat analysis_key github.com/kamranahmedse/driver.js/bWFzdGVyCg/Li9kb2NzCg
+ jq -nc --arg key analysis_key --arg value github.com/kamranahmedse/driver.js/bWFzdGVyCg/Li9kb2NzCg '{ key: $key, value: $value }'
++ date -u +%Y%m%d%H%M%S
++ sha256sum
++ awk '{ print $1 }'
++ cut -c1-16
++ head -c 32 /dev/urandom
+ writetaskstat analysis_nonce 09200a7cd601b3b0
+ jq -nc --arg key analysis_nonce --arg value 09200a7cd601b3b0 '{ key: $key, value: $value }'
+ writetaskstat input_repo_name github.com/kamranahmedse/driver.js
+ jq -nc --arg key input_repo_name --arg value github.com/kamranahmedse/driver.js '{ key: $key, value: $value }'
+ writetaskstat input_repo_ref master
+ jq -nc --arg key input_repo_ref --arg value master '{ key: $key, value: $value }'
+ writetaskstat input_repo_path ./docs
+ jq -nc --arg key input_repo_path --arg value ./docs '{ key: $key, value: $value }'
++ date -u +%Y-%m-%dT%H:%M:%SZ
+ writetaskstat timestamp_begin 2024-03-04T00:47:38Z
+ jq -nc --arg key timestamp_begin --arg value 2024-03-04T00:47:38Z '{ key: $key, value: $value }'
+ mkdir -p /tmp/twcr-175f8213ece3
+ pushd /tmp/twcr-175f8213ece3
+ '[' -d .git ']'
+ git clone --depth=1 -b master https://github.com/kamranahmedse/driver.js.git .
/tmp/twcr-175f8213ece3 /twcr
Cloning into '.'...
++ date -u +%Y-%m-%dT%H:%M:%SZ
+ writetaskstat timestamp_git_clone_complete 2024-03-04T00:47:39Z
+ jq -nc --arg key timestamp_git_clone_complete --arg value 2024-03-04T00:47:39Z '{ key: $key, value: $value }'
++ git rev-parse HEAD
+ writetaskstat exec_repo_commit_sha 0889e01c809c93f261e321e80d65ee3b25d92387
+ jq -nc --arg key exec_repo_commit_sha --arg value 0889e01c809c93f261e321e80d65ee3b25d92387 '{ key: $key, value: $value }'
+++ git show --no-patch --format=%ci
++ date -u --date '2023-11-28 02:00:23 +0000' +%Y-%m-%dT%H:%M:%SZ
+ writetaskstat exec_repo_commit_date 2023-11-28T02:00:23Z
+ jq -nc --arg key exec_repo_commit_date --arg value 2023-11-28T02:00:23Z '{ key: $key, value: $value }'
+ '[' -z ./docs ']'
+ pushd ./docs
+ tailwind_config_file_name=
+ '[' -f tailwind.config.js ']'
/tmp/twcr-175f8213ece3/docs /tmp/twcr-175f8213ece3 /twcr
+ '[' -f tailwind.config.cjs ']'
+ tailwind_config_file_name=tailwind.config.cjs
+ writetaskstat exec_tailwind_config_file tailwind.config.cjs
+ jq -nc --arg key exec_tailwind_config_file --arg value tailwind.config.cjs '{ key: $key, value: $value }'
+ cp tailwind.config.cjs /twcr/mnt/results/extract-raw-tailwind-config.js
+ '[' '!' -f package.json ']'
+ cp package.json /twcr/mnt/results/extract-raw-package.json
++ /twcr/worker/../worker/pm-detect.sh /tmp/twcr-175f8213ece3/docs
+ package_manager_name=pnpm
+ '[' -z pnpm ']'
+ '[' -z pnpm ']'
+ writetaskstat exec_node_package_manager pnpm
+ jq -nc --arg key exec_node_package_manager --arg value pnpm '{ key: $key, value: $value }'
+ attempt_mode=squash
+ true
++ date -u +%Y-%m-%dT%H:%M:%SZ
+ writetaskstat timestamp_attempt_squash_begin 2024-03-04T00:47:39Z
+ jq -nc --arg key timestamp_attempt_squash_begin --arg value 2024-03-04T00:47:39Z '{ key: $key, value: $value }'
+ [[ squash == \s\q\u\a\s\h ]]
+ set +e
+ node /twcr/worker/../worker/squash-package.mjs tailwind.config.cjs
+ exitcode=0
+ set -e
+ [[ 0 != \0 ]]
+ cat package.json
+ sed 's/^/>>> /'
>>> {
>>>   "name": "driver-docs",
>>>   "type": "module",
>>>   "version": "0.0.1",
>>>   "dependencies": {
>>>     "@astrojs/tailwind": "^5.0.0",
>>>     "tailwindcss": "^3.3.3"
>>>   },
>>>   "devDependencies": {
>>>     "@tailwindcss/typography": "^0.5.9"
>>>   }
>>> }+ rm -f package-lock.json pnpm-lock.yaml yarn.lock
+ '[' ./docs '!=' ./ ']'
+ rm -f /tmp/twcr-175f8213ece3/package.json /tmp/twcr-175f8213ece3/package-lock.json /tmp/twcr-175f8213ece3/pnpm-lock.yaml /tmp/twcr-175f8213ece3/yarn.lock
+ set +e
+ /twcr/worker/../worker/pm-install.sh pnpm /tmp/twcr-175f8213ece3 /twcr/mnt/results
+ package_manager_name=pnpm
+ procdir=/tmp/twcr-175f8213ece3
+ datadir=/twcr/mnt/results
+ case "${package_manager_name}" in
+ '[' '!' -f /tmp/twcr-175f8213ece3/package.json ']'
+ '[' '!' -f package.json ']'
++ pnpm -v
+ sed -Ei 's/("pnpm": ")(.+)(")/\18.15.4\3/' package.json
+ pnpm install
Progress: resolved 1, reused 0, downloaded 0, added 0
Progress: resolved 28, reused 0, downloaded 19, added 0
Progress: resolved 64, reused 0, downloaded 50, added 0
Progress: resolved 99, reused 0, downloaded 83, added 0
Progress: resolved 122, reused 0, downloaded 120, added 0
Progress: resolved 154, reused 0, downloaded 141, added 0
Progress: resolved 181, reused 0, downloaded 176, added 0
Progress: resolved 217, reused 0, downloaded 210, added 0
Progress: resolved 263, reused 0, downloaded 229, added 0
Progress: resolved 306, reused 0, downloaded 268, added 0
Progress: resolved 346, reused 0, downloaded 304, added 0
Progress: resolved 386, reused 0, downloaded 336, added 0
Progress: resolved 419, reused 0, downloaded 369, added 0
Progress: resolved 465, reused 0, downloaded 403, added 0
Progress: resolved 495, reused 0, downloaded 451, added 0
Packages: +461
++++++++++++++++++++++++++++++++++++++++++++++++++++++++++++++++++++++++++++++++
Progress: resolved 495, reused 0, downloaded 461, added 461, done
.../esbuild@0.19.12/node_modules/esbuild postinstall$ node install.js
.../esbuild@0.19.12/node_modules/esbuild postinstall: Done
.../sharp@0.32.6/node_modules/sharp install$ (node install/libvips && node install/dll-copy && prebuild-install) || (node install/can-compile && node-gyp rebuild && node install/dll-copy)
.../sharp@0.32.6/node_modules/sharp install: sharp: Downloading https://github.com/lovell/sharp-libvips/releases/download/v8.14.5/libvips-8.14.5-linux-x64.tar.br
.../sharp@0.32.6/node_modules/sharp install: sharp: Via proxy http://172.18.0.2:3128 with credentials
.../sharp@0.32.6/node_modules/sharp install: sharp: Integrity check passed for linux-x64
.../sharp@0.32.6/node_modules/sharp install: Done

dependencies:
+ @astrojs/tailwind 5.1.0
+ tailwindcss 3.4.1

devDependencies:
+ @tailwindcss/typography 0.5.10

Done in 17.9s
+ pnpm ls --json
+ jq -cr '
        .[]
        | [.dependencies, .devDependencies, .optionalDependencies]
        | map(select(.))[]
        | to_entries
        | map({ name: .key, version: .value.version })
        | sort_by(.name)[]
      '
+ exitcode=0
+ set -e
+ [[ 0 != \0 ]]
++ jq -sr 'map(select(.name == "tailwindcss")) | first | .version'
+ tailwind_package_version=3.4.1
+ tailwind_config_exporter=tailwind.config.exporter2.cjs
+ '[' -f node_modules/tailwindcss/lib/lib/load-config.js ']'
+ tailwind_config_exporter=tailwind.config.exporter3.mjs
+ cp /twcr/worker/../worker/tailwind.config.exporter3.mjs ./
+ set +e
+ node ./tailwind.config.exporter3.mjs tailwind.config.cjs
+ exitcode=0
+ set -e
+ [[ 0 != \0 ]]
+ echo 'module.exports={plugins:['
+ jq -rs '
        map(select(.name | startswith("@tailwindcss/")))
        | map("require(" + ( .name | tojson ) + "),")[]
      '
+ grep -Ev '"@tailwindcss/postcss7-compat"'
+ echo ']}'
+ cat tailwind.config.cjs
+ sed 's/^/>>> /'
>>> module.exports={plugins:[
>>> require("@tailwindcss/typography"),
>>> ]}
+ node ./tailwind.config.exporter3.mjs tailwind.config.cjs
++ date -u +%Y-%m-%dT%H:%M:%SZ
+ writetaskstat timestamp_attempt_squash_end 2024-03-04T00:47:58Z
+ jq -nc --arg key timestamp_attempt_squash_end --arg value 2024-03-04T00:47:58Z '{ key: $key, value: $value }'
+ break
++ date -u +%Y-%m-%dT%H:%M:%SZ
+ writetaskstat timestamp_end 2024-03-04T00:47:58Z
+ jq -nc --arg key timestamp_end --arg value 2024-03-04T00:47:58Z '{ key: $key, value: $value }'
+ rm /twcr/mnt/results/extract-failed
+ touch /twcr/mnt/results/extract-completed
