==== RUN-DOCKER
+++ dirname -- ./worker/run.sh
++ cd -- ./worker
++ pwd
+ twcrdir=/twcr/worker/..
+ repo=github.com/pheralb/svgl
+ reporef=main
+ repopath=./
+ '[' true == true ']'
+ grep -q '^././'
++ echo github.com/pheralb/svgl
++ sha256sum
++ awk '{ print $1 }'
++ cut -c1-12
+ procdir=/tmp/twcr-7118ee0517d6
++ awk '{ print $1 }'
++ sha256sum
++ echo 'github.com/pheralb/svgl;main;./'
++ cut -c1-12
+ datadir=/twcr/worker/../mnt/dataset/data/21633235f47e
+ '[' '!' -z /twcr/mnt/results ']'
+ datadir=/twcr/mnt/results
+ touch /twcr/mnt/results/extract-failed
++ base64
++ tr -d =
++ tr /+ _-
++ base64
++ tr -d =
++ tr /+ _-
+ writetaskstat analysis_key github.com/pheralb/svgl/bWFpbgo/Li8K
+ jq -nc --arg key analysis_key --arg value github.com/pheralb/svgl/bWFpbgo/Li8K '{ key: $key, value: $value }'
++ date -u +%Y%m%d%H%M%S
++ sha256sum
++ awk '{ print $1 }'
++ cut -c1-16
++ head -c 32 /dev/urandom
+ writetaskstat analysis_nonce bf9b6fff9e2f1017
+ jq -nc --arg key analysis_nonce --arg value bf9b6fff9e2f1017 '{ key: $key, value: $value }'
+ writetaskstat input_repo_name github.com/pheralb/svgl
+ jq -nc --arg key input_repo_name --arg value github.com/pheralb/svgl '{ key: $key, value: $value }'
+ writetaskstat input_repo_ref main
+ jq -nc --arg key input_repo_ref --arg value main '{ key: $key, value: $value }'
+ writetaskstat input_repo_path ./
+ jq -nc --arg key input_repo_path --arg value ./ '{ key: $key, value: $value }'
++ date -u +%Y-%m-%dT%H:%M:%SZ
+ writetaskstat timestamp_begin 2024-03-04T03:10:17Z
+ jq -nc --arg key timestamp_begin --arg value 2024-03-04T03:10:17Z '{ key: $key, value: $value }'
+ mkdir -p /tmp/twcr-7118ee0517d6
/tmp/twcr-7118ee0517d6 /twcr
+ pushd /tmp/twcr-7118ee0517d6
+ '[' -d .git ']'
+ git clone --depth=1 -b main https://github.com/pheralb/svgl.git .
Cloning into '.'...
++ date -u +%Y-%m-%dT%H:%M:%SZ
+ writetaskstat timestamp_git_clone_complete 2024-03-04T03:10:19Z
+ jq -nc --arg key timestamp_git_clone_complete --arg value 2024-03-04T03:10:19Z '{ key: $key, value: $value }'
++ git rev-parse HEAD
+ writetaskstat exec_repo_commit_sha bff5c3f50cd7af06b3ad4b45dd15ae6fd1f06512
+ jq -nc --arg key exec_repo_commit_sha --arg value bff5c3f50cd7af06b3ad4b45dd15ae6fd1f06512 '{ key: $key, value: $value }'
+++ git show --no-patch --format=%ci
++ date -u --date '2024-02-27 15:45:14 +0000' +%Y-%m-%dT%H:%M:%SZ
+ writetaskstat exec_repo_commit_date 2024-02-27T15:45:14Z
+ jq -nc --arg key exec_repo_commit_date --arg value 2024-02-27T15:45:14Z '{ key: $key, value: $value }'
/tmp/twcr-7118ee0517d6 /tmp/twcr-7118ee0517d6 /twcr
+ '[' -z ./ ']'
+ pushd ./
+ tailwind_config_file_name=
+ '[' -f tailwind.config.js ']'
+ '[' -f tailwind.config.cjs ']'
+ tailwind_config_file_name=tailwind.config.cjs
+ writetaskstat exec_tailwind_config_file tailwind.config.cjs
+ jq -nc --arg key exec_tailwind_config_file --arg value tailwind.config.cjs '{ key: $key, value: $value }'
+ cp tailwind.config.cjs /twcr/mnt/results/extract-raw-tailwind-config.js
+ '[' '!' -f package.json ']'
+ cp package.json /twcr/mnt/results/extract-raw-package.json
++ /twcr/worker/../worker/pm-detect.sh /tmp/twcr-7118ee0517d6
+ package_manager_name=pnpm
+ '[' -z pnpm ']'
+ '[' -z pnpm ']'
+ writetaskstat exec_node_package_manager pnpm
+ jq -nc --arg key exec_node_package_manager --arg value pnpm '{ key: $key, value: $value }'
+ attempt_mode=squash
+ true
++ date -u +%Y-%m-%dT%H:%M:%SZ
+ writetaskstat timestamp_attempt_squash_begin 2024-03-04T03:10:19Z
+ jq -nc --arg key timestamp_attempt_squash_begin --arg value 2024-03-04T03:10:19Z '{ key: $key, value: $value }'
+ [[ squash == \s\q\u\a\s\h ]]
+ set +e
+ node /twcr/worker/../worker/squash-package.mjs tailwind.config.cjs
+ exitcode=0
+ set -e
+ [[ 0 != \0 ]]
+ cat package.json
+ sed 's/^/>>> /'
>>> {
>>>   "name": "svgl",
>>>   "author": "@pheralb_",
>>>   "version": "4.1.0",
>>>   "description": "A beautiful library with SVG logos.",
>>>   "private": true,
>>>   "license": "MIT",
>>>   "type": "module",
>>>   "keywords": [
>>>     "svgs",
>>>     "logos",
>>>     "images",
>>>     "library"
>>>   ],
>>>   "dependencies": {},
>>>   "devDependencies": {
>>>     "@tailwindcss/typography": "0.5.10",
>>>     "tailwindcss": "3.4.1"
>>>   },
>>>   "config": {
>>>     "siteURL": "https://svgl.app?figma=1"
>>>   }
>>> }+ rm -f package-lock.json pnpm-lock.yaml yarn.lock
+ '[' ./ '!=' ./ ']'
+ set +e
+ /twcr/worker/../worker/pm-install.sh pnpm /tmp/twcr-7118ee0517d6 /twcr/mnt/results
+ package_manager_name=pnpm
+ procdir=/tmp/twcr-7118ee0517d6
+ datadir=/twcr/mnt/results
+ case "${package_manager_name}" in
+ '[' '!' -f /tmp/twcr-7118ee0517d6/package.json ']'
++ pnpm -v
+ sed -Ei 's/("pnpm": ")(.+)(")/\18.15.4\3/' /tmp/twcr-7118ee0517d6/package.json
+ '[' '!' -f package.json ']'
++ pnpm -v
+ sed -Ei 's/("pnpm": ")(.+)(")/\18.15.4\3/' package.json
+ pnpm install
Progress: resolved 1, reused 0, downloaded 0, added 0
Progress: resolved 22, reused 0, downloaded 9, added 0
Progress: resolved 47, reused 0, downloaded 39, added 0
Progress: resolved 77, reused 0, downloaded 63, added 0
Progress: resolved 105, reused 0, downloaded 96, added 0
Packages: +110
++++++++++++++++++++++++++++++++++++++++++++++++++++++++++++++++++++++++++++++++
Progress: resolved 111, reused 0, downloaded 110, added 110, done

devDependencies:
+ @tailwindcss/typography 0.5.10
+ tailwindcss 3.4.1

Done in 6s
+ pnpm ls --json
+ jq -cr '
        .[]
        | [.dependencies, .devDependencies, .optionalDependencies]
        | map(select(.))[]
        | to_entries
        | map({ name: .key, version: .value.version })
        | sort_by(.name)[]
      '
+ exitcode=0
+ set -e
+ [[ 0 != \0 ]]
++ jq -sr 'map(select(.name == "tailwindcss")) | first | .version'
+ tailwind_package_version=3.4.1
+ tailwind_config_exporter=tailwind.config.exporter2.cjs
+ '[' -f node_modules/tailwindcss/lib/lib/load-config.js ']'
+ tailwind_config_exporter=tailwind.config.exporter3.mjs
+ cp /twcr/worker/../worker/tailwind.config.exporter3.mjs ./
+ set +e
+ node ./tailwind.config.exporter3.mjs tailwind.config.cjs
+ exitcode=0
+ set -e
+ [[ 0 != \0 ]]
+ echo 'module.exports={plugins:['
+ jq -rs '
        map(select(.name | startswith("@tailwindcss/")))
        | map("require(" + ( .name | tojson ) + "),")[]
      '
+ grep -Ev '"@tailwindcss/postcss7-compat"'
+ echo ']}'
+ cat tailwind.config.cjs
+ sed 's/^/>>> /'
>>> module.exports={plugins:[
>>> require("@tailwindcss/typography"),
>>> ]}
+ node ./tailwind.config.exporter3.mjs tailwind.config.cjs
++ date -u +%Y-%m-%dT%H:%M:%SZ
+ writetaskstat timestamp_attempt_squash_end 2024-03-04T03:10:27Z
+ jq -nc --arg key timestamp_attempt_squash_end --arg value 2024-03-04T03:10:27Z '{ key: $key, value: $value }'
+ break
++ date -u +%Y-%m-%dT%H:%M:%SZ
+ writetaskstat timestamp_end 2024-03-04T03:10:27Z
+ jq -nc --arg key timestamp_end --arg value 2024-03-04T03:10:27Z '{ key: $key, value: $value }'
+ rm /twcr/mnt/results/extract-failed
+ touch /twcr/mnt/results/extract-completed
