==== RUN-DOCKER
+++ dirname -- ./worker/run.sh
++ cd -- ./worker
++ pwd
+ twcrdir=/twcr/worker/..
+ repo=github.com/quantizor/twyx
+ reporef=main
+ repopath=./
+ '[' true == true ']'
+ grep -q '^././'
++ echo github.com/quantizor/twyx
++ sha256sum
++ awk '{ print $1 }'
++ cut -c1-12
+ procdir=/tmp/twcr-b4a0a1446e09
++ echo 'github.com/quantizor/twyx;main;./'
++ sha256sum
++ awk '{ print $1 }'
++ cut -c1-12
+ datadir=/twcr/worker/../mnt/dataset/data/4494cc5e5e72
+ '[' '!' -z /twcr/mnt/results ']'
+ datadir=/twcr/mnt/results
+ touch /twcr/mnt/results/extract-failed
++ base64
++ tr -d =
++ tr /+ _-
++ base64
++ tr -d =
++ tr /+ _-
+ writetaskstat analysis_key github.com/quantizor/twyx/bWFpbgo/Li8K
+ jq -nc --arg key analysis_key --arg value github.com/quantizor/twyx/bWFpbgo/Li8K '{ key: $key, value: $value }'
++ date -u +%Y%m%d%H%M%S
++ sha256sum
++ awk '{ print $1 }'
++ cut -c1-16
++ head -c 32 /dev/urandom
+ writetaskstat analysis_nonce f149c057b5ed77a4
+ jq -nc --arg key analysis_nonce --arg value f149c057b5ed77a4 '{ key: $key, value: $value }'
+ writetaskstat input_repo_name github.com/quantizor/twyx
+ jq -nc --arg key input_repo_name --arg value github.com/quantizor/twyx '{ key: $key, value: $value }'
+ writetaskstat input_repo_ref main
+ jq -nc --arg key input_repo_ref --arg value main '{ key: $key, value: $value }'
+ writetaskstat input_repo_path ./
+ jq -nc --arg key input_repo_path --arg value ./ '{ key: $key, value: $value }'
++ date -u +%Y-%m-%dT%H:%M:%SZ
+ writetaskstat timestamp_begin 2024-03-05T10:42:12Z
+ jq -nc --arg key timestamp_begin --arg value 2024-03-05T10:42:12Z '{ key: $key, value: $value }'
+ mkdir -p /tmp/twcr-b4a0a1446e09
+ pushd /tmp/twcr-b4a0a1446e09
+ '[' -d .git ']'
+ git clone --depth=1 -b main https://github.com/quantizor/twyx.git .
/tmp/twcr-b4a0a1446e09 /twcr
Cloning into '.'...
++ date -u +%Y-%m-%dT%H:%M:%SZ
+ writetaskstat timestamp_git_clone_complete 2024-03-05T10:42:13Z
+ jq -nc --arg key timestamp_git_clone_complete --arg value 2024-03-05T10:42:13Z '{ key: $key, value: $value }'
++ git rev-parse HEAD
+ writetaskstat exec_repo_commit_sha 08e172d0c53a9a9ead2f9daff661bafbed23a3d8
+ jq -nc --arg key exec_repo_commit_sha --arg value 08e172d0c53a9a9ead2f9daff661bafbed23a3d8 '{ key: $key, value: $value }'
+++ git show --no-patch --format=%ci
++ date -u --date '2023-11-28 12:10:42 -0500' +%Y-%m-%dT%H:%M:%SZ
+ writetaskstat exec_repo_commit_date 2023-11-28T17:10:42Z
+ jq -nc --arg key exec_repo_commit_date --arg value 2023-11-28T17:10:42Z '{ key: $key, value: $value }'
+ '[' -z ./ ']'
+ pushd ./
+ tailwind_config_file_name=
+ '[' -f tailwind.config.js ']'
+ '[' -f tailwind.config.cjs ']'
+ '[' -f tailwind.config.mjs ']'
+ '[' -f tailwind.config.ts ']'
+ tailwind_config_file_name=tailwind.config.ts
+ writetaskstat exec_tailwind_config_file tailwind.config.ts
+ jq -nc --arg key exec_tailwind_config_file --arg value tailwind.config.ts '{ key: $key, value: $value }'
/tmp/twcr-b4a0a1446e09 /tmp/twcr-b4a0a1446e09 /twcr
+ cp tailwind.config.ts /twcr/mnt/results/extract-raw-tailwind-config.js
+ '[' '!' -f package.json ']'
+ cp package.json /twcr/mnt/results/extract-raw-package.json
++ /twcr/worker/../worker/pm-detect.sh /tmp/twcr-b4a0a1446e09
+ package_manager_name=
+ '[' -z '' ']'
+ '[' ./ '!=' ./ ']'
+ '[' -z '' ']'
+ package_manager_name=npm
+ writetaskstat exec_node_package_manager npm
+ jq -nc --arg key exec_node_package_manager --arg value npm '{ key: $key, value: $value }'
+ attempt_mode=squash
+ true
++ date -u +%Y-%m-%dT%H:%M:%SZ
+ writetaskstat timestamp_attempt_squash_begin 2024-03-05T10:42:13Z
+ jq -nc --arg key timestamp_attempt_squash_begin --arg value 2024-03-05T10:42:13Z '{ key: $key, value: $value }'
+ [[ squash == \s\q\u\a\s\h ]]
+ set +e
+ node /twcr/worker/../worker/squash-package.mjs tailwind.config.ts
+ exitcode=0
+ set -e
+ [[ 0 != \0 ]]
+ cat package.json
+ sed 's/^/>>> /'
>>> {
>>>   "name": "twyx",
>>>   "author": "Evan Jacobs <probablyup@gmail.com> (https://probablyup.com)",
>>>   "contributors": [],
>>>   "version": "0.1.4",
>>>   "license": "MIT",
>>>   "repository": {
>>>     "type": "git",
>>>     "url": "https://github.com/probablyup/twyx"
>>>   },
>>>   "publishConfig": {
>>>     "access": "public"
>>>   },
>>>   "type": "module",
>>>   "main": ".generated/core.js",
>>>   "types": ".generated/core.d.ts",
>>>   "files": [
>>>     ".generated",
>>>     "react/package.json",
>>>     "transformer/package.json",
>>>     "README.md",
>>>     "LICENSE"
>>>   ],
>>>   "sideEffects": false,
>>>   "dependencies": {
>>>     "tailwindcss": "^3.3.3"
>>>   },
>>>   "devDependencies": {},
>>>   "bundlemon": {
>>>     "baseDir": ".generated",
>>>     "files": [
>>>       {
>>>         "path": "./core.js",
>>>         "maxSize": "3 kB"
>>>       },
>>>       {
>>>         "path": "./react/index.js",
>>>         "maxSize": "3 kB"
>>>       }
>>>     ]
>>>   }
>>> }+ rm -f package-lock.json pnpm-lock.yaml yarn.lock
+ '[' ./ '!=' ./ ']'
+ set +e
+ /twcr/worker/../worker/pm-install.sh npm /tmp/twcr-b4a0a1446e09 /twcr/mnt/results
+ package_manager_name=npm
+ procdir=/tmp/twcr-b4a0a1446e09
+ datadir=/twcr/mnt/results
+ case "${package_manager_name}" in
++ '[' -f package-lock.json ']'
++ echo install
+ npm install --ignore-engines

added 112 packages, and audited 113 packages in 7s

28 packages are looking for funding
  run `npm fund` for details

found 0 vulnerabilities
npm notice 
npm notice New minor version of npm available! 10.2.4 -> 10.5.0
npm notice Changelog: <https://github.com/npm/cli/releases/tag/v10.5.0>
npm notice Run `npm install -g npm@10.5.0` to update!
npm notice 
+ npm query '*'
+ jq -cr '
        map({ name: .name, version: .version })
        | map(select(.name))
        | sort_by(.name)[]
      '
+ exitcode=0
+ set -e
+ [[ 0 != \0 ]]
++ jq -sr 'map(select(.name == "tailwindcss")) | first | .version'
+ tailwind_package_version=3.4.1
+ tailwind_config_exporter=tailwind.config.exporter2.cjs
+ '[' -f node_modules/tailwindcss/lib/lib/load-config.js ']'
+ tailwind_config_exporter=tailwind.config.exporter3.mjs
+ cp /twcr/worker/../worker/tailwind.config.exporter3.mjs ./
+ set +e
+ node ./tailwind.config.exporter3.mjs tailwind.config.ts
node:internal/modules/cjs/loader:1149
  const err = new Error(message);
              ^

Error: Cannot find module 'ast-types'
Require stack:
- /tmp/twcr-b4a0a1446e09/transformer/index.ts
    at Module._resolveFilename (node:internal/modules/cjs/loader:1149:15)
    at Function.resolve (node:internal/modules/helpers:187:19)
    at _resolve (/tmp/twcr-b4a0a1446e09/node_modules/jiti/dist/jiti.js:1:251148)
    at jiti (/tmp/twcr-b4a0a1446e09/node_modules/jiti/dist/jiti.js:1:253746)
    at /tmp/twcr-b4a0a1446e09/transformer/index.ts:1:1038
    at evalModule (/tmp/twcr-b4a0a1446e09/node_modules/jiti/dist/jiti.js:1:256443)
    at jiti (/tmp/twcr-b4a0a1446e09/node_modules/jiti/dist/jiti.js:1:254371)
    at /tmp/twcr-b4a0a1446e09/tailwind.config.ts:2:20
    at evalModule (/tmp/twcr-b4a0a1446e09/node_modules/jiti/dist/jiti.js:1:256443)
    at jiti (/tmp/twcr-b4a0a1446e09/node_modules/jiti/dist/jiti.js:1:254371) {
  code: 'MODULE_NOT_FOUND',
  requireStack: [ '/tmp/twcr-b4a0a1446e09/transformer/index.ts' ]
}

Node.js v21.6.2
+ exitcode=1
+ set -e
+ [[ 1 != \0 ]]
+ [[ squash == \s\q\u\a\s\h ]]
+ echo '[worker] WARN: exporter failed; retrying with full install'
[worker] WARN: exporter failed; retrying with full install
+ attempt_mode=full
+ continue
+ true
++ date -u +%Y-%m-%dT%H:%M:%SZ
+ writetaskstat timestamp_attempt_full_begin 2024-03-05T10:42:21Z
+ jq -nc --arg key timestamp_attempt_full_begin --arg value 2024-03-05T10:42:21Z '{ key: $key, value: $value }'
+ [[ full == \s\q\u\a\s\h ]]
+ git clean -fdx
Removing node_modules/
Removing package-lock.json
Removing tailwind.config.exporter3.mjs
+ git reset --hard
HEAD is now at 08e172d Update FUNDING.yml
+ set +e
+ /twcr/worker/../worker/pm-install.sh npm /tmp/twcr-b4a0a1446e09 /twcr/mnt/results
+ package_manager_name=npm
+ procdir=/tmp/twcr-b4a0a1446e09
+ datadir=/twcr/mnt/results
+ case "${package_manager_name}" in
++ '[' -f package-lock.json ']'
++ echo install
+ npm install --ignore-engines

> twyx@0.1.4 prepare
> bun compile:colors

sh: 1: bun: not found
npm ERR! code 127
npm ERR! path /tmp/twcr-b4a0a1446e09
npm ERR! command failed
npm ERR! command sh -c bun compile:colors

npm ERR! A complete log of this run can be found in: /home/node/.npm/_logs/2024-03-05T10_42_21_791Z-debug-0.log
+ exitcode=127
+ set -e
+ [[ 127 != \0 ]]
+ [[ full == \s\q\u\a\s\h ]]
+ exit 127
