==== RUN-DOCKER
+++ dirname -- ./worker/run.sh
++ cd -- ./worker
++ pwd
+ twcrdir=/twcr/worker/..
+ repo=github.com/RinteRface/shinyNextUI
+ reporef=main
+ repopath=./js
+ '[' true == true ']'
+ grep -q '^././'
++ echo github.com/RinteRface/shinyNextUI
++ sha256sum
++ awk '{ print $1 }'
++ cut -c1-12
+ procdir=/tmp/twcr-98421998e9e0
++ echo 'github.com/RinteRface/shinyNextUI;main;./js'
++ sha256sum
++ awk '{ print $1 }'
++ cut -c1-12
+ datadir=/twcr/worker/../mnt/dataset/data/67ea67cbe521
+ '[' '!' -z /twcr/mnt/results ']'
+ datadir=/twcr/mnt/results
+ touch /twcr/mnt/results/extract-failed
++ base64
++ tr -d =
++ tr /+ _-
++ base64
++ tr -d =
++ tr /+ _-
+ writetaskstat analysis_key github.com/RinteRface/shinyNextUI/bWFpbgo/Li9qcwo
+ jq -nc --arg key analysis_key --arg value github.com/RinteRface/shinyNextUI/bWFpbgo/Li9qcwo '{ key: $key, value: $value }'
++ date -u +%Y%m%d%H%M%S
++ sha256sum
++ awk '{ print $1 }'
++ cut -c1-16
++ head -c 32 /dev/urandom
+ writetaskstat analysis_nonce 5568ec47aa4d7a60
+ jq -nc --arg key analysis_nonce --arg value 5568ec47aa4d7a60 '{ key: $key, value: $value }'
+ writetaskstat input_repo_name github.com/RinteRface/shinyNextUI
+ jq -nc --arg key input_repo_name --arg value github.com/RinteRface/shinyNextUI '{ key: $key, value: $value }'
+ writetaskstat input_repo_ref main
+ jq -nc --arg key input_repo_ref --arg value main '{ key: $key, value: $value }'
+ writetaskstat input_repo_path ./js
+ jq -nc --arg key input_repo_path --arg value ./js '{ key: $key, value: $value }'
++ date -u +%Y-%m-%dT%H:%M:%SZ
+ writetaskstat timestamp_begin 2024-03-05T06:55:41Z
+ jq -nc --arg key timestamp_begin --arg value 2024-03-05T06:55:41Z '{ key: $key, value: $value }'
+ mkdir -p /tmp/twcr-98421998e9e0
+ pushd /tmp/twcr-98421998e9e0
+ '[' -d .git ']'
+ git clone --depth=1 -b main https://github.com/RinteRface/shinyNextUI.git .
/tmp/twcr-98421998e9e0 /twcr
Cloning into '.'...
++ date -u +%Y-%m-%dT%H:%M:%SZ
+ writetaskstat timestamp_git_clone_complete 2024-03-05T06:55:42Z
+ jq -nc --arg key timestamp_git_clone_complete --arg value 2024-03-05T06:55:42Z '{ key: $key, value: $value }'
++ git rev-parse HEAD
+ writetaskstat exec_repo_commit_sha 7bc6a0473bf7d98fc98eda7cfc1265ed2cc46482
+ jq -nc --arg key exec_repo_commit_sha --arg value 7bc6a0473bf7d98fc98eda7cfc1265ed2cc46482 '{ key: $key, value: $value }'
+++ git show --no-patch --format=%ci
++ date -u --date '2023-11-16 14:55:29 +0100' +%Y-%m-%dT%H:%M:%SZ
+ writetaskstat exec_repo_commit_date 2023-11-16T13:55:29Z
+ jq -nc --arg key exec_repo_commit_date --arg value 2023-11-16T13:55:29Z '{ key: $key, value: $value }'
/tmp/twcr-98421998e9e0/js /tmp/twcr-98421998e9e0 /twcr
+ '[' -z ./js ']'
+ pushd ./js
+ tailwind_config_file_name=
+ '[' -f tailwind.config.js ']'
+ tailwind_config_file_name=tailwind.config.js
+ writetaskstat exec_tailwind_config_file tailwind.config.js
+ jq -nc --arg key exec_tailwind_config_file --arg value tailwind.config.js '{ key: $key, value: $value }'
+ cp tailwind.config.js /twcr/mnt/results/extract-raw-tailwind-config.js
+ '[' '!' -f package.json ']'
+ cp package.json /twcr/mnt/results/extract-raw-package.json
++ /twcr/worker/../worker/pm-detect.sh /tmp/twcr-98421998e9e0/js
+ package_manager_name=yarn
+ '[' -z yarn ']'
+ '[' -z yarn ']'
+ writetaskstat exec_node_package_manager yarn
+ jq -nc --arg key exec_node_package_manager --arg value yarn '{ key: $key, value: $value }'
+ attempt_mode=squash
+ true
++ date -u +%Y-%m-%dT%H:%M:%SZ
+ writetaskstat timestamp_attempt_squash_begin 2024-03-05T06:55:42Z
+ jq -nc --arg key timestamp_attempt_squash_begin --arg value 2024-03-05T06:55:42Z '{ key: $key, value: $value }'
+ [[ squash == \s\q\u\a\s\h ]]
+ set +e
+ node /twcr/worker/../worker/squash-package.mjs tailwind.config.js
+ exitcode=0
+ set -e
+ [[ 0 != \0 ]]
+ cat package.json
+ sed 's/^/>>> /'
>>> {
>>>   "name": "js",
>>>   "version": "1.0.0",
>>>   "main": "index.js",
>>>   "license": "MIT",
>>>   "dependencies": {
>>>     "@nextui-org/react": "^2.2.5"
>>>   },
>>>   "devDependencies": {
>>>     "tailwindcss": "^3.3.3"
>>>   }
>>> }+ rm -f package-lock.json pnpm-lock.yaml yarn.lock
+ '[' ./js '!=' ./ ']'
+ rm -f /tmp/twcr-98421998e9e0/package.json /tmp/twcr-98421998e9e0/package-lock.json /tmp/twcr-98421998e9e0/pnpm-lock.yaml /tmp/twcr-98421998e9e0/yarn.lock
+ set +e
+ /twcr/worker/../worker/pm-install.sh yarn /tmp/twcr-98421998e9e0 /twcr/mnt/results
+ package_manager_name=yarn
+ procdir=/tmp/twcr-98421998e9e0
+ datadir=/twcr/mnt/results
+ case "${package_manager_name}" in
+ '[' -z http://tid_ffb9a432a949:ok@172.18.0.2:3128 ']'
+ yarn config set httpProxy http://tid_ffb9a432a949:ok@172.18.0.2:3128
yarn config v1.22.19
success Set "httpProxy" to "http://tid_ffb9a432a949:ok@172.18.0.2:3128".
Done in 0.04s.
+ '[' -z http://tid_ffb9a432a949:ok@172.18.0.2:3128 ']'
+ yarn config set httpsProxy http://tid_ffb9a432a949:ok@172.18.0.2:3128
yarn config v1.22.19
success Set "httpsProxy" to "http://tid_ffb9a432a949:ok@172.18.0.2:3128".
Done in 0.03s.
+ yarn install
yarn install v1.22.19
info No lockfile found.
[1/4] Resolving packages...
(node:132) [DEP0040] DeprecationWarning: The `punycode` module is deprecated. Please use a userland alternative instead.
(Use `node --trace-deprecation ...` to show where the warning was created)
[2/4] Fetching packages...
warning tailwind-variants@0.1.20: The engine "pnpm" appears to be invalid.
[3/4] Linking dependencies...
warning " > @nextui-org/react@2.2.10" has unmet peer dependency "react@>=18".
warning " > @nextui-org/react@2.2.10" has unmet peer dependency "react-dom@>=18".
warning " > @nextui-org/react@2.2.10" has unmet peer dependency "framer-motion@>=4.0.0".
warning "@nextui-org/react > @nextui-org/autocomplete@2.0.10" has unmet peer dependency "react@>=18".
warning "@nextui-org/react > @nextui-org/autocomplete@2.0.10" has unmet peer dependency "react-dom@>=18".
warning "@nextui-org/react > @nextui-org/autocomplete@2.0.10" has unmet peer dependency "framer-motion@>=4.0.0".
warning "@nextui-org/react > @nextui-org/accordion@2.0.28" has unmet peer dependency "react@>=18".
warning "@nextui-org/react > @nextui-org/accordion@2.0.28" has unmet peer dependency "react-dom@>=18".
warning "@nextui-org/react > @nextui-org/accordion@2.0.28" has unmet peer dependency "framer-motion@>=4.0.0".
warning "@nextui-org/react > @nextui-org/system@2.0.15" has unmet peer dependency "react@>=18".
warning "@nextui-org/react > @nextui-org/system@2.0.15" has unmet peer dependency "react-dom@>=18".
warning "@nextui-org/react > @nextui-org/badge@2.0.24" has unmet peer dependency "react@>=18".
warning "@nextui-org/react > @nextui-org/badge@2.0.24" has unmet peer dependency "react-dom@>=18".
warning "@nextui-org/react > @nextui-org/avatar@2.0.24" has unmet peer dependency "react@>=18".
warning "@nextui-org/react > @nextui-org/avatar@2.0.24" has unmet peer dependency "react-dom@>=18".
warning "@nextui-org/react > @nextui-org/button@2.0.27" has unmet peer dependency "react@>=18".
warning "@nextui-org/react > @nextui-org/button@2.0.27" has unmet peer dependency "react-dom@>=18".
warning "@nextui-org/react > @nextui-org/button@2.0.27" has unmet peer dependency "framer-motion@>=4.0.0".
warning "@nextui-org/react > @react-aria/visually-hidden@3.8.10" has unmet peer dependency "react@^16.8.0 || ^17.0.0-rc.1 || ^18.0.0".
warning "@nextui-org/react > @nextui-org/card@2.0.24" has unmet peer dependency "react@>=18".
warning "@nextui-org/react > @nextui-org/card@2.0.24" has unmet peer dependency "react-dom@>=18".
warning "@nextui-org/react > @nextui-org/card@2.0.24" has unmet peer dependency "framer-motion@>=4.0.0".
warning "@nextui-org/react > @nextui-org/chip@2.0.25" has unmet peer dependency "react@>=18".
warning "@nextui-org/react > @nextui-org/chip@2.0.25" has unmet peer dependency "react-dom@>=18".
warning "@nextui-org/react > @nextui-org/checkbox@2.0.25" has unmet peer dependency "react@>=18".
warning "@nextui-org/react > @nextui-org/checkbox@2.0.25" has unmet peer dependency "react-dom@>=18".
warning "@nextui-org/react > @nextui-org/radio@2.0.25" has unmet peer dependency "react@>=18".
warning "@nextui-org/react > @nextui-org/radio@2.0.25" has unmet peer dependency "react-dom@>=18".
warning "@nextui-org/react > @nextui-org/code@2.0.24" has unmet peer dependency "react@>=18".
warning "@nextui-org/react > @nextui-org/code@2.0.24" has unmet peer dependency "react-dom@>=18".
warning "@nextui-org/react > @nextui-org/pagination@2.0.27" has unmet peer dependency "react@>=18".
warning "@nextui-org/react > @nextui-org/pagination@2.0.27" has unmet peer dependency "react-dom@>=18".
warning "@nextui-org/react > @nextui-org/link@2.0.26" has unmet peer dependency "react@>=18".
warning "@nextui-org/react > @nextui-org/link@2.0.26" has unmet peer dependency "react-dom@>=18".
warning "@nextui-org/react > @nextui-org/snippet@2.0.31" has unmet peer dependency "react@>=18".
warning "@nextui-org/react > @nextui-org/snippet@2.0.31" has unmet peer dependency "react-dom@>=18".
warning "@nextui-org/react > @nextui-org/snippet@2.0.31" has unmet peer dependency "framer-motion@>=4.0.0".
warning "@nextui-org/react > @nextui-org/switch@2.0.25" has unmet peer dependency "react@>=18".
warning "@nextui-org/react > @nextui-org/switch@2.0.25" has unmet peer dependency "react-dom@>=18".
warning "@nextui-org/react > @nextui-org/spinner@2.0.25" has unmet peer dependency "react@>=18".
warning "@nextui-org/react > @nextui-org/spinner@2.0.25" has unmet peer dependency "react-dom@>=18".
warning "@nextui-org/react > @nextui-org/popover@2.1.15" has unmet peer dependency "react@>=18".
warning "@nextui-org/react > @nextui-org/popover@2.1.15" has unmet peer dependency "react-dom@>=18".
warning "@nextui-org/react > @nextui-org/popover@2.1.15" has unmet peer dependency "framer-motion@>=4.0.0".
warning "@nextui-org/react > @nextui-org/tooltip@2.0.30" has unmet peer dependency "react@>=18".
warning "@nextui-org/react > @nextui-org/tooltip@2.0.30" has unmet peer dependency "react-dom@>=18".
warning "@nextui-org/react > @nextui-org/tooltip@2.0.30" has unmet peer dependency "framer-motion@>=4.0.0".
warning "@nextui-org/react > @nextui-org/progress@2.0.25" has unmet peer dependency "react@>=18".
warning "@nextui-org/react > @nextui-org/progress@2.0.25" has unmet peer dependency "react-dom@>=18".
warning "@nextui-org/react > @nextui-org/dropdown@2.1.17" has unmet peer dependency "react@>=18".
warning "@nextui-org/react > @nextui-org/dropdown@2.1.17" has unmet peer dependency "react-dom@>=18".
warning "@nextui-org/react > @nextui-org/dropdown@2.1.17" has unmet peer dependency "framer-motion@>=4.0.0".
warning "@nextui-org/react > @nextui-org/user@2.0.25" has unmet peer dependency "react@>=18".
warning "@nextui-org/react > @nextui-org/user@2.0.25" has unmet peer dependency "react-dom@>=18".
warning "@nextui-org/react > @nextui-org/input@2.1.17" has unmet peer dependency "react@>=18".
warning "@nextui-org/react > @nextui-org/input@2.1.17" has unmet peer dependency "react-dom@>=18".
warning "@nextui-org/react > @nextui-org/image@2.0.24" has unmet peer dependency "react@>=18".
warning "@nextui-org/react > @nextui-org/image@2.0.24" has unmet peer dependency "react-dom@>=18".
warning "@nextui-org/react > @nextui-org/navbar@2.0.27" has unmet peer dependency "react@>=18".
warning "@nextui-org/react > @nextui-org/navbar@2.0.27" has unmet peer dependency "react-dom@>=18".
warning "@nextui-org/react > @nextui-org/navbar@2.0.27" has unmet peer dependency "framer-motion@>=4.0.0".
warning "@nextui-org/react > @nextui-org/table@2.0.28" has unmet peer dependency "react@>=18".
warning "@nextui-org/react > @nextui-org/table@2.0.28" has unmet peer dependency "react-dom@>=18".
warning "@nextui-org/react > @nextui-org/modal@2.0.29" has unmet peer dependency "react@>=18".
warning "@nextui-org/react > @nextui-org/modal@2.0.29" has unmet peer dependency "react-dom@>=18".
warning "@nextui-org/react > @nextui-org/modal@2.0.29" has unmet peer dependency "framer-motion@>=4.0.0".
warning "@nextui-org/react > @nextui-org/scroll-shadow@2.1.13" has unmet peer dependency "react@>=18".
warning "@nextui-org/react > @nextui-org/scroll-shadow@2.1.13" has unmet peer dependency "react-dom@>=18".
warning "@nextui-org/react > @nextui-org/spacer@2.0.24" has unmet peer dependency "react@>=18".
warning "@nextui-org/react > @nextui-org/spacer@2.0.24" has unmet peer dependency "react-dom@>=18".
warning "@nextui-org/react > @nextui-org/divider@2.0.25" has unmet peer dependency "react@>=18".
warning "@nextui-org/react > @nextui-org/divider@2.0.25" has unmet peer dependency "react-dom@>=18".
warning "@nextui-org/react > @nextui-org/kbd@2.0.25" has unmet peer dependency "react@>=18".
warning "@nextui-org/react > @nextui-org/kbd@2.0.25" has unmet peer dependency "react-dom@>=18".
warning "@nextui-org/react > @nextui-org/tabs@2.0.26" has unmet peer dependency "react@>=18".
warning "@nextui-org/react > @nextui-org/tabs@2.0.26" has unmet peer dependency "react-dom@>=18".
warning "@nextui-org/react > @nextui-org/tabs@2.0.26" has unmet peer dependency "framer-motion@>=4.0.0".
warning "@nextui-org/react > @nextui-org/skeleton@2.0.24" has unmet peer dependency "react@>=18".
warning "@nextui-org/react > @nextui-org/skeleton@2.0.24" has unmet peer dependency "react-dom@>=18".
warning "@nextui-org/react > @nextui-org/select@2.1.21" has unmet peer dependency "react@>=18".
warning "@nextui-org/react > @nextui-org/select@2.1.21" has unmet peer dependency "react-dom@>=18".
warning "@nextui-org/react > @nextui-org/select@2.1.21" has unmet peer dependency "framer-motion@>=4.0.0".
warning "@nextui-org/react > @nextui-org/listbox@2.1.16" has unmet peer dependency "react@>=18".
warning "@nextui-org/react > @nextui-org/listbox@2.1.16" has unmet peer dependency "react-dom@>=18".
warning "@nextui-org/react > @nextui-org/slider@2.2.6" has unmet peer dependency "react@>=18".
warning "@nextui-org/react > @nextui-org/slider@2.2.6" has unmet peer dependency "react-dom@>=18".
warning "@nextui-org/react > @nextui-org/ripple@2.0.24" has unmet peer dependency "react@>=18".
warning "@nextui-org/react > @nextui-org/ripple@2.0.24" has unmet peer dependency "react-dom@>=18".
warning "@nextui-org/react > @nextui-org/ripple@2.0.24" has unmet peer dependency "framer-motion@>=4.0.0".
warning "@nextui-org/react > @nextui-org/breadcrumbs@2.0.4" has unmet peer dependency "react@>=18".
warning "@nextui-org/react > @nextui-org/breadcrumbs@2.0.4" has unmet peer dependency "react-dom@>=18".
warning "@nextui-org/react > @nextui-org/menu@2.0.17" has unmet peer dependency "react@>=18".
warning "@nextui-org/react > @nextui-org/menu@2.0.17" has unmet peer dependency "react-dom@>=18".
warning "@nextui-org/react > @nextui-org/autocomplete > @react-aria/combobox@3.8.4" has unmet peer dependency "react@^16.8.0 || ^17.0.0-rc.1 || ^18.0.0".
warning "@nextui-org/react > @nextui-org/autocomplete > @react-aria/combobox@3.8.4" has unmet peer dependency "react-dom@^16.8.0 || ^17.0.0-rc.1 || ^18.0.0".
warning "@nextui-org/react > @nextui-org/autocomplete > @react-stately/combobox@3.8.2" has unmet peer dependency "react@^16.8.0 || ^17.0.0-rc.1 || ^18.0.0".
warning "@nextui-org/react > @nextui-org/autocomplete > @react-aria/i18n@3.10.2" has unmet peer dependency "react@^16.8.0 || ^17.0.0-rc.1 || ^18.0.0".
warning "@nextui-org/react > @nextui-org/autocomplete > @react-aria/focus@3.16.2" has unmet peer dependency "react@^16.8.0 || ^17.0.0-rc.1 || ^18.0.0".
warning "@nextui-org/react > @nextui-org/autocomplete > @react-types/shared@3.22.1" has unmet peer dependency "react@^16.8.0 || ^17.0.0-rc.1 || ^18.0.0".
warning "@nextui-org/react > @nextui-org/autocomplete > @react-aria/utils@3.23.2" has unmet peer dependency "react@^16.8.0 || ^17.0.0-rc.1 || ^18.0.0".
warning "@nextui-org/react > @nextui-org/autocomplete > @react-aria/interactions@3.21.1" has unmet peer dependency "react@^16.8.0 || ^17.0.0-rc.1 || ^18.0.0".
warning "@nextui-org/react > @nextui-org/autocomplete > @react-types/combobox@3.10.1" has unmet peer dependency "react@^16.8.0 || ^17.0.0-rc.1 || ^18.0.0".
warning "@nextui-org/react > @nextui-org/autocomplete > @nextui-org/use-aria-button@2.0.6" has unmet peer dependency "react@>=18".
warning "@nextui-org/react > @nextui-org/autocomplete > @nextui-org/shared-utils@2.0.4" has unmet peer dependency "react@>=18".
warning "@nextui-org/react > @nextui-org/accordion > @react-aria/button@3.9.3" has unmet peer dependency "react@^16.8.0 || ^17.0.0-rc.1 || ^18.0.0".
warning "@nextui-org/react > @nextui-org/autocomplete > @nextui-org/react-utils@2.0.10" has unmet peer dependency "react@>=18".
warning "@nextui-org/react > @nextui-org/autocomplete > @nextui-org/aria-utils@2.0.15" has unmet peer dependency "react@>=18".
warning "@nextui-org/react > @nextui-org/autocomplete > @nextui-org/aria-utils@2.0.15" has unmet peer dependency "react-dom@>=18".
warning "@nextui-org/react > @nextui-org/autocomplete > @nextui-org/shared-icons@2.0.6" has unmet peer dependency "react@>=18".
warning "@nextui-org/react > @nextui-org/accordion > @react-stately/tree@3.7.6" has unmet peer dependency "react@^16.8.0 || ^17.0.0-rc.1 || ^18.0.0".
warning "@nextui-org/react > @nextui-org/accordion > @nextui-org/use-aria-press@2.0.1" has unmet peer dependency "react@>=18".
warning "@nextui-org/react > @nextui-org/accordion > @react-types/accordion@3.0.0-alpha.17" has unmet peer dependency "react@^16.8.0 || ^17.0.0-rc.1 || ^18.0.0".
warning "@nextui-org/react > @nextui-org/accordion > @nextui-org/framer-transitions@2.0.15" has unmet peer dependency "react@>=18".
warning "@nextui-org/react > @nextui-org/accordion > @nextui-org/framer-transitions@2.0.15" has unmet peer dependency "react-dom@>=18".
warning "@nextui-org/react > @nextui-org/accordion > @nextui-org/framer-transitions@2.0.15" has unmet peer dependency "framer-motion@>=4.0.0".
warning "@nextui-org/react > @nextui-org/system > @nextui-org/system-rsc@2.0.11" has unmet peer dependency "react@>=18".
warning "@nextui-org/react > @nextui-org/system > @nextui-org/system-rsc@2.0.11" has unmet peer dependency "tailwind-variants@>=0.1.13".
warning "@nextui-org/react > @nextui-org/accordion > @nextui-org/use-aria-accordion@2.0.2" has unmet peer dependency "react@>=18".
warning "@nextui-org/react > @nextui-org/system > @react-stately/utils@3.9.1" has unmet peer dependency "react@^16.8.0 || ^17.0.0-rc.1 || ^18.0.0".
warning "@nextui-org/react > @nextui-org/system > @react-aria/overlays@3.21.1" has unmet peer dependency "react@^16.8.0 || ^17.0.0-rc.1 || ^18.0.0".
warning "@nextui-org/react > @nextui-org/system > @react-aria/overlays@3.21.1" has unmet peer dependency "react-dom@^16.8.0 || ^17.0.0-rc.1 || ^18.0.0".
warning "@nextui-org/react > @nextui-org/avatar > @nextui-org/use-image@2.0.4" has unmet peer dependency "react@>=18".
warning "@nextui-org/react > @nextui-org/chip > @react-types/checkbox@3.7.1" has unmet peer dependency "react@^16.8.0 || ^17.0.0-rc.1 || ^18.0.0".
warning "@nextui-org/react > @nextui-org/checkbox > @react-stately/toggle@3.7.2" has unmet peer dependency "react@^16.8.0 || ^17.0.0-rc.1 || ^18.0.0".
warning "@nextui-org/react > @nextui-org/button > @react-types/button@3.9.2" has unmet peer dependency "react@^16.8.0 || ^17.0.0-rc.1 || ^18.0.0".
warning "@nextui-org/react > @nextui-org/checkbox > @react-aria/checkbox@3.14.1" has unmet peer dependency "react@^16.8.0 || ^17.0.0-rc.1 || ^18.0.0".
warning "@nextui-org/react > @nextui-org/radio > @react-stately/radio@3.10.2" has unmet peer dependency "react@^16.8.0 || ^17.0.0-rc.1 || ^18.0.0".
warning "@nextui-org/react > @nextui-org/radio > @react-aria/radio@3.10.2" has unmet peer dependency "react@^16.8.0 || ^17.0.0-rc.1 || ^18.0.0".
warning "@nextui-org/react > @nextui-org/checkbox > @react-stately/checkbox@3.6.3" has unmet peer dependency "react@^16.8.0 || ^17.0.0-rc.1 || ^18.0.0".
warning "@nextui-org/react > @nextui-org/radio > @react-types/radio@3.7.1" has unmet peer dependency "react@^16.8.0 || ^17.0.0-rc.1 || ^18.0.0".
warning "@nextui-org/react > @nextui-org/switch > @react-aria/switch@3.6.2" has unmet peer dependency "react@^16.8.0 || ^17.0.0-rc.1 || ^18.0.0".
warning "@nextui-org/react > @nextui-org/link > @nextui-org/use-aria-link@2.0.15" has unmet peer dependency "react@>=18".
warning "@nextui-org/react > @nextui-org/pagination > @nextui-org/use-pagination@2.0.5" has unmet peer dependency "react@>=18".
warning "@nextui-org/react > @nextui-org/popover > react-remove-scroll@2.5.7" has unmet peer dependency "react@^16.8.0 || ^17.0.0 || ^18.0.0".
warning "@nextui-org/react > @nextui-org/link > @react-aria/link@3.6.5" has unmet peer dependency "react@^16.8.0 || ^17.0.0-rc.1 || ^18.0.0".
warning "@nextui-org/react > @nextui-org/popover > @react-stately/overlays@3.6.5" has unmet peer dependency "react@^16.8.0 || ^17.0.0-rc.1 || ^18.0.0".
warning "@nextui-org/react > @nextui-org/snippet > @nextui-org/use-clipboard@2.0.4" has unmet peer dependency "react@>=18".
warning "@nextui-org/react > @nextui-org/link > @react-types/link@3.5.3" has unmet peer dependency "react@^16.8.0 || ^17.0.0-rc.1 || ^18.0.0".
warning "@nextui-org/react > @nextui-org/popover > @react-aria/dialog@3.5.12" has unmet peer dependency "react@^16.8.0 || ^17.0.0-rc.1 || ^18.0.0".
warning "@nextui-org/react > @nextui-org/popover > @react-aria/dialog@3.5.12" has unmet peer dependency "react-dom@^16.8.0 || ^17.0.0-rc.1 || ^18.0.0".
warning "@nextui-org/react > @nextui-org/tooltip > @react-aria/tooltip@3.7.2" has unmet peer dependency "react@^16.8.0 || ^17.0.0-rc.1 || ^18.0.0".
warning "@nextui-org/react > @nextui-org/popover > @react-types/overlays@3.8.5" has unmet peer dependency "react@^16.8.0 || ^17.0.0-rc.1 || ^18.0.0".
warning "@nextui-org/react > @nextui-org/popover > @nextui-org/use-safe-layout-effect@2.0.4" has unmet peer dependency "react@>=18".
warning "@nextui-org/react > @nextui-org/progress > @react-aria/progress@3.4.11" has unmet peer dependency "react@^16.8.0 || ^17.0.0-rc.1 || ^18.0.0".
warning "@nextui-org/react > @nextui-org/tooltip > @react-types/tooltip@3.4.7" has unmet peer dependency "react@^16.8.0 || ^17.0.0-rc.1 || ^18.0.0".
warning "@nextui-org/react > @nextui-org/tooltip > @react-stately/tooltip@3.4.7" has unmet peer dependency "react@^16.8.0 || ^17.0.0-rc.1 || ^18.0.0".
warning "@nextui-org/react > @nextui-org/progress > @nextui-org/use-is-mounted@2.0.4" has unmet peer dependency "react@>=18".
warning "@nextui-org/react > @nextui-org/progress > @react-types/progress@3.5.2" has unmet peer dependency "react@^16.8.0 || ^17.0.0-rc.1 || ^18.0.0".
warning "@nextui-org/react > @nextui-org/dropdown > @react-aria/menu@3.13.1" has unmet peer dependency "react@^16.8.0 || ^17.0.0-rc.1 || ^18.0.0".
warning "@nextui-org/react > @nextui-org/dropdown > @react-aria/menu@3.13.1" has unmet peer dependency "react-dom@^16.8.0 || ^17.0.0-rc.1 || ^18.0.0".
warning "@nextui-org/react > @nextui-org/input > react-textarea-autosize@8.5.3" has unmet peer dependency "react@^16.8.0 || ^17.0.0 || ^18.0.0".
warning "@nextui-org/react > @nextui-org/dropdown > @react-stately/menu@3.6.1" has unmet peer dependency "react@^16.8.0 || ^17.0.0-rc.1 || ^18.0.0".
warning "@nextui-org/react > @nextui-org/input > @react-aria/textfield@3.14.3" has unmet peer dependency "react@^16.8.0 || ^17.0.0-rc.1 || ^18.0.0".
warning "@nextui-org/react > @nextui-org/dropdown > @react-types/menu@3.9.7" has unmet peer dependency "react@^16.8.0 || ^17.0.0-rc.1 || ^18.0.0".
warning "@nextui-org/react > @nextui-org/input > @react-types/textfield@3.9.1" has unmet peer dependency "react@^16.8.0 || ^17.0.0-rc.1 || ^18.0.0".
warning "@nextui-org/react > @nextui-org/navbar > @nextui-org/use-aria-toggle-button@2.0.6" has unmet peer dependency "react@>=18".
warning "@nextui-org/react > @nextui-org/navbar > @nextui-org/use-scroll-position@2.0.4" has unmet peer dependency "react@>=18".
warning "@nextui-org/react > @nextui-org/table > @react-stately/table@3.11.6" has unmet peer dependency "react@^16.8.0 || ^17.0.0-rc.1 || ^18.0.0".
warning "@nextui-org/react > @nextui-org/table > @react-aria/table@3.13.5" has unmet peer dependency "react@^16.8.0 || ^17.0.0-rc.1 || ^18.0.0".
warning "@nextui-org/react > @nextui-org/table > @react-aria/table@3.13.5" has unmet peer dependency "react-dom@^16.8.0 || ^17.0.0-rc.1 || ^18.0.0".
warning "@nextui-org/react > @nextui-org/table > @react-stately/virtualizer@3.6.8" has unmet peer dependency "react@^16.8.0 || ^17.0.0-rc.1 || ^18.0.0".
warning "@nextui-org/react > @nextui-org/scroll-shadow > @nextui-org/use-data-scroll-overflow@2.1.3" has unmet peer dependency "react@>=18".
warning "@nextui-org/react > @nextui-org/table > @react-types/grid@3.2.4" has unmet peer dependency "react@^16.8.0 || ^17.0.0-rc.1 || ^18.0.0".
warning "@nextui-org/react > @nextui-org/modal > @nextui-org/use-aria-modal-overlay@2.0.6" has unmet peer dependency "react@>=18".
warning "@nextui-org/react > @nextui-org/modal > @nextui-org/use-aria-modal-overlay@2.0.6" has unmet peer dependency "react-dom@>=18".
warning "@nextui-org/react > @nextui-org/modal > @nextui-org/use-disclosure@2.0.6" has unmet peer dependency "react@>=18".
warning "@nextui-org/react > @nextui-org/table > @react-types/table@3.9.3" has unmet peer dependency "react@^16.8.0 || ^17.0.0-rc.1 || ^18.0.0".
warning "@nextui-org/react > @nextui-org/tabs > @react-stately/tabs@3.6.4" has unmet peer dependency "react@^16.8.0 || ^17.0.0-rc.1 || ^18.0.0".
warning "@nextui-org/react > @nextui-org/tabs > @react-types/tabs@3.3.5" has unmet peer dependency "react@^16.8.0 || ^17.0.0-rc.1 || ^18.0.0".
warning "@nextui-org/react > @nextui-org/tabs > @react-aria/tabs@3.8.5" has unmet peer dependency "react@^16.8.0 || ^17.0.0-rc.1 || ^18.0.0".
warning "@nextui-org/react > @nextui-org/tabs > @react-aria/tabs@3.8.5" has unmet peer dependency "react-dom@^16.8.0 || ^17.0.0-rc.1 || ^18.0.0".
warning "@nextui-org/react > @nextui-org/select > @nextui-org/use-aria-multiselect@2.1.4" has unmet peer dependency "react@>=18".
warning "@nextui-org/react > @nextui-org/select > @nextui-org/use-aria-multiselect@2.1.4" has unmet peer dependency "react-dom@>=18".
warning "@nextui-org/react > @nextui-org/listbox > @react-stately/list@3.10.3" has unmet peer dependency "react@^16.8.0 || ^17.0.0-rc.1 || ^18.0.0".
warning "@nextui-org/react > @nextui-org/listbox > @react-aria/listbox@3.11.5" has unmet peer dependency "react@^16.8.0 || ^17.0.0-rc.1 || ^18.0.0".
warning "@nextui-org/react > @nextui-org/listbox > @react-aria/listbox@3.11.5" has unmet peer dependency "react-dom@^16.8.0 || ^17.0.0-rc.1 || ^18.0.0".
warning "@nextui-org/react > @nextui-org/tabs > @nextui-org/use-update-effect@2.0.4" has unmet peer dependency "react@>=18".
warning "@nextui-org/react > @nextui-org/slider > @react-aria/slider@3.7.6" has unmet peer dependency "react@^16.8.0 || ^17.0.0-rc.1 || ^18.0.0".
warning "@nextui-org/react > @nextui-org/listbox > @nextui-org/use-is-mobile@2.0.6" has unmet peer dependency "react@>=18".
warning "@nextui-org/react > @nextui-org/breadcrumbs > @react-aria/breadcrumbs@3.5.11" has unmet peer dependency "react@^16.8.0 || ^17.0.0-rc.1 || ^18.0.0".
warning "@nextui-org/react > @nextui-org/slider > @react-stately/slider@3.5.2" has unmet peer dependency "react@^16.8.0 || ^17.0.0-rc.1 || ^18.0.0".
warning "@nextui-org/react > @nextui-org/breadcrumbs > @react-types/breadcrumbs@3.7.3" has unmet peer dependency "react@^16.8.0 || ^17.0.0-rc.1 || ^18.0.0".
warning "@nextui-org/react > @nextui-org/autocomplete > @react-aria/combobox > @react-aria/selection@3.17.5" has unmet peer dependency "react@^16.8.0 || ^17.0.0-rc.1 || ^18.0.0".
warning "@nextui-org/react > @nextui-org/autocomplete > @react-aria/combobox > @react-aria/selection@3.17.5" has unmet peer dependency "react-dom@^16.8.0 || ^17.0.0-rc.1 || ^18.0.0".
warning "@nextui-org/react > @nextui-org/autocomplete > @react-stately/combobox > @react-stately/select@3.6.2" has unmet peer dependency "react@^16.8.0 || ^17.0.0-rc.1 || ^18.0.0".
warning "@nextui-org/react > @nextui-org/autocomplete > @react-aria/combobox > @react-stately/form@3.0.1" has unmet peer dependency "react@^16.8.0 || ^17.0.0-rc.1 || ^18.0.0".
warning "@nextui-org/react > @nextui-org/autocomplete > @react-aria/combobox > @react-stately/collections@3.10.5" has unmet peer dependency "react@^16.8.0 || ^17.0.0-rc.1 || ^18.0.0".
warning "@nextui-org/react > @nextui-org/accordion > @react-stately/tree > @react-stately/selection@3.14.3" has unmet peer dependency "react@^16.8.0 || ^17.0.0-rc.1 || ^18.0.0".
warning "@nextui-org/react > @nextui-org/popover > react-remove-scroll > react-remove-scroll-bar@2.3.5" has unmet peer dependency "react@^16.8.0 || ^17.0.0 || ^18.0.0".
warning "@nextui-org/react > @nextui-org/popover > react-remove-scroll > react-style-singleton@2.2.1" has unmet peer dependency "react@^16.8.0 || ^17.0.0 || ^18.0.0".
warning "@nextui-org/react > @nextui-org/autocomplete > @react-aria/i18n > @react-aria/ssr@3.9.2" has unmet peer dependency "react@^16.8.0 || ^17.0.0-rc.1 || ^18.0.0".
warning "@nextui-org/react > @nextui-org/checkbox > @react-aria/checkbox > @react-aria/form@3.0.3" has unmet peer dependency "react@^16.8.0 || ^17.0.0-rc.1 || ^18.0.0".
warning "@nextui-org/react > @nextui-org/popover > react-remove-scroll > use-callback-ref@1.3.1" has unmet peer dependency "react@^16.8.0 || ^17.0.0 || ^18.0.0".
warning "@nextui-org/react > @nextui-org/popover > react-remove-scroll > use-sidecar@1.1.2" has unmet peer dependency "react@^16.8.0 || ^17.0.0 || ^18.0.0".
warning "@nextui-org/react > @nextui-org/checkbox > @react-aria/checkbox > @react-aria/label@3.7.6" has unmet peer dependency "react@^16.8.0 || ^17.0.0-rc.1 || ^18.0.0".
warning "@nextui-org/react > @nextui-org/checkbox > @react-aria/checkbox > @react-aria/toggle@3.10.2" has unmet peer dependency "react@^16.8.0 || ^17.0.0-rc.1 || ^18.0.0".
warning "@nextui-org/react > @nextui-org/switch > @react-aria/switch > @react-types/switch@3.5.1" has unmet peer dependency "react@^16.8.0 || ^17.0.0-rc.1 || ^18.0.0".
warning "@nextui-org/react > @nextui-org/input > react-textarea-autosize > use-composed-ref@1.3.0" has unmet peer dependency "react@^16.8.0 || ^17.0.0 || ^18.0.0".
warning "@nextui-org/react > @nextui-org/input > react-textarea-autosize > use-latest@1.2.1" has unmet peer dependency "react@^16.8.0 || ^17.0.0 || ^18.0.0".
warning "@nextui-org/react > @nextui-org/popover > @react-aria/dialog > @react-types/dialog@3.5.8" has unmet peer dependency "react@^16.8.0 || ^17.0.0-rc.1 || ^18.0.0".
warning "@nextui-org/react > @nextui-org/modal > @nextui-org/use-disclosure > @nextui-org/use-callback-ref@2.0.4" has unmet peer dependency "react@>=18".
warning "@nextui-org/react > @nextui-org/table > @react-aria/table > @react-aria/grid@3.8.8" has unmet peer dependency "react@^16.8.0 || ^17.0.0-rc.1 || ^18.0.0".
warning "@nextui-org/react > @nextui-org/table > @react-aria/table > @react-aria/grid@3.8.8" has unmet peer dependency "react-dom@^16.8.0 || ^17.0.0-rc.1 || ^18.0.0".
warning "@nextui-org/react > @nextui-org/table > @react-stately/table > @react-stately/grid@3.8.5" has unmet peer dependency "react@^16.8.0 || ^17.0.0-rc.1 || ^18.0.0".
warning "@nextui-org/react > @nextui-org/select > @nextui-org/use-aria-multiselect > @react-types/select@3.9.2" has unmet peer dependency "react@^16.8.0 || ^17.0.0-rc.1 || ^18.0.0".
warning "@nextui-org/react > @nextui-org/listbox > @react-aria/listbox > @react-types/listbox@3.4.7" has unmet peer dependency "react@^16.8.0 || ^17.0.0-rc.1 || ^18.0.0".
warning "@nextui-org/react > @nextui-org/slider > @react-aria/slider > @react-types/slider@3.7.1" has unmet peer dependency "react@^16.8.0 || ^17.0.0-rc.1 || ^18.0.0".
warning "@nextui-org/react > @nextui-org/input > react-textarea-autosize > use-latest > use-isomorphic-layout-effect@1.1.2" has unmet peer dependency "react@^16.8.0 || ^17.0.0 || ^18.0.0".
[4/4] Building fresh packages...
success Saved lockfile.
Done in 25.89s.
+ yarn list --depth=0 --json --non-interactive --no-progress
+ jq -cr '
        [.. | .name?]
        | map(select(.))
        | map(capture("^(?<name>@?[^@]+)@(?<version>.+)$"))
        | sort_by(.name)[]'
+ exitcode=0
+ set -e
+ [[ 0 != \0 ]]
++ jq -sr 'map(select(.name == "tailwindcss")) | first | .version'
+ tailwind_package_version=3.4.1
+ tailwind_config_exporter=tailwind.config.exporter2.cjs
+ '[' -f node_modules/tailwindcss/lib/lib/load-config.js ']'
+ tailwind_config_exporter=tailwind.config.exporter3.mjs
+ cp /twcr/worker/../worker/tailwind.config.exporter3.mjs ./
+ set +e
+ node ./tailwind.config.exporter3.mjs tailwind.config.js
node:internal/modules/cjs/loader:1149
  const err = new Error(message);
              ^

Error: Cannot find module 'react'
Require stack:
- /tmp/twcr-98421998e9e0/js/node_modules/@react-aria/i18n/dist/real-main.js
    at Module._resolveFilename (node:internal/modules/cjs/loader:1149:15)
    at Function.resolve (node:internal/modules/helpers:187:19)
    at _resolve (/tmp/twcr-98421998e9e0/js/node_modules/jiti/dist/jiti.js:1:251148)
    at jiti (/tmp/twcr-98421998e9e0/js/node_modules/jiti/dist/jiti.js:1:253746)
    at /tmp/twcr-98421998e9e0/js/node_modules/@react-aria/i18n/dist/real-main.js:1:95
    at evalModule (/tmp/twcr-98421998e9e0/js/node_modules/jiti/dist/jiti.js:1:256443)
    at jiti (/tmp/twcr-98421998e9e0/js/node_modules/jiti/dist/jiti.js:1:254371)
    at /tmp/twcr-98421998e9e0/js/node_modules/@react-aria/i18n/dist/main.js:5:18
    at evalModule (/tmp/twcr-98421998e9e0/js/node_modules/jiti/dist/jiti.js:1:256443)
    at jiti (/tmp/twcr-98421998e9e0/js/node_modules/jiti/dist/jiti.js:1:254371) {
  code: 'MODULE_NOT_FOUND',
  requireStack: [
    '/tmp/twcr-98421998e9e0/js/node_modules/@react-aria/i18n/dist/real-main.js'
  ]
}

Node.js v21.6.2
+ exitcode=1
+ set -e
+ [[ 1 != \0 ]]
+ [[ squash == \s\q\u\a\s\h ]]
+ echo '[worker] WARN: exporter failed; retrying with full install'
[worker] WARN: exporter failed; retrying with full install
+ attempt_mode=full
+ continue
+ true
++ date -u +%Y-%m-%dT%H:%M:%SZ
+ writetaskstat timestamp_attempt_full_begin 2024-03-05T06:56:10Z
+ jq -nc --arg key timestamp_attempt_full_begin --arg value 2024-03-05T06:56:10Z '{ key: $key, value: $value }'
+ [[ full == \s\q\u\a\s\h ]]
+ git clean -fdx
Removing node_modules/
Removing tailwind.config.exporter3.mjs
+ git reset --hard
HEAD is now at 7bc6a04 more info
+ set +e
+ /twcr/worker/../worker/pm-install.sh yarn /tmp/twcr-98421998e9e0 /twcr/mnt/results
+ package_manager_name=yarn
+ procdir=/tmp/twcr-98421998e9e0
+ datadir=/twcr/mnt/results
+ case "${package_manager_name}" in
+ '[' -z http://tid_ffb9a432a949:ok@172.18.0.2:3128 ']'
+ yarn config set httpProxy http://tid_ffb9a432a949:ok@172.18.0.2:3128
yarn config v1.22.19
success Set "httpProxy" to "http://tid_ffb9a432a949:ok@172.18.0.2:3128".
Done in 0.03s.
+ '[' -z http://tid_ffb9a432a949:ok@172.18.0.2:3128 ']'
+ yarn config set httpsProxy http://tid_ffb9a432a949:ok@172.18.0.2:3128
yarn config v1.22.19
success Set "httpsProxy" to "http://tid_ffb9a432a949:ok@172.18.0.2:3128".
Done in 0.03s.
+ yarn install
yarn install v1.22.19
warning package-lock.json found. Your project contains lock files generated by tools other than Yarn. It is advised not to mix package managers in order to avoid resolution inconsistencies caused by unsynchronized lock files. To clear this warning, remove package-lock.json.
[1/4] Resolving packages...
[2/4] Fetching packages...
(node:236) [DEP0040] DeprecationWarning: The `punycode` module is deprecated. Please use a userland alternative instead.
(Use `node --trace-deprecation ...` to show where the warning was created)
warning tailwind-variants@0.1.18: The engine "pnpm" appears to be invalid.
[3/4] Linking dependencies...
warning "@nextui-org/react > @nextui-org/badge > @nextui-org/system-rsc@2.0.9" has unmet peer dependency "tailwind-variants@>=0.1.13".
[4/4] Building fresh packages...
success Saved lockfile.
Done in 23.78s.
+ yarn list --depth=0 --json --non-interactive --no-progress
+ jq -cr '
        [.. | .name?]
        | map(select(.))
        | map(capture("^(?<name>@?[^@]+)@(?<version>.+)$"))
        | sort_by(.name)[]'
+ exitcode=0
+ set -e
+ [[ 0 != \0 ]]
++ jq -sr 'map(select(.name == "tailwindcss")) | first | .version'
+ tailwind_package_version=3.3.3
+ tailwind_config_exporter=tailwind.config.exporter2.cjs
+ '[' -f node_modules/tailwindcss/lib/lib/load-config.js ']'
+ tailwind_config_exporter=tailwind.config.exporter3.mjs
+ cp /twcr/worker/../worker/tailwind.config.exporter3.mjs ./
+ set +e
+ node ./tailwind.config.exporter3.mjs tailwind.config.js
+ exitcode=0
+ set -e
+ [[ 0 != \0 ]]
+ echo 'module.exports={plugins:['
+ jq -rs '
        map(select(.name | startswith("@tailwindcss/")))
        | map("require(" + ( .name | tojson ) + "),")[]
      '
+ grep -Ev '"@tailwindcss/postcss7-compat"'
+ true
+ echo ']}'
+ cat tailwind.config.js
+ sed 's/^/>>> /'
>>> module.exports={plugins:[
>>> ]}
+ node ./tailwind.config.exporter3.mjs tailwind.config.js
++ date -u +%Y-%m-%dT%H:%M:%SZ
+ writetaskstat timestamp_attempt_full_end 2024-03-05T06:56:36Z
+ jq -nc --arg key timestamp_attempt_full_end --arg value 2024-03-05T06:56:36Z '{ key: $key, value: $value }'
+ break
++ date -u +%Y-%m-%dT%H:%M:%SZ
+ writetaskstat timestamp_end 2024-03-05T06:56:36Z
+ jq -nc --arg key timestamp_end --arg value 2024-03-05T06:56:36Z '{ key: $key, value: $value }'
+ rm /twcr/mnt/results/extract-failed
+ touch /twcr/mnt/results/extract-completed
