==== RUN-DOCKER
+++ dirname -- ./worker/run.sh
++ cd -- ./worker
++ pwd
+ twcrdir=/twcr/worker/..
+ repo=github.com/delbaoliveira/website
+ reporef=main
+ repopath=./
+ '[' true == true ']'
+ grep -q '^././'
++ echo github.com/delbaoliveira/website
++ sha256sum
++ awk '{ print $1 }'
++ cut -c1-12
+ procdir=/tmp/twcr-af12d9c48ab6
++ echo 'github.com/delbaoliveira/website;main;./'
++ sha256sum
++ awk '{ print $1 }'
++ cut -c1-12
+ datadir=/twcr/worker/../mnt/dataset/data/898a39123292
+ '[' '!' -z /twcr/mnt/results ']'
+ datadir=/twcr/mnt/results
+ touch /twcr/mnt/results/extract-failed
++ base64
++ tr -d =
++ tr /+ _-
++ base64
++ tr -d =
++ tr /+ _-
+ writetaskstat analysis_key github.com/delbaoliveira/website/bWFpbgo/Li8K
+ jq -nc --arg key analysis_key --arg value github.com/delbaoliveira/website/bWFpbgo/Li8K '{ key: $key, value: $value }'
++ date -u +%Y%m%d%H%M%S
++ sha256sum
++ awk '{ print $1 }'
++ cut -c1-16
++ head -c 32 /dev/urandom
+ writetaskstat analysis_nonce d25eb96336046fb3
+ jq -nc --arg key analysis_nonce --arg value d25eb96336046fb3 '{ key: $key, value: $value }'
+ writetaskstat input_repo_name github.com/delbaoliveira/website
+ jq -nc --arg key input_repo_name --arg value github.com/delbaoliveira/website '{ key: $key, value: $value }'
+ writetaskstat input_repo_ref main
+ jq -nc --arg key input_repo_ref --arg value main '{ key: $key, value: $value }'
+ writetaskstat input_repo_path ./
+ jq -nc --arg key input_repo_path --arg value ./ '{ key: $key, value: $value }'
++ date -u +%Y-%m-%dT%H:%M:%SZ
+ writetaskstat timestamp_begin 2024-03-04T03:44:57Z
+ jq -nc --arg key timestamp_begin --arg value 2024-03-04T03:44:57Z '{ key: $key, value: $value }'
+ mkdir -p /tmp/twcr-af12d9c48ab6
/tmp/twcr-af12d9c48ab6 /twcr
+ pushd /tmp/twcr-af12d9c48ab6
+ '[' -d .git ']'
+ git clone --depth=1 -b main https://github.com/delbaoliveira/website.git .
Cloning into '.'...
++ date -u +%Y-%m-%dT%H:%M:%SZ
+ writetaskstat timestamp_git_clone_complete 2024-03-04T03:44:58Z
+ jq -nc --arg key timestamp_git_clone_complete --arg value 2024-03-04T03:44:58Z '{ key: $key, value: $value }'
++ git rev-parse HEAD
+ writetaskstat exec_repo_commit_sha 59e6f181ad75751342ceaa8931db4cbcef86b018
+ jq -nc --arg key exec_repo_commit_sha --arg value 59e6f181ad75751342ceaa8931db4cbcef86b018 '{ key: $key, value: $value }'
+++ git show --no-patch --format=%ci
++ date -u --date '2023-11-16 10:04:13 +0000' +%Y-%m-%dT%H:%M:%SZ
+ writetaskstat exec_repo_commit_date 2023-11-16T10:04:13Z
+ jq -nc --arg key exec_repo_commit_date --arg value 2023-11-16T10:04:13Z '{ key: $key, value: $value }'
+ '[' -z ./ ']'
+ pushd ./
+ tailwind_config_file_name=
+ '[' -f tailwind.config.js ']'
+ tailwind_config_file_name=tailwind.config.js
+ writetaskstat exec_tailwind_config_file tailwind.config.js
+ jq -nc --arg key exec_tailwind_config_file --arg value tailwind.config.js '{ key: $key, value: $value }'
/tmp/twcr-af12d9c48ab6 /tmp/twcr-af12d9c48ab6 /twcr
+ cp tailwind.config.js /twcr/mnt/results/extract-raw-tailwind-config.js
+ '[' '!' -f package.json ']'
+ cp package.json /twcr/mnt/results/extract-raw-package.json
++ /twcr/worker/../worker/pm-detect.sh /tmp/twcr-af12d9c48ab6
+ package_manager_name=pnpm
+ '[' -z pnpm ']'
+ '[' -z pnpm ']'
+ writetaskstat exec_node_package_manager pnpm
+ jq -nc --arg key exec_node_package_manager --arg value pnpm '{ key: $key, value: $value }'
+ attempt_mode=squash
+ true
++ date -u +%Y-%m-%dT%H:%M:%SZ
+ writetaskstat timestamp_attempt_squash_begin 2024-03-04T03:44:58Z
+ jq -nc --arg key timestamp_attempt_squash_begin --arg value 2024-03-04T03:44:58Z '{ key: $key, value: $value }'
+ [[ squash == \s\q\u\a\s\h ]]
+ set +e
+ node /twcr/worker/../worker/squash-package.mjs tailwind.config.js
+ exitcode=0
+ set -e
+ [[ 0 != \0 ]]
+ cat package.json
+ sed 's/^/>>> /'
>>> {
>>>   "name": "delba.dev",
>>>   "version": "0.1.0",
>>>   "private": true,
>>>   "prettier": {
>>>     "arrowParens": "always",
>>>     "semi": false,
>>>     "trailingComma": "all"
>>>   },
>>>   "dependencies": {},
>>>   "devDependencies": {
>>>     "@tailwindcss/forms": "^0.5.2",
>>>     "tailwindcss": "^3.1.4"
>>>   }
>>> }+ rm -f package-lock.json pnpm-lock.yaml yarn.lock
+ '[' ./ '!=' ./ ']'
+ set +e
+ /twcr/worker/../worker/pm-install.sh pnpm /tmp/twcr-af12d9c48ab6 /twcr/mnt/results
+ package_manager_name=pnpm
+ procdir=/tmp/twcr-af12d9c48ab6
+ datadir=/twcr/mnt/results
+ case "${package_manager_name}" in
+ '[' '!' -f /tmp/twcr-af12d9c48ab6/package.json ']'
++ pnpm -v
+ sed -Ei 's/("pnpm": ")(.+)(")/\18.15.4\3/' /tmp/twcr-af12d9c48ab6/package.json
+ '[' '!' -f package.json ']'
++ pnpm -v
+ sed -Ei 's/("pnpm": ")(.+)(")/\18.15.4\3/' package.json
+ pnpm install
Progress: resolved 1, reused 0, downloaded 0, added 0
Progress: resolved 22, reused 0, downloaded 11, added 0
Progress: resolved 46, reused 0, downloaded 39, added 0
Progress: resolved 78, reused 0, downloaded 66, added 0
Progress: resolved 107, reused 0, downloaded 105, added 0
Packages: +107
++++++++++++++++++++++++++++++++++++++++++++++++++++++++++++++++++++++++++++++++
Progress: resolved 108, reused 0, downloaded 107, added 107, done

devDependencies:
+ @tailwindcss/forms 0.5.7
+ tailwindcss 3.4.1

Done in 5.4s
+ pnpm ls --json
+ jq -cr '
        .[]
        | [.dependencies, .devDependencies, .optionalDependencies]
        | map(select(.))[]
        | to_entries
        | map({ name: .key, version: .value.version })
        | sort_by(.name)[]
      '
+ exitcode=0
+ set -e
+ [[ 0 != \0 ]]
++ jq -sr 'map(select(.name == "tailwindcss")) | first | .version'
+ tailwind_package_version=3.4.1
+ tailwind_config_exporter=tailwind.config.exporter2.cjs
+ '[' -f node_modules/tailwindcss/lib/lib/load-config.js ']'
+ tailwind_config_exporter=tailwind.config.exporter3.mjs
+ cp /twcr/worker/../worker/tailwind.config.exporter3.mjs ./
+ set +e
+ node ./tailwind.config.exporter3.mjs tailwind.config.js
+ exitcode=0
+ set -e
+ [[ 0 != \0 ]]
+ echo 'module.exports={plugins:['
+ jq -rs '
        map(select(.name | startswith("@tailwindcss/")))
        | map("require(" + ( .name | tojson ) + "),")[]
      '
+ grep -Ev '"@tailwindcss/postcss7-compat"'
+ echo ']}'
+ cat tailwind.config.js
+ sed 's/^/>>> /'
>>> module.exports={plugins:[
>>> require("@tailwindcss/forms"),
>>> ]}
+ node ./tailwind.config.exporter3.mjs tailwind.config.js
++ date -u +%Y-%m-%dT%H:%M:%SZ
+ writetaskstat timestamp_attempt_squash_end 2024-03-04T03:45:06Z
+ jq -nc --arg key timestamp_attempt_squash_end --arg value 2024-03-04T03:45:06Z '{ key: $key, value: $value }'
+ break
++ date -u +%Y-%m-%dT%H:%M:%SZ
+ writetaskstat timestamp_end 2024-03-04T03:45:06Z
+ jq -nc --arg key timestamp_end --arg value 2024-03-04T03:45:06Z '{ key: $key, value: $value }'
+ rm /twcr/mnt/results/extract-failed
+ touch /twcr/mnt/results/extract-completed
