==== RUN-DOCKER
+++ dirname -- ./worker/run.sh
++ cd -- ./worker
++ pwd
+ twcrdir=/twcr/worker/..
+ repo=github.com/tuan3w/linearapp_clone
+ reporef=main
+ repopath=./
+ '[' true == true ']'
+ grep -q '^././'
++ echo github.com/tuan3w/linearapp_clone
++ sha256sum
++ awk '{ print $1 }'
++ cut -c1-12
+ procdir=/tmp/twcr-ecae3225dcdf
++ echo 'github.com/tuan3w/linearapp_clone;main;./'
++ sha256sum
++ awk '{ print $1 }'
++ cut -c1-12
+ datadir=/twcr/worker/../mnt/dataset/data/5edbcefb6824
+ '[' '!' -z /twcr/mnt/results ']'
+ datadir=/twcr/mnt/results
+ touch /twcr/mnt/results/extract-failed
++ base64
++ tr -d =
++ tr /+ _-
++ base64
++ tr -d =
++ tr /+ _-
+ writetaskstat analysis_key github.com/tuan3w/linearapp_clone/bWFpbgo/Li8K
+ jq -nc --arg key analysis_key --arg value github.com/tuan3w/linearapp_clone/bWFpbgo/Li8K '{ key: $key, value: $value }'
++ date -u +%Y%m%d%H%M%S
++ sha256sum
++ awk '{ print $1 }'
++ cut -c1-16
++ head -c 32 /dev/urandom
+ writetaskstat analysis_nonce e7f668d50ca23c60
+ jq -nc --arg key analysis_nonce --arg value e7f668d50ca23c60 '{ key: $key, value: $value }'
+ writetaskstat input_repo_name github.com/tuan3w/linearapp_clone
+ jq -nc --arg key input_repo_name --arg value github.com/tuan3w/linearapp_clone '{ key: $key, value: $value }'
+ writetaskstat input_repo_ref main
+ jq -nc --arg key input_repo_ref --arg value main '{ key: $key, value: $value }'
+ writetaskstat input_repo_path ./
+ jq -nc --arg key input_repo_path --arg value ./ '{ key: $key, value: $value }'
++ date -u +%Y-%m-%dT%H:%M:%SZ
+ writetaskstat timestamp_begin 2024-03-04T06:19:37Z
+ jq -nc --arg key timestamp_begin --arg value 2024-03-04T06:19:37Z '{ key: $key, value: $value }'
+ mkdir -p /tmp/twcr-ecae3225dcdf
+ pushd /tmp/twcr-ecae3225dcdf
+ '[' -d .git ']'
+ git clone --depth=1 -b main https://github.com/tuan3w/linearapp_clone.git .
/tmp/twcr-ecae3225dcdf /twcr
Cloning into '.'...
++ date -u +%Y-%m-%dT%H:%M:%SZ
+ writetaskstat timestamp_git_clone_complete 2024-03-04T06:19:38Z
+ jq -nc --arg key timestamp_git_clone_complete --arg value 2024-03-04T06:19:38Z '{ key: $key, value: $value }'
++ git rev-parse HEAD
+ writetaskstat exec_repo_commit_sha cdba4ff640f64e0ebfbc84bfc8bea25e7d7c7930
+ jq -nc --arg key exec_repo_commit_sha --arg value cdba4ff640f64e0ebfbc84bfc8bea25e7d7c7930 '{ key: $key, value: $value }'
+++ git show --no-patch --format=%ci
++ date -u --date '2023-10-06 06:29:12 +0700' +%Y-%m-%dT%H:%M:%SZ
+ writetaskstat exec_repo_commit_date 2023-10-05T23:29:12Z
+ jq -nc --arg key exec_repo_commit_date --arg value 2023-10-05T23:29:12Z '{ key: $key, value: $value }'
/tmp/twcr-ecae3225dcdf /tmp/twcr-ecae3225dcdf /twcr
+ '[' -z ./ ']'
+ pushd ./
+ tailwind_config_file_name=
+ '[' -f tailwind.config.js ']'
+ tailwind_config_file_name=tailwind.config.js
+ writetaskstat exec_tailwind_config_file tailwind.config.js
+ jq -nc --arg key exec_tailwind_config_file --arg value tailwind.config.js '{ key: $key, value: $value }'
+ cp tailwind.config.js /twcr/mnt/results/extract-raw-tailwind-config.js
+ '[' '!' -f package.json ']'
+ cp package.json /twcr/mnt/results/extract-raw-package.json
++ /twcr/worker/../worker/pm-detect.sh /tmp/twcr-ecae3225dcdf
+ package_manager_name=yarn
+ '[' -z yarn ']'
+ '[' -z yarn ']'
+ writetaskstat exec_node_package_manager yarn
+ jq -nc --arg key exec_node_package_manager --arg value yarn '{ key: $key, value: $value }'
+ attempt_mode=squash
+ true
++ date -u +%Y-%m-%dT%H:%M:%SZ
+ writetaskstat timestamp_attempt_squash_begin 2024-03-04T06:19:38Z
+ jq -nc --arg key timestamp_attempt_squash_begin --arg value 2024-03-04T06:19:38Z '{ key: $key, value: $value }'
+ [[ squash == \s\q\u\a\s\h ]]
+ set +e
+ node /twcr/worker/../worker/squash-package.mjs tailwind.config.js
+ exitcode=0
+ set -e
+ [[ 0 != \0 ]]
+ cat package.json
+ sed 's/^/>>> /'
+ rm -f package-lock.json pnpm-lock.yaml yarn.lock
>>> {
>>>   "name": "linearapp_clone",
>>>   "version": "0.1.0",
>>>   "private": true,
>>>   "dependencies": {
>>>     "@tailwindcss/forms": "^0.3.2",
>>>     "@tailwindcss/line-clamp": "^0.2.0"
>>>   },
>>>   "eslintConfig": {
>>>     "extends": [
>>>       "react-app",
>>>       "react-app/jest"
>>>     ],
>>>     "overrides": [
>>>       {
>>>         "files": [
>>>           "**/*.stories.*"
>>>         ],
>>>         "rules": {
>>>           "import/no-anonymous-default-export": "off"
>>>         }
>>>       }
>>>     ]
>>>   },
>>>   "browserslist": {
>>>     "production": [
>>>       ">0.2%",
>>>       "not dead",
>>>       "not op_mini all"
>>>     ],
>>>     "development": [
>>>       "last 1 chrome version",
>>>       "last 1 firefox version",
>>>       "last 1 safari version"
>>>     ]
>>>   },
>>>   "devDependencies": {
>>>     "tailwindcss": "npm:@tailwindcss/postcss7-compat@^2.1.0"
>>>   }
>>> }+ '[' ./ '!=' ./ ']'
+ set +e
+ /twcr/worker/../worker/pm-install.sh yarn /tmp/twcr-ecae3225dcdf /twcr/mnt/results
+ package_manager_name=yarn
+ procdir=/tmp/twcr-ecae3225dcdf
+ datadir=/twcr/mnt/results
+ case "${package_manager_name}" in
+ '[' -z http://tid_17889e4a0e17:ok@172.18.0.2:3128 ']'
+ yarn config set httpProxy http://tid_17889e4a0e17:ok@172.18.0.2:3128
yarn config v1.22.19
success Set "httpProxy" to "http://tid_17889e4a0e17:ok@172.18.0.2:3128".
Done in 0.04s.
+ '[' -z http://tid_17889e4a0e17:ok@172.18.0.2:3128 ']'
+ yarn config set httpsProxy http://tid_17889e4a0e17:ok@172.18.0.2:3128
yarn config v1.22.19
success Set "httpsProxy" to "http://tid_17889e4a0e17:ok@172.18.0.2:3128".
Done in 0.04s.
+ yarn install
yarn install v1.22.19
info No lockfile found.
[1/4] Resolving packages...
(node:131) [DEP0040] DeprecationWarning: The `punycode` module is deprecated. Please use a userland alternative instead.
(Use `node --trace-deprecation ...` to show where the warning was created)
[2/4] Fetching packages...
[3/4] Linking dependencies...
[4/4] Building fresh packages...
success Saved lockfile.
Done in 10.20s.
+ yarn list --depth=0 --json --non-interactive --no-progress
+ jq -cr '
        [.. | .name?]
        | map(select(.))
        | map(capture("^(?<name>@?[^@]+)@(?<version>.+)$"))
        | sort_by(.name)[]'
+ exitcode=0
+ set -e
+ [[ 0 != \0 ]]
++ jq -sr 'map(select(.name == "tailwindcss")) | first | .version'
+ tailwind_package_version=2.2.17
+ tailwind_config_exporter=tailwind.config.exporter2.cjs
+ '[' -f node_modules/tailwindcss/lib/lib/load-config.js ']'
+ cp /twcr/worker/../worker/tailwind.config.exporter2.cjs ./
+ set +e
+ node ./tailwind.config.exporter2.cjs tailwind.config.js
+ exitcode=0
+ set -e
+ [[ 0 != \0 ]]
+ echo 'module.exports={plugins:['
+ jq -rs '
        map(select(.name | startswith("@tailwindcss/")))
        | map("require(" + ( .name | tojson ) + "),")[]
      '
+ grep -Ev '"@tailwindcss/postcss7-compat"'
+ echo ']}'
+ cat tailwind.config.js
+ sed 's/^/>>> /'
>>> module.exports={plugins:[
>>> require("@tailwindcss/forms"),
>>> require("@tailwindcss/line-clamp"),
>>> ]}
+ node ./tailwind.config.exporter2.cjs tailwind.config.js
++ date -u +%Y-%m-%dT%H:%M:%SZ
+ writetaskstat timestamp_attempt_squash_end 2024-03-04T06:19:50Z
+ jq -nc --arg key timestamp_attempt_squash_end --arg value 2024-03-04T06:19:50Z '{ key: $key, value: $value }'
+ break
++ date -u +%Y-%m-%dT%H:%M:%SZ
+ writetaskstat timestamp_end 2024-03-04T06:19:50Z
+ jq -nc --arg key timestamp_end --arg value 2024-03-04T06:19:50Z '{ key: $key, value: $value }'
+ rm /twcr/mnt/results/extract-failed
+ touch /twcr/mnt/results/extract-completed
