==== RUN-DOCKER
+++ dirname -- ./worker/run.sh
++ cd -- ./worker
++ pwd
+ twcrdir=/twcr/worker/..
+ repo=github.com/LarsEllefsen/WinMonopolet
+ reporef=master
+ repopath=./frontend
+ '[' true == true ']'
+ grep -q '^././'
++ echo github.com/LarsEllefsen/WinMonopolet
++ sha256sum
++ awk '{ print $1 }'
++ cut -c1-12
+ procdir=/tmp/twcr-b4b469ca6260
++ echo 'github.com/LarsEllefsen/WinMonopolet;master;./frontend'
++ sha256sum
++ awk '{ print $1 }'
++ cut -c1-12
+ datadir=/twcr/worker/../mnt/dataset/data/87caf6ad6df4
+ '[' '!' -z /twcr/mnt/results ']'
+ datadir=/twcr/mnt/results
+ touch /twcr/mnt/results/extract-failed
++ base64
++ tr -d =
++ tr /+ _-
++ base64
++ tr -d =
++ tr /+ _-
+ writetaskstat analysis_key github.com/LarsEllefsen/WinMonopolet/bWFzdGVyCg/Li9mcm9udGVuZAo
+ jq -nc --arg key analysis_key --arg value github.com/LarsEllefsen/WinMonopolet/bWFzdGVyCg/Li9mcm9udGVuZAo '{ key: $key, value: $value }'
++ date -u +%Y%m%d%H%M%S
++ sha256sum
++ awk '{ print $1 }'
++ cut -c1-16
++ head -c 32 /dev/urandom
+ writetaskstat analysis_nonce 5365231e55eba71d
+ jq -nc --arg key analysis_nonce --arg value 5365231e55eba71d '{ key: $key, value: $value }'
+ writetaskstat input_repo_name github.com/LarsEllefsen/WinMonopolet
+ jq -nc --arg key input_repo_name --arg value github.com/LarsEllefsen/WinMonopolet '{ key: $key, value: $value }'
+ writetaskstat input_repo_ref master
+ jq -nc --arg key input_repo_ref --arg value master '{ key: $key, value: $value }'
+ writetaskstat input_repo_path ./frontend
+ jq -nc --arg key input_repo_path --arg value ./frontend '{ key: $key, value: $value }'
++ date -u +%Y-%m-%dT%H:%M:%SZ
+ writetaskstat timestamp_begin 2024-03-04T10:32:11Z
+ jq -nc --arg key timestamp_begin --arg value 2024-03-04T10:32:11Z '{ key: $key, value: $value }'
+ mkdir -p /tmp/twcr-b4b469ca6260
/tmp/twcr-b4b469ca6260 /twcr
+ pushd /tmp/twcr-b4b469ca6260
+ '[' -d .git ']'
+ git clone --depth=1 -b master https://github.com/LarsEllefsen/WinMonopolet.git .
Cloning into '.'...
++ date -u +%Y-%m-%dT%H:%M:%SZ
+ writetaskstat timestamp_git_clone_complete 2024-03-04T10:32:12Z
+ jq -nc --arg key timestamp_git_clone_complete --arg value 2024-03-04T10:32:12Z '{ key: $key, value: $value }'
++ git rev-parse HEAD
+ writetaskstat exec_repo_commit_sha aba368bfb2350834f0b40f00b30b2451624e26f5
+ jq -nc --arg key exec_repo_commit_sha --arg value aba368bfb2350834f0b40f00b30b2451624e26f5 '{ key: $key, value: $value }'
+++ git show --no-patch --format=%ci
++ date -u --date '2024-02-22 18:43:05 +0100' +%Y-%m-%dT%H:%M:%SZ
+ writetaskstat exec_repo_commit_date 2024-02-22T17:43:05Z
+ jq -nc --arg key exec_repo_commit_date --arg value 2024-02-22T17:43:05Z '{ key: $key, value: $value }'
+ '[' -z ./frontend ']'
+ pushd ./frontend
+ tailwind_config_file_name=
+ '[' -f tailwind.config.js ']'
+ '[' -f tailwind.config.cjs ']'
+ tailwind_config_file_name=tailwind.config.cjs
+ writetaskstat exec_tailwind_config_file tailwind.config.cjs
+ jq -nc --arg key exec_tailwind_config_file --arg value tailwind.config.cjs '{ key: $key, value: $value }'
/tmp/twcr-b4b469ca6260/frontend /tmp/twcr-b4b469ca6260 /twcr
+ cp tailwind.config.cjs /twcr/mnt/results/extract-raw-tailwind-config.js
+ '[' '!' -f package.json ']'
+ cp package.json /twcr/mnt/results/extract-raw-package.json
++ /twcr/worker/../worker/pm-detect.sh /tmp/twcr-b4b469ca6260/frontend
+ package_manager_name=yarn
+ '[' -z yarn ']'
+ '[' -z yarn ']'
+ writetaskstat exec_node_package_manager yarn
+ jq -nc --arg key exec_node_package_manager --arg value yarn '{ key: $key, value: $value }'
+ attempt_mode=squash
+ true
++ date -u +%Y-%m-%dT%H:%M:%SZ
+ writetaskstat timestamp_attempt_squash_begin 2024-03-04T10:32:12Z
+ jq -nc --arg key timestamp_attempt_squash_begin --arg value 2024-03-04T10:32:12Z '{ key: $key, value: $value }'
+ [[ squash == \s\q\u\a\s\h ]]
+ set +e
+ node /twcr/worker/../worker/squash-package.mjs tailwind.config.cjs
+ exitcode=0
+ set -e
+ [[ 0 != \0 ]]
+ cat package.json
+ sed 's/^/>>> /'
>>> {
>>>   "name": "winmonopolet-frontend",
>>>   "version": "0.0.1",
>>>   "private": true,
>>>   "devDependencies": {},
>>>   "type": "module",
>>>   "dependencies": {
>>>     "tailwind-hamburgers": "^1.3.5",
>>>     "tailwindcss": "^3.4.1"
>>>   }
>>> }+ rm -f package-lock.json pnpm-lock.yaml yarn.lock
+ '[' ./frontend '!=' ./ ']'
+ rm -f /tmp/twcr-b4b469ca6260/package.json /tmp/twcr-b4b469ca6260/package-lock.json /tmp/twcr-b4b469ca6260/pnpm-lock.yaml /tmp/twcr-b4b469ca6260/yarn.lock
+ set +e
+ /twcr/worker/../worker/pm-install.sh yarn /tmp/twcr-b4b469ca6260 /twcr/mnt/results
+ package_manager_name=yarn
+ procdir=/tmp/twcr-b4b469ca6260
+ datadir=/twcr/mnt/results
+ case "${package_manager_name}" in
+ '[' -z http://tid_0844130cab63:ok@172.18.0.2:3128 ']'
+ yarn config set httpProxy http://tid_0844130cab63:ok@172.18.0.2:3128
yarn config v1.22.19
success Set "httpProxy" to "http://tid_0844130cab63:ok@172.18.0.2:3128".
Done in 0.05s.
+ '[' -z http://tid_0844130cab63:ok@172.18.0.2:3128 ']'
+ yarn config set httpsProxy http://tid_0844130cab63:ok@172.18.0.2:3128
yarn config v1.22.19
success Set "httpsProxy" to "http://tid_0844130cab63:ok@172.18.0.2:3128".
Done in 0.04s.
+ yarn install
yarn install v1.22.19
info No lockfile found.
[1/4] Resolving packages...
(node:132) [DEP0040] DeprecationWarning: The `punycode` module is deprecated. Please use a userland alternative instead.
(Use `node --trace-deprecation ...` to show where the warning was created)
[2/4] Fetching packages...
[3/4] Linking dependencies...
[4/4] Building fresh packages...
success Saved lockfile.
Done in 6.30s.
+ yarn list --depth=0 --json --non-interactive --no-progress
+ jq -cr '
        [.. | .name?]
        | map(select(.))
        | map(capture("^(?<name>@?[^@]+)@(?<version>.+)$"))
        | sort_by(.name)[]'
+ exitcode=0
+ set -e
+ [[ 0 != \0 ]]
++ jq -sr 'map(select(.name == "tailwindcss")) | first | .version'
+ tailwind_package_version=3.4.1
+ tailwind_config_exporter=tailwind.config.exporter2.cjs
+ '[' -f node_modules/tailwindcss/lib/lib/load-config.js ']'
+ tailwind_config_exporter=tailwind.config.exporter3.mjs
+ cp /twcr/worker/../worker/tailwind.config.exporter3.mjs ./
+ set +e
+ node ./tailwind.config.exporter3.mjs tailwind.config.cjs
+ exitcode=0
+ set -e
+ [[ 0 != \0 ]]
+ echo 'module.exports={plugins:['
+ jq -rs '
        map(select(.name | startswith("@tailwindcss/")))
        | map("require(" + ( .name | tojson ) + "),")[]
      '
+ grep -Ev '"@tailwindcss/postcss7-compat"'
+ true
+ echo ']}'
+ cat tailwind.config.cjs
+ sed 's/^/>>> /'
>>> module.exports={plugins:[
>>> ]}
+ node ./tailwind.config.exporter3.mjs tailwind.config.cjs
++ date -u +%Y-%m-%dT%H:%M:%SZ
+ writetaskstat timestamp_attempt_squash_end 2024-03-04T10:32:20Z
+ jq -nc --arg key timestamp_attempt_squash_end --arg value 2024-03-04T10:32:20Z '{ key: $key, value: $value }'
+ break
++ date -u +%Y-%m-%dT%H:%M:%SZ
+ writetaskstat timestamp_end 2024-03-04T10:32:20Z
+ jq -nc --arg key timestamp_end --arg value 2024-03-04T10:32:20Z '{ key: $key, value: $value }'
+ rm /twcr/mnt/results/extract-failed
+ touch /twcr/mnt/results/extract-completed
