==== RUN-DOCKER
+++ dirname -- ./worker/run.sh
++ cd -- ./worker
++ pwd
+ twcrdir=/twcr/worker/..
+ repo=github.com/contributte/webpack-skeleton
+ reporef=master
+ repopath=./
++ echo github.com/contributte/webpack-skeleton
++ sha256sum
++ awk '{ print $1 }'
++ cut -c1-12
+ procdir=/tmp/twcr-4c5d35db0a24
++ echo 'github.com/contributte/webpack-skeleton;master;./'
++ sha256sum
++ awk '{ print $1 }'
++ cut -c1-12
+ datadir=/twcr/worker/../mnt/dataset/data/37425b965eea
+ '[' '!' -z /twcr/mnt/results ']'
+ datadir=/twcr/mnt/results
+ touch /twcr/mnt/results/extract-failed
++ base64
++ tr -d =
++ tr /+ _-
++ base64
++ tr -d =
++ tr /+ _-
+ writetaskstat analysis_key github.com/contributte/webpack-skeleton/bWFzdGVyCg/Li8K
+ jq -nc --arg key analysis_key --arg value github.com/contributte/webpack-skeleton/bWFzdGVyCg/Li8K '{ key: $key, value: $value }'
++ date -u +%Y%m%d%H%M%S
++ sha256sum
++ awk '{ print $1 }'
++ cut -c1-16
++ head -c 32 /dev/urandom
+ writetaskstat analysis_nonce 735b66b9dec0a633
+ jq -nc --arg key analysis_nonce --arg value 735b66b9dec0a633 '{ key: $key, value: $value }'
+ writetaskstat input_repo_name github.com/contributte/webpack-skeleton
+ jq -nc --arg key input_repo_name --arg value github.com/contributte/webpack-skeleton '{ key: $key, value: $value }'
+ writetaskstat input_repo_ref master
+ jq -nc --arg key input_repo_ref --arg value master '{ key: $key, value: $value }'
+ writetaskstat input_repo_path ./
+ jq -nc --arg key input_repo_path --arg value ./ '{ key: $key, value: $value }'
++ date -u +%Y-%m-%dT%H:%M:%SZ
+ writetaskstat timestamp_begin 2024-03-03T00:26:31Z
+ jq -nc --arg key timestamp_begin --arg value 2024-03-03T00:26:31Z '{ key: $key, value: $value }'
+ mkdir -p /tmp/twcr-4c5d35db0a24
+ pushd /tmp/twcr-4c5d35db0a24
+ '[' -d .git ']'
+ git clone --depth=1 -b master https://github.com/contributte/webpack-skeleton.git .
/tmp/twcr-4c5d35db0a24 /twcr
Cloning into '.'...
++ date -u +%Y-%m-%dT%H:%M:%SZ
+ writetaskstat timestamp_git_clone_complete 2024-03-03T00:26:32Z
+ jq -nc --arg key timestamp_git_clone_complete --arg value 2024-03-03T00:26:32Z '{ key: $key, value: $value }'
++ git rev-parse HEAD
+ writetaskstat exec_repo_commit_sha fb28ad2215e695773a3785c31d11065909fd84ed
+ jq -nc --arg key exec_repo_commit_sha --arg value fb28ad2215e695773a3785c31d11065909fd84ed '{ key: $key, value: $value }'
+++ git show --no-patch --format=%ci
++ date -u --date '2023-11-17 16:59:18 +0000' +%Y-%m-%dT%H:%M:%SZ
+ writetaskstat exec_repo_commit_date 2023-11-17T16:59:18Z
+ jq -nc --arg key exec_repo_commit_date --arg value 2023-11-17T16:59:18Z '{ key: $key, value: $value }'
+ '[' -z ./ ']'
+ pushd ./
+ tailwind_config_file_name=
+ '[' -f tailwind.config.js ']'
+ tailwind_config_file_name=tailwind.config.js
+ writetaskstat exec_tailwind_config_file tailwind.config.js
+ jq -nc --arg key exec_tailwind_config_file --arg value tailwind.config.js '{ key: $key, value: $value }'
/tmp/twcr-4c5d35db0a24 /tmp/twcr-4c5d35db0a24 /twcr
+ cp tailwind.config.js /twcr/mnt/results/extract-raw-tailwind-config.js
+ '[' '!' -f package.json ']'
+ cp package.json /twcr/mnt/results/extract-raw-package.json
+ package_manager_name=npm
+ grep -q '"packageManager":[^"]+"pnpm@"' package.json
+ '[' -f pnpm-lock.yaml ']'
+ '[' -f pnpm-workspace.yaml ']'
+ '[' -f /tmp/twcr-4c5d35db0a24/pnpm-workspace.yaml ']'
+ cat README.md
+ grep -q 'pnpm install'
+ grep -q '"packageManager":[^"]+"yarn@"' package.json
+ '[' -f yarn.lock ']'
+ grep -q '":[^"]+"workspace:' package.json
+ cat README.md
+ grep -q 'yarn install'
+ writetaskstat exec_node_package_manager npm
+ jq -nc --arg key exec_node_package_manager --arg value npm '{ key: $key, value: $value }'
+ attempt_mode=squash
+ true
++ date -u +%Y-%m-%dT%H:%M:%SZ
+ writetaskstat timestamp_attempt_squash_begin 2024-03-03T00:26:32Z
+ jq -nc --arg key timestamp_attempt_squash_begin --arg value 2024-03-03T00:26:32Z '{ key: $key, value: $value }'
+ [[ squash == \s\q\u\a\s\h ]]
+ set +e
+ node /twcr/worker/../worker/squash-package.mjs tailwind.config.js
+ exitcode=0
+ set -e
+ [[ 0 != \0 ]]
+ cat package.json
+ sed 's/^/>>> /'
>>> {
>>>   "name": "webpack",
>>>   "version": "0.0.0",
>>>   "author": "Milan Felix Sulc",
>>>   "dependencies": {
>>>     "@tailwindcss/forms": "^0.5.6"
>>>   },
>>>   "devDependencies": {
>>>     "tailwindcss": "^3.3.3"
>>>   },
>>>   "browserslist": [
>>>     "last 2 versions",
>>>     "not dead"
>>>   ],
>>>   "main": "assets/src/main.js"
>>> }+ set +e
+ /twcr/worker/../worker/pm-install.sh npm /tmp/twcr-4c5d35db0a24 /twcr/mnt/results
+ package_manager_name=npm
+ procdir=/tmp/twcr-4c5d35db0a24
+ datadir=/twcr/mnt/results
+ case "${package_manager_name}" in
++ '[' -f package-lock.json ']'
++ echo ci
+ npm ci --ignore-engines

added 93 packages, and audited 94 packages in 3s

14 packages are looking for funding
  run `npm fund` for details

found 0 vulnerabilities
npm notice 
npm notice New minor version of npm available! 10.2.4 -> 10.5.0
npm notice Changelog: <https://github.com/npm/cli/releases/tag/v10.5.0>
npm notice Run `npm install -g npm@10.5.0` to update!
npm notice 
+ npm query '*'
+ jq -cr '
        map({ name: .name, version: .version })
        | map(select(.name))
        | sort_by(.name)[]
      '
+ exitcode=0
+ set -e
+ [[ 0 != \0 ]]
++ jq -sr 'map(select(.name == "tailwindcss")) | first | .version'
+ tailwind_package_version=3.3.3
+ tailwind_config_exporter=tailwind.config.exporter3.mjs
+ true
+ cp /twcr/worker/../worker/tailwind.config.exporter3.mjs ./
+ set +e
+ node ./tailwind.config.exporter3.mjs tailwind.config.js
+ exitcode=0
+ set -e
+ [[ 0 != \0 ]]
+ break
+ echo 'module.exports={plugins:['
+ jq -rs '
        map(select(.name | startswith("@tailwindcss/")))
        | map("require(" + ( .name | tojson ) + "),")[]
      '
+ echo ']}'
+ cat tailwind.config.js
+ sed 's/^/>>> /'
>>> module.exports={plugins:[
>>> require("@tailwindcss/forms"),
>>> ]}
+ node ./tailwind.config.exporter3.mjs tailwind.config.js
++ date -u +%Y-%m-%dT%H:%M:%SZ
+ writetaskstat timestamp_attempt_squash_end 2024-03-03T00:26:36Z
+ jq -nc --arg key timestamp_attempt_squash_end --arg value 2024-03-03T00:26:36Z '{ key: $key, value: $value }'
+ break
++ date -u +%Y-%m-%dT%H:%M:%SZ
+ writetaskstat timestamp_end 2024-03-03T00:26:36Z
+ jq -nc --arg key timestamp_end --arg value 2024-03-03T00:26:36Z '{ key: $key, value: $value }'
+ rm /twcr/mnt/results/extract-failed
+ touch /twcr/mnt/results/extract-completed
