==== RUN-DOCKER
+++ dirname -- ./worker/run.sh
++ cd -- ./worker
++ pwd
+ twcrdir=/twcr/worker/..
+ repo=github.com/yougotwill/session-website
+ reporef=main
+ repopath=./
+ '[' true == true ']'
+ grep -q '^././'
++ echo github.com/yougotwill/session-website
++ sha256sum
++ awk '{ print $1 }'
++ cut -c1-12
+ procdir=/tmp/twcr-c7fe036d14d0
++ echo 'github.com/yougotwill/session-website;main;./'
++ sha256sum
++ awk '{ print $1 }'
++ cut -c1-12
+ datadir=/twcr/worker/../mnt/dataset/data/50125ce11c2c
+ '[' '!' -z /twcr/mnt/results ']'
+ datadir=/twcr/mnt/results
+ touch /twcr/mnt/results/extract-failed
++ base64
++ tr -d =
++ tr /+ _-
++ base64
++ tr /+ _-
++ tr -d =
+ writetaskstat analysis_key github.com/yougotwill/session-website/bWFpbgo/Li8K
+ jq -nc --arg key analysis_key --arg value github.com/yougotwill/session-website/bWFpbgo/Li8K '{ key: $key, value: $value }'
++ date -u +%Y%m%d%H%M%S
++ sha256sum
++ awk '{ print $1 }'
++ cut -c1-16
++ head -c 32 /dev/urandom
+ writetaskstat analysis_nonce 3741e8a7994701d6
+ jq -nc --arg key analysis_nonce --arg value 3741e8a7994701d6 '{ key: $key, value: $value }'
+ writetaskstat input_repo_name github.com/yougotwill/session-website
+ jq -nc --arg key input_repo_name --arg value github.com/yougotwill/session-website '{ key: $key, value: $value }'
+ writetaskstat input_repo_ref main
+ jq -nc --arg key input_repo_ref --arg value main '{ key: $key, value: $value }'
+ writetaskstat input_repo_path ./
+ jq -nc --arg key input_repo_path --arg value ./ '{ key: $key, value: $value }'
++ date -u +%Y-%m-%dT%H:%M:%SZ
+ writetaskstat timestamp_begin 2024-03-05T12:29:19Z
+ jq -nc --arg key timestamp_begin --arg value 2024-03-05T12:29:19Z '{ key: $key, value: $value }'
+ mkdir -p /tmp/twcr-c7fe036d14d0
/tmp/twcr-c7fe036d14d0 /twcr
+ pushd /tmp/twcr-c7fe036d14d0
+ '[' -d .git ']'
+ git clone --depth=1 -b main https://github.com/yougotwill/session-website.git .
Cloning into '.'...
++ date -u +%Y-%m-%dT%H:%M:%SZ
+ writetaskstat timestamp_git_clone_complete 2024-03-05T12:29:25Z
+ jq -nc --arg key timestamp_git_clone_complete --arg value 2024-03-05T12:29:25Z '{ key: $key, value: $value }'
++ git rev-parse HEAD
+ writetaskstat exec_repo_commit_sha 694245404ee879e47eeeb3ab14474d72463ae72b
+ jq -nc --arg key exec_repo_commit_sha --arg value 694245404ee879e47eeeb3ab14474d72463ae72b '{ key: $key, value: $value }'
+++ git show --no-patch --format=%ci
++ date -u --date '2024-02-12 17:22:28 +1100' +%Y-%m-%dT%H:%M:%SZ
+ writetaskstat exec_repo_commit_date 2024-02-12T06:22:28Z
+ jq -nc --arg key exec_repo_commit_date --arg value 2024-02-12T06:22:28Z '{ key: $key, value: $value }'
/tmp/twcr-c7fe036d14d0 /tmp/twcr-c7fe036d14d0 /twcr
+ '[' -z ./ ']'
+ pushd ./
+ tailwind_config_file_name=
+ '[' -f tailwind.config.js ']'
+ tailwind_config_file_name=tailwind.config.js
+ writetaskstat exec_tailwind_config_file tailwind.config.js
+ jq -nc --arg key exec_tailwind_config_file --arg value tailwind.config.js '{ key: $key, value: $value }'
+ cp tailwind.config.js /twcr/mnt/results/extract-raw-tailwind-config.js
+ '[' '!' -f package.json ']'
+ cp package.json /twcr/mnt/results/extract-raw-package.json
++ /twcr/worker/../worker/pm-detect.sh /tmp/twcr-c7fe036d14d0
+ package_manager_name=yarn
+ '[' -z yarn ']'
+ '[' -z yarn ']'
+ writetaskstat exec_node_package_manager yarn
+ jq -nc --arg key exec_node_package_manager --arg value yarn '{ key: $key, value: $value }'
+ attempt_mode=squash
+ true
++ date -u +%Y-%m-%dT%H:%M:%SZ
+ writetaskstat timestamp_attempt_squash_begin 2024-03-05T12:29:25Z
+ jq -nc --arg key timestamp_attempt_squash_begin --arg value 2024-03-05T12:29:25Z '{ key: $key, value: $value }'
+ [[ squash == \s\q\u\a\s\h ]]
+ set +e
+ node /twcr/worker/../worker/squash-package.mjs tailwind.config.js
+ exitcode=0
+ set -e
+ [[ 0 != \0 ]]
+ cat package.json
+ sed 's/^/>>> /'
>>> {
>>>   "name": "session-website",
>>>   "version": "0.1.0",
>>>   "license": "GPL-3.0-only",
>>>   "dependencies": {},
>>>   "devDependencies": {
>>>     "@tailwindcss/forms": "^0.3.3",
>>>     "tailwindcss": "^2.2.15",
>>>     "tailwindcss-selection-variant": "^0.1.0"
>>>   }
>>> }+ rm -f package-lock.json pnpm-lock.yaml yarn.lock
+ '[' ./ '!=' ./ ']'
+ set +e
+ /twcr/worker/../worker/pm-install.sh yarn /tmp/twcr-c7fe036d14d0 /twcr/mnt/results
+ package_manager_name=yarn
+ procdir=/tmp/twcr-c7fe036d14d0
+ datadir=/twcr/mnt/results
+ case "${package_manager_name}" in
+ '[' -z http://tid_59484521a36e:ok@172.18.0.2:3128 ']'
+ yarn config set httpProxy http://tid_59484521a36e:ok@172.18.0.2:3128
yarn config v1.22.19
success Set "httpProxy" to "http://tid_59484521a36e:ok@172.18.0.2:3128".
Done in 0.04s.
+ '[' -z http://tid_59484521a36e:ok@172.18.0.2:3128 ']'
+ yarn config set httpsProxy http://tid_59484521a36e:ok@172.18.0.2:3128
yarn config v1.22.19
success Set "httpsProxy" to "http://tid_59484521a36e:ok@172.18.0.2:3128".
Done in 0.04s.
+ yarn install
yarn install v1.22.19
info No lockfile found.
[1/4] Resolving packages...
(node:131) [DEP0040] DeprecationWarning: The `punycode` module is deprecated. Please use a userland alternative instead.
(Use `node --trace-deprecation ...` to show where the warning was created)
[2/4] Fetching packages...
[3/4] Linking dependencies...
warning " > tailwindcss@2.2.19" has unmet peer dependency "autoprefixer@^10.0.2".
warning " > tailwindcss@2.2.19" has unmet peer dependency "postcss@^8.0.9".
warning "tailwindcss > postcss-nested@5.0.6" has unmet peer dependency "postcss@^8.2.14".
[4/4] Building fresh packages...
Done in 8.07s.
+ yarn list --depth=0 --json --non-interactive --no-progress
+ jq -cr '
        [.. | .name?]
        | map(select(.))
        | map(capture("^(?<name>@?[^@]+)@(?<version>.+)$"))
        | sort_by(.name)[]'
{"type":"error","data":"No lockfile in this directory. Run `yarn install` to generate one."}
+ exitcode=1
+ set -e
+ [[ 1 != \0 ]]
+ [[ squash == \s\q\u\a\s\h ]]
+ echo '[worker] WARN: package manager failed; retrying with full install'
[worker] WARN: package manager failed; retrying with full install
+ attempt_mode=full
+ continue
+ true
++ date -u +%Y-%m-%dT%H:%M:%SZ
+ writetaskstat timestamp_attempt_full_begin 2024-03-05T12:29:34Z
+ jq -nc --arg key timestamp_attempt_full_begin --arg value 2024-03-05T12:29:34Z '{ key: $key, value: $value }'
+ [[ full == \s\q\u\a\s\h ]]
+ git clean -fdx
Removing node_modules/
+ git reset --hard
HEAD is now at 6942454 feat: added mastodon link to footer
+ set +e
+ /twcr/worker/../worker/pm-install.sh yarn /tmp/twcr-c7fe036d14d0 /twcr/mnt/results
+ package_manager_name=yarn
+ procdir=/tmp/twcr-c7fe036d14d0
+ datadir=/twcr/mnt/results
+ case "${package_manager_name}" in
+ '[' -z http://tid_59484521a36e:ok@172.18.0.2:3128 ']'
+ yarn config set httpProxy http://tid_59484521a36e:ok@172.18.0.2:3128
yarn config v1.22.19
success Set "httpProxy" to "http://tid_59484521a36e:ok@172.18.0.2:3128".
Done in 0.04s.
+ '[' -z http://tid_59484521a36e:ok@172.18.0.2:3128 ']'
+ yarn config set httpsProxy http://tid_59484521a36e:ok@172.18.0.2:3128
yarn config v1.22.19
success Set "httpsProxy" to "http://tid_59484521a36e:ok@172.18.0.2:3128".
Done in 0.04s.
+ yarn install
yarn install v1.22.19
[1/4] Resolving packages...
[2/4] Fetching packages...
(node:221) [DEP0040] DeprecationWarning: The `punycode` module is deprecated. Please use a userland alternative instead.
(Use `node --trace-deprecation ...` to show where the warning was created)
[3/4] Linking dependencies...
warning " > @newhighsco/next-plugin-svgr@3.0.30" has incorrect peer dependency "next@12.0.2".
warning "@newhighsco/next-plugin-svgr > file-loader@6.2.0" has unmet peer dependency "webpack@^4.0.0 || ^5.0.0".
warning "@newhighsco/next-plugin-svgr > url-loader@4.1.1" has unmet peer dependency "webpack@^4.0.0 || ^5.0.0".
warning "next > styled-jsx > @babel/plugin-syntax-jsx@7.14.5" has unmet peer dependency "@babel/core@^7.0.0-0".
[4/4] Building fresh packages...
Done in 68.31s.
+ yarn list --depth=0 --json --non-interactive --no-progress
+ jq -cr '
        [.. | .name?]
        | map(select(.))
        | map(capture("^(?<name>@?[^@]+)@(?<version>.+)$"))
        | sort_by(.name)[]'
+ exitcode=0
+ set -e
+ [[ 0 != \0 ]]
++ jq -sr 'map(select(.name == "tailwindcss")) | first | .version'
+ tailwind_package_version=2.2.15
+ tailwind_config_exporter=tailwind.config.exporter2.cjs
+ '[' -f node_modules/tailwindcss/lib/lib/load-config.js ']'
+ cp /twcr/worker/../worker/tailwind.config.exporter2.cjs ./
+ set +e
+ node ./tailwind.config.exporter2.cjs tailwind.config.js
+ exitcode=0
+ set -e
+ [[ 0 != \0 ]]
+ echo 'module.exports={plugins:['
+ jq -rs '
        map(select(.name | startswith("@tailwindcss/")))
        | map("require(" + ( .name | tojson ) + "),")[]
      '
+ grep -Ev '"@tailwindcss/postcss7-compat"'
+ echo ']}'
+ cat tailwind.config.js
+ sed 's/^/>>> /'
>>> module.exports={plugins:[
>>> require("@tailwindcss/forms"),
>>> ]}
+ node ./tailwind.config.exporter2.cjs tailwind.config.js
++ date -u +%Y-%m-%dT%H:%M:%SZ
+ writetaskstat timestamp_attempt_full_end 2024-03-05T12:30:45Z
+ jq -nc --arg key timestamp_attempt_full_end --arg value 2024-03-05T12:30:45Z '{ key: $key, value: $value }'
+ break
++ date -u +%Y-%m-%dT%H:%M:%SZ
+ writetaskstat timestamp_end 2024-03-05T12:30:45Z
+ jq -nc --arg key timestamp_end --arg value 2024-03-05T12:30:45Z '{ key: $key, value: $value }'
+ rm /twcr/mnt/results/extract-failed
+ touch /twcr/mnt/results/extract-completed
