==== RUN-DOCKER
+++ dirname -- ./worker/run.sh
++ cd -- ./worker
++ pwd
+ twcrdir=/twcr/worker/..
+ repo=github.com/Nutlope/next-blog
+ reporef=main
+ repopath=./
+ '[' true == true ']'
+ grep -q '^././'
++ echo github.com/Nutlope/next-blog
++ sha256sum
++ awk '{ print $1 }'
++ cut -c1-12
+ procdir=/tmp/twcr-d1914cca6016
++ echo 'github.com/Nutlope/next-blog;main;./'
++ sha256sum
++ awk '{ print $1 }'
++ cut -c1-12
+ datadir=/twcr/worker/../mnt/dataset/data/53af5dd97a87
+ '[' '!' -z /twcr/mnt/results ']'
+ datadir=/twcr/mnt/results
+ touch /twcr/mnt/results/extract-failed
++ base64
++ tr -d =
++ tr /+ _-
++ base64
++ tr -d =
++ tr /+ _-
+ writetaskstat analysis_key github.com/Nutlope/next-blog/bWFpbgo/Li8K
+ jq -nc --arg key analysis_key --arg value github.com/Nutlope/next-blog/bWFpbgo/Li8K '{ key: $key, value: $value }'
++ date -u +%Y%m%d%H%M%S
++ sha256sum
++ awk '{ print $1 }'
++ cut -c1-16
++ head -c 32 /dev/urandom
+ writetaskstat analysis_nonce fc05fda886202e1a
+ jq -nc --arg key analysis_nonce --arg value fc05fda886202e1a '{ key: $key, value: $value }'
+ writetaskstat input_repo_name github.com/Nutlope/next-blog
+ jq -nc --arg key input_repo_name --arg value github.com/Nutlope/next-blog '{ key: $key, value: $value }'
+ writetaskstat input_repo_ref main
+ jq -nc --arg key input_repo_ref --arg value main '{ key: $key, value: $value }'
+ writetaskstat input_repo_path ./
+ jq -nc --arg key input_repo_path --arg value ./ '{ key: $key, value: $value }'
++ date -u +%Y-%m-%dT%H:%M:%SZ
+ writetaskstat timestamp_begin 2024-03-04T11:36:37Z
+ jq -nc --arg key timestamp_begin --arg value 2024-03-04T11:36:37Z '{ key: $key, value: $value }'
+ mkdir -p /tmp/twcr-d1914cca6016
+ pushd /tmp/twcr-d1914cca6016
+ '[' -d .git ']'
+ git clone --depth=1 -b main https://github.com/Nutlope/next-blog.git .
/tmp/twcr-d1914cca6016 /twcr
Cloning into '.'...
++ date -u +%Y-%m-%dT%H:%M:%SZ
+ writetaskstat timestamp_git_clone_complete 2024-03-04T11:36:38Z
+ jq -nc --arg key timestamp_git_clone_complete --arg value 2024-03-04T11:36:38Z '{ key: $key, value: $value }'
++ git rev-parse HEAD
+ writetaskstat exec_repo_commit_sha facf1741ad693b08fd71131eaf2886bd6a7b2af2
+ jq -nc --arg key exec_repo_commit_sha --arg value facf1741ad693b08fd71131eaf2886bd6a7b2af2 '{ key: $key, value: $value }'
+++ git show --no-patch --format=%ci
++ date -u --date '2023-01-02 21:19:02 -0500' +%Y-%m-%dT%H:%M:%SZ
+ writetaskstat exec_repo_commit_date 2023-01-03T02:19:02Z
+ jq -nc --arg key exec_repo_commit_date --arg value 2023-01-03T02:19:02Z '{ key: $key, value: $value }'
/tmp/twcr-d1914cca6016 /tmp/twcr-d1914cca6016 /twcr
+ '[' -z ./ ']'
+ pushd ./
+ tailwind_config_file_name=
+ '[' -f tailwind.config.js ']'
+ tailwind_config_file_name=tailwind.config.js
+ writetaskstat exec_tailwind_config_file tailwind.config.js
+ jq -nc --arg key exec_tailwind_config_file --arg value tailwind.config.js '{ key: $key, value: $value }'
+ cp tailwind.config.js /twcr/mnt/results/extract-raw-tailwind-config.js
+ '[' '!' -f package.json ']'
+ cp package.json /twcr/mnt/results/extract-raw-package.json
++ /twcr/worker/../worker/pm-detect.sh /tmp/twcr-d1914cca6016
+ package_manager_name=
+ '[' -z '' ']'
+ '[' ./ '!=' ./ ']'
+ '[' -z '' ']'
+ package_manager_name=npm
+ writetaskstat exec_node_package_manager npm
+ jq -nc --arg key exec_node_package_manager --arg value npm '{ key: $key, value: $value }'
+ attempt_mode=squash
+ true
++ date -u +%Y-%m-%dT%H:%M:%SZ
+ writetaskstat timestamp_attempt_squash_begin 2024-03-04T11:36:39Z
+ jq -nc --arg key timestamp_attempt_squash_begin --arg value 2024-03-04T11:36:39Z '{ key: $key, value: $value }'
+ [[ squash == \s\q\u\a\s\h ]]
+ set +e
+ node /twcr/worker/../worker/squash-package.mjs tailwind.config.js
+ exitcode=0
+ set -e
+ [[ 0 != \0 ]]
+ cat package.json
+ sed 's/^/>>> /'
>>> {
>>>   "name": "tailwind-nextjs-starter-blog",
>>>   "version": "1.1.2",
>>>   "private": true,
>>>   "dependencies": {
>>>     "@tailwindcss/forms": "^0.3.2",
>>>     "@tailwindcss/typography": "^0.4.0",
>>>     "tailwindcss": "^2.2.2"
>>>   },
>>>   "devDependencies": {},
>>>   "lint-staged": {
>>>     "*.+(js|jsx|ts|tsx)": [
>>>       "eslint --fix"
>>>     ],
>>>     "*.+(js|jsx|ts|tsx|json|css|md|mdx)": [
>>>       "prettier --write"
>>>     ]
>>>   }
>>> }+ rm -f package-lock.json pnpm-lock.yaml yarn.lock
+ '[' ./ '!=' ./ ']'
+ set +e
+ /twcr/worker/../worker/pm-install.sh npm /tmp/twcr-d1914cca6016 /twcr/mnt/results
+ package_manager_name=npm
+ procdir=/tmp/twcr-d1914cca6016
+ datadir=/twcr/mnt/results
+ case "${package_manager_name}" in
++ '[' -f package-lock.json ']'
++ echo install
+ npm install --ignore-engines

added 149 packages, and audited 150 packages in 6s

28 packages are looking for funding
  run `npm fund` for details

found 0 vulnerabilities
npm notice 
npm notice New minor version of npm available! 10.2.4 -> 10.5.0
npm notice Changelog: <https://github.com/npm/cli/releases/tag/v10.5.0>
npm notice Run `npm install -g npm@10.5.0` to update!
npm notice 
+ npm query '*'
+ jq -cr '
        map({ name: .name, version: .version })
        | map(select(.name))
        | sort_by(.name)[]
      '
+ exitcode=0
+ set -e
+ [[ 0 != \0 ]]
++ jq -sr 'map(select(.name == "tailwindcss")) | first | .version'
+ tailwind_package_version=2.2.19
+ tailwind_config_exporter=tailwind.config.exporter2.cjs
+ '[' -f node_modules/tailwindcss/lib/lib/load-config.js ']'
+ cp /twcr/worker/../worker/tailwind.config.exporter2.cjs ./
+ set +e
+ node ./tailwind.config.exporter2.cjs tailwind.config.js
+ exitcode=0
+ set -e
+ [[ 0 != \0 ]]
+ echo 'module.exports={plugins:['
+ jq -rs '
        map(select(.name | startswith("@tailwindcss/")))
        | map("require(" + ( .name | tojson ) + "),")[]
      '
+ grep -Ev '"@tailwindcss/postcss7-compat"'
+ echo ']}'
+ cat tailwind.config.js
+ sed 's/^/>>> /'
>>> module.exports={plugins:[
>>> require("@tailwindcss/forms"),
>>> require("@tailwindcss/typography"),
>>> ]}
+ node ./tailwind.config.exporter2.cjs tailwind.config.js
++ date -u +%Y-%m-%dT%H:%M:%SZ
+ writetaskstat timestamp_attempt_squash_end 2024-03-04T11:36:46Z
+ jq -nc --arg key timestamp_attempt_squash_end --arg value 2024-03-04T11:36:46Z '{ key: $key, value: $value }'
+ break
++ date -u +%Y-%m-%dT%H:%M:%SZ
+ writetaskstat timestamp_end 2024-03-04T11:36:46Z
+ jq -nc --arg key timestamp_end --arg value 2024-03-04T11:36:46Z '{ key: $key, value: $value }'
+ rm /twcr/mnt/results/extract-failed
+ touch /twcr/mnt/results/extract-completed
