==== RUN-DOCKER
+++ dirname -- ./worker/run.sh
++ cd -- ./worker
++ pwd
+ twcrdir=/twcr/worker/..
+ repo=github.com/arkemishub/form
+ reporef=main
+ repopath=./apps/docs
+ '[' true == true ']'
+ grep -q '^././'
++ echo github.com/arkemishub/form
++ sha256sum
++ awk '{ print $1 }'
++ cut -c1-12
+ procdir=/tmp/twcr-42df9a3c03dd
++ echo 'github.com/arkemishub/form;main;./apps/docs'
++ sha256sum
++ awk '{ print $1 }'
++ cut -c1-12
+ datadir=/twcr/worker/../mnt/dataset/data/abb996ec6d62
+ '[' '!' -z /twcr/mnt/results ']'
+ datadir=/twcr/mnt/results
+ touch /twcr/mnt/results/extract-failed
++ base64
++ tr -d =
++ tr /+ _-
++ base64
++ tr -d =
++ tr /+ _-
+ writetaskstat analysis_key github.com/arkemishub/form/bWFpbgo/Li9hcHBzL2RvY3MK
+ jq -nc --arg key analysis_key --arg value github.com/arkemishub/form/bWFpbgo/Li9hcHBzL2RvY3MK '{ key: $key, value: $value }'
++ date -u +%Y%m%d%H%M%S
++ sha256sum
++ awk '{ print $1 }'
++ cut -c1-16
++ head -c 32 /dev/urandom
+ writetaskstat analysis_nonce 5cfd5a5cfc7421b2
+ jq -nc --arg key analysis_nonce --arg value 5cfd5a5cfc7421b2 '{ key: $key, value: $value }'
+ writetaskstat input_repo_name github.com/arkemishub/form
+ jq -nc --arg key input_repo_name --arg value github.com/arkemishub/form '{ key: $key, value: $value }'
+ writetaskstat input_repo_ref main
+ jq -nc --arg key input_repo_ref --arg value main '{ key: $key, value: $value }'
+ writetaskstat input_repo_path ./apps/docs
+ jq -nc --arg key input_repo_path --arg value ./apps/docs '{ key: $key, value: $value }'
++ date -u +%Y-%m-%dT%H:%M:%SZ
+ writetaskstat timestamp_begin 2024-03-04T11:13:48Z
+ jq -nc --arg key timestamp_begin --arg value 2024-03-04T11:13:48Z '{ key: $key, value: $value }'
+ mkdir -p /tmp/twcr-42df9a3c03dd
+ pushd /tmp/twcr-42df9a3c03dd
+ '[' -d .git ']'
+ git clone --depth=1 -b main https://github.com/arkemishub/form.git .
/tmp/twcr-42df9a3c03dd /twcr
Cloning into '.'...
++ date -u +%Y-%m-%dT%H:%M:%SZ
+ writetaskstat timestamp_git_clone_complete 2024-03-04T11:13:49Z
+ jq -nc --arg key timestamp_git_clone_complete --arg value 2024-03-04T11:13:49Z '{ key: $key, value: $value }'
++ git rev-parse HEAD
+ writetaskstat exec_repo_commit_sha 58193755432045655d392142295990656e415f7a
+ jq -nc --arg key exec_repo_commit_sha --arg value 58193755432045655d392142295990656e415f7a '{ key: $key, value: $value }'
+++ git show --no-patch --format=%ci
++ date -u --date '2024-03-01 11:18:20 +0100' +%Y-%m-%dT%H:%M:%SZ
+ writetaskstat exec_repo_commit_date 2024-03-01T10:18:20Z
+ jq -nc --arg key exec_repo_commit_date --arg value 2024-03-01T10:18:20Z '{ key: $key, value: $value }'
/tmp/twcr-42df9a3c03dd/apps/docs /tmp/twcr-42df9a3c03dd /twcr
+ '[' -z ./apps/docs ']'
+ pushd ./apps/docs
+ tailwind_config_file_name=
+ '[' -f tailwind.config.js ']'
+ tailwind_config_file_name=tailwind.config.js
+ writetaskstat exec_tailwind_config_file tailwind.config.js
+ jq -nc --arg key exec_tailwind_config_file --arg value tailwind.config.js '{ key: $key, value: $value }'
+ cp tailwind.config.js /twcr/mnt/results/extract-raw-tailwind-config.js
+ '[' '!' -f package.json ']'
+ cp package.json /twcr/mnt/results/extract-raw-package.json
++ /twcr/worker/../worker/pm-detect.sh /tmp/twcr-42df9a3c03dd/apps/docs
+ package_manager_name=
+ '[' -z '' ']'
+ '[' ./apps/docs '!=' ./ ']'
++ /twcr/worker/../worker/pm-detect.sh /tmp/twcr-42df9a3c03dd
+ package_manager_name=pnpm
+ '[' -z pnpm ']'
+ writetaskstat exec_node_package_manager pnpm
+ jq -nc --arg key exec_node_package_manager --arg value pnpm '{ key: $key, value: $value }'
+ attempt_mode=squash
+ true
++ date -u +%Y-%m-%dT%H:%M:%SZ
+ writetaskstat timestamp_attempt_squash_begin 2024-03-04T11:13:49Z
+ jq -nc --arg key timestamp_attempt_squash_begin --arg value 2024-03-04T11:13:49Z '{ key: $key, value: $value }'
+ [[ squash == \s\q\u\a\s\h ]]
+ set +e
+ node /twcr/worker/../worker/squash-package.mjs tailwind.config.js
+ exitcode=0
+ set -e
+ [[ 0 != \0 ]]
+ cat package.json
+ sed 's/^/>>> /'
+ rm -f package-lock.json pnpm-lock.yaml yarn.lock
>>> {
>>>   "name": "docs",
>>>   "version": "1.0.0",
>>>   "private": true,
>>>   "dependencies": {
>>>     "@arkejs/ui": "^0.28.4"
>>>   },
>>>   "devDependencies": {
>>>     "tailwindcss": "^3.3.3"
>>>   }
>>> }+ '[' ./apps/docs '!=' ./ ']'
+ rm -f /tmp/twcr-42df9a3c03dd/package.json /tmp/twcr-42df9a3c03dd/package-lock.json /tmp/twcr-42df9a3c03dd/pnpm-lock.yaml /tmp/twcr-42df9a3c03dd/yarn.lock
+ set +e
+ /twcr/worker/../worker/pm-install.sh pnpm /tmp/twcr-42df9a3c03dd /twcr/mnt/results
+ package_manager_name=pnpm
+ procdir=/tmp/twcr-42df9a3c03dd
+ datadir=/twcr/mnt/results
+ case "${package_manager_name}" in
+ '[' '!' -f /tmp/twcr-42df9a3c03dd/package.json ']'
+ '[' '!' -f package.json ']'
++ pnpm -v
+ sed -Ei 's/("pnpm": ")(.+)(")/\18.15.4\3/' package.json
+ pnpm install
Scope: all 3 workspace projects
../..                                    | Progress: resolved 1, reused 0, downloaded 0, added 0
../..                                    | Progress: resolved 20, reused 0, downloaded 14, added 0
../..                                    | Progress: resolved 36, reused 0, downloaded 32, added 0
../..                                    | Progress: resolved 64, reused 0, downloaded 61, added 0
../..                                    | Progress: resolved 93, reused 0, downloaded 82, added 0
../..                                    | Progress: resolved 122, reused 0, downloaded 108, added 0
../..                                    | Progress: resolved 154, reused 0, downloaded 138, added 0
../..                                    | Progress: resolved 175, reused 0, downloaded 161, added 0
../..                                    | Progress: resolved 208, reused 0, downloaded 191, added 0
../..                                    | Progress: resolved 241, reused 0, downloaded 218, added 0
../..                                    | Progress: resolved 275, reused 0, downloaded 255, added 0
../..                                    | Progress: resolved 312, reused 0, downloaded 286, added 0
../..                                    | Progress: resolved 351, reused 0, downloaded 319, added 0
../..                                    | Progress: resolved 387, reused 0, downloaded 359, added 0
../..                                    | Progress: resolved 426, reused 0, downloaded 393, added 0
../..                                    | Progress: resolved 465, reused 0, downloaded 427, added 0
../..                                    | Progress: resolved 501, reused 0, downloaded 460, added 0
../..                                    | Progress: resolved 541, reused 0, downloaded 496, added 0
../..                                    | Progress: resolved 580, reused 0, downloaded 535, added 0
../..                                    | Progress: resolved 616, reused 0, downloaded 556, added 0
../..                                    | Progress: resolved 680, reused 0, downloaded 588, added 0
../..                                    | Progress: resolved 716, reused 0, downloaded 624, added 0
../..                                    | Progress: resolved 755, reused 0, downloaded 661, added 0
../..                                    | Progress: resolved 792, reused 0, downloaded 697, added 0
../..                                    | Progress: resolved 839, reused 0, downloaded 739, added 0
../..                                    | Progress: resolved 871, reused 0, downloaded 775, added 0
../..                                    | Progress: resolved 909, reused 0, downloaded 807, added 0
../..                                    | Progress: resolved 926, reused 0, downloaded 815, added 0
../..                                    | Progress: resolved 967, reused 0, downloaded 854, added 0
../..                                    | Progress: resolved 1004, reused 0, downloaded 893, added 0
../..                                    | Progress: resolved 1045, reused 0, downloaded 938, added 0
../..                                    | Progress: resolved 1087, reused 0, downloaded 970, added 0
../..                                    | Progress: resolved 1125, reused 0, downloaded 1007, added 0
../..                                    | Progress: resolved 1157, reused 0, downloaded 1054, added 0
 WARN  2 deprecated subdependencies found: abab@2.0.6, domexception@4.0.0
../..                                    | Progress: resolved 1159, reused 0, downloaded 1104, added 0
../..                                    | Progress: resolved 1159, reused 0, downloaded 1115, added 0
../..                                    | Progress: resolved 1159, reused 0, downloaded 1116, added 0

../..                                    |    +1175 ++++++++++++++++++++++++++++
../..                                    | Progress: resolved 1159, reused 0, downloaded 1116, added 1175
../..                                    | Progress: resolved 1159, reused 0, downloaded 1116, added 1175, done
../../node_modules/esbuild postinstall$ node install.js
.../ts-jest/node_modules/esbuild postinstall$ node install.js
../../node_modules/esbuild postinstall: Done
.../ts-jest/node_modules/esbuild postinstall: Done
Done in 38.7s
+ pnpm ls --json
+ jq -cr '
        .[]
        | [.dependencies, .devDependencies, .optionalDependencies]
        | map(select(.))[]
        | to_entries
        | map({ name: .key, version: .value.version })
        | sort_by(.name)[]
      '
+ exitcode=0
+ set -e
+ [[ 0 != \0 ]]
++ jq -sr 'map(select(.name == "tailwindcss")) | first | .version'
+ tailwind_package_version=3.4.1
+ tailwind_config_exporter=tailwind.config.exporter2.cjs
+ '[' -f node_modules/tailwindcss/lib/lib/load-config.js ']'
+ cp /twcr/worker/../worker/tailwind.config.exporter2.cjs ./
+ set +e
+ node ./tailwind.config.exporter2.cjs tailwind.config.js
+ exitcode=0
+ set -e
+ [[ 0 != \0 ]]
+ echo 'module.exports={plugins:['
+ jq -rs '
        map(select(.name | startswith("@tailwindcss/")))
        | map("require(" + ( .name | tojson ) + "),")[]
      '
+ grep -Ev '"@tailwindcss/postcss7-compat"'
+ true
+ echo ']}'
+ cat tailwind.config.js
+ sed 's/^/>>> /'
>>> module.exports={plugins:[
>>> ]}
+ node ./tailwind.config.exporter2.cjs tailwind.config.js
++ date -u +%Y-%m-%dT%H:%M:%SZ
+ writetaskstat timestamp_attempt_squash_end 2024-03-04T11:14:30Z
+ jq -nc --arg key timestamp_attempt_squash_end --arg value 2024-03-04T11:14:30Z '{ key: $key, value: $value }'
+ break
++ date -u +%Y-%m-%dT%H:%M:%SZ
+ writetaskstat timestamp_end 2024-03-04T11:14:30Z
+ jq -nc --arg key timestamp_end --arg value 2024-03-04T11:14:30Z '{ key: $key, value: $value }'
+ rm /twcr/mnt/results/extract-failed
+ touch /twcr/mnt/results/extract-completed
