==== RUN-DOCKER
+++ dirname -- ./worker/run.sh
++ cd -- ./worker
++ pwd
+ twcrdir=/twcr/worker/..
+ repo=github.com/coderinblack08/presage
+ reporef=staging
+ repopath=./apps/web
+ '[' true == true ']'
+ grep -q '^././'
++ echo github.com/coderinblack08/presage
++ sha256sum
++ awk '{ print $1 }'
++ cut -c1-12
+ procdir=/tmp/twcr-9354d81463b1
++ echo 'github.com/coderinblack08/presage;staging;./apps/web'
++ sha256sum
++ awk '{ print $1 }'
++ cut -c1-12
+ datadir=/twcr/worker/../mnt/dataset/data/75f3dd15487d
+ '[' '!' -z /twcr/mnt/results ']'
+ datadir=/twcr/mnt/results
+ touch /twcr/mnt/results/extract-failed
++ base64
++ tr -d =
++ tr /+ _-
++ base64
++ tr -d =
++ tr /+ _-
+ writetaskstat analysis_key github.com/coderinblack08/presage/c3RhZ2luZwo/Li9hcHBzL3dlYgo
+ jq -nc --arg key analysis_key --arg value github.com/coderinblack08/presage/c3RhZ2luZwo/Li9hcHBzL3dlYgo '{ key: $key, value: $value }'
++ date -u +%Y%m%d%H%M%S
++ sha256sum
++ awk '{ print $1 }'
++ cut -c1-16
++ head -c 32 /dev/urandom
+ writetaskstat analysis_nonce 210d33eba7f1f78b
+ jq -nc --arg key analysis_nonce --arg value 210d33eba7f1f78b '{ key: $key, value: $value }'
+ writetaskstat input_repo_name github.com/coderinblack08/presage
+ jq -nc --arg key input_repo_name --arg value github.com/coderinblack08/presage '{ key: $key, value: $value }'
+ writetaskstat input_repo_ref staging
+ jq -nc --arg key input_repo_ref --arg value staging '{ key: $key, value: $value }'
+ writetaskstat input_repo_path ./apps/web
+ jq -nc --arg key input_repo_path --arg value ./apps/web '{ key: $key, value: $value }'
++ date -u +%Y-%m-%dT%H:%M:%SZ
+ writetaskstat timestamp_begin 2024-03-05T03:15:17Z
+ jq -nc --arg key timestamp_begin --arg value 2024-03-05T03:15:17Z '{ key: $key, value: $value }'
+ mkdir -p /tmp/twcr-9354d81463b1
+ pushd /tmp/twcr-9354d81463b1
+ '[' -d .git ']'
+ git clone --depth=1 -b staging https://github.com/coderinblack08/presage.git .
/tmp/twcr-9354d81463b1 /twcr
Cloning into '.'...
++ date -u +%Y-%m-%dT%H:%M:%SZ
+ writetaskstat timestamp_git_clone_complete 2024-03-05T03:15:18Z
+ jq -nc --arg key timestamp_git_clone_complete --arg value 2024-03-05T03:15:18Z '{ key: $key, value: $value }'
++ git rev-parse HEAD
+ writetaskstat exec_repo_commit_sha a3f6d7fcd58b9707708b1e483a659b0fad89b4a0
+ jq -nc --arg key exec_repo_commit_sha --arg value a3f6d7fcd58b9707708b1e483a659b0fad89b4a0 '{ key: $key, value: $value }'
+++ git show --no-patch --format=%ci
++ date -u --date '2022-08-03 00:32:42 -0700' +%Y-%m-%dT%H:%M:%SZ
+ writetaskstat exec_repo_commit_date 2022-08-03T07:32:42Z
+ jq -nc --arg key exec_repo_commit_date --arg value 2022-08-03T07:32:42Z '{ key: $key, value: $value }'
/tmp/twcr-9354d81463b1/apps/web /tmp/twcr-9354d81463b1 /twcr
+ '[' -z ./apps/web ']'
+ pushd ./apps/web
+ tailwind_config_file_name=
+ '[' -f tailwind.config.js ']'
+ tailwind_config_file_name=tailwind.config.js
+ writetaskstat exec_tailwind_config_file tailwind.config.js
+ jq -nc --arg key exec_tailwind_config_file --arg value tailwind.config.js '{ key: $key, value: $value }'
+ cp tailwind.config.js /twcr/mnt/results/extract-raw-tailwind-config.js
+ '[' '!' -f package.json ']'
+ cp package.json /twcr/mnt/results/extract-raw-package.json
++ /twcr/worker/../worker/pm-detect.sh /tmp/twcr-9354d81463b1/apps/web
+ package_manager_name=
+ '[' -z '' ']'
+ '[' ./apps/web '!=' ./ ']'
++ /twcr/worker/../worker/pm-detect.sh /tmp/twcr-9354d81463b1
+ package_manager_name=yarn
+ '[' -z yarn ']'
+ writetaskstat exec_node_package_manager yarn
+ jq -nc --arg key exec_node_package_manager --arg value yarn '{ key: $key, value: $value }'
+ attempt_mode=squash
+ true
++ date -u +%Y-%m-%dT%H:%M:%SZ
+ writetaskstat timestamp_attempt_squash_begin 2024-03-05T03:15:18Z
+ jq -nc --arg key timestamp_attempt_squash_begin --arg value 2024-03-05T03:15:18Z '{ key: $key, value: $value }'
+ [[ squash == \s\q\u\a\s\h ]]
+ set +e
+ node /twcr/worker/../worker/squash-package.mjs tailwind.config.js
+ exitcode=0
+ set -e
+ [[ 0 != \0 ]]
+ cat package.json
+ sed 's/^/>>> /'
>>> {
>>>   "name": "web",
>>>   "version": "0.0.0",
>>>   "private": true,
>>>   "dependencies": {},
>>>   "devDependencies": {
>>>     "tailwind-config": "*"
>>>   },
>>>   "resolutions": {
>>>     "@types/react": "^18.0.15",
>>>     "@types/react-dom": "^18.0.6"
>>>   }
>>> }+ rm -f package-lock.json pnpm-lock.yaml yarn.lock
+ '[' ./apps/web '!=' ./ ']'
+ rm -f /tmp/twcr-9354d81463b1/package.json /tmp/twcr-9354d81463b1/package-lock.json /tmp/twcr-9354d81463b1/pnpm-lock.yaml /tmp/twcr-9354d81463b1/yarn.lock
+ set +e
+ /twcr/worker/../worker/pm-install.sh yarn /tmp/twcr-9354d81463b1 /twcr/mnt/results
+ package_manager_name=yarn
+ procdir=/tmp/twcr-9354d81463b1
+ datadir=/twcr/mnt/results
+ case "${package_manager_name}" in
+ '[' -z http://tid_8c4ba7492baa:ok@172.18.0.2:3128 ']'
+ yarn config set httpProxy http://tid_8c4ba7492baa:ok@172.18.0.2:3128
yarn config v1.22.19
success Set "httpProxy" to "http://tid_8c4ba7492baa:ok@172.18.0.2:3128".
Done in 0.05s.
+ '[' -z http://tid_8c4ba7492baa:ok@172.18.0.2:3128 ']'
+ yarn config set httpsProxy http://tid_8c4ba7492baa:ok@172.18.0.2:3128
yarn config v1.22.19
success Set "httpsProxy" to "http://tid_8c4ba7492baa:ok@172.18.0.2:3128".
Done in 0.06s.
+ yarn install
yarn install v1.22.19
info No lockfile found.
[1/4] Resolving packages...
(node:145) [DEP0040] DeprecationWarning: The `punycode` module is deprecated. Please use a userland alternative instead.
(Use `node --trace-deprecation ...` to show where the warning was created)
[2/4] Fetching packages...
[3/4] Linking dependencies...
[4/4] Building fresh packages...
success Saved lockfile.
Done in 1.56s.
+ yarn list --depth=0 --json --non-interactive --no-progress
+ jq -cr '
        [.. | .name?]
        | map(select(.))
        | map(capture("^(?<name>@?[^@]+)@(?<version>.+)$"))
        | sort_by(.name)[]'
+ exitcode=0
+ set -e
+ [[ 0 != \0 ]]
++ jq -sr 'map(select(.name == "tailwindcss")) | first | .version'
+ tailwind_package_version=null
+ tailwind_config_exporter=tailwind.config.exporter2.cjs
+ '[' -f node_modules/tailwindcss/lib/lib/load-config.js ']'
+ cp /twcr/worker/../worker/tailwind.config.exporter2.cjs ./
+ set +e
+ node ./tailwind.config.exporter2.cjs tailwind.config.js
node:internal/modules/cjs/loader:1152
  throw err;
  ^

Error: Cannot find module 'tailwindcss/resolveConfig.js'
Require stack:
- /tmp/twcr-9354d81463b1/apps/web/tailwind.config.exporter2.cjs
    at Module._resolveFilename (node:internal/modules/cjs/loader:1149:15)
    at Module._load (node:internal/modules/cjs/loader:990:27)
    at Module.require (node:internal/modules/cjs/loader:1237:19)
    at require (node:internal/modules/helpers:176:18)
    at Object.<anonymous> (/tmp/twcr-9354d81463b1/apps/web/tailwind.config.exporter2.cjs:1:23)
    at Module._compile (node:internal/modules/cjs/loader:1378:14)
    at Module._extensions..js (node:internal/modules/cjs/loader:1437:10)
    at Module.load (node:internal/modules/cjs/loader:1212:32)
    at Module._load (node:internal/modules/cjs/loader:1028:12)
    at Function.executeUserEntryPoint [as runMain] (node:internal/modules/run_main:142:12) {
  code: 'MODULE_NOT_FOUND',
  requireStack: [ '/tmp/twcr-9354d81463b1/apps/web/tailwind.config.exporter2.cjs' ]
}

Node.js v21.6.2
+ exitcode=1
+ set -e
+ [[ 1 != \0 ]]
+ [[ squash == \s\q\u\a\s\h ]]
+ echo '[worker] WARN: exporter failed; retrying with full install'
[worker] WARN: exporter failed; retrying with full install
+ attempt_mode=full
+ continue
+ true
++ date -u +%Y-%m-%dT%H:%M:%SZ
+ writetaskstat timestamp_attempt_full_begin 2024-03-05T03:15:21Z
+ jq -nc --arg key timestamp_attempt_full_begin --arg value 2024-03-05T03:15:21Z '{ key: $key, value: $value }'
+ [[ full == \s\q\u\a\s\h ]]
+ git clean -fdx
Removing node_modules/
Removing tailwind.config.exporter2.cjs
Removing yarn.lock
+ git reset --hard
HEAD is now at a3f6d7f feat: reactions
+ set +e
+ /twcr/worker/../worker/pm-install.sh yarn /tmp/twcr-9354d81463b1 /twcr/mnt/results
+ package_manager_name=yarn
+ procdir=/tmp/twcr-9354d81463b1
+ datadir=/twcr/mnt/results
+ case "${package_manager_name}" in
+ '[' -z http://tid_8c4ba7492baa:ok@172.18.0.2:3128 ']'
+ yarn config set httpProxy http://tid_8c4ba7492baa:ok@172.18.0.2:3128
yarn config v1.22.19
success Set "httpProxy" to "http://tid_8c4ba7492baa:ok@172.18.0.2:3128".
Done in 0.04s.
+ '[' -z http://tid_8c4ba7492baa:ok@172.18.0.2:3128 ']'
+ yarn config set httpsProxy http://tid_8c4ba7492baa:ok@172.18.0.2:3128
yarn config v1.22.19
success Set "httpsProxy" to "http://tid_8c4ba7492baa:ok@172.18.0.2:3128".
Done in 0.05s.
+ yarn install
yarn install v1.22.19
[1/5] Validating package.json...
[2/5] Resolving packages...
[3/5] Fetching packages...
(node:245) [DEP0040] DeprecationWarning: The `punycode` module is deprecated. Please use a userland alternative instead.
(Use `node --trace-deprecation ...` to show where the warning was created)
error next-auth@4.10.2: The engine "node" is incompatible with this module. Expected version "^12.19.0 || ^14.15.0 || ^16.13.0". Got "21.6.2"
error Found incompatible module.
info Visit https://yarnpkg.com/en/docs/cli/install for documentation about this command.
+ exitcode=1
+ set -e
+ [[ 1 != \0 ]]
+ [[ full == \s\q\u\a\s\h ]]
+ exit 1
