==== RUN-DOCKER
+++ dirname -- ./worker/run.sh
++ cd -- ./worker
++ pwd
+ twcrdir=/twcr/worker/..
+ repo=github.com/hannansatopay/devstar
+ reporef=main
+ repopath=./
+ '[' true == true ']'
+ grep -q '^././'
++ echo github.com/hannansatopay/devstar
++ sha256sum
++ awk '{ print $1 }'
++ cut -c1-12
+ procdir=/tmp/twcr-5d98d990f96c
++ echo 'github.com/hannansatopay/devstar;main;./'
++ sha256sum
++ awk '{ print $1 }'
++ cut -c1-12
+ datadir=/twcr/worker/../mnt/dataset/data/3fb3d8f5889c
+ '[' '!' -z /twcr/mnt/results ']'
+ datadir=/twcr/mnt/results
+ touch /twcr/mnt/results/extract-failed
++ base64
++ tr -d =
++ tr /+ _-
++ base64
++ tr -d =
++ tr /+ _-
+ writetaskstat analysis_key github.com/hannansatopay/devstar/bWFpbgo/Li8K
+ jq -nc --arg key analysis_key --arg value github.com/hannansatopay/devstar/bWFpbgo/Li8K '{ key: $key, value: $value }'
++ date -u +%Y%m%d%H%M%S
++ sha256sum
++ awk '{ print $1 }'
++ cut -c1-16
++ head -c 32 /dev/urandom
+ writetaskstat analysis_nonce cc731e75c42e0ad6
+ jq -nc --arg key analysis_nonce --arg value cc731e75c42e0ad6 '{ key: $key, value: $value }'
+ writetaskstat input_repo_name github.com/hannansatopay/devstar
+ jq -nc --arg key input_repo_name --arg value github.com/hannansatopay/devstar '{ key: $key, value: $value }'
+ writetaskstat input_repo_ref main
+ jq -nc --arg key input_repo_ref --arg value main '{ key: $key, value: $value }'
+ writetaskstat input_repo_path ./
+ jq -nc --arg key input_repo_path --arg value ./ '{ key: $key, value: $value }'
++ date -u +%Y-%m-%dT%H:%M:%SZ
+ writetaskstat timestamp_begin 2024-03-04T10:10:57Z
+ jq -nc --arg key timestamp_begin --arg value 2024-03-04T10:10:57Z '{ key: $key, value: $value }'
+ mkdir -p /tmp/twcr-5d98d990f96c
+ pushd /tmp/twcr-5d98d990f96c
+ '[' -d .git ']'
+ git clone --depth=1 -b main https://github.com/hannansatopay/devstar.git .
/tmp/twcr-5d98d990f96c /twcr
Cloning into '.'...
++ date -u +%Y-%m-%dT%H:%M:%SZ
+ writetaskstat timestamp_git_clone_complete 2024-03-04T10:10:58Z
+ jq -nc --arg key timestamp_git_clone_complete --arg value 2024-03-04T10:10:58Z '{ key: $key, value: $value }'
++ git rev-parse HEAD
+ writetaskstat exec_repo_commit_sha 135936f8e54f9800d23f47ff1a9cbd57df6796e0
+ jq -nc --arg key exec_repo_commit_sha --arg value 135936f8e54f9800d23f47ff1a9cbd57df6796e0 '{ key: $key, value: $value }'
+++ git show --no-patch --format=%ci
++ date -u --date '2023-10-31 09:37:00 +0530' +%Y-%m-%dT%H:%M:%SZ
+ writetaskstat exec_repo_commit_date 2023-10-31T04:07:00Z
+ jq -nc --arg key exec_repo_commit_date --arg value 2023-10-31T04:07:00Z '{ key: $key, value: $value }'
+ '[' -z ./ ']'
+ pushd ./
+ tailwind_config_file_name=
+ '[' -f tailwind.config.js ']'
+ '[' -f tailwind.config.cjs ']'
+ tailwind_config_file_name=tailwind.config.cjs
+ writetaskstat exec_tailwind_config_file tailwind.config.cjs
+ jq -nc --arg key exec_tailwind_config_file --arg value tailwind.config.cjs '{ key: $key, value: $value }'
/tmp/twcr-5d98d990f96c /tmp/twcr-5d98d990f96c /twcr
+ cp tailwind.config.cjs /twcr/mnt/results/extract-raw-tailwind-config.js
+ '[' '!' -f package.json ']'
+ cp package.json /twcr/mnt/results/extract-raw-package.json
++ /twcr/worker/../worker/pm-detect.sh /tmp/twcr-5d98d990f96c
+ package_manager_name=pnpm
+ '[' -z pnpm ']'
+ '[' -z pnpm ']'
+ writetaskstat exec_node_package_manager pnpm
+ jq -nc --arg key exec_node_package_manager --arg value pnpm '{ key: $key, value: $value }'
+ attempt_mode=squash
+ true
++ date -u +%Y-%m-%dT%H:%M:%SZ
+ writetaskstat timestamp_attempt_squash_begin 2024-03-04T10:10:58Z
+ jq -nc --arg key timestamp_attempt_squash_begin --arg value 2024-03-04T10:10:58Z '{ key: $key, value: $value }'
+ [[ squash == \s\q\u\a\s\h ]]
+ set +e
+ node /twcr/worker/../worker/squash-package.mjs tailwind.config.cjs
[squash-package] ERROR: failed to find any match for import path (flowbite/plugin)
+ exitcode=1
+ set -e
+ [[ 1 != \0 ]]
+ echo '[worker] WARN: squash failed; retrying with full install'
[worker] WARN: squash failed; retrying with full install
+ attempt_mode=full
+ continue
+ true
++ date -u +%Y-%m-%dT%H:%M:%SZ
+ writetaskstat timestamp_attempt_full_begin 2024-03-04T10:10:58Z
+ jq -nc --arg key timestamp_attempt_full_begin --arg value 2024-03-04T10:10:58Z '{ key: $key, value: $value }'
+ [[ full == \s\q\u\a\s\h ]]
+ git clean -fdx
+ git reset --hard
HEAD is now at 135936f Merge pull request #121 from Rajan232/feat_gradientback
+ set +e
+ /twcr/worker/../worker/pm-install.sh pnpm /tmp/twcr-5d98d990f96c /twcr/mnt/results
+ package_manager_name=pnpm
+ procdir=/tmp/twcr-5d98d990f96c
+ datadir=/twcr/mnt/results
+ case "${package_manager_name}" in
+ '[' '!' -f /tmp/twcr-5d98d990f96c/package.json ']'
++ pnpm -v
+ sed -Ei 's/("pnpm": ")(.+)(")/\18.15.4\3/' /tmp/twcr-5d98d990f96c/package.json
+ '[' '!' -f package.json ']'
++ pnpm -v
+ sed -Ei 's/("pnpm": ")(.+)(")/\18.15.4\3/' package.json
+ pnpm install
Progress: resolved 1, reused 0, downloaded 0, added 0
Progress: resolved 30, reused 0, downloaded 19, added 0
Progress: resolved 51, reused 0, downloaded 40, added 0
Progress: resolved 78, reused 0, downloaded 64, added 0
Progress: resolved 111, reused 0, downloaded 95, added 0
Progress: resolved 145, reused 0, downloaded 131, added 0
Progress: resolved 176, reused 0, downloaded 158, added 0
Progress: resolved 206, reused 0, downloaded 186, added 0
Progress: resolved 239, reused 0, downloaded 216, added 0
Progress: resolved 274, reused 0, downloaded 246, added 0
Progress: resolved 306, reused 0, downloaded 281, added 0
Progress: resolved 344, reused 0, downloaded 319, added 0
Progress: resolved 385, reused 0, downloaded 354, added 0
Progress: resolved 415, reused 0, downloaded 386, added 0
Progress: resolved 452, reused 0, downloaded 418, added 0
Progress: resolved 493, reused 0, downloaded 450, added 0
Progress: resolved 538, reused 0, downloaded 479, added 0
Progress: resolved 580, reused 0, downloaded 514, added 0
Progress: resolved 623, reused 0, downloaded 558, added 0
Progress: resolved 661, reused 0, downloaded 594, added 0
Progress: resolved 704, reused 0, downloaded 639, added 0
 WARN  1 deprecated subdependencies found: loupe@2.3.6
Packages: +688
++++++++++++++++++++++++++++++++++++++++++++++++++++++++++++++++++++++++++++++++
Progress: resolved 709, reused 0, downloaded 684, added 460
Progress: resolved 709, reused 0, downloaded 687, added 688, done
.../node_modules/svelte-preprocess postinstall$ echo "[svelte-preprocess] Don't forget to install the preprocessors packages that will be used: sass, stylus, less, postcss & postcss-load-config, coffeescript, pug, etc..."
.../node_modules/svelte-preprocess postinstall: [svelte-preprocess] Don't forget to install the preprocessors packages that will be used: sass, stylus, less, postcss & postcss-load-config, coffeescript, pug, etc...
.../node_modules/svelte-preprocess postinstall: Done
.../esbuild@0.18.20/node_modules/esbuild postinstall$ node install.js
.../esbuild@0.18.20/node_modules/esbuild postinstall: Done
.../node_modules/@sveltejs/kit postinstall$ node postinstall.js
.../node_modules/@sveltejs/kit postinstall: Done

> terminal-generator-svelte-project@ prepare /tmp/twcr-5d98d990f96c
> husky install

husky - Git hooks installed

dependencies:
+ @sveltejs/adapter-node 1.3.1
+ autoprefixer 10.4.18
+ postcss-cli 10.1.0 (11.0.0 is available)
+ tailwindcss 3.4.1
+ vite-plugin-iso-import 1.1.0
+ vitest 0.34.6 (1.3.1 is available)

devDependencies:
+ @sveltejs/adapter-static 2.0.3 (3.0.1 is available)
+ @sveltejs/kit 1.30.4 (2.5.2 is available)
+ @typescript-eslint/eslint-plugin 6.21.0 (7.1.0 is available)
+ @typescript-eslint/parser 6.21.0 (7.1.0 is available)
+ concurrently 8.2.2
+ eslint 8.57.0
+ eslint-config-airbnb-base 15.0.0
+ eslint-config-airbnb-typescript 17.1.0 (18.0.0 is available)
+ eslint-config-prettier 9.1.0
+ eslint-config-triple 1.1.6
+ eslint-import-resolver-typescript 3.6.1
+ eslint-plugin-import 2.29.1
+ eslint-plugin-only-warn 1.1.0
+ eslint-plugin-svelte 2.35.1
+ husky 8.0.3 (9.0.11 is available)
+ lint-staged 15.2.2
+ postcss 8.4.31
+ postcss-html 1.6.0
+ postcss-preset-env 9.4.0
+ prettier 3.2.5
+ prettier-plugin-svelte 3.2.2
+ sass 1.71.1
+ stylelint 15.11.0 (16.2.1 is available)
+ stylelint-config-clean-order 5.4.1
+ stylelint-config-standard-scss 11.1.0 (13.0.0 is available)
+ stylelint-prettier 4.1.0 (5.0.0 is available)
+ svelte 4.2.12
+ svelte-check 3.6.6
+ typescript 5.3.3
+ vite 4.5.0 (5.1.4 is available)

Done in 25s
+ pnpm ls --json
+ jq -cr '
        .[]
        | [.dependencies, .devDependencies, .optionalDependencies]
        | map(select(.))[]
        | to_entries
        | map({ name: .key, version: .value.version })
        | sort_by(.name)[]
      '
+ exitcode=0
+ set -e
+ [[ 0 != \0 ]]
++ jq -sr 'map(select(.name == "tailwindcss")) | first | .version'
+ tailwind_package_version=3.4.1
+ tailwind_config_exporter=tailwind.config.exporter2.cjs
+ '[' -f node_modules/tailwindcss/lib/lib/load-config.js ']'
+ tailwind_config_exporter=tailwind.config.exporter3.mjs
+ cp /twcr/worker/../worker/tailwind.config.exporter3.mjs ./
+ set +e
+ node ./tailwind.config.exporter3.mjs tailwind.config.cjs
node:internal/modules/cjs/loader:1149
  const err = new Error(message);
              ^

Error: Cannot find module 'flowbite/plugin'
Require stack:
- /tmp/twcr-5d98d990f96c/tailwind.config.cjs
    at Module._resolveFilename (node:internal/modules/cjs/loader:1149:15)
    at Function.resolve (node:internal/modules/helpers:187:19)
    at _resolve (/tmp/twcr-5d98d990f96c/node_modules/.pnpm/jiti@1.21.0/node_modules/jiti/dist/jiti.js:1:251148)
    at jiti (/tmp/twcr-5d98d990f96c/node_modules/.pnpm/jiti@1.21.0/node_modules/jiti/dist/jiti.js:1:253746)
    at /tmp/twcr-5d98d990f96c/tailwind.config.cjs:56:12
    at evalModule (/tmp/twcr-5d98d990f96c/node_modules/.pnpm/jiti@1.21.0/node_modules/jiti/dist/jiti.js:1:256443)
    at jiti (/tmp/twcr-5d98d990f96c/node_modules/.pnpm/jiti@1.21.0/node_modules/jiti/dist/jiti.js:1:254371)
    at /tmp/twcr-5d98d990f96c/node_modules/.pnpm/tailwindcss@3.4.1/node_modules/tailwindcss/lib/lib/load-config.js:48:30
    at Object.loadConfig (/tmp/twcr-5d98d990f96c/node_modules/.pnpm/tailwindcss@3.4.1/node_modules/tailwindcss/lib/lib/load-config.js:50:6)
    at file:///tmp/twcr-5d98d990f96c/tailwind.config.exporter3.mjs:5:28 {
  code: 'MODULE_NOT_FOUND',
  requireStack: [ '/tmp/twcr-5d98d990f96c/tailwind.config.cjs' ]
}

Node.js v21.6.2
+ exitcode=1
+ set -e
+ [[ 1 != \0 ]]
+ [[ full == \s\q\u\a\s\h ]]
+ exit 1
