==== RUN-DOCKER
+++ dirname -- ./worker/run.sh
++ cd -- ./worker
++ pwd
+ twcrdir=/twcr/worker/..
+ repo=github.com/360macky/1spaceX
+ reporef=dev
+ repopath=./
+ '[' true == true ']'
+ grep -q '^././'
++ echo github.com/360macky/1spaceX
++ sha256sum
++ awk '{ print $1 }'
++ cut -c1-12
+ procdir=/tmp/twcr-aa0a29fd51ce
++ echo 'github.com/360macky/1spaceX;dev;./'
++ sha256sum
++ awk '{ print $1 }'
++ cut -c1-12
+ datadir=/twcr/worker/../mnt/dataset/data/bb646e7fc19a
+ '[' '!' -z /twcr/mnt/results ']'
+ datadir=/twcr/mnt/results
+ touch /twcr/mnt/results/extract-failed
++ base64
++ tr -d =
++ tr /+ _-
++ base64
++ tr -d =
++ tr /+ _-
+ writetaskstat analysis_key github.com/360macky/1spaceX/ZGV2Cg/Li8K
+ jq -nc --arg key analysis_key --arg value github.com/360macky/1spaceX/ZGV2Cg/Li8K '{ key: $key, value: $value }'
++ date -u +%Y%m%d%H%M%S
++ sha256sum
++ awk '{ print $1 }'
++ cut -c1-16
++ head -c 32 /dev/urandom
+ writetaskstat analysis_nonce 66c6bd3aad115f1d
+ jq -nc --arg key analysis_nonce --arg value 66c6bd3aad115f1d '{ key: $key, value: $value }'
+ writetaskstat input_repo_name github.com/360macky/1spaceX
+ jq -nc --arg key input_repo_name --arg value github.com/360macky/1spaceX '{ key: $key, value: $value }'
+ writetaskstat input_repo_ref dev
+ jq -nc --arg key input_repo_ref --arg value dev '{ key: $key, value: $value }'
+ writetaskstat input_repo_path ./
+ jq -nc --arg key input_repo_path --arg value ./ '{ key: $key, value: $value }'
++ date -u +%Y-%m-%dT%H:%M:%SZ
+ writetaskstat timestamp_begin 2024-03-05T12:07:29Z
+ jq -nc --arg key timestamp_begin --arg value 2024-03-05T12:07:29Z '{ key: $key, value: $value }'
+ mkdir -p /tmp/twcr-aa0a29fd51ce
+ pushd /tmp/twcr-aa0a29fd51ce
+ '[' -d .git ']'
+ git clone --depth=1 -b dev https://github.com/360macky/1spaceX.git .
/tmp/twcr-aa0a29fd51ce /twcr
Cloning into '.'...
++ date -u +%Y-%m-%dT%H:%M:%SZ
+ writetaskstat timestamp_git_clone_complete 2024-03-05T12:07:31Z
+ jq -nc --arg key timestamp_git_clone_complete --arg value 2024-03-05T12:07:31Z '{ key: $key, value: $value }'
++ git rev-parse HEAD
+ writetaskstat exec_repo_commit_sha dbe0172ae57b901983929e8c275bb5bc6f23b4bc
+ jq -nc --arg key exec_repo_commit_sha --arg value dbe0172ae57b901983929e8c275bb5bc6f23b4bc '{ key: $key, value: $value }'
+++ git show --no-patch --format=%ci
++ date -u --date '2023-04-24 18:34:09 -0500' +%Y-%m-%dT%H:%M:%SZ
+ writetaskstat exec_repo_commit_date 2023-04-24T23:34:09Z
+ jq -nc --arg key exec_repo_commit_date --arg value 2023-04-24T23:34:09Z '{ key: $key, value: $value }'
/tmp/twcr-aa0a29fd51ce /tmp/twcr-aa0a29fd51ce /twcr
+ '[' -z ./ ']'
+ pushd ./
+ tailwind_config_file_name=
+ '[' -f tailwind.config.js ']'
+ tailwind_config_file_name=tailwind.config.js
+ writetaskstat exec_tailwind_config_file tailwind.config.js
+ jq -nc --arg key exec_tailwind_config_file --arg value tailwind.config.js '{ key: $key, value: $value }'
+ cp tailwind.config.js /twcr/mnt/results/extract-raw-tailwind-config.js
+ '[' '!' -f package.json ']'
+ cp package.json /twcr/mnt/results/extract-raw-package.json
++ /twcr/worker/../worker/pm-detect.sh /tmp/twcr-aa0a29fd51ce
+ package_manager_name=
+ '[' -z '' ']'
+ '[' ./ '!=' ./ ']'
+ '[' -z '' ']'
+ package_manager_name=npm
+ writetaskstat exec_node_package_manager npm
+ jq -nc --arg key exec_node_package_manager --arg value npm '{ key: $key, value: $value }'
+ attempt_mode=squash
+ true
++ date -u +%Y-%m-%dT%H:%M:%SZ
+ writetaskstat timestamp_attempt_squash_begin 2024-03-05T12:07:31Z
+ jq -nc --arg key timestamp_attempt_squash_begin --arg value 2024-03-05T12:07:31Z '{ key: $key, value: $value }'
+ [[ squash == \s\q\u\a\s\h ]]
+ set +e
+ node /twcr/worker/../worker/squash-package.mjs tailwind.config.js
+ exitcode=0
+ set -e
+ [[ 0 != \0 ]]
+ cat package.json
+ sed 's/^/>>> /'
>>> {
>>>   "name": "1spacex",
>>>   "version": "7.4.0",
>>>   "private": false,
>>>   "description": "Search platform for SpaceX complex physical items",
>>>   "author": {
>>>     "name": "Marcelo Arias",
>>>     "email": "hola@marceloarias.com",
>>>     "url": "https://marceloarias.com"
>>>   },
>>>   "dependencies": {
>>>     "flowbite": "^1.6.3"
>>>   },
>>>   "eslintConfig": {
>>>     "extends": "react-app"
>>>   },
>>>   "browserslist": {
>>>     "production": [
>>>       ">0.2%",
>>>       "not dead",
>>>       "not op_mini all"
>>>     ],
>>>     "development": [
>>>       "last 1 chrome version",
>>>       "last 1 firefox version",
>>>       "last 1 safari version"
>>>     ]
>>>   },
>>>   "devDependencies": {
>>>     "tailwindcss": "^3.2.4"
>>>   },
>>>   "contributors": [
>>>     {
>>>       "name": "Marcelo Arias",
>>>       "email": "hola@marceloarias.com",
>>>       "url": "https://marceloarias.com"
>>>     },
>>>     {
>>>       "name": "Lewis",
>>>       "email": "louislaizer4@gmail.com",
>>>       "url": "https://thirsty-ritchie-2c12b7.netlify.app/"
>>>     }
>>>   ],
>>>   "husky": {
>>>     "hooks": {
>>>       "pre-commit": "npm run format"
>>>     }
>>>   }
>>> }+ rm -f package-lock.json pnpm-lock.yaml yarn.lock
+ '[' ./ '!=' ./ ']'
+ set +e
+ /twcr/worker/../worker/pm-install.sh npm /tmp/twcr-aa0a29fd51ce /twcr/mnt/results
+ package_manager_name=npm
+ procdir=/tmp/twcr-aa0a29fd51ce
+ datadir=/twcr/mnt/results
+ case "${package_manager_name}" in
++ '[' -f package-lock.json ']'
++ echo install
+ npm install --ignore-engines

added 115 packages, and audited 116 packages in 5s

29 packages are looking for funding
  run `npm fund` for details

found 0 vulnerabilities
npm notice 
npm notice New minor version of npm available! 10.2.4 -> 10.5.0
npm notice Changelog: <https://github.com/npm/cli/releases/tag/v10.5.0>
npm notice Run `npm install -g npm@10.5.0` to update!
npm notice 
+ npm query '*'
+ jq -cr '
        map({ name: .name, version: .version })
        | map(select(.name))
        | sort_by(.name)[]
      '
+ exitcode=0
+ set -e
+ [[ 0 != \0 ]]
++ jq -sr 'map(select(.name == "tailwindcss")) | first | .version'
+ tailwind_package_version=3.4.1
+ tailwind_config_exporter=tailwind.config.exporter2.cjs
+ '[' -f node_modules/tailwindcss/lib/lib/load-config.js ']'
+ tailwind_config_exporter=tailwind.config.exporter3.mjs
+ cp /twcr/worker/../worker/tailwind.config.exporter3.mjs ./
+ set +e
+ node ./tailwind.config.exporter3.mjs tailwind.config.js
+ exitcode=0
+ set -e
+ [[ 0 != \0 ]]
+ echo 'module.exports={plugins:['
+ jq -rs '
        map(select(.name | startswith("@tailwindcss/")))
        | map("require(" + ( .name | tojson ) + "),")[]
      '
+ grep -Ev '"@tailwindcss/postcss7-compat"'
+ true
+ echo ']}'
+ cat tailwind.config.js
+ sed 's/^/>>> /'
>>> module.exports={plugins:[
>>> ]}
+ node ./tailwind.config.exporter3.mjs tailwind.config.js
++ date -u +%Y-%m-%dT%H:%M:%SZ
+ writetaskstat timestamp_attempt_squash_end 2024-03-05T12:07:37Z
+ jq -nc --arg key timestamp_attempt_squash_end --arg value 2024-03-05T12:07:37Z '{ key: $key, value: $value }'
+ break
++ date -u +%Y-%m-%dT%H:%M:%SZ
+ writetaskstat timestamp_end 2024-03-05T12:07:37Z
+ jq -nc --arg key timestamp_end --arg value 2024-03-05T12:07:37Z '{ key: $key, value: $value }'
+ rm /twcr/mnt/results/extract-failed
+ touch /twcr/mnt/results/extract-completed
