==== RUN-DOCKER
+++ dirname -- ./worker/run.sh
++ cd -- ./worker
++ pwd
+ twcrdir=/twcr/worker/..
+ repo=github.com/nusserstudios/tailbliss
+ reporef=main
+ repopath=./
+ '[' true == true ']'
+ grep -q '^././'
++ echo github.com/nusserstudios/tailbliss
++ sha256sum
++ awk '{ print $1 }'
++ cut -c1-12
+ procdir=/tmp/twcr-4508c21fd73f
++ echo 'github.com/nusserstudios/tailbliss;main;./'
++ sha256sum
++ awk '{ print $1 }'
++ cut -c1-12
+ datadir=/twcr/worker/../mnt/dataset/data/56ea92b7a13a
+ '[' '!' -z /twcr/mnt/results ']'
+ datadir=/twcr/mnt/results
+ touch /twcr/mnt/results/extract-failed
++ base64
++ tr -d =
++ tr /+ _-
++ base64
++ tr -d =
++ tr /+ _-
+ writetaskstat analysis_key github.com/nusserstudios/tailbliss/bWFpbgo/Li8K
+ jq -nc --arg key analysis_key --arg value github.com/nusserstudios/tailbliss/bWFpbgo/Li8K '{ key: $key, value: $value }'
++ date -u +%Y%m%d%H%M%S
++ sha256sum
++ awk '{ print $1 }'
++ cut -c1-16
++ head -c 32 /dev/urandom
+ writetaskstat analysis_nonce 4755a649acff3249
+ jq -nc --arg key analysis_nonce --arg value 4755a649acff3249 '{ key: $key, value: $value }'
+ writetaskstat input_repo_name github.com/nusserstudios/tailbliss
+ jq -nc --arg key input_repo_name --arg value github.com/nusserstudios/tailbliss '{ key: $key, value: $value }'
+ writetaskstat input_repo_ref main
+ jq -nc --arg key input_repo_ref --arg value main '{ key: $key, value: $value }'
+ writetaskstat input_repo_path ./
+ jq -nc --arg key input_repo_path --arg value ./ '{ key: $key, value: $value }'
++ date -u +%Y-%m-%dT%H:%M:%SZ
+ writetaskstat timestamp_begin 2024-03-04T06:17:50Z
+ jq -nc --arg key timestamp_begin --arg value 2024-03-04T06:17:50Z '{ key: $key, value: $value }'
+ mkdir -p /tmp/twcr-4508c21fd73f
+ pushd /tmp/twcr-4508c21fd73f
+ '[' -d .git ']'
+ git clone --depth=1 -b main https://github.com/nusserstudios/tailbliss.git .
/tmp/twcr-4508c21fd73f /twcr
Cloning into '.'...
++ date -u +%Y-%m-%dT%H:%M:%SZ
+ writetaskstat timestamp_git_clone_complete 2024-03-04T06:17:51Z
+ jq -nc --arg key timestamp_git_clone_complete --arg value 2024-03-04T06:17:51Z '{ key: $key, value: $value }'
++ git rev-parse HEAD
+ writetaskstat exec_repo_commit_sha fc812898bb6e4ff426569342ad8a76d06c604cd1
+ jq -nc --arg key exec_repo_commit_sha --arg value fc812898bb6e4ff426569342ad8a76d06c604cd1 '{ key: $key, value: $value }'
+++ git show --no-patch --format=%ci
++ date -u --date '2024-02-07 05:53:44 -0600' +%Y-%m-%dT%H:%M:%SZ
+ writetaskstat exec_repo_commit_date 2024-02-07T11:53:44Z
+ jq -nc --arg key exec_repo_commit_date --arg value 2024-02-07T11:53:44Z '{ key: $key, value: $value }'
+ '[' -z ./ ']'
+ pushd ./
+ tailwind_config_file_name=
+ '[' -f tailwind.config.js ']'
+ tailwind_config_file_name=tailwind.config.js
+ writetaskstat exec_tailwind_config_file tailwind.config.js
+ jq -nc --arg key exec_tailwind_config_file --arg value tailwind.config.js '{ key: $key, value: $value }'
/tmp/twcr-4508c21fd73f /tmp/twcr-4508c21fd73f /twcr
+ cp tailwind.config.js /twcr/mnt/results/extract-raw-tailwind-config.js
+ '[' '!' -f package.json ']'
+ cp package.json /twcr/mnt/results/extract-raw-package.json
++ /twcr/worker/../worker/pm-detect.sh /tmp/twcr-4508c21fd73f
+ package_manager_name=pnpm
+ '[' -z pnpm ']'
+ '[' -z pnpm ']'
+ writetaskstat exec_node_package_manager pnpm
+ jq -nc --arg key exec_node_package_manager --arg value pnpm '{ key: $key, value: $value }'
+ attempt_mode=squash
+ true
++ date -u +%Y-%m-%dT%H:%M:%SZ
+ writetaskstat timestamp_attempt_squash_begin 2024-03-04T06:17:51Z
+ jq -nc --arg key timestamp_attempt_squash_begin --arg value 2024-03-04T06:17:51Z '{ key: $key, value: $value }'
+ [[ squash == \s\q\u\a\s\h ]]
+ set +e
+ node /twcr/worker/../worker/squash-package.mjs tailwind.config.js
+ exitcode=0
+ set -e
+ [[ 0 != \0 ]]
+ cat package.json
+ sed 's/^/>>> /'
>>> {
>>>   "name": "TailBliss",
>>>   "version": "0.1.1",
>>>   "description": "Hugo + Alpine.js + TailwindCSS",
>>>   "main": "index.js",
>>>   "devDependencies": {
>>>     "@tailwindcss/typography": "^0.5.10",
>>>     "tailwindcss": "^3.4.1"
>>>   },
>>>   "repository": {
>>>     "type": "git",
>>>     "url": "git+https://github.com/nusserstudios/tailbliss.git"
>>>   },
>>>   "keywords": [
>>>     "hugo",
>>>     "tailwind",
>>>     "tailwindcss",
>>>     "alpinejs",
>>>     "minimal",
>>>     "responsive",
>>>     "light mode",
>>>     "dark mode",
>>>     "hugo blog",
>>>     "categories",
>>>     "tags"
>>>   ],
>>>   "author": "NusserStudios",
>>>   "license": "Apache-2.0",
>>>   "bugs": {
>>>     "url": "https://github.com/nusserstudios/tailbliss/issues"
>>>   },
>>>   "homepage": "https://github.com/nusserstudios/tailbliss"
>>> }+ rm -f package-lock.json pnpm-lock.yaml yarn.lock
+ '[' ./ '!=' ./ ']'
+ set +e
+ /twcr/worker/../worker/pm-install.sh pnpm /tmp/twcr-4508c21fd73f /twcr/mnt/results
+ package_manager_name=pnpm
+ procdir=/tmp/twcr-4508c21fd73f
+ datadir=/twcr/mnt/results
+ case "${package_manager_name}" in
+ '[' '!' -f /tmp/twcr-4508c21fd73f/package.json ']'
++ pnpm -v
+ sed -Ei 's/("pnpm": ")(.+)(")/\18.15.4\3/' /tmp/twcr-4508c21fd73f/package.json
+ '[' '!' -f package.json ']'
++ pnpm -v
+ sed -Ei 's/("pnpm": ")(.+)(")/\18.15.4\3/' package.json
+ pnpm install
Progress: resolved 1, reused 0, downloaded 0, added 0
Progress: resolved 29, reused 0, downloaded 23, added 0
Progress: resolved 63, reused 0, downloaded 50, added 0
Progress: resolved 99, reused 0, downloaded 90, added 0
Packages: +110
++++++++++++++++++++++++++++++++++++++++++++++++++++++++++++++++++++++++++++++++
Progress: resolved 111, reused 0, downloaded 110, added 110, done

devDependencies:
+ @tailwindcss/typography 0.5.10
+ tailwindcss 3.4.1

Done in 4.4s
+ pnpm ls --json
+ jq -cr '
        .[]
        | [.dependencies, .devDependencies, .optionalDependencies]
        | map(select(.))[]
        | to_entries
        | map({ name: .key, version: .value.version })
        | sort_by(.name)[]
      '
+ exitcode=0
+ set -e
+ [[ 0 != \0 ]]
++ jq -sr 'map(select(.name == "tailwindcss")) | first | .version'
+ tailwind_package_version=3.4.1
+ tailwind_config_exporter=tailwind.config.exporter2.cjs
+ '[' -f node_modules/tailwindcss/lib/lib/load-config.js ']'
+ tailwind_config_exporter=tailwind.config.exporter3.mjs
+ cp /twcr/worker/../worker/tailwind.config.exporter3.mjs ./
+ set +e
+ node ./tailwind.config.exporter3.mjs tailwind.config.js
+ exitcode=0
+ set -e
+ [[ 0 != \0 ]]
+ echo 'module.exports={plugins:['
+ jq -rs '
        map(select(.name | startswith("@tailwindcss/")))
        | map("require(" + ( .name | tojson ) + "),")[]
      '
+ grep -Ev '"@tailwindcss/postcss7-compat"'
+ echo ']}'
+ cat tailwind.config.js
+ sed 's/^/>>> /'
>>> module.exports={plugins:[
>>> require("@tailwindcss/typography"),
>>> ]}
+ node ./tailwind.config.exporter3.mjs tailwind.config.js
++ date -u +%Y-%m-%dT%H:%M:%SZ
+ writetaskstat timestamp_attempt_squash_end 2024-03-04T06:17:57Z
+ jq -nc --arg key timestamp_attempt_squash_end --arg value 2024-03-04T06:17:57Z '{ key: $key, value: $value }'
+ break
++ date -u +%Y-%m-%dT%H:%M:%SZ
+ writetaskstat timestamp_end 2024-03-04T06:17:57Z
+ jq -nc --arg key timestamp_end --arg value 2024-03-04T06:17:57Z '{ key: $key, value: $value }'
+ rm /twcr/mnt/results/extract-failed
+ touch /twcr/mnt/results/extract-completed
