==== RUN-DOCKER
+++ dirname -- ./worker/run.sh
++ cd -- ./worker
++ pwd
+ twcrdir=/twcr/worker/..
+ repo=github.com/rushilp2311/SplitBill-frontend
+ reporef=main
+ repopath=./
+ '[' true == true ']'
+ grep -q '^././'
++ echo github.com/rushilp2311/SplitBill-frontend
++ sha256sum
++ awk '{ print $1 }'
++ cut -c1-12
+ procdir=/tmp/twcr-b83f623512d2
++ echo 'github.com/rushilp2311/SplitBill-frontend;main;./'
++ sha256sum
++ awk '{ print $1 }'
++ cut -c1-12
+ datadir=/twcr/worker/../mnt/dataset/data/8007fad46515
+ '[' '!' -z /twcr/mnt/results ']'
+ datadir=/twcr/mnt/results
+ touch /twcr/mnt/results/extract-failed
++ base64
++ tr -d =
++ tr /+ _-
++ base64
++ tr -d =
++ tr /+ _-
+ writetaskstat analysis_key github.com/rushilp2311/SplitBill-frontend/bWFpbgo/Li8K
+ jq -nc --arg key analysis_key --arg value github.com/rushilp2311/SplitBill-frontend/bWFpbgo/Li8K '{ key: $key, value: $value }'
++ date -u +%Y%m%d%H%M%S
++ sha256sum
++ awk '{ print $1 }'
++ cut -c1-16
++ head -c 32 /dev/urandom
+ writetaskstat analysis_nonce 07c86b264c7ed84d
+ jq -nc --arg key analysis_nonce --arg value 07c86b264c7ed84d '{ key: $key, value: $value }'
+ writetaskstat input_repo_name github.com/rushilp2311/SplitBill-frontend
+ jq -nc --arg key input_repo_name --arg value github.com/rushilp2311/SplitBill-frontend '{ key: $key, value: $value }'
+ writetaskstat input_repo_ref main
+ jq -nc --arg key input_repo_ref --arg value main '{ key: $key, value: $value }'
+ writetaskstat input_repo_path ./
+ jq -nc --arg key input_repo_path --arg value ./ '{ key: $key, value: $value }'
++ date -u +%Y-%m-%dT%H:%M:%SZ
+ writetaskstat timestamp_begin 2024-03-05T11:54:26Z
+ jq -nc --arg key timestamp_begin --arg value 2024-03-05T11:54:26Z '{ key: $key, value: $value }'
+ mkdir -p /tmp/twcr-b83f623512d2
+ pushd /tmp/twcr-b83f623512d2
+ '[' -d .git ']'
+ git clone --depth=1 -b main https://github.com/rushilp2311/SplitBill-frontend.git .
/tmp/twcr-b83f623512d2 /twcr
Cloning into '.'...
++ date -u +%Y-%m-%dT%H:%M:%SZ
+ writetaskstat timestamp_git_clone_complete 2024-03-05T11:54:29Z
+ jq -nc --arg key timestamp_git_clone_complete --arg value 2024-03-05T11:54:29Z '{ key: $key, value: $value }'
++ git rev-parse HEAD
+ writetaskstat exec_repo_commit_sha b0158d7cff8f181ee2b3fa33f1967e1d5dd264eb
+ jq -nc --arg key exec_repo_commit_sha --arg value b0158d7cff8f181ee2b3fa33f1967e1d5dd264eb '{ key: $key, value: $value }'
+++ git show --no-patch --format=%ci
++ date -u --date '2022-07-04 08:20:46 -0400' +%Y-%m-%dT%H:%M:%SZ
+ writetaskstat exec_repo_commit_date 2022-07-04T12:20:46Z
+ jq -nc --arg key exec_repo_commit_date --arg value 2022-07-04T12:20:46Z '{ key: $key, value: $value }'
+ '[' -z ./ ']'
+ pushd ./
+ tailwind_config_file_name=
+ '[' -f tailwind.config.js ']'
+ tailwind_config_file_name=tailwind.config.js
+ writetaskstat exec_tailwind_config_file tailwind.config.js
+ jq -nc --arg key exec_tailwind_config_file --arg value tailwind.config.js '{ key: $key, value: $value }'
/tmp/twcr-b83f623512d2 /tmp/twcr-b83f623512d2 /twcr
+ cp tailwind.config.js /twcr/mnt/results/extract-raw-tailwind-config.js
+ '[' '!' -f package.json ']'
+ cp package.json /twcr/mnt/results/extract-raw-package.json
++ /twcr/worker/../worker/pm-detect.sh /tmp/twcr-b83f623512d2
+ package_manager_name=yarn
+ '[' -z yarn ']'
+ '[' -z yarn ']'
+ writetaskstat exec_node_package_manager yarn
+ jq -nc --arg key exec_node_package_manager --arg value yarn '{ key: $key, value: $value }'
+ attempt_mode=squash
+ true
++ date -u +%Y-%m-%dT%H:%M:%SZ
+ writetaskstat timestamp_attempt_squash_begin 2024-03-05T11:54:29Z
+ jq -nc --arg key timestamp_attempt_squash_begin --arg value 2024-03-05T11:54:29Z '{ key: $key, value: $value }'
+ [[ squash == \s\q\u\a\s\h ]]
+ set +e
+ node /twcr/worker/../worker/squash-package.mjs tailwind.config.js
+ exitcode=0
+ set -e
+ [[ 0 != \0 ]]
+ cat package.json
+ sed 's/^/>>> /'
+ rm -f package-lock.json pnpm-lock.yaml yarn.lock
>>> {
>>>   "name": "frontend",
>>>   "version": "0.1.0",
>>>   "private": true,
>>>   "dependencies": {
>>>     "@tailwindcss/forms": "^0.5.2"
>>>   },
>>>   "eslintConfig": {
>>>     "extends": [
>>>       "react-app",
>>>       "react-app/jest"
>>>     ]
>>>   },
>>>   "browserslist": {
>>>     "production": [
>>>       ">0.2%",
>>>       "not dead",
>>>       "not op_mini all"
>>>     ],
>>>     "development": [
>>>       "last 1 chrome version",
>>>       "last 1 firefox version",
>>>       "last 1 safari version"
>>>     ]
>>>   },
>>>   "devDependencies": {
>>>     "tailwindcss": "^3.0.24"
>>>   }
>>> }+ '[' ./ '!=' ./ ']'
+ set +e
+ /twcr/worker/../worker/pm-install.sh yarn /tmp/twcr-b83f623512d2 /twcr/mnt/results
+ package_manager_name=yarn
+ procdir=/tmp/twcr-b83f623512d2
+ datadir=/twcr/mnt/results
+ case "${package_manager_name}" in
+ '[' -z http://tid_2d69d50670e6:ok@172.18.0.2:3128 ']'
+ yarn config set httpProxy http://tid_2d69d50670e6:ok@172.18.0.2:3128
yarn config v1.22.19
success Set "httpProxy" to "http://tid_2d69d50670e6:ok@172.18.0.2:3128".
Done in 0.04s.
+ '[' -z http://tid_2d69d50670e6:ok@172.18.0.2:3128 ']'
+ yarn config set httpsProxy http://tid_2d69d50670e6:ok@172.18.0.2:3128
yarn config v1.22.19
success Set "httpsProxy" to "http://tid_2d69d50670e6:ok@172.18.0.2:3128".
Done in 0.04s.
+ yarn install
yarn install v1.22.19
info No lockfile found.
[1/4] Resolving packages...
(node:131) [DEP0040] DeprecationWarning: The `punycode` module is deprecated. Please use a userland alternative instead.
(Use `node --trace-deprecation ...` to show where the warning was created)
[2/4] Fetching packages...
[3/4] Linking dependencies...
[4/4] Building fresh packages...
success Saved lockfile.
Done in 6.97s.
+ yarn list --depth=0 --json --non-interactive --no-progress
+ jq -cr '
        [.. | .name?]
        | map(select(.))
        | map(capture("^(?<name>@?[^@]+)@(?<version>.+)$"))
        | sort_by(.name)[]'
+ exitcode=0
+ set -e
+ [[ 0 != \0 ]]
++ jq -sr 'map(select(.name == "tailwindcss")) | first | .version'
+ tailwind_package_version=3.4.1
+ tailwind_config_exporter=tailwind.config.exporter2.cjs
+ '[' -f node_modules/tailwindcss/lib/lib/load-config.js ']'
+ tailwind_config_exporter=tailwind.config.exporter3.mjs
+ cp /twcr/worker/../worker/tailwind.config.exporter3.mjs ./
+ set +e
+ node ./tailwind.config.exporter3.mjs tailwind.config.js

warn - The `purge`/`content` options have changed in Tailwind CSS v3.0.
warn - Update your configuration file to eliminate this warning.
warn - https://tailwindcss.com/docs/upgrade-guide#configure-content-sources
+ exitcode=0
+ set -e
+ [[ 0 != \0 ]]
+ echo 'module.exports={plugins:['
+ jq -rs '
        map(select(.name | startswith("@tailwindcss/")))
        | map("require(" + ( .name | tojson ) + "),")[]
      '
+ grep -Ev '"@tailwindcss/postcss7-compat"'
+ echo ']}'
+ cat tailwind.config.js
+ sed 's/^/>>> /'
>>> module.exports={plugins:[
>>> require("@tailwindcss/forms"),
>>> ]}
+ node ./tailwind.config.exporter3.mjs tailwind.config.js
++ date -u +%Y-%m-%dT%H:%M:%SZ
+ writetaskstat timestamp_attempt_squash_end 2024-03-05T11:54:37Z
+ jq -nc --arg key timestamp_attempt_squash_end --arg value 2024-03-05T11:54:37Z '{ key: $key, value: $value }'
+ break
++ date -u +%Y-%m-%dT%H:%M:%SZ
+ writetaskstat timestamp_end 2024-03-05T11:54:37Z
+ jq -nc --arg key timestamp_end --arg value 2024-03-05T11:54:37Z '{ key: $key, value: $value }'
+ rm /twcr/mnt/results/extract-failed
+ touch /twcr/mnt/results/extract-completed
