==== RUN-DOCKER
+++ dirname -- ./worker/run.sh
++ cd -- ./worker
++ pwd
+ twcrdir=/twcr/worker/..
+ repo=github.com/JichouP/Better-traQ
+ reporef=main
+ repopath=./
+ '[' true == true ']'
+ grep -q '^././'
++ echo github.com/JichouP/Better-traQ
++ sha256sum
++ cut -c1-12
++ awk '{ print $1 }'
+ procdir=/tmp/twcr-2440935e77db
++ echo 'github.com/JichouP/Better-traQ;main;./'
++ sha256sum
++ awk '{ print $1 }'
++ cut -c1-12
+ datadir=/twcr/worker/../mnt/dataset/data/f93642e73764
+ '[' '!' -z /twcr/mnt/results ']'
+ datadir=/twcr/mnt/results
+ touch /twcr/mnt/results/extract-failed
++ base64
++ tr -d =
++ tr /+ _-
++ base64
++ tr -d =
++ tr /+ _-
+ writetaskstat analysis_key github.com/JichouP/Better-traQ/bWFpbgo/Li8K
+ jq -nc --arg key analysis_key --arg value github.com/JichouP/Better-traQ/bWFpbgo/Li8K '{ key: $key, value: $value }'
++ date -u +%Y%m%d%H%M%S
++ sha256sum
++ awk '{ print $1 }'
++ cut -c1-16
++ head -c 32 /dev/urandom
+ writetaskstat analysis_nonce 28d396e0e96aef17
+ jq -nc --arg key analysis_nonce --arg value 28d396e0e96aef17 '{ key: $key, value: $value }'
+ writetaskstat input_repo_name github.com/JichouP/Better-traQ
+ jq -nc --arg key input_repo_name --arg value github.com/JichouP/Better-traQ '{ key: $key, value: $value }'
+ writetaskstat input_repo_ref main
+ jq -nc --arg key input_repo_ref --arg value main '{ key: $key, value: $value }'
+ writetaskstat input_repo_path ./
+ jq -nc --arg key input_repo_path --arg value ./ '{ key: $key, value: $value }'
++ date -u +%Y-%m-%dT%H:%M:%SZ
+ writetaskstat timestamp_begin 2024-03-04T11:54:17Z
+ jq -nc --arg key timestamp_begin --arg value 2024-03-04T11:54:17Z '{ key: $key, value: $value }'
+ mkdir -p /tmp/twcr-2440935e77db
+ pushd /tmp/twcr-2440935e77db
+ '[' -d .git ']'
+ git clone --depth=1 -b main https://github.com/JichouP/Better-traQ.git .
/tmp/twcr-2440935e77db /twcr
Cloning into '.'...
++ date -u +%Y-%m-%dT%H:%M:%SZ
+ writetaskstat timestamp_git_clone_complete 2024-03-04T11:54:17Z
+ jq -nc --arg key timestamp_git_clone_complete --arg value 2024-03-04T11:54:17Z '{ key: $key, value: $value }'
++ git rev-parse HEAD
+ writetaskstat exec_repo_commit_sha ebccdd8fcfd4102141aa640c58e0c6136d4c908f
+ jq -nc --arg key exec_repo_commit_sha --arg value ebccdd8fcfd4102141aa640c58e0c6136d4c908f '{ key: $key, value: $value }'
+++ git show --no-patch --format=%ci
++ date -u --date '2024-02-17 14:55:16 +0900' +%Y-%m-%dT%H:%M:%SZ
+ writetaskstat exec_repo_commit_date 2024-02-17T05:55:16Z
+ jq -nc --arg key exec_repo_commit_date --arg value 2024-02-17T05:55:16Z '{ key: $key, value: $value }'
/tmp/twcr-2440935e77db /tmp/twcr-2440935e77db /twcr
+ '[' -z ./ ']'
+ pushd ./
+ tailwind_config_file_name=
+ '[' -f tailwind.config.js ']'
+ tailwind_config_file_name=tailwind.config.js
+ writetaskstat exec_tailwind_config_file tailwind.config.js
+ jq -nc --arg key exec_tailwind_config_file --arg value tailwind.config.js '{ key: $key, value: $value }'
+ cp tailwind.config.js /twcr/mnt/results/extract-raw-tailwind-config.js
+ '[' '!' -f package.json ']'
+ cp package.json /twcr/mnt/results/extract-raw-package.json
++ /twcr/worker/../worker/pm-detect.sh /tmp/twcr-2440935e77db
+ package_manager_name=pnpm
+ '[' -z pnpm ']'
+ '[' -z pnpm ']'
+ writetaskstat exec_node_package_manager pnpm
+ jq -nc --arg key exec_node_package_manager --arg value pnpm '{ key: $key, value: $value }'
+ attempt_mode=squash
+ true
++ date -u +%Y-%m-%dT%H:%M:%SZ
+ writetaskstat timestamp_attempt_squash_begin 2024-03-04T11:54:17Z
+ jq -nc --arg key timestamp_attempt_squash_begin --arg value 2024-03-04T11:54:17Z '{ key: $key, value: $value }'
+ [[ squash == \s\q\u\a\s\h ]]
+ set +e
+ node /twcr/worker/../worker/squash-package.mjs tailwind.config.js
+ exitcode=0
+ set -e
+ [[ 0 != \0 ]]
+ cat package.json
+ sed 's/^/>>> /'
>>> {
>>>   "name": "better-traq",
>>>   "version": "3.1.1",
>>>   "description": "An Extension that Makes traQ Useful",
>>>   "main": "index.js",
>>>   "repository": {
>>>     "type": "git",
>>>     "url": "git+https://github.com/JichouP/Better-traQ.git"
>>>   },
>>>   "keywords": [],
>>>   "author": "",
>>>   "license": "MIT",
>>>   "bugs": {
>>>     "url": "https://github.com/JichouP/Better-traQ/issues"
>>>   },
>>>   "homepage": "https://github.com/JichouP/Better-traQ#readme",
>>>   "dependencies": {},
>>>   "devDependencies": {
>>>     "daisyui": "^2.14.2",
>>>     "tailwindcss": "^3.0.24"
>>>   },
>>>   "lint-staged": {
>>>     "*.{md,html,css,json}": [
>>>       "prettier --write"
>>>     ],
>>>     "*.{js,jsx,ts,tsx}": [
>>>       "prettier --write",
>>>       "eslint --fix"
>>>     ]
>>>   }
>>> }+ rm -f package-lock.json pnpm-lock.yaml yarn.lock
+ '[' ./ '!=' ./ ']'
+ set +e
+ /twcr/worker/../worker/pm-install.sh pnpm /tmp/twcr-2440935e77db /twcr/mnt/results
+ package_manager_name=pnpm
+ procdir=/tmp/twcr-2440935e77db
+ datadir=/twcr/mnt/results
+ case "${package_manager_name}" in
+ '[' '!' -f /tmp/twcr-2440935e77db/package.json ']'
++ pnpm -v
+ sed -Ei 's/("pnpm": ")(.+)(")/\18.15.4\3/' /tmp/twcr-2440935e77db/package.json
+ '[' '!' -f package.json ']'
++ pnpm -v
+ sed -Ei 's/("pnpm": ")(.+)(")/\18.15.4\3/' package.json
+ pnpm install
Progress: resolved 1, reused 0, downloaded 0, added 0
Progress: resolved 32, reused 0, downloaded 23, added 0
Progress: resolved 67, reused 0, downloaded 63, added 0
Progress: resolved 105, reused 0, downloaded 99, added 0
Packages: +121
++++++++++++++++++++++++++++++++++++++++++++++++++++++++++++++++++++++++++++++++
Progress: resolved 122, reused 0, downloaded 121, added 121, done

devDependencies:
+ daisyui 2.52.0 (4.7.2 is available)
+ tailwindcss 3.4.1

Done in 4.8s
+ pnpm ls --json
+ jq -cr '
        .[]
        | [.dependencies, .devDependencies, .optionalDependencies]
        | map(select(.))[]
        | to_entries
        | map({ name: .key, version: .value.version })
        | sort_by(.name)[]
      '
+ exitcode=0
+ set -e
+ [[ 0 != \0 ]]
++ jq -sr 'map(select(.name == "tailwindcss")) | first | .version'
+ tailwind_package_version=3.4.1
+ tailwind_config_exporter=tailwind.config.exporter2.cjs
+ '[' -f node_modules/tailwindcss/lib/lib/load-config.js ']'
+ tailwind_config_exporter=tailwind.config.exporter3.mjs
+ cp /twcr/worker/../worker/tailwind.config.exporter3.mjs ./
+ set +e
+ node ./tailwind.config.exporter3.mjs tailwind.config.js
+ exitcode=0
+ set -e
+ [[ 0 != \0 ]]
+ echo 'module.exports={plugins:['
+ jq -rs '
        map(select(.name | startswith("@tailwindcss/")))
        | map("require(" + ( .name | tojson ) + "),")[]
      '
+ grep -Ev '"@tailwindcss/postcss7-compat"'
+ true
+ echo ']}'
+ cat tailwind.config.js
+ sed 's/^/>>> /'
>>> module.exports={plugins:[
>>> ]}
+ node ./tailwind.config.exporter3.mjs tailwind.config.js
++ date -u +%Y-%m-%dT%H:%M:%SZ
+ writetaskstat timestamp_attempt_squash_end 2024-03-04T11:54:24Z
+ jq -nc --arg key timestamp_attempt_squash_end --arg value 2024-03-04T11:54:24Z '{ key: $key, value: $value }'
+ break
++ date -u +%Y-%m-%dT%H:%M:%SZ
+ writetaskstat timestamp_end 2024-03-04T11:54:24Z
+ jq -nc --arg key timestamp_end --arg value 2024-03-04T11:54:24Z '{ key: $key, value: $value }'
+ rm /twcr/mnt/results/extract-failed
+ touch /twcr/mnt/results/extract-completed
