==== RUN-DOCKER
+++ dirname -- ./worker/run.sh
++ cd -- ./worker
++ pwd
+ twcrdir=/twcr/worker/..
+ repo=github.com/portainer/portainer
+ reporef=develop
+ repopath=./
+ '[' true == true ']'
+ grep -q '^././'
++ echo github.com/portainer/portainer
++ sha256sum
++ cut -c1-12
++ awk '{ print $1 }'
+ procdir=/tmp/twcr-a29280f04920
++ echo 'github.com/portainer/portainer;develop;./'
++ sha256sum
++ awk '{ print $1 }'
++ cut -c1-12
+ datadir=/twcr/worker/../mnt/dataset/data/8a85b799a1d5
+ '[' '!' -z /twcr/mnt/results ']'
+ datadir=/twcr/mnt/results
+ touch /twcr/mnt/results/extract-failed
++ base64
++ tr -d =
++ tr /+ _-
++ base64
++ tr -d =
++ tr /+ _-
+ writetaskstat analysis_key github.com/portainer/portainer/ZGV2ZWxvcAo/Li8K
+ jq -nc --arg key analysis_key --arg value github.com/portainer/portainer/ZGV2ZWxvcAo/Li8K '{ key: $key, value: $value }'
++ date -u +%Y%m%d%H%M%S
++ sha256sum
++ awk '{ print $1 }'
++ cut -c1-16
++ head -c 32 /dev/urandom
+ writetaskstat analysis_nonce 7c518751d12e7f2a
+ jq -nc --arg key analysis_nonce --arg value 7c518751d12e7f2a '{ key: $key, value: $value }'
+ writetaskstat input_repo_name github.com/portainer/portainer
+ jq -nc --arg key input_repo_name --arg value github.com/portainer/portainer '{ key: $key, value: $value }'
+ writetaskstat input_repo_ref develop
+ jq -nc --arg key input_repo_ref --arg value develop '{ key: $key, value: $value }'
+ writetaskstat input_repo_path ./
+ jq -nc --arg key input_repo_path --arg value ./ '{ key: $key, value: $value }'
++ date -u +%Y-%m-%dT%H:%M:%SZ
+ writetaskstat timestamp_begin 2024-03-04T20:11:56Z
+ jq -nc --arg key timestamp_begin --arg value 2024-03-04T20:11:56Z '{ key: $key, value: $value }'
+ mkdir -p /tmp/twcr-a29280f04920
/tmp/twcr-a29280f04920 /twcr
+ pushd /tmp/twcr-a29280f04920
+ '[' -d .git ']'
+ git clone --depth=1 -b develop https://github.com/portainer/portainer.git .
Cloning into '.'...
++ date -u +%Y-%m-%dT%H:%M:%SZ
+ writetaskstat timestamp_git_clone_complete 2024-03-04T20:11:59Z
+ jq -nc --arg key timestamp_git_clone_complete --arg value 2024-03-04T20:11:59Z '{ key: $key, value: $value }'
++ git rev-parse HEAD
+ writetaskstat exec_repo_commit_sha ebcc98d5c515078993d6f3d2368e9c17a9d03a31
+ jq -nc --arg key exec_repo_commit_sha --arg value ebcc98d5c515078993d6f3d2368e9c17a9d03a31 '{ key: $key, value: $value }'
+++ git show --no-patch --format=%ci
++ date -u --date '2024-03-04 10:35:24 -0300' +%Y-%m-%dT%H:%M:%SZ
+ writetaskstat exec_repo_commit_date 2024-03-04T13:35:24Z
+ jq -nc --arg key exec_repo_commit_date --arg value 2024-03-04T13:35:24Z '{ key: $key, value: $value }'
/tmp/twcr-a29280f04920 /tmp/twcr-a29280f04920 /twcr
+ '[' -z ./ ']'
+ pushd ./
+ tailwind_config_file_name=
+ '[' -f tailwind.config.js ']'
+ tailwind_config_file_name=tailwind.config.js
+ writetaskstat exec_tailwind_config_file tailwind.config.js
+ jq -nc --arg key exec_tailwind_config_file --arg value tailwind.config.js '{ key: $key, value: $value }'
+ cp tailwind.config.js /twcr/mnt/results/extract-raw-tailwind-config.js
+ '[' '!' -f package.json ']'
+ cp package.json /twcr/mnt/results/extract-raw-package.json
++ /twcr/worker/../worker/pm-detect.sh /tmp/twcr-a29280f04920
+ package_manager_name=yarn
+ '[' -z yarn ']'
+ '[' -z yarn ']'
+ writetaskstat exec_node_package_manager yarn
+ jq -nc --arg key exec_node_package_manager --arg value yarn '{ key: $key, value: $value }'
+ attempt_mode=squash
+ true
++ date -u +%Y-%m-%dT%H:%M:%SZ
+ writetaskstat timestamp_attempt_squash_begin 2024-03-04T20:11:59Z
+ jq -nc --arg key timestamp_attempt_squash_begin --arg value 2024-03-04T20:11:59Z '{ key: $key, value: $value }'
+ [[ squash == \s\q\u\a\s\h ]]
+ set +e
+ node /twcr/worker/../worker/squash-package.mjs tailwind.config.js
+ exitcode=0
+ set -e
+ [[ 0 != \0 ]]
+ cat package.json
+ sed 's/^/>>> /'
>>> {
>>>   "author": "Portainer.io",
>>>   "name": "portainer",
>>>   "homepage": "http://portainer.io",
>>>   "version": "2.21.0",
>>>   "repository": {
>>>     "type": "git",
>>>     "url": "git@github.com:portainer/portainer.git"
>>>   },
>>>   "bugs": {
>>>     "url": "https://github.com/portainer/portainer/issues"
>>>   },
>>>   "licenses": [
>>>     {
>>>       "type": "Zlib",
>>>       "url": "https://raw.githubusercontent.com/portainer/portainer/develop/LICENSE"
>>>     }
>>>   ],
>>>   "engines": {
>>>     "node": ">= 16"
>>>   },
>>>   "dependencies": {},
>>>   "devDependencies": {
>>>     "tailwindcss": "3.3.3"
>>>   },
>>>   "resolutions": {
>>>     "**/jquery": "^3.6.0",
>>>     "decompress": "^4.2.1",
>>>     "**/lodash": "^4.17.21",
>>>     "js-yaml": "^3.14.0",
>>>     "minimist": "^1.2.6",
>>>     "http-proxy": "^1.18.1",
>>>     "**/@uirouter/react": "^1.0.7",
>>>     "**/@uirouter/angularjs": "1.0.11",
>>>     "**/moment": "^2.21.0",
>>>     "msw/**/wrap-ansi": "^7.0.0"
>>>   },
>>>   "browserslist": "last 2 versions",
>>>   "msw": {
>>>     "workerDirectory": ".storybook/public"
>>>   }
>>> }+ rm -f package-lock.json pnpm-lock.yaml yarn.lock
+ '[' ./ '!=' ./ ']'
+ set +e
+ /twcr/worker/../worker/pm-install.sh yarn /tmp/twcr-a29280f04920 /twcr/mnt/results
+ package_manager_name=yarn
+ procdir=/tmp/twcr-a29280f04920
+ datadir=/twcr/mnt/results
+ case "${package_manager_name}" in
+ '[' -z http://tid_cbd2624c48d4:ok@172.18.0.2:3128 ']'
+ yarn config set httpProxy http://tid_cbd2624c48d4:ok@172.18.0.2:3128
yarn config v1.22.19
success Set "httpProxy" to "http://tid_cbd2624c48d4:ok@172.18.0.2:3128".
Done in 0.16s.
+ '[' -z http://tid_cbd2624c48d4:ok@172.18.0.2:3128 ']'
+ yarn config set httpsProxy http://tid_cbd2624c48d4:ok@172.18.0.2:3128
yarn config v1.22.19
success Set "httpsProxy" to "http://tid_cbd2624c48d4:ok@172.18.0.2:3128".
Done in 0.09s.
+ yarn install
yarn install v1.22.19
info No lockfile found.
[1/5] Validating package.json...
[2/5] Resolving packages...
(node:131) [DEP0040] DeprecationWarning: The `punycode` module is deprecated. Please use a userland alternative instead.
(Use `node --trace-deprecation ...` to show where the warning was created)
[3/5] Fetching packages...
[4/5] Linking dependencies...
warning " > @uirouter/react@1.0.7" has unmet peer dependency "react@>=16.8.0".
warning " > @uirouter/angularjs@1.0.11" has unmet peer dependency "angular@>=1.2.0".
[5/5] Building fresh packages...
success Saved lockfile.
Done in 21.98s.
+ yarn list --depth=0 --json --non-interactive --no-progress
+ jq -cr '
        [.. | .name?]
        | map(select(.))
        | map(capture("^(?<name>@?[^@]+)@(?<version>.+)$"))
        | sort_by(.name)[]'
+ exitcode=0
+ set -e
+ [[ 0 != \0 ]]
++ jq -sr 'map(select(.name == "tailwindcss")) | first | .version'
+ tailwind_package_version=3.3.3
+ tailwind_config_exporter=tailwind.config.exporter2.cjs
+ '[' -f node_modules/tailwindcss/lib/lib/load-config.js ']'
+ tailwind_config_exporter=tailwind.config.exporter3.mjs
+ cp /twcr/worker/../worker/tailwind.config.exporter3.mjs ./
+ set +e
+ node ./tailwind.config.exporter3.mjs tailwind.config.js
+ exitcode=0
+ set -e
+ [[ 0 != \0 ]]
+ echo 'module.exports={plugins:['
+ jq -rs '
        map(select(.name | startswith("@tailwindcss/")))
        | map("require(" + ( .name | tojson ) + "),")[]
      '
+ grep -Ev '"@tailwindcss/postcss7-compat"'
+ true
+ echo ']}'
+ cat tailwind.config.js
+ sed 's/^/>>> /'
>>> module.exports={plugins:[
>>> ]}
+ node ./tailwind.config.exporter3.mjs tailwind.config.js
++ date -u +%Y-%m-%dT%H:%M:%SZ
+ writetaskstat timestamp_attempt_squash_end 2024-03-04T20:12:25Z
+ jq -nc --arg key timestamp_attempt_squash_end --arg value 2024-03-04T20:12:25Z '{ key: $key, value: $value }'
+ break
++ date -u +%Y-%m-%dT%H:%M:%SZ
+ writetaskstat timestamp_end 2024-03-04T20:12:25Z
+ jq -nc --arg key timestamp_end --arg value 2024-03-04T20:12:25Z '{ key: $key, value: $value }'
+ rm /twcr/mnt/results/extract-failed
+ touch /twcr/mnt/results/extract-completed
