==== RUN-DOCKER
+++ dirname -- ./worker/run.sh
++ cd -- ./worker
++ pwd
+ twcrdir=/twcr/worker/..
+ repo=github.com/saadeghi/daisyui
+ reporef=master
+ repopath=./src/docs
+ '[' true == true ']'
+ grep -q '^././'
++ echo github.com/saadeghi/daisyui
++ sha256sum
++ awk '{ print $1 }'
++ cut -c1-12
+ procdir=/tmp/twcr-1a71ad87d2a7
++ echo 'github.com/saadeghi/daisyui;master;./src/docs'
++ sha256sum
++ awk '{ print $1 }'
++ cut -c1-12
+ datadir=/twcr/worker/../mnt/dataset/data/c073b4df367b
+ '[' '!' -z /twcr/mnt/results ']'
+ datadir=/twcr/mnt/results
+ touch /twcr/mnt/results/extract-failed
++ base64
++ tr -d =
++ tr /+ _-
++ base64
++ tr -d =
++ tr /+ _-
+ writetaskstat analysis_key github.com/saadeghi/daisyui/bWFzdGVyCg/Li9zcmMvZG9jcwo
+ jq -nc --arg key analysis_key --arg value github.com/saadeghi/daisyui/bWFzdGVyCg/Li9zcmMvZG9jcwo '{ key: $key, value: $value }'
++ date -u +%Y%m%d%H%M%S
++ sha256sum
++ awk '{ print $1 }'
++ cut -c1-16
++ head -c 32 /dev/urandom
+ writetaskstat analysis_nonce 19df7a7dd3629b58
+ jq -nc --arg key analysis_nonce --arg value 19df7a7dd3629b58 '{ key: $key, value: $value }'
+ writetaskstat input_repo_name github.com/saadeghi/daisyui
+ jq -nc --arg key input_repo_name --arg value github.com/saadeghi/daisyui '{ key: $key, value: $value }'
+ writetaskstat input_repo_ref master
+ jq -nc --arg key input_repo_ref --arg value master '{ key: $key, value: $value }'
+ writetaskstat input_repo_path ./src/docs
+ jq -nc --arg key input_repo_path --arg value ./src/docs '{ key: $key, value: $value }'
++ date -u +%Y-%m-%dT%H:%M:%SZ
+ writetaskstat timestamp_begin 2024-03-04T00:24:05Z
+ jq -nc --arg key timestamp_begin --arg value 2024-03-04T00:24:05Z '{ key: $key, value: $value }'
+ mkdir -p /tmp/twcr-1a71ad87d2a7
+ pushd /tmp/twcr-1a71ad87d2a7
+ '[' -d .git ']'
+ git clone --depth=1 -b master https://github.com/saadeghi/daisyui.git .
/tmp/twcr-1a71ad87d2a7 /twcr
Cloning into '.'...
++ date -u +%Y-%m-%dT%H:%M:%SZ
+ writetaskstat timestamp_git_clone_complete 2024-03-04T00:24:08Z
+ jq -nc --arg key timestamp_git_clone_complete --arg value 2024-03-04T00:24:08Z '{ key: $key, value: $value }'
++ git rev-parse HEAD
+ writetaskstat exec_repo_commit_sha b155f9cb12c619f01abce885fb0a04ac82c3ab8d
+ jq -nc --arg key exec_repo_commit_sha --arg value b155f9cb12c619f01abce885fb0a04ac82c3ab8d '{ key: $key, value: $value }'
+++ git show --no-patch --format=%ci
++ date -u --date '2024-03-01 11:12:16 +0330' +%Y-%m-%dT%H:%M:%SZ
+ writetaskstat exec_repo_commit_date 2024-03-01T07:42:16Z
+ jq -nc --arg key exec_repo_commit_date --arg value 2024-03-01T07:42:16Z '{ key: $key, value: $value }'
/tmp/twcr-1a71ad87d2a7/src/docs /tmp/twcr-1a71ad87d2a7 /twcr
+ '[' -z ./src/docs ']'
+ pushd ./src/docs
+ tailwind_config_file_name=
+ '[' -f tailwind.config.js ']'
+ '[' -f tailwind.config.cjs ']'
+ tailwind_config_file_name=tailwind.config.cjs
+ writetaskstat exec_tailwind_config_file tailwind.config.cjs
+ jq -nc --arg key exec_tailwind_config_file --arg value tailwind.config.cjs '{ key: $key, value: $value }'
+ cp tailwind.config.cjs /twcr/mnt/results/extract-raw-tailwind-config.js
+ '[' '!' -f package.json ']'
+ cp package.json /twcr/mnt/results/extract-raw-package.json
++ /twcr/worker/../worker/pm-detect.sh /tmp/twcr-1a71ad87d2a7/src/docs
+ package_manager_name=
+ '[' -z '' ']'
+ '[' ./src/docs '!=' ./ ']'
++ /twcr/worker/../worker/pm-detect.sh /tmp/twcr-1a71ad87d2a7
+ package_manager_name=
+ '[' -z '' ']'
+ package_manager_name=npm
+ writetaskstat exec_node_package_manager npm
+ jq -nc --arg key exec_node_package_manager --arg value npm '{ key: $key, value: $value }'
+ attempt_mode=squash
+ true
++ date -u +%Y-%m-%dT%H:%M:%SZ
+ writetaskstat timestamp_attempt_squash_begin 2024-03-04T00:24:08Z
+ jq -nc --arg key timestamp_attempt_squash_begin --arg value 2024-03-04T00:24:08Z '{ key: $key, value: $value }'
+ [[ squash == \s\q\u\a\s\h ]]
+ set +e
+ node /twcr/worker/../worker/squash-package.mjs tailwind.config.cjs
+ exitcode=0
+ set -e
+ [[ 0 != \0 ]]
+ cat package.json
+ sed 's/^/>>> /'
>>> {
>>>   "type": "module",
>>>   "engines": {
>>>     "node": ">=20.6.0"
>>>   },
>>>   "devDependencies": {
>>>     "@tailwindcss/typography": "0.5.10",
>>>     "tailwindcss": "3.4.1"
>>>   },
>>>   "dependencies": {
>>>     "daisyui": "4.7.0"
>>>   }
>>> }+ rm -f package-lock.json pnpm-lock.yaml yarn.lock
+ '[' ./src/docs '!=' ./ ']'
+ rm -f /tmp/twcr-1a71ad87d2a7/package.json /tmp/twcr-1a71ad87d2a7/package-lock.json /tmp/twcr-1a71ad87d2a7/pnpm-lock.yaml /tmp/twcr-1a71ad87d2a7/yarn.lock
+ set +e
+ /twcr/worker/../worker/pm-install.sh npm /tmp/twcr-1a71ad87d2a7 /twcr/mnt/results
+ package_manager_name=npm
+ procdir=/tmp/twcr-1a71ad87d2a7
+ datadir=/twcr/mnt/results
+ case "${package_manager_name}" in
++ '[' -f package-lock.json ']'
++ echo install
+ npm install --ignore-engines

added 122 packages, and audited 123 packages in 8s

29 packages are looking for funding
  run `npm fund` for details

found 0 vulnerabilities
npm notice 
npm notice New minor version of npm available! 10.2.4 -> 10.5.0
npm notice Changelog: <https://github.com/npm/cli/releases/tag/v10.5.0>
npm notice Run `npm install -g npm@10.5.0` to update!
npm notice 
+ npm query '*'
+ jq -cr '
        map({ name: .name, version: .version })
        | map(select(.name))
        | sort_by(.name)[]
      '
+ exitcode=0
+ set -e
+ [[ 0 != \0 ]]
++ jq -sr 'map(select(.name == "tailwindcss")) | first | .version'
+ tailwind_package_version=3.4.1
+ tailwind_config_exporter=tailwind.config.exporter2.cjs
+ '[' -f node_modules/tailwindcss/lib/lib/load-config.js ']'
+ tailwind_config_exporter=tailwind.config.exporter3.mjs
+ cp /twcr/worker/../worker/tailwind.config.exporter3.mjs ./
+ set +e
+ node ./tailwind.config.exporter3.mjs tailwind.config.cjs
node:internal/modules/cjs/loader:1149
  const err = new Error(message);
              ^

Error: Cannot find module 'tailwindcss/plugin'
Require stack:
- /tmp/twcr-1a71ad87d2a7/src/components/tailwind.config.js
    at Module._resolveFilename (node:internal/modules/cjs/loader:1149:15)
    at Function.resolve (node:internal/modules/helpers:187:19)
    at _resolve (/tmp/twcr-1a71ad87d2a7/src/docs/node_modules/jiti/dist/jiti.js:1:251148)
    at jiti (/tmp/twcr-1a71ad87d2a7/src/docs/node_modules/jiti/dist/jiti.js:1:253746)
    at /tmp/twcr-1a71ad87d2a7/src/components/tailwind.config.js:1:91
    at evalModule (/tmp/twcr-1a71ad87d2a7/src/docs/node_modules/jiti/dist/jiti.js:1:256443)
    at jiti (/tmp/twcr-1a71ad87d2a7/src/docs/node_modules/jiti/dist/jiti.js:1:254371)
    at /tmp/twcr-1a71ad87d2a7/src/docs/tailwind.config.cjs:60:50
    at evalModule (/tmp/twcr-1a71ad87d2a7/src/docs/node_modules/jiti/dist/jiti.js:1:256443)
    at jiti (/tmp/twcr-1a71ad87d2a7/src/docs/node_modules/jiti/dist/jiti.js:1:254371) {
  code: 'MODULE_NOT_FOUND',
  requireStack: [ '/tmp/twcr-1a71ad87d2a7/src/components/tailwind.config.js' ]
}

Node.js v21.6.2
+ exitcode=1
+ set -e
+ [[ 1 != \0 ]]
+ [[ squash == \s\q\u\a\s\h ]]
+ echo '[worker] WARN: exporter failed; retrying with full install'
[worker] WARN: exporter failed; retrying with full install
+ attempt_mode=full
+ continue
+ true
++ date -u +%Y-%m-%dT%H:%M:%SZ
+ writetaskstat timestamp_attempt_full_begin 2024-03-04T00:24:17Z
+ jq -nc --arg key timestamp_attempt_full_begin --arg value 2024-03-04T00:24:17Z '{ key: $key, value: $value }'
+ [[ full == \s\q\u\a\s\h ]]
+ git clean -fdx
Removing node_modules/
Removing tailwind.config.exporter3.mjs
+ git reset --hard
HEAD is now at b155f9c typo
+ set +e
+ /twcr/worker/../worker/pm-install.sh npm /tmp/twcr-1a71ad87d2a7 /twcr/mnt/results
+ package_manager_name=npm
+ procdir=/tmp/twcr-1a71ad87d2a7
+ datadir=/twcr/mnt/results
+ case "${package_manager_name}" in
++ '[' -f package-lock.json ']'
++ echo ci
+ npm ci --ignore-engines

added 293 packages, and audited 294 packages in 9s

78 packages are looking for funding
  run `npm fund` for details

2 moderate severity vulnerabilities

Some issues need review, and may require choosing
a different dependency.

Run `npm audit` for details.
+ npm query '*'
+ jq -cr '
        map({ name: .name, version: .version })
        | map(select(.name))
        | sort_by(.name)[]
      '
+ exitcode=0
+ set -e
+ [[ 0 != \0 ]]
++ jq -sr 'map(select(.name == "tailwindcss")) | first | .version'
+ tailwind_package_version=3.4.1
+ tailwind_config_exporter=tailwind.config.exporter2.cjs
+ '[' -f node_modules/tailwindcss/lib/lib/load-config.js ']'
+ tailwind_config_exporter=tailwind.config.exporter3.mjs
+ cp /twcr/worker/../worker/tailwind.config.exporter3.mjs ./
+ set +e
+ node ./tailwind.config.exporter3.mjs tailwind.config.cjs
node:internal/modules/cjs/loader:1149
  const err = new Error(message);
              ^

Error: Cannot find module 'tailwindcss/plugin'
Require stack:
- /tmp/twcr-1a71ad87d2a7/src/components/tailwind.config.js
    at Module._resolveFilename (node:internal/modules/cjs/loader:1149:15)
    at Function.resolve (node:internal/modules/helpers:187:19)
    at _resolve (/tmp/twcr-1a71ad87d2a7/src/docs/node_modules/jiti/dist/jiti.js:1:251148)
    at jiti (/tmp/twcr-1a71ad87d2a7/src/docs/node_modules/jiti/dist/jiti.js:1:253746)
    at /tmp/twcr-1a71ad87d2a7/src/components/tailwind.config.js:1:91
    at evalModule (/tmp/twcr-1a71ad87d2a7/src/docs/node_modules/jiti/dist/jiti.js:1:256443)
    at jiti (/tmp/twcr-1a71ad87d2a7/src/docs/node_modules/jiti/dist/jiti.js:1:254371)
    at /tmp/twcr-1a71ad87d2a7/src/docs/tailwind.config.cjs:60:50
    at evalModule (/tmp/twcr-1a71ad87d2a7/src/docs/node_modules/jiti/dist/jiti.js:1:256443)
    at jiti (/tmp/twcr-1a71ad87d2a7/src/docs/node_modules/jiti/dist/jiti.js:1:254371) {
  code: 'MODULE_NOT_FOUND',
  requireStack: [ '/tmp/twcr-1a71ad87d2a7/src/components/tailwind.config.js' ]
}

Node.js v21.6.2
+ exitcode=1
+ set -e
+ [[ 1 != \0 ]]
+ [[ full == \s\q\u\a\s\h ]]
+ exit 1
