==== RUN-DOCKER
+++ dirname -- ./worker/run.sh
++ cd -- ./worker
++ pwd
+ twcrdir=/twcr/worker/..
+ repo=github.com/stemrollerapp/stemroller
+ reporef=main
+ repopath=./
+ '[' true == true ']'
+ grep -q '^././'
++ echo github.com/stemrollerapp/stemroller
++ sha256sum
++ awk '{ print $1 }'
++ cut -c1-12
+ procdir=/tmp/twcr-690cd104a552
++ echo 'github.com/stemrollerapp/stemroller;main;./'
++ sha256sum
++ awk '{ print $1 }'
++ cut -c1-12
+ datadir=/twcr/worker/../mnt/dataset/data/e2220a851a9a
+ '[' '!' -z /twcr/mnt/results ']'
+ datadir=/twcr/mnt/results
+ touch /twcr/mnt/results/extract-failed
++ base64
++ tr -d =
++ tr /+ _-
++ base64
++ tr -d =
++ tr /+ _-
+ writetaskstat analysis_key github.com/stemrollerapp/stemroller/bWFpbgo/Li8K
+ jq -nc --arg key analysis_key --arg value github.com/stemrollerapp/stemroller/bWFpbgo/Li8K '{ key: $key, value: $value }'
++ date -u +%Y%m%d%H%M%S
++ sha256sum
++ awk '{ print $1 }'
++ cut -c1-16
++ head -c 32 /dev/urandom
+ writetaskstat analysis_nonce 28b58f73e88daeb8
+ jq -nc --arg key analysis_nonce --arg value 28b58f73e88daeb8 '{ key: $key, value: $value }'
+ writetaskstat input_repo_name github.com/stemrollerapp/stemroller
+ jq -nc --arg key input_repo_name --arg value github.com/stemrollerapp/stemroller '{ key: $key, value: $value }'
+ writetaskstat input_repo_ref main
+ jq -nc --arg key input_repo_ref --arg value main '{ key: $key, value: $value }'
+ writetaskstat input_repo_path ./
+ jq -nc --arg key input_repo_path --arg value ./ '{ key: $key, value: $value }'
++ date -u +%Y-%m-%dT%H:%M:%SZ
+ writetaskstat timestamp_begin 2024-03-04T02:25:47Z
+ jq -nc --arg key timestamp_begin --arg value 2024-03-04T02:25:47Z '{ key: $key, value: $value }'
+ mkdir -p /tmp/twcr-690cd104a552
/tmp/twcr-690cd104a552 /twcr
+ pushd /tmp/twcr-690cd104a552
+ '[' -d .git ']'
+ git clone --depth=1 -b main https://github.com/stemrollerapp/stemroller.git .
Cloning into '.'...
++ date -u +%Y-%m-%dT%H:%M:%SZ
+ writetaskstat timestamp_git_clone_complete 2024-03-04T02:25:48Z
+ jq -nc --arg key timestamp_git_clone_complete --arg value 2024-03-04T02:25:48Z '{ key: $key, value: $value }'
++ git rev-parse HEAD
+ writetaskstat exec_repo_commit_sha ef4978eae89b6751e628de8fb6beb4b802a81cd8
+ jq -nc --arg key exec_repo_commit_sha --arg value ef4978eae89b6751e628de8fb6beb4b802a81cd8 '{ key: $key, value: $value }'
+++ git show --no-patch --format=%ci
++ date -u --date '2023-10-08 00:05:55 -0500' +%Y-%m-%dT%H:%M:%SZ
+ writetaskstat exec_repo_commit_date 2023-10-08T05:05:55Z
+ jq -nc --arg key exec_repo_commit_date --arg value 2023-10-08T05:05:55Z '{ key: $key, value: $value }'
/tmp/twcr-690cd104a552 /tmp/twcr-690cd104a552 /twcr
+ '[' -z ./ ']'
+ pushd ./
+ tailwind_config_file_name=
+ '[' -f tailwind.config.js ']'
+ '[' -f tailwind.config.cjs ']'
+ tailwind_config_file_name=tailwind.config.cjs
+ writetaskstat exec_tailwind_config_file tailwind.config.cjs
+ jq -nc --arg key exec_tailwind_config_file --arg value tailwind.config.cjs '{ key: $key, value: $value }'
+ cp tailwind.config.cjs /twcr/mnt/results/extract-raw-tailwind-config.js
+ '[' '!' -f package.json ']'
+ cp package.json /twcr/mnt/results/extract-raw-package.json
++ /twcr/worker/../worker/pm-detect.sh /tmp/twcr-690cd104a552
+ package_manager_name=
+ '[' -z '' ']'
+ '[' ./ '!=' ./ ']'
+ '[' -z '' ']'
+ package_manager_name=npm
+ writetaskstat exec_node_package_manager npm
+ jq -nc --arg key exec_node_package_manager --arg value npm '{ key: $key, value: $value }'
+ attempt_mode=squash
+ true
++ date -u +%Y-%m-%dT%H:%M:%SZ
+ writetaskstat timestamp_attempt_squash_begin 2024-03-04T02:25:48Z
+ jq -nc --arg key timestamp_attempt_squash_begin --arg value 2024-03-04T02:25:48Z '{ key: $key, value: $value }'
+ [[ squash == \s\q\u\a\s\h ]]
+ set +e
+ node /twcr/worker/../worker/squash-package.mjs tailwind.config.cjs
+ exitcode=0
+ set -e
+ [[ 0 != \0 ]]
+ cat package.json
+ sed 's/^/>>> /'
>>> {
>>>   "name": "stemroller",
>>>   "version": "2.0.3",
>>>   "private": true,
>>>   "type": "module",
>>>   "description": "Isolate vocals, drums, bass, and other instrumental stems from any song",
>>>   "homepage": "https://stemroller.com",
>>>   "license": "Unlicense",
>>>   "author": "StemRoller Developers",
>>>   "repository": "https://github.com/stemrollerapp/stemroller.git",
>>>   "main": "main-src/main.cjs",
>>>   "devDependencies": {
>>>     "tailwindcss": "^3.1.4"
>>>   },
>>>   "dependencies": {}
>>> }+ rm -f package-lock.json pnpm-lock.yaml yarn.lock
+ '[' ./ '!=' ./ ']'
+ set +e
+ /twcr/worker/../worker/pm-install.sh npm /tmp/twcr-690cd104a552 /twcr/mnt/results
+ package_manager_name=npm
+ procdir=/tmp/twcr-690cd104a552
+ datadir=/twcr/mnt/results
+ case "${package_manager_name}" in
++ '[' -f package-lock.json ']'
++ echo install
+ npm install --ignore-engines

added 112 packages, and audited 113 packages in 6s

28 packages are looking for funding
  run `npm fund` for details

found 0 vulnerabilities
npm notice 
npm notice New minor version of npm available! 10.2.4 -> 10.5.0
npm notice Changelog: <https://github.com/npm/cli/releases/tag/v10.5.0>
npm notice Run `npm install -g npm@10.5.0` to update!
npm notice 
+ npm query '*'
+ jq -cr '
        map({ name: .name, version: .version })
        | map(select(.name))
        | sort_by(.name)[]
      '
+ exitcode=0
+ set -e
+ [[ 0 != \0 ]]
++ jq -sr 'map(select(.name == "tailwindcss")) | first | .version'
+ tailwind_package_version=3.4.1
+ tailwind_config_exporter=tailwind.config.exporter2.cjs
+ '[' -f node_modules/tailwindcss/lib/lib/load-config.js ']'
+ tailwind_config_exporter=tailwind.config.exporter3.mjs
+ cp /twcr/worker/../worker/tailwind.config.exporter3.mjs ./
+ set +e
+ node ./tailwind.config.exporter3.mjs tailwind.config.cjs
+ exitcode=0
+ set -e
+ [[ 0 != \0 ]]
+ echo 'module.exports={plugins:['
+ jq -rs '
        map(select(.name | startswith("@tailwindcss/")))
        | map("require(" + ( .name | tojson ) + "),")[]
      '
+ grep -Ev '"@tailwindcss/postcss7-compat"'
+ true
+ echo ']}'
+ cat tailwind.config.cjs
+ sed 's/^/>>> /'
>>> module.exports={plugins:[
>>> ]}
+ node ./tailwind.config.exporter3.mjs tailwind.config.cjs
++ date -u +%Y-%m-%dT%H:%M:%SZ
+ writetaskstat timestamp_attempt_squash_end 2024-03-04T02:25:56Z
+ jq -nc --arg key timestamp_attempt_squash_end --arg value 2024-03-04T02:25:56Z '{ key: $key, value: $value }'
+ break
++ date -u +%Y-%m-%dT%H:%M:%SZ
+ writetaskstat timestamp_end 2024-03-04T02:25:56Z
+ jq -nc --arg key timestamp_end --arg value 2024-03-04T02:25:56Z '{ key: $key, value: $value }'
+ rm /twcr/mnt/results/extract-failed
+ touch /twcr/mnt/results/extract-completed
