==== RUN-DOCKER
+++ dirname -- ./worker/run.sh
++ cd -- ./worker
++ pwd
+ twcrdir=/twcr/worker/..
+ repo=github.com/resir014/stream-overlays
+ reporef=main
+ repopath=./
+ '[' true == true ']'
+ grep -q '^././'
++ echo github.com/resir014/stream-overlays
++ sha256sum
++ awk '{ print $1 }'
++ cut -c1-12
+ procdir=/tmp/twcr-7fb51befb83b
++ echo 'github.com/resir014/stream-overlays;main;./'
++ sha256sum
++ awk '{ print $1 }'
++ cut -c1-12
+ datadir=/twcr/worker/../mnt/dataset/data/be43f44aa057
+ '[' '!' -z /twcr/mnt/results ']'
+ datadir=/twcr/mnt/results
+ touch /twcr/mnt/results/extract-failed
++ base64
++ tr -d =
++ tr /+ _-
++ base64
++ tr -d =
++ tr /+ _-
+ writetaskstat analysis_key github.com/resir014/stream-overlays/bWFpbgo/Li8K
+ jq -nc --arg key analysis_key --arg value github.com/resir014/stream-overlays/bWFpbgo/Li8K '{ key: $key, value: $value }'
++ date -u +%Y%m%d%H%M%S
++ sha256sum
++ awk '{ print $1 }'
++ cut -c1-16
++ head -c 32 /dev/urandom
+ writetaskstat analysis_nonce 674088252c3681bf
+ jq -nc --arg key analysis_nonce --arg value 674088252c3681bf '{ key: $key, value: $value }'
+ writetaskstat input_repo_name github.com/resir014/stream-overlays
+ jq -nc --arg key input_repo_name --arg value github.com/resir014/stream-overlays '{ key: $key, value: $value }'
+ writetaskstat input_repo_ref main
+ jq -nc --arg key input_repo_ref --arg value main '{ key: $key, value: $value }'
+ writetaskstat input_repo_path ./
+ jq -nc --arg key input_repo_path --arg value ./ '{ key: $key, value: $value }'
++ date -u +%Y-%m-%dT%H:%M:%SZ
+ writetaskstat timestamp_begin 2024-03-04T09:01:02Z
+ jq -nc --arg key timestamp_begin --arg value 2024-03-04T09:01:02Z '{ key: $key, value: $value }'
+ mkdir -p /tmp/twcr-7fb51befb83b
+ pushd /tmp/twcr-7fb51befb83b
+ '[' -d .git ']'
+ git clone --depth=1 -b main https://github.com/resir014/stream-overlays.git .
/tmp/twcr-7fb51befb83b /twcr
Cloning into '.'...
++ date -u +%Y-%m-%dT%H:%M:%SZ
+ writetaskstat timestamp_git_clone_complete 2024-03-04T09:01:03Z
+ jq -nc --arg key timestamp_git_clone_complete --arg value 2024-03-04T09:01:03Z '{ key: $key, value: $value }'
++ git rev-parse HEAD
+ writetaskstat exec_repo_commit_sha ebeb413c9661df702d85fb952183836c894de506
+ jq -nc --arg key exec_repo_commit_sha --arg value ebeb413c9661df702d85fb952183836c894de506 '{ key: $key, value: $value }'
+++ git show --no-patch --format=%ci
++ date -u --date '2023-12-07 17:15:55 +0700' +%Y-%m-%dT%H:%M:%SZ
+ writetaskstat exec_repo_commit_date 2023-12-07T10:15:55Z
+ jq -nc --arg key exec_repo_commit_date --arg value 2023-12-07T10:15:55Z '{ key: $key, value: $value }'
/tmp/twcr-7fb51befb83b /tmp/twcr-7fb51befb83b /twcr
+ '[' -z ./ ']'
+ pushd ./
+ tailwind_config_file_name=
+ '[' -f tailwind.config.js ']'
+ tailwind_config_file_name=tailwind.config.js
+ writetaskstat exec_tailwind_config_file tailwind.config.js
+ jq -nc --arg key exec_tailwind_config_file --arg value tailwind.config.js '{ key: $key, value: $value }'
+ cp tailwind.config.js /twcr/mnt/results/extract-raw-tailwind-config.js
+ '[' '!' -f package.json ']'
+ cp package.json /twcr/mnt/results/extract-raw-package.json
++ /twcr/worker/../worker/pm-detect.sh /tmp/twcr-7fb51befb83b
+ package_manager_name=yarn
+ '[' -z yarn ']'
+ '[' -z yarn ']'
+ writetaskstat exec_node_package_manager yarn
+ jq -nc --arg key exec_node_package_manager --arg value yarn '{ key: $key, value: $value }'
+ attempt_mode=squash
+ true
++ date -u +%Y-%m-%dT%H:%M:%SZ
+ writetaskstat timestamp_attempt_squash_begin 2024-03-04T09:01:03Z
+ jq -nc --arg key timestamp_attempt_squash_begin --arg value 2024-03-04T09:01:03Z '{ key: $key, value: $value }'
+ [[ squash == \s\q\u\a\s\h ]]
+ set +e
+ node /twcr/worker/../worker/squash-package.mjs tailwind.config.js
+ exitcode=0
+ set -e
+ [[ 0 != \0 ]]
+ cat package.json
+ sed 's/^/>>> /'
+ rm -f package-lock.json pnpm-lock.yaml yarn.lock
>>> {
>>>   "name": "@resir014/stream-overlays",
>>>   "version": "1.0.0",
>>>   "description": "Experimenting on using React for OBS stream overlays.",
>>>   "main": "N/A",
>>>   "repository": "https://github.com/resir014/stream-overlays.git",
>>>   "author": "Resi Respati <resir014@gmail.com>",
>>>   "license": "MIT",
>>>   "private": true,
>>>   "engines": {
>>>     "node": "18.x || 20.x"
>>>   },
>>>   "dependencies": {},
>>>   "devDependencies": {
>>>     "@resir014/tailwind-preset-chungking": "^0.1.4-canary.1",
>>>     "tailwindcss": "^3.3.2"
>>>   }
>>> }+ '[' ./ '!=' ./ ']'
+ set +e
+ /twcr/worker/../worker/pm-install.sh yarn /tmp/twcr-7fb51befb83b /twcr/mnt/results
+ package_manager_name=yarn
+ procdir=/tmp/twcr-7fb51befb83b
+ datadir=/twcr/mnt/results
+ case "${package_manager_name}" in
+ '[' -z http://tid_335c191bbbc1:ok@172.18.0.2:3128 ']'
+ yarn config set httpProxy http://tid_335c191bbbc1:ok@172.18.0.2:3128
yarn config v1.22.19
success Set "httpProxy" to "http://tid_335c191bbbc1:ok@172.18.0.2:3128".
Done in 0.05s.
+ '[' -z http://tid_335c191bbbc1:ok@172.18.0.2:3128 ']'
+ yarn config set httpsProxy http://tid_335c191bbbc1:ok@172.18.0.2:3128
yarn config v1.22.19
success Set "httpsProxy" to "http://tid_335c191bbbc1:ok@172.18.0.2:3128".
Done in 0.05s.
+ yarn install
yarn install v1.22.19
info No lockfile found.
[1/5] Validating package.json...
error @resir014/stream-overlays@1.0.0: The engine "node" is incompatible with this module. Expected version "18.x || 20.x". Got "21.6.2"
info Visit https://yarnpkg.com/en/docs/cli/install for documentation about this command.
error Found incompatible module.
+ exitcode=1
+ set -e
+ [[ 1 != \0 ]]
+ [[ squash == \s\q\u\a\s\h ]]
+ echo '[worker] WARN: package manager failed; retrying with full install'
[worker] WARN: package manager failed; retrying with full install
+ attempt_mode=full
+ continue
+ true
++ date -u +%Y-%m-%dT%H:%M:%SZ
+ writetaskstat timestamp_attempt_full_begin 2024-03-04T09:01:04Z
+ jq -nc --arg key timestamp_attempt_full_begin --arg value 2024-03-04T09:01:04Z '{ key: $key, value: $value }'
+ [[ full == \s\q\u\a\s\h ]]
+ git clean -fdx
+ git reset --hard
HEAD is now at ebeb413 fix: missing fonts
+ set +e
+ /twcr/worker/../worker/pm-install.sh yarn /tmp/twcr-7fb51befb83b /twcr/mnt/results
+ package_manager_name=yarn
+ procdir=/tmp/twcr-7fb51befb83b
+ datadir=/twcr/mnt/results
+ case "${package_manager_name}" in
+ '[' -z http://tid_335c191bbbc1:ok@172.18.0.2:3128 ']'
+ yarn config set httpProxy http://tid_335c191bbbc1:ok@172.18.0.2:3128
yarn config v1.22.19
success Set "httpProxy" to "http://tid_335c191bbbc1:ok@172.18.0.2:3128".
Done in 0.05s.
+ '[' -z http://tid_335c191bbbc1:ok@172.18.0.2:3128 ']'
+ yarn config set httpsProxy http://tid_335c191bbbc1:ok@172.18.0.2:3128
yarn config v1.22.19
success Set "httpsProxy" to "http://tid_335c191bbbc1:ok@172.18.0.2:3128".
Done in 0.04s.
+ yarn install
yarn install v1.22.19
[1/5] Validating package.json...
error @resir014/stream-overlays@1.0.0: The engine "node" is incompatible with this module. Expected version "18.x || 20.x". Got "21.6.2"
info Visit https://yarnpkg.com/en/docs/cli/install for documentation about this command.
error Found incompatible module.
+ exitcode=1
+ set -e
+ [[ 1 != \0 ]]
+ [[ full == \s\q\u\a\s\h ]]
+ exit 1
