==== RUN-DOCKER
+++ dirname -- ./worker/run.sh
++ cd -- ./worker
++ pwd
+ twcrdir=/twcr/worker/..
+ repo=github.com/yinkakun/medusa-starter-monster
+ reporef=master
+ repopath=./storefront
+ '[' true == true ']'
+ grep -q '^././'
++ echo github.com/yinkakun/medusa-starter-monster
++ sha256sum
++ awk '{ print $1 }'
++ cut -c1-12
+ procdir=/tmp/twcr-ba091f495f96
++ echo 'github.com/yinkakun/medusa-starter-monster;master;./storefront'
++ sha256sum
++ awk '{ print $1 }'
++ cut -c1-12
+ datadir=/twcr/worker/../mnt/dataset/data/d5dd1c0f4395
+ '[' '!' -z /twcr/mnt/results ']'
+ datadir=/twcr/mnt/results
+ touch /twcr/mnt/results/extract-failed
++ base64
++ tr -d =
++ tr /+ _-
++ base64
++ tr -d =
++ tr /+ _-
+ writetaskstat analysis_key github.com/yinkakun/medusa-starter-monster/bWFzdGVyCg/Li9zdG9yZWZyb250Cg
+ jq -nc --arg key analysis_key --arg value github.com/yinkakun/medusa-starter-monster/bWFzdGVyCg/Li9zdG9yZWZyb250Cg '{ key: $key, value: $value }'
++ date -u +%Y%m%d%H%M%S
++ sha256sum
++ awk '{ print $1 }'
++ cut -c1-16
++ head -c 32 /dev/urandom
+ writetaskstat analysis_nonce fff254d919fa8db4
+ jq -nc --arg key analysis_nonce --arg value fff254d919fa8db4 '{ key: $key, value: $value }'
+ writetaskstat input_repo_name github.com/yinkakun/medusa-starter-monster
+ jq -nc --arg key input_repo_name --arg value github.com/yinkakun/medusa-starter-monster '{ key: $key, value: $value }'
+ writetaskstat input_repo_ref master
+ jq -nc --arg key input_repo_ref --arg value master '{ key: $key, value: $value }'
+ writetaskstat input_repo_path ./storefront
+ jq -nc --arg key input_repo_path --arg value ./storefront '{ key: $key, value: $value }'
++ date -u +%Y-%m-%dT%H:%M:%SZ
+ writetaskstat timestamp_begin 2024-03-04T10:06:22Z
+ jq -nc --arg key timestamp_begin --arg value 2024-03-04T10:06:22Z '{ key: $key, value: $value }'
+ mkdir -p /tmp/twcr-ba091f495f96
+ pushd /tmp/twcr-ba091f495f96
+ '[' -d .git ']'
+ git clone --depth=1 -b master https://github.com/yinkakun/medusa-starter-monster.git .
/tmp/twcr-ba091f495f96 /twcr
Cloning into '.'...
++ date -u +%Y-%m-%dT%H:%M:%SZ
+ writetaskstat timestamp_git_clone_complete 2024-03-04T10:06:23Z
+ jq -nc --arg key timestamp_git_clone_complete --arg value 2024-03-04T10:06:23Z '{ key: $key, value: $value }'
++ git rev-parse HEAD
+ writetaskstat exec_repo_commit_sha db4fafbf43b817aeaeee88d675c76fe85eaf3dbc
+ jq -nc --arg key exec_repo_commit_sha --arg value db4fafbf43b817aeaeee88d675c76fe85eaf3dbc '{ key: $key, value: $value }'
+++ git show --no-patch --format=%ci
++ date -u --date '2022-10-27 06:03:49 +0100' +%Y-%m-%dT%H:%M:%SZ
+ writetaskstat exec_repo_commit_date 2022-10-27T05:03:49Z
+ jq -nc --arg key exec_repo_commit_date --arg value 2022-10-27T05:03:49Z '{ key: $key, value: $value }'
/tmp/twcr-ba091f495f96/storefront /tmp/twcr-ba091f495f96 /twcr
+ '[' -z ./storefront ']'
+ pushd ./storefront
+ tailwind_config_file_name=
+ '[' -f tailwind.config.js ']'
+ tailwind_config_file_name=tailwind.config.js
+ writetaskstat exec_tailwind_config_file tailwind.config.js
+ jq -nc --arg key exec_tailwind_config_file --arg value tailwind.config.js '{ key: $key, value: $value }'
+ cp tailwind.config.js /twcr/mnt/results/extract-raw-tailwind-config.js
+ '[' '!' -f package.json ']'
+ cp package.json /twcr/mnt/results/extract-raw-package.json
++ /twcr/worker/../worker/pm-detect.sh /tmp/twcr-ba091f495f96/storefront
+ package_manager_name=yarn
+ '[' -z yarn ']'
+ '[' -z yarn ']'
+ writetaskstat exec_node_package_manager yarn
+ jq -nc --arg key exec_node_package_manager --arg value yarn '{ key: $key, value: $value }'
+ attempt_mode=squash
+ true
++ date -u +%Y-%m-%dT%H:%M:%SZ
+ writetaskstat timestamp_attempt_squash_begin 2024-03-04T10:06:23Z
+ jq -nc --arg key timestamp_attempt_squash_begin --arg value 2024-03-04T10:06:23Z '{ key: $key, value: $value }'
+ [[ squash == \s\q\u\a\s\h ]]
+ set +e
+ node /twcr/worker/../worker/squash-package.mjs tailwind.config.js
+ exitcode=0
+ set -e
+ [[ 0 != \0 ]]
+ cat package.json
+ sed 's/^/>>> /'
>>> {
>>>   "name": "medusa-storefront",
>>>   "description": "Medusa Storefront",
>>>   "version": "1.0.0",
>>>   "private": true,
>>>   "license": "MIT",
>>>   "keywords": [
>>>     "nextjs",
>>>     "starter",
>>>     "typescript"
>>>   ],
>>>   "dependencies": {
>>>     "tailwindcss": "3.2.1"
>>>   },
>>>   "devDependencies": {}
>>> }+ rm -f package-lock.json pnpm-lock.yaml yarn.lock
+ '[' ./storefront '!=' ./ ']'
+ rm -f /tmp/twcr-ba091f495f96/package.json /tmp/twcr-ba091f495f96/package-lock.json /tmp/twcr-ba091f495f96/pnpm-lock.yaml /tmp/twcr-ba091f495f96/yarn.lock
+ set +e
+ /twcr/worker/../worker/pm-install.sh yarn /tmp/twcr-ba091f495f96 /twcr/mnt/results
+ package_manager_name=yarn
+ procdir=/tmp/twcr-ba091f495f96
+ datadir=/twcr/mnt/results
+ case "${package_manager_name}" in
+ '[' -z http://tid_b6f75e2685f5:ok@172.18.0.2:3128 ']'
+ yarn config set httpProxy http://tid_b6f75e2685f5:ok@172.18.0.2:3128
yarn config v1.22.19
success Set "httpProxy" to "http://tid_b6f75e2685f5:ok@172.18.0.2:3128".
Done in 0.03s.
+ '[' -z http://tid_b6f75e2685f5:ok@172.18.0.2:3128 ']'
+ yarn config set httpsProxy http://tid_b6f75e2685f5:ok@172.18.0.2:3128
yarn config v1.22.19
success Set "httpsProxy" to "http://tid_b6f75e2685f5:ok@172.18.0.2:3128".
Done in 0.03s.
+ yarn install
yarn install v1.22.19
info No lockfile found.
[1/4] Resolving packages...
(node:132) [DEP0040] DeprecationWarning: The `punycode` module is deprecated. Please use a userland alternative instead.
(Use `node --trace-deprecation ...` to show where the warning was created)
[2/4] Fetching packages...
[3/4] Linking dependencies...
warning " > tailwindcss@3.2.1" has unmet peer dependency "postcss@^8.0.9".
[4/4] Building fresh packages...
success Saved lockfile.
Done in 4.35s.
+ yarn list --depth=0 --json --non-interactive --no-progress
+ jq -cr '
        [.. | .name?]
        | map(select(.))
        | map(capture("^(?<name>@?[^@]+)@(?<version>.+)$"))
        | sort_by(.name)[]'
+ exitcode=0
+ set -e
+ [[ 0 != \0 ]]
++ jq -sr 'map(select(.name == "tailwindcss")) | first | .version'
+ tailwind_package_version=3.2.1
+ tailwind_config_exporter=tailwind.config.exporter2.cjs
+ '[' -f node_modules/tailwindcss/lib/lib/load-config.js ']'
+ cp /twcr/worker/../worker/tailwind.config.exporter2.cjs ./
+ set +e
+ node ./tailwind.config.exporter2.cjs tailwind.config.js
+ exitcode=0
+ set -e
+ [[ 0 != \0 ]]
+ echo 'module.exports={plugins:['
+ jq -rs '
        map(select(.name | startswith("@tailwindcss/")))
        | map("require(" + ( .name | tojson ) + "),")[]
      '
+ grep -Ev '"@tailwindcss/postcss7-compat"'
+ true
+ echo ']}'
+ cat tailwind.config.js
+ sed 's/^/>>> /'
>>> module.exports={plugins:[
>>> ]}
+ node ./tailwind.config.exporter2.cjs tailwind.config.js
++ date -u +%Y-%m-%dT%H:%M:%SZ
+ writetaskstat timestamp_attempt_squash_end 2024-03-04T10:06:29Z
+ jq -nc --arg key timestamp_attempt_squash_end --arg value 2024-03-04T10:06:29Z '{ key: $key, value: $value }'
+ break
++ date -u +%Y-%m-%dT%H:%M:%SZ
+ writetaskstat timestamp_end 2024-03-04T10:06:29Z
+ jq -nc --arg key timestamp_end --arg value 2024-03-04T10:06:29Z '{ key: $key, value: $value }'
+ rm /twcr/mnt/results/extract-failed
+ touch /twcr/mnt/results/extract-completed
