==== RUN-DOCKER
+++ dirname -- ./worker/run.sh
++ cd -- ./worker
++ pwd
+ twcrdir=/twcr/worker/..
+ repo=github.com/cld-agency/craftwind-boilerplate
+ reporef=craft-4
+ repopath=./
+ '[' true == true ']'
+ grep -q '^././'
++ echo github.com/cld-agency/craftwind-boilerplate
++ sha256sum
++ awk '{ print $1 }'
++ cut -c1-12
+ procdir=/tmp/twcr-3290337d2e59
++ echo 'github.com/cld-agency/craftwind-boilerplate;craft-4;./'
++ sha256sum
++ awk '{ print $1 }'
++ cut -c1-12
+ datadir=/twcr/worker/../mnt/dataset/data/f7acacc68379
+ '[' '!' -z /twcr/mnt/results ']'
+ datadir=/twcr/mnt/results
+ touch /twcr/mnt/results/extract-failed
++ base64
++ tr -d =
++ tr /+ _-
++ base64
++ tr -d =
++ tr /+ _-
+ writetaskstat analysis_key github.com/cld-agency/craftwind-boilerplate/Y3JhZnQtNAo/Li8K
+ jq -nc --arg key analysis_key --arg value github.com/cld-agency/craftwind-boilerplate/Y3JhZnQtNAo/Li8K '{ key: $key, value: $value }'
++ date -u +%Y%m%d%H%M%S
++ sha256sum
++ awk '{ print $1 }'
++ cut -c1-16
++ head -c 32 /dev/urandom
+ writetaskstat analysis_nonce cd02615b87bdfdac
+ jq -nc --arg key analysis_nonce --arg value cd02615b87bdfdac '{ key: $key, value: $value }'
+ writetaskstat input_repo_name github.com/cld-agency/craftwind-boilerplate
+ jq -nc --arg key input_repo_name --arg value github.com/cld-agency/craftwind-boilerplate '{ key: $key, value: $value }'
+ writetaskstat input_repo_ref craft-4
+ jq -nc --arg key input_repo_ref --arg value craft-4 '{ key: $key, value: $value }'
+ writetaskstat input_repo_path ./
+ jq -nc --arg key input_repo_path --arg value ./ '{ key: $key, value: $value }'
++ date -u +%Y-%m-%dT%H:%M:%SZ
+ writetaskstat timestamp_begin 2024-03-04T12:00:44Z
+ jq -nc --arg key timestamp_begin --arg value 2024-03-04T12:00:44Z '{ key: $key, value: $value }'
+ mkdir -p /tmp/twcr-3290337d2e59
+ pushd /tmp/twcr-3290337d2e59
+ '[' -d .git ']'
+ git clone --depth=1 -b craft-4 https://github.com/cld-agency/craftwind-boilerplate.git .
/tmp/twcr-3290337d2e59 /twcr
Cloning into '.'...
++ date -u +%Y-%m-%dT%H:%M:%SZ
+ writetaskstat timestamp_git_clone_complete 2024-03-04T12:00:45Z
+ jq -nc --arg key timestamp_git_clone_complete --arg value 2024-03-04T12:00:45Z '{ key: $key, value: $value }'
++ git rev-parse HEAD
+ writetaskstat exec_repo_commit_sha 7fbe81f201ed47f3ffb91077efed824b4bb65b06
+ jq -nc --arg key exec_repo_commit_sha --arg value 7fbe81f201ed47f3ffb91077efed824b4bb65b06 '{ key: $key, value: $value }'
+++ git show --no-patch --format=%ci
++ date -u --date '2024-02-22 14:16:43 +0000' +%Y-%m-%dT%H:%M:%SZ
+ writetaskstat exec_repo_commit_date 2024-02-22T14:16:43Z
+ jq -nc --arg key exec_repo_commit_date --arg value 2024-02-22T14:16:43Z '{ key: $key, value: $value }'
+ '[' -z ./ ']'
+ pushd ./
+ tailwind_config_file_name=
+ '[' -f tailwind.config.js ']'
+ tailwind_config_file_name=tailwind.config.js
+ writetaskstat exec_tailwind_config_file tailwind.config.js
+ jq -nc --arg key exec_tailwind_config_file --arg value tailwind.config.js '{ key: $key, value: $value }'
/tmp/twcr-3290337d2e59 /tmp/twcr-3290337d2e59 /twcr
+ cp tailwind.config.js /twcr/mnt/results/extract-raw-tailwind-config.js
+ '[' '!' -f package.json ']'
+ cp package.json /twcr/mnt/results/extract-raw-package.json
++ /twcr/worker/../worker/pm-detect.sh /tmp/twcr-3290337d2e59
+ package_manager_name=
+ '[' -z '' ']'
+ '[' ./ '!=' ./ ']'
+ '[' -z '' ']'
+ package_manager_name=npm
+ writetaskstat exec_node_package_manager npm
+ jq -nc --arg key exec_node_package_manager --arg value npm '{ key: $key, value: $value }'
+ attempt_mode=squash
+ true
++ date -u +%Y-%m-%dT%H:%M:%SZ
+ writetaskstat timestamp_attempt_squash_begin 2024-03-04T12:00:45Z
+ jq -nc --arg key timestamp_attempt_squash_begin --arg value 2024-03-04T12:00:45Z '{ key: $key, value: $value }'
+ [[ squash == \s\q\u\a\s\h ]]
+ set +e
+ node /twcr/worker/../worker/squash-package.mjs tailwind.config.js
+ exitcode=0
+ set -e
+ [[ 0 != \0 ]]
+ cat package.json
+ sed 's/^/>>> /'
>>> {
>>>   "name": "projectnamewithnospacesorcaps",
>>>   "version": "1.0.0",
>>>   "description": "A Client Name",
>>>   "main": "webpack.mix.js",
>>>   "keywords": [],
>>>   "author": "",
>>>   "license": "ISC",
>>>   "browserslist": [
>>>     "> 1%"
>>>   ],
>>>   "watch": {
>>>     "prod": {
>>>       "patterns": [
>>>         "public_html/_assets/js",
>>>         "public_html/_assets/css"
>>>       ],
>>>       "ignore": "mix-manifest.json",
>>>       "extensions": "js,css,scss",
>>>       "runOnChangeOnly": true,
>>>       "inherit": true,
>>>       "quiet": true,
>>>       "silent": true
>>>     }
>>>   },
>>>   "jshintConfig": {
>>>     "esversion": 6
>>>   },
>>>   "devDependencies": {
>>>     "tailwindcss": "^3.2.4"
>>>   },
>>>   "dependencies": {}
>>> }+ rm -f package-lock.json pnpm-lock.yaml yarn.lock
+ '[' ./ '!=' ./ ']'
+ set +e
+ /twcr/worker/../worker/pm-install.sh npm /tmp/twcr-3290337d2e59 /twcr/mnt/results
+ package_manager_name=npm
+ procdir=/tmp/twcr-3290337d2e59
+ datadir=/twcr/mnt/results
+ case "${package_manager_name}" in
++ '[' -f package-lock.json ']'
++ echo install
+ npm install --ignore-engines

added 112 packages, and audited 113 packages in 3s

28 packages are looking for funding
  run `npm fund` for details

found 0 vulnerabilities
npm notice 
npm notice New minor version of npm available! 10.2.4 -> 10.5.0
npm notice Changelog: <https://github.com/npm/cli/releases/tag/v10.5.0>
npm notice Run `npm install -g npm@10.5.0` to update!
npm notice 
+ npm query '*'
+ jq -cr '
        map({ name: .name, version: .version })
        | map(select(.name))
        | sort_by(.name)[]
      '
+ exitcode=0
+ set -e
+ [[ 0 != \0 ]]
++ jq -sr 'map(select(.name == "tailwindcss")) | first | .version'
+ tailwind_package_version=3.4.1
+ tailwind_config_exporter=tailwind.config.exporter2.cjs
+ '[' -f node_modules/tailwindcss/lib/lib/load-config.js ']'
+ tailwind_config_exporter=tailwind.config.exporter3.mjs
+ cp /twcr/worker/../worker/tailwind.config.exporter3.mjs ./
+ set +e
+ node ./tailwind.config.exporter3.mjs tailwind.config.js
+ exitcode=0
+ set -e
+ [[ 0 != \0 ]]
+ echo 'module.exports={plugins:['
+ jq -rs '
        map(select(.name | startswith("@tailwindcss/")))
        | map("require(" + ( .name | tojson ) + "),")[]
      '
+ grep -Ev '"@tailwindcss/postcss7-compat"'
+ true
+ echo ']}'
+ cat tailwind.config.js
+ sed 's/^/>>> /'
>>> module.exports={plugins:[
>>> ]}
+ node ./tailwind.config.exporter3.mjs tailwind.config.js
++ date -u +%Y-%m-%dT%H:%M:%SZ
+ writetaskstat timestamp_attempt_squash_end 2024-03-04T12:00:49Z
+ jq -nc --arg key timestamp_attempt_squash_end --arg value 2024-03-04T12:00:49Z '{ key: $key, value: $value }'
+ break
++ date -u +%Y-%m-%dT%H:%M:%SZ
+ writetaskstat timestamp_end 2024-03-04T12:00:49Z
+ jq -nc --arg key timestamp_end --arg value 2024-03-04T12:00:49Z '{ key: $key, value: $value }'
+ rm /twcr/mnt/results/extract-failed
+ touch /twcr/mnt/results/extract-completed
