==== RUN-DOCKER
+++ dirname -- ./worker/run.sh
++ cd -- ./worker
++ pwd
+ twcrdir=/twcr/worker/..
+ repo=github.com/TheInspiredConjurer/Online-Questionnaire-System
+ reporef=main
+ repopath=./frontend
+ '[' true == true ']'
+ grep -q '^././'
++ echo github.com/TheInspiredConjurer/Online-Questionnaire-System
++ sha256sum
++ awk '{ print $1 }'
++ cut -c1-12
+ procdir=/tmp/twcr-bf6148e34102
++ echo 'github.com/TheInspiredConjurer/Online-Questionnaire-System;main;./frontend'
++ sha256sum
++ awk '{ print $1 }'
++ cut -c1-12
+ datadir=/twcr/worker/../mnt/dataset/data/e16c36c6fef8
+ '[' '!' -z /twcr/mnt/results ']'
+ datadir=/twcr/mnt/results
+ touch /twcr/mnt/results/extract-failed
++ base64
++ tr -d =
++ tr /+ _-
++ base64
++ tr -d =
++ tr /+ _-
+ writetaskstat analysis_key github.com/TheInspiredConjurer/Online-Questionnaire-System/bWFpbgo/Li9mcm9udGVuZAo
+ jq -nc --arg key analysis_key --arg value github.com/TheInspiredConjurer/Online-Questionnaire-System/bWFpbgo/Li9mcm9udGVuZAo '{ key: $key, value: $value }'
++ date -u +%Y%m%d%H%M%S
++ sha256sum
++ awk '{ print $1 }'
++ cut -c1-16
++ head -c 32 /dev/urandom
+ writetaskstat analysis_nonce fef5d40c4ac019d4
+ jq -nc --arg key analysis_nonce --arg value fef5d40c4ac019d4 '{ key: $key, value: $value }'
+ writetaskstat input_repo_name github.com/TheInspiredConjurer/Online-Questionnaire-System
+ jq -nc --arg key input_repo_name --arg value github.com/TheInspiredConjurer/Online-Questionnaire-System '{ key: $key, value: $value }'
+ writetaskstat input_repo_ref main
+ jq -nc --arg key input_repo_ref --arg value main '{ key: $key, value: $value }'
+ writetaskstat input_repo_path ./frontend
+ jq -nc --arg key input_repo_path --arg value ./frontend '{ key: $key, value: $value }'
++ date -u +%Y-%m-%dT%H:%M:%SZ
+ writetaskstat timestamp_begin 2024-03-05T13:27:14Z
+ jq -nc --arg key timestamp_begin --arg value 2024-03-05T13:27:14Z '{ key: $key, value: $value }'
+ mkdir -p /tmp/twcr-bf6148e34102
+ pushd /tmp/twcr-bf6148e34102
+ '[' -d .git ']'
+ git clone --depth=1 -b main https://github.com/TheInspiredConjurer/Online-Questionnaire-System.git .
/tmp/twcr-bf6148e34102 /twcr
Cloning into '.'...
++ date -u +%Y-%m-%dT%H:%M:%SZ
+ writetaskstat timestamp_git_clone_complete 2024-03-05T13:27:15Z
+ jq -nc --arg key timestamp_git_clone_complete --arg value 2024-03-05T13:27:15Z '{ key: $key, value: $value }'
++ git rev-parse HEAD
+ writetaskstat exec_repo_commit_sha 514501a2bdcb756cfb2c42b5c181ffc04b4fb8bf
+ jq -nc --arg key exec_repo_commit_sha --arg value 514501a2bdcb756cfb2c42b5c181ffc04b4fb8bf '{ key: $key, value: $value }'
+++ git show --no-patch --format=%ci
++ date -u --date '2023-06-07 17:27:46 +0530' +%Y-%m-%dT%H:%M:%SZ
+ writetaskstat exec_repo_commit_date 2023-06-07T11:57:46Z
+ jq -nc --arg key exec_repo_commit_date --arg value 2023-06-07T11:57:46Z '{ key: $key, value: $value }'
+ '[' -z ./frontend ']'
+ pushd ./frontend
+ tailwind_config_file_name=
+ '[' -f tailwind.config.js ']'
+ tailwind_config_file_name=tailwind.config.js
+ writetaskstat exec_tailwind_config_file tailwind.config.js
+ jq -nc --arg key exec_tailwind_config_file --arg value tailwind.config.js '{ key: $key, value: $value }'
/tmp/twcr-bf6148e34102/frontend /tmp/twcr-bf6148e34102 /twcr
+ cp tailwind.config.js /twcr/mnt/results/extract-raw-tailwind-config.js
+ '[' '!' -f package.json ']'
+ cp package.json /twcr/mnt/results/extract-raw-package.json
++ /twcr/worker/../worker/pm-detect.sh /tmp/twcr-bf6148e34102/frontend
+ package_manager_name=
+ '[' -z '' ']'
+ '[' ./frontend '!=' ./ ']'
++ /twcr/worker/../worker/pm-detect.sh /tmp/twcr-bf6148e34102
grep: /tmp/twcr-bf6148e34102/package.json: No such file or directory
grep: /tmp/twcr-bf6148e34102/package.json: No such file or directory
grep: /tmp/twcr-bf6148e34102/package.json: No such file or directory
/twcr/worker/../worker/pm-detect.sh: line 17: /tmp/twcr-bf6148e34102/package.json: No such file or directory
+ package_manager_name=
+ '[' -z '' ']'
+ package_manager_name=npm
+ writetaskstat exec_node_package_manager npm
+ jq -nc --arg key exec_node_package_manager --arg value npm '{ key: $key, value: $value }'
+ attempt_mode=squash
+ true
++ date -u +%Y-%m-%dT%H:%M:%SZ
+ writetaskstat timestamp_attempt_squash_begin 2024-03-05T13:27:15Z
+ jq -nc --arg key timestamp_attempt_squash_begin --arg value 2024-03-05T13:27:15Z '{ key: $key, value: $value }'
+ [[ squash == \s\q\u\a\s\h ]]
+ set +e
+ node /twcr/worker/../worker/squash-package.mjs tailwind.config.js
+ exitcode=0
+ set -e
+ [[ 0 != \0 ]]
+ cat package.json
+ sed 's/^/>>> /'
>>> {
>>>   "name": "frontend",
>>>   "version": "0.0.0",
>>>   "dependencies": {},
>>>   "devDependencies": {
>>>     "tailwindcss": "^3.1.8"
>>>   }
>>> }+ rm -f package-lock.json pnpm-lock.yaml yarn.lock
+ '[' ./frontend '!=' ./ ']'
+ rm -f /tmp/twcr-bf6148e34102/package.json /tmp/twcr-bf6148e34102/package-lock.json /tmp/twcr-bf6148e34102/pnpm-lock.yaml /tmp/twcr-bf6148e34102/yarn.lock
+ set +e
+ /twcr/worker/../worker/pm-install.sh npm /tmp/twcr-bf6148e34102 /twcr/mnt/results
+ package_manager_name=npm
+ procdir=/tmp/twcr-bf6148e34102
+ datadir=/twcr/mnt/results
+ case "${package_manager_name}" in
++ '[' -f package-lock.json ']'
++ echo install
+ npm install --ignore-engines

added 112 packages, and audited 113 packages in 5s

28 packages are looking for funding
  run `npm fund` for details

found 0 vulnerabilities
npm notice 
npm notice New minor version of npm available! 10.2.4 -> 10.5.0
npm notice Changelog: <https://github.com/npm/cli/releases/tag/v10.5.0>
npm notice Run `npm install -g npm@10.5.0` to update!
npm notice 
+ npm query '*'
+ jq -cr '
        map({ name: .name, version: .version })
        | map(select(.name))
        | sort_by(.name)[]
      '
+ exitcode=0
+ set -e
+ [[ 0 != \0 ]]
++ jq -sr 'map(select(.name == "tailwindcss")) | first | .version'
+ tailwind_package_version=3.4.1
+ tailwind_config_exporter=tailwind.config.exporter2.cjs
+ '[' -f node_modules/tailwindcss/lib/lib/load-config.js ']'
+ tailwind_config_exporter=tailwind.config.exporter3.mjs
+ cp /twcr/worker/../worker/tailwind.config.exporter3.mjs ./
+ set +e
+ node ./tailwind.config.exporter3.mjs tailwind.config.js
+ exitcode=0
+ set -e
+ [[ 0 != \0 ]]
+ echo 'module.exports={plugins:['
+ jq -rs '
        map(select(.name | startswith("@tailwindcss/")))
        | map("require(" + ( .name | tojson ) + "),")[]
      '
+ grep -Ev '"@tailwindcss/postcss7-compat"'
+ true
+ echo ']}'
+ cat tailwind.config.js
+ sed 's/^/>>> /'
>>> module.exports={plugins:[
>>> ]}
+ node ./tailwind.config.exporter3.mjs tailwind.config.js
++ date -u +%Y-%m-%dT%H:%M:%SZ
+ writetaskstat timestamp_attempt_squash_end 2024-03-05T13:27:21Z
+ jq -nc --arg key timestamp_attempt_squash_end --arg value 2024-03-05T13:27:21Z '{ key: $key, value: $value }'
+ break
++ date -u +%Y-%m-%dT%H:%M:%SZ
+ writetaskstat timestamp_end 2024-03-05T13:27:21Z
+ jq -nc --arg key timestamp_end --arg value 2024-03-05T13:27:21Z '{ key: $key, value: $value }'
+ rm /twcr/mnt/results/extract-failed
+ touch /twcr/mnt/results/extract-completed
