==== RUN-DOCKER
+++ dirname -- ./worker/run.sh
++ cd -- ./worker
++ pwd
+ twcrdir=/twcr/worker/..
+ repo=github.com/rocketseat-education/nlw-setup-ignite
+ reporef=main
+ repopath=./mobile
+ '[' true == true ']'
+ grep -q '^././'
++ echo github.com/rocketseat-education/nlw-setup-ignite
++ sha256sum
++ awk '{ print $1 }'
++ cut -c1-12
+ procdir=/tmp/twcr-daa708052819
++ echo 'github.com/rocketseat-education/nlw-setup-ignite;main;./mobile'
++ sha256sum
++ awk '{ print $1 }'
++ cut -c1-12
+ datadir=/twcr/worker/../mnt/dataset/data/cbcb7f131e9f
+ '[' '!' -z /twcr/mnt/results ']'
+ datadir=/twcr/mnt/results
+ touch /twcr/mnt/results/extract-failed
++ base64
++ tr -d =
++ tr /+ _-
++ base64
++ tr -d =
++ tr /+ _-
+ writetaskstat analysis_key github.com/rocketseat-education/nlw-setup-ignite/bWFpbgo/Li9tb2JpbGUK
+ jq -nc --arg key analysis_key --arg value github.com/rocketseat-education/nlw-setup-ignite/bWFpbgo/Li9tb2JpbGUK '{ key: $key, value: $value }'
++ date -u +%Y%m%d%H%M%S
++ sha256sum
++ awk '{ print $1 }'
++ cut -c1-16
++ head -c 32 /dev/urandom
+ writetaskstat analysis_nonce 9cd6b62cac95a401
+ jq -nc --arg key analysis_nonce --arg value 9cd6b62cac95a401 '{ key: $key, value: $value }'
+ writetaskstat input_repo_name github.com/rocketseat-education/nlw-setup-ignite
+ jq -nc --arg key input_repo_name --arg value github.com/rocketseat-education/nlw-setup-ignite '{ key: $key, value: $value }'
+ writetaskstat input_repo_ref main
+ jq -nc --arg key input_repo_ref --arg value main '{ key: $key, value: $value }'
+ writetaskstat input_repo_path ./mobile
+ jq -nc --arg key input_repo_path --arg value ./mobile '{ key: $key, value: $value }'
++ date -u +%Y-%m-%dT%H:%M:%SZ
+ writetaskstat timestamp_begin 2024-03-04T05:16:00Z
+ jq -nc --arg key timestamp_begin --arg value 2024-03-04T05:16:00Z '{ key: $key, value: $value }'
+ mkdir -p /tmp/twcr-daa708052819
+ pushd /tmp/twcr-daa708052819
+ '[' -d .git ']'
+ git clone --depth=1 -b main https://github.com/rocketseat-education/nlw-setup-ignite.git .
/tmp/twcr-daa708052819 /twcr
Cloning into '.'...
++ date -u +%Y-%m-%dT%H:%M:%SZ
+ writetaskstat timestamp_git_clone_complete 2024-03-04T05:16:01Z
+ jq -nc --arg key timestamp_git_clone_complete --arg value 2024-03-04T05:16:01Z '{ key: $key, value: $value }'
++ git rev-parse HEAD
+ writetaskstat exec_repo_commit_sha dd293a576666c9ef5c6369cae7846eea7d72e1fd
+ jq -nc --arg key exec_repo_commit_sha --arg value dd293a576666c9ef5c6369cae7846eea7d72e1fd '{ key: $key, value: $value }'
+++ git show --no-patch --format=%ci
++ date -u --date '2023-05-05 18:10:30 -0300' +%Y-%m-%dT%H:%M:%SZ
+ writetaskstat exec_repo_commit_date 2023-05-05T21:10:30Z
+ jq -nc --arg key exec_repo_commit_date --arg value 2023-05-05T21:10:30Z '{ key: $key, value: $value }'
/tmp/twcr-daa708052819/mobile /tmp/twcr-daa708052819 /twcr
+ '[' -z ./mobile ']'
+ pushd ./mobile
+ tailwind_config_file_name=
+ '[' -f tailwind.config.js ']'
+ tailwind_config_file_name=tailwind.config.js
+ writetaskstat exec_tailwind_config_file tailwind.config.js
+ jq -nc --arg key exec_tailwind_config_file --arg value tailwind.config.js '{ key: $key, value: $value }'
+ cp tailwind.config.js /twcr/mnt/results/extract-raw-tailwind-config.js
+ '[' '!' -f package.json ']'
+ cp package.json /twcr/mnt/results/extract-raw-package.json
++ /twcr/worker/../worker/pm-detect.sh /tmp/twcr-daa708052819/mobile
+ package_manager_name=
+ '[' -z '' ']'
+ '[' ./mobile '!=' ./ ']'
++ /twcr/worker/../worker/pm-detect.sh /tmp/twcr-daa708052819
grep: /tmp/twcr-daa708052819/package.json: No such file or directory
grep: /tmp/twcr-daa708052819/package.json: No such file or directory
grep: /tmp/twcr-daa708052819/package.json: No such file or directory
/twcr/worker/../worker/pm-detect.sh: line 17: /tmp/twcr-daa708052819/package.json: No such file or directory
+ package_manager_name=
+ '[' -z '' ']'
+ package_manager_name=npm
+ writetaskstat exec_node_package_manager npm
+ jq -nc --arg key exec_node_package_manager --arg value npm '{ key: $key, value: $value }'
+ attempt_mode=squash
+ true
++ date -u +%Y-%m-%dT%H:%M:%SZ
+ writetaskstat timestamp_attempt_squash_begin 2024-03-04T05:16:01Z
+ jq -nc --arg key timestamp_attempt_squash_begin --arg value 2024-03-04T05:16:01Z '{ key: $key, value: $value }'
+ [[ squash == \s\q\u\a\s\h ]]
+ set +e
+ node /twcr/worker/../worker/squash-package.mjs tailwind.config.js
+ exitcode=0
+ set -e
+ [[ 0 != \0 ]]
+ cat package.json
+ sed 's/^/>>> /'
>>> {
>>>   "name": "mobile",
>>>   "version": "1.0.0",
>>>   "main": "node_modules/expo/AppEntry.js",
>>>   "dependencies": {},
>>>   "devDependencies": {
>>>     "tailwindcss": "^3.2.4"
>>>   },
>>>   "private": true
>>> }+ rm -f package-lock.json pnpm-lock.yaml yarn.lock
+ '[' ./mobile '!=' ./ ']'
+ rm -f /tmp/twcr-daa708052819/package.json /tmp/twcr-daa708052819/package-lock.json /tmp/twcr-daa708052819/pnpm-lock.yaml /tmp/twcr-daa708052819/yarn.lock
+ set +e
+ /twcr/worker/../worker/pm-install.sh npm /tmp/twcr-daa708052819 /twcr/mnt/results
+ package_manager_name=npm
+ procdir=/tmp/twcr-daa708052819
+ datadir=/twcr/mnt/results
+ case "${package_manager_name}" in
++ '[' -f package-lock.json ']'
++ echo install
+ npm install --ignore-engines

added 112 packages, and audited 113 packages in 4s

28 packages are looking for funding
  run `npm fund` for details

found 0 vulnerabilities
npm notice 
npm notice New minor version of npm available! 10.2.4 -> 10.5.0
npm notice Changelog: <https://github.com/npm/cli/releases/tag/v10.5.0>
npm notice Run `npm install -g npm@10.5.0` to update!
npm notice 
+ npm query '*'
+ jq -cr '
        map({ name: .name, version: .version })
        | map(select(.name))
        | sort_by(.name)[]
      '
+ exitcode=0
+ set -e
+ [[ 0 != \0 ]]
++ jq -sr 'map(select(.name == "tailwindcss")) | first | .version'
+ tailwind_package_version=3.4.1
+ tailwind_config_exporter=tailwind.config.exporter2.cjs
+ '[' -f node_modules/tailwindcss/lib/lib/load-config.js ']'
+ tailwind_config_exporter=tailwind.config.exporter3.mjs
+ cp /twcr/worker/../worker/tailwind.config.exporter3.mjs ./
+ set +e
+ node ./tailwind.config.exporter3.mjs tailwind.config.js
+ exitcode=0
+ set -e
+ [[ 0 != \0 ]]
+ echo 'module.exports={plugins:['
+ jq -rs '
        map(select(.name | startswith("@tailwindcss/")))
        | map("require(" + ( .name | tojson ) + "),")[]
      '
+ grep -Ev '"@tailwindcss/postcss7-compat"'
+ true
+ echo ']}'
+ cat tailwind.config.js
+ sed 's/^/>>> /'
>>> module.exports={plugins:[
>>> ]}
+ node ./tailwind.config.exporter3.mjs tailwind.config.js
++ date -u +%Y-%m-%dT%H:%M:%SZ
+ writetaskstat timestamp_attempt_squash_end 2024-03-04T05:16:06Z
+ jq -nc --arg key timestamp_attempt_squash_end --arg value 2024-03-04T05:16:06Z '{ key: $key, value: $value }'
+ break
++ date -u +%Y-%m-%dT%H:%M:%SZ
+ writetaskstat timestamp_end 2024-03-04T05:16:06Z
+ jq -nc --arg key timestamp_end --arg value 2024-03-04T05:16:06Z '{ key: $key, value: $value }'
+ rm /twcr/mnt/results/extract-failed
+ touch /twcr/mnt/results/extract-completed
