==== RUN-DOCKER
+++ dirname -- ./worker/run.sh
++ cd -- ./worker
++ pwd
+ twcrdir=/twcr/worker/..
+ repo=github.com/fanaticscripter/Egg
+ reporef=master
+ repopath=./wasmegg/loot-analysis
+ '[' true == true ']'
+ grep -q '^././'
++ echo github.com/fanaticscripter/Egg
++ sha256sum
++ cut -c1-12
++ awk '{ print $1 }'
+ procdir=/tmp/twcr-0b1966fd1e84
++ echo 'github.com/fanaticscripter/Egg;master;./wasmegg/loot-analysis'
++ sha256sum
++ awk '{ print $1 }'
++ cut -c1-12
+ datadir=/twcr/worker/../mnt/dataset/data/8508a9304b41
+ '[' '!' -z /twcr/mnt/results ']'
+ datadir=/twcr/mnt/results
+ touch /twcr/mnt/results/extract-failed
++ base64
++ tr -d =
++ tr /+ _-
++ base64
++ tr -d =
++ tr /+ _-
+ writetaskstat analysis_key github.com/fanaticscripter/Egg/bWFzdGVyCg/Li93YXNtZWdnL2xvb3QtYW5hbHlzaXMK
+ jq -nc --arg key analysis_key --arg value github.com/fanaticscripter/Egg/bWFzdGVyCg/Li93YXNtZWdnL2xvb3QtYW5hbHlzaXMK '{ key: $key, value: $value }'
++ date -u +%Y%m%d%H%M%S
++ sha256sum
++ awk '{ print $1 }'
++ cut -c1-16
++ head -c 32 /dev/urandom
+ writetaskstat analysis_nonce 51c4c4de00289e07
+ jq -nc --arg key analysis_nonce --arg value 51c4c4de00289e07 '{ key: $key, value: $value }'
+ writetaskstat input_repo_name github.com/fanaticscripter/Egg
+ jq -nc --arg key input_repo_name --arg value github.com/fanaticscripter/Egg '{ key: $key, value: $value }'
+ writetaskstat input_repo_ref master
+ jq -nc --arg key input_repo_ref --arg value master '{ key: $key, value: $value }'
+ writetaskstat input_repo_path ./wasmegg/loot-analysis
+ jq -nc --arg key input_repo_path --arg value ./wasmegg/loot-analysis '{ key: $key, value: $value }'
++ date -u +%Y-%m-%dT%H:%M:%SZ
+ writetaskstat timestamp_begin 2024-03-04T09:41:14Z
+ jq -nc --arg key timestamp_begin --arg value 2024-03-04T09:41:14Z '{ key: $key, value: $value }'
+ mkdir -p /tmp/twcr-0b1966fd1e84
+ pushd /tmp/twcr-0b1966fd1e84
+ '[' -d .git ']'
+ git clone --depth=1 -b master https://github.com/fanaticscripter/Egg.git .
/tmp/twcr-0b1966fd1e84 /twcr
Cloning into '.'...
++ date -u +%Y-%m-%dT%H:%M:%SZ
+ writetaskstat timestamp_git_clone_complete 2024-03-04T09:41:15Z
+ jq -nc --arg key timestamp_git_clone_complete --arg value 2024-03-04T09:41:15Z '{ key: $key, value: $value }'
++ git rev-parse HEAD
+ writetaskstat exec_repo_commit_sha 66421e10e3839b53b48120aa8cc945de316c0a75
+ jq -nc --arg key exec_repo_commit_sha --arg value 66421e10e3839b53b48120aa8cc945de316c0a75 '{ key: $key, value: $value }'
+++ git show --no-patch --format=%ci
++ date -u --date '2024-03-01 17:00:24 +0000' +%Y-%m-%dT%H:%M:%SZ
+ writetaskstat exec_repo_commit_date 2024-03-01T17:00:24Z
+ jq -nc --arg key exec_repo_commit_date --arg value 2024-03-01T17:00:24Z '{ key: $key, value: $value }'
+ '[' -z ./wasmegg/loot-analysis ']'
+ pushd ./wasmegg/loot-analysis
+ tailwind_config_file_name=
+ '[' -f tailwind.config.js ']'
+ tailwind_config_file_name=tailwind.config.js
+ writetaskstat exec_tailwind_config_file tailwind.config.js
+ jq -nc --arg key exec_tailwind_config_file --arg value tailwind.config.js '{ key: $key, value: $value }'
/tmp/twcr-0b1966fd1e84/wasmegg/loot-analysis /tmp/twcr-0b1966fd1e84 /twcr
+ cp tailwind.config.js /twcr/mnt/results/extract-raw-tailwind-config.js
+ '[' '!' -f package.json ']'
+ cp package.json /twcr/mnt/results/extract-raw-package.json
++ /twcr/worker/../worker/pm-detect.sh /tmp/twcr-0b1966fd1e84/wasmegg/loot-analysis
+ package_manager_name=yarn
+ '[' -z yarn ']'
+ '[' -z yarn ']'
+ writetaskstat exec_node_package_manager yarn
+ jq -nc --arg key exec_node_package_manager --arg value yarn '{ key: $key, value: $value }'
+ attempt_mode=squash
+ true
++ date -u +%Y-%m-%dT%H:%M:%SZ
+ writetaskstat timestamp_attempt_squash_begin 2024-03-04T09:41:15Z
+ jq -nc --arg key timestamp_attempt_squash_begin --arg value 2024-03-04T09:41:15Z '{ key: $key, value: $value }'
+ [[ squash == \s\q\u\a\s\h ]]
+ set +e
+ node /twcr/worker/../worker/squash-package.mjs tailwind.config.js
+ exitcode=0
+ set -e
+ [[ 0 != \0 ]]
+ cat package.json
+ sed 's/^/>>> /'
>>> {
>>>   "license": "MIT",
>>>   "devDependencies": {},
>>>   "dependencies": {
>>>     "@tailwindcss/forms": "^0.2.1",
>>>     "tailwindcss": "^2.0.3"
>>>   }
>>> }+ rm -f package-lock.json pnpm-lock.yaml yarn.lock
+ '[' ./wasmegg/loot-analysis '!=' ./ ']'
+ rm -f /tmp/twcr-0b1966fd1e84/package.json /tmp/twcr-0b1966fd1e84/package-lock.json /tmp/twcr-0b1966fd1e84/pnpm-lock.yaml /tmp/twcr-0b1966fd1e84/yarn.lock
+ set +e
+ /twcr/worker/../worker/pm-install.sh yarn /tmp/twcr-0b1966fd1e84 /twcr/mnt/results
+ package_manager_name=yarn
+ procdir=/tmp/twcr-0b1966fd1e84
+ datadir=/twcr/mnt/results
+ case "${package_manager_name}" in
+ '[' -z http://tid_6d4068ecd776:ok@172.18.0.2:3128 ']'
+ yarn config set httpProxy http://tid_6d4068ecd776:ok@172.18.0.2:3128
yarn config v1.22.19
success Set "httpProxy" to "http://tid_6d4068ecd776:ok@172.18.0.2:3128".
Done in 0.03s.
+ '[' -z http://tid_6d4068ecd776:ok@172.18.0.2:3128 ']'
+ yarn config set httpsProxy http://tid_6d4068ecd776:ok@172.18.0.2:3128
yarn config v1.22.19
success Set "httpsProxy" to "http://tid_6d4068ecd776:ok@172.18.0.2:3128".
Done in 0.04s.
+ yarn install
yarn install v1.22.19
info No lockfile found.
[1/4] Resolving packages...
(node:132) [DEP0040] DeprecationWarning: The `punycode` module is deprecated. Please use a userland alternative instead.
(Use `node --trace-deprecation ...` to show where the warning was created)
[2/4] Fetching packages...
[3/4] Linking dependencies...
warning " > tailwindcss@2.2.19" has unmet peer dependency "autoprefixer@^10.0.2".
warning " > tailwindcss@2.2.19" has unmet peer dependency "postcss@^8.0.9".
warning "tailwindcss > postcss-nested@5.0.6" has unmet peer dependency "postcss@^8.2.14".
[4/4] Building fresh packages...
success Saved lockfile.
Done in 8.50s.
+ yarn list --depth=0 --json --non-interactive --no-progress
+ jq -cr '
        [.. | .name?]
        | map(select(.))
        | map(capture("^(?<name>@?[^@]+)@(?<version>.+)$"))
        | sort_by(.name)[]'
+ exitcode=0
+ set -e
+ [[ 0 != \0 ]]
++ jq -sr 'map(select(.name == "tailwindcss")) | first | .version'
+ tailwind_package_version=2.2.19
+ tailwind_config_exporter=tailwind.config.exporter2.cjs
+ '[' -f node_modules/tailwindcss/lib/lib/load-config.js ']'
+ cp /twcr/worker/../worker/tailwind.config.exporter2.cjs ./
+ set +e
+ node ./tailwind.config.exporter2.cjs tailwind.config.js
+ exitcode=0
+ set -e
+ [[ 0 != \0 ]]
+ echo 'module.exports={plugins:['
+ jq -rs '
        map(select(.name | startswith("@tailwindcss/")))
        | map("require(" + ( .name | tojson ) + "),")[]
      '
+ grep -Ev '"@tailwindcss/postcss7-compat"'
+ echo ']}'
+ cat tailwind.config.js
+ sed 's/^/>>> /'
>>> module.exports={plugins:[
>>> require("@tailwindcss/forms"),
>>> ]}
+ node ./tailwind.config.exporter2.cjs tailwind.config.js
++ date -u +%Y-%m-%dT%H:%M:%SZ
+ writetaskstat timestamp_attempt_squash_end 2024-03-04T09:41:25Z
+ jq -nc --arg key timestamp_attempt_squash_end --arg value 2024-03-04T09:41:25Z '{ key: $key, value: $value }'
+ break
++ date -u +%Y-%m-%dT%H:%M:%SZ
+ writetaskstat timestamp_end 2024-03-04T09:41:25Z
+ jq -nc --arg key timestamp_end --arg value 2024-03-04T09:41:25Z '{ key: $key, value: $value }'
+ rm /twcr/mnt/results/extract-failed
+ touch /twcr/mnt/results/extract-completed
