==== RUN-DOCKER
+++ dirname -- ./worker/run.sh
++ cd -- ./worker
++ pwd
+ twcrdir=/twcr/worker/..
+ repo=github.com/LiterateInk/Pawnote
+ reporef=main
+ repopath=./docs
+ '[' true == true ']'
+ grep -q '^././'
++ echo github.com/LiterateInk/Pawnote
++ sha256sum
++ awk '{ print $1 }'
++ cut -c1-12
+ procdir=/tmp/twcr-8492339d5752
++ echo 'github.com/LiterateInk/Pawnote;main;./docs'
++ sha256sum
++ awk '{ print $1 }'
++ cut -c1-12
+ datadir=/twcr/worker/../mnt/dataset/data/d05a0655ea0b
+ '[' '!' -z /twcr/mnt/results ']'
+ datadir=/twcr/mnt/results
+ touch /twcr/mnt/results/extract-failed
++ base64
++ tr -d =
++ tr /+ _-
++ base64
++ tr -d =
++ tr /+ _-
+ writetaskstat analysis_key github.com/LiterateInk/Pawnote/bWFpbgo/Li9kb2NzCg
+ jq -nc --arg key analysis_key --arg value github.com/LiterateInk/Pawnote/bWFpbgo/Li9kb2NzCg '{ key: $key, value: $value }'
++ date -u +%Y%m%d%H%M%S
++ sha256sum
++ awk '{ print $1 }'
++ cut -c1-16
++ head -c 32 /dev/urandom
+ writetaskstat analysis_nonce 472b26c1d84a4616
+ jq -nc --arg key analysis_nonce --arg value 472b26c1d84a4616 '{ key: $key, value: $value }'
+ writetaskstat input_repo_name github.com/LiterateInk/Pawnote
+ jq -nc --arg key input_repo_name --arg value github.com/LiterateInk/Pawnote '{ key: $key, value: $value }'
+ writetaskstat input_repo_ref main
+ jq -nc --arg key input_repo_ref --arg value main '{ key: $key, value: $value }'
+ writetaskstat input_repo_path ./docs
+ jq -nc --arg key input_repo_path --arg value ./docs '{ key: $key, value: $value }'
++ date -u +%Y-%m-%dT%H:%M:%SZ
+ writetaskstat timestamp_begin 2024-03-05T07:28:00Z
+ jq -nc --arg key timestamp_begin --arg value 2024-03-05T07:28:00Z '{ key: $key, value: $value }'
+ mkdir -p /tmp/twcr-8492339d5752
/tmp/twcr-8492339d5752 /twcr
+ pushd /tmp/twcr-8492339d5752
+ '[' -d .git ']'
+ git clone --depth=1 -b main https://github.com/LiterateInk/Pawnote.git .
Cloning into '.'...
++ date -u +%Y-%m-%dT%H:%M:%SZ
+ writetaskstat timestamp_git_clone_complete 2024-03-05T07:28:00Z
+ jq -nc --arg key timestamp_git_clone_complete --arg value 2024-03-05T07:28:00Z '{ key: $key, value: $value }'
++ git rev-parse HEAD
+ writetaskstat exec_repo_commit_sha bdc5c38f8ffafda7745524219672e689b67aa38b
+ jq -nc --arg key exec_repo_commit_sha --arg value bdc5c38f8ffafda7745524219672e689b67aa38b '{ key: $key, value: $value }'
+++ git show --no-patch --format=%ci
++ date -u --date '2024-03-02 16:13:18 +0100' +%Y-%m-%dT%H:%M:%SZ
+ writetaskstat exec_repo_commit_date 2024-03-02T15:13:18Z
+ jq -nc --arg key exec_repo_commit_date --arg value 2024-03-02T15:13:18Z '{ key: $key, value: $value }'
+ '[' -z ./docs ']'
+ pushd ./docs
+ tailwind_config_file_name=
+ '[' -f tailwind.config.js ']'
+ '[' -f tailwind.config.cjs ']'
+ '[' -f tailwind.config.mjs ']'
+ tailwind_config_file_name=tailwind.config.mjs
+ writetaskstat exec_tailwind_config_file tailwind.config.mjs
+ jq -nc --arg key exec_tailwind_config_file --arg value tailwind.config.mjs '{ key: $key, value: $value }'
/tmp/twcr-8492339d5752/docs /tmp/twcr-8492339d5752 /twcr
+ cp tailwind.config.mjs /twcr/mnt/results/extract-raw-tailwind-config.js
+ '[' '!' -f package.json ']'
+ cp package.json /twcr/mnt/results/extract-raw-package.json
++ /twcr/worker/../worker/pm-detect.sh /tmp/twcr-8492339d5752/docs
+ package_manager_name=pnpm
+ '[' -z pnpm ']'
+ '[' -z pnpm ']'
+ writetaskstat exec_node_package_manager pnpm
+ jq -nc --arg key exec_node_package_manager --arg value pnpm '{ key: $key, value: $value }'
+ attempt_mode=squash
+ true
++ date -u +%Y-%m-%dT%H:%M:%SZ
+ writetaskstat timestamp_attempt_squash_begin 2024-03-05T07:28:00Z
+ jq -nc --arg key timestamp_attempt_squash_begin --arg value 2024-03-05T07:28:00Z '{ key: $key, value: $value }'
+ [[ squash == \s\q\u\a\s\h ]]
+ set +e
+ node /twcr/worker/../worker/squash-package.mjs tailwind.config.mjs
+ exitcode=0
+ set -e
+ [[ 0 != \0 ]]
+ cat package.json
+ sed 's/^/>>> /'
>>> {
>>>   "name": "@pawnote/docs",
>>>   "type": "module",
>>>   "version": "0.0.0",
>>>   "private": true,
>>>   "dependencies": {
>>>     "@astrojs/starlight-tailwind": "^2.0.1",
>>>     "@astrojs/tailwind": "^5.1.0",
>>>     "tailwindcss": "^3.4.1"
>>>   }
>>> }+ rm -f package-lock.json pnpm-lock.yaml yarn.lock
+ '[' ./docs '!=' ./ ']'
+ rm -f /tmp/twcr-8492339d5752/package.json /tmp/twcr-8492339d5752/package-lock.json /tmp/twcr-8492339d5752/pnpm-lock.yaml /tmp/twcr-8492339d5752/yarn.lock
+ set +e
+ /twcr/worker/../worker/pm-install.sh pnpm /tmp/twcr-8492339d5752 /twcr/mnt/results
+ package_manager_name=pnpm
+ procdir=/tmp/twcr-8492339d5752
+ datadir=/twcr/mnt/results
+ case "${package_manager_name}" in
+ '[' '!' -f /tmp/twcr-8492339d5752/package.json ']'
+ '[' '!' -f package.json ']'
++ pnpm -v
+ sed -Ei 's/("pnpm": ")(.+)(")/\18.15.4\3/' package.json
+ pnpm install
Progress: resolved 1, reused 0, downloaded 0, added 0
Progress: resolved 32, reused 0, downloaded 20, added 0
Progress: resolved 68, reused 0, downloaded 57, added 0
Progress: resolved 104, reused 0, downloaded 96, added 0
Progress: resolved 135, reused 0, downloaded 119, added 0
Progress: resolved 164, reused 0, downloaded 152, added 0
Progress: resolved 197, reused 0, downloaded 180, added 0
Progress: resolved 230, reused 0, downloaded 214, added 0
Progress: resolved 262, reused 0, downloaded 242, added 0
Progress: resolved 294, reused 0, downloaded 272, added 0
Progress: resolved 343, reused 0, downloaded 291, added 0
Progress: resolved 366, reused 0, downloaded 314, added 0
Progress: resolved 400, reused 0, downloaded 346, added 0
Progress: resolved 437, reused 0, downloaded 384, added 0
Progress: resolved 479, reused 0, downloaded 415, added 0
Progress: resolved 526, reused 0, downloaded 455, added 0
Progress: resolved 569, reused 0, downloaded 491, added 0
Packages: +547
++++++++++++++++++++++++++++++++++++++++++++++++++++++++++++++++++++++++++++++++
Progress: resolved 585, reused 0, downloaded 536, added 536
Progress: resolved 585, reused 0, downloaded 547, added 547, done
.../esbuild@0.19.12/node_modules/esbuild postinstall$ node install.js
.../esbuild@0.19.12/node_modules/esbuild postinstall: Done
.../sharp@0.32.6/node_modules/sharp install$ (node install/libvips && node install/dll-copy && prebuild-install) || (node install/can-compile && node-gyp rebuild && node install/dll-copy)
.../sharp@0.32.6/node_modules/sharp install: sharp: Downloading https://github.com/lovell/sharp-libvips/releases/download/v8.14.5/libvips-8.14.5-linux-x64.tar.br
.../sharp@0.32.6/node_modules/sharp install: sharp: Via proxy http://172.18.0.2:3128 with credentials
.../sharp@0.32.6/node_modules/sharp install: sharp: Integrity check passed for linux-x64
.../sharp@0.32.6/node_modules/sharp install: Done

dependencies:
+ @astrojs/starlight-tailwind 2.0.1
+ @astrojs/tailwind 5.1.0
+ tailwindcss 3.4.1

Done in 21.6s
+ pnpm ls --json
+ jq -cr '
        .[]
        | [.dependencies, .devDependencies, .optionalDependencies]
        | map(select(.))[]
        | to_entries
        | map({ name: .key, version: .value.version })
        | sort_by(.name)[]
      '
+ exitcode=0
+ set -e
+ [[ 0 != \0 ]]
++ jq -sr 'map(select(.name == "tailwindcss")) | first | .version'
+ tailwind_package_version=3.4.1
+ tailwind_config_exporter=tailwind.config.exporter2.cjs
+ '[' -f node_modules/tailwindcss/lib/lib/load-config.js ']'
+ tailwind_config_exporter=tailwind.config.exporter3.mjs
+ cp /twcr/worker/../worker/tailwind.config.exporter3.mjs ./
+ set +e
+ node ./tailwind.config.exporter3.mjs tailwind.config.mjs
+ exitcode=0
+ set -e
+ [[ 0 != \0 ]]
+ echo 'module.exports={plugins:['
+ jq -rs '
        map(select(.name | startswith("@tailwindcss/")))
        | map("require(" + ( .name | tojson ) + "),")[]
      '
+ grep -Ev '"@tailwindcss/postcss7-compat"'
+ true
+ echo ']}'
+ cat tailwind.config.mjs
+ sed 's/^/>>> /'
>>> module.exports={plugins:[
>>> ]}
+ node ./tailwind.config.exporter3.mjs tailwind.config.mjs
++ date -u +%Y-%m-%dT%H:%M:%SZ
+ writetaskstat timestamp_attempt_squash_end 2024-03-05T07:28:24Z
+ jq -nc --arg key timestamp_attempt_squash_end --arg value 2024-03-05T07:28:24Z '{ key: $key, value: $value }'
+ break
++ date -u +%Y-%m-%dT%H:%M:%SZ
+ writetaskstat timestamp_end 2024-03-05T07:28:24Z
+ jq -nc --arg key timestamp_end --arg value 2024-03-05T07:28:24Z '{ key: $key, value: $value }'
+ rm /twcr/mnt/results/extract-failed
+ touch /twcr/mnt/results/extract-completed
