==== RUN-DOCKER
+++ dirname -- ./worker/run.sh
++ cd -- ./worker
++ pwd
+ twcrdir=/twcr/worker/..
+ repo=github.com/tsdataclinic/data-gather
+ reporef=develop
+ repopath=./
+ '[' true == true ']'
+ grep -q '^././'
++ echo github.com/tsdataclinic/data-gather
++ sha256sum
++ awk '{ print $1 }'
++ cut -c1-12
+ procdir=/tmp/twcr-a574bddd97f5
++ echo 'github.com/tsdataclinic/data-gather;develop;./'
++ sha256sum
++ awk '{ print $1 }'
++ cut -c1-12
+ datadir=/twcr/worker/../mnt/dataset/data/2ba91030ca20
+ '[' '!' -z /twcr/mnt/results ']'
+ datadir=/twcr/mnt/results
+ touch /twcr/mnt/results/extract-failed
++ base64
++ tr -d =
++ tr /+ _-
++ base64
++ tr -d =
++ tr /+ _-
+ writetaskstat analysis_key github.com/tsdataclinic/data-gather/ZGV2ZWxvcAo/Li8K
+ jq -nc --arg key analysis_key --arg value github.com/tsdataclinic/data-gather/ZGV2ZWxvcAo/Li8K '{ key: $key, value: $value }'
++ date -u +%Y%m%d%H%M%S
++ sha256sum
++ awk '{ print $1 }'
++ cut -c1-16
++ head -c 32 /dev/urandom
+ writetaskstat analysis_nonce 4cfcae6a58003e04
+ jq -nc --arg key analysis_nonce --arg value 4cfcae6a58003e04 '{ key: $key, value: $value }'
+ writetaskstat input_repo_name github.com/tsdataclinic/data-gather
+ jq -nc --arg key input_repo_name --arg value github.com/tsdataclinic/data-gather '{ key: $key, value: $value }'
+ writetaskstat input_repo_ref develop
+ jq -nc --arg key input_repo_ref --arg value develop '{ key: $key, value: $value }'
+ writetaskstat input_repo_path ./
+ jq -nc --arg key input_repo_path --arg value ./ '{ key: $key, value: $value }'
++ date -u +%Y-%m-%dT%H:%M:%SZ
+ writetaskstat timestamp_begin 2024-03-05T12:31:32Z
+ jq -nc --arg key timestamp_begin --arg value 2024-03-05T12:31:32Z '{ key: $key, value: $value }'
+ mkdir -p /tmp/twcr-a574bddd97f5
/tmp/twcr-a574bddd97f5 /twcr
+ pushd /tmp/twcr-a574bddd97f5
+ '[' -d .git ']'
+ git clone --depth=1 -b develop https://github.com/tsdataclinic/data-gather.git .
Cloning into '.'...
++ date -u +%Y-%m-%dT%H:%M:%SZ
+ writetaskstat timestamp_git_clone_complete 2024-03-05T12:31:33Z
+ jq -nc --arg key timestamp_git_clone_complete --arg value 2024-03-05T12:31:33Z '{ key: $key, value: $value }'
++ git rev-parse HEAD
+ writetaskstat exec_repo_commit_sha 3224d2c13bcd735670c97b4175aa76d2b4760008
+ jq -nc --arg key exec_repo_commit_sha --arg value 3224d2c13bcd735670c97b4175aa76d2b4760008 '{ key: $key, value: $value }'
+++ git show --no-patch --format=%ci
++ date -u --date '2024-01-31 16:35:49 -0500' +%Y-%m-%dT%H:%M:%SZ
+ writetaskstat exec_repo_commit_date 2024-01-31T21:35:49Z
+ jq -nc --arg key exec_repo_commit_date --arg value 2024-01-31T21:35:49Z '{ key: $key, value: $value }'
/tmp/twcr-a574bddd97f5 /tmp/twcr-a574bddd97f5 /twcr
+ '[' -z ./ ']'
+ pushd ./
+ tailwind_config_file_name=
+ '[' -f tailwind.config.js ']'
+ tailwind_config_file_name=tailwind.config.js
+ writetaskstat exec_tailwind_config_file tailwind.config.js
+ jq -nc --arg key exec_tailwind_config_file --arg value tailwind.config.js '{ key: $key, value: $value }'
+ cp tailwind.config.js /twcr/mnt/results/extract-raw-tailwind-config.js
+ '[' '!' -f package.json ']'
+ cp package.json /twcr/mnt/results/extract-raw-package.json
++ /twcr/worker/../worker/pm-detect.sh /tmp/twcr-a574bddd97f5
+ package_manager_name=yarn
+ '[' -z yarn ']'
+ '[' -z yarn ']'
+ writetaskstat exec_node_package_manager yarn
+ jq -nc --arg key exec_node_package_manager --arg value yarn '{ key: $key, value: $value }'
+ attempt_mode=squash
+ true
++ date -u +%Y-%m-%dT%H:%M:%SZ
+ writetaskstat timestamp_attempt_squash_begin 2024-03-05T12:31:33Z
+ jq -nc --arg key timestamp_attempt_squash_begin --arg value 2024-03-05T12:31:33Z '{ key: $key, value: $value }'
+ [[ squash == \s\q\u\a\s\h ]]
+ set +e
+ node /twcr/worker/../worker/squash-package.mjs tailwind.config.js
+ exitcode=0
+ set -e
+ [[ 0 != \0 ]]
+ cat package.json
+ sed 's/^/>>> /'
>>> {
>>>   "name": "interview-app",
>>>   "version": "0.2.1",
>>>   "private": true,
>>>   "dependencies": {
>>>     "tailwindcss": "^3.0.24"
>>>   },
>>>   "eslintConfig": {
>>>     "extends": [
>>>       "react-app",
>>>       "react-app/jest"
>>>     ]
>>>   },
>>>   "browserslist": {
>>>     "production": [
>>>       ">0.2%",
>>>       "not dead",
>>>       "not op_mini all"
>>>     ],
>>>     "development": [
>>>       "last 1 chrome version",
>>>       "last 1 firefox version",
>>>       "last 1 safari version"
>>>     ]
>>>   },
>>>   "devDependencies": {},
>>>   "settings": {
>>>     "import/parsers": {
>>>       "@typescript-eslint/parser": [
>>>         ".ts",
>>>         ".tsx"
>>>       ]
>>>     },
>>>     "import/resolver": {
>>>       "typescript": {}
>>>     }
>>>   },
>>>   "resolutions": {
>>>     "styled-components": "^5"
>>>   },
>>>   "proxy": "http://127.0.0.1:8000"
>>> }+ rm -f package-lock.json pnpm-lock.yaml yarn.lock
+ '[' ./ '!=' ./ ']'
+ set +e
+ /twcr/worker/../worker/pm-install.sh yarn /tmp/twcr-a574bddd97f5 /twcr/mnt/results
+ package_manager_name=yarn
+ procdir=/tmp/twcr-a574bddd97f5
+ datadir=/twcr/mnt/results
+ case "${package_manager_name}" in
+ '[' -z http://tid_779fee9038af:ok@172.18.0.2:3128 ']'
+ yarn config set httpProxy http://tid_779fee9038af:ok@172.18.0.2:3128
yarn config v1.22.19
success Set "httpProxy" to "http://tid_779fee9038af:ok@172.18.0.2:3128".
Done in 0.04s.
+ '[' -z http://tid_779fee9038af:ok@172.18.0.2:3128 ']'
+ yarn config set httpsProxy http://tid_779fee9038af:ok@172.18.0.2:3128
yarn config v1.22.19
success Set "httpsProxy" to "http://tid_779fee9038af:ok@172.18.0.2:3128".
Done in 0.04s.
+ yarn install
yarn install v1.22.19
info No lockfile found.
[1/4] Resolving packages...
(node:131) [DEP0040] DeprecationWarning: The `punycode` module is deprecated. Please use a userland alternative instead.
(Use `node --trace-deprecation ...` to show where the warning was created)
[2/4] Fetching packages...
[3/4] Linking dependencies...
warning " > styled-components@5.3.11" has unmet peer dependency "react@>= 16.8.0".
warning " > styled-components@5.3.11" has unmet peer dependency "react-dom@>= 16.8.0".
warning " > styled-components@5.3.11" has unmet peer dependency "react-is@>= 16.8.0".
warning "styled-components > babel-plugin-styled-components > @babel/plugin-syntax-jsx@7.23.3" has unmet peer dependency "@babel/core@^7.0.0-0".
[4/4] Building fresh packages...
success Saved lockfile.
Done in 8.80s.
+ yarn list --depth=0 --json --non-interactive --no-progress
+ jq -cr '
        [.. | .name?]
        | map(select(.))
        | map(capture("^(?<name>@?[^@]+)@(?<version>.+)$"))
        | sort_by(.name)[]'
+ exitcode=0
+ set -e
+ [[ 0 != \0 ]]
++ jq -sr 'map(select(.name == "tailwindcss")) | first | .version'
+ tailwind_package_version=3.4.1
+ tailwind_config_exporter=tailwind.config.exporter2.cjs
+ '[' -f node_modules/tailwindcss/lib/lib/load-config.js ']'
+ tailwind_config_exporter=tailwind.config.exporter3.mjs
+ cp /twcr/worker/../worker/tailwind.config.exporter3.mjs ./
+ set +e
+ node ./tailwind.config.exporter3.mjs tailwind.config.js
+ exitcode=0
+ set -e
+ [[ 0 != \0 ]]
+ echo 'module.exports={plugins:['
+ grep -Ev '"@tailwindcss/postcss7-compat"'
+ jq -rs '
        map(select(.name | startswith("@tailwindcss/")))
        | map("require(" + ( .name | tojson ) + "),")[]
      '
+ true
+ echo ']}'
+ cat tailwind.config.js
+ sed 's/^/>>> /'
>>> module.exports={plugins:[
>>> ]}
+ node ./tailwind.config.exporter3.mjs tailwind.config.js
++ date -u +%Y-%m-%dT%H:%M:%SZ
+ writetaskstat timestamp_attempt_squash_end 2024-03-05T12:31:43Z
+ jq -nc --arg key timestamp_attempt_squash_end --arg value 2024-03-05T12:31:43Z '{ key: $key, value: $value }'
+ break
++ date -u +%Y-%m-%dT%H:%M:%SZ
+ writetaskstat timestamp_end 2024-03-05T12:31:43Z
+ jq -nc --arg key timestamp_end --arg value 2024-03-05T12:31:43Z '{ key: $key, value: $value }'
+ rm /twcr/mnt/results/extract-failed
+ touch /twcr/mnt/results/extract-completed
