==== RUN-DOCKER
+++ dirname -- ./worker/run.sh
++ cd -- ./worker
++ pwd
+ twcrdir=/twcr/worker/..
+ repo=github.com/RAAbbott/polaris-components
+ reporef=main
+ repopath=./
+ '[' true == true ']'
+ grep -q '^././'
++ echo github.com/RAAbbott/polaris-components
++ sha256sum
++ awk '{ print $1 }'
++ cut -c1-12
+ procdir=/tmp/twcr-12754f2047db
++ echo 'github.com/RAAbbott/polaris-components;main;./'
++ sha256sum
++ awk '{ print $1 }'
++ cut -c1-12
+ datadir=/twcr/worker/../mnt/dataset/data/91667abbb450
+ '[' '!' -z /twcr/mnt/results ']'
+ datadir=/twcr/mnt/results
+ touch /twcr/mnt/results/extract-failed
++ base64
++ tr -d =
++ tr /+ _-
++ base64
++ tr -d =
++ tr /+ _-
+ writetaskstat analysis_key github.com/RAAbbott/polaris-components/bWFpbgo/Li8K
+ jq -nc --arg key analysis_key --arg value github.com/RAAbbott/polaris-components/bWFpbgo/Li8K '{ key: $key, value: $value }'
++ date -u +%Y%m%d%H%M%S
++ sha256sum
++ awk '{ print $1 }'
++ cut -c1-16
++ head -c 32 /dev/urandom
+ writetaskstat analysis_nonce f202925ac3d4b1fb
+ jq -nc --arg key analysis_nonce --arg value f202925ac3d4b1fb '{ key: $key, value: $value }'
+ writetaskstat input_repo_name github.com/RAAbbott/polaris-components
+ jq -nc --arg key input_repo_name --arg value github.com/RAAbbott/polaris-components '{ key: $key, value: $value }'
+ writetaskstat input_repo_ref main
+ jq -nc --arg key input_repo_ref --arg value main '{ key: $key, value: $value }'
+ writetaskstat input_repo_path ./
+ jq -nc --arg key input_repo_path --arg value ./ '{ key: $key, value: $value }'
++ date -u +%Y-%m-%dT%H:%M:%SZ
+ writetaskstat timestamp_begin 2024-03-05T05:04:58Z
+ jq -nc --arg key timestamp_begin --arg value 2024-03-05T05:04:58Z '{ key: $key, value: $value }'
+ mkdir -p /tmp/twcr-12754f2047db
+ pushd /tmp/twcr-12754f2047db
+ '[' -d .git ']'
+ git clone --depth=1 -b main https://github.com/RAAbbott/polaris-components.git .
/tmp/twcr-12754f2047db /twcr
Cloning into '.'...
++ date -u +%Y-%m-%dT%H:%M:%SZ
+ writetaskstat timestamp_git_clone_complete 2024-03-05T05:04:59Z
+ jq -nc --arg key timestamp_git_clone_complete --arg value 2024-03-05T05:04:59Z '{ key: $key, value: $value }'
++ git rev-parse HEAD
+ writetaskstat exec_repo_commit_sha 4dccc105dff45251bc1b81acf6a4780af2e43c47
+ jq -nc --arg key exec_repo_commit_sha --arg value 4dccc105dff45251bc1b81acf6a4780af2e43c47 '{ key: $key, value: $value }'
+++ git show --no-patch --format=%ci
++ date -u --date '2024-01-26 23:32:56 -0700' +%Y-%m-%dT%H:%M:%SZ
+ writetaskstat exec_repo_commit_date 2024-01-27T06:32:56Z
+ jq -nc --arg key exec_repo_commit_date --arg value 2024-01-27T06:32:56Z '{ key: $key, value: $value }'
/tmp/twcr-12754f2047db /tmp/twcr-12754f2047db /twcr
+ '[' -z ./ ']'
+ pushd ./
+ tailwind_config_file_name=
+ '[' -f tailwind.config.js ']'
+ '[' -f tailwind.config.cjs ']'
+ '[' -f tailwind.config.mjs ']'
+ '[' -f tailwind.config.ts ']'
+ tailwind_config_file_name=tailwind.config.ts
+ writetaskstat exec_tailwind_config_file tailwind.config.ts
+ jq -nc --arg key exec_tailwind_config_file --arg value tailwind.config.ts '{ key: $key, value: $value }'
+ cp tailwind.config.ts /twcr/mnt/results/extract-raw-tailwind-config.js
+ '[' '!' -f package.json ']'
+ cp package.json /twcr/mnt/results/extract-raw-package.json
++ /twcr/worker/../worker/pm-detect.sh /tmp/twcr-12754f2047db
+ package_manager_name=yarn
+ '[' -z yarn ']'
+ '[' -z yarn ']'
+ writetaskstat exec_node_package_manager yarn
+ jq -nc --arg key exec_node_package_manager --arg value yarn '{ key: $key, value: $value }'
+ attempt_mode=squash
+ true
++ date -u +%Y-%m-%dT%H:%M:%SZ
+ writetaskstat timestamp_attempt_squash_begin 2024-03-05T05:04:59Z
+ jq -nc --arg key timestamp_attempt_squash_begin --arg value 2024-03-05T05:04:59Z '{ key: $key, value: $value }'
+ [[ squash == \s\q\u\a\s\h ]]
+ set +e
+ node /twcr/worker/../worker/squash-package.mjs tailwind.config.ts
+ exitcode=0
+ set -e
+ [[ 0 != \0 ]]
+ cat package.json
+ sed 's/^/>>> /'
>>> {
>>>   "name": "polaris-components",
>>>   "version": "0.1.0",
>>>   "private": true,
>>>   "license": "MIT",
>>>   "author": {
>>>     "name": "RAAbbott",
>>>     "url": "https://www.x.com/devwithalex"
>>>   },
>>>   "dependencies": {
>>>     "tailwindcss": "3.3.3"
>>>   },
>>>   "packageManager": "yarn@4.0.2"
>>> }+ rm -f package-lock.json pnpm-lock.yaml yarn.lock
+ '[' ./ '!=' ./ ']'
+ set +e
+ /twcr/worker/../worker/pm-install.sh yarn /tmp/twcr-12754f2047db /twcr/mnt/results
+ package_manager_name=yarn
+ procdir=/tmp/twcr-12754f2047db
+ datadir=/twcr/mnt/results
+ case "${package_manager_name}" in
+ '[' -z http://tid_9a2b464f6b2c:ok@172.18.0.2:3128 ']'
+ yarn config set httpProxy http://tid_9a2b464f6b2c:ok@172.18.0.2:3128
➤ YN0000: Successfully set httpProxy to 'http://tid_9a2b464f6b2c:ok@172.18.0.2:3128'
+ '[' -z http://tid_9a2b464f6b2c:ok@172.18.0.2:3128 ']'
+ yarn config set httpsProxy http://tid_9a2b464f6b2c:ok@172.18.0.2:3128
➤ YN0000: Successfully set httpsProxy to 'http://tid_9a2b464f6b2c:ok@172.18.0.2:3128'
+ yarn install
➤ YN0000: · Yarn 4.0.2
➤ YN0000: ┌ Resolution step
➤ YN0000: │ DeprecationWarning: Buffer() is deprecated due to security and usability issues. Please use the Buffer.alloc(), Buffer.allocUnsafe(), or Buffer.from() methods instead.
➤ YN0085: │ + tailwindcss@npm:3.3.3, @alloc/quick-lru@npm:5.2.0, @isaacs/cliui@npm:8.0.2, @jridgewell/gen-mapping@npm:0.3.5, @jridgewell/resolve-uri@npm:3.1.2, and 160 more.
➤ YN0000: └ Completed in 2s 705ms
➤ YN0000: ┌ Fetch step
➤ YN0013: │ 164 packages were added to the project (+ 18.5 MiB).
➤ YN0000: └ Completed in 2s 506ms
➤ YN0000: ┌ Link step
➤ YN0000: └ Completed in 0s 616ms
➤ YN0000: · Done with warnings in 5s 872ms
+ yarn list --depth=0 --json --non-interactive --no-progress
+ jq -cr '
        [.. | .name?]
        | map(select(.))
        | map(capture("^(?<name>@?[^@]+)@(?<version>.+)$"))
        | sort_by(.name)[]'
jq: parse error: Invalid numeric literal at line 1, column 6
+ exitcode=5
+ set -e
+ [[ 5 != \0 ]]
+ [[ squash == \s\q\u\a\s\h ]]
+ echo '[worker] WARN: package manager failed; retrying with full install'
[worker] WARN: package manager failed; retrying with full install
+ attempt_mode=full
+ continue
+ true
++ date -u +%Y-%m-%dT%H:%M:%SZ
+ writetaskstat timestamp_attempt_full_begin 2024-03-05T05:05:07Z
+ jq -nc --arg key timestamp_attempt_full_begin --arg value 2024-03-05T05:05:07Z '{ key: $key, value: $value }'
+ [[ full == \s\q\u\a\s\h ]]
+ git clean -fdx
Removing node_modules/
+ git reset --hard
HEAD is now at 4dccc10 Merge pull request #5 from RAAbbott/dev
+ set +e
+ /twcr/worker/../worker/pm-install.sh yarn /tmp/twcr-12754f2047db /twcr/mnt/results
+ package_manager_name=yarn
+ procdir=/tmp/twcr-12754f2047db
+ datadir=/twcr/mnt/results
+ case "${package_manager_name}" in
+ '[' -z http://tid_9a2b464f6b2c:ok@172.18.0.2:3128 ']'
+ yarn config set httpProxy http://tid_9a2b464f6b2c:ok@172.18.0.2:3128
➤ YN0000: Successfully set httpProxy to 'http://tid_9a2b464f6b2c:ok@172.18.0.2:3128'
+ '[' -z http://tid_9a2b464f6b2c:ok@172.18.0.2:3128 ']'
+ yarn config set httpsProxy http://tid_9a2b464f6b2c:ok@172.18.0.2:3128
➤ YN0000: Successfully set httpsProxy to 'http://tid_9a2b464f6b2c:ok@172.18.0.2:3128'
+ yarn install
➤ YN0000: · Yarn 4.0.2
➤ YN0000: ┌ Resolution step
➤ YN0000: └ Completed
➤ YN0000: ┌ Fetch step
➤ YN0000: │ DeprecationWarning: Buffer() is deprecated due to security and usability issues. Please use the Buffer.alloc(), Buffer.allocUnsafe(), or Buffer.from() methods instead.
➤ YN0013: │ 352 packages were added to the project (+ 321.64 MiB).
➤ YN0000: └ Completed in 10s 311ms
➤ YN0000: ┌ Link step
➤ YN0000: └ Completed in 7s 388ms
➤ YN0000: · Done with warnings in 17s 905ms
+ yarn list --depth=0 --json --non-interactive --no-progress
+ jq -cr '
        [.. | .name?]
        | map(select(.))
        | map(capture("^(?<name>@?[^@]+)@(?<version>.+)$"))
        | sort_by(.name)[]'
jq: parse error: Invalid numeric literal at line 1, column 6
+ exitcode=5
+ set -e
+ [[ 5 != \0 ]]
+ [[ full == \s\q\u\a\s\h ]]
+ exit 5
