==== RUN-DOCKER
+++ dirname -- ./worker/run.sh
++ cd -- ./worker
++ pwd
+ twcrdir=/twcr/worker/..
+ repo=github.com/ajomuch92/vue-tailwind-elements
+ reporef=main
+ repopath=./
+ '[' true == true ']'
+ grep -q '^././'
++ echo github.com/ajomuch92/vue-tailwind-elements
++ sha256sum
++ awk '{ print $1 }'
++ cut -c1-12
+ procdir=/tmp/twcr-7b7d94c5acaa
++ echo 'github.com/ajomuch92/vue-tailwind-elements;main;./'
++ sha256sum
++ awk '{ print $1 }'
++ cut -c1-12
+ datadir=/twcr/worker/../mnt/dataset/data/58e72a6137ec
+ '[' '!' -z /twcr/mnt/results ']'
+ datadir=/twcr/mnt/results
+ touch /twcr/mnt/results/extract-failed
++ base64
++ tr -d =
++ tr /+ _-
++ base64
++ tr -d =
++ tr /+ _-
+ writetaskstat analysis_key github.com/ajomuch92/vue-tailwind-elements/bWFpbgo/Li8K
+ jq -nc --arg key analysis_key --arg value github.com/ajomuch92/vue-tailwind-elements/bWFpbgo/Li8K '{ key: $key, value: $value }'
++ date -u +%Y%m%d%H%M%S
++ sha256sum
++ awk '{ print $1 }'
++ cut -c1-16
++ head -c 32 /dev/urandom
+ writetaskstat analysis_nonce 4f85dc0c677f4802
+ jq -nc --arg key analysis_nonce --arg value 4f85dc0c677f4802 '{ key: $key, value: $value }'
+ writetaskstat input_repo_name github.com/ajomuch92/vue-tailwind-elements
+ jq -nc --arg key input_repo_name --arg value github.com/ajomuch92/vue-tailwind-elements '{ key: $key, value: $value }'
+ writetaskstat input_repo_ref main
+ jq -nc --arg key input_repo_ref --arg value main '{ key: $key, value: $value }'
+ writetaskstat input_repo_path ./
+ jq -nc --arg key input_repo_path --arg value ./ '{ key: $key, value: $value }'
++ date -u +%Y-%m-%dT%H:%M:%SZ
+ writetaskstat timestamp_begin 2024-03-05T12:02:21Z
+ jq -nc --arg key timestamp_begin --arg value 2024-03-05T12:02:21Z '{ key: $key, value: $value }'
+ mkdir -p /tmp/twcr-7b7d94c5acaa
+ pushd /tmp/twcr-7b7d94c5acaa
+ '[' -d .git ']'
+ git clone --depth=1 -b main https://github.com/ajomuch92/vue-tailwind-elements.git .
/tmp/twcr-7b7d94c5acaa /twcr
Cloning into '.'...
++ date -u +%Y-%m-%dT%H:%M:%SZ
+ writetaskstat timestamp_git_clone_complete 2024-03-05T12:02:22Z
+ jq -nc --arg key timestamp_git_clone_complete --arg value 2024-03-05T12:02:22Z '{ key: $key, value: $value }'
++ git rev-parse HEAD
+ writetaskstat exec_repo_commit_sha 43479ff1a025708caa4d7f7e3cffe19dd75e29b9
+ jq -nc --arg key exec_repo_commit_sha --arg value 43479ff1a025708caa4d7f7e3cffe19dd75e29b9 '{ key: $key, value: $value }'
+++ git show --no-patch --format=%ci
++ date -u --date '2023-04-25 18:58:25 -0600' +%Y-%m-%dT%H:%M:%SZ
+ writetaskstat exec_repo_commit_date 2023-04-26T00:58:25Z
+ jq -nc --arg key exec_repo_commit_date --arg value 2023-04-26T00:58:25Z '{ key: $key, value: $value }'
/tmp/twcr-7b7d94c5acaa /tmp/twcr-7b7d94c5acaa /twcr
+ '[' -z ./ ']'
+ pushd ./
+ tailwind_config_file_name=
+ '[' -f tailwind.config.js ']'
+ tailwind_config_file_name=tailwind.config.js
+ writetaskstat exec_tailwind_config_file tailwind.config.js
+ jq -nc --arg key exec_tailwind_config_file --arg value tailwind.config.js '{ key: $key, value: $value }'
+ cp tailwind.config.js /twcr/mnt/results/extract-raw-tailwind-config.js
+ '[' '!' -f package.json ']'
+ cp package.json /twcr/mnt/results/extract-raw-package.json
++ /twcr/worker/../worker/pm-detect.sh /tmp/twcr-7b7d94c5acaa
+ package_manager_name=
+ '[' -z '' ']'
+ '[' ./ '!=' ./ ']'
+ '[' -z '' ']'
+ package_manager_name=npm
+ writetaskstat exec_node_package_manager npm
+ jq -nc --arg key exec_node_package_manager --arg value npm '{ key: $key, value: $value }'
+ attempt_mode=squash
+ true
++ date -u +%Y-%m-%dT%H:%M:%SZ
+ writetaskstat timestamp_attempt_squash_begin 2024-03-05T12:02:22Z
+ jq -nc --arg key timestamp_attempt_squash_begin --arg value 2024-03-05T12:02:22Z '{ key: $key, value: $value }'
+ [[ squash == \s\q\u\a\s\h ]]
+ set +e
+ node /twcr/worker/../worker/squash-package.mjs tailwind.config.js
+ exitcode=0
+ set -e
+ [[ 0 != \0 ]]
+ cat package.json
+ sed 's/^/>>> /'
>>> {
>>>   "name": "vue-tailwind-elements",
>>>   "version": "1.9.10",
>>>   "description": "A library of components based on Tailwind Elements and Tailwind",
>>>   "main": "dist/vue-tailwind-elements.ssr.js",
>>>   "browser": "dist/vue-tailwind-elements.esm.js",
>>>   "module": "dist/vue-tailwind-elements.esm.js",
>>>   "unpkg": "dist/vue-tailwind-elements.min.js",
>>>   "files": [
>>>     "dist/*",
>>>     "src/**/*.vue",
>>>     "src/**/*.css",
>>>     "src/**/*.js",
>>>     "!src/vetur/*.js"
>>>   ],
>>>   "keywords": [
>>>     "tailwind",
>>>     "vuejs",
>>>     "vuetailwind",
>>>     "tailwind-elements",
>>>     "vue-tailwind-elements",
>>>     "library",
>>>     "components"
>>>   ],
>>>   "license": "MIT",
>>>   "homepage": "https://vue-tailwind-elements.netlify.app/",
>>>   "repository": {
>>>     "type": "git",
>>>     "url": "git+https://github.com/ajomuch92/vue-tailwind-elements.git"
>>>   },
>>>   "devDependencies": {
>>>     "tailwindcss": "^3.3.1"
>>>   },
>>>   "vetur": {
>>>     "tags": "dist/vetur/tags.json",
>>>     "attributes": "dist/vetur/attributes.json"
>>>   },
>>>   "peerDependencies": {},
>>>   "engines": {
>>>     "node": ">=12"
>>>   },
>>>   "sideEffects": [
>>>     "*.css",
>>>     "*.scss"
>>>   ]
>>> }+ rm -f package-lock.json pnpm-lock.yaml yarn.lock
+ '[' ./ '!=' ./ ']'
+ set +e
+ /twcr/worker/../worker/pm-install.sh npm /tmp/twcr-7b7d94c5acaa /twcr/mnt/results
+ package_manager_name=npm
+ procdir=/tmp/twcr-7b7d94c5acaa
+ datadir=/twcr/mnt/results
+ case "${package_manager_name}" in
++ '[' -f package-lock.json ']'
++ echo install
+ npm install --ignore-engines

added 112 packages, and audited 113 packages in 7s

28 packages are looking for funding
  run `npm fund` for details

found 0 vulnerabilities
npm notice 
npm notice New minor version of npm available! 10.2.4 -> 10.5.0
npm notice Changelog: <https://github.com/npm/cli/releases/tag/v10.5.0>
npm notice Run `npm install -g npm@10.5.0` to update!
npm notice 
+ npm query '*'
+ jq -cr '
        map({ name: .name, version: .version })
        | map(select(.name))
        | sort_by(.name)[]
      '
+ exitcode=0
+ set -e
+ [[ 0 != \0 ]]
++ jq -sr 'map(select(.name == "tailwindcss")) | first | .version'
+ tailwind_package_version=3.4.1
+ tailwind_config_exporter=tailwind.config.exporter2.cjs
+ '[' -f node_modules/tailwindcss/lib/lib/load-config.js ']'
+ tailwind_config_exporter=tailwind.config.exporter3.mjs
+ cp /twcr/worker/../worker/tailwind.config.exporter3.mjs ./
+ set +e
+ node ./tailwind.config.exporter3.mjs tailwind.config.js
+ exitcode=0
+ set -e
+ [[ 0 != \0 ]]
+ echo 'module.exports={plugins:['
+ jq -rs '
        map(select(.name | startswith("@tailwindcss/")))
        | map("require(" + ( .name | tojson ) + "),")[]
      '
+ grep -Ev '"@tailwindcss/postcss7-compat"'
+ true
+ echo ']}'
+ cat tailwind.config.js
+ sed 's/^/>>> /'
>>> module.exports={plugins:[
>>> ]}
+ node ./tailwind.config.exporter3.mjs tailwind.config.js
++ date -u +%Y-%m-%dT%H:%M:%SZ
+ writetaskstat timestamp_attempt_squash_end 2024-03-05T12:02:30Z
+ jq -nc --arg key timestamp_attempt_squash_end --arg value 2024-03-05T12:02:30Z '{ key: $key, value: $value }'
+ break
++ date -u +%Y-%m-%dT%H:%M:%SZ
+ writetaskstat timestamp_end 2024-03-05T12:02:30Z
+ jq -nc --arg key timestamp_end --arg value 2024-03-05T12:02:30Z '{ key: $key, value: $value }'
+ rm /twcr/mnt/results/extract-failed
+ touch /twcr/mnt/results/extract-completed
