==== RUN-DOCKER
+++ dirname -- ./worker/run.sh
++ cd -- ./worker
++ pwd
+ twcrdir=/twcr/worker/..
+ repo=github.com/sushiswap/sushiswap
+ reporef=master
+ repopath=./apps/blog
+ '[' true == true ']'
+ grep -q '^././'
++ echo github.com/sushiswap/sushiswap
++ sha256sum
++ awk '{ print $1 }'
++ cut -c1-12
+ procdir=/tmp/twcr-eaa3fe1cc7ff
++ echo 'github.com/sushiswap/sushiswap;master;./apps/blog'
++ sha256sum
++ awk '{ print $1 }'
++ cut -c1-12
+ datadir=/twcr/worker/../mnt/dataset/data/89fbf72662d0
+ '[' '!' -z /twcr/mnt/results ']'
+ datadir=/twcr/mnt/results
+ touch /twcr/mnt/results/extract-failed
++ base64
++ tr -d =
++ tr /+ _-
++ base64
++ tr -d =
++ tr /+ _-
+ writetaskstat analysis_key github.com/sushiswap/sushiswap/bWFzdGVyCg/Li9hcHBzL2Jsb2cK
+ jq -nc --arg key analysis_key --arg value github.com/sushiswap/sushiswap/bWFzdGVyCg/Li9hcHBzL2Jsb2cK '{ key: $key, value: $value }'
++ date -u +%Y%m%d%H%M%S
++ sha256sum
++ awk '{ print $1 }'
++ cut -c1-16
++ head -c 32 /dev/urandom
+ writetaskstat analysis_nonce 5b64e736dd7e5c11
+ jq -nc --arg key analysis_nonce --arg value 5b64e736dd7e5c11 '{ key: $key, value: $value }'
+ writetaskstat input_repo_name github.com/sushiswap/sushiswap
+ jq -nc --arg key input_repo_name --arg value github.com/sushiswap/sushiswap '{ key: $key, value: $value }'
+ writetaskstat input_repo_ref master
+ jq -nc --arg key input_repo_ref --arg value master '{ key: $key, value: $value }'
+ writetaskstat input_repo_path ./apps/blog
+ jq -nc --arg key input_repo_path --arg value ./apps/blog '{ key: $key, value: $value }'
++ date -u +%Y-%m-%dT%H:%M:%SZ
+ writetaskstat timestamp_begin 2024-03-04T22:33:05Z
+ jq -nc --arg key timestamp_begin --arg value 2024-03-04T22:33:05Z '{ key: $key, value: $value }'
+ mkdir -p /tmp/twcr-eaa3fe1cc7ff
/tmp/twcr-eaa3fe1cc7ff /twcr
+ pushd /tmp/twcr-eaa3fe1cc7ff
+ '[' -d .git ']'
+ git clone --depth=1 -b master https://github.com/sushiswap/sushiswap.git .
Cloning into '.'...
++ date -u +%Y-%m-%dT%H:%M:%SZ
+ writetaskstat timestamp_git_clone_complete 2024-03-04T22:33:08Z
+ jq -nc --arg key timestamp_git_clone_complete --arg value 2024-03-04T22:33:08Z '{ key: $key, value: $value }'
++ git rev-parse HEAD
+ writetaskstat exec_repo_commit_sha b97e99f36fd6c5c9a67d3dc98c357421b1498d43
+ jq -nc --arg key exec_repo_commit_sha --arg value b97e99f36fd6c5c9a67d3dc98c357421b1498d43 '{ key: $key, value: $value }'
+++ git show --no-patch --format=%ci
++ date -u --date '2024-03-04 17:03:46 +0000' +%Y-%m-%dT%H:%M:%SZ
+ writetaskstat exec_repo_commit_date 2024-03-04T17:03:46Z
+ jq -nc --arg key exec_repo_commit_date --arg value 2024-03-04T17:03:46Z '{ key: $key, value: $value }'
/tmp/twcr-eaa3fe1cc7ff/apps/blog /tmp/twcr-eaa3fe1cc7ff /twcr
+ '[' -z ./apps/blog ']'
+ pushd ./apps/blog
+ tailwind_config_file_name=
+ '[' -f tailwind.config.js ']'
+ tailwind_config_file_name=tailwind.config.js
+ writetaskstat exec_tailwind_config_file tailwind.config.js
+ jq -nc --arg key exec_tailwind_config_file --arg value tailwind.config.js '{ key: $key, value: $value }'
+ cp tailwind.config.js /twcr/mnt/results/extract-raw-tailwind-config.js
+ '[' '!' -f package.json ']'
+ cp package.json /twcr/mnt/results/extract-raw-package.json
++ /twcr/worker/../worker/pm-detect.sh /tmp/twcr-eaa3fe1cc7ff/apps/blog
+ package_manager_name=
+ '[' -z '' ']'
+ '[' ./apps/blog '!=' ./ ']'
++ /twcr/worker/../worker/pm-detect.sh /tmp/twcr-eaa3fe1cc7ff
+ package_manager_name=pnpm
+ '[' -z pnpm ']'
+ writetaskstat exec_node_package_manager pnpm
+ jq -nc --arg key exec_node_package_manager --arg value pnpm '{ key: $key, value: $value }'
+ attempt_mode=squash
+ true
++ date -u +%Y-%m-%dT%H:%M:%SZ
+ writetaskstat timestamp_attempt_squash_begin 2024-03-04T22:33:08Z
+ jq -nc --arg key timestamp_attempt_squash_begin --arg value 2024-03-04T22:33:08Z '{ key: $key, value: $value }'
+ [[ squash == \s\q\u\a\s\h ]]
+ set +e
+ node /twcr/worker/../worker/squash-package.mjs tailwind.config.js
+ exitcode=0
+ set -e
+ [[ 0 != \0 ]]
+ cat package.json
+ sed 's/^/>>> /'
>>> {
>>>   "name": "blog",
>>>   "version": "0.0.0",
>>>   "private": true,
>>>   "dependencies": {
>>>     "@sushiswap/tailwindcss-config": "workspace:*"
>>>   },
>>>   "devDependencies": {
>>>     "tailwindcss": "3.3.2"
>>>   }
>>> }+ rm -f package-lock.json pnpm-lock.yaml yarn.lock
+ '[' ./apps/blog '!=' ./ ']'
+ rm -f /tmp/twcr-eaa3fe1cc7ff/package.json /tmp/twcr-eaa3fe1cc7ff/package-lock.json /tmp/twcr-eaa3fe1cc7ff/pnpm-lock.yaml /tmp/twcr-eaa3fe1cc7ff/yarn.lock
+ set +e
+ /twcr/worker/../worker/pm-install.sh pnpm /tmp/twcr-eaa3fe1cc7ff /twcr/mnt/results
+ package_manager_name=pnpm
+ procdir=/tmp/twcr-eaa3fe1cc7ff
+ datadir=/twcr/mnt/results
+ case "${package_manager_name}" in
+ '[' '!' -f /tmp/twcr-eaa3fe1cc7ff/package.json ']'
+ '[' '!' -f package.json ']'
++ pnpm -v
+ sed -Ei 's/("pnpm": ")(.+)(")/\18.15.4\3/' package.json
+ pnpm install
Scope: all 30 workspace projects
../..                                    | Progress: resolved 1, reused 0, downloaded 0, added 0
../../apis/extractor                     |  WARN  deprecated @tsconfig/esm@1.0.4
../..                                    | Progress: resolved 17, reused 0, downloaded 13, added 0
../..                                    | Progress: resolved 27, reused 0, downloaded 22, added 0
../..                                    | Progress: resolved 34, reused 0, downloaded 29, added 0
../..                                    | Progress: resolved 54, reused 0, downloaded 42, added 0
../..                                    | Progress: resolved 73, reused 0, downloaded 60, added 0
../..                                    | Progress: resolved 88, reused 0, downloaded 80, added 0
../..                                    | Progress: resolved 91, reused 0, downloaded 83, added 0
../..                                    | Progress: resolved 98, reused 0, downloaded 89, added 0
../..                                    | Progress: resolved 107, reused 0, downloaded 93, added 0
../../config/hardhat                     |  WARN  deprecated @nomiclabs/hardhat-etherscan@3.1.3
../..                                    | Progress: resolved 118, reused 0, downloaded 102, added 0
../..                                    | Progress: resolved 132, reused 0, downloaded 118, added 0
../..                                    | Progress: resolved 146, reused 0, downloaded 130, added 0
../..                                    | Progress: resolved 159, reused 0, downloaded 143, added 0
../..                                    | Progress: resolved 176, reused 0, downloaded 160, added 0
../..                                    | Progress: resolved 191, reused 0, downloaded 175, added 0
../..                                    | Progress: resolved 212, reused 0, downloaded 194, added 0
../..                                    | Progress: resolved 229, reused 0, downloaded 208, added 0
../..                                    | Progress: resolved 247, reused 0, downloaded 228, added 0
../..                                    | Progress: resolved 264, reused 0, downloaded 253, added 0
../..                                    | Progress: resolved 289, reused 0, downloaded 272, added 0
../..                                    | Progress: resolved 307, reused 0, downloaded 288, added 0
../..                                    | Progress: resolved 326, reused 0, downloaded 313, added 0
../..                                    | Progress: resolved 338, reused 0, downloaded 324, added 0
../..                                    | Progress: resolved 358, reused 0, downloaded 343, added 0
../..                                    | Progress: resolved 372, reused 0, downloaded 355, added 0
../..                                    | Progress: resolved 394, reused 0, downloaded 373, added 0
../..                                    | Progress: resolved 406, reused 0, downloaded 389, added 0
../..                                    | Progress: resolved 412, reused 0, downloaded 393, added 0
../..                                    | Progress: resolved 430, reused 0, downloaded 410, added 0
../..                                    | Progress: resolved 439, reused 0, downloaded 421, added 0
../..                                    | Progress: resolved 443, reused 0, downloaded 423, added 0
../..                                    | Progress: resolved 446, reused 0, downloaded 429, added 0
../..                                    | Progress: resolved 462, reused 0, downloaded 442, added 0
../..                                    | Progress: resolved 474, reused 0, downloaded 453, added 0
../..                                    | Progress: resolved 483, reused 0, downloaded 460, added 0
../..                                    | Progress: resolved 484, reused 0, downloaded 464, added 0
../..                                    | Progress: resolved 486, reused 0, downloaded 467, added 0
../..                                    | Progress: resolved 507, reused 0, downloaded 473, added 0
../..                                    | Progress: resolved 514, reused 0, downloaded 482, added 0
../..                                    | Progress: resolved 528, reused 0, downloaded 496, added 0
../..                                    | Progress: resolved 551, reused 0, downloaded 511, added 0
../..                                    | Progress: resolved 566, reused 0, downloaded 523, added 0
../..                                    | Progress: resolved 580, reused 0, downloaded 540, added 0
../..                                    | Progress: resolved 600, reused 0, downloaded 558, added 0
../..                                    | Progress: resolved 619, reused 0, downloaded 576, added 0
../..                                    | Progress: resolved 641, reused 0, downloaded 598, added 0
../..                                    | Progress: resolved 660, reused 0, downloaded 613, added 0
../..                                    | Progress: resolved 673, reused 0, downloaded 635, added 0
../..                                    | Progress: resolved 690, reused 0, downloaded 648, added 0
../..                                    | Progress: resolved 698, reused 0, downloaded 656, added 0
../..                                    | Progress: resolved 718, reused 0, downloaded 670, added 0
../..                                    | Progress: resolved 722, reused 0, downloaded 678, added 0
../..                                    | Progress: resolved 737, reused 0, downloaded 690, added 0
../..                                    | Progress: resolved 752, reused 0, downloaded 701, added 0
../..                                    | Progress: resolved 766, reused 0, downloaded 711, added 0
../..                                    | Progress: resolved 783, reused 0, downloaded 730, added 0
../..                                    | Progress: resolved 798, reused 0, downloaded 747, added 0
../..                                    | Progress: resolved 815, reused 0, downloaded 762, added 0
../..                                    | Progress: resolved 833, reused 0, downloaded 778, added 0
../..                                    | Progress: resolved 856, reused 0, downloaded 794, added 0
../..                                    | Progress: resolved 880, reused 0, downloaded 817, added 0
../..                                    | Progress: resolved 898, reused 0, downloaded 842, added 0
../..                                    | Progress: resolved 929, reused 0, downloaded 861, added 0
../..                                    | Progress: resolved 952, reused 0, downloaded 877, added 0
../..                                    | Progress: resolved 965, reused 0, downloaded 895, added 0
../..                                    | Progress: resolved 973, reused 0, downloaded 903, added 0
../..                                    | Progress: resolved 981, reused 0, downloaded 910, added 0
../..                                    | Progress: resolved 997, reused 0, downloaded 925, added 0
../..                                    | Progress: resolved 1009, reused 0, downloaded 938, added 0
../..                                    | Progress: resolved 1021, reused 0, downloaded 949, added 0
../..                                    | Progress: resolved 1040, reused 0, downloaded 966, added 0
../..                                    | Progress: resolved 1059, reused 0, downloaded 977, added 0
../..                                    | Progress: resolved 1078, reused 0, downloaded 999, added 0
../..                                    | Progress: resolved 1099, reused 0, downloaded 1020, added 0
../..                                    | Progress: resolved 1121, reused 0, downloaded 1041, added 0
../..                                    | Progress: resolved 1137, reused 0, downloaded 1055, added 0
../..                                    | Progress: resolved 1159, reused 0, downloaded 1074, added 0
../..                                    | Progress: resolved 1167, reused 0, downloaded 1089, added 0
../..                                    | Progress: resolved 1185, reused 0, downloaded 1104, added 0
../..                                    | Progress: resolved 1208, reused 0, downloaded 1124, added 0
../..                                    | Progress: resolved 1223, reused 0, downloaded 1140, added 0
../..                                    | Progress: resolved 1242, reused 0, downloaded 1151, added 0
../..                                    | Progress: resolved 1254, reused 0, downloaded 1168, added 0
../..                                    | Progress: resolved 1264, reused 0, downloaded 1173, added 0
../..                                    | Progress: resolved 1275, reused 0, downloaded 1184, added 0
../..                                    | Progress: resolved 1289, reused 0, downloaded 1196, added 0
../..                                    | Progress: resolved 1307, reused 0, downloaded 1214, added 0
../..                                    | Progress: resolved 1321, reused 0, downloaded 1228, added 0
../..                                    | Progress: resolved 1345, reused 0, downloaded 1236, added 0
../..                                    | Progress: resolved 1361, reused 0, downloaded 1248, added 0
../..                                    | Progress: resolved 1385, reused 0, downloaded 1268, added 0
../..                                    | Progress: resolved 1393, reused 0, downloaded 1286, added 0
../..                                    | Progress: resolved 1400, reused 0, downloaded 1288, added 0
../..                                    | Progress: resolved 1409, reused 0, downloaded 1296, added 0
../..                                    | Progress: resolved 1423, reused 0, downloaded 1307, added 0
../..                                    | Progress: resolved 1438, reused 0, downloaded 1319, added 0
../..                                    | Progress: resolved 1455, reused 0, downloaded 1336, added 0
../..                                    | Progress: resolved 1468, reused 0, downloaded 1347, added 0
../..                                    | Progress: resolved 1478, reused 0, downloaded 1360, added 0
../..                                    | Progress: resolved 1487, reused 0, downloaded 1363, added 0
../..                                    | Progress: resolved 1504, reused 0, downloaded 1382, added 0
../..                                    | Progress: resolved 1528, reused 0, downloaded 1403, added 0
../..                                    | Progress: resolved 1548, reused 0, downloaded 1425, added 0
../..                                    | Progress: resolved 1557, reused 0, downloaded 1427, added 0
../..                                    | Progress: resolved 1571, reused 0, downloaded 1442, added 0
../..                                    | Progress: resolved 1588, reused 0, downloaded 1463, added 0
../..                                    | Progress: resolved 1612, reused 0, downloaded 1479, added 0
../..                                    | Progress: resolved 1630, reused 0, downloaded 1495, added 0
../..                                    | Progress: resolved 1638, reused 0, downloaded 1508, added 0
../..                                    | Progress: resolved 1653, reused 0, downloaded 1521, added 0
../..                                    | Progress: resolved 1671, reused 0, downloaded 1539, added 0
../..                                    | Progress: resolved 1690, reused 0, downloaded 1558, added 0
../..                                    | Progress: resolved 1705, reused 0, downloaded 1571, added 0
../..                                    | Progress: resolved 1723, reused 0, downloaded 1588, added 0
../..                                    | Progress: resolved 1750, reused 0, downloaded 1609, added 0
../..                                    | Progress: resolved 1775, reused 0, downloaded 1629, added 0
../..                                    | Progress: resolved 1788, reused 0, downloaded 1649, added 0
../..                                    | Progress: resolved 1826, reused 0, downloaded 1661, added 0
../..                                    | Progress: resolved 1848, reused 0, downloaded 1688, added 0
../..                                    | Progress: resolved 1868, reused 0, downloaded 1704, added 0
../..                                    | Progress: resolved 1896, reused 0, downloaded 1724, added 0
../..                                    | Progress: resolved 1937, reused 0, downloaded 1745, added 0
../..                                    | Progress: resolved 1953, reused 0, downloaded 1776, added 0
../..                                    | Progress: resolved 1959, reused 0, downloaded 1782, added 0
../..                                    | Progress: resolved 1981, reused 0, downloaded 1800, added 0
../..                                    | Progress: resolved 2037, reused 0, downloaded 1816, added 0
../..                                    | Progress: resolved 2049, reused 0, downloaded 1844, added 0
../..                                    | Progress: resolved 2071, reused 0, downloaded 1863, added 0
../..                                    | Progress: resolved 2073, reused 0, downloaded 1874, added 0
../..                                    | Progress: resolved 2108, reused 0, downloaded 1893, added 0
../..                                    | Progress: resolved 2125, reused 0, downloaded 1914, added 0
../..                                    | Progress: resolved 2161, reused 0, downloaded 1948, added 0
../..                                    | Progress: resolved 2180, reused 0, downloaded 1966, added 0
../..                                    | Progress: resolved 2198, reused 0, downloaded 1981, added 0
../..                                    | Progress: resolved 2216, reused 0, downloaded 2002, added 0
../..                                    | Progress: resolved 2245, reused 0, downloaded 2025, added 0
../..                                    | Progress: resolved 2269, reused 0, downloaded 2051, added 0
../..                                    | Progress: resolved 2292, reused 0, downloaded 2079, added 0
../..                                    | Progress: resolved 2330, reused 0, downloaded 2102, added 0
../..                                    | Progress: resolved 2354, reused 0, downloaded 2130, added 0
../..                                    | Progress: resolved 2376, reused 0, downloaded 2153, added 0
../..                                    | Progress: resolved 2398, reused 0, downloaded 2175, added 0
../..                                    | Progress: resolved 2416, reused 0, downloaded 2190, added 0
../..                                    | Progress: resolved 2433, reused 0, downloaded 2209, added 0
../..                                    | Progress: resolved 2459, reused 0, downloaded 2231, added 0
../..                                    | Progress: resolved 2479, reused 0, downloaded 2249, added 0
../..                                    | Progress: resolved 2506, reused 0, downloaded 2272, added 0
../..                                    | Progress: resolved 2530, reused 0, downloaded 2293, added 0
../..                                    | Progress: resolved 2552, reused 0, downloaded 2315, added 0
../..                                    | Progress: resolved 2570, reused 0, downloaded 2338, added 0
../..                                    | Progress: resolved 2599, reused 0, downloaded 2358, added 0
../..                                    | Progress: resolved 2627, reused 0, downloaded 2385, added 0
../..                                    | Progress: resolved 2647, reused 0, downloaded 2406, added 0
../..                                    | Progress: resolved 2675, reused 0, downloaded 2432, added 0
../..                                    | Progress: resolved 2708, reused 0, downloaded 2459, added 0
../..                                    | Progress: resolved 2734, reused 0, downloaded 2483, added 0
../..                                    | Progress: resolved 2750, reused 0, downloaded 2504, added 0
../..                                    | Progress: resolved 2770, reused 0, downloaded 2518, added 0
../..                                    | Progress: resolved 2785, reused 0, downloaded 2541, added 0
../..                                    | Progress: resolved 2800, reused 0, downloaded 2555, added 0
../..                                    | Progress: resolved 2826, reused 0, downloaded 2570, added 0
../..                                    | Progress: resolved 2846, reused 0, downloaded 2589, added 0
../..                                    | Progress: resolved 2867, reused 0, downloaded 2613, added 0
../..                                    | Progress: resolved 2892, reused 0, downloaded 2638, added 0
../..                                    | Progress: resolved 2924, reused 0, downloaded 2658, added 0
../..                                    | Progress: resolved 2951, reused 0, downloaded 2690, added 0
../..                                    | Progress: resolved 2978, reused 0, downloaded 2713, added 0
../..                                    | Progress: resolved 3002, reused 0, downloaded 2733, added 0
../..                                    | Progress: resolved 3025, reused 0, downloaded 2761, added 0
../..                                    | Progress: resolved 3054, reused 0, downloaded 2783, added 0
../..                                    | Progress: resolved 3080, reused 0, downloaded 2813, added 0
../..                                    | Progress: resolved 3103, reused 0, downloaded 2833, added 0
../..                                    | Progress: resolved 3130, reused 0, downloaded 2859, added 0
../..                                    | Progress: resolved 3155, reused 0, downloaded 2883, added 0
../..                                    | Progress: resolved 3185, reused 0, downloaded 2909, added 0
../..                                    | Progress: resolved 3208, reused 0, downloaded 2930, added 0
../..                                    | Progress: resolved 3233, reused 0, downloaded 2959, added 0
../..                                    | Progress: resolved 3258, reused 0, downloaded 2981, added 0
../..                                    | Progress: resolved 3288, reused 0, downloaded 3008, added 0
../..                                    | Progress: resolved 3311, reused 0, downloaded 3028, added 0
../..                                    | Progress: resolved 3338, reused 0, downloaded 3052, added 0
../..                                    | Progress: resolved 3362, reused 0, downloaded 3076, added 0
../..                                    | Progress: resolved 3381, reused 0, downloaded 3096, added 0
../..                                    | Progress: resolved 3385, reused 0, downloaded 3096, added 0
../..                                    | Progress: resolved 3399, reused 0, downloaded 3107, added 0
../..                                    | Progress: resolved 3409, reused 0, downloaded 3121, added 0
../..                                    | Progress: resolved 3426, reused 0, downloaded 3139, added 0
../..                                    | Progress: resolved 3449, reused 0, downloaded 3161, added 0
../..                                    | Progress: resolved 3475, reused 0, downloaded 3173, added 0
../..                                    | Progress: resolved 3483, reused 0, downloaded 3203, added 0
../../config/hardhat                     |  WARN  deprecated zksync-web3@0.13.4
../..                                    | Progress: resolved 3487, reused 0, downloaded 3204, added 0
../..                                    | Progress: resolved 3496, reused 0, downloaded 3213, added 0
../..                                    | Progress: resolved 3507, reused 0, downloaded 3221, added 0
../..                                    | Progress: resolved 3509, reused 0, downloaded 3224, added 0
../..                                    | Progress: resolved 3525, reused 0, downloaded 3235, added 0
../..                                    | Progress: resolved 3543, reused 0, downloaded 3250, added 0
../..                                    | Progress: resolved 3561, reused 0, downloaded 3266, added 0
../..                                    | Progress: resolved 3566, reused 0, downloaded 3278, added 0
../..                                    | Progress: resolved 3582, reused 0, downloaded 3292, added 0
../..                                    | Progress: resolved 3606, reused 0, downloaded 3312, added 0
../..                                    | Progress: resolved 3629, reused 0, downloaded 3332, added 0
../..                                    | Progress: resolved 3656, reused 0, downloaded 3354, added 0
../..                                    | Progress: resolved 3671, reused 0, downloaded 3376, added 0
../..                                    | Progress: resolved 3693, reused 0, downloaded 3395, added 0
../..                                    | Progress: resolved 3721, reused 0, downloaded 3420, added 0
../..                                    | Progress: resolved 3750, reused 0, downloaded 3445, added 0
../..                                    | Progress: resolved 3766, reused 0, downloaded 3463, added 0
../..                                    | Progress: resolved 3795, reused 0, downloaded 3487, added 0
../..                                    | Progress: resolved 3815, reused 0, downloaded 3509, added 0
../..                                    | Progress: resolved 3852, reused 0, downloaded 3538, added 0
../..                                    | Progress: resolved 3870, reused 0, downloaded 3564, added 0
../..                                    | Progress: resolved 3898, reused 0, downloaded 3584, added 0
../..                                    | Progress: resolved 3920, reused 0, downloaded 3605, added 0
../..                                    | Progress: resolved 3939, reused 0, downloaded 3628, added 0
../..                                    | Progress: resolved 3966, reused 0, downloaded 3649, added 0
../..                                    | Progress: resolved 3984, reused 0, downloaded 3669, added 0
../..                                    | Progress: resolved 3997, reused 0, downloaded 3679, added 0
../..                                    | Progress: resolved 4016, reused 0, downloaded 3699, added 0
../..                                    | Progress: resolved 4038, reused 0, downloaded 3717, added 0
../..                                    | Progress: resolved 4049, reused 0, downloaded 3726, added 0
../..                                    | Progress: resolved 4058, reused 0, downloaded 3756, added 0
../..                                    | Progress: resolved 4058, reused 0, downloaded 3791, added 0
../..                                    | Progress: resolved 4058, reused 0, downloaded 3823, added 0
../..                                    | Progress: resolved 4058, reused 0, downloaded 3859, added 0
../..                                    | Progress: resolved 4058, reused 0, downloaded 3901, added 0
../..                                    | Progress: resolved 4058, reused 0, downloaded 3933, added 0
../..                                    | Progress: resolved 4058, reused 0, downloaded 3961, added 0
../..                                    | Progress: resolved 4059, reused 0, downloaded 3963, added 0
 WARN  49 deprecated subdependencies found: @babel/plugin-proposal-async-generator-functions@7.20.7, @babel/plugin-proposal-class-properties@7.18.6, @babel/plugin-proposal-nullish-coalescing-operator@7.18.6, @babel/plugin-proposal-numeric-separator@7.18.6, @babel/plugin-proposal-object-rest-spread@7.20.7, @babel/plugin-proposal-optional-catch-binding@7.18.6, @babel/plugin-proposal-optional-chaining@7.21.0, @ensdomains/ens@0.4.5, @ensdomains/resolver@0.2.4, @motionone/vue@10.16.4, @uniswap/v3-staker@1.0.0, abab@2.0.6, cids@0.7.5, core-js@2.6.12, debug@3.2.6, debug@4.1.1, domexception@4.0.0, eth-json-rpc-infura@3.2.1, eth-sig-util@1.4.2, eth-sig-util@3.0.0, ethashjs@0.0.8, ethereumjs-account@3.0.0, ethereumjs-block@1.7.1, ethereumjs-block@2.2.2, ethereumjs-blockchain@4.0.4, ethereumjs-common@1.5.0, ethereumjs-tx@1.3.7, ethereumjs-tx@2.1.2, ethereumjs-vm@2.6.0, ethereumjs-vm@4.2.0, fsevents@2.1.3, ganache-core@2.13.2, har-validator@5.1.5, mkdirp-promise@5.0.1, multibase@0.6.1, multibase@0.7.0, multicodec@0.5.7, multicodec@1.0.4, querystring@0.2.0, request@2.88.2, resolve-url@0.2.1, safe-event-emitter@1.0.1, source-map-resolve@0.5.3, source-map-url@0.4.1, testrpc@0.0.1, urix@0.1.0, uuid@3.3.2, uuid@3.4.0, zksync-web3@0.8.1
../..                                    |    +3991 ++++++++++++++++++++++++++++
../..                                    | Progress: resolved 4059, reused 0, downloaded 3963, added 1
../..                                    | Progress: resolved 4059, reused 0, downloaded 3963, added 795
../..                                    | Progress: resolved 4059, reused 0, downloaded 3963, added 1925
../..                                    | Progress: resolved 4059, reused 0, downloaded 3963, added 2925
../..                                    | Progress: resolved 4059, reused 0, downloaded 3963, added 3840
../..                                    | Progress: resolved 4059, reused 0, downloaded 3963, added 3990
../..                                    | Progress: resolved 4059, reused 0, downloaded 3963, added 3991, done
.../node_modules/bigint-buffer install$ npm run rebuild || echo "Couldn't build bindings. Non-native version used."
.../node_modules/protobufjs postinstall$ node scripts/postinstall
.../node_modules/utf-8-validate install$ node-gyp-build
.../node_modules/bufferutil install$ node-gyp-build
.../keccak@3.0.4/node_modules/keccak install$ node-gyp-build || exit 0
.../node_modules/protobufjs postinstall: Done
.../@playwright/browser-chromium install$ node install.js
.../node_modules/utf-8-validate install: Done
.../node_modules/bufferutil install: Done
.../node_modules/@sentry/cli install$ node ./scripts/install.js
.../keccak@3.0.4/node_modules/keccak install: Done
.../node_modules/secp256k1 install$ node-gyp-build || exit 0
.../es5-ext@0.10.64/node_modules/es5-ext postinstall$  node -e "try{require('./_postinstall')}catch(e){}" || exit 0
.../node_modules/@sentry/cli install: [sentry-cli] Downloading from https://downloads.sentry-cdn.com/sentry-cli/1.77.3/sentry-cli-Linux-x86_64
.../node_modules/@sentry/cli install: [sentry-cli] Using proxy URL: http://tid_7f4159e015bb:ok@172.18.0.2:3128
.../node_modules/@sentry/cli install: (node:260) [DEP0040] DeprecationWarning: The `punycode` module is deprecated. Please use a userland alternative instead.
.../node_modules/@sentry/cli install: (Use `node --trace-deprecation ...` to show where the warning was created)
.../node_modules/@sentry/cli install: fetching sentry-cli-Linux-x86_64 1%
.../node_modules/secp256k1 install: Done
.../node_modules/@sentry/cli install: fetching sentry-cli-Linux-x86_64 2%
.../@playwright/browser-chromium install: Skipping browsers download because `PLAYWRIGHT_SKIP_BROWSER_DOWNLOAD` env variable is set
.../node_modules/@sentry/cli install: fetching sentry-cli-Linux-x86_64 3%
.../@playwright/browser-chromium install: Done
.../node_modules/@sentry/cli install: fetching sentry-cli-Linux-x86_64 4%
.../node_modules/@sentry/cli install: fetching sentry-cli-Linux-x86_64 5%
.../node_modules/@sentry/cli install: fetching sentry-cli-Linux-x86_64 6%
.../node_modules/@sentry/cli install: fetching sentry-cli-Linux-x86_64 7%
.../node_modules/core-js-pure postinstall$ node -e "try{require('./postinstall')}catch(e){}"
.../node_modules/@sentry/cli install: fetching sentry-cli-Linux-x86_64 8%
.../node_modules/@sentry/cli install: fetching sentry-cli-Linux-x86_64 9%
.../node_modules/@sentry/cli install: fetching sentry-cli-Linux-x86_64 10%
.../node_modules/@sentry/cli install: fetching sentry-cli-Linux-x86_64 11%
.../node_modules/@sentry/cli install: fetching sentry-cli-Linux-x86_64 12%
.../es5-ext@0.10.64/node_modules/es5-ext postinstall: Done
.../core-js@2.6.12/node_modules/core-js postinstall$ node -e "try{require('./postinstall')}catch(e){}"
.../node_modules/@sentry/cli install: fetching sentry-cli-Linux-x86_64 13%
.../node_modules/@sentry/cli install: fetching sentry-cli-Linux-x86_64 14%
.../node_modules/@sentry/cli install: fetching sentry-cli-Linux-x86_64 15%
.../node_modules/@sentry/cli install: fetching sentry-cli-Linux-x86_64 16%
.../node_modules/@sentry/cli install: fetching sentry-cli-Linux-x86_64 17%
.../node_modules/@sentry/cli install: fetching sentry-cli-Linux-x86_64 18%
.../node_modules/@sentry/cli install: fetching sentry-cli-Linux-x86_64 19%
.../node_modules/@sentry/cli install: fetching sentry-cli-Linux-x86_64 20%
.../node_modules/@sentry/cli install: fetching sentry-cli-Linux-x86_64 21%
.../node_modules/@sentry/cli install: fetching sentry-cli-Linux-x86_64 22%
.../node_modules/core-js-pure postinstall: Thank you for using core-js ( https://github.com/zloirock/core-js ) for polyfilling JavaScript standard library!
.../node_modules/core-js-pure postinstall: The project needs your help! Please consider supporting core-js:
.../node_modules/core-js-pure postinstall: > https://opencollective.com/core-js 
.../node_modules/core-js-pure postinstall: > https://patreon.com/zloirock 
.../node_modules/core-js-pure postinstall: > https://boosty.to/zloirock 
.../node_modules/core-js-pure postinstall: > bitcoin: bc1qlea7544qtsmj2rayg0lthvza9fau63ux0fstcz 
.../node_modules/core-js-pure postinstall: I highly recommend reading this: https://github.com/zloirock/core-js/blob/master/docs/2023-02-14-so-whats-next.md 
.../node_modules/@sentry/cli install: fetching sentry-cli-Linux-x86_64 23%
.../node_modules/core-js-pure postinstall: Done
.../node_modules/@sentry/cli install: fetching sentry-cli-Linux-x86_64 24%
.../node_modules/bigint-buffer install: > bigint-buffer@1.1.5 rebuild
.../node_modules/bigint-buffer install: > node-gyp rebuild
.../node_modules/@sentry/cli install: fetching sentry-cli-Linux-x86_64 25%
.../node_modules/@sentry/cli install: fetching sentry-cli-Linux-x86_64 26%
.../node_modules/@sentry/cli install: fetching sentry-cli-Linux-x86_64 27%
.../node_modules/@sentry/cli install: fetching sentry-cli-Linux-x86_64 28%
.../core-js@2.6.12/node_modules/core-js postinstall: Thank you for using core-js ( https://github.com/zloirock/core-js ) for polyfilling JavaScript standard library!
.../core-js@2.6.12/node_modules/core-js postinstall: The project needs your help! Please consider supporting of core-js on Open Collective or Patreon: 
.../core-js@2.6.12/node_modules/core-js postinstall: > https://opencollective.com/core-js 
.../core-js@2.6.12/node_modules/core-js postinstall: > https://www.patreon.com/zloirock 
.../core-js@2.6.12/node_modules/core-js postinstall: Also, the author of core-js ( https://github.com/zloirock ) is looking for a good job -)
.../node_modules/@sentry/cli install: fetching sentry-cli-Linux-x86_64 29%
.../core-js@2.6.12/node_modules/core-js postinstall: Done
.../node_modules/@sentry/cli install: fetching sentry-cli-Linux-x86_64 30%
.../node_modules/@sentry/cli install: fetching sentry-cli-Linux-x86_64 31%
.../node_modules/@sentry/cli install: fetching sentry-cli-Linux-x86_64 32%
.../node_modules/@sentry/cli install: fetching sentry-cli-Linux-x86_64 33%
.../node_modules/@sentry/cli install: fetching sentry-cli-Linux-x86_64 34%
.../node_modules/@sentry/cli install: fetching sentry-cli-Linux-x86_64 35%
.../node_modules/@sentry/cli install: fetching sentry-cli-Linux-x86_64 36%
.../node_modules/@sentry/cli install: fetching sentry-cli-Linux-x86_64 37%
.../node_modules/@sentry/cli install: fetching sentry-cli-Linux-x86_64 38%
.../node_modules/@sentry/cli install: fetching sentry-cli-Linux-x86_64 39%
.../node_modules/bigint-buffer install: gyp info it worked if it ends with ok
.../node_modules/bigint-buffer install: gyp info using node-gyp@10.0.1
.../node_modules/bigint-buffer install: gyp info using node@21.6.2 | linux | x64
.../node_modules/@sentry/cli install: fetching sentry-cli-Linux-x86_64 40%
.../node_modules/@sentry/cli install: fetching sentry-cli-Linux-x86_64 41%
.../node_modules/@sentry/cli install: fetching sentry-cli-Linux-x86_64 42%
.../node_modules/@sentry/cli install: fetching sentry-cli-Linux-x86_64 43%
.../node_modules/@sentry/cli install: fetching sentry-cli-Linux-x86_64 44%
.../node_modules/@sentry/cli install: fetching sentry-cli-Linux-x86_64 45%
.../node_modules/@sentry/cli install: fetching sentry-cli-Linux-x86_64 46%
.../node_modules/@sentry/cli install: fetching sentry-cli-Linux-x86_64 47%
.../node_modules/@sentry/cli install: fetching sentry-cli-Linux-x86_64 48%
.../node_modules/@sentry/cli install: fetching sentry-cli-Linux-x86_64 49%
.../node_modules/@sentry/cli install: fetching sentry-cli-Linux-x86_64 50%
.../node_modules/@sentry/cli install: fetching sentry-cli-Linux-x86_64 51%
.../node_modules/postinstall-postinstall postinstall$ node ./run.js
.../node_modules/bigint-buffer install: gyp info find Python using Python version 3.11.2 found at "/usr/bin/python3"
.../node_modules/@sentry/cli install: fetching sentry-cli-Linux-x86_64 52%
.../node_modules/@sentry/cli install: fetching sentry-cli-Linux-x86_64 53%
.../node_modules/@sentry/cli install: fetching sentry-cli-Linux-x86_64 54%
.../node_modules/@sentry/cli install: fetching sentry-cli-Linux-x86_64 55%
.../node_modules/@sentry/cli install: fetching sentry-cli-Linux-x86_64 56%
.../node_modules/@sentry/cli install: fetching sentry-cli-Linux-x86_64 57%
.../node_modules/@sentry/cli install: fetching sentry-cli-Linux-x86_64 58%
.../node_modules/@sentry/cli install: fetching sentry-cli-Linux-x86_64 59%
.../node_modules/@sentry/cli install: fetching sentry-cli-Linux-x86_64 60%
.../node_modules/@sentry/cli install: fetching sentry-cli-Linux-x86_64 61%
.../node_modules/@sentry/cli install: fetching sentry-cli-Linux-x86_64 62%
.../node_modules/@sentry/cli install: fetching sentry-cli-Linux-x86_64 63%
.../node_modules/@sentry/cli install: fetching sentry-cli-Linux-x86_64 64%
.../node_modules/@sentry/cli install: fetching sentry-cli-Linux-x86_64 65%
.../node_modules/@sentry/cli install: fetching sentry-cli-Linux-x86_64 66%
.../node_modules/@sentry/cli install: fetching sentry-cli-Linux-x86_64 67%
.../node_modules/@sentry/cli install: fetching sentry-cli-Linux-x86_64 68%
.../node_modules/@sentry/cli install: fetching sentry-cli-Linux-x86_64 69%
.../node_modules/@sentry/cli install: fetching sentry-cli-Linux-x86_64 70%
.../node_modules/postinstall-postinstall postinstall: Done
.../node_modules/@sentry/cli install: fetching sentry-cli-Linux-x86_64 71%
.../node_modules/@sentry/cli install: fetching sentry-cli-Linux-x86_64 72%
.../node_modules/@sentry/cli install: fetching sentry-cli-Linux-x86_64 73%
.../node_modules/@prisma/engines postinstall$ node scripts/postinstall.js
.../node_modules/bigint-buffer install: gyp http GET https://nodejs.org/download/release/v21.6.2/node-v21.6.2-headers.tar.gz
.../node_modules/@sentry/cli install: fetching sentry-cli-Linux-x86_64 74%
.../node_modules/@sentry/cli install: fetching sentry-cli-Linux-x86_64 75%
.../node_modules/@sentry/cli install: fetching sentry-cli-Linux-x86_64 76%
.../node_modules/@sentry/cli install: fetching sentry-cli-Linux-x86_64 77%
.../node_modules/@sentry/cli install: fetching sentry-cli-Linux-x86_64 78%
.../node_modules/@sentry/cli install: fetching sentry-cli-Linux-x86_64 79%
.../node_modules/@sentry/cli install: fetching sentry-cli-Linux-x86_64 80%
.../node_modules/@sentry/cli install: fetching sentry-cli-Linux-x86_64 81%
.../node_modules/@sentry/cli install: fetching sentry-cli-Linux-x86_64 82%
.../node_modules/@sentry/cli install: fetching sentry-cli-Linux-x86_64 83%
.../node_modules/@sentry/cli install: fetching sentry-cli-Linux-x86_64 84%
.../node_modules/@sentry/cli install: fetching sentry-cli-Linux-x86_64 85%
.../node_modules/bigint-buffer install: gyp http 403 https://nodejs.org/download/release/v21.6.2/node-v21.6.2-headers.tar.gz
.../node_modules/bigint-buffer install: gyp WARN install got an error, rolling back install
.../node_modules/bigint-buffer install: gyp ERR! configure error 
.../node_modules/bigint-buffer install: gyp ERR! stack Error: 403 response downloading https://nodejs.org/download/release/v21.6.2/node-v21.6.2-headers.tar.gz
.../node_modules/bigint-buffer install: gyp ERR! stack at go (/usr/local/lib/node_modules/npm/node_modules/node-gyp/lib/install.js:223:21)
.../node_modules/bigint-buffer install: gyp ERR! stack at process.processTicksAndRejections (node:internal/process/task_queues:95:5)
.../node_modules/bigint-buffer install: gyp ERR! stack at async install (/usr/local/lib/node_modules/npm/node_modules/node-gyp/lib/install.js:63:18)
.../node_modules/bigint-buffer install: gyp ERR! stack at async getNodeDir (/usr/local/lib/node_modules/npm/node_modules/node-gyp/lib/configure.js:53:7)
.../node_modules/bigint-buffer install: gyp ERR! stack at async run (/usr/local/lib/node_modules/npm/node_modules/node-gyp/bin/node-gyp.js:81:18)
.../node_modules/bigint-buffer install: gyp ERR! System Linux 6.4.16-linuxkit
.../node_modules/bigint-buffer install: gyp ERR! command "/usr/local/bin/node" "/usr/local/lib/node_modules/npm/node_modules/node-gyp/bin/node-gyp.js" "rebuild"
.../node_modules/bigint-buffer install: gyp ERR! cwd /tmp/twcr-eaa3fe1cc7ff/node_modules/.pnpm/bigint-buffer@1.1.5/node_modules/bigint-buffer
.../node_modules/bigint-buffer install: gyp ERR! node -v v21.6.2
.../node_modules/bigint-buffer install: gyp ERR! node-gyp -v v10.0.1
.../node_modules/bigint-buffer install: gyp ERR! not ok 
.../node_modules/@sentry/cli install: fetching sentry-cli-Linux-x86_64 86%
.../node_modules/bigint-buffer install: npm notice 
.../node_modules/bigint-buffer install: npm notice New minor version of npm available! 10.2.4 -> 10.5.0
.../node_modules/bigint-buffer install: npm notice Changelog: <https://github.com/npm/cli/releases/tag/v10.5.0>
.../node_modules/bigint-buffer install: npm notice Run `npm install -g npm@10.5.0` to update!
.../node_modules/bigint-buffer install: npm notice 
.../node_modules/@sentry/cli install: fetching sentry-cli-Linux-x86_64 87%
.../node_modules/bigint-buffer install: Couldn't build bindings. Non-native version used.
.../node_modules/bigint-buffer install: Done
.../node_modules/@sentry/cli install: fetching sentry-cli-Linux-x86_64 88%
.../node_modules/@sentry/cli install: fetching sentry-cli-Linux-x86_64 89%
.../node_modules/web3-bzz postinstall$ echo "WARNING: the web3-bzz api will be deprecated in the next version"
.../node_modules/@sentry/cli install: fetching sentry-cli-Linux-x86_64 90%
.../node_modules/@sentry/cli install: fetching sentry-cli-Linux-x86_64 91%
.../node_modules/@sentry/cli install: fetching sentry-cli-Linux-x86_64 92%
.../node_modules/@sentry/cli install: fetching sentry-cli-Linux-x86_64 93%
.../node_modules/web3-bzz postinstall: WARNING: the web3-bzz api will be deprecated in the next version
.../node_modules/web3-bzz postinstall: Done
.../node_modules/@sentry/cli install: fetching sentry-cli-Linux-x86_64 94%
.../node_modules/@sentry/cli install: fetching sentry-cli-Linux-x86_64 95%
.../node_modules/web3-shh postinstall$ echo "WARNING: the web3-shh api will be deprecated in the next version"
.../node_modules/@sentry/cli install: fetching sentry-cli-Linux-x86_64 96%
.../node_modules/@sentry/cli install: fetching sentry-cli-Linux-x86_64 97%
.../node_modules/@sentry/cli install: fetching sentry-cli-Linux-x86_64 98%
.../node_modules/web3-shh postinstall: WARNING: the web3-shh api will be deprecated in the next version
.../node_modules/web3-shh postinstall: Done
.../node_modules/@prisma/engines postinstall: (node:349) [DEP0040] DeprecationWarning: The `punycode` module is deprecated. Please use a userland alternative instead.
.../node_modules/@prisma/engines postinstall: (Use `node --trace-deprecation ...` to show where the warning was created)
.../node_modules/@sentry/cli install: fetching sentry-cli-Linux-x86_64 99%
.../node_modules/@sentry/cli install: fetching sentry-cli-Linux-x86_64 100%
.../node_modules/@sentry/cli install: [sentry-cli] Checksum validation passed.
.../node_modules/@sentry/cli install: Done
.../node_modules/@prisma/engines postinstall: Done
.../node_modules/unix-dgram install$ node-gyp rebuild
.../esbuild@0.18.20/node_modules/esbuild postinstall$ node install.js
.../esbuild@0.14.47/node_modules/esbuild postinstall$ node install.js
.../esbuild@0.17.19/node_modules/esbuild postinstall$ node install.js
.../node_modules/cpu-features install$ node buildcheck.js > buildcheck.gypi && node-gyp rebuild
.../esbuild@0.18.20/node_modules/esbuild postinstall: Done
.../node_modules/unix-dgram install: gyp info it worked if it ends with ok
.../node_modules/unix-dgram install: gyp info using node-gyp@9.4.1
.../node_modules/unix-dgram install: gyp info using node@21.6.2 | linux | x64
.../esbuild@0.14.47/node_modules/esbuild postinstall: Done
.../esbuild@0.17.19/node_modules/esbuild postinstall: Done
.../.pnpm/web3@1.10.4/node_modules/web3 postinstall$ echo "Web3.js 4.x alpha has been released for early testing and feedback. Checkout doc at https://docs.web3js.org/ "
.../node_modules/unix-dgram install: gyp info find Python using Python version 3.11.2 found at "/usr/bin/python3"
.../.pnpm/web3@1.10.4/node_modules/web3 postinstall: Web3.js 4.x alpha has been released for early testing and feedback. Checkout doc at https://docs.web3js.org/ 
.../.pnpm/web3@1.10.4/node_modules/web3 postinstall: Done
.../prisma@5.6.0/node_modules/prisma preinstall$ node scripts/preinstall-entry.js
.../prisma@5.6.0/node_modules/prisma preinstall: Done
.../node_modules/unix-dgram install: gyp http GET https://nodejs.org/download/release/v21.6.2/node-v21.6.2-headers.tar.gz
.../node_modules/cpu-features install: gyp info it worked if it ends with ok
.../node_modules/cpu-features install: gyp info using node-gyp@9.4.1
.../node_modules/cpu-features install: gyp info using node@21.6.2 | linux | x64
.../node_modules/unix-dgram install: gyp http 200 https://nodejs.org/download/release/v21.6.2/node-v21.6.2-headers.tar.gz
.../node_modules/cpu-features install: gyp info find Python using Python version 3.11.2 found at "/usr/bin/python3"
.../node_modules/cpu-features install: gyp http GET https://nodejs.org/download/release/v21.6.2/node-v21.6.2-headers.tar.gz
.../node_modules/cpu-features install: gyp http 200 https://nodejs.org/download/release/v21.6.2/node-v21.6.2-headers.tar.gz
.../node_modules/unix-dgram install: gyp http GET https://nodejs.org/download/release/v21.6.2/SHASUMS256.txt
.../node_modules/unix-dgram install: gyp http 200 https://nodejs.org/download/release/v21.6.2/SHASUMS256.txt
.../node_modules/unix-dgram install: gyp info spawn /usr/bin/python3
.../node_modules/unix-dgram install: gyp info spawn args [
.../node_modules/unix-dgram install: gyp info spawn args   '/usr/local/lib/node_modules/pnpm/dist/node_modules/node-gyp/gyp/gyp_main.py',
.../node_modules/unix-dgram install: gyp info spawn args   'binding.gyp',
.../node_modules/unix-dgram install: gyp info spawn args   '-f',
.../node_modules/unix-dgram install: gyp info spawn args   'make',
.../node_modules/unix-dgram install: gyp info spawn args   '-I',
.../node_modules/unix-dgram install: gyp info spawn args   '/tmp/twcr-eaa3fe1cc7ff/node_modules/.pnpm/unix-dgram@2.0.6/node_modules/unix-dgram/build/config.gypi',
.../node_modules/unix-dgram install: gyp info spawn args   '-I',
.../node_modules/unix-dgram install: gyp info spawn args   '/usr/local/lib/node_modules/pnpm/dist/node_modules/node-gyp/addon.gypi',
.../node_modules/unix-dgram install: gyp info spawn args   '-I',
.../node_modules/unix-dgram install: gyp info spawn args   '/home/node/.cache/node-gyp/21.6.2/include/node/common.gypi',
.../node_modules/unix-dgram install: gyp info spawn args   '-Dlibrary=shared_library',
.../node_modules/unix-dgram install: gyp info spawn args   '-Dvisibility=default',
.../node_modules/unix-dgram install: gyp info spawn args   '-Dnode_root_dir=/home/node/.cache/node-gyp/21.6.2',
.../node_modules/unix-dgram install: gyp info spawn args   '-Dnode_gyp_dir=/usr/local/lib/node_modules/pnpm/dist/node_modules/node-gyp',
.../node_modules/unix-dgram install: gyp info spawn args   '-Dnode_lib_file=/home/node/.cache/node-gyp/21.6.2/<(target_arch)/node.lib',
.../node_modules/unix-dgram install: gyp info spawn args   '-Dmodule_root_dir=/tmp/twcr-eaa3fe1cc7ff/node_modules/.pnpm/unix-dgram@2.0.6/node_modules/unix-dgram',
.../node_modules/unix-dgram install: gyp info spawn args   '-Dnode_engine=v8',
.../node_modules/unix-dgram install: gyp info spawn args   '--depth=.',
.../node_modules/unix-dgram install: gyp info spawn args   '--no-parallel',
.../node_modules/unix-dgram install: gyp info spawn args   '--generator-output',
.../node_modules/unix-dgram install: gyp info spawn args   'build',
.../node_modules/unix-dgram install: gyp info spawn args   '-Goutput_dir=.'
.../node_modules/unix-dgram install: gyp info spawn args ]
.../node_modules/cpu-features install: gyp http GET https://nodejs.org/download/release/v21.6.2/SHASUMS256.txt
.../node_modules/unix-dgram install: gyp info spawn make
.../node_modules/unix-dgram install: gyp info spawn args [ 'BUILDTYPE=Release', '-C', 'build' ]
.../node_modules/unix-dgram install: make: Entering directory '/tmp/twcr-eaa3fe1cc7ff/node_modules/.pnpm/unix-dgram@2.0.6/node_modules/unix-dgram/build'
.../node_modules/unix-dgram install:   CXX(target) Release/obj.target/unix_dgram/src/unix_dgram.o
.../node_modules/cpu-features install: gyp http 200 https://nodejs.org/download/release/v21.6.2/SHASUMS256.txt
.../node_modules/cpu-features install: gyp info spawn /usr/bin/python3
.../node_modules/cpu-features install: gyp info spawn args [
.../node_modules/cpu-features install: gyp info spawn args   '/usr/local/lib/node_modules/pnpm/dist/node_modules/node-gyp/gyp/gyp_main.py',
.../node_modules/cpu-features install: gyp info spawn args   'binding.gyp',
.../node_modules/cpu-features install: gyp info spawn args   '-f',
.../node_modules/cpu-features install: gyp info spawn args   'make',
.../node_modules/cpu-features install: gyp info spawn args   '-I',
.../node_modules/cpu-features install: gyp info spawn args   '/tmp/twcr-eaa3fe1cc7ff/node_modules/.pnpm/cpu-features@0.0.9/node_modules/cpu-features/build/config.gypi',
.../node_modules/cpu-features install: gyp info spawn args   '-I',
.../node_modules/cpu-features install: gyp info spawn args   '/usr/local/lib/node_modules/pnpm/dist/node_modules/node-gyp/addon.gypi',
.../node_modules/cpu-features install: gyp info spawn args   '-I',
.../node_modules/cpu-features install: gyp info spawn args   '/home/node/.cache/node-gyp/21.6.2/include/node/common.gypi',
.../node_modules/cpu-features install: gyp info spawn args   '-Dlibrary=shared_library',
.../node_modules/cpu-features install: gyp info spawn args   '-Dvisibility=default',
.../node_modules/cpu-features install: gyp info spawn args   '-Dnode_root_dir=/home/node/.cache/node-gyp/21.6.2',
.../node_modules/cpu-features install: gyp info spawn args   '-Dnode_gyp_dir=/usr/local/lib/node_modules/pnpm/dist/node_modules/node-gyp',
.../node_modules/cpu-features install: gyp info spawn args   '-Dnode_lib_file=/home/node/.cache/node-gyp/21.6.2/<(target_arch)/node.lib',
.../node_modules/cpu-features install: gyp info spawn args   '-Dmodule_root_dir=/tmp/twcr-eaa3fe1cc7ff/node_modules/.pnpm/cpu-features@0.0.9/node_modules/cpu-features',
.../node_modules/cpu-features install: gyp info spawn args   '-Dnode_engine=v8',
.../node_modules/cpu-features install: gyp info spawn args   '--depth=.',
.../node_modules/cpu-features install: gyp info spawn args   '--no-parallel',
.../node_modules/cpu-features install: gyp info spawn args   '--generator-output',
.../node_modules/cpu-features install: gyp info spawn args   'build',
.../node_modules/cpu-features install: gyp info spawn args   '-Goutput_dir=.'
.../node_modules/cpu-features install: gyp info spawn args ]
.../node_modules/cpu-features install: gyp info spawn make
.../node_modules/cpu-features install: gyp info spawn args [ 'BUILDTYPE=Release', '-C', 'build' ]
.../node_modules/cpu-features install: make: Entering directory '/tmp/twcr-eaa3fe1cc7ff/node_modules/.pnpm/cpu-features@0.0.9/node_modules/cpu-features/build'
.../node_modules/cpu-features install:   CC(target) Release/obj.target/cpu_features/deps/cpu_features/src/impl_aarch64_linux_or_android.o
.../node_modules/cpu-features install:   CC(target) Release/obj.target/cpu_features/deps/cpu_features/src/impl_aarch64_macos_or_iphone.o
.../node_modules/cpu-features install:   CC(target) Release/obj.target/cpu_features/deps/cpu_features/src/impl_arm_linux_or_android.o
.../node_modules/cpu-features install:   CC(target) Release/obj.target/cpu_features/deps/cpu_features/src/impl_mips_linux_or_android.o
.../node_modules/cpu-features install:   CC(target) Release/obj.target/cpu_features/deps/cpu_features/src/impl_ppc_linux.o
.../node_modules/cpu-features install:   CC(target) Release/obj.target/cpu_features/deps/cpu_features/src/impl_x86_freebsd.o
.../node_modules/cpu-features install:   CC(target) Release/obj.target/cpu_features/deps/cpu_features/src/impl_x86_linux_or_android.o
.../node_modules/cpu-features install:   CC(target) Release/obj.target/cpu_features/deps/cpu_features/src/impl_x86_macos.o
.../node_modules/cpu-features install:   CC(target) Release/obj.target/cpu_features/deps/cpu_features/src/impl_x86_windows.o
.../node_modules/cpu-features install:   CC(target) Release/obj.target/cpu_features/deps/cpu_features/src/filesystem.o
.../node_modules/cpu-features install:   CC(target) Release/obj.target/cpu_features/deps/cpu_features/src/stack_line_reader.o
.../node_modules/cpu-features install:   CC(target) Release/obj.target/cpu_features/deps/cpu_features/src/string_view.o
.../node_modules/cpu-features install: rm -f Release/obj.target/deps/cpu_features/cpu_features.a Release/obj.target/deps/cpu_features/cpu_features.a.ar-file-list; mkdir -p `dirname Release/obj.target/deps/cpu_features/cpu_features.a`
.../node_modules/cpu-features install: ar crs Release/obj.target/deps/cpu_features/cpu_features.a @Release/obj.target/deps/cpu_features/cpu_features.a.ar-file-list
.../node_modules/cpu-features install:   COPY Release/cpu_features.a
.../node_modules/cpu-features install:   CXX(target) Release/obj.target/cpufeatures/src/binding.o
.../node_modules/unix-dgram install: In file included from ../../../../nan@2.18.0/node_modules/nan/nan.h:62,
.../node_modules/unix-dgram install:                  from ../src/unix_dgram.cc:5:
.../node_modules/unix-dgram install: /home/node/.cache/node-gyp/21.6.2/include/node/node.h:1202:7: warning: cast between incompatible function types from 'void (*)(v8::Local<v8::Object>)' to 'node::addon_register_func' {aka 'void (*)(v8::Local<v8::Object>, v8::Local<v8::Value>, void*)'} [-Wcast-function-type]
.../node_modules/unix-dgram install:  1202 |       (node::addon_register_func) (regfunc),                          \
.../node_modules/unix-dgram install:       |       ^~~~~~~~~~~~~~~~~~~~~~~~~~~~~~~~~~~~~
.../node_modules/unix-dgram install: /home/node/.cache/node-gyp/21.6.2/include/node/node.h:1236:3: note: in expansion of macro 'NODE_MODULE_X'
.../node_modules/unix-dgram install:  1236 |   NODE_MODULE_X(modname, regfunc, NULL, 0)  // NOLINT (readability/null_usage)
.../node_modules/unix-dgram install:       |   ^~~~~~~~~~~~~
.../node_modules/unix-dgram install: ../src/unix_dgram.cc:404:1: note: in expansion of macro 'NODE_MODULE'
.../node_modules/unix-dgram install:   404 | NODE_MODULE(unix_dgram, Initialize)
.../node_modules/unix-dgram install:       | ^~~~~~~~~~~
.../node_modules/unix-dgram install:   SOLINK_MODULE(target) Release/obj.target/unix_dgram.node
.../node_modules/unix-dgram install:   COPY Release/unix_dgram.node
.../node_modules/unix-dgram install: make: Leaving directory '/tmp/twcr-eaa3fe1cc7ff/node_modules/.pnpm/unix-dgram@2.0.6/node_modules/unix-dgram/build'
.../node_modules/unix-dgram install: gyp info ok 
.../node_modules/unix-dgram install: Done
.../node_modules/cpu-features install: In file included from ../src/binding.cc:1:
.../node_modules/cpu-features install: /home/node/.cache/node-gyp/21.6.2/include/node/node.h:1202:7: warning: cast between incompatible function types from 'void (*)(Nan::ADDON_REGISTER_FUNCTION_ARGS_TYPE)' {aka 'void (*)(v8::Local<v8::Object>)'} to 'node::addon_register_func' {aka 'void (*)(v8::Local<v8::Object>, v8::Local<v8::Value>, void*)'} [-Wcast-function-type]
.../node_modules/cpu-features install:  1202 |       (node::addon_register_func) (regfunc),                          \
.../node_modules/cpu-features install:       |       ^~~~~~~~~~~~~~~~~~~~~~~~~~~~~~~~~~~~~
.../node_modules/cpu-features install: /home/node/.cache/node-gyp/21.6.2/include/node/node.h:1236:3: note: in expansion of macro 'NODE_MODULE_X'
.../node_modules/cpu-features install:  1236 |   NODE_MODULE_X(modname, regfunc, NULL, 0)  // NOLINT (readability/null_usage)
.../node_modules/cpu-features install:       |   ^~~~~~~~~~~~~
.../node_modules/cpu-features install: ../src/binding.cc:151:1: note: in expansion of macro 'NODE_MODULE'
.../node_modules/cpu-features install:   151 | NODE_MODULE(cpufeatures, init)
.../node_modules/cpu-features install:       | ^~~~~~~~~~~
.../node_modules/cpu-features install:   SOLINK_MODULE(target) Release/obj.target/cpufeatures.node
.../node_modules/cpu-features install:   COPY Release/cpufeatures.node
.../node_modules/cpu-features install: make: Leaving directory '/tmp/twcr-eaa3fe1cc7ff/node_modules/.pnpm/cpu-features@0.0.9/node_modules/cpu-features/build'
.../node_modules/cpu-features install: gyp info ok 
.../node_modules/cpu-features install: Done
.../.pnpm/ssh2@1.15.0/node_modules/ssh2 install$ node install.js
.../node_modules/@prisma/client postinstall$ node scripts/postinstall.js
.../.pnpm/ssh2@1.15.0/node_modules/ssh2 install: gyp info it worked if it ends with ok
.../.pnpm/ssh2@1.15.0/node_modules/ssh2 install: gyp info using node-gyp@9.4.1
.../.pnpm/ssh2@1.15.0/node_modules/ssh2 install: gyp info using node@21.6.2 | linux | x64
.../.pnpm/ssh2@1.15.0/node_modules/ssh2 install: gyp info find Python using Python version 3.11.2 found at "/usr/bin/python3"
.../.pnpm/ssh2@1.15.0/node_modules/ssh2 install: gyp info spawn /usr/bin/python3
.../.pnpm/ssh2@1.15.0/node_modules/ssh2 install: gyp info spawn args [
.../.pnpm/ssh2@1.15.0/node_modules/ssh2 install: gyp info spawn args   '/usr/local/lib/node_modules/pnpm/dist/node_modules/node-gyp/gyp/gyp_main.py',
.../.pnpm/ssh2@1.15.0/node_modules/ssh2 install: gyp info spawn args   'binding.gyp',
.../.pnpm/ssh2@1.15.0/node_modules/ssh2 install: gyp info spawn args   '-f',
.../.pnpm/ssh2@1.15.0/node_modules/ssh2 install: gyp info spawn args   'make',
.../.pnpm/ssh2@1.15.0/node_modules/ssh2 install: gyp info spawn args   '-I',
.../.pnpm/ssh2@1.15.0/node_modules/ssh2 install: gyp info spawn args   '/tmp/twcr-eaa3fe1cc7ff/node_modules/.pnpm/ssh2@1.15.0/node_modules/ssh2/lib/protocol/crypto/build/config.gypi',
.../.pnpm/ssh2@1.15.0/node_modules/ssh2 install: gyp info spawn args   '-I',
.../.pnpm/ssh2@1.15.0/node_modules/ssh2 install: gyp info spawn args   '/usr/local/lib/node_modules/pnpm/dist/node_modules/node-gyp/addon.gypi',
.../.pnpm/ssh2@1.15.0/node_modules/ssh2 install: gyp info spawn args   '-I',
.../.pnpm/ssh2@1.15.0/node_modules/ssh2 install: gyp info spawn args   '/home/node/.cache/node-gyp/21.6.2/include/node/common.gypi',
.../.pnpm/ssh2@1.15.0/node_modules/ssh2 install: gyp info spawn args   '-Dlibrary=shared_library',
.../.pnpm/ssh2@1.15.0/node_modules/ssh2 install: gyp info spawn args   '-Dvisibility=default',
.../.pnpm/ssh2@1.15.0/node_modules/ssh2 install: gyp info spawn args   '-Dnode_root_dir=/home/node/.cache/node-gyp/21.6.2',
.../.pnpm/ssh2@1.15.0/node_modules/ssh2 install: gyp info spawn args   '-Dnode_gyp_dir=/usr/local/lib/node_modules/pnpm/dist/node_modules/node-gyp',
.../.pnpm/ssh2@1.15.0/node_modules/ssh2 install: gyp info spawn args   '-Dnode_lib_file=/home/node/.cache/node-gyp/21.6.2/<(target_arch)/node.lib',
.../.pnpm/ssh2@1.15.0/node_modules/ssh2 install: gyp info spawn args   '-Dmodule_root_dir=/tmp/twcr-eaa3fe1cc7ff/node_modules/.pnpm/ssh2@1.15.0/node_modules/ssh2/lib/protocol/crypto',
.../.pnpm/ssh2@1.15.0/node_modules/ssh2 install: gyp info spawn args   '-Dnode_engine=v8',
.../.pnpm/ssh2@1.15.0/node_modules/ssh2 install: gyp info spawn args   '--depth=.',
.../.pnpm/ssh2@1.15.0/node_modules/ssh2 install: gyp info spawn args   '--no-parallel',
.../.pnpm/ssh2@1.15.0/node_modules/ssh2 install: gyp info spawn args   '--generator-output',
.../.pnpm/ssh2@1.15.0/node_modules/ssh2 install: gyp info spawn args   'build',
.../.pnpm/ssh2@1.15.0/node_modules/ssh2 install: gyp info spawn args   '-Goutput_dir=.'
.../.pnpm/ssh2@1.15.0/node_modules/ssh2 install: gyp info spawn args ]
.../.pnpm/ssh2@1.15.0/node_modules/ssh2 install: gyp info spawn make
.../.pnpm/ssh2@1.15.0/node_modules/ssh2 install: gyp info spawn args [ 'BUILDTYPE=Release', '-C', 'build' ]
.../.pnpm/ssh2@1.15.0/node_modules/ssh2 install: make: Entering directory '/tmp/twcr-eaa3fe1cc7ff/node_modules/.pnpm/ssh2@1.15.0/node_modules/ssh2/lib/protocol/crypto/build'
.../.pnpm/ssh2@1.15.0/node_modules/ssh2 install:   CXX(target) Release/obj.target/sshcrypto/src/binding.o
.../node_modules/@prisma/client postinstall: prisma:warn We could not find your Prisma schema at `prisma/schema.prisma`.
.../node_modules/@prisma/client postinstall: If you have a Prisma schema file in a custom path, you will need to run
.../node_modules/@prisma/client postinstall: `prisma generate --schema=./path/to/your/schema.prisma` to generate Prisma Client.
.../node_modules/@prisma/client postinstall: If you do not have a Prisma schema file yet, you can ignore this message.
.../node_modules/@prisma/client postinstall: Done
.../.pnpm/ssh2@1.15.0/node_modules/ssh2 install:   SOLINK_MODULE(target) Release/obj.target/sshcrypto.node
.../.pnpm/ssh2@1.15.0/node_modules/ssh2 install:   COPY Release/sshcrypto.node
.../.pnpm/ssh2@1.15.0/node_modules/ssh2 install: make: Leaving directory '/tmp/twcr-eaa3fe1cc7ff/node_modules/.pnpm/ssh2@1.15.0/node_modules/ssh2/lib/protocol/crypto/build'
.../.pnpm/ssh2@1.15.0/node_modules/ssh2 install: gyp info ok 
.../.pnpm/ssh2@1.15.0/node_modules/ssh2 install: Succeeded in building optional crypto binding
.../.pnpm/ssh2@1.15.0/node_modules/ssh2 install: Done
.../sharp@0.32.6/node_modules/sharp install$ (node install/libvips && node install/dll-copy && prebuild-install) || (node install/can-compile && node-gyp rebuild && node install/dll-copy)
.../sharp@0.32.6/node_modules/sharp install: sharp: Downloading https://github.com/lovell/sharp-libvips/releases/download/v8.14.5/libvips-8.14.5-linux-x64.tar.br
.../sharp@0.32.6/node_modules/sharp install: sharp: Via proxy http://172.18.0.2:3128 with credentials
.../sharp@0.32.6/node_modules/sharp install: sharp: Integrity check passed for linux-x64
.../sharp@0.32.6/node_modules/sharp install: Done
.../.pnpm/web3@1.2.11/node_modules/web3 postinstall$ node angular-patch.js
.../.pnpm/web3@1.2.11/node_modules/web3 postinstall: Done

dependencies:
+ @sushiswap/tailwindcss-config 0.0.0 <- ../../config/tailwindcss

devDependencies:
+ tailwindcss 3.3.2 (3.4.1 is available)

 WARN  Issues with peer dependencies found
apis/router
└─┬ artillery 2.0.5
  └─┬ artillery-plugin-publish-metrics 2.11.0
    ├─┬ @opentelemetry/exporter-metrics-otlp-grpc 0.41.2
    │ ├─┬ @opentelemetry/core 1.15.2
    │ │ └── ✕ unmet peer @opentelemetry/api@">=1.0.0 <1.5.0": found 1.8.0
    │ └─┬ @opentelemetry/exporter-metrics-otlp-http 0.41.2
    │   └─┬ @opentelemetry/otlp-transformer 0.41.2
    │     ├── ✕ unmet peer @opentelemetry/api@">=1.3.0 <1.5.0": found 1.8.0
    │     ├─┬ @opentelemetry/resources 1.15.2
    │     │ └── ✕ unmet peer @opentelemetry/api@">=1.0.0 <1.5.0": found 1.8.0
    │     ├─┬ @opentelemetry/sdk-logs 0.41.2
    │     │ └── ✕ unmet peer @opentelemetry/api@">=1.4.0 <1.5.0": found 1.8.0
    │     ├─┬ @opentelemetry/sdk-metrics 1.15.2
    │     │ └── ✕ unmet peer @opentelemetry/api@">=1.3.0 <1.5.0": found 1.8.0
    │     └─┬ @opentelemetry/sdk-trace-base 1.15.2
    │       └── ✕ unmet peer @opentelemetry/api@">=1.0.0 <1.5.0": found 1.8.0
    └─┬ @opentelemetry/exporter-trace-otlp-grpc 0.43.0
      ├─┬ @opentelemetry/core 1.17.0
      │ └── ✕ unmet peer @opentelemetry/api@">=1.0.0 <1.7.0": found 1.8.0
      └─┬ @opentelemetry/otlp-transformer 0.43.0
        ├── ✕ unmet peer @opentelemetry/api@">=1.3.0 <1.7.0": found 1.8.0
        ├─┬ @opentelemetry/resources 1.17.0
        │ └── ✕ unmet peer @opentelemetry/api@">=1.0.0 <1.7.0": found 1.8.0
        ├─┬ @opentelemetry/sdk-logs 0.43.0
        │ └── ✕ unmet peer @opentelemetry/api@">=1.4.0 <1.7.0": found 1.8.0
        ├─┬ @opentelemetry/sdk-metrics 1.17.0
        │ └── ✕ unmet peer @opentelemetry/api@">=1.3.0 <1.7.0": found 1.8.0
        └─┬ @opentelemetry/sdk-trace-base 1.17.0
          └── ✕ unmet peer @opentelemetry/api@">=1.0.0 <1.7.0": found 1.8.0

apis/tokens
└─┬ @wagmi/core 1.4.13
  └─┬ @wagmi/connectors 3.1.11
    └─┬ @walletconnect/ethereum-provider 2.11.0
      └─┬ @walletconnect/sign-client 2.11.0
        └─┬ @walletconnect/core 2.11.0
          └─┬ @walletconnect/keyvaluestorage 1.1.1
            └─┬ unstorage 1.10.1
              └── ✕ unmet peer @upstash/redis@^1.23.4: found 1.22.1

apps/academy
└─┬ @graphql-mesh/cli 0.82.3
  └─┬ @graphql-mesh/http 0.3.3
    └─┬ @whatwg-node/server 0.4.17
      └── ✕ unmet peer @types/node@^18.0.6: found 20.11.24

apps/evm
└─┬ @wagmi/core 1.4.13
  └─┬ @wagmi/connectors 3.1.11
    └─┬ @walletconnect/ethereum-provider 2.11.0
      └─┬ @walletconnect/sign-client 2.11.0
        └─┬ @walletconnect/core 2.11.0
          └─┬ @walletconnect/keyvaluestorage 1.1.1
            └─┬ unstorage 1.10.1
              └── ✕ unmet peer @upstash/redis@^1.23.4: found 1.22.1

config/hardhat
└─┬ @nomiclabs/hardhat-waffle 2.0.3
  └── ✕ unmet peer @nomiclabs/hardhat-ethers@^2.0.0: found 0.3.0-beta.13

packages/graph-client
├─┬ @graphprotocol/client-cli 3.0.0
│ └─┬ @graphql-mesh/cli 0.82.35
│   └─┬ @graphql-mesh/http 0.93.2
│     └─┬ fets 0.1.5
│       └─┬ zod-to-json-schema 3.22.4
│         └── ✕ unmet peer zod@^3.22.4: found 3.21.4
├─┬ @graphql-mesh/transform-filter-schema 0.96.6
│ ├── ✕ unmet peer @graphql-mesh/types@^0.96.6: found 0.93.2 in @graphql-mesh/cli
│ └── ✕ unmet peer @graphql-mesh/utils@^0.96.6: found 0.93.2 in @graphql-mesh/cli
├─┬ @graphql-mesh/transform-prefix 0.96.6
│ ├── ✕ unmet peer @graphql-mesh/types@^0.96.6: found 0.93.2 in @graphql-mesh/cli
│ └── ✕ unmet peer @graphql-mesh/utils@^0.96.6: found 0.93.2 in @graphql-mesh/cli
├─┬ @graphql-mesh/transform-prune 0.96.6
│ └── ✕ unmet peer @graphql-mesh/types@^0.96.6: found 0.93.2 in @graphql-mesh/cli
├─┬ @graphql-mesh/transform-rename 0.96.7
│ ├── ✕ unmet peer @graphql-mesh/types@^0.96.6: found 0.93.2 in @graphql-mesh/cli
│ └── ✕ unmet peer @graphql-mesh/utils@^0.96.6: found 0.93.2 in @graphql-mesh/cli
└─┬ @graphql-mesh/transform-type-merging 0.96.6
  ├── ✕ unmet peer @graphql-mesh/types@^0.96.6: found 0.93.2 in @graphql-mesh/cli
  └── ✕ unmet peer @graphql-mesh/utils@^0.96.6: found 0.93.2 in @graphql-mesh/cli

packages/ui
└─┬ react-konva 16.8.6
  ├── ✕ unmet peer react@16.8.x: found 18.2.0
  ├── ✕ unmet peer react-dom@16.8.x: found 18.2.0
  ├── ✕ unmet peer konva@^3.2.3: found 9.3.5
  └─┬ react-reconciler 0.20.4
    └── ✕ unmet peer react@^16.0.0: found 18.2.0

protocols/route-processor
└─┬ @nomiclabs/hardhat-waffle 2.0.3
  └── ✕ unmet peer @nomiclabs/hardhat-ethers@^2.0.0: found 0.3.0-beta.13

protocols/tines-sandbox
└─┬ @nomiclabs/hardhat-waffle 2.0.3
  └── ✕ unmet peer @nomiclabs/hardhat-ethers@^2.0.0: found 0.3.0-beta.13

Done in 5m 1.9s
+ pnpm ls --json
+ jq -cr '
        .[]
        | [.dependencies, .devDependencies, .optionalDependencies]
        | map(select(.))[]
        | to_entries
        | map({ name: .key, version: .value.version })
        | sort_by(.name)[]
      '
+ exitcode=0
+ set -e
+ [[ 0 != \0 ]]
++ jq -sr 'map(select(.name == "tailwindcss")) | first | .version'
+ tailwind_package_version=3.3.2
+ tailwind_config_exporter=tailwind.config.exporter2.cjs
+ '[' -f node_modules/tailwindcss/lib/lib/load-config.js ']'
+ tailwind_config_exporter=tailwind.config.exporter3.mjs
+ cp /twcr/worker/../worker/tailwind.config.exporter3.mjs ./
+ set +e
+ node ./tailwind.config.exporter3.mjs tailwind.config.js
+ exitcode=0
+ set -e
+ [[ 0 != \0 ]]
+ echo 'module.exports={plugins:['
+ jq -rs '
        map(select(.name | startswith("@tailwindcss/")))
        | map("require(" + ( .name | tojson ) + "),")[]
      '
+ grep -Ev '"@tailwindcss/postcss7-compat"'
+ true
+ echo ']}'
+ cat tailwind.config.js
+ sed 's/^/>>> /'
>>> module.exports={plugins:[
>>> ]}
+ node ./tailwind.config.exporter3.mjs tailwind.config.js
++ date -u +%Y-%m-%dT%H:%M:%SZ
+ writetaskstat timestamp_attempt_squash_end 2024-03-04T22:38:14Z
+ jq -nc --arg key timestamp_attempt_squash_end --arg value 2024-03-04T22:38:14Z '{ key: $key, value: $value }'
+ break
++ date -u +%Y-%m-%dT%H:%M:%SZ
+ writetaskstat timestamp_end 2024-03-04T22:38:14Z
+ jq -nc --arg key timestamp_end --arg value 2024-03-04T22:38:14Z '{ key: $key, value: $value }'
+ rm /twcr/mnt/results/extract-failed
+ touch /twcr/mnt/results/extract-completed
