==== RUN-DOCKER
+++ dirname -- ./worker/run.sh
++ cd -- ./worker
++ pwd
+ twcrdir=/twcr/worker/..
+ repo=github.com/crisanlucid/vite-react-tailwind-bionic-reading
+ reporef=main
+ repopath=./
+ '[' true == true ']'
+ grep -q '^././'
++ echo github.com/crisanlucid/vite-react-tailwind-bionic-reading
++ sha256sum
++ awk '{ print $1 }'
++ cut -c1-12
+ procdir=/tmp/twcr-10e4f4cd5eb4
++ echo 'github.com/crisanlucid/vite-react-tailwind-bionic-reading;main;./'
++ sha256sum
++ awk '{ print $1 }'
++ cut -c1-12
+ datadir=/twcr/worker/../mnt/dataset/data/f1c373b01c48
+ '[' '!' -z /twcr/mnt/results ']'
+ datadir=/twcr/mnt/results
+ touch /twcr/mnt/results/extract-failed
++ base64
++ tr -d =
++ tr /+ _-
++ base64
++ tr -d =
++ tr /+ _-
+ writetaskstat analysis_key github.com/crisanlucid/vite-react-tailwind-bionic-reading/bWFpbgo/Li8K
+ jq -nc --arg key analysis_key --arg value github.com/crisanlucid/vite-react-tailwind-bionic-reading/bWFpbgo/Li8K '{ key: $key, value: $value }'
++ date -u +%Y%m%d%H%M%S
++ sha256sum
++ awk '{ print $1 }'
++ cut -c1-16
++ head -c 32 /dev/urandom
+ writetaskstat analysis_nonce 64ebdb249e1bc64e
+ jq -nc --arg key analysis_nonce --arg value 64ebdb249e1bc64e '{ key: $key, value: $value }'
+ writetaskstat input_repo_name github.com/crisanlucid/vite-react-tailwind-bionic-reading
+ jq -nc --arg key input_repo_name --arg value github.com/crisanlucid/vite-react-tailwind-bionic-reading '{ key: $key, value: $value }'
+ writetaskstat input_repo_ref main
+ jq -nc --arg key input_repo_ref --arg value main '{ key: $key, value: $value }'
+ writetaskstat input_repo_path ./
+ jq -nc --arg key input_repo_path --arg value ./ '{ key: $key, value: $value }'
++ date -u +%Y-%m-%dT%H:%M:%SZ
+ writetaskstat timestamp_begin 2024-03-05T00:58:40Z
+ jq -nc --arg key timestamp_begin --arg value 2024-03-05T00:58:40Z '{ key: $key, value: $value }'
+ mkdir -p /tmp/twcr-10e4f4cd5eb4
/tmp/twcr-10e4f4cd5eb4 /twcr
+ pushd /tmp/twcr-10e4f4cd5eb4
+ '[' -d .git ']'
+ git clone --depth=1 -b main https://github.com/crisanlucid/vite-react-tailwind-bionic-reading.git .
Cloning into '.'...
++ date -u +%Y-%m-%dT%H:%M:%SZ
+ writetaskstat timestamp_git_clone_complete 2024-03-05T00:58:41Z
+ jq -nc --arg key timestamp_git_clone_complete --arg value 2024-03-05T00:58:41Z '{ key: $key, value: $value }'
++ git rev-parse HEAD
+ writetaskstat exec_repo_commit_sha 633db8bd02656e0e7150b8aca81de21ec7f13748
+ jq -nc --arg key exec_repo_commit_sha --arg value 633db8bd02656e0e7150b8aca81de21ec7f13748 '{ key: $key, value: $value }'
+++ git show --no-patch --format=%ci
++ date -u --date '2024-02-07 22:14:49 +0100' +%Y-%m-%dT%H:%M:%SZ
+ writetaskstat exec_repo_commit_date 2024-02-07T21:14:49Z
+ jq -nc --arg key exec_repo_commit_date --arg value 2024-02-07T21:14:49Z '{ key: $key, value: $value }'
+ '[' -z ./ ']'
+ pushd ./
+ tailwind_config_file_name=
+ '[' -f tailwind.config.js ']'
+ tailwind_config_file_name=tailwind.config.js
+ writetaskstat exec_tailwind_config_file tailwind.config.js
+ jq -nc --arg key exec_tailwind_config_file --arg value tailwind.config.js '{ key: $key, value: $value }'
/tmp/twcr-10e4f4cd5eb4 /tmp/twcr-10e4f4cd5eb4 /twcr
+ cp tailwind.config.js /twcr/mnt/results/extract-raw-tailwind-config.js
+ '[' '!' -f package.json ']'
+ cp package.json /twcr/mnt/results/extract-raw-package.json
++ /twcr/worker/../worker/pm-detect.sh /tmp/twcr-10e4f4cd5eb4
+ package_manager_name=yarn
+ '[' -z yarn ']'
+ '[' -z yarn ']'
+ writetaskstat exec_node_package_manager yarn
+ jq -nc --arg key exec_node_package_manager --arg value yarn '{ key: $key, value: $value }'
+ attempt_mode=squash
+ true
++ date -u +%Y-%m-%dT%H:%M:%SZ
+ writetaskstat timestamp_attempt_squash_begin 2024-03-05T00:58:41Z
+ jq -nc --arg key timestamp_attempt_squash_begin --arg value 2024-03-05T00:58:41Z '{ key: $key, value: $value }'
+ [[ squash == \s\q\u\a\s\h ]]
+ set +e
+ node /twcr/worker/../worker/squash-package.mjs tailwind.config.js
+ exitcode=0
+ set -e
+ [[ 0 != \0 ]]
+ cat package.json
+ sed 's/^/>>> /'
>>> {
>>>   "name": "vite-react-tailwind-bionic-reading",
>>>   "private": true,
>>>   "version": "0.1.0",
>>>   "dependencies": {},
>>>   "devDependencies": {
>>>     "tailwindcss": "^3.0.24"
>>>   }
>>> }+ rm -f package-lock.json pnpm-lock.yaml yarn.lock
+ '[' ./ '!=' ./ ']'
+ set +e
+ /twcr/worker/../worker/pm-install.sh yarn /tmp/twcr-10e4f4cd5eb4 /twcr/mnt/results
+ package_manager_name=yarn
+ procdir=/tmp/twcr-10e4f4cd5eb4
+ datadir=/twcr/mnt/results
+ case "${package_manager_name}" in
+ '[' -z http://tid_1779d6cc2385:ok@172.18.0.2:3128 ']'
+ yarn config set httpProxy http://tid_1779d6cc2385:ok@172.18.0.2:3128
yarn config v1.22.19
success Set "httpProxy" to "http://tid_1779d6cc2385:ok@172.18.0.2:3128".
Done in 0.04s.
+ '[' -z http://tid_1779d6cc2385:ok@172.18.0.2:3128 ']'
+ yarn config set httpsProxy http://tid_1779d6cc2385:ok@172.18.0.2:3128
yarn config v1.22.19
success Set "httpsProxy" to "http://tid_1779d6cc2385:ok@172.18.0.2:3128".
Done in 0.04s.
+ yarn install
yarn install v1.22.19
info No lockfile found.
[1/4] Resolving packages...
(node:132) [DEP0040] DeprecationWarning: The `punycode` module is deprecated. Please use a userland alternative instead.
(Use `node --trace-deprecation ...` to show where the warning was created)
[2/4] Fetching packages...
[3/4] Linking dependencies...
[4/4] Building fresh packages...
success Saved lockfile.
Done in 6.00s.
+ yarn list --depth=0 --json --non-interactive --no-progress
+ jq -cr '
        [.. | .name?]
        | map(select(.))
        | map(capture("^(?<name>@?[^@]+)@(?<version>.+)$"))
        | sort_by(.name)[]'
+ exitcode=0
+ set -e
+ [[ 0 != \0 ]]
++ jq -sr 'map(select(.name == "tailwindcss")) | first | .version'
+ tailwind_package_version=3.4.1
+ tailwind_config_exporter=tailwind.config.exporter2.cjs
+ '[' -f node_modules/tailwindcss/lib/lib/load-config.js ']'
+ tailwind_config_exporter=tailwind.config.exporter3.mjs
+ cp /twcr/worker/../worker/tailwind.config.exporter3.mjs ./
+ set +e
+ node ./tailwind.config.exporter3.mjs tailwind.config.js

warn - As of Tailwind CSS v2.2, `lightBlue` has been renamed to `sky`.
warn - Update your configuration file to silence this warning.

warn - As of Tailwind CSS v3.0, `warmGray` has been renamed to `stone`.
warn - Update your configuration file to silence this warning.

warn - As of Tailwind CSS v3.0, `trueGray` has been renamed to `neutral`.
warn - Update your configuration file to silence this warning.

warn - As of Tailwind CSS v3.0, `coolGray` has been renamed to `gray`.
warn - Update your configuration file to silence this warning.

warn - As of Tailwind CSS v3.0, `blueGray` has been renamed to `slate`.
warn - Update your configuration file to silence this warning.
+ exitcode=0
+ set -e
+ [[ 0 != \0 ]]
+ echo 'module.exports={plugins:['
+ jq -rs '
        map(select(.name | startswith("@tailwindcss/")))
        | map("require(" + ( .name | tojson ) + "),")[]
      '
+ grep -Ev '"@tailwindcss/postcss7-compat"'
+ true
+ echo ']}'
+ cat tailwind.config.js
+ sed 's/^/>>> /'
>>> module.exports={plugins:[
>>> ]}
+ node ./tailwind.config.exporter3.mjs tailwind.config.js
++ date -u +%Y-%m-%dT%H:%M:%SZ
+ writetaskstat timestamp_attempt_squash_end 2024-03-05T00:58:48Z
+ jq -nc --arg key timestamp_attempt_squash_end --arg value 2024-03-05T00:58:48Z '{ key: $key, value: $value }'
+ break
++ date -u +%Y-%m-%dT%H:%M:%SZ
+ writetaskstat timestamp_end 2024-03-05T00:58:48Z
+ jq -nc --arg key timestamp_end --arg value 2024-03-05T00:58:48Z '{ key: $key, value: $value }'
+ rm /twcr/mnt/results/extract-failed
+ touch /twcr/mnt/results/extract-completed
